<testsuites tests="18" failures="0" time="6.246" errors="0" name="test"><testsuite timestamp="2013-08-20T11:17:52.572Z" hostname="localhost" tests="2" errors="0" failures="0" skipped="0" id="d3923e1" name="theDescriptionElement" package="http://www.daisy.org/ns/xprocspec" time="0.702">
<properties><property name="input: source" value="&lt;declare-step xmlns=&#34;http://www.w3.org/ns/xproc&#34; ...&gt;...&lt;/declare-step&gt; (Base URI: file:/home/jostein/xprocspec/src/test/xprocspec/test.xprocspec)"/>

<property name="option: temp-dir" value="file:/tmp/xprocspec-20130820131746654/"/>

</properties>
<testcase name="thereShouldBe3Tests" classname="xprocspec" assertions="1" time="0" status="SUCCESS"><system-out>there should be 3 tests: SUCCESS</system-out>
<system-err/></testcase><testcase name="oneOfTheTestsShouldBePending" classname="xprocspec" assertions="1" time="0" status="SUCCESS"><system-out>one of the tests should be pending: SUCCESS</system-out>
<system-err/></testcase></testsuite><testsuite timestamp="2013-08-20T11:17:52.588Z" hostname="localhost" tests="1" errors="0" failures="0" skipped="1" id="d3935e1" name="theImportElementTwoImports" time="0.001">
<properties>


</properties>
<testcase name="pendingScenario-theImportElementTwoImports" classname="pendingScenario" assertions="1" time="0"><skipped type="xprocspec.skip" message="Not implemented">Not implemented</skipped><system-out>the import element - two imports: SKIPPED</system-out></testcase></testsuite><testsuite timestamp="2013-08-20T11:17:52.603Z" hostname="localhost" tests="1" errors="0" failures="0" skipped="1" id="d3938e1" name="theImportElementOneImportWithOneImport" time="0.001">
<properties>


</properties>
<testcase name="pendingScenario-theImportElementOneImportWithOneImport" classname="pendingScenario" assertions="1" time="0"><skipped type="xprocspec.skip" message="Not implemented">Not implemented</skipped><system-out>the import element - one import with one import: SKIPPED</system-out></testcase></testsuite><testsuite timestamp="2013-08-20T11:17:52.618Z" hostname="localhost" tests="1" errors="0" failures="0" skipped="1" id="d3941e1" name="theImportElementCircularImports" time="0.001">
<properties>


</properties>
<testcase name="pendingScenario-theImportElementCircularImports" classname="pendingScenario" assertions="1" time="0"><skipped type="xprocspec.skip" message="Not implemented">Not implemented</skipped><system-out>the import element - circular imports: SKIPPED</system-out></testcase></testsuite><testsuite timestamp="2013-08-20T11:17:52.633Z" hostname="localhost" tests="1" errors="0" failures="0" skipped="1" id="d3944e1" name="theScenarioElementWithPendingAttribute" time="0.001">
<properties>


</properties>
<testcase name="pendingScenario-theScenarioElementWithPendingAttribute" classname="pendingScenario" assertions="1" time="0"><skipped type="xprocspec.skip" message="Not implemented">Not implemented</skipped><system-out>the scenario element - with pending attribute: SKIPPED</system-out></testcase></testsuite><testsuite timestamp="2013-08-20T11:17:52.647Z" hostname="localhost" tests="1" errors="0" failures="0" skipped="1" id="d3947e1" name="theScenarioElementWithTwoChildScenariosOneOfWhichHasAnotherChildScenario" time="0.002">
<properties>


</properties>
<testcase name="pendingScenario-theScenarioElementWithTwoChildScenariosOneOfWhichHasAnotherChildScenario" classname="pendingScenario" assertions="1" time="0"><skipped type="xprocspec.skip" message="Not implemented">Not implemented</skipped><system-out>the scenario element - with two child scenarios, one of which has another child scenario: SKIPPED</system-out></testcase></testsuite><testsuite timestamp="2013-08-20T11:17:52.663Z" hostname="localhost" tests="1" errors="0" failures="0" skipped="1" id="d3950e1" name="theCallElementInheritFromCallElementsInAncestorScenarios" time="0.001">
<properties>


</properties>
<testcase name="pendingScenario-theCallElementInheritFromCallElementsInAncestorScenarios" classname="pendingScenario" assertions="1" time="0"><skipped type="xprocspec.skip" message="Not implemented">Not implemented</skipped><system-out>the call element - inherit from call elements in ancestor scenarios: SKIPPED</system-out></testcase></testsuite><testsuite timestamp="2013-08-20T11:17:52.678Z" hostname="localhost" tests="1" errors="0" failures="0" skipped="1" id="d3953e1" name="theCallElementStepAttributePointingToStepDeclaredInXProcLibrary" time="0.001">
<properties>


</properties>
<testcase name="pendingScenario-theCallElementStepAttributePointingToStepDeclaredInXProcLibrary" classname="pendingScenario" assertions="1" time="0"><skipped type="xprocspec.skip" message="Not implemented">Not implemented</skipped><system-out>the call element - step attribute pointing to step declared in XProc library: SKIPPED</system-out></testcase></testsuite><testsuite timestamp="2013-08-20T11:17:52.694Z" hostname="localhost" tests="1" errors="0" failures="0" skipped="1" id="d3956e1" name="theCallElementTwoDifferentScenariosTestingDifferentSteps" time="0.001">
<properties>


</properties>
<testcase name="pendingScenario-theCallElementTwoDifferentScenariosTestingDifferentSteps" classname="pendingScenario" assertions="1" time="0"><skipped type="xprocspec.skip" message="Not implemented">Not implemented</skipped><system-out>the call element - two different scenarios testing different steps: SKIPPED</system-out></testcase></testsuite><testsuite timestamp="2013-08-20T11:17:52.709Z" hostname="localhost" tests="1" errors="0" failures="0" skipped="1" id="d3959e1" name="theInputElementEmptySequence" time="0.001">
<properties>


</properties>
<testcase name="pendingScenario-theInputElementEmptySequence" classname="pendingScenario" assertions="1" time="0"><skipped type="xprocspec.skip" message="Not implemented">Not implemented</skipped><system-out>the input element - empty sequence: SKIPPED</system-out></testcase></testsuite><testsuite timestamp="2013-08-20T11:17:52.724Z" hostname="localhost" tests="1" errors="0" failures="0" skipped="1" id="d3962e1" name="theInputElementSequenceOfTwoDocuments" time="0.001">
<properties>


</properties>
<testcase name="pendingScenario-theInputElementSequenceOfTwoDocuments" classname="pendingScenario" assertions="1" time="0"><skipped type="xprocspec.skip" message="Not implemented">Not implemented</skipped><system-out>the input element - sequence of two documents: SKIPPED</system-out></testcase></testsuite><testsuite timestamp="2013-08-20T11:17:52.741Z" hostname="localhost" tests="1" errors="0" failures="0" skipped="1" id="d3965e1" name="theOptionElement" time="0.001">
<properties>


</properties>
<testcase name="pendingScenario-theOptionElement" classname="pendingScenario" assertions="1" time="0"><skipped type="xprocspec.skip" message="Not implemented">Not implemented</skipped><system-out>the option element: SKIPPED</system-out></testcase></testsuite><testsuite timestamp="2013-08-20T11:17:52.756Z" hostname="localhost" tests="1" errors="0" failures="0" skipped="1" id="d3976e1" name="theParamElement" time="0.002">
<properties>


</properties>
<testcase name="pendingScenario-theParamElement" classname="pendingScenario" assertions="1" time="0"><skipped type="xprocspec.skip" message="Not implemented">Not implemented</skipped><system-out>the param element: SKIPPED</system-out></testcase></testsuite><testsuite timestamp="2013-08-20T11:17:52.769Z" hostname="localhost" tests="1" errors="0" failures="0" skipped="1" id="d3989e1" name="theContextElement" time="0.001">
<properties>


</properties>
<testcase name="pendingScenario-theContextElement" classname="pendingScenario" assertions="1" time="0"><skipped type="xprocspec.skip" message="Not implemented">Not implemented</skipped><system-out>the context element: SKIPPED</system-out></testcase></testsuite><testsuite timestamp="2013-08-20T11:17:52.782Z" hostname="localhost" tests="1" errors="0" failures="0" skipped="1" id="d3992e1" name="theExpectElement" time="0.001">
<properties>


</properties>
<testcase name="pendingScenario-theExpectElement" classname="pendingScenario" assertions="1" time="0"><skipped type="xprocspec.skip" message="Not implemented">Not implemented</skipped><system-out>the expect element: SKIPPED</system-out></testcase></testsuite><testsuite timestamp="2013-08-20T11:17:52.794Z" hostname="localhost" tests="1" errors="0" failures="0" skipped="1" id="d3995e1" name="theDocumentElement" time="0.001">
<properties>


</properties>
<testcase name="pendingScenario-theDocumentElement" classname="pendingScenario" assertions="1" time="0"><skipped type="xprocspec.skip" message="Not implemented">Not implemented</skipped><system-out>the document element: SKIPPED</system-out></testcase></testsuite><testsuite timestamp="2013-08-20T11:17:52.809Z" hostname="localhost" tests="1" errors="0" failures="0" skipped="1" id="d3998e1" name="thePendingElement" time="0.001">
<properties>


</properties>
<testcase name="pendingScenario-thePendingElement" classname="pendingScenario" assertions="1" time="0"><skipped type="xprocspec.skip" message="Not implemented">Not implemented</skipped><system-out>the pending element: SKIPPED</system-out></testcase></testsuite></testsuites>