<x:test-report xmlns:x="http://www.daisy.org/ns/xprocspec"><x:description xmlns:cx="http://xmlcalabash.com/ns/extensions" xmlns:c="http://www.w3.org/ns/xproc-step" xml:base="file:/home/jostein/xprocspec/src/test/xprocspec/test.xprocspec" test-base-uri="file:/home/jostein/xprocspec/src/test/xprocspec/test.xprocspec" script="file:/home/jostein/xprocspec/src/main/resources/content/xml/xproc/xprocspec.xpl" test-grammar="xprocspec" temp-dir="file:/tmp/xprocspec-20130905160023007/"><x:step-declaration><p:declare-step xmlns:p="http://www.w3.org/ns/xproc" xmlns:px="http://www.daisy.org/ns/xprocspec" xmlns:pxi="http://www.daisy.org/ns/xprocspec/xproc-internal/" xmlns:pkg="http://expath.org/ns/pkg" type="px:xprocspec" name="main" version="1.0" xpath-version="2.0" pkg:import-uri="http://www.daisy.org/ns/xprocspec/xprocspec.xpl" x:type="{http://www.daisy.org/ns/xprocspec}xprocspec"><p:input port="source" kind="document" sequence="false" primary="true"/><p:output port="result" kind="document" sequence="false" primary="false"><p:pipe port="result" step="report"/></p:output><p:output port="html" kind="document" sequence="false" primary="false"><p:pipe port="html" step="report"/></p:output><p:output port="junit" kind="document" sequence="false" primary="false"><p:pipe port="junit" step="report"/></p:output><p:option name="temp-dir" select="'file:/tmp/'"/></p:declare-step></x:step-declaration><x:scenario end-time="2013-09-05T14:00:25.13Z" label="the description element" start-time="2013-09-05T14:00:24.388Z"><x:call x:type="{http://www.daisy.org/ns/xprocspec}xprocspec" step="x:xprocspec"><x:option select="$temp-dir" name="temp-dir" value="file:/tmp/xprocspec-20130905160023007/"/><x:input port="source">
                <x:document xml:base="file:/home/jostein/xprocspec/src/test/xprocspec/test.xprocspec" xml:space="preserve" type="inline"><?xml-model href="http://www.daisy.org/ns/xprocspec/xprocspec.rng" type="application/xml" schematypens="http://relaxng.org/ns/structure/1.0"?><x:description xmlns:e="http://example.net/ns" script="../steps/identity.xpl">

    <x:scenario label="identity">
        <x:call step="e:identity">
            <x:option name="option" select="'option-value'"/>
            <x:option name="option.required" select="'option.required-value'"/>
        </x:call>
        <x:context label="the results">
            <x:document type="port" port="options"/>
        </x:context>
        <x:expect type="xpath" label="the option 'option' should have the value 'option-value'" test="/*/*[@name='option']/@value='option-value'"/>
        <x:expect type="xpath" label="the option 'option.required' should have the value 'option-value'" test="/*/*[@name='option.required']/@value='option.required-value'"/>
    </x:scenario>

    <x:scenario label="pending scenario" pending=""/>

</x:description></x:document>
            </x:input></x:call>
                                                <x:context label="errors" id="errors">
                                                    
                                                </x:context>
                                            
                                                <x:expect type="count" label="the step should execute successfully without throwing any errors" max="0" contextref="errors"/>
                                            <x:context label="the junit output port" id="context0">
            <x:document xml:base="file:/home/jostein/xprocspec/src/main/resources/content/xml/xproc/report/report.xpl" xml:space="preserve" type="inline"><testsuites tests="4" failures="0" time="0.622" errors="0" name="description1"><testsuite timestamp="2013-09-05T14:00:25.026Z" hostname="localhost" tests="3" errors="0" failures="0" skipped="0" id="d4222e1" name="identity" package="http://example.net/ns" time="0.009">
<properties>

<property name="option: option" value="option-value"/>
<property name="option: option.required" value="option.required-value"/>

</properties>
<testcase name="theStepShouldExecuteSuccessfullyWithoutThrowingAnyErrors" classname="identity" assertions="1" time="0" status="SUCCESS"><system-out>the step should execute successfully without throwing any errors: SUCCESS</system-out>
<system-err/></testcase><testcase name="theOptionOptionShouldHaveTheValueOptionvalue" classname="identity" assertions="1" time="0" status="SUCCESS"><system-out>the option 'option' should have the value 'option-value': SUCCESS</system-out>
<system-err/></testcase><testcase name="theOptionOptionRequiredShouldHaveTheValueOptionvalue" classname="identity" assertions="1" time="0" status="SUCCESS"><system-out>the option 'option.required' should have the value 'option-value': SUCCESS</system-out>
<system-err/></testcase></testsuite><testsuite timestamp="2013-09-05T14:00:25.035Z" hostname="localhost" tests="1" errors="0" failures="0" skipped="1" id="d4232e1" name="pendingScenario" time="0.001">
<properties>


</properties>
<testcase name="pendingScenario-pendingScenario" classname="pendingScenario" assertions="1" time="0"><skipped type="xprocspec.skip" message="Not implemented">Not implemented</skipped><system-out>pending scenario: SKIPPED</system-out></testcase></testsuite></testsuites></x:document>
        </x:context><x:expect label="there should be at least one test, and none of the tests should fail" type="xpath" test="not(/*/@tests='0') and /*/@failures='0' and /*/@errors='0'" contextref="context0"/><x:expect label="one of the tests should be pending" type="xpath" test="sum(/*/testsuite/number(@skipped))=1" contextref="context0"/></x:scenario><x:output port="result"><x:document xml:base="file:/home/jostein/xprocspec/src/main/resources/content/xml/xproc/report/report.xpl" xml:space="preserve" type="inline"><x:test-report><x:description xml:base="file:/home/jostein/xprocspec/src/test/xprocspec/tests/description-1.xprocspec" test-base-uri="file:/home/jostein/xprocspec/src/test/xprocspec/tests/description-1.xprocspec" script="file:/home/jostein/xprocspec/src/test/xprocspec/steps/identity.xpl" test-grammar="xprocspec" temp-dir="file:/tmp/xprocspec-20130905160023007/xprocspec-20130905160024552/"><x:step-declaration><p:declare-step xmlns:p="http://www.w3.org/ns/xproc" xmlns:ex="http://example.net/ns" name="main" type="ex:identity" version="1.0" x:type="{http://example.net/ns}identity"><p:input port="source.document.primary" kind="document" primary="true" sequence="false"><p:inline>
            <source.document.primary.default/>
        </p:inline></p:input><p:input port="source.document.secondary.sequence" kind="document" sequence="true" primary="false"><p:inline>
            <source.document.secondary.sequence/>
        </p:inline></p:input><p:input select="/*/*" port="source.document.secondary.select-children" kind="document" sequence="true" primary="false"><p:inline>
            <default>
                <default/>
                <default/>
            </default>
        </p:inline></p:input><p:input port="source.parameter.primary.sequence" primary="true" kind="parameter" sequence="true"/><p:output port="result.document.primary" kind="document" primary="true" sequence="false"><p:pipe port="source.document.primary" step="main"/></p:output><p:output port="result.document.secondary.sequence" kind="document" sequence="true" primary="false"><p:pipe port="source.document.secondary.sequence" step="main"/></p:output><p:output port="result.document.secondary.select-children" kind="document" sequence="true" primary="false"><p:pipe port="source.document.secondary.select-children" step="main"/></p:output><p:output port="result.parameter.primary" kind="document" sequence="false" primary="false"><p:pipe port="result" step="parameters"/></p:output><p:output port="options" kind="document" sequence="false" primary="false"><p:pipe port="result" step="options"/></p:output><p:option name="option"/><p:option name="option.required" required="true"/><p:option name="option.default" select="'default'"/></p:declare-step></x:step-declaration><x:scenario xmlns:e="http://example.net/ns" end-time="2013-09-05T14:00:24.723Z" label="identity" start-time="2013-09-05T14:00:24.714Z"><x:call x:type="{http://example.net/ns}identity" step="e:identity"><x:option select="'option-value'" name="option" value=""/><x:option select="'option.required-value'" name="option.required" value=""/></x:call>
                                                <x:context label="errors" id="errors">
                                                    
                                                </x:context>
                                            
                                                <x:expect type="count" label="the step should execute successfully without throwing any errors" max="0" contextref="errors"/>
                                            <x:context label="the results" id="context0">
            <x:document xml:base="file:/home/jostein/xprocspec/src/test/xprocspec/steps/identity.xpl" xml:space="preserve" type="inline">
                <c:options xmlns:ex="http://example.net/ns">
                    <c:option name="option" value="option-value"/>
                    <c:option name="option.required" value="option.required-value"/>
                    <c:option name="option.default" value="default"/>
                </c:options>
            </x:document>
        </x:context><x:expect type="xpath" label="the option 'option' should have the value 'option-value'" test="/*/*[@name='option']/@value='option-value'" contextref="context0"/><x:expect type="xpath" label="the option 'option.required' should have the value 'option-value'" test="/*/*[@name='option.required']/@value='option.required-value'" contextref="context0"/></x:scenario><x:output port="result.document.primary"><x:document xml:base="file:/home/jostein/xprocspec/src/test/xprocspec/tests/description-1.xprocspec" xml:space="preserve" type="inline">
            <source.document.primary.default xmlns:ex="http://example.net/ns"/>
        </x:document></x:output><x:output port="result.document.secondary.sequence"><x:document xml:base="file:/home/jostein/xprocspec/src/test/xprocspec/steps/identity.xpl" xml:space="preserve" type="inline">
            <source.document.secondary.sequence xmlns:ex="http://example.net/ns"/>
        </x:document></x:output><x:output port="result.document.secondary.select-children"><x:document xml:base="file:/home/jostein/xprocspec/src/test/xprocspec/steps/identity.xpl" xml:space="preserve" type="inline"><default xmlns:ex="http://example.net/ns"/></x:document><x:document xml:base="file:/home/jostein/xprocspec/src/test/xprocspec/steps/identity.xpl" xml:space="preserve" type="inline"><default xmlns:ex="http://example.net/ns"/></x:document></x:output><x:output port="result.parameter.primary"><x:document xml:base="file:/home/jostein/xprocspec/src/test/xprocspec/steps/identity.xpl" xml:space="preserve" type="inline"><c:param-set/></x:document></x:output><x:output port="options"><x:document xml:base="file:/home/jostein/xprocspec/src/test/xprocspec/steps/identity.xpl" xml:space="preserve" type="inline">
                <c:options xmlns:ex="http://example.net/ns">
                    <c:option name="option" value="option-value"/>
                    <c:option name="option.required" value="option.required-value"/>
                    <c:option name="option.default" value="default"/>
                </c:options>
            </x:document></x:output><x:test-result contextref="errors" result="passed" max="0" label="the step should execute successfully without throwing any errors" type="count">
                                                        <x:expected>At most 0 documents.</x:expected>
                                                    <x:was>0</x:was></x:test-result><x:test-result contextref="context0" result="passed" test="/*/*[@name='option']/@value='option-value'" label="the option 'option' should have the value 'option-value'" type="xpath"><x:expected xml:space="preserve">XPath: true()
Value: true</x:expected><x:was xml:space="preserve">XPath: /*/*[@name='option']/@value='option-value'
Value: true</x:was></x:test-result><x:test-result contextref="context0" result="passed" test="/*/*[@name='option.required']/@value='option.required-value'" label="the option 'option.required' should have the value 'option-value'" type="xpath"><x:expected xml:space="preserve">XPath: true()
Value: true</x:expected><x:was xml:space="preserve">XPath: /*/*[@name='option.required']/@value='option.required-value'
Value: true</x:was></x:test-result></x:description><x:description xml:base="file:/home/jostein/xprocspec/src/test/xprocspec/tests/description-1.xprocspec" test-base-uri="file:/home/jostein/xprocspec/src/test/xprocspec/tests/description-1.xprocspec" script="file:/home/jostein/xprocspec/src/test/xprocspec/steps/identity.xpl" test-grammar="xprocspec" temp-dir="file:/tmp/xprocspec-20130905160023007/xprocspec-20130905160024552/"><x:scenario xmlns:e="http://example.net/ns" end-time="2013-09-05T14:00:24.782Z" pending="Not implemented" label="pending scenario" start-time="2013-09-05T14:00:24.781Z"/></x:description></x:test-report></x:document></x:output><x:output port="html"><x:document xml:base="file:/home/jostein/xprocspec/src/main/resources/content/xml/xproc/report/report-template.xhtml" xml:space="preserve" type="inline"><html xmlns="http://www.w3.org/1999/xhtml"><head><title>Test Report for file:/home/jostein/xprocspec/src/test/xprocspec/tests/description-1.xprocspec (passed:3 / pending:1 / failed:0 / errors:0 / total:4)</title>
        <meta charset="utf-8"/>
        <style type="text/css" xml:space="preserve">/**/
/****************************************************************************/
/*  File:       test-report.css                                             */
/*  Author:     Jeni Tennsion                                               */
/*  URI:        http://xspec.googlecode.com/                                */
/*  Tags:                                                                   */
/*    Copyright (c) 2008, 2010 Jeni Tennsion (see end of file.)             */
/* ------------------------------------------------------------------------ */


/* test */

/* box model */

body {
	margin-right: 1em;
	/*margin-left: 10%;*/
	}

h1 {
	padding: 0.3em 0.5em 0.3em 0.5em;
	position: relative;
	}

h2 {
	padding: 0.1em 0.5em 0.2em 0.5em;
	}

h3 {
	padding-left: 0.6em;
	}

h4 {
	padding-left: 0.8em;
	}

p, table {
	/*margin-left: 5%;*/
	}

dd ul, dd ol {
	margin-left: 0%;
	}

li ul, li ol {
	/*margin-left: 5%;*/
	}

dl, ul, ol, blockquote {
	/*margin-left: 10%;*/
	}

dt {
  padding-top: 3px;
  padding-bottom: 3px;
	clear: both;
	}

dd p {
	/*margin-left: -5px;*/
	margin-top: 5px;
	clear: both;
	}

p.link {
	margin-top: 4px;
	margin-bottom: 0px;
	clear: both;
	}

tr td, td p, li, li p {
	margin-left: 0%;
	}

td:nth-child(2) {
	padding-left: 5%;
	}

.link img, dt img {
	vertical-align: middle;
	position: relative;
	top: -5px;
	}

img {
	position: relative;
	}

#xml-link {
	position: absolute;
	left: 5px;
	top: 5px;
	width: 10%;
	margin-left: 0%;
	}

#link-up {
	position: absolute;
	left: 93%;
	right: 2em;
	top: 0.3em;
	}

#link-top {
	position: absolute;
	left: 89%;
	right: 4em;
	top: 0.3em;
	}
	
.popup {
	display: block;
	visibility: hidden;
	float: right;
	position: absolute;
	top: 5px;
	left: -200px;
	z-index: 1;
	padding: 0.3em;
	width: 220px;
	}

.note {
	position: relative;
	}

.post {
	/*margin-left: 5%;*/
	padding-top: 1em;
	}
	
.example, .sidebar {
  /*margin-left: 5%;*/
  margin-top: 1em;
  margin-bottom: 1em;
  }

/*pre {
	padding-left: 5%;
	margin-left: 5%;
	}*/

/*dd pre, li pre {
	padding-left: 5%;
	}*/

/* fonts */
/* Oxygen  */
body, table {
    font-family:arial, helvetica, sans-serif;
    font-size:12px;
}
/* Oxygen  */

/*body {
	font-family: Verdana, arial, sans-serif;
	font-size: small;
	}*/	

/*h1, h2, h3, h4, h5, h6 {
	font-family: 'trebuchet MS', arial, sans-serif;
	}*/

h1 {
	font-size: 173%;
	font-weight: bold;
	}

h2 {
	font-size: 144%;
	font-weight: normal;
	}

h3 {
	font-size: 120%;
	font-weight: normal;
	}

h4 {
  font-size: 100%;
  font-weight: bold;
}

dt {
	font-weight: bold;
	}

a:link, a:visited, a:active, a:hover {
	font-weight: bold;
	}

a.offsite:link, a.offsite:visited, a.offsite:active, a.offsite:hover {
	font-weight: normal;
	}

/* suppress the normal italics */
address {
	font-style: normal;
	}

div.example, .sidebar {
  font-family: Verdana, arial, sans-serif;
  font-size: 100%;
  }


.note, .link {
	font-family: Verdana, arial, sans-serif;
	/*font-size: 83%;*/
	}

/*.example, .string, .rtf, .code, pre, code {
	font-family: "Lucida Console", "Courier New", monospace;*/
  /*font-size: 83%;*/
/*	}*/

.boolean {
	font-style: italic;
	}

#colophon, #xml-link {
	font-size: 69%;
	}

.question, .title {
	font-weight: bold;
	}

/* colours */
body {
	background-color: white;
	color: black;
	border: 0px none black;
	}

/* this is to make Navigator fill the entire line */
h1, h2 {
	border: 1px solid white;
	width: auto;
	}

h1 {
	/*background: #606;*/
	/*color: #6F6;*/
	}

h2 {
	color: #606;
	/*background: #CFC;*/
	}

hr {
	color: #606;
	background: white;
	}

img, a:link img, a:visited img, a:hover img, a:active img, #link-up img, #link-top img {
	border: 0px none white;
	background: transparent;
	}

/* OXYGEN */
a, a:visited {
    color:rgb(0, 0, 150);
    background-color:inherit;
    font-weight: bold;
}
a:link, a:visited {
    text-decoration:none; 
}
a:hover {
    text-decoration:underline;
}

/* OXYGEN */

a.img:hover, a.img:active {
	background: transparent;
	}

#colophon, #xml-link, .note {
	color: #666;
	}

#colophon a:link, #colophon a:visited, #colophon a:hover,
#xml-link a:link, #xml-link a:visited, #xml-link a:hover,
.note a:link, .note a:visited, .note a:hover {
	color: #969;
	background: transparent;
	}

#colophon a:hover, #xml-link a:hover, .note a:hover {
	background: #CFC;
	color: #969;
	}

.popup {
	background: white;
	border: 1px solid #606;
	}

.post {
	border-top: 2px solid #606;
	}
	
.example {
  border-top: 2px solid #606;
  border-bottom: 2px solid #606;
  }
  
.sidebar {
  border-top: 2px solid #090;
  border-bottom: 2px solid #090;
  }
  
.rng {
  border-left: 2px solid #666;
  }

.same {
  background-color: rgb(206, 239, 174);
}

.diff {
  background-color: #FCC;
}

.whitespace {
	font-style: italic;
	color: #999;
	background: white;
}

.ignored {
  font-style: italic;
  color: #999;
  background: white;
}

.hit {
}

.missed {
  background-color: #A33;
  color: white;
}

/* text */
ol ol li {
	list-style: lower-alpha;
	}

th {
	text-align: left;
	}

td {
	vertical-align: top;
	}

h1 {
	text-transform: uppercase;
	}

h2, h3 {
	/*text-transform: capitalize;*/
	}

.question {
	text-indent: -33px;
	}

.byline {
	text-align: right;
	}

#link-top, #link-up {
	text-align: right;
	}

a {
	text-decoration: none;
	}

table { width: 85%;
        /* border: collapse; */ }

th { text-align: left; }

.xspec tbody th { font-weight: normal; /*font-size: 0.8em;*/ border-top: 1px #666 solid; }
.xspec tbody td { /*font-size: 0.8em;*/ color: #666; }

.successful.label th, .successful.label td { background-color: #CFC; }
.pending.label th, .pending.label td { background-color: #DDD; color: #666; }
.failed.label th, .failed.label td { background-color: #FCC; }
.error.label th, .error.label td { background-color: #FAA; }
/*body &gt; table tbody .failed.label th:first-child:before {content:url(data:image/png;base64,iVBORw0KGgoAAAANSUhEUgAAAAwAAAAMCAYAAABWdVznAAAAGXRFWHRTb2Z0d2FyZQBBZG9iZSBJbWFnZVJlYWR5ccllPAAAA2ZpVFh0WE1MOmNvbS5hZG9iZS54bXAAAAAAADw/eHBhY2tldCBiZWdpbj0i77u/IiBpZD0iVzVNME1wQ2VoaUh6cmVTek5UY3prYzlkIj8+IDx4OnhtcG1ldGEgeG1sbnM6eD0iYWRvYmU6bnM6bWV0YS8iIHg6eG1wdGs9IkFkb2JlIFhNUCBDb3JlIDUuMy1jMDExIDY2LjE0NTY2MSwgMjAxMi8wMi8wNi0xNDo1NjoyNyAgICAgICAgIj4gPHJkZjpSREYgeG1sbnM6cmRmPSJodHRwOi8vd3d3LnczLm9yZy8xOTk5LzAyLzIyLXJkZi1zeW50YXgtbnMjIj4gPHJkZjpEZXNjcmlwdGlvbiByZGY6YWJvdXQ9IiIgeG1sbnM6eG1wTU09Imh0dHA6Ly9ucy5hZG9iZS5jb20veGFwLzEuMC9tbS8iIHhtbG5zOnN0UmVmPSJodHRwOi8vbnMuYWRvYmUuY29tL3hhcC8xLjAvc1R5cGUvUmVzb3VyY2VSZWYjIiB4bWxuczp4bXA9Imh0dHA6Ly9ucy5hZG9iZS5jb20veGFwLzEuMC8iIHhtcE1NOk9yaWdpbmFsRG9jdW1lbnRJRD0ieG1wLmRpZDpCQjU0NjU4QjIyQTNFMTExQkI5Rjk5QkQ4RkQ5RUJFQiIgeG1wTU06RG9jdW1lbnRJRD0ieG1wLmRpZDpEQTUyOTdBQUEzRDUxMUUxQTQwN0YzMUI0Nzg3NDU1RSIgeG1wTU06SW5zdGFuY2VJRD0ieG1wLmlpZDpEQTUyOTdBOUEzRDUxMUUxQTQwN0YzMUI0Nzg3NDU1RSIgeG1wOkNyZWF0b3JUb29sPSJBZG9iZSBQaG90b3Nob3AgQ1M2IChXaW5kb3dzKSI+IDx4bXBNTTpEZXJpdmVkRnJvbSBzdFJlZjppbnN0YW5jZUlEPSJ4bXAuaWlkOjQ4MTZDRTNCRDVBM0UxMTFBQTI2QTBCMjZENzg1Qzg5IiBzdFJlZjpkb2N1bWVudElEPSJ4bXAuZGlkOkJCNTQ2NThCMjJBM0UxMTFCQjlGOTlCRDhGRDlFQkVCIi8+IDwvcmRmOkRlc2NyaXB0aW9uPiA8L3JkZjpSREY+IDwveDp4bXBtZXRhPiA8P3hwYWNrZXQgZW5kPSJyIj8+aHNJrgAAAZ1JREFUeNpsUssrRGEU/907985YMDPNYlh4hbKZPMdgR3aysrGSSFIeKyUKpewoRTYkmcgCf4MsMI2FPDYGKeUZSoru4/uc82VC+W7fOeee+zvn/M45V1uuyCmVwDogq0hDklD6jy1dspNkdxokVrIzPFUh0/MD5OdXoJDwPFtu3d2ns6TTp9oggTlFZlmN0o4AHMmXfJGo0lmGzoE1OgmNHf5YA8rmN5HfM6wADmUuHphA9cIW/JX1yiek9DIlyijxkNjBzXYche19gNcHzfShoLUdVxtLuD/cYzCoMAzCwqYrhMDx9Chs20JRWzf4nMcXcDI3pYAqQHIAtWUJbpKursMMhpA+RiAEGzpc4X5XkDB4GjaHmiZik/PIa2rBEWVlSuW9Q+T3YndskBi46QpQFcLltchtbEZyZhxna4uKhmV9Ito/gtPNOG4P99WItdlIWARNXWOAv6AEr9cplel7/ggUleDlMqUSvNnCobHKxDsNnqs8XaWUZopp/XhxTkOR+HDVOveYUge9rNLyY9SU9v+vwXuUB2R0fQkwABfn/VKSjTLBAAAAAElFTkSuQmCC) " "}*/
/*body &gt; table tbody .error.label th:first-child:before {content:url(data:image/png;base64,iVBORw0KGgoAAAANSUhEUgAAAAwAAAAMCAYAAABWdVznAAAABmJLR0QAAAAAAAD5Q7t/AAAACXBIWXMAAAsTAAALEwEAmpwYAAAAB3RJTUUH3QcKER4AdkxvvQAAAdVJREFUKM89kM9KG0EAh7/JTHazZInEQwJ68KIWLx6Etj6EjxAobYSsD+BjCJ682EOp0FMueYmS0FMICF4i6tFNzJ/dyRh2Znoo6Xf+Pn7wEzc3Nx/W6/UvY8xJnudkWYa1Fu893nviOCaKIhuG4R/v/Ve1Xq9/bG1tnezs7JDnOVpr3t/fcc4hpaRSqVCpVORqtTp9e3v7rrTWn5vNJpPJhHK5zHg8JssyvPeEYcjR0RFpmlKr1ZjP5x9Li8VCbOR2u83BwQEvLy88PT1xfHzMxcUFQgjSNCXLskDlec5sNuPx8REpJZ1Oh+fnZ4QQnJ+fc319Tb/fZ29vD601SmvNdDplsVhwe3vLaDTi6uoKgCRJGAwGNBoNXl9fMcZQcs5hjGG1WpHnObVajQ3VahWtNcYYjDE451Cb+7z3JElCkiScnZ0hpaTX67G7u0u328V7/y+oVqsIITg8PKTT6dBqtRgOhzjnaLVa3N3dcX9/z3K5JI5jxOXlpSuKQqRpirWWh4eH//Plcpn9/X2cc2xvb1MqlQqllBpYa0/jOGYymdBsNsmyDOccURRRFAX1eh2lFGEY/lZBEHyx1v703n8KgkBEUYSUEu/9RkIIUQRB0A/D8NtflUT+nn4OS+0AAAAASUVORK5CYII=) " "}*/
.failed.label th:first-child:before, .failed.label td:first-child:before {content:url(data:image/png;base64,iVBORw0KGgoAAAANSUhEUgAAAAwAAAAMCAYAAABWdVznAAAAGXRFWHRTb2Z0d2FyZQBBZG9iZSBJbWFnZVJlYWR5ccllPAAAA2ZpVFh0WE1MOmNvbS5hZG9iZS54bXAAAAAAADw/eHBhY2tldCBiZWdpbj0i77u/IiBpZD0iVzVNME1wQ2VoaUh6cmVTek5UY3prYzlkIj8+IDx4OnhtcG1ldGEgeG1sbnM6eD0iYWRvYmU6bnM6bWV0YS8iIHg6eG1wdGs9IkFkb2JlIFhNUCBDb3JlIDUuMy1jMDExIDY2LjE0NTY2MSwgMjAxMi8wMi8wNi0xNDo1NjoyNyAgICAgICAgIj4gPHJkZjpSREYgeG1sbnM6cmRmPSJodHRwOi8vd3d3LnczLm9yZy8xOTk5LzAyLzIyLXJkZi1zeW50YXgtbnMjIj4gPHJkZjpEZXNjcmlwdGlvbiByZGY6YWJvdXQ9IiIgeG1sbnM6eG1wTU09Imh0dHA6Ly9ucy5hZG9iZS5jb20veGFwLzEuMC9tbS8iIHhtbG5zOnN0UmVmPSJodHRwOi8vbnMuYWRvYmUuY29tL3hhcC8xLjAvc1R5cGUvUmVzb3VyY2VSZWYjIiB4bWxuczp4bXA9Imh0dHA6Ly9ucy5hZG9iZS5jb20veGFwLzEuMC8iIHhtcE1NOk9yaWdpbmFsRG9jdW1lbnRJRD0ieG1wLmRpZDpCQjU0NjU4QjIyQTNFMTExQkI5Rjk5QkQ4RkQ5RUJFQiIgeG1wTU06RG9jdW1lbnRJRD0ieG1wLmRpZDpEQTUyOTdBQUEzRDUxMUUxQTQwN0YzMUI0Nzg3NDU1RSIgeG1wTU06SW5zdGFuY2VJRD0ieG1wLmlpZDpEQTUyOTdBOUEzRDUxMUUxQTQwN0YzMUI0Nzg3NDU1RSIgeG1wOkNyZWF0b3JUb29sPSJBZG9iZSBQaG90b3Nob3AgQ1M2IChXaW5kb3dzKSI+IDx4bXBNTTpEZXJpdmVkRnJvbSBzdFJlZjppbnN0YW5jZUlEPSJ4bXAuaWlkOjQ4MTZDRTNCRDVBM0UxMTFBQTI2QTBCMjZENzg1Qzg5IiBzdFJlZjpkb2N1bWVudElEPSJ4bXAuZGlkOkJCNTQ2NThCMjJBM0UxMTFCQjlGOTlCRDhGRDlFQkVCIi8+IDwvcmRmOkRlc2NyaXB0aW9uPiA8L3JkZjpSREY+IDwveDp4bXBtZXRhPiA8P3hwYWNrZXQgZW5kPSJyIj8+aHNJrgAAAZ1JREFUeNpsUssrRGEU/907985YMDPNYlh4hbKZPMdgR3aysrGSSFIeKyUKpewoRTYkmcgCf4MsMI2FPDYGKeUZSoru4/uc82VC+W7fOeee+zvn/M45V1uuyCmVwDogq0hDklD6jy1dspNkdxokVrIzPFUh0/MD5OdXoJDwPFtu3d2ns6TTp9oggTlFZlmN0o4AHMmXfJGo0lmGzoE1OgmNHf5YA8rmN5HfM6wADmUuHphA9cIW/JX1yiek9DIlyijxkNjBzXYche19gNcHzfShoLUdVxtLuD/cYzCoMAzCwqYrhMDx9Chs20JRWzf4nMcXcDI3pYAqQHIAtWUJbpKursMMhpA+RiAEGzpc4X5XkDB4GjaHmiZik/PIa2rBEWVlSuW9Q+T3YndskBi46QpQFcLltchtbEZyZhxna4uKhmV9Ito/gtPNOG4P99WItdlIWARNXWOAv6AEr9cplel7/ggUleDlMqUSvNnCobHKxDsNnqs8XaWUZopp/XhxTkOR+HDVOveYUge9rNLyY9SU9v+vwXuUB2R0fQkwABfn/VKSjTLBAAAAAElFTkSuQmCC) " "}
.error.label th:first-child:before, .error.label td:first-child:before {content:url(data:image/png;base64,iVBORw0KGgoAAAANSUhEUgAAAAwAAAAMCAYAAABWdVznAAAABmJLR0QAAAAAAAD5Q7t/AAAACXBIWXMAAAsTAAALEwEAmpwYAAAAB3RJTUUH3QcKER4AdkxvvQAAAdVJREFUKM89kM9KG0EAh7/JTHazZInEQwJ68KIWLx6Etj6EjxAobYSsD+BjCJ682EOp0FMueYmS0FMICF4i6tFNzJ/dyRh2Znoo6Xf+Pn7wEzc3Nx/W6/UvY8xJnudkWYa1Fu893nviOCaKIhuG4R/v/Ve1Xq9/bG1tnezs7JDnOVpr3t/fcc4hpaRSqVCpVORqtTp9e3v7rrTWn5vNJpPJhHK5zHg8JssyvPeEYcjR0RFpmlKr1ZjP5x9Li8VCbOR2u83BwQEvLy88PT1xfHzMxcUFQgjSNCXLskDlec5sNuPx8REpJZ1Oh+fnZ4QQnJ+fc319Tb/fZ29vD601SmvNdDplsVhwe3vLaDTi6uoKgCRJGAwGNBoNXl9fMcZQcs5hjGG1WpHnObVajQ3VahWtNcYYjDE451Cb+7z3JElCkiScnZ0hpaTX67G7u0u328V7/y+oVqsIITg8PKTT6dBqtRgOhzjnaLVa3N3dcX9/z3K5JI5jxOXlpSuKQqRpirWWh4eH//Plcpn9/X2cc2xvb1MqlQqllBpYa0/jOGYymdBsNsmyDOccURRRFAX1eh2lFGEY/lZBEHyx1v703n8KgkBEUYSUEu/9RkIIUQRB0A/D8NtflUT+nn4OS+0AAAAASUVORK5CYII=) " "}
.pending.label th:first-child:before, .pending.label td:first-child:before {content:url(data:image/png;base64,iVBORw0KGgoAAAANSUhEUgAAAAwAAAAMCAYAAABWdVznAAAAGXRFWHRTb2Z0d2FyZQBBZG9iZSBJbWFnZVJlYWR5ccllPAAAA2ZpVFh0WE1MOmNvbS5hZG9iZS54bXAAAAAAADw/eHBhY2tldCBiZWdpbj0i77u/IiBpZD0iVzVNME1wQ2VoaUh6cmVTek5UY3prYzlkIj8+IDx4OnhtcG1ldGEgeG1sbnM6eD0iYWRvYmU6bnM6bWV0YS8iIHg6eG1wdGs9IkFkb2JlIFhNUCBDb3JlIDUuMy1jMDExIDY2LjE0NTY2MSwgMjAxMi8wMi8wNi0xNDo1NjoyNyAgICAgICAgIj4gPHJkZjpSREYgeG1sbnM6cmRmPSJodHRwOi8vd3d3LnczLm9yZy8xOTk5LzAyLzIyLXJkZi1zeW50YXgtbnMjIj4gPHJkZjpEZXNjcmlwdGlvbiByZGY6YWJvdXQ9IiIgeG1sbnM6eG1wTU09Imh0dHA6Ly9ucy5hZG9iZS5jb20veGFwLzEuMC9tbS8iIHhtbG5zOnN0UmVmPSJodHRwOi8vbnMuYWRvYmUuY29tL3hhcC8xLjAvc1R5cGUvUmVzb3VyY2VSZWYjIiB4bWxuczp4bXA9Imh0dHA6Ly9ucy5hZG9iZS5jb20veGFwLzEuMC8iIHhtcE1NOk9yaWdpbmFsRG9jdW1lbnRJRD0ieG1wLmRpZDpCQjU0NjU4QjIyQTNFMTExQkI5Rjk5QkQ4RkQ5RUJFQiIgeG1wTU06RG9jdW1lbnRJRD0ieG1wLmRpZDpDODdDM0Y0QUEzRDUxMUUxQjk5N0MzQjVFRDMyQUE1MiIgeG1wTU06SW5zdGFuY2VJRD0ieG1wLmlpZDpDODdDM0Y0OUEzRDUxMUUxQjk5N0MzQjVFRDMyQUE1MiIgeG1wOkNyZWF0b3JUb29sPSJBZG9iZSBQaG90b3Nob3AgQ1M2IChXaW5kb3dzKSI+IDx4bXBNTTpEZXJpdmVkRnJvbSBzdFJlZjppbnN0YW5jZUlEPSJ4bXAuaWlkOjQ4MTZDRTNCRDVBM0UxMTFBQTI2QTBCMjZENzg1Qzg5IiBzdFJlZjpkb2N1bWVudElEPSJ4bXAuZGlkOkJCNTQ2NThCMjJBM0UxMTFCQjlGOTlCRDhGRDlFQkVCIi8+IDwvcmRmOkRlc2NyaXB0aW9uPiA8L3JkZjpSREY+IDwveDp4bXBtZXRhPiA8P3hwYWNrZXQgZW5kPSJyIj8+yj6RYgAAAPZJREFUeNp0kM8KgkAQxmc1E0Wfo3vQn5eRSDx4EUHwbTpEhx4lil7DiydBQUFXp5nAMNsGhpnd/X77za4Iw3CFiFcAWFMFDkXtKZ/UHhfUnB3HWdu2/REpAL2u631ZlicGdpZlwTAMSmBM0zS5bhgQLB5FU3AOUS4XvNn3vVKgAACCIMA0TbFpGsyyDJMkefdFUWAcx1hVFeZ5jlEUoed5qPEI7KDrOhiG8e6llNC27Zcz77FW+L6Pruv+WKtGIzfgR39umv/UHOJgAMlO/BPOXCQDD5p3r2ma8lvHNU9BcWPg0HXdhRZbOhRT8aSXVO9U/ZcAAwAsmjsSQcM0lwAAAABJRU5ErkJggg==) " ";}
.successful.label th:first-child:before, .successful.label td:first-child:before {content:url(data:image/png;base64,iVBORw0KGgoAAAANSUhEUgAAAAwAAAAMCAYAAABWdVznAAAAGXRFWHRTb2Z0d2FyZQBBZG9iZSBJbWFnZVJlYWR5ccllPAAAA2ZpVFh0WE1MOmNvbS5hZG9iZS54bXAAAAAAADw/eHBhY2tldCBiZWdpbj0i77u/IiBpZD0iVzVNME1wQ2VoaUh6cmVTek5UY3prYzlkIj8+IDx4OnhtcG1ldGEgeG1sbnM6eD0iYWRvYmU6bnM6bWV0YS8iIHg6eG1wdGs9IkFkb2JlIFhNUCBDb3JlIDUuMy1jMDExIDY2LjE0NTY2MSwgMjAxMi8wMi8wNi0xNDo1NjoyNyAgICAgICAgIj4gPHJkZjpSREYgeG1sbnM6cmRmPSJodHRwOi8vd3d3LnczLm9yZy8xOTk5LzAyLzIyLXJkZi1zeW50YXgtbnMjIj4gPHJkZjpEZXNjcmlwdGlvbiByZGY6YWJvdXQ9IiIgeG1sbnM6eG1wTU09Imh0dHA6Ly9ucy5hZG9iZS5jb20veGFwLzEuMC9tbS8iIHhtbG5zOnN0UmVmPSJodHRwOi8vbnMuYWRvYmUuY29tL3hhcC8xLjAvc1R5cGUvUmVzb3VyY2VSZWYjIiB4bWxuczp4bXA9Imh0dHA6Ly9ucy5hZG9iZS5jb20veGFwLzEuMC8iIHhtcE1NOk9yaWdpbmFsRG9jdW1lbnRJRD0ieG1wLmRpZDpCQjU0NjU4QjIyQTNFMTExQkI5Rjk5QkQ4RkQ5RUJFQiIgeG1wTU06RG9jdW1lbnRJRD0ieG1wLmRpZDpEMDVBNThBQUEzRDUxMUUxQjdCQkM2QUNBMTNBMDExNiIgeG1wTU06SW5zdGFuY2VJRD0ieG1wLmlpZDpEMDVBNThBOUEzRDUxMUUxQjdCQkM2QUNBMTNBMDExNiIgeG1wOkNyZWF0b3JUb29sPSJBZG9iZSBQaG90b3Nob3AgQ1M2IChXaW5kb3dzKSI+IDx4bXBNTTpEZXJpdmVkRnJvbSBzdFJlZjppbnN0YW5jZUlEPSJ4bXAuaWlkOjQ4MTZDRTNCRDVBM0UxMTFBQTI2QTBCMjZENzg1Qzg5IiBzdFJlZjpkb2N1bWVudElEPSJ4bXAuZGlkOkJCNTQ2NThCMjJBM0UxMTFCQjlGOTlCRDhGRDlFQkVCIi8+IDwvcmRmOkRlc2NyaXB0aW9uPiA8L3JkZjpSREY+IDwveDp4bXBtZXRhPiA8P3hwYWNrZXQgZW5kPSJyIj8+xJ3YrgAAAYBJREFUeNpsUrtKA1EQPZtdY4gEQiD4QCsLEVGX4CP4AykEq1hYiGghCDZ+gBZWVtrZ+EAjaGOhfoAkNiaKhYWICilMEQNqoYjZ5O4d5+6ucQuLM3funDNzD7OrLe229YBwSKAEnyAP/pyIbL5fcz5rcNiLtuqJSEz3ickn5ruE/vFmJ9/LYjvAldGWqA7bJkgPtoAHQrS5G6NdiwhFWCoxHOCgKUL+iurkCBVawyamE8d4qmSZ51clBZUlh+RG14JzEsJNcaTNLVwWd1B6vXXqkmGoYNeVUPnW3JNr4+YarPoncvebEAKNekAlokaY6N/A1NA+SBgY6Eijtz2Fs5sVWNWawysorWNJsO+q9QWzaxLTYwfojA3isZzDfSnrWvTsNiyp7pOrZURC7ejrTDEpcVpY9ab+NSioLZEiapZA5nwBxZcC8g9HeK7ccYM7TDnwmoU2vx6/NIJaUjc0b0u8YvJNle5HdJvlhbI0Y31ThqsjTGr0/+8hOOQ5nfsRYACtHiy+FDd82wAAAABJRU5ErkJggg==) " "}
/*.successful.label a:before {content:url(data:image/png;base64,iVBORw0KGgoAAAANSUhEUgAAAAwAAAAMCAYAAABWdVznAAAAGXRFWHRTb2Z0d2FyZQBBZG9iZSBJbWFnZVJlYWR5ccllPAAAA2ZpVFh0WE1MOmNvbS5hZG9iZS54bXAAAAAAADw/eHBhY2tldCBiZWdpbj0i77u/IiBpZD0iVzVNME1wQ2VoaUh6cmVTek5UY3prYzlkIj8+IDx4OnhtcG1ldGEgeG1sbnM6eD0iYWRvYmU6bnM6bWV0YS8iIHg6eG1wdGs9IkFkb2JlIFhNUCBDb3JlIDUuMy1jMDExIDY2LjE0NTY2MSwgMjAxMi8wMi8wNi0xNDo1NjoyNyAgICAgICAgIj4gPHJkZjpSREYgeG1sbnM6cmRmPSJodHRwOi8vd3d3LnczLm9yZy8xOTk5LzAyLzIyLXJkZi1zeW50YXgtbnMjIj4gPHJkZjpEZXNjcmlwdGlvbiByZGY6YWJvdXQ9IiIgeG1sbnM6eG1wTU09Imh0dHA6Ly9ucy5hZG9iZS5jb20veGFwLzEuMC9tbS8iIHhtbG5zOnN0UmVmPSJodHRwOi8vbnMuYWRvYmUuY29tL3hhcC8xLjAvc1R5cGUvUmVzb3VyY2VSZWYjIiB4bWxuczp4bXA9Imh0dHA6Ly9ucy5hZG9iZS5jb20veGFwLzEuMC8iIHhtcE1NOk9yaWdpbmFsRG9jdW1lbnRJRD0ieG1wLmRpZDpCQjU0NjU4QjIyQTNFMTExQkI5Rjk5QkQ4RkQ5RUJFQiIgeG1wTU06RG9jdW1lbnRJRD0ieG1wLmRpZDpEMDVBNThBQUEzRDUxMUUxQjdCQkM2QUNBMTNBMDExNiIgeG1wTU06SW5zdGFuY2VJRD0ieG1wLmlpZDpEMDVBNThBOUEzRDUxMUUxQjdCQkM2QUNBMTNBMDExNiIgeG1wOkNyZWF0b3JUb29sPSJBZG9iZSBQaG90b3Nob3AgQ1M2IChXaW5kb3dzKSI+IDx4bXBNTTpEZXJpdmVkRnJvbSBzdFJlZjppbnN0YW5jZUlEPSJ4bXAuaWlkOjQ4MTZDRTNCRDVBM0UxMTFBQTI2QTBCMjZENzg1Qzg5IiBzdFJlZjpkb2N1bWVudElEPSJ4bXAuZGlkOkJCNTQ2NThCMjJBM0UxMTFCQjlGOTlCRDhGRDlFQkVCIi8+IDwvcmRmOkRlc2NyaXB0aW9uPiA8L3JkZjpSREY+IDwveDp4bXBtZXRhPiA8P3hwYWNrZXQgZW5kPSJyIj8+xJ3YrgAAAYBJREFUeNpsUrtKA1EQPZtdY4gEQiD4QCsLEVGX4CP4AykEq1hYiGghCDZ+gBZWVtrZ+EAjaGOhfoAkNiaKhYWICilMEQNqoYjZ5O4d5+6ucQuLM3funDNzD7OrLe229YBwSKAEnyAP/pyIbL5fcz5rcNiLtuqJSEz3ickn5ruE/vFmJ9/LYjvAldGWqA7bJkgPtoAHQrS5G6NdiwhFWCoxHOCgKUL+iurkCBVawyamE8d4qmSZ51clBZUlh+RG14JzEsJNcaTNLVwWd1B6vXXqkmGoYNeVUPnW3JNr4+YarPoncvebEAKNekAlokaY6N/A1NA+SBgY6Eijtz2Fs5sVWNWawysorWNJsO+q9QWzaxLTYwfojA3isZzDfSnrWvTsNiyp7pOrZURC7ejrTDEpcVpY9ab+NSioLZEiapZA5nwBxZcC8g9HeK7ccYM7TDnwmoU2vx6/NIJaUjc0b0u8YvJNle5HdJvlhbI0Y31ThqsjTGr0/+8hOOQ5nfsRYACtHiy+FDd82wAAAABJRU5ErkJggg==) " "}*/

.xspecResult { width: 90%; table-layout: fixed; }

.xspecResult td,
.xspecResult th { width: 50%; }

/*.xspecResult pre { 
  margin-left: 0; 
  padding: 0.5em; 
  overflow: auto; 
  border: 1px #999 dotted;
}*/

span.scenario-totals {float: right; width: 14.5%; text-align: left}

/* OXYGEN */
span.scenario-totals {float: right; width: 34.5%; text-align: right}

h2.failed {
    background-color: #FCC;
}

h1, h2 {
    width: 86%;
    /*margin-left: 3%;*/
    
    font-size:1.4em;
    font-weight:bold;
    text-align:left;
    margin-top:1.4em;
    margin-bottom:0.7em;
    color:#333333;
    background-color:inherit;
}

h1 {
    font-size:1.7em;
}

body &gt; h1:first-child:before {
    content:"XSLT UNIT ";
}

body &gt; h2:first-of-type {
    font-size:1.7em;
}

div &gt; table &gt; tbody &gt; tr &gt; th:first-child {
    font-weight:bold;
}

div &gt; h3 {
    font-weight:bold;
    /*margin-left: 3%;*/
}

div &gt; h4 {
    font-weight:normal;
    /*margin-left: 4%;*/
}

th.result { text-align: center; }
/* OXYGEN */


/* ------------------------------------------------------------------------ */
/*  DO NOT ALTER OR REMOVE COPYRIGHT NOTICES OR THIS COMMENT.               */
/*                                                                          */
/*  Copyright (c) 2008, 2010 Jeni Tennsion                                  */
/*                                                                          */
/*  The contents of this file are subject to the MIT License (see the URI   */
/*  http://www.opensource.org/licenses/mit-license.php for details).        */
/*                                                                          */
/*  Permission is hereby granted, free of charge, to any person obtaining   */
/*  a copy of this software and associated documentation files (the         */
/*  "Software"), to deal in the Software without restriction, including     */
/*  without limitation the rights to use, copy, modify, merge, publish,     */
/*  distribute, sublicense, and/or sell copies of the Software, and to      */
/*  permit persons to whom the Software is furnished to do so, subject to   */
/*  the following conditions:                                               */
/*                                                                          */
/*  The above copyright notice and this permission notice shall be          */
/*  included in all copies or substantial portions of the Software.         */
/*                                                                          */
/*  THE SOFTWARE IS PROVIDED "AS IS", WITHOUT WARRANTY OF ANY KIND,         */
/*  EXPRESS OR IMPLIED, INCLUDING BUT NOT LIMITED TO THE WARRANTIES OF      */
/*  MERCHANTABILITY, FITNESS FOR A PARTICULAR PURPOSE AND NONINFRINGEMENT.  */
/*  IN NO EVENT SHALL THE AUTHORS OR COPYRIGHT HOLDERS BE LIABLE FOR ANY    */
/*  CLAIM, DAMAGES OR OTHER LIABILITY, WHETHER IN AN ACTION OF CONTRACT,    */
/*  TORT OR OTHERWISE, ARISING FROM, OUT OF OR IN CONNECTION WITH THE       */
/*  SOFTWARE OR THE USE OR OTHER DEALINGS IN THE SOFTWARE.                  */
/* ------------------------------------------------------------------------ */

.nobr { white-space: nowrap; }
.scenario-label { text-indent: 0px; }
.context-label { text-indent: 10px; }
.test-label { text-indent: 20px; }
.pending-label { text-indent: 30px; }


        /**/</style>
    </head><body><h1>Test Report</h1><p>Script: <a href="file:/home/jostein/xprocspec/src/test/xprocspec/tests/description-1.xprocspec">file:/home/jostein/xprocspec/src/test/xprocspec/tests/description-1.xprocspec</a></p><p>Tested: 2013-09-05T16:00:25.093+02:00</p><h2>Contents</h2><table class="xspec"><col width="75%"/><col width="5%"/><col width="5%"/><col width="5%"/><col width="5%"/><col width="5%"/><thead><tr><th/><th class="result">passed:3</th><th class="result">pending:1</th><th class="result">failed:0</th><th class="result">errors:0</th><th class="result">total:4</th></tr></thead><tbody><tr class="successful label"><th><a href="#step1">ex:identity</a></th><th class="result">3</th><th class="result">0</th><th class="result">0</th><th class="result">0</th><th class="result">3</th></tr><tr class="pending label"><th><a href="#pending-1">Not calling: file:/home/jostein/xprocspec/src/test/xprocspec/steps/identity.xpl</a></th><th class="result">0</th><th class="result">1</th><th class="result">0</th><th class="result">0</th><th class="result">1</th></tr></tbody></table><div id="step1"><h2 class="successful">Calling: <a href="file:/home/jostein/xprocspec/src/test/xprocspec/steps/identity.xpl">ex:identity</a><span class="scenario-totals">passed:3 / pending:0 /
                                        failed:0 / errors:0 / total:3</span></h2><table class="xspec"><col width="80%"/><col width="20%"/><tbody><tr class="successful label"><th class="scenario-label">identity</th><th class="nobr">passed:3 / pending:0 / failed:0 / errors:0 / total:3</th></tr><tr class="successful label"><th class="context-label">errors</th><th class="nobr">passed:1 / pending:0 / failed:0 / errors:0 / total:1</th></tr><tr class="successful label"><td class="test-label">the step should execute successfully without throwing any errors</td><td>Success</td></tr><tr class="successful label"><th class="context-label">the results</th><th class="nobr">passed:2 / pending:0 / failed:0 / errors:0 / total:2</th></tr><tr class="successful label"><td class="test-label">the option 'option' should have the value 'option-value'</td><td>Success</td></tr><tr class="successful label"><td class="test-label">the option 'option.required' should have the value 'option-value'</td><td>Success</td></tr></tbody></table></div><div id="pending-1"><h2 class="pending">Not calling: <a href="file:/home/jostein/xprocspec/src/test/xprocspec/steps/identity.xpl">file:/home/jostein/xprocspec/src/test/xprocspec/steps/identity.xpl</a><span class="scenario-totals">passed:0 / pending:1 / failed:0 /
                                    errors:0 / total:1</span></h2><table class="xspec"><col width="80%"/><col width="20%"/><tbody><tr class="pending label"><th class="scenario-label">pending scenario</th><th class="nobr">passed:0 / pending:1 / failed:0 / errors:0 / total:1</th></tr><tr class="pending"><td>Not implemented</td><td>Pending</td></tr></tbody></table></div><h2>Execution log</h2><table><thead><tr><th>Time</th><th>Severity</th><th>Message</th></tr></thead><tbody><tr style=""><td>0.000</td><td style="padding-left:0%;">INFO</td><td><code><pre>#### file:/home/jostein/xprocspec/src/test/xprocspec/tests/description-1.xprocspec ####</pre></code></td></tr><tr style=""><td>0.005</td><td style="padding-left:0%;">INFO</td><td><code><pre> * temporary directory: file:/tmp/xprocspec-20130905160023007/</pre></code></td></tr><tr style=""><td>0.011</td><td style="padding-left:0%;">INFO</td><td><code><pre>preprocessing...</pre></code></td></tr><tr style=""><td>0.034</td><td style="padding-left:0%;">INFO</td><td><code><pre> * checking for imports</pre></code></td></tr><tr style=""><td>0.041</td><td style="padding-left:0%;">INFO</td><td><code><pre> * checking file:/home/jostein/xprocspec/src/test/xprocspec/tests/description-1.xprocspec for imports</pre></code></td></tr><tr style=""><td>0.047</td><td style="padding-left:0%;">INFO</td><td><code><pre> * extracting step declarations from file:/home/jostein/xprocspec/src/test/xprocspec/steps/identity.xpl</pre></code></td></tr><tr style=""><td>0.056</td><td style="padding-left:0%;">INFO</td><td><code><pre> * tests reference 1 step</pre></code></td></tr><tr style=""><td>0.062</td><td style="padding-left:0%;">INFO</td><td><code><pre>   * step: e:identity</pre></code></td></tr><tr style=""><td>0.068</td><td style="padding-left:0%;">INFO</td><td><code><pre> * trying to load: file:/home/jostein/xprocspec/src/test/xprocspec/steps/identity.xpl</pre></code></td></tr><tr style=""><td>0.077</td><td style="padding-left:0%;">INFO</td><td><code><pre>   * success!</pre></code></td></tr><tr style=""><td>0.086</td><td style="padding-left:0%;">INFO</td><td><code><pre> * trying to extract the step declaration for {http://example.net/ns}identity from file:/home/jostein/xprocspec/src/test/xprocspec/steps/identity.xpl</pre></code></td></tr><tr style=""><td>0.102</td><td style="padding-left:0%;">INFO</td><td><code><pre> * creating a new x:description document for each x:scenario element with inferred inputs, options and parameters</pre></code></td></tr><tr style=""><td>0.122</td><td style="padding-left:0%;">INFO</td><td><code><pre> * validating output grammar</pre></code></td></tr><tr style=""><td>0.139</td><td style="padding-left:0%;">INFO</td><td><code><pre> * validating output grammar</pre></code></td></tr><tr style=""><td>0.152</td><td style="padding-left:0%;">INFO</td><td><code><pre>compiling...</pre></code></td></tr><tr style=""><td>0.162</td><td style="padding-left:0%;">INFO</td><td><code><pre> * created directory using Calabash's cxf:mkdir</pre></code></td></tr><tr style=""><td>0.169</td><td style="padding-left:0%;">INFO</td><td><code><pre> * converting test 'test1' to XProc</pre></code></td></tr><tr style=""><td>0.186</td><td style="padding-left:0%;">INFO</td><td><code><pre>   * done</pre></code></td></tr><tr style=""><td>0.195</td><td style="padding-left:0%;">INFO</td><td><code><pre> * validating output grammar for file:/home/jostein/xprocspec/src/test/xprocspec/tests/description-1.xprocspec</pre></code></td></tr><tr style=""><td>0.213</td><td style="padding-left:0%;">INFO</td><td><code><pre>   * done!</pre></code></td></tr><tr style=""><td>0.222</td><td style="padding-left:0%;">INFO</td><td><code><pre> * converting test 'test2' to XProc</pre></code></td></tr><tr style=""><td>0.236</td><td style="padding-left:0%;">INFO</td><td><code><pre>   * done</pre></code></td></tr><tr style=""><td>0.243</td><td style="padding-left:0%;">INFO</td><td><code><pre> * validating output grammar for file:/home/jostein/xprocspec/src/test/xprocspec/tests/description-1.xprocspec</pre></code></td></tr><tr style=""><td>0.258</td><td style="padding-left:0%;">INFO</td><td><code><pre>   * done!</pre></code></td></tr><tr style=""><td>0.266</td><td style="padding-left:0%;">INFO</td><td><code><pre> * using as temporary directory: file:/tmp/xprocspec-20130905160023007/xprocspec-20130905160024552/</pre></code></td></tr><tr style=""><td>0.273</td><td style="padding-left:0%;">INFO</td><td><code><pre>storing...</pre></code></td></tr><tr style=""><td>0.285</td><td style="padding-left:0%;">INFO</td><td><code><pre>running...</pre></code></td></tr><tr style=""><td>0.293</td><td style="padding-left:0%;">INFO</td><td><code><pre>   * loading 'file:/tmp/xprocspec-20130905160023007/test1.xpl'</pre></code></td></tr><tr style=""><td>0.364</td><td style="padding-left:0%;">INFO</td><td><code><pre>   * loading 'file:/tmp/xprocspec-20130905160023007/test2.xpl'</pre></code></td></tr><tr style=""><td>0.415</td><td style="padding-left:0%;">INFO</td><td><code><pre>evaluating...</pre></code></td></tr><tr style=""><td>0.427</td><td style="padding-left:0%;">INFO</td><td><code><pre> * evaluating scenario 'identity' (file:/home/jostein/xprocspec/src/test/xprocspec/tests/description-1.xprocspec)</pre></code></td></tr><tr style=""><td>0.435</td><td style="padding-left:0%;">INFO</td><td><code><pre>   * resolving x:document elements...</pre></code></td></tr><tr style=""><td>0.445</td><td style="padding-left:0%;">INFO</td><td><code><pre>    * no errors occured</pre></code></td></tr><tr style=""><td>0.480</td><td style="padding-left:0%;">INFO</td><td><code><pre>   * grouping x:expect elements with their x:context...</pre></code></td></tr><tr style=""><td>0.490</td><td style="padding-left:0%;">INFO</td><td><code><pre>   * evaluating each context/expect group...</pre></code></td></tr><tr style=""><td>0.497</td><td style="padding-left:0%;">INFO</td><td><code><pre>     * setting context to 'errors'</pre></code></td></tr><tr style=""><td>0.505</td><td style="padding-left:0%;">INFO</td><td><code><pre>       * testing assertion 'the step should execute successfully without throwing any errors'</pre></code></td></tr><tr style=""><td>0.513</td><td style="padding-left:0%;">INFO</td><td><code><pre>         * is document count assertion</pre></code></td></tr><tr style=""><td>0.521</td><td style="padding-left:0%;">INFO</td><td><code><pre>         * assertion passed</pre></code></td></tr><tr style=""><td>0.529</td><td style="padding-left:0%;">INFO</td><td><code><pre>     * setting context to 'the results'</pre></code></td></tr><tr style=""><td>0.538</td><td style="padding-left:0%;">INFO</td><td><code><pre>       * testing assertion 'the option 'option' should have the value 'option-value''</pre></code></td></tr><tr style=""><td>0.548</td><td style="padding-left:0%;">INFO</td><td><code><pre>         * is xpath assertion</pre></code></td></tr><tr style=""><td>0.560</td><td style="padding-left:0%;">INFO</td><td><code><pre>       * testing assertion 'the option 'option.required' should have the value 'option-value''</pre></code></td></tr><tr style=""><td>0.569</td><td style="padding-left:0%;">INFO</td><td><code><pre>         * is xpath assertion</pre></code></td></tr><tr style=""><td>0.595</td><td style="padding-left:0%;">INFO</td><td><code><pre> * skipping scenario 'pending scenario' (file:/home/jostein/xprocspec/src/test/xprocspec/tests/description-1.xprocspec)</pre></code></td></tr><tr style=""><td>0.613</td><td style="padding-left:0%;">INFO</td><td><code><pre>reporting...</pre></code></td></tr></tbody></table><link rel="stylesheet" href="http://yandex.st/highlightjs/7.3/styles/default.min.css"/><script type="text/javascript" src="http://yandex.st/highlightjs/7.3/highlight.min.js" xml:space="preserve"> </script><script type="text/javascript">hljs.initHighlightingOnLoad();</script></body></html></x:document></x:output><x:output port="junit"><x:document xml:base="file:/home/jostein/xprocspec/src/main/resources/content/xml/xproc/report/report.xpl" xml:space="preserve" type="inline"><testsuites tests="4" failures="0" time="0.622" errors="0" name="description1"><testsuite timestamp="2013-09-05T14:00:25.026Z" hostname="localhost" tests="3" errors="0" failures="0" skipped="0" id="d4222e1" name="identity" package="http://example.net/ns" time="0.009">
<properties>

<property name="option: option" value="option-value"/>
<property name="option: option.required" value="option.required-value"/>

</properties>
<testcase name="theStepShouldExecuteSuccessfullyWithoutThrowingAnyErrors" classname="identity" assertions="1" time="0" status="SUCCESS"><system-out>the step should execute successfully without throwing any errors: SUCCESS</system-out>
<system-err/></testcase><testcase name="theOptionOptionShouldHaveTheValueOptionvalue" classname="identity" assertions="1" time="0" status="SUCCESS"><system-out>the option 'option' should have the value 'option-value': SUCCESS</system-out>
<system-err/></testcase><testcase name="theOptionOptionRequiredShouldHaveTheValueOptionvalue" classname="identity" assertions="1" time="0" status="SUCCESS"><system-out>the option 'option.required' should have the value 'option-value': SUCCESS</system-out>
<system-err/></testcase></testsuite><testsuite timestamp="2013-09-05T14:00:25.035Z" hostname="localhost" tests="1" errors="0" failures="0" skipped="1" id="d4232e1" name="pendingScenario" time="0.001">
<properties>


</properties>
<testcase name="pendingScenario-pendingScenario" classname="pendingScenario" assertions="1" time="0"><skipped type="xprocspec.skip" message="Not implemented">Not implemented</skipped><system-out>pending scenario: SKIPPED</system-out></testcase></testsuite></testsuites></x:document></x:output><x:test-result contextref="errors" result="passed" max="0" label="the step should execute successfully without throwing any errors" type="count">
                                                        <x:expected>At most 0 documents.</x:expected>
                                                    <x:was>0</x:was></x:test-result><x:test-result contextref="context0" result="passed" test="not(/*/@tests='0') and /*/@failures='0' and /*/@errors='0'" label="there should be at least one test, and none of the tests should fail" type="xpath"><x:expected xml:space="preserve">XPath: true()
Value: true</x:expected><x:was xml:space="preserve">XPath: not(/*/@tests='0') and /*/@failures='0' and /*/@errors='0'
Value: true</x:was></x:test-result><x:test-result contextref="context0" result="passed" test="sum(/*/testsuite/number(@skipped))=1" label="one of the tests should be pending" type="xpath"><x:expected xml:space="preserve">XPath: true()
Value: true</x:expected><x:was xml:space="preserve">XPath: sum(/*/testsuite/number(@skipped))=1
Value: true</x:was></x:test-result></x:description><x:description xmlns:cx="http://xmlcalabash.com/ns/extensions" xmlns:c="http://www.w3.org/ns/xproc-step" xml:base="file:/home/jostein/xprocspec/src/test/xprocspec/test.xprocspec" test-base-uri="file:/home/jostein/xprocspec/src/test/xprocspec/test.xprocspec" script="file:/home/jostein/xprocspec/src/main/resources/content/xml/xproc/xprocspec.xpl" test-grammar="xprocspec" temp-dir="file:/tmp/xprocspec-20130905160023007/"><x:step-declaration><p:declare-step xmlns:p="http://www.w3.org/ns/xproc" xmlns:px="http://www.daisy.org/ns/xprocspec" xmlns:pxi="http://www.daisy.org/ns/xprocspec/xproc-internal/" xmlns:pkg="http://expath.org/ns/pkg" type="px:xprocspec" name="main" version="1.0" xpath-version="2.0" pkg:import-uri="http://www.daisy.org/ns/xprocspec/xprocspec.xpl" x:type="{http://www.daisy.org/ns/xprocspec}xprocspec"><p:input port="source" kind="document" sequence="false" primary="true"/><p:output port="result" kind="document" sequence="false" primary="false"><p:pipe port="result" step="report"/></p:output><p:output port="html" kind="document" sequence="false" primary="false"><p:pipe port="html" step="report"/></p:output><p:output port="junit" kind="document" sequence="false" primary="false"><p:pipe port="junit" step="report"/></p:output><p:option name="temp-dir" select="'file:/tmp/'"/></p:declare-step></x:step-declaration><x:scenario end-time="2013-09-05T14:00:26.817Z" label="the import element - two imports" start-time="2013-09-05T14:00:25.431Z"><x:call x:type="{http://www.daisy.org/ns/xprocspec}xprocspec" step="x:xprocspec"><x:option select="$temp-dir" name="temp-dir" value="file:/tmp/xprocspec-20130905160023007/"/><x:input port="source">
                    <x:document xml:base="file:/home/jostein/xprocspec/src/test/xprocspec/test.xprocspec" xml:space="preserve" type="inline"><?xml-model href="http://www.daisy.org/ns/xprocspec/xprocspec.rng" type="application/xml" schematypens="http://relaxng.org/ns/structure/1.0"?><x:description xmlns:e="http://example.net/ns" script="../steps/identity.xpl">
    
    <x:import href="import-1a.xprocspec"/>
    <x:import href="import-1b.xprocspec"/>
    
    <x:scenario label="identity">
        <x:call step="e:identity">
            <x:option name="option.required" select="'import 1'"/>
        </x:call>
        <x:context label="the results">
            <x:document type="port" port="options"/>
        </x:context>
        <x:expect type="xpath" label="the option 'option.required' should have the value 'import 1'" test="/*/*[@name='option.required']/@value='import 1'"/>
    </x:scenario>
    
</x:description></x:document>
                </x:input></x:call>
                                                <x:context label="errors" id="errors">
                                                    
                                                </x:context>
                                            
                                                <x:expect type="count" label="the step should execute successfully without throwing any errors" max="0" contextref="errors"/>
                                            <x:context label="the junit output port" id="context1">
                <x:document xml:base="file:/home/jostein/xprocspec/src/main/resources/content/xml/xproc/report/report.xpl" xml:space="preserve" type="inline"><testsuites tests="6" failures="0" time="1.199" errors="0" name="import1"><testsuite timestamp="2013-09-05T14:00:26.645Z" hostname="localhost" tests="2" errors="0" failures="0" skipped="0" id="d6903e1" name="identity" package="http://example.net/ns" time="0.008">
<properties>

<property name="option: option.required" value="import 1a"/>

</properties>
<testcase name="theStepShouldExecuteSuccessfullyWithoutThrowingAnyErrors" classname="identity" assertions="1" time="0" status="SUCCESS"><system-out>the step should execute successfully without throwing any errors: SUCCESS</system-out>
<system-err/></testcase><testcase name="theOptionOptionRequiredShouldHaveTheValueImport1a" classname="identity" assertions="1" time="0" status="SUCCESS"><system-out>the option 'option.required' should have the value 'import 1a': SUCCESS</system-out>
<system-err/></testcase></testsuite><testsuite timestamp="2013-09-05T14:00:26.656Z" hostname="localhost" tests="2" errors="0" failures="0" skipped="0" id="d6911e1" name="identity" package="http://example.net/ns" time="0.008">
<properties>

<property name="option: option.required" value="import 1b"/>

</properties>
<testcase name="theStepShouldExecuteSuccessfullyWithoutThrowingAnyErrors" classname="identity" assertions="1" time="0" status="SUCCESS"><system-out>the step should execute successfully without throwing any errors: SUCCESS</system-out>
<system-err/></testcase><testcase name="theOptionOptionRequiredShouldHaveTheValueImport1b" classname="identity" assertions="1" time="0" status="SUCCESS"><system-out>the option 'option.required' should have the value 'import 1b': SUCCESS</system-out>
<system-err/></testcase></testsuite><testsuite timestamp="2013-09-05T14:00:26.666Z" hostname="localhost" tests="2" errors="0" failures="0" skipped="0" id="d6918e1" name="identity" package="http://example.net/ns" time="0.01">
<properties>

<property name="option: option.required" value="import 1"/>

</properties>
<testcase name="theStepShouldExecuteSuccessfullyWithoutThrowingAnyErrors" classname="identity" assertions="1" time="0" status="SUCCESS"><system-out>the step should execute successfully without throwing any errors: SUCCESS</system-out>
<system-err/></testcase><testcase name="theOptionOptionRequiredShouldHaveTheValueImport1" classname="identity" assertions="1" time="0" status="SUCCESS"><system-out>the option 'option.required' should have the value 'import 1': SUCCESS</system-out>
<system-err/></testcase></testsuite></testsuites></x:document>
            </x:context><x:expect label="there should be at least one test, and none of the tests should fail" type="xpath" test="not(/*/@tests='0') and /*/@failures='0' and /*/@errors='0'" contextref="context1"/></x:scenario><x:output port="result"><x:document xml:base="file:/home/jostein/xprocspec/src/main/resources/content/xml/xproc/report/report.xpl" xml:space="preserve" type="inline"><x:test-report><x:description xml:base="file:/home/jostein/xprocspec/src/test/xprocspec/tests/import-1.xprocspec" test-base-uri="file:/home/jostein/xprocspec/src/test/xprocspec/tests/import-1.xprocspec" script="file:/home/jostein/xprocspec/src/test/xprocspec/steps/identity.xpl" test-grammar="xprocspec" temp-dir="file:/tmp/xprocspec-20130905160023007/xprocspec-2013090516002564/"><x:step-declaration><p:declare-step xmlns:p="http://www.w3.org/ns/xproc" xmlns:ex="http://example.net/ns" name="main" type="ex:identity" version="1.0" x:type="{http://example.net/ns}identity"><p:input port="source.document.primary" kind="document" primary="true" sequence="false"><p:inline>
            <source.document.primary.default/>
        </p:inline></p:input><p:input port="source.document.secondary.sequence" kind="document" sequence="true" primary="false"><p:inline>
            <source.document.secondary.sequence/>
        </p:inline></p:input><p:input select="/*/*" port="source.document.secondary.select-children" kind="document" sequence="true" primary="false"><p:inline>
            <default>
                <default/>
                <default/>
            </default>
        </p:inline></p:input><p:input port="source.parameter.primary.sequence" primary="true" kind="parameter" sequence="true"/><p:output port="result.document.primary" kind="document" primary="true" sequence="false"><p:pipe port="source.document.primary" step="main"/></p:output><p:output port="result.document.secondary.sequence" kind="document" sequence="true" primary="false"><p:pipe port="source.document.secondary.sequence" step="main"/></p:output><p:output port="result.document.secondary.select-children" kind="document" sequence="true" primary="false"><p:pipe port="source.document.secondary.select-children" step="main"/></p:output><p:output port="result.parameter.primary" kind="document" sequence="false" primary="false"><p:pipe port="result" step="parameters"/></p:output><p:output port="options" kind="document" sequence="false" primary="false"><p:pipe port="result" step="options"/></p:output><p:option name="option"/><p:option name="option.required" required="true"/><p:option name="option.default" select="'default'"/></p:declare-step></x:step-declaration><x:scenario xmlns:e="http://example.net/ns" end-time="2013-09-05T14:00:25.905Z" label="identity" start-time="2013-09-05T14:00:25.897Z"><x:call x:type="{http://example.net/ns}identity" step="e:identity"><x:option select="'import 1a'" name="option.required" value=""/></x:call>
                                                <x:context label="errors" id="errors">
                                                    
                                                </x:context>
                                            
                                                <x:expect type="count" label="the step should execute successfully without throwing any errors" max="0" contextref="errors"/>
                                            <x:context label="the results" id="context0">
            <x:document xml:base="file:/home/jostein/xprocspec/src/test/xprocspec/steps/identity.xpl" xml:space="preserve" type="inline">
                <c:options xmlns:ex="http://example.net/ns">
                    
                    <c:option name="option.required" value="import 1a"/>
                    <c:option name="option.default" value="default"/>
                </c:options>
            </x:document>
        </x:context><x:expect type="xpath" label="the option 'option.required' should have the value 'import 1a'" test="/*/*[@name='option.required']/@value='import 1a'" contextref="context0"/></x:scenario><x:output port="result.document.primary"><x:document xml:base="file:/home/jostein/xprocspec/src/test/xprocspec/tests/import-1.xprocspec" xml:space="preserve" type="inline">
            <source.document.primary.default xmlns:ex="http://example.net/ns"/>
        </x:document></x:output><x:output port="result.document.secondary.sequence"><x:document xml:base="file:/home/jostein/xprocspec/src/test/xprocspec/steps/identity.xpl" xml:space="preserve" type="inline">
            <source.document.secondary.sequence xmlns:ex="http://example.net/ns"/>
        </x:document></x:output><x:output port="result.document.secondary.select-children"><x:document xml:base="file:/home/jostein/xprocspec/src/test/xprocspec/steps/identity.xpl" xml:space="preserve" type="inline"><default xmlns:ex="http://example.net/ns"/></x:document><x:document xml:base="file:/home/jostein/xprocspec/src/test/xprocspec/steps/identity.xpl" xml:space="preserve" type="inline"><default xmlns:ex="http://example.net/ns"/></x:document></x:output><x:output port="result.parameter.primary"><x:document xml:base="file:/home/jostein/xprocspec/src/test/xprocspec/steps/identity.xpl" xml:space="preserve" type="inline"><c:param-set/></x:document></x:output><x:output port="options"><x:document xml:base="file:/home/jostein/xprocspec/src/test/xprocspec/steps/identity.xpl" xml:space="preserve" type="inline">
                <c:options xmlns:ex="http://example.net/ns">
                    
                    <c:option name="option.required" value="import 1a"/>
                    <c:option name="option.default" value="default"/>
                </c:options>
            </x:document></x:output><x:test-result contextref="errors" result="passed" max="0" label="the step should execute successfully without throwing any errors" type="count">
                                                        <x:expected>At most 0 documents.</x:expected>
                                                    <x:was>0</x:was></x:test-result><x:test-result contextref="context0" result="passed" test="/*/*[@name='option.required']/@value='import 1a'" label="the option 'option.required' should have the value 'import 1a'" type="xpath"><x:expected xml:space="preserve">XPath: true()
Value: true</x:expected><x:was xml:space="preserve">XPath: /*/*[@name='option.required']/@value='import 1a'
Value: true</x:was></x:test-result></x:description><x:description xml:base="file:/home/jostein/xprocspec/src/test/xprocspec/tests/import-1.xprocspec" test-base-uri="file:/home/jostein/xprocspec/src/test/xprocspec/tests/import-1.xprocspec" script="file:/home/jostein/xprocspec/src/test/xprocspec/steps/identity.xpl" test-grammar="xprocspec" temp-dir="file:/tmp/xprocspec-20130905160023007/xprocspec-2013090516002564/"><x:step-declaration><p:declare-step xmlns:p="http://www.w3.org/ns/xproc" xmlns:ex="http://example.net/ns" name="main" type="ex:identity" version="1.0" x:type="{http://example.net/ns}identity"><p:input port="source.document.primary" kind="document" primary="true" sequence="false"><p:inline>
            <source.document.primary.default/>
        </p:inline></p:input><p:input port="source.document.secondary.sequence" kind="document" sequence="true" primary="false"><p:inline>
            <source.document.secondary.sequence/>
        </p:inline></p:input><p:input select="/*/*" port="source.document.secondary.select-children" kind="document" sequence="true" primary="false"><p:inline>
            <default>
                <default/>
                <default/>
            </default>
        </p:inline></p:input><p:input port="source.parameter.primary.sequence" primary="true" kind="parameter" sequence="true"/><p:output port="result.document.primary" kind="document" primary="true" sequence="false"><p:pipe port="source.document.primary" step="main"/></p:output><p:output port="result.document.secondary.sequence" kind="document" sequence="true" primary="false"><p:pipe port="source.document.secondary.sequence" step="main"/></p:output><p:output port="result.document.secondary.select-children" kind="document" sequence="true" primary="false"><p:pipe port="source.document.secondary.select-children" step="main"/></p:output><p:output port="result.parameter.primary" kind="document" sequence="false" primary="false"><p:pipe port="result" step="parameters"/></p:output><p:output port="options" kind="document" sequence="false" primary="false"><p:pipe port="result" step="options"/></p:output><p:option name="option"/><p:option name="option.required" required="true"/><p:option name="option.default" select="'default'"/></p:declare-step></x:step-declaration><x:scenario xmlns:e="http://example.net/ns" end-time="2013-09-05T14:00:25.974Z" label="identity" start-time="2013-09-05T14:00:25.966Z"><x:call x:type="{http://example.net/ns}identity" step="e:identity"><x:option select="'import 1b'" name="option.required" value=""/></x:call>
                                                <x:context label="errors" id="errors">
                                                    
                                                </x:context>
                                            
                                                <x:expect type="count" label="the step should execute successfully without throwing any errors" max="0" contextref="errors"/>
                                            <x:context label="the results" id="context1">
            <x:document xml:base="file:/home/jostein/xprocspec/src/test/xprocspec/steps/identity.xpl" xml:space="preserve" type="inline">
                <c:options xmlns:ex="http://example.net/ns">
                    
                    <c:option name="option.required" value="import 1b"/>
                    <c:option name="option.default" value="default"/>
                </c:options>
            </x:document>
        </x:context><x:expect type="xpath" label="the option 'option.required' should have the value 'import 1b'" test="/*/*[@name='option.required']/@value='import 1b'" contextref="context1"/></x:scenario><x:output port="result.document.primary"><x:document xml:base="file:/home/jostein/xprocspec/src/test/xprocspec/tests/import-1.xprocspec" xml:space="preserve" type="inline">
            <source.document.primary.default xmlns:ex="http://example.net/ns"/>
        </x:document></x:output><x:output port="result.document.secondary.sequence"><x:document xml:base="file:/home/jostein/xprocspec/src/test/xprocspec/steps/identity.xpl" xml:space="preserve" type="inline">
            <source.document.secondary.sequence xmlns:ex="http://example.net/ns"/>
        </x:document></x:output><x:output port="result.document.secondary.select-children"><x:document xml:base="file:/home/jostein/xprocspec/src/test/xprocspec/steps/identity.xpl" xml:space="preserve" type="inline"><default xmlns:ex="http://example.net/ns"/></x:document><x:document xml:base="file:/home/jostein/xprocspec/src/test/xprocspec/steps/identity.xpl" xml:space="preserve" type="inline"><default xmlns:ex="http://example.net/ns"/></x:document></x:output><x:output port="result.parameter.primary"><x:document xml:base="file:/home/jostein/xprocspec/src/test/xprocspec/steps/identity.xpl" xml:space="preserve" type="inline"><c:param-set/></x:document></x:output><x:output port="options"><x:document xml:base="file:/home/jostein/xprocspec/src/test/xprocspec/steps/identity.xpl" xml:space="preserve" type="inline">
                <c:options xmlns:ex="http://example.net/ns">
                    
                    <c:option name="option.required" value="import 1b"/>
                    <c:option name="option.default" value="default"/>
                </c:options>
            </x:document></x:output><x:test-result contextref="errors" result="passed" max="0" label="the step should execute successfully without throwing any errors" type="count">
                                                        <x:expected>At most 0 documents.</x:expected>
                                                    <x:was>0</x:was></x:test-result><x:test-result contextref="context1" result="passed" test="/*/*[@name='option.required']/@value='import 1b'" label="the option 'option.required' should have the value 'import 1b'" type="xpath"><x:expected xml:space="preserve">XPath: true()
Value: true</x:expected><x:was xml:space="preserve">XPath: /*/*[@name='option.required']/@value='import 1b'
Value: true</x:was></x:test-result></x:description><x:description xml:base="file:/home/jostein/xprocspec/src/test/xprocspec/tests/import-1.xprocspec" test-base-uri="file:/home/jostein/xprocspec/src/test/xprocspec/tests/import-1.xprocspec" script="file:/home/jostein/xprocspec/src/test/xprocspec/steps/identity.xpl" test-grammar="xprocspec" temp-dir="file:/tmp/xprocspec-20130905160023007/xprocspec-2013090516002564/"><x:step-declaration><p:declare-step xmlns:p="http://www.w3.org/ns/xproc" xmlns:ex="http://example.net/ns" name="main" type="ex:identity" version="1.0" x:type="{http://example.net/ns}identity"><p:input port="source.document.primary" kind="document" primary="true" sequence="false"><p:inline>
            <source.document.primary.default/>
        </p:inline></p:input><p:input port="source.document.secondary.sequence" kind="document" sequence="true" primary="false"><p:inline>
            <source.document.secondary.sequence/>
        </p:inline></p:input><p:input select="/*/*" port="source.document.secondary.select-children" kind="document" sequence="true" primary="false"><p:inline>
            <default>
                <default/>
                <default/>
            </default>
        </p:inline></p:input><p:input port="source.parameter.primary.sequence" primary="true" kind="parameter" sequence="true"/><p:output port="result.document.primary" kind="document" primary="true" sequence="false"><p:pipe port="source.document.primary" step="main"/></p:output><p:output port="result.document.secondary.sequence" kind="document" sequence="true" primary="false"><p:pipe port="source.document.secondary.sequence" step="main"/></p:output><p:output port="result.document.secondary.select-children" kind="document" sequence="true" primary="false"><p:pipe port="source.document.secondary.select-children" step="main"/></p:output><p:output port="result.parameter.primary" kind="document" sequence="false" primary="false"><p:pipe port="result" step="parameters"/></p:output><p:output port="options" kind="document" sequence="false" primary="false"><p:pipe port="result" step="options"/></p:output><p:option name="option"/><p:option name="option.required" required="true"/><p:option name="option.default" select="'default'"/></p:declare-step></x:step-declaration><x:scenario xmlns:e="http://example.net/ns" end-time="2013-09-05T14:00:26.045Z" label="identity" start-time="2013-09-05T14:00:26.035Z"><x:call x:type="{http://example.net/ns}identity" step="e:identity"><x:option select="'import 1'" name="option.required" value=""/></x:call>
                                                <x:context label="errors" id="errors">
                                                    
                                                </x:context>
                                            
                                                <x:expect type="count" label="the step should execute successfully without throwing any errors" max="0" contextref="errors"/>
                                            <x:context label="the results" id="context2">
            <x:document xml:base="file:/home/jostein/xprocspec/src/test/xprocspec/steps/identity.xpl" xml:space="preserve" type="inline">
                <c:options xmlns:ex="http://example.net/ns">
                    
                    <c:option name="option.required" value="import 1"/>
                    <c:option name="option.default" value="default"/>
                </c:options>
            </x:document>
        </x:context><x:expect type="xpath" label="the option 'option.required' should have the value 'import 1'" test="/*/*[@name='option.required']/@value='import 1'" contextref="context2"/></x:scenario><x:output port="result.document.primary"><x:document xml:base="file:/home/jostein/xprocspec/src/test/xprocspec/tests/import-1.xprocspec" xml:space="preserve" type="inline">
            <source.document.primary.default xmlns:ex="http://example.net/ns"/>
        </x:document></x:output><x:output port="result.document.secondary.sequence"><x:document xml:base="file:/home/jostein/xprocspec/src/test/xprocspec/steps/identity.xpl" xml:space="preserve" type="inline">
            <source.document.secondary.sequence xmlns:ex="http://example.net/ns"/>
        </x:document></x:output><x:output port="result.document.secondary.select-children"><x:document xml:base="file:/home/jostein/xprocspec/src/test/xprocspec/steps/identity.xpl" xml:space="preserve" type="inline"><default xmlns:ex="http://example.net/ns"/></x:document><x:document xml:base="file:/home/jostein/xprocspec/src/test/xprocspec/steps/identity.xpl" xml:space="preserve" type="inline"><default xmlns:ex="http://example.net/ns"/></x:document></x:output><x:output port="result.parameter.primary"><x:document xml:base="file:/home/jostein/xprocspec/src/test/xprocspec/steps/identity.xpl" xml:space="preserve" type="inline"><c:param-set/></x:document></x:output><x:output port="options"><x:document xml:base="file:/home/jostein/xprocspec/src/test/xprocspec/steps/identity.xpl" xml:space="preserve" type="inline">
                <c:options xmlns:ex="http://example.net/ns">
                    
                    <c:option name="option.required" value="import 1"/>
                    <c:option name="option.default" value="default"/>
                </c:options>
            </x:document></x:output><x:test-result contextref="errors" result="passed" max="0" label="the step should execute successfully without throwing any errors" type="count">
                                                        <x:expected>At most 0 documents.</x:expected>
                                                    <x:was>0</x:was></x:test-result><x:test-result contextref="context2" result="passed" test="/*/*[@name='option.required']/@value='import 1'" label="the option 'option.required' should have the value 'import 1'" type="xpath"><x:expected xml:space="preserve">XPath: true()
Value: true</x:expected><x:was xml:space="preserve">XPath: /*/*[@name='option.required']/@value='import 1'
Value: true</x:was></x:test-result></x:description></x:test-report></x:document></x:output><x:output port="html"><x:document xml:base="file:/home/jostein/xprocspec/src/main/resources/content/xml/xproc/report/report-template.xhtml" xml:space="preserve" type="inline"><html xmlns="http://www.w3.org/1999/xhtml"><head><title>Test Report for file:/home/jostein/xprocspec/src/test/xprocspec/tests/import-1.xprocspec (passed:6 / pending:0 / failed:0 / errors:0 / total:6)</title>
        <meta charset="utf-8"/>
        <style type="text/css" xml:space="preserve">/**/
/****************************************************************************/
/*  File:       test-report.css                                             */
/*  Author:     Jeni Tennsion                                               */
/*  URI:        http://xspec.googlecode.com/                                */
/*  Tags:                                                                   */
/*    Copyright (c) 2008, 2010 Jeni Tennsion (see end of file.)             */
/* ------------------------------------------------------------------------ */


/* test */

/* box model */

body {
	margin-right: 1em;
	/*margin-left: 10%;*/
	}

h1 {
	padding: 0.3em 0.5em 0.3em 0.5em;
	position: relative;
	}

h2 {
	padding: 0.1em 0.5em 0.2em 0.5em;
	}

h3 {
	padding-left: 0.6em;
	}

h4 {
	padding-left: 0.8em;
	}

p, table {
	/*margin-left: 5%;*/
	}

dd ul, dd ol {
	margin-left: 0%;
	}

li ul, li ol {
	/*margin-left: 5%;*/
	}

dl, ul, ol, blockquote {
	/*margin-left: 10%;*/
	}

dt {
  padding-top: 3px;
  padding-bottom: 3px;
	clear: both;
	}

dd p {
	/*margin-left: -5px;*/
	margin-top: 5px;
	clear: both;
	}

p.link {
	margin-top: 4px;
	margin-bottom: 0px;
	clear: both;
	}

tr td, td p, li, li p {
	margin-left: 0%;
	}

td:nth-child(2) {
	padding-left: 5%;
	}

.link img, dt img {
	vertical-align: middle;
	position: relative;
	top: -5px;
	}

img {
	position: relative;
	}

#xml-link {
	position: absolute;
	left: 5px;
	top: 5px;
	width: 10%;
	margin-left: 0%;
	}

#link-up {
	position: absolute;
	left: 93%;
	right: 2em;
	top: 0.3em;
	}

#link-top {
	position: absolute;
	left: 89%;
	right: 4em;
	top: 0.3em;
	}
	
.popup {
	display: block;
	visibility: hidden;
	float: right;
	position: absolute;
	top: 5px;
	left: -200px;
	z-index: 1;
	padding: 0.3em;
	width: 220px;
	}

.note {
	position: relative;
	}

.post {
	/*margin-left: 5%;*/
	padding-top: 1em;
	}
	
.example, .sidebar {
  /*margin-left: 5%;*/
  margin-top: 1em;
  margin-bottom: 1em;
  }

/*pre {
	padding-left: 5%;
	margin-left: 5%;
	}*/

/*dd pre, li pre {
	padding-left: 5%;
	}*/

/* fonts */
/* Oxygen  */
body, table {
    font-family:arial, helvetica, sans-serif;
    font-size:12px;
}
/* Oxygen  */

/*body {
	font-family: Verdana, arial, sans-serif;
	font-size: small;
	}*/	

/*h1, h2, h3, h4, h5, h6 {
	font-family: 'trebuchet MS', arial, sans-serif;
	}*/

h1 {
	font-size: 173%;
	font-weight: bold;
	}

h2 {
	font-size: 144%;
	font-weight: normal;
	}

h3 {
	font-size: 120%;
	font-weight: normal;
	}

h4 {
  font-size: 100%;
  font-weight: bold;
}

dt {
	font-weight: bold;
	}

a:link, a:visited, a:active, a:hover {
	font-weight: bold;
	}

a.offsite:link, a.offsite:visited, a.offsite:active, a.offsite:hover {
	font-weight: normal;
	}

/* suppress the normal italics */
address {
	font-style: normal;
	}

div.example, .sidebar {
  font-family: Verdana, arial, sans-serif;
  font-size: 100%;
  }


.note, .link {
	font-family: Verdana, arial, sans-serif;
	/*font-size: 83%;*/
	}

/*.example, .string, .rtf, .code, pre, code {
	font-family: "Lucida Console", "Courier New", monospace;*/
  /*font-size: 83%;*/
/*	}*/

.boolean {
	font-style: italic;
	}

#colophon, #xml-link {
	font-size: 69%;
	}

.question, .title {
	font-weight: bold;
	}

/* colours */
body {
	background-color: white;
	color: black;
	border: 0px none black;
	}

/* this is to make Navigator fill the entire line */
h1, h2 {
	border: 1px solid white;
	width: auto;
	}

h1 {
	/*background: #606;*/
	/*color: #6F6;*/
	}

h2 {
	color: #606;
	/*background: #CFC;*/
	}

hr {
	color: #606;
	background: white;
	}

img, a:link img, a:visited img, a:hover img, a:active img, #link-up img, #link-top img {
	border: 0px none white;
	background: transparent;
	}

/* OXYGEN */
a, a:visited {
    color:rgb(0, 0, 150);
    background-color:inherit;
    font-weight: bold;
}
a:link, a:visited {
    text-decoration:none; 
}
a:hover {
    text-decoration:underline;
}

/* OXYGEN */

a.img:hover, a.img:active {
	background: transparent;
	}

#colophon, #xml-link, .note {
	color: #666;
	}

#colophon a:link, #colophon a:visited, #colophon a:hover,
#xml-link a:link, #xml-link a:visited, #xml-link a:hover,
.note a:link, .note a:visited, .note a:hover {
	color: #969;
	background: transparent;
	}

#colophon a:hover, #xml-link a:hover, .note a:hover {
	background: #CFC;
	color: #969;
	}

.popup {
	background: white;
	border: 1px solid #606;
	}

.post {
	border-top: 2px solid #606;
	}
	
.example {
  border-top: 2px solid #606;
  border-bottom: 2px solid #606;
  }
  
.sidebar {
  border-top: 2px solid #090;
  border-bottom: 2px solid #090;
  }
  
.rng {
  border-left: 2px solid #666;
  }

.same {
  background-color: rgb(206, 239, 174);
}

.diff {
  background-color: #FCC;
}

.whitespace {
	font-style: italic;
	color: #999;
	background: white;
}

.ignored {
  font-style: italic;
  color: #999;
  background: white;
}

.hit {
}

.missed {
  background-color: #A33;
  color: white;
}

/* text */
ol ol li {
	list-style: lower-alpha;
	}

th {
	text-align: left;
	}

td {
	vertical-align: top;
	}

h1 {
	text-transform: uppercase;
	}

h2, h3 {
	/*text-transform: capitalize;*/
	}

.question {
	text-indent: -33px;
	}

.byline {
	text-align: right;
	}

#link-top, #link-up {
	text-align: right;
	}

a {
	text-decoration: none;
	}

table { width: 85%;
        /* border: collapse; */ }

th { text-align: left; }

.xspec tbody th { font-weight: normal; /*font-size: 0.8em;*/ border-top: 1px #666 solid; }
.xspec tbody td { /*font-size: 0.8em;*/ color: #666; }

.successful.label th, .successful.label td { background-color: #CFC; }
.pending.label th, .pending.label td { background-color: #DDD; color: #666; }
.failed.label th, .failed.label td { background-color: #FCC; }
.error.label th, .error.label td { background-color: #FAA; }
/*body &gt; table tbody .failed.label th:first-child:before {content:url(data:image/png;base64,iVBORw0KGgoAAAANSUhEUgAAAAwAAAAMCAYAAABWdVznAAAAGXRFWHRTb2Z0d2FyZQBBZG9iZSBJbWFnZVJlYWR5ccllPAAAA2ZpVFh0WE1MOmNvbS5hZG9iZS54bXAAAAAAADw/eHBhY2tldCBiZWdpbj0i77u/IiBpZD0iVzVNME1wQ2VoaUh6cmVTek5UY3prYzlkIj8+IDx4OnhtcG1ldGEgeG1sbnM6eD0iYWRvYmU6bnM6bWV0YS8iIHg6eG1wdGs9IkFkb2JlIFhNUCBDb3JlIDUuMy1jMDExIDY2LjE0NTY2MSwgMjAxMi8wMi8wNi0xNDo1NjoyNyAgICAgICAgIj4gPHJkZjpSREYgeG1sbnM6cmRmPSJodHRwOi8vd3d3LnczLm9yZy8xOTk5LzAyLzIyLXJkZi1zeW50YXgtbnMjIj4gPHJkZjpEZXNjcmlwdGlvbiByZGY6YWJvdXQ9IiIgeG1sbnM6eG1wTU09Imh0dHA6Ly9ucy5hZG9iZS5jb20veGFwLzEuMC9tbS8iIHhtbG5zOnN0UmVmPSJodHRwOi8vbnMuYWRvYmUuY29tL3hhcC8xLjAvc1R5cGUvUmVzb3VyY2VSZWYjIiB4bWxuczp4bXA9Imh0dHA6Ly9ucy5hZG9iZS5jb20veGFwLzEuMC8iIHhtcE1NOk9yaWdpbmFsRG9jdW1lbnRJRD0ieG1wLmRpZDpCQjU0NjU4QjIyQTNFMTExQkI5Rjk5QkQ4RkQ5RUJFQiIgeG1wTU06RG9jdW1lbnRJRD0ieG1wLmRpZDpEQTUyOTdBQUEzRDUxMUUxQTQwN0YzMUI0Nzg3NDU1RSIgeG1wTU06SW5zdGFuY2VJRD0ieG1wLmlpZDpEQTUyOTdBOUEzRDUxMUUxQTQwN0YzMUI0Nzg3NDU1RSIgeG1wOkNyZWF0b3JUb29sPSJBZG9iZSBQaG90b3Nob3AgQ1M2IChXaW5kb3dzKSI+IDx4bXBNTTpEZXJpdmVkRnJvbSBzdFJlZjppbnN0YW5jZUlEPSJ4bXAuaWlkOjQ4MTZDRTNCRDVBM0UxMTFBQTI2QTBCMjZENzg1Qzg5IiBzdFJlZjpkb2N1bWVudElEPSJ4bXAuZGlkOkJCNTQ2NThCMjJBM0UxMTFCQjlGOTlCRDhGRDlFQkVCIi8+IDwvcmRmOkRlc2NyaXB0aW9uPiA8L3JkZjpSREY+IDwveDp4bXBtZXRhPiA8P3hwYWNrZXQgZW5kPSJyIj8+aHNJrgAAAZ1JREFUeNpsUssrRGEU/907985YMDPNYlh4hbKZPMdgR3aysrGSSFIeKyUKpewoRTYkmcgCf4MsMI2FPDYGKeUZSoru4/uc82VC+W7fOeee+zvn/M45V1uuyCmVwDogq0hDklD6jy1dspNkdxokVrIzPFUh0/MD5OdXoJDwPFtu3d2ns6TTp9oggTlFZlmN0o4AHMmXfJGo0lmGzoE1OgmNHf5YA8rmN5HfM6wADmUuHphA9cIW/JX1yiek9DIlyijxkNjBzXYche19gNcHzfShoLUdVxtLuD/cYzCoMAzCwqYrhMDx9Chs20JRWzf4nMcXcDI3pYAqQHIAtWUJbpKursMMhpA+RiAEGzpc4X5XkDB4GjaHmiZik/PIa2rBEWVlSuW9Q+T3YndskBi46QpQFcLltchtbEZyZhxna4uKhmV9Ito/gtPNOG4P99WItdlIWARNXWOAv6AEr9cplel7/ggUleDlMqUSvNnCobHKxDsNnqs8XaWUZopp/XhxTkOR+HDVOveYUge9rNLyY9SU9v+vwXuUB2R0fQkwABfn/VKSjTLBAAAAAElFTkSuQmCC) " "}*/
/*body &gt; table tbody .error.label th:first-child:before {content:url(data:image/png;base64,iVBORw0KGgoAAAANSUhEUgAAAAwAAAAMCAYAAABWdVznAAAABmJLR0QAAAAAAAD5Q7t/AAAACXBIWXMAAAsTAAALEwEAmpwYAAAAB3RJTUUH3QcKER4AdkxvvQAAAdVJREFUKM89kM9KG0EAh7/JTHazZInEQwJ68KIWLx6Etj6EjxAobYSsD+BjCJ682EOp0FMueYmS0FMICF4i6tFNzJ/dyRh2Znoo6Xf+Pn7wEzc3Nx/W6/UvY8xJnudkWYa1Fu893nviOCaKIhuG4R/v/Ve1Xq9/bG1tnezs7JDnOVpr3t/fcc4hpaRSqVCpVORqtTp9e3v7rrTWn5vNJpPJhHK5zHg8JssyvPeEYcjR0RFpmlKr1ZjP5x9Li8VCbOR2u83BwQEvLy88PT1xfHzMxcUFQgjSNCXLskDlec5sNuPx8REpJZ1Oh+fnZ4QQnJ+fc319Tb/fZ29vD601SmvNdDplsVhwe3vLaDTi6uoKgCRJGAwGNBoNXl9fMcZQcs5hjGG1WpHnObVajQ3VahWtNcYYjDE451Cb+7z3JElCkiScnZ0hpaTX67G7u0u328V7/y+oVqsIITg8PKTT6dBqtRgOhzjnaLVa3N3dcX9/z3K5JI5jxOXlpSuKQqRpirWWh4eH//Plcpn9/X2cc2xvb1MqlQqllBpYa0/jOGYymdBsNsmyDOccURRRFAX1eh2lFGEY/lZBEHyx1v703n8KgkBEUYSUEu/9RkIIUQRB0A/D8NtflUT+nn4OS+0AAAAASUVORK5CYII=) " "}*/
.failed.label th:first-child:before, .failed.label td:first-child:before {content:url(data:image/png;base64,iVBORw0KGgoAAAANSUhEUgAAAAwAAAAMCAYAAABWdVznAAAAGXRFWHRTb2Z0d2FyZQBBZG9iZSBJbWFnZVJlYWR5ccllPAAAA2ZpVFh0WE1MOmNvbS5hZG9iZS54bXAAAAAAADw/eHBhY2tldCBiZWdpbj0i77u/IiBpZD0iVzVNME1wQ2VoaUh6cmVTek5UY3prYzlkIj8+IDx4OnhtcG1ldGEgeG1sbnM6eD0iYWRvYmU6bnM6bWV0YS8iIHg6eG1wdGs9IkFkb2JlIFhNUCBDb3JlIDUuMy1jMDExIDY2LjE0NTY2MSwgMjAxMi8wMi8wNi0xNDo1NjoyNyAgICAgICAgIj4gPHJkZjpSREYgeG1sbnM6cmRmPSJodHRwOi8vd3d3LnczLm9yZy8xOTk5LzAyLzIyLXJkZi1zeW50YXgtbnMjIj4gPHJkZjpEZXNjcmlwdGlvbiByZGY6YWJvdXQ9IiIgeG1sbnM6eG1wTU09Imh0dHA6Ly9ucy5hZG9iZS5jb20veGFwLzEuMC9tbS8iIHhtbG5zOnN0UmVmPSJodHRwOi8vbnMuYWRvYmUuY29tL3hhcC8xLjAvc1R5cGUvUmVzb3VyY2VSZWYjIiB4bWxuczp4bXA9Imh0dHA6Ly9ucy5hZG9iZS5jb20veGFwLzEuMC8iIHhtcE1NOk9yaWdpbmFsRG9jdW1lbnRJRD0ieG1wLmRpZDpCQjU0NjU4QjIyQTNFMTExQkI5Rjk5QkQ4RkQ5RUJFQiIgeG1wTU06RG9jdW1lbnRJRD0ieG1wLmRpZDpEQTUyOTdBQUEzRDUxMUUxQTQwN0YzMUI0Nzg3NDU1RSIgeG1wTU06SW5zdGFuY2VJRD0ieG1wLmlpZDpEQTUyOTdBOUEzRDUxMUUxQTQwN0YzMUI0Nzg3NDU1RSIgeG1wOkNyZWF0b3JUb29sPSJBZG9iZSBQaG90b3Nob3AgQ1M2IChXaW5kb3dzKSI+IDx4bXBNTTpEZXJpdmVkRnJvbSBzdFJlZjppbnN0YW5jZUlEPSJ4bXAuaWlkOjQ4MTZDRTNCRDVBM0UxMTFBQTI2QTBCMjZENzg1Qzg5IiBzdFJlZjpkb2N1bWVudElEPSJ4bXAuZGlkOkJCNTQ2NThCMjJBM0UxMTFCQjlGOTlCRDhGRDlFQkVCIi8+IDwvcmRmOkRlc2NyaXB0aW9uPiA8L3JkZjpSREY+IDwveDp4bXBtZXRhPiA8P3hwYWNrZXQgZW5kPSJyIj8+aHNJrgAAAZ1JREFUeNpsUssrRGEU/907985YMDPNYlh4hbKZPMdgR3aysrGSSFIeKyUKpewoRTYkmcgCf4MsMI2FPDYGKeUZSoru4/uc82VC+W7fOeee+zvn/M45V1uuyCmVwDogq0hDklD6jy1dspNkdxokVrIzPFUh0/MD5OdXoJDwPFtu3d2ns6TTp9oggTlFZlmN0o4AHMmXfJGo0lmGzoE1OgmNHf5YA8rmN5HfM6wADmUuHphA9cIW/JX1yiek9DIlyijxkNjBzXYche19gNcHzfShoLUdVxtLuD/cYzCoMAzCwqYrhMDx9Chs20JRWzf4nMcXcDI3pYAqQHIAtWUJbpKursMMhpA+RiAEGzpc4X5XkDB4GjaHmiZik/PIa2rBEWVlSuW9Q+T3YndskBi46QpQFcLltchtbEZyZhxna4uKhmV9Ito/gtPNOG4P99WItdlIWARNXWOAv6AEr9cplel7/ggUleDlMqUSvNnCobHKxDsNnqs8XaWUZopp/XhxTkOR+HDVOveYUge9rNLyY9SU9v+vwXuUB2R0fQkwABfn/VKSjTLBAAAAAElFTkSuQmCC) " "}
.error.label th:first-child:before, .error.label td:first-child:before {content:url(data:image/png;base64,iVBORw0KGgoAAAANSUhEUgAAAAwAAAAMCAYAAABWdVznAAAABmJLR0QAAAAAAAD5Q7t/AAAACXBIWXMAAAsTAAALEwEAmpwYAAAAB3RJTUUH3QcKER4AdkxvvQAAAdVJREFUKM89kM9KG0EAh7/JTHazZInEQwJ68KIWLx6Etj6EjxAobYSsD+BjCJ682EOp0FMueYmS0FMICF4i6tFNzJ/dyRh2Znoo6Xf+Pn7wEzc3Nx/W6/UvY8xJnudkWYa1Fu893nviOCaKIhuG4R/v/Ve1Xq9/bG1tnezs7JDnOVpr3t/fcc4hpaRSqVCpVORqtTp9e3v7rrTWn5vNJpPJhHK5zHg8JssyvPeEYcjR0RFpmlKr1ZjP5x9Li8VCbOR2u83BwQEvLy88PT1xfHzMxcUFQgjSNCXLskDlec5sNuPx8REpJZ1Oh+fnZ4QQnJ+fc319Tb/fZ29vD601SmvNdDplsVhwe3vLaDTi6uoKgCRJGAwGNBoNXl9fMcZQcs5hjGG1WpHnObVajQ3VahWtNcYYjDE451Cb+7z3JElCkiScnZ0hpaTX67G7u0u328V7/y+oVqsIITg8PKTT6dBqtRgOhzjnaLVa3N3dcX9/z3K5JI5jxOXlpSuKQqRpirWWh4eH//Plcpn9/X2cc2xvb1MqlQqllBpYa0/jOGYymdBsNsmyDOccURRRFAX1eh2lFGEY/lZBEHyx1v703n8KgkBEUYSUEu/9RkIIUQRB0A/D8NtflUT+nn4OS+0AAAAASUVORK5CYII=) " "}
.pending.label th:first-child:before, .pending.label td:first-child:before {content:url(data:image/png;base64,iVBORw0KGgoAAAANSUhEUgAAAAwAAAAMCAYAAABWdVznAAAAGXRFWHRTb2Z0d2FyZQBBZG9iZSBJbWFnZVJlYWR5ccllPAAAA2ZpVFh0WE1MOmNvbS5hZG9iZS54bXAAAAAAADw/eHBhY2tldCBiZWdpbj0i77u/IiBpZD0iVzVNME1wQ2VoaUh6cmVTek5UY3prYzlkIj8+IDx4OnhtcG1ldGEgeG1sbnM6eD0iYWRvYmU6bnM6bWV0YS8iIHg6eG1wdGs9IkFkb2JlIFhNUCBDb3JlIDUuMy1jMDExIDY2LjE0NTY2MSwgMjAxMi8wMi8wNi0xNDo1NjoyNyAgICAgICAgIj4gPHJkZjpSREYgeG1sbnM6cmRmPSJodHRwOi8vd3d3LnczLm9yZy8xOTk5LzAyLzIyLXJkZi1zeW50YXgtbnMjIj4gPHJkZjpEZXNjcmlwdGlvbiByZGY6YWJvdXQ9IiIgeG1sbnM6eG1wTU09Imh0dHA6Ly9ucy5hZG9iZS5jb20veGFwLzEuMC9tbS8iIHhtbG5zOnN0UmVmPSJodHRwOi8vbnMuYWRvYmUuY29tL3hhcC8xLjAvc1R5cGUvUmVzb3VyY2VSZWYjIiB4bWxuczp4bXA9Imh0dHA6Ly9ucy5hZG9iZS5jb20veGFwLzEuMC8iIHhtcE1NOk9yaWdpbmFsRG9jdW1lbnRJRD0ieG1wLmRpZDpCQjU0NjU4QjIyQTNFMTExQkI5Rjk5QkQ4RkQ5RUJFQiIgeG1wTU06RG9jdW1lbnRJRD0ieG1wLmRpZDpDODdDM0Y0QUEzRDUxMUUxQjk5N0MzQjVFRDMyQUE1MiIgeG1wTU06SW5zdGFuY2VJRD0ieG1wLmlpZDpDODdDM0Y0OUEzRDUxMUUxQjk5N0MzQjVFRDMyQUE1MiIgeG1wOkNyZWF0b3JUb29sPSJBZG9iZSBQaG90b3Nob3AgQ1M2IChXaW5kb3dzKSI+IDx4bXBNTTpEZXJpdmVkRnJvbSBzdFJlZjppbnN0YW5jZUlEPSJ4bXAuaWlkOjQ4MTZDRTNCRDVBM0UxMTFBQTI2QTBCMjZENzg1Qzg5IiBzdFJlZjpkb2N1bWVudElEPSJ4bXAuZGlkOkJCNTQ2NThCMjJBM0UxMTFCQjlGOTlCRDhGRDlFQkVCIi8+IDwvcmRmOkRlc2NyaXB0aW9uPiA8L3JkZjpSREY+IDwveDp4bXBtZXRhPiA8P3hwYWNrZXQgZW5kPSJyIj8+yj6RYgAAAPZJREFUeNp0kM8KgkAQxmc1E0Wfo3vQn5eRSDx4EUHwbTpEhx4lil7DiydBQUFXp5nAMNsGhpnd/X77za4Iw3CFiFcAWFMFDkXtKZ/UHhfUnB3HWdu2/REpAL2u631ZlicGdpZlwTAMSmBM0zS5bhgQLB5FU3AOUS4XvNn3vVKgAACCIMA0TbFpGsyyDJMkefdFUWAcx1hVFeZ5jlEUoed5qPEI7KDrOhiG8e6llNC27Zcz77FW+L6Pruv+WKtGIzfgR39umv/UHOJgAMlO/BPOXCQDD5p3r2ma8lvHNU9BcWPg0HXdhRZbOhRT8aSXVO9U/ZcAAwAsmjsSQcM0lwAAAABJRU5ErkJggg==) " ";}
.successful.label th:first-child:before, .successful.label td:first-child:before {content:url(data:image/png;base64,iVBORw0KGgoAAAANSUhEUgAAAAwAAAAMCAYAAABWdVznAAAAGXRFWHRTb2Z0d2FyZQBBZG9iZSBJbWFnZVJlYWR5ccllPAAAA2ZpVFh0WE1MOmNvbS5hZG9iZS54bXAAAAAAADw/eHBhY2tldCBiZWdpbj0i77u/IiBpZD0iVzVNME1wQ2VoaUh6cmVTek5UY3prYzlkIj8+IDx4OnhtcG1ldGEgeG1sbnM6eD0iYWRvYmU6bnM6bWV0YS8iIHg6eG1wdGs9IkFkb2JlIFhNUCBDb3JlIDUuMy1jMDExIDY2LjE0NTY2MSwgMjAxMi8wMi8wNi0xNDo1NjoyNyAgICAgICAgIj4gPHJkZjpSREYgeG1sbnM6cmRmPSJodHRwOi8vd3d3LnczLm9yZy8xOTk5LzAyLzIyLXJkZi1zeW50YXgtbnMjIj4gPHJkZjpEZXNjcmlwdGlvbiByZGY6YWJvdXQ9IiIgeG1sbnM6eG1wTU09Imh0dHA6Ly9ucy5hZG9iZS5jb20veGFwLzEuMC9tbS8iIHhtbG5zOnN0UmVmPSJodHRwOi8vbnMuYWRvYmUuY29tL3hhcC8xLjAvc1R5cGUvUmVzb3VyY2VSZWYjIiB4bWxuczp4bXA9Imh0dHA6Ly9ucy5hZG9iZS5jb20veGFwLzEuMC8iIHhtcE1NOk9yaWdpbmFsRG9jdW1lbnRJRD0ieG1wLmRpZDpCQjU0NjU4QjIyQTNFMTExQkI5Rjk5QkQ4RkQ5RUJFQiIgeG1wTU06RG9jdW1lbnRJRD0ieG1wLmRpZDpEMDVBNThBQUEzRDUxMUUxQjdCQkM2QUNBMTNBMDExNiIgeG1wTU06SW5zdGFuY2VJRD0ieG1wLmlpZDpEMDVBNThBOUEzRDUxMUUxQjdCQkM2QUNBMTNBMDExNiIgeG1wOkNyZWF0b3JUb29sPSJBZG9iZSBQaG90b3Nob3AgQ1M2IChXaW5kb3dzKSI+IDx4bXBNTTpEZXJpdmVkRnJvbSBzdFJlZjppbnN0YW5jZUlEPSJ4bXAuaWlkOjQ4MTZDRTNCRDVBM0UxMTFBQTI2QTBCMjZENzg1Qzg5IiBzdFJlZjpkb2N1bWVudElEPSJ4bXAuZGlkOkJCNTQ2NThCMjJBM0UxMTFCQjlGOTlCRDhGRDlFQkVCIi8+IDwvcmRmOkRlc2NyaXB0aW9uPiA8L3JkZjpSREY+IDwveDp4bXBtZXRhPiA8P3hwYWNrZXQgZW5kPSJyIj8+xJ3YrgAAAYBJREFUeNpsUrtKA1EQPZtdY4gEQiD4QCsLEVGX4CP4AykEq1hYiGghCDZ+gBZWVtrZ+EAjaGOhfoAkNiaKhYWICilMEQNqoYjZ5O4d5+6ucQuLM3funDNzD7OrLe229YBwSKAEnyAP/pyIbL5fcz5rcNiLtuqJSEz3ickn5ruE/vFmJ9/LYjvAldGWqA7bJkgPtoAHQrS5G6NdiwhFWCoxHOCgKUL+iurkCBVawyamE8d4qmSZ51clBZUlh+RG14JzEsJNcaTNLVwWd1B6vXXqkmGoYNeVUPnW3JNr4+YarPoncvebEAKNekAlokaY6N/A1NA+SBgY6Eijtz2Fs5sVWNWawysorWNJsO+q9QWzaxLTYwfojA3isZzDfSnrWvTsNiyp7pOrZURC7ejrTDEpcVpY9ab+NSioLZEiapZA5nwBxZcC8g9HeK7ccYM7TDnwmoU2vx6/NIJaUjc0b0u8YvJNle5HdJvlhbI0Y31ThqsjTGr0/+8hOOQ5nfsRYACtHiy+FDd82wAAAABJRU5ErkJggg==) " "}
/*.successful.label a:before {content:url(data:image/png;base64,iVBORw0KGgoAAAANSUhEUgAAAAwAAAAMCAYAAABWdVznAAAAGXRFWHRTb2Z0d2FyZQBBZG9iZSBJbWFnZVJlYWR5ccllPAAAA2ZpVFh0WE1MOmNvbS5hZG9iZS54bXAAAAAAADw/eHBhY2tldCBiZWdpbj0i77u/IiBpZD0iVzVNME1wQ2VoaUh6cmVTek5UY3prYzlkIj8+IDx4OnhtcG1ldGEgeG1sbnM6eD0iYWRvYmU6bnM6bWV0YS8iIHg6eG1wdGs9IkFkb2JlIFhNUCBDb3JlIDUuMy1jMDExIDY2LjE0NTY2MSwgMjAxMi8wMi8wNi0xNDo1NjoyNyAgICAgICAgIj4gPHJkZjpSREYgeG1sbnM6cmRmPSJodHRwOi8vd3d3LnczLm9yZy8xOTk5LzAyLzIyLXJkZi1zeW50YXgtbnMjIj4gPHJkZjpEZXNjcmlwdGlvbiByZGY6YWJvdXQ9IiIgeG1sbnM6eG1wTU09Imh0dHA6Ly9ucy5hZG9iZS5jb20veGFwLzEuMC9tbS8iIHhtbG5zOnN0UmVmPSJodHRwOi8vbnMuYWRvYmUuY29tL3hhcC8xLjAvc1R5cGUvUmVzb3VyY2VSZWYjIiB4bWxuczp4bXA9Imh0dHA6Ly9ucy5hZG9iZS5jb20veGFwLzEuMC8iIHhtcE1NOk9yaWdpbmFsRG9jdW1lbnRJRD0ieG1wLmRpZDpCQjU0NjU4QjIyQTNFMTExQkI5Rjk5QkQ4RkQ5RUJFQiIgeG1wTU06RG9jdW1lbnRJRD0ieG1wLmRpZDpEMDVBNThBQUEzRDUxMUUxQjdCQkM2QUNBMTNBMDExNiIgeG1wTU06SW5zdGFuY2VJRD0ieG1wLmlpZDpEMDVBNThBOUEzRDUxMUUxQjdCQkM2QUNBMTNBMDExNiIgeG1wOkNyZWF0b3JUb29sPSJBZG9iZSBQaG90b3Nob3AgQ1M2IChXaW5kb3dzKSI+IDx4bXBNTTpEZXJpdmVkRnJvbSBzdFJlZjppbnN0YW5jZUlEPSJ4bXAuaWlkOjQ4MTZDRTNCRDVBM0UxMTFBQTI2QTBCMjZENzg1Qzg5IiBzdFJlZjpkb2N1bWVudElEPSJ4bXAuZGlkOkJCNTQ2NThCMjJBM0UxMTFCQjlGOTlCRDhGRDlFQkVCIi8+IDwvcmRmOkRlc2NyaXB0aW9uPiA8L3JkZjpSREY+IDwveDp4bXBtZXRhPiA8P3hwYWNrZXQgZW5kPSJyIj8+xJ3YrgAAAYBJREFUeNpsUrtKA1EQPZtdY4gEQiD4QCsLEVGX4CP4AykEq1hYiGghCDZ+gBZWVtrZ+EAjaGOhfoAkNiaKhYWICilMEQNqoYjZ5O4d5+6ucQuLM3funDNzD7OrLe229YBwSKAEnyAP/pyIbL5fcz5rcNiLtuqJSEz3ickn5ruE/vFmJ9/LYjvAldGWqA7bJkgPtoAHQrS5G6NdiwhFWCoxHOCgKUL+iurkCBVawyamE8d4qmSZ51clBZUlh+RG14JzEsJNcaTNLVwWd1B6vXXqkmGoYNeVUPnW3JNr4+YarPoncvebEAKNekAlokaY6N/A1NA+SBgY6Eijtz2Fs5sVWNWawysorWNJsO+q9QWzaxLTYwfojA3isZzDfSnrWvTsNiyp7pOrZURC7ejrTDEpcVpY9ab+NSioLZEiapZA5nwBxZcC8g9HeK7ccYM7TDnwmoU2vx6/NIJaUjc0b0u8YvJNle5HdJvlhbI0Y31ThqsjTGr0/+8hOOQ5nfsRYACtHiy+FDd82wAAAABJRU5ErkJggg==) " "}*/

.xspecResult { width: 90%; table-layout: fixed; }

.xspecResult td,
.xspecResult th { width: 50%; }

/*.xspecResult pre { 
  margin-left: 0; 
  padding: 0.5em; 
  overflow: auto; 
  border: 1px #999 dotted;
}*/

span.scenario-totals {float: right; width: 14.5%; text-align: left}

/* OXYGEN */
span.scenario-totals {float: right; width: 34.5%; text-align: right}

h2.failed {
    background-color: #FCC;
}

h1, h2 {
    width: 86%;
    /*margin-left: 3%;*/
    
    font-size:1.4em;
    font-weight:bold;
    text-align:left;
    margin-top:1.4em;
    margin-bottom:0.7em;
    color:#333333;
    background-color:inherit;
}

h1 {
    font-size:1.7em;
}

body &gt; h1:first-child:before {
    content:"XSLT UNIT ";
}

body &gt; h2:first-of-type {
    font-size:1.7em;
}

div &gt; table &gt; tbody &gt; tr &gt; th:first-child {
    font-weight:bold;
}

div &gt; h3 {
    font-weight:bold;
    /*margin-left: 3%;*/
}

div &gt; h4 {
    font-weight:normal;
    /*margin-left: 4%;*/
}

th.result { text-align: center; }
/* OXYGEN */


/* ------------------------------------------------------------------------ */
/*  DO NOT ALTER OR REMOVE COPYRIGHT NOTICES OR THIS COMMENT.               */
/*                                                                          */
/*  Copyright (c) 2008, 2010 Jeni Tennsion                                  */
/*                                                                          */
/*  The contents of this file are subject to the MIT License (see the URI   */
/*  http://www.opensource.org/licenses/mit-license.php for details).        */
/*                                                                          */
/*  Permission is hereby granted, free of charge, to any person obtaining   */
/*  a copy of this software and associated documentation files (the         */
/*  "Software"), to deal in the Software without restriction, including     */
/*  without limitation the rights to use, copy, modify, merge, publish,     */
/*  distribute, sublicense, and/or sell copies of the Software, and to      */
/*  permit persons to whom the Software is furnished to do so, subject to   */
/*  the following conditions:                                               */
/*                                                                          */
/*  The above copyright notice and this permission notice shall be          */
/*  included in all copies or substantial portions of the Software.         */
/*                                                                          */
/*  THE SOFTWARE IS PROVIDED "AS IS", WITHOUT WARRANTY OF ANY KIND,         */
/*  EXPRESS OR IMPLIED, INCLUDING BUT NOT LIMITED TO THE WARRANTIES OF      */
/*  MERCHANTABILITY, FITNESS FOR A PARTICULAR PURPOSE AND NONINFRINGEMENT.  */
/*  IN NO EVENT SHALL THE AUTHORS OR COPYRIGHT HOLDERS BE LIABLE FOR ANY    */
/*  CLAIM, DAMAGES OR OTHER LIABILITY, WHETHER IN AN ACTION OF CONTRACT,    */
/*  TORT OR OTHERWISE, ARISING FROM, OUT OF OR IN CONNECTION WITH THE       */
/*  SOFTWARE OR THE USE OR OTHER DEALINGS IN THE SOFTWARE.                  */
/* ------------------------------------------------------------------------ */

.nobr { white-space: nowrap; }
.scenario-label { text-indent: 0px; }
.context-label { text-indent: 10px; }
.test-label { text-indent: 20px; }
.pending-label { text-indent: 30px; }


        /**/</style>
    </head><body><h1>Test Report</h1><p>Script: <a href="file:/home/jostein/xprocspec/src/test/xprocspec/tests/import-1.xprocspec">file:/home/jostein/xprocspec/src/test/xprocspec/tests/import-1.xprocspec</a></p><p>Tested: 2013-09-05T16:00:26.758+02:00</p><h2>Contents</h2><table class="xspec"><col width="75%"/><col width="5%"/><col width="5%"/><col width="5%"/><col width="5%"/><col width="5%"/><thead><tr><th/><th class="result">passed:6</th><th class="result">pending:0</th><th class="result">failed:0</th><th class="result">errors:0</th><th class="result">total:6</th></tr></thead><tbody><tr class="successful label"><th><a href="#step1">ex:identity</a></th><th class="result">6</th><th class="result">0</th><th class="result">0</th><th class="result">0</th><th class="result">6</th></tr></tbody></table><div id="step1"><h2 class="successful">Calling: <a href="file:/home/jostein/xprocspec/src/test/xprocspec/steps/identity.xpl">ex:identity</a><span class="scenario-totals">passed:6 / pending:0 /
                                        failed:0 / errors:0 / total:6</span></h2><table class="xspec"><col width="80%"/><col width="20%"/><tbody><tr class="successful label"><th class="scenario-label">identity</th><th class="nobr">passed:2 / pending:0 / failed:0 / errors:0 / total:2</th></tr><tr class="successful label"><th class="context-label">errors</th><th class="nobr">passed:1 / pending:0 / failed:0 / errors:0 / total:1</th></tr><tr class="successful label"><td class="test-label">the step should execute successfully without throwing any errors</td><td>Success</td></tr><tr class="successful label"><th class="context-label">the results</th><th class="nobr">passed:1 / pending:0 / failed:0 / errors:0 / total:1</th></tr><tr class="successful label"><td class="test-label">the option 'option.required' should have the value 'import 1a'</td><td>Success</td></tr><tr class="successful label"><th class="scenario-label">identity</th><th class="nobr">passed:2 / pending:0 / failed:0 / errors:0 / total:2</th></tr><tr class="successful label"><th class="context-label">errors</th><th class="nobr">passed:1 / pending:0 / failed:0 / errors:0 / total:1</th></tr><tr class="successful label"><td class="test-label">the step should execute successfully without throwing any errors</td><td>Success</td></tr><tr class="successful label"><th class="context-label">the results</th><th class="nobr">passed:1 / pending:0 / failed:0 / errors:0 / total:1</th></tr><tr class="successful label"><td class="test-label">the option 'option.required' should have the value 'import 1b'</td><td>Success</td></tr><tr class="successful label"><th class="scenario-label">identity</th><th class="nobr">passed:2 / pending:0 / failed:0 / errors:0 / total:2</th></tr><tr class="successful label"><th class="context-label">errors</th><th class="nobr">passed:1 / pending:0 / failed:0 / errors:0 / total:1</th></tr><tr class="successful label"><td class="test-label">the step should execute successfully without throwing any errors</td><td>Success</td></tr><tr class="successful label"><th class="context-label">the results</th><th class="nobr">passed:1 / pending:0 / failed:0 / errors:0 / total:1</th></tr><tr class="successful label"><td class="test-label">the option 'option.required' should have the value 'import 1'</td><td>Success</td></tr></tbody></table></div><h2>Execution log</h2><table><thead><tr><th>Time</th><th>Severity</th><th>Message</th></tr></thead><tbody><tr style=""><td>0.000</td><td style="padding-left:0%;">INFO</td><td><code><pre>#### file:/home/jostein/xprocspec/src/test/xprocspec/tests/import-1.xprocspec ####</pre></code></td></tr><tr style=""><td>0.005</td><td style="padding-left:0%;">INFO</td><td><code><pre> * temporary directory: file:/tmp/xprocspec-20130905160023007/</pre></code></td></tr><tr style=""><td>0.010</td><td style="padding-left:0%;">INFO</td><td><code><pre>preprocessing...</pre></code></td></tr><tr style=""><td>0.030</td><td style="padding-left:0%;">INFO</td><td><code><pre> * checking for imports</pre></code></td></tr><tr style=""><td>0.036</td><td style="padding-left:0%;">INFO</td><td><code><pre> * checking file:/home/jostein/xprocspec/src/test/xprocspec/tests/import-1.xprocspec for imports</pre></code></td></tr><tr style=""><td>0.041</td><td style="padding-left:0%;">INFO</td><td><code><pre> * importing: file:/home/jostein/xprocspec/src/test/xprocspec/tests/import-1a.xprocspec</pre></code></td></tr><tr style=""><td>0.056</td><td style="padding-left:0%;">INFO</td><td><code><pre> * checking file:/home/jostein/xprocspec/src/test/xprocspec/tests/import-1a.xprocspec for imports</pre></code></td></tr><tr style=""><td>0.062</td><td style="padding-left:0%;">INFO</td><td><code><pre> * importing: file:/home/jostein/xprocspec/src/test/xprocspec/tests/import-1b.xprocspec</pre></code></td></tr><tr style=""><td>0.077</td><td style="padding-left:0%;">INFO</td><td><code><pre> * checking file:/home/jostein/xprocspec/src/test/xprocspec/tests/import-1b.xprocspec for imports</pre></code></td></tr><tr style=""><td>0.083</td><td style="padding-left:0%;">INFO</td><td><code><pre> * extracting step declarations from file:/home/jostein/xprocspec/src/test/xprocspec/steps/identity.xpl</pre></code></td></tr><tr style=""><td>0.090</td><td style="padding-left:0%;">INFO</td><td><code><pre> * tests reference 1 step</pre></code></td></tr><tr style=""><td>0.096</td><td style="padding-left:0%;">INFO</td><td><code><pre>   * step: e:identity</pre></code></td></tr><tr style=""><td>0.102</td><td style="padding-left:0%;">INFO</td><td><code><pre> * trying to load: file:/home/jostein/xprocspec/src/test/xprocspec/steps/identity.xpl</pre></code></td></tr><tr style=""><td>0.110</td><td style="padding-left:0%;">INFO</td><td><code><pre>   * success!</pre></code></td></tr><tr style=""><td>0.118</td><td style="padding-left:0%;">INFO</td><td><code><pre> * trying to extract the step declaration for {http://example.net/ns}identity from file:/home/jostein/xprocspec/src/test/xprocspec/steps/identity.xpl</pre></code></td></tr><tr style=""><td>0.132</td><td style="padding-left:0%;">INFO</td><td><code><pre> * creating a new x:description document for each x:scenario element with inferred inputs, options and parameters</pre></code></td></tr><tr style=""><td>0.154</td><td style="padding-left:0%;">INFO</td><td><code><pre> * validating output grammar</pre></code></td></tr><tr style=""><td>0.170</td><td style="padding-left:0%;">INFO</td><td><code><pre> * validating output grammar</pre></code></td></tr><tr style=""><td>0.184</td><td style="padding-left:0%;">INFO</td><td><code><pre> * validating output grammar</pre></code></td></tr><tr style=""><td>0.198</td><td style="padding-left:0%;">INFO</td><td><code><pre>compiling...</pre></code></td></tr><tr style=""><td>0.208</td><td style="padding-left:0%;">INFO</td><td><code><pre> * created directory using Calabash's cxf:mkdir</pre></code></td></tr><tr style=""><td>0.215</td><td style="padding-left:0%;">INFO</td><td><code><pre> * converting test 'test1' to XProc</pre></code></td></tr><tr style=""><td>0.232</td><td style="padding-left:0%;">INFO</td><td><code><pre>   * done</pre></code></td></tr><tr style=""><td>0.240</td><td style="padding-left:0%;">INFO</td><td><code><pre> * validating output grammar for file:/home/jostein/xprocspec/src/test/xprocspec/tests/import-1.xprocspec</pre></code></td></tr><tr style=""><td>0.257</td><td style="padding-left:0%;">INFO</td><td><code><pre>   * done!</pre></code></td></tr><tr style=""><td>0.265</td><td style="padding-left:0%;">INFO</td><td><code><pre> * converting test 'test2' to XProc</pre></code></td></tr><tr style=""><td>0.305</td><td style="padding-left:0%;">INFO</td><td><code><pre>   * done</pre></code></td></tr><tr style=""><td>0.314</td><td style="padding-left:0%;">INFO</td><td><code><pre> * validating output grammar for file:/home/jostein/xprocspec/src/test/xprocspec/tests/import-1.xprocspec</pre></code></td></tr><tr style=""><td>0.330</td><td style="padding-left:0%;">INFO</td><td><code><pre>   * done!</pre></code></td></tr><tr style=""><td>0.339</td><td style="padding-left:0%;">INFO</td><td><code><pre> * converting test 'test3' to XProc</pre></code></td></tr><tr style=""><td>0.372</td><td style="padding-left:0%;">INFO</td><td><code><pre>   * done</pre></code></td></tr><tr style=""><td>0.380</td><td style="padding-left:0%;">INFO</td><td><code><pre> * validating output grammar for file:/home/jostein/xprocspec/src/test/xprocspec/tests/import-1.xprocspec</pre></code></td></tr><tr style=""><td>0.395</td><td style="padding-left:0%;">INFO</td><td><code><pre>   * done!</pre></code></td></tr><tr style=""><td>0.403</td><td style="padding-left:0%;">INFO</td><td><code><pre> * using as temporary directory: file:/tmp/xprocspec-20130905160023007/xprocspec-2013090516002564/</pre></code></td></tr><tr style=""><td>0.410</td><td style="padding-left:0%;">INFO</td><td><code><pre>storing...</pre></code></td></tr><tr style=""><td>0.424</td><td style="padding-left:0%;">INFO</td><td><code><pre>running...</pre></code></td></tr><tr style=""><td>0.433</td><td style="padding-left:0%;">INFO</td><td><code><pre>   * loading 'file:/tmp/xprocspec-20130905160023007/test1.xpl'</pre></code></td></tr><tr style=""><td>0.503</td><td style="padding-left:0%;">INFO</td><td><code><pre>   * loading 'file:/tmp/xprocspec-20130905160023007/test2.xpl'</pre></code></td></tr><tr style=""><td>0.571</td><td style="padding-left:0%;">INFO</td><td><code><pre>   * loading 'file:/tmp/xprocspec-20130905160023007/test3.xpl'</pre></code></td></tr><tr style=""><td>0.646</td><td style="padding-left:0%;">INFO</td><td><code><pre>evaluating...</pre></code></td></tr><tr style=""><td>0.660</td><td style="padding-left:0%;">INFO</td><td><code><pre> * evaluating scenario 'identity' (file:/home/jostein/xprocspec/src/test/xprocspec/tests/import-1.xprocspec)</pre></code></td></tr><tr style=""><td>0.668</td><td style="padding-left:0%;">INFO</td><td><code><pre>   * resolving x:document elements...</pre></code></td></tr><tr style=""><td>0.679</td><td style="padding-left:0%;">INFO</td><td><code><pre>    * no errors occured</pre></code></td></tr><tr style=""><td>0.715</td><td style="padding-left:0%;">INFO</td><td><code><pre>   * grouping x:expect elements with their x:context...</pre></code></td></tr><tr style=""><td>0.727</td><td style="padding-left:0%;">INFO</td><td><code><pre>   * evaluating each context/expect group...</pre></code></td></tr><tr style=""><td>0.736</td><td style="padding-left:0%;">INFO</td><td><code><pre>     * setting context to 'errors'</pre></code></td></tr><tr style=""><td>0.745</td><td style="padding-left:0%;">INFO</td><td><code><pre>       * testing assertion 'the step should execute successfully without throwing any errors'</pre></code></td></tr><tr style=""><td>0.755</td><td style="padding-left:0%;">INFO</td><td><code><pre>         * is document count assertion</pre></code></td></tr><tr style=""><td>0.765</td><td style="padding-left:0%;">INFO</td><td><code><pre>         * assertion passed</pre></code></td></tr><tr style=""><td>0.775</td><td style="padding-left:0%;">INFO</td><td><code><pre>     * setting context to 'the results'</pre></code></td></tr><tr style=""><td>0.785</td><td style="padding-left:0%;">INFO</td><td><code><pre>       * testing assertion 'the option 'option.required' should have the value 'import 1a''</pre></code></td></tr><tr style=""><td>0.799</td><td style="padding-left:0%;">INFO</td><td><code><pre>         * is xpath assertion</pre></code></td></tr><tr style=""><td>0.834</td><td style="padding-left:0%;">INFO</td><td><code><pre> * evaluating scenario 'identity' (file:/home/jostein/xprocspec/src/test/xprocspec/tests/import-1.xprocspec)</pre></code></td></tr><tr style=""><td>0.845</td><td style="padding-left:0%;">INFO</td><td><code><pre>   * resolving x:document elements...</pre></code></td></tr><tr style=""><td>0.857</td><td style="padding-left:0%;">INFO</td><td><code><pre>    * no errors occured</pre></code></td></tr><tr style=""><td>0.897</td><td style="padding-left:0%;">INFO</td><td><code><pre>   * grouping x:expect elements with their x:context...</pre></code></td></tr><tr style=""><td>0.908</td><td style="padding-left:0%;">INFO</td><td><code><pre>   * evaluating each context/expect group...</pre></code></td></tr><tr style=""><td>0.918</td><td style="padding-left:0%;">INFO</td><td><code><pre>     * setting context to 'errors'</pre></code></td></tr><tr style=""><td>0.928</td><td style="padding-left:0%;">INFO</td><td><code><pre>       * testing assertion 'the step should execute successfully without throwing any errors'</pre></code></td></tr><tr style=""><td>0.938</td><td style="padding-left:0%;">INFO</td><td><code><pre>         * is document count assertion</pre></code></td></tr><tr style=""><td>0.948</td><td style="padding-left:0%;">INFO</td><td><code><pre>         * assertion passed</pre></code></td></tr><tr style=""><td>0.959</td><td style="padding-left:0%;">INFO</td><td><code><pre>     * setting context to 'the results'</pre></code></td></tr><tr style=""><td>0.969</td><td style="padding-left:0%;">INFO</td><td><code><pre>       * testing assertion 'the option 'option.required' should have the value 'import 1b''</pre></code></td></tr><tr style=""><td>0.981</td><td style="padding-left:0%;">INFO</td><td><code><pre>         * is xpath assertion</pre></code></td></tr><tr style=""><td>1.010</td><td style="padding-left:0%;">INFO</td><td><code><pre> * evaluating scenario 'identity' (file:/home/jostein/xprocspec/src/test/xprocspec/tests/import-1.xprocspec)</pre></code></td></tr><tr style=""><td>1.020</td><td style="padding-left:0%;">INFO</td><td><code><pre>   * resolving x:document elements...</pre></code></td></tr><tr style=""><td>1.034</td><td style="padding-left:0%;">INFO</td><td><code><pre>    * no errors occured</pre></code></td></tr><tr style=""><td>1.073</td><td style="padding-left:0%;">INFO</td><td><code><pre>   * grouping x:expect elements with their x:context...</pre></code></td></tr><tr style=""><td>1.084</td><td style="padding-left:0%;">INFO</td><td><code><pre>   * evaluating each context/expect group...</pre></code></td></tr><tr style=""><td>1.094</td><td style="padding-left:0%;">INFO</td><td><code><pre>     * setting context to 'errors'</pre></code></td></tr><tr style=""><td>1.104</td><td style="padding-left:0%;">INFO</td><td><code><pre>       * testing assertion 'the step should execute successfully without throwing any errors'</pre></code></td></tr><tr style=""><td>1.115</td><td style="padding-left:0%;">INFO</td><td><code><pre>         * is document count assertion</pre></code></td></tr><tr style=""><td>1.126</td><td style="padding-left:0%;">INFO</td><td><code><pre>         * assertion passed</pre></code></td></tr><tr style=""><td>1.137</td><td style="padding-left:0%;">INFO</td><td><code><pre>     * setting context to 'the results'</pre></code></td></tr><tr style=""><td>1.148</td><td style="padding-left:0%;">INFO</td><td><code><pre>       * testing assertion 'the option 'option.required' should have the value 'import 1''</pre></code></td></tr><tr style=""><td>1.160</td><td style="padding-left:0%;">INFO</td><td><code><pre>         * is xpath assertion</pre></code></td></tr><tr style=""><td>1.189</td><td style="padding-left:0%;">INFO</td><td><code><pre>reporting...</pre></code></td></tr></tbody></table><link rel="stylesheet" href="http://yandex.st/highlightjs/7.3/styles/default.min.css"/><script type="text/javascript" src="http://yandex.st/highlightjs/7.3/highlight.min.js" xml:space="preserve"> </script><script type="text/javascript">hljs.initHighlightingOnLoad();</script></body></html></x:document></x:output><x:output port="junit"><x:document xml:base="file:/home/jostein/xprocspec/src/main/resources/content/xml/xproc/report/report.xpl" xml:space="preserve" type="inline"><testsuites tests="6" failures="0" time="1.199" errors="0" name="import1"><testsuite timestamp="2013-09-05T14:00:26.645Z" hostname="localhost" tests="2" errors="0" failures="0" skipped="0" id="d6903e1" name="identity" package="http://example.net/ns" time="0.008">
<properties>

<property name="option: option.required" value="import 1a"/>

</properties>
<testcase name="theStepShouldExecuteSuccessfullyWithoutThrowingAnyErrors" classname="identity" assertions="1" time="0" status="SUCCESS"><system-out>the step should execute successfully without throwing any errors: SUCCESS</system-out>
<system-err/></testcase><testcase name="theOptionOptionRequiredShouldHaveTheValueImport1a" classname="identity" assertions="1" time="0" status="SUCCESS"><system-out>the option 'option.required' should have the value 'import 1a': SUCCESS</system-out>
<system-err/></testcase></testsuite><testsuite timestamp="2013-09-05T14:00:26.656Z" hostname="localhost" tests="2" errors="0" failures="0" skipped="0" id="d6911e1" name="identity" package="http://example.net/ns" time="0.008">
<properties>

<property name="option: option.required" value="import 1b"/>

</properties>
<testcase name="theStepShouldExecuteSuccessfullyWithoutThrowingAnyErrors" classname="identity" assertions="1" time="0" status="SUCCESS"><system-out>the step should execute successfully without throwing any errors: SUCCESS</system-out>
<system-err/></testcase><testcase name="theOptionOptionRequiredShouldHaveTheValueImport1b" classname="identity" assertions="1" time="0" status="SUCCESS"><system-out>the option 'option.required' should have the value 'import 1b': SUCCESS</system-out>
<system-err/></testcase></testsuite><testsuite timestamp="2013-09-05T14:00:26.666Z" hostname="localhost" tests="2" errors="0" failures="0" skipped="0" id="d6918e1" name="identity" package="http://example.net/ns" time="0.01">
<properties>

<property name="option: option.required" value="import 1"/>

</properties>
<testcase name="theStepShouldExecuteSuccessfullyWithoutThrowingAnyErrors" classname="identity" assertions="1" time="0" status="SUCCESS"><system-out>the step should execute successfully without throwing any errors: SUCCESS</system-out>
<system-err/></testcase><testcase name="theOptionOptionRequiredShouldHaveTheValueImport1" classname="identity" assertions="1" time="0" status="SUCCESS"><system-out>the option 'option.required' should have the value 'import 1': SUCCESS</system-out>
<system-err/></testcase></testsuite></testsuites></x:document></x:output><x:test-result contextref="errors" result="passed" max="0" label="the step should execute successfully without throwing any errors" type="count">
                                                        <x:expected>At most 0 documents.</x:expected>
                                                    <x:was>0</x:was></x:test-result><x:test-result contextref="context1" result="passed" test="not(/*/@tests='0') and /*/@failures='0' and /*/@errors='0'" label="there should be at least one test, and none of the tests should fail" type="xpath"><x:expected xml:space="preserve">XPath: true()
Value: true</x:expected><x:was xml:space="preserve">XPath: not(/*/@tests='0') and /*/@failures='0' and /*/@errors='0'
Value: true</x:was></x:test-result></x:description><x:description xmlns:cx="http://xmlcalabash.com/ns/extensions" xmlns:c="http://www.w3.org/ns/xproc-step" xml:base="file:/home/jostein/xprocspec/src/test/xprocspec/test.xprocspec" test-base-uri="file:/home/jostein/xprocspec/src/test/xprocspec/test.xprocspec" script="file:/home/jostein/xprocspec/src/main/resources/content/xml/xproc/xprocspec.xpl" test-grammar="xprocspec" temp-dir="file:/tmp/xprocspec-20130905160023007/"><x:step-declaration><p:declare-step xmlns:p="http://www.w3.org/ns/xproc" xmlns:px="http://www.daisy.org/ns/xprocspec" xmlns:pxi="http://www.daisy.org/ns/xprocspec/xproc-internal/" xmlns:pkg="http://expath.org/ns/pkg" type="px:xprocspec" name="main" version="1.0" xpath-version="2.0" pkg:import-uri="http://www.daisy.org/ns/xprocspec/xprocspec.xpl" x:type="{http://www.daisy.org/ns/xprocspec}xprocspec"><p:input port="source" kind="document" sequence="false" primary="true"/><p:output port="result" kind="document" sequence="false" primary="false"><p:pipe port="result" step="report"/></p:output><p:output port="html" kind="document" sequence="false" primary="false"><p:pipe port="html" step="report"/></p:output><p:output port="junit" kind="document" sequence="false" primary="false"><p:pipe port="junit" step="report"/></p:output><p:option name="temp-dir" select="'file:/tmp/'"/></p:declare-step></x:step-declaration><x:scenario end-time="2013-09-05T14:00:28.424Z" label="the import element - one import with one import" start-time="2013-09-05T14:00:27.126Z"><x:call x:type="{http://www.daisy.org/ns/xprocspec}xprocspec" step="x:xprocspec"><x:option select="$temp-dir" name="temp-dir" value="file:/tmp/xprocspec-20130905160023007/"/><x:input port="source">
                    <x:document xml:base="file:/home/jostein/xprocspec/src/test/xprocspec/test.xprocspec" xml:space="preserve" type="inline"><?xml-model href="http://www.daisy.org/ns/xprocspec/xprocspec.rng" type="application/xml" schematypens="http://relaxng.org/ns/structure/1.0"?><x:description xmlns:e="http://example.net/ns" script="../steps/identity.xpl">
    
    <x:import href="import-2a.xprocspec"/>
    
    <x:scenario label="identity">
        <x:call step="e:identity">
            <x:option name="option.required" select="'import 2'"/>
        </x:call>
        <x:context label="the results">
            <x:document type="port" port="options"/>
        </x:context>
        <x:expect type="xpath" label="the option 'option.required' should have the value 'import 2'" test="/*/*[@name='option.required']/@value='import 2'"/>
    </x:scenario>
    
</x:description></x:document>
                </x:input></x:call>
                                                <x:context label="errors" id="errors">
                                                    
                                                </x:context>
                                            
                                                <x:expect type="count" label="the step should execute successfully without throwing any errors" max="0" contextref="errors"/>
                                            <x:context label="the junit output port" id="context2">
                <x:document xml:base="file:/home/jostein/xprocspec/src/main/resources/content/xml/xproc/report/report.xpl" xml:space="preserve" type="inline"><testsuites tests="6" failures="0" time="1.109" errors="0" name="import2"><testsuite timestamp="2013-09-05T14:00:28.251Z" hostname="localhost" tests="2" errors="0" failures="0" skipped="0" id="d9694e1" name="identity" package="http://example.net/ns" time="0.008">
<properties>

<property name="option: option.required" value="import 2b"/>

</properties>
<testcase name="theStepShouldExecuteSuccessfullyWithoutThrowingAnyErrors" classname="identity" assertions="1" time="0" status="SUCCESS"><system-out>the step should execute successfully without throwing any errors: SUCCESS</system-out>
<system-err/></testcase><testcase name="theOptionOptionRequiredShouldHaveTheValueImport2b" classname="identity" assertions="1" time="0" status="SUCCESS"><system-out>the option 'option.required' should have the value 'import 2b': SUCCESS</system-out>
<system-err/></testcase></testsuite><testsuite timestamp="2013-09-05T14:00:28.262Z" hostname="localhost" tests="2" errors="0" failures="0" skipped="0" id="d9702e1" name="identity" package="http://example.net/ns" time="0.009">
<properties>

<property name="option: option.required" value="import 2a"/>

</properties>
<testcase name="theStepShouldExecuteSuccessfullyWithoutThrowingAnyErrors" classname="identity" assertions="1" time="0" status="SUCCESS"><system-out>the step should execute successfully without throwing any errors: SUCCESS</system-out>
<system-err/></testcase><testcase name="theOptionOptionRequiredShouldHaveTheValueImport2a" classname="identity" assertions="1" time="0" status="SUCCESS"><system-out>the option 'option.required' should have the value 'import 2a': SUCCESS</system-out>
<system-err/></testcase></testsuite><testsuite timestamp="2013-09-05T14:00:28.272Z" hostname="localhost" tests="2" errors="0" failures="0" skipped="0" id="d9709e1" name="identity" package="http://example.net/ns" time="0.009">
<properties>

<property name="option: option.required" value="import 2"/>

</properties>
<testcase name="theStepShouldExecuteSuccessfullyWithoutThrowingAnyErrors" classname="identity" assertions="1" time="0" status="SUCCESS"><system-out>the step should execute successfully without throwing any errors: SUCCESS</system-out>
<system-err/></testcase><testcase name="theOptionOptionRequiredShouldHaveTheValueImport2" classname="identity" assertions="1" time="0" status="SUCCESS"><system-out>the option 'option.required' should have the value 'import 2': SUCCESS</system-out>
<system-err/></testcase></testsuite></testsuites></x:document>
            </x:context><x:expect label="there should be at least one test, and none of the tests should fail" type="xpath" test="not(/*/@tests='0') and /*/@failures='0' and /*/@errors='0'" contextref="context2"/></x:scenario><x:output port="result"><x:document xml:base="file:/home/jostein/xprocspec/src/main/resources/content/xml/xproc/report/report.xpl" xml:space="preserve" type="inline"><x:test-report><x:description xml:base="file:/home/jostein/xprocspec/src/test/xprocspec/tests/import-2.xprocspec" test-base-uri="file:/home/jostein/xprocspec/src/test/xprocspec/tests/import-2.xprocspec" script="file:/home/jostein/xprocspec/src/test/xprocspec/steps/identity.xpl" test-grammar="xprocspec" temp-dir="file:/tmp/xprocspec-20130905160023007/xprocspec-20130905160027323/"><x:step-declaration><p:declare-step xmlns:p="http://www.w3.org/ns/xproc" xmlns:ex="http://example.net/ns" name="main" type="ex:identity" version="1.0" x:type="{http://example.net/ns}identity"><p:input port="source.document.primary" kind="document" primary="true" sequence="false"><p:inline>
            <source.document.primary.default/>
        </p:inline></p:input><p:input port="source.document.secondary.sequence" kind="document" sequence="true" primary="false"><p:inline>
            <source.document.secondary.sequence/>
        </p:inline></p:input><p:input select="/*/*" port="source.document.secondary.select-children" kind="document" sequence="true" primary="false"><p:inline>
            <default>
                <default/>
                <default/>
            </default>
        </p:inline></p:input><p:input port="source.parameter.primary.sequence" primary="true" kind="parameter" sequence="true"/><p:output port="result.document.primary" kind="document" primary="true" sequence="false"><p:pipe port="source.document.primary" step="main"/></p:output><p:output port="result.document.secondary.sequence" kind="document" sequence="true" primary="false"><p:pipe port="source.document.secondary.sequence" step="main"/></p:output><p:output port="result.document.secondary.select-children" kind="document" sequence="true" primary="false"><p:pipe port="source.document.secondary.select-children" step="main"/></p:output><p:output port="result.parameter.primary" kind="document" sequence="false" primary="false"><p:pipe port="result" step="parameters"/></p:output><p:output port="options" kind="document" sequence="false" primary="false"><p:pipe port="result" step="options"/></p:output><p:option name="option"/><p:option name="option.required" required="true"/><p:option name="option.default" select="'default'"/></p:declare-step></x:step-declaration><x:scenario xmlns:e="http://example.net/ns" end-time="2013-09-05T14:00:27.576Z" label="identity" start-time="2013-09-05T14:00:27.568Z"><x:call x:type="{http://example.net/ns}identity" step="e:identity"><x:option select="'import 2b'" name="option.required" value=""/></x:call>
                                                <x:context label="errors" id="errors">
                                                    
                                                </x:context>
                                            
                                                <x:expect type="count" label="the step should execute successfully without throwing any errors" max="0" contextref="errors"/>
                                            <x:context label="the results" id="context0">
            <x:document xml:base="file:/home/jostein/xprocspec/src/test/xprocspec/steps/identity.xpl" xml:space="preserve" type="inline">
                <c:options xmlns:ex="http://example.net/ns">
                    
                    <c:option name="option.required" value="import 2b"/>
                    <c:option name="option.default" value="default"/>
                </c:options>
            </x:document>
        </x:context><x:expect type="xpath" label="the option 'option.required' should have the value 'import 2b'" test="/*/*[@name='option.required']/@value='import 2b'" contextref="context0"/></x:scenario><x:output port="result.document.primary"><x:document xml:base="file:/home/jostein/xprocspec/src/test/xprocspec/tests/import-2.xprocspec" xml:space="preserve" type="inline">
            <source.document.primary.default xmlns:ex="http://example.net/ns"/>
        </x:document></x:output><x:output port="result.document.secondary.sequence"><x:document xml:base="file:/home/jostein/xprocspec/src/test/xprocspec/steps/identity.xpl" xml:space="preserve" type="inline">
            <source.document.secondary.sequence xmlns:ex="http://example.net/ns"/>
        </x:document></x:output><x:output port="result.document.secondary.select-children"><x:document xml:base="file:/home/jostein/xprocspec/src/test/xprocspec/steps/identity.xpl" xml:space="preserve" type="inline"><default xmlns:ex="http://example.net/ns"/></x:document><x:document xml:base="file:/home/jostein/xprocspec/src/test/xprocspec/steps/identity.xpl" xml:space="preserve" type="inline"><default xmlns:ex="http://example.net/ns"/></x:document></x:output><x:output port="result.parameter.primary"><x:document xml:base="file:/home/jostein/xprocspec/src/test/xprocspec/steps/identity.xpl" xml:space="preserve" type="inline"><c:param-set/></x:document></x:output><x:output port="options"><x:document xml:base="file:/home/jostein/xprocspec/src/test/xprocspec/steps/identity.xpl" xml:space="preserve" type="inline">
                <c:options xmlns:ex="http://example.net/ns">
                    
                    <c:option name="option.required" value="import 2b"/>
                    <c:option name="option.default" value="default"/>
                </c:options>
            </x:document></x:output><x:test-result contextref="errors" result="passed" max="0" label="the step should execute successfully without throwing any errors" type="count">
                                                        <x:expected>At most 0 documents.</x:expected>
                                                    <x:was>0</x:was></x:test-result><x:test-result contextref="context0" result="passed" test="/*/*[@name='option.required']/@value='import 2b'" label="the option 'option.required' should have the value 'import 2b'" type="xpath"><x:expected xml:space="preserve">XPath: true()
Value: true</x:expected><x:was xml:space="preserve">XPath: /*/*[@name='option.required']/@value='import 2b'
Value: true</x:was></x:test-result></x:description><x:description xml:base="file:/home/jostein/xprocspec/src/test/xprocspec/tests/import-2.xprocspec" test-base-uri="file:/home/jostein/xprocspec/src/test/xprocspec/tests/import-2.xprocspec" script="file:/home/jostein/xprocspec/src/test/xprocspec/steps/identity.xpl" test-grammar="xprocspec" temp-dir="file:/tmp/xprocspec-20130905160023007/xprocspec-20130905160027323/"><x:step-declaration><p:declare-step xmlns:p="http://www.w3.org/ns/xproc" xmlns:ex="http://example.net/ns" name="main" type="ex:identity" version="1.0" x:type="{http://example.net/ns}identity"><p:input port="source.document.primary" kind="document" primary="true" sequence="false"><p:inline>
            <source.document.primary.default/>
        </p:inline></p:input><p:input port="source.document.secondary.sequence" kind="document" sequence="true" primary="false"><p:inline>
            <source.document.secondary.sequence/>
        </p:inline></p:input><p:input select="/*/*" port="source.document.secondary.select-children" kind="document" sequence="true" primary="false"><p:inline>
            <default>
                <default/>
                <default/>
            </default>
        </p:inline></p:input><p:input port="source.parameter.primary.sequence" primary="true" kind="parameter" sequence="true"/><p:output port="result.document.primary" kind="document" primary="true" sequence="false"><p:pipe port="source.document.primary" step="main"/></p:output><p:output port="result.document.secondary.sequence" kind="document" sequence="true" primary="false"><p:pipe port="source.document.secondary.sequence" step="main"/></p:output><p:output port="result.document.secondary.select-children" kind="document" sequence="true" primary="false"><p:pipe port="source.document.secondary.select-children" step="main"/></p:output><p:output port="result.parameter.primary" kind="document" sequence="false" primary="false"><p:pipe port="result" step="parameters"/></p:output><p:output port="options" kind="document" sequence="false" primary="false"><p:pipe port="result" step="options"/></p:output><p:option name="option"/><p:option name="option.required" required="true"/><p:option name="option.default" select="'default'"/></p:declare-step></x:step-declaration><x:scenario xmlns:e="http://example.net/ns" end-time="2013-09-05T14:00:27.652Z" label="identity" start-time="2013-09-05T14:00:27.643Z"><x:call x:type="{http://example.net/ns}identity" step="e:identity"><x:option select="'import 2a'" name="option.required" value=""/></x:call>
                                                <x:context label="errors" id="errors">
                                                    
                                                </x:context>
                                            
                                                <x:expect type="count" label="the step should execute successfully without throwing any errors" max="0" contextref="errors"/>
                                            <x:context label="the results" id="context1">
            <x:document xml:base="file:/home/jostein/xprocspec/src/test/xprocspec/steps/identity.xpl" xml:space="preserve" type="inline">
                <c:options xmlns:ex="http://example.net/ns">
                    
                    <c:option name="option.required" value="import 2a"/>
                    <c:option name="option.default" value="default"/>
                </c:options>
            </x:document>
        </x:context><x:expect type="xpath" label="the option 'option.required' should have the value 'import 2a'" test="/*/*[@name='option.required']/@value='import 2a'" contextref="context1"/></x:scenario><x:output port="result.document.primary"><x:document xml:base="file:/home/jostein/xprocspec/src/test/xprocspec/tests/import-2.xprocspec" xml:space="preserve" type="inline">
            <source.document.primary.default xmlns:ex="http://example.net/ns"/>
        </x:document></x:output><x:output port="result.document.secondary.sequence"><x:document xml:base="file:/home/jostein/xprocspec/src/test/xprocspec/steps/identity.xpl" xml:space="preserve" type="inline">
            <source.document.secondary.sequence xmlns:ex="http://example.net/ns"/>
        </x:document></x:output><x:output port="result.document.secondary.select-children"><x:document xml:base="file:/home/jostein/xprocspec/src/test/xprocspec/steps/identity.xpl" xml:space="preserve" type="inline"><default xmlns:ex="http://example.net/ns"/></x:document><x:document xml:base="file:/home/jostein/xprocspec/src/test/xprocspec/steps/identity.xpl" xml:space="preserve" type="inline"><default xmlns:ex="http://example.net/ns"/></x:document></x:output><x:output port="result.parameter.primary"><x:document xml:base="file:/home/jostein/xprocspec/src/test/xprocspec/steps/identity.xpl" xml:space="preserve" type="inline"><c:param-set/></x:document></x:output><x:output port="options"><x:document xml:base="file:/home/jostein/xprocspec/src/test/xprocspec/steps/identity.xpl" xml:space="preserve" type="inline">
                <c:options xmlns:ex="http://example.net/ns">
                    
                    <c:option name="option.required" value="import 2a"/>
                    <c:option name="option.default" value="default"/>
                </c:options>
            </x:document></x:output><x:test-result contextref="errors" result="passed" max="0" label="the step should execute successfully without throwing any errors" type="count">
                                                        <x:expected>At most 0 documents.</x:expected>
                                                    <x:was>0</x:was></x:test-result><x:test-result contextref="context1" result="passed" test="/*/*[@name='option.required']/@value='import 2a'" label="the option 'option.required' should have the value 'import 2a'" type="xpath"><x:expected xml:space="preserve">XPath: true()
Value: true</x:expected><x:was xml:space="preserve">XPath: /*/*[@name='option.required']/@value='import 2a'
Value: true</x:was></x:test-result></x:description><x:description xml:base="file:/home/jostein/xprocspec/src/test/xprocspec/tests/import-2.xprocspec" test-base-uri="file:/home/jostein/xprocspec/src/test/xprocspec/tests/import-2.xprocspec" script="file:/home/jostein/xprocspec/src/test/xprocspec/steps/identity.xpl" test-grammar="xprocspec" temp-dir="file:/tmp/xprocspec-20130905160023007/xprocspec-20130905160027323/"><x:step-declaration><p:declare-step xmlns:p="http://www.w3.org/ns/xproc" xmlns:ex="http://example.net/ns" name="main" type="ex:identity" version="1.0" x:type="{http://example.net/ns}identity"><p:input port="source.document.primary" kind="document" primary="true" sequence="false"><p:inline>
            <source.document.primary.default/>
        </p:inline></p:input><p:input port="source.document.secondary.sequence" kind="document" sequence="true" primary="false"><p:inline>
            <source.document.secondary.sequence/>
        </p:inline></p:input><p:input select="/*/*" port="source.document.secondary.select-children" kind="document" sequence="true" primary="false"><p:inline>
            <default>
                <default/>
                <default/>
            </default>
        </p:inline></p:input><p:input port="source.parameter.primary.sequence" primary="true" kind="parameter" sequence="true"/><p:output port="result.document.primary" kind="document" primary="true" sequence="false"><p:pipe port="source.document.primary" step="main"/></p:output><p:output port="result.document.secondary.sequence" kind="document" sequence="true" primary="false"><p:pipe port="source.document.secondary.sequence" step="main"/></p:output><p:output port="result.document.secondary.select-children" kind="document" sequence="true" primary="false"><p:pipe port="source.document.secondary.select-children" step="main"/></p:output><p:output port="result.parameter.primary" kind="document" sequence="false" primary="false"><p:pipe port="result" step="parameters"/></p:output><p:output port="options" kind="document" sequence="false" primary="false"><p:pipe port="result" step="options"/></p:output><p:option name="option"/><p:option name="option.required" required="true"/><p:option name="option.default" select="'default'"/></p:declare-step></x:step-declaration><x:scenario xmlns:e="http://example.net/ns" end-time="2013-09-05T14:00:27.733Z" label="identity" start-time="2013-09-05T14:00:27.724Z"><x:call x:type="{http://example.net/ns}identity" step="e:identity"><x:option select="'import 2'" name="option.required" value=""/></x:call>
                                                <x:context label="errors" id="errors">
                                                    
                                                </x:context>
                                            
                                                <x:expect type="count" label="the step should execute successfully without throwing any errors" max="0" contextref="errors"/>
                                            <x:context label="the results" id="context2">
            <x:document xml:base="file:/home/jostein/xprocspec/src/test/xprocspec/steps/identity.xpl" xml:space="preserve" type="inline">
                <c:options xmlns:ex="http://example.net/ns">
                    
                    <c:option name="option.required" value="import 2"/>
                    <c:option name="option.default" value="default"/>
                </c:options>
            </x:document>
        </x:context><x:expect type="xpath" label="the option 'option.required' should have the value 'import 2'" test="/*/*[@name='option.required']/@value='import 2'" contextref="context2"/></x:scenario><x:output port="result.document.primary"><x:document xml:base="file:/home/jostein/xprocspec/src/test/xprocspec/tests/import-2.xprocspec" xml:space="preserve" type="inline">
            <source.document.primary.default xmlns:ex="http://example.net/ns"/>
        </x:document></x:output><x:output port="result.document.secondary.sequence"><x:document xml:base="file:/home/jostein/xprocspec/src/test/xprocspec/steps/identity.xpl" xml:space="preserve" type="inline">
            <source.document.secondary.sequence xmlns:ex="http://example.net/ns"/>
        </x:document></x:output><x:output port="result.document.secondary.select-children"><x:document xml:base="file:/home/jostein/xprocspec/src/test/xprocspec/steps/identity.xpl" xml:space="preserve" type="inline"><default xmlns:ex="http://example.net/ns"/></x:document><x:document xml:base="file:/home/jostein/xprocspec/src/test/xprocspec/steps/identity.xpl" xml:space="preserve" type="inline"><default xmlns:ex="http://example.net/ns"/></x:document></x:output><x:output port="result.parameter.primary"><x:document xml:base="file:/home/jostein/xprocspec/src/test/xprocspec/steps/identity.xpl" xml:space="preserve" type="inline"><c:param-set/></x:document></x:output><x:output port="options"><x:document xml:base="file:/home/jostein/xprocspec/src/test/xprocspec/steps/identity.xpl" xml:space="preserve" type="inline">
                <c:options xmlns:ex="http://example.net/ns">
                    
                    <c:option name="option.required" value="import 2"/>
                    <c:option name="option.default" value="default"/>
                </c:options>
            </x:document></x:output><x:test-result contextref="errors" result="passed" max="0" label="the step should execute successfully without throwing any errors" type="count">
                                                        <x:expected>At most 0 documents.</x:expected>
                                                    <x:was>0</x:was></x:test-result><x:test-result contextref="context2" result="passed" test="/*/*[@name='option.required']/@value='import 2'" label="the option 'option.required' should have the value 'import 2'" type="xpath"><x:expected xml:space="preserve">XPath: true()
Value: true</x:expected><x:was xml:space="preserve">XPath: /*/*[@name='option.required']/@value='import 2'
Value: true</x:was></x:test-result></x:description></x:test-report></x:document></x:output><x:output port="html"><x:document xml:base="file:/home/jostein/xprocspec/src/main/resources/content/xml/xproc/report/report-template.xhtml" xml:space="preserve" type="inline"><html xmlns="http://www.w3.org/1999/xhtml"><head><title>Test Report for file:/home/jostein/xprocspec/src/test/xprocspec/tests/import-2.xprocspec (passed:6 / pending:0 / failed:0 / errors:0 / total:6)</title>
        <meta charset="utf-8"/>
        <style type="text/css" xml:space="preserve">/**/
/****************************************************************************/
/*  File:       test-report.css                                             */
/*  Author:     Jeni Tennsion                                               */
/*  URI:        http://xspec.googlecode.com/                                */
/*  Tags:                                                                   */
/*    Copyright (c) 2008, 2010 Jeni Tennsion (see end of file.)             */
/* ------------------------------------------------------------------------ */


/* test */

/* box model */

body {
	margin-right: 1em;
	/*margin-left: 10%;*/
	}

h1 {
	padding: 0.3em 0.5em 0.3em 0.5em;
	position: relative;
	}

h2 {
	padding: 0.1em 0.5em 0.2em 0.5em;
	}

h3 {
	padding-left: 0.6em;
	}

h4 {
	padding-left: 0.8em;
	}

p, table {
	/*margin-left: 5%;*/
	}

dd ul, dd ol {
	margin-left: 0%;
	}

li ul, li ol {
	/*margin-left: 5%;*/
	}

dl, ul, ol, blockquote {
	/*margin-left: 10%;*/
	}

dt {
  padding-top: 3px;
  padding-bottom: 3px;
	clear: both;
	}

dd p {
	/*margin-left: -5px;*/
	margin-top: 5px;
	clear: both;
	}

p.link {
	margin-top: 4px;
	margin-bottom: 0px;
	clear: both;
	}

tr td, td p, li, li p {
	margin-left: 0%;
	}

td:nth-child(2) {
	padding-left: 5%;
	}

.link img, dt img {
	vertical-align: middle;
	position: relative;
	top: -5px;
	}

img {
	position: relative;
	}

#xml-link {
	position: absolute;
	left: 5px;
	top: 5px;
	width: 10%;
	margin-left: 0%;
	}

#link-up {
	position: absolute;
	left: 93%;
	right: 2em;
	top: 0.3em;
	}

#link-top {
	position: absolute;
	left: 89%;
	right: 4em;
	top: 0.3em;
	}
	
.popup {
	display: block;
	visibility: hidden;
	float: right;
	position: absolute;
	top: 5px;
	left: -200px;
	z-index: 1;
	padding: 0.3em;
	width: 220px;
	}

.note {
	position: relative;
	}

.post {
	/*margin-left: 5%;*/
	padding-top: 1em;
	}
	
.example, .sidebar {
  /*margin-left: 5%;*/
  margin-top: 1em;
  margin-bottom: 1em;
  }

/*pre {
	padding-left: 5%;
	margin-left: 5%;
	}*/

/*dd pre, li pre {
	padding-left: 5%;
	}*/

/* fonts */
/* Oxygen  */
body, table {
    font-family:arial, helvetica, sans-serif;
    font-size:12px;
}
/* Oxygen  */

/*body {
	font-family: Verdana, arial, sans-serif;
	font-size: small;
	}*/	

/*h1, h2, h3, h4, h5, h6 {
	font-family: 'trebuchet MS', arial, sans-serif;
	}*/

h1 {
	font-size: 173%;
	font-weight: bold;
	}

h2 {
	font-size: 144%;
	font-weight: normal;
	}

h3 {
	font-size: 120%;
	font-weight: normal;
	}

h4 {
  font-size: 100%;
  font-weight: bold;
}

dt {
	font-weight: bold;
	}

a:link, a:visited, a:active, a:hover {
	font-weight: bold;
	}

a.offsite:link, a.offsite:visited, a.offsite:active, a.offsite:hover {
	font-weight: normal;
	}

/* suppress the normal italics */
address {
	font-style: normal;
	}

div.example, .sidebar {
  font-family: Verdana, arial, sans-serif;
  font-size: 100%;
  }


.note, .link {
	font-family: Verdana, arial, sans-serif;
	/*font-size: 83%;*/
	}

/*.example, .string, .rtf, .code, pre, code {
	font-family: "Lucida Console", "Courier New", monospace;*/
  /*font-size: 83%;*/
/*	}*/

.boolean {
	font-style: italic;
	}

#colophon, #xml-link {
	font-size: 69%;
	}

.question, .title {
	font-weight: bold;
	}

/* colours */
body {
	background-color: white;
	color: black;
	border: 0px none black;
	}

/* this is to make Navigator fill the entire line */
h1, h2 {
	border: 1px solid white;
	width: auto;
	}

h1 {
	/*background: #606;*/
	/*color: #6F6;*/
	}

h2 {
	color: #606;
	/*background: #CFC;*/
	}

hr {
	color: #606;
	background: white;
	}

img, a:link img, a:visited img, a:hover img, a:active img, #link-up img, #link-top img {
	border: 0px none white;
	background: transparent;
	}

/* OXYGEN */
a, a:visited {
    color:rgb(0, 0, 150);
    background-color:inherit;
    font-weight: bold;
}
a:link, a:visited {
    text-decoration:none; 
}
a:hover {
    text-decoration:underline;
}

/* OXYGEN */

a.img:hover, a.img:active {
	background: transparent;
	}

#colophon, #xml-link, .note {
	color: #666;
	}

#colophon a:link, #colophon a:visited, #colophon a:hover,
#xml-link a:link, #xml-link a:visited, #xml-link a:hover,
.note a:link, .note a:visited, .note a:hover {
	color: #969;
	background: transparent;
	}

#colophon a:hover, #xml-link a:hover, .note a:hover {
	background: #CFC;
	color: #969;
	}

.popup {
	background: white;
	border: 1px solid #606;
	}

.post {
	border-top: 2px solid #606;
	}
	
.example {
  border-top: 2px solid #606;
  border-bottom: 2px solid #606;
  }
  
.sidebar {
  border-top: 2px solid #090;
  border-bottom: 2px solid #090;
  }
  
.rng {
  border-left: 2px solid #666;
  }

.same {
  background-color: rgb(206, 239, 174);
}

.diff {
  background-color: #FCC;
}

.whitespace {
	font-style: italic;
	color: #999;
	background: white;
}

.ignored {
  font-style: italic;
  color: #999;
  background: white;
}

.hit {
}

.missed {
  background-color: #A33;
  color: white;
}

/* text */
ol ol li {
	list-style: lower-alpha;
	}

th {
	text-align: left;
	}

td {
	vertical-align: top;
	}

h1 {
	text-transform: uppercase;
	}

h2, h3 {
	/*text-transform: capitalize;*/
	}

.question {
	text-indent: -33px;
	}

.byline {
	text-align: right;
	}

#link-top, #link-up {
	text-align: right;
	}

a {
	text-decoration: none;
	}

table { width: 85%;
        /* border: collapse; */ }

th { text-align: left; }

.xspec tbody th { font-weight: normal; /*font-size: 0.8em;*/ border-top: 1px #666 solid; }
.xspec tbody td { /*font-size: 0.8em;*/ color: #666; }

.successful.label th, .successful.label td { background-color: #CFC; }
.pending.label th, .pending.label td { background-color: #DDD; color: #666; }
.failed.label th, .failed.label td { background-color: #FCC; }
.error.label th, .error.label td { background-color: #FAA; }
/*body &gt; table tbody .failed.label th:first-child:before {content:url(data:image/png;base64,iVBORw0KGgoAAAANSUhEUgAAAAwAAAAMCAYAAABWdVznAAAAGXRFWHRTb2Z0d2FyZQBBZG9iZSBJbWFnZVJlYWR5ccllPAAAA2ZpVFh0WE1MOmNvbS5hZG9iZS54bXAAAAAAADw/eHBhY2tldCBiZWdpbj0i77u/IiBpZD0iVzVNME1wQ2VoaUh6cmVTek5UY3prYzlkIj8+IDx4OnhtcG1ldGEgeG1sbnM6eD0iYWRvYmU6bnM6bWV0YS8iIHg6eG1wdGs9IkFkb2JlIFhNUCBDb3JlIDUuMy1jMDExIDY2LjE0NTY2MSwgMjAxMi8wMi8wNi0xNDo1NjoyNyAgICAgICAgIj4gPHJkZjpSREYgeG1sbnM6cmRmPSJodHRwOi8vd3d3LnczLm9yZy8xOTk5LzAyLzIyLXJkZi1zeW50YXgtbnMjIj4gPHJkZjpEZXNjcmlwdGlvbiByZGY6YWJvdXQ9IiIgeG1sbnM6eG1wTU09Imh0dHA6Ly9ucy5hZG9iZS5jb20veGFwLzEuMC9tbS8iIHhtbG5zOnN0UmVmPSJodHRwOi8vbnMuYWRvYmUuY29tL3hhcC8xLjAvc1R5cGUvUmVzb3VyY2VSZWYjIiB4bWxuczp4bXA9Imh0dHA6Ly9ucy5hZG9iZS5jb20veGFwLzEuMC8iIHhtcE1NOk9yaWdpbmFsRG9jdW1lbnRJRD0ieG1wLmRpZDpCQjU0NjU4QjIyQTNFMTExQkI5Rjk5QkQ4RkQ5RUJFQiIgeG1wTU06RG9jdW1lbnRJRD0ieG1wLmRpZDpEQTUyOTdBQUEzRDUxMUUxQTQwN0YzMUI0Nzg3NDU1RSIgeG1wTU06SW5zdGFuY2VJRD0ieG1wLmlpZDpEQTUyOTdBOUEzRDUxMUUxQTQwN0YzMUI0Nzg3NDU1RSIgeG1wOkNyZWF0b3JUb29sPSJBZG9iZSBQaG90b3Nob3AgQ1M2IChXaW5kb3dzKSI+IDx4bXBNTTpEZXJpdmVkRnJvbSBzdFJlZjppbnN0YW5jZUlEPSJ4bXAuaWlkOjQ4MTZDRTNCRDVBM0UxMTFBQTI2QTBCMjZENzg1Qzg5IiBzdFJlZjpkb2N1bWVudElEPSJ4bXAuZGlkOkJCNTQ2NThCMjJBM0UxMTFCQjlGOTlCRDhGRDlFQkVCIi8+IDwvcmRmOkRlc2NyaXB0aW9uPiA8L3JkZjpSREY+IDwveDp4bXBtZXRhPiA8P3hwYWNrZXQgZW5kPSJyIj8+aHNJrgAAAZ1JREFUeNpsUssrRGEU/907985YMDPNYlh4hbKZPMdgR3aysrGSSFIeKyUKpewoRTYkmcgCf4MsMI2FPDYGKeUZSoru4/uc82VC+W7fOeee+zvn/M45V1uuyCmVwDogq0hDklD6jy1dspNkdxokVrIzPFUh0/MD5OdXoJDwPFtu3d2ns6TTp9oggTlFZlmN0o4AHMmXfJGo0lmGzoE1OgmNHf5YA8rmN5HfM6wADmUuHphA9cIW/JX1yiek9DIlyijxkNjBzXYche19gNcHzfShoLUdVxtLuD/cYzCoMAzCwqYrhMDx9Chs20JRWzf4nMcXcDI3pYAqQHIAtWUJbpKursMMhpA+RiAEGzpc4X5XkDB4GjaHmiZik/PIa2rBEWVlSuW9Q+T3YndskBi46QpQFcLltchtbEZyZhxna4uKhmV9Ito/gtPNOG4P99WItdlIWARNXWOAv6AEr9cplel7/ggUleDlMqUSvNnCobHKxDsNnqs8XaWUZopp/XhxTkOR+HDVOveYUge9rNLyY9SU9v+vwXuUB2R0fQkwABfn/VKSjTLBAAAAAElFTkSuQmCC) " "}*/
/*body &gt; table tbody .error.label th:first-child:before {content:url(data:image/png;base64,iVBORw0KGgoAAAANSUhEUgAAAAwAAAAMCAYAAABWdVznAAAABmJLR0QAAAAAAAD5Q7t/AAAACXBIWXMAAAsTAAALEwEAmpwYAAAAB3RJTUUH3QcKER4AdkxvvQAAAdVJREFUKM89kM9KG0EAh7/JTHazZInEQwJ68KIWLx6Etj6EjxAobYSsD+BjCJ682EOp0FMueYmS0FMICF4i6tFNzJ/dyRh2Znoo6Xf+Pn7wEzc3Nx/W6/UvY8xJnudkWYa1Fu893nviOCaKIhuG4R/v/Ve1Xq9/bG1tnezs7JDnOVpr3t/fcc4hpaRSqVCpVORqtTp9e3v7rrTWn5vNJpPJhHK5zHg8JssyvPeEYcjR0RFpmlKr1ZjP5x9Li8VCbOR2u83BwQEvLy88PT1xfHzMxcUFQgjSNCXLskDlec5sNuPx8REpJZ1Oh+fnZ4QQnJ+fc319Tb/fZ29vD601SmvNdDplsVhwe3vLaDTi6uoKgCRJGAwGNBoNXl9fMcZQcs5hjGG1WpHnObVajQ3VahWtNcYYjDE451Cb+7z3JElCkiScnZ0hpaTX67G7u0u328V7/y+oVqsIITg8PKTT6dBqtRgOhzjnaLVa3N3dcX9/z3K5JI5jxOXlpSuKQqRpirWWh4eH//Plcpn9/X2cc2xvb1MqlQqllBpYa0/jOGYymdBsNsmyDOccURRRFAX1eh2lFGEY/lZBEHyx1v703n8KgkBEUYSUEu/9RkIIUQRB0A/D8NtflUT+nn4OS+0AAAAASUVORK5CYII=) " "}*/
.failed.label th:first-child:before, .failed.label td:first-child:before {content:url(data:image/png;base64,iVBORw0KGgoAAAANSUhEUgAAAAwAAAAMCAYAAABWdVznAAAAGXRFWHRTb2Z0d2FyZQBBZG9iZSBJbWFnZVJlYWR5ccllPAAAA2ZpVFh0WE1MOmNvbS5hZG9iZS54bXAAAAAAADw/eHBhY2tldCBiZWdpbj0i77u/IiBpZD0iVzVNME1wQ2VoaUh6cmVTek5UY3prYzlkIj8+IDx4OnhtcG1ldGEgeG1sbnM6eD0iYWRvYmU6bnM6bWV0YS8iIHg6eG1wdGs9IkFkb2JlIFhNUCBDb3JlIDUuMy1jMDExIDY2LjE0NTY2MSwgMjAxMi8wMi8wNi0xNDo1NjoyNyAgICAgICAgIj4gPHJkZjpSREYgeG1sbnM6cmRmPSJodHRwOi8vd3d3LnczLm9yZy8xOTk5LzAyLzIyLXJkZi1zeW50YXgtbnMjIj4gPHJkZjpEZXNjcmlwdGlvbiByZGY6YWJvdXQ9IiIgeG1sbnM6eG1wTU09Imh0dHA6Ly9ucy5hZG9iZS5jb20veGFwLzEuMC9tbS8iIHhtbG5zOnN0UmVmPSJodHRwOi8vbnMuYWRvYmUuY29tL3hhcC8xLjAvc1R5cGUvUmVzb3VyY2VSZWYjIiB4bWxuczp4bXA9Imh0dHA6Ly9ucy5hZG9iZS5jb20veGFwLzEuMC8iIHhtcE1NOk9yaWdpbmFsRG9jdW1lbnRJRD0ieG1wLmRpZDpCQjU0NjU4QjIyQTNFMTExQkI5Rjk5QkQ4RkQ5RUJFQiIgeG1wTU06RG9jdW1lbnRJRD0ieG1wLmRpZDpEQTUyOTdBQUEzRDUxMUUxQTQwN0YzMUI0Nzg3NDU1RSIgeG1wTU06SW5zdGFuY2VJRD0ieG1wLmlpZDpEQTUyOTdBOUEzRDUxMUUxQTQwN0YzMUI0Nzg3NDU1RSIgeG1wOkNyZWF0b3JUb29sPSJBZG9iZSBQaG90b3Nob3AgQ1M2IChXaW5kb3dzKSI+IDx4bXBNTTpEZXJpdmVkRnJvbSBzdFJlZjppbnN0YW5jZUlEPSJ4bXAuaWlkOjQ4MTZDRTNCRDVBM0UxMTFBQTI2QTBCMjZENzg1Qzg5IiBzdFJlZjpkb2N1bWVudElEPSJ4bXAuZGlkOkJCNTQ2NThCMjJBM0UxMTFCQjlGOTlCRDhGRDlFQkVCIi8+IDwvcmRmOkRlc2NyaXB0aW9uPiA8L3JkZjpSREY+IDwveDp4bXBtZXRhPiA8P3hwYWNrZXQgZW5kPSJyIj8+aHNJrgAAAZ1JREFUeNpsUssrRGEU/907985YMDPNYlh4hbKZPMdgR3aysrGSSFIeKyUKpewoRTYkmcgCf4MsMI2FPDYGKeUZSoru4/uc82VC+W7fOeee+zvn/M45V1uuyCmVwDogq0hDklD6jy1dspNkdxokVrIzPFUh0/MD5OdXoJDwPFtu3d2ns6TTp9oggTlFZlmN0o4AHMmXfJGo0lmGzoE1OgmNHf5YA8rmN5HfM6wADmUuHphA9cIW/JX1yiek9DIlyijxkNjBzXYche19gNcHzfShoLUdVxtLuD/cYzCoMAzCwqYrhMDx9Chs20JRWzf4nMcXcDI3pYAqQHIAtWUJbpKursMMhpA+RiAEGzpc4X5XkDB4GjaHmiZik/PIa2rBEWVlSuW9Q+T3YndskBi46QpQFcLltchtbEZyZhxna4uKhmV9Ito/gtPNOG4P99WItdlIWARNXWOAv6AEr9cplel7/ggUleDlMqUSvNnCobHKxDsNnqs8XaWUZopp/XhxTkOR+HDVOveYUge9rNLyY9SU9v+vwXuUB2R0fQkwABfn/VKSjTLBAAAAAElFTkSuQmCC) " "}
.error.label th:first-child:before, .error.label td:first-child:before {content:url(data:image/png;base64,iVBORw0KGgoAAAANSUhEUgAAAAwAAAAMCAYAAABWdVznAAAABmJLR0QAAAAAAAD5Q7t/AAAACXBIWXMAAAsTAAALEwEAmpwYAAAAB3RJTUUH3QcKER4AdkxvvQAAAdVJREFUKM89kM9KG0EAh7/JTHazZInEQwJ68KIWLx6Etj6EjxAobYSsD+BjCJ682EOp0FMueYmS0FMICF4i6tFNzJ/dyRh2Znoo6Xf+Pn7wEzc3Nx/W6/UvY8xJnudkWYa1Fu893nviOCaKIhuG4R/v/Ve1Xq9/bG1tnezs7JDnOVpr3t/fcc4hpaRSqVCpVORqtTp9e3v7rrTWn5vNJpPJhHK5zHg8JssyvPeEYcjR0RFpmlKr1ZjP5x9Li8VCbOR2u83BwQEvLy88PT1xfHzMxcUFQgjSNCXLskDlec5sNuPx8REpJZ1Oh+fnZ4QQnJ+fc319Tb/fZ29vD601SmvNdDplsVhwe3vLaDTi6uoKgCRJGAwGNBoNXl9fMcZQcs5hjGG1WpHnObVajQ3VahWtNcYYjDE451Cb+7z3JElCkiScnZ0hpaTX67G7u0u328V7/y+oVqsIITg8PKTT6dBqtRgOhzjnaLVa3N3dcX9/z3K5JI5jxOXlpSuKQqRpirWWh4eH//Plcpn9/X2cc2xvb1MqlQqllBpYa0/jOGYymdBsNsmyDOccURRRFAX1eh2lFGEY/lZBEHyx1v703n8KgkBEUYSUEu/9RkIIUQRB0A/D8NtflUT+nn4OS+0AAAAASUVORK5CYII=) " "}
.pending.label th:first-child:before, .pending.label td:first-child:before {content:url(data:image/png;base64,iVBORw0KGgoAAAANSUhEUgAAAAwAAAAMCAYAAABWdVznAAAAGXRFWHRTb2Z0d2FyZQBBZG9iZSBJbWFnZVJlYWR5ccllPAAAA2ZpVFh0WE1MOmNvbS5hZG9iZS54bXAAAAAAADw/eHBhY2tldCBiZWdpbj0i77u/IiBpZD0iVzVNME1wQ2VoaUh6cmVTek5UY3prYzlkIj8+IDx4OnhtcG1ldGEgeG1sbnM6eD0iYWRvYmU6bnM6bWV0YS8iIHg6eG1wdGs9IkFkb2JlIFhNUCBDb3JlIDUuMy1jMDExIDY2LjE0NTY2MSwgMjAxMi8wMi8wNi0xNDo1NjoyNyAgICAgICAgIj4gPHJkZjpSREYgeG1sbnM6cmRmPSJodHRwOi8vd3d3LnczLm9yZy8xOTk5LzAyLzIyLXJkZi1zeW50YXgtbnMjIj4gPHJkZjpEZXNjcmlwdGlvbiByZGY6YWJvdXQ9IiIgeG1sbnM6eG1wTU09Imh0dHA6Ly9ucy5hZG9iZS5jb20veGFwLzEuMC9tbS8iIHhtbG5zOnN0UmVmPSJodHRwOi8vbnMuYWRvYmUuY29tL3hhcC8xLjAvc1R5cGUvUmVzb3VyY2VSZWYjIiB4bWxuczp4bXA9Imh0dHA6Ly9ucy5hZG9iZS5jb20veGFwLzEuMC8iIHhtcE1NOk9yaWdpbmFsRG9jdW1lbnRJRD0ieG1wLmRpZDpCQjU0NjU4QjIyQTNFMTExQkI5Rjk5QkQ4RkQ5RUJFQiIgeG1wTU06RG9jdW1lbnRJRD0ieG1wLmRpZDpDODdDM0Y0QUEzRDUxMUUxQjk5N0MzQjVFRDMyQUE1MiIgeG1wTU06SW5zdGFuY2VJRD0ieG1wLmlpZDpDODdDM0Y0OUEzRDUxMUUxQjk5N0MzQjVFRDMyQUE1MiIgeG1wOkNyZWF0b3JUb29sPSJBZG9iZSBQaG90b3Nob3AgQ1M2IChXaW5kb3dzKSI+IDx4bXBNTTpEZXJpdmVkRnJvbSBzdFJlZjppbnN0YW5jZUlEPSJ4bXAuaWlkOjQ4MTZDRTNCRDVBM0UxMTFBQTI2QTBCMjZENzg1Qzg5IiBzdFJlZjpkb2N1bWVudElEPSJ4bXAuZGlkOkJCNTQ2NThCMjJBM0UxMTFCQjlGOTlCRDhGRDlFQkVCIi8+IDwvcmRmOkRlc2NyaXB0aW9uPiA8L3JkZjpSREY+IDwveDp4bXBtZXRhPiA8P3hwYWNrZXQgZW5kPSJyIj8+yj6RYgAAAPZJREFUeNp0kM8KgkAQxmc1E0Wfo3vQn5eRSDx4EUHwbTpEhx4lil7DiydBQUFXp5nAMNsGhpnd/X77za4Iw3CFiFcAWFMFDkXtKZ/UHhfUnB3HWdu2/REpAL2u631ZlicGdpZlwTAMSmBM0zS5bhgQLB5FU3AOUS4XvNn3vVKgAACCIMA0TbFpGsyyDJMkefdFUWAcx1hVFeZ5jlEUoed5qPEI7KDrOhiG8e6llNC27Zcz77FW+L6Pruv+WKtGIzfgR39umv/UHOJgAMlO/BPOXCQDD5p3r2ma8lvHNU9BcWPg0HXdhRZbOhRT8aSXVO9U/ZcAAwAsmjsSQcM0lwAAAABJRU5ErkJggg==) " ";}
.successful.label th:first-child:before, .successful.label td:first-child:before {content:url(data:image/png;base64,iVBORw0KGgoAAAANSUhEUgAAAAwAAAAMCAYAAABWdVznAAAAGXRFWHRTb2Z0d2FyZQBBZG9iZSBJbWFnZVJlYWR5ccllPAAAA2ZpVFh0WE1MOmNvbS5hZG9iZS54bXAAAAAAADw/eHBhY2tldCBiZWdpbj0i77u/IiBpZD0iVzVNME1wQ2VoaUh6cmVTek5UY3prYzlkIj8+IDx4OnhtcG1ldGEgeG1sbnM6eD0iYWRvYmU6bnM6bWV0YS8iIHg6eG1wdGs9IkFkb2JlIFhNUCBDb3JlIDUuMy1jMDExIDY2LjE0NTY2MSwgMjAxMi8wMi8wNi0xNDo1NjoyNyAgICAgICAgIj4gPHJkZjpSREYgeG1sbnM6cmRmPSJodHRwOi8vd3d3LnczLm9yZy8xOTk5LzAyLzIyLXJkZi1zeW50YXgtbnMjIj4gPHJkZjpEZXNjcmlwdGlvbiByZGY6YWJvdXQ9IiIgeG1sbnM6eG1wTU09Imh0dHA6Ly9ucy5hZG9iZS5jb20veGFwLzEuMC9tbS8iIHhtbG5zOnN0UmVmPSJodHRwOi8vbnMuYWRvYmUuY29tL3hhcC8xLjAvc1R5cGUvUmVzb3VyY2VSZWYjIiB4bWxuczp4bXA9Imh0dHA6Ly9ucy5hZG9iZS5jb20veGFwLzEuMC8iIHhtcE1NOk9yaWdpbmFsRG9jdW1lbnRJRD0ieG1wLmRpZDpCQjU0NjU4QjIyQTNFMTExQkI5Rjk5QkQ4RkQ5RUJFQiIgeG1wTU06RG9jdW1lbnRJRD0ieG1wLmRpZDpEMDVBNThBQUEzRDUxMUUxQjdCQkM2QUNBMTNBMDExNiIgeG1wTU06SW5zdGFuY2VJRD0ieG1wLmlpZDpEMDVBNThBOUEzRDUxMUUxQjdCQkM2QUNBMTNBMDExNiIgeG1wOkNyZWF0b3JUb29sPSJBZG9iZSBQaG90b3Nob3AgQ1M2IChXaW5kb3dzKSI+IDx4bXBNTTpEZXJpdmVkRnJvbSBzdFJlZjppbnN0YW5jZUlEPSJ4bXAuaWlkOjQ4MTZDRTNCRDVBM0UxMTFBQTI2QTBCMjZENzg1Qzg5IiBzdFJlZjpkb2N1bWVudElEPSJ4bXAuZGlkOkJCNTQ2NThCMjJBM0UxMTFCQjlGOTlCRDhGRDlFQkVCIi8+IDwvcmRmOkRlc2NyaXB0aW9uPiA8L3JkZjpSREY+IDwveDp4bXBtZXRhPiA8P3hwYWNrZXQgZW5kPSJyIj8+xJ3YrgAAAYBJREFUeNpsUrtKA1EQPZtdY4gEQiD4QCsLEVGX4CP4AykEq1hYiGghCDZ+gBZWVtrZ+EAjaGOhfoAkNiaKhYWICilMEQNqoYjZ5O4d5+6ucQuLM3funDNzD7OrLe229YBwSKAEnyAP/pyIbL5fcz5rcNiLtuqJSEz3ickn5ruE/vFmJ9/LYjvAldGWqA7bJkgPtoAHQrS5G6NdiwhFWCoxHOCgKUL+iurkCBVawyamE8d4qmSZ51clBZUlh+RG14JzEsJNcaTNLVwWd1B6vXXqkmGoYNeVUPnW3JNr4+YarPoncvebEAKNekAlokaY6N/A1NA+SBgY6Eijtz2Fs5sVWNWawysorWNJsO+q9QWzaxLTYwfojA3isZzDfSnrWvTsNiyp7pOrZURC7ejrTDEpcVpY9ab+NSioLZEiapZA5nwBxZcC8g9HeK7ccYM7TDnwmoU2vx6/NIJaUjc0b0u8YvJNle5HdJvlhbI0Y31ThqsjTGr0/+8hOOQ5nfsRYACtHiy+FDd82wAAAABJRU5ErkJggg==) " "}
/*.successful.label a:before {content:url(data:image/png;base64,iVBORw0KGgoAAAANSUhEUgAAAAwAAAAMCAYAAABWdVznAAAAGXRFWHRTb2Z0d2FyZQBBZG9iZSBJbWFnZVJlYWR5ccllPAAAA2ZpVFh0WE1MOmNvbS5hZG9iZS54bXAAAAAAADw/eHBhY2tldCBiZWdpbj0i77u/IiBpZD0iVzVNME1wQ2VoaUh6cmVTek5UY3prYzlkIj8+IDx4OnhtcG1ldGEgeG1sbnM6eD0iYWRvYmU6bnM6bWV0YS8iIHg6eG1wdGs9IkFkb2JlIFhNUCBDb3JlIDUuMy1jMDExIDY2LjE0NTY2MSwgMjAxMi8wMi8wNi0xNDo1NjoyNyAgICAgICAgIj4gPHJkZjpSREYgeG1sbnM6cmRmPSJodHRwOi8vd3d3LnczLm9yZy8xOTk5LzAyLzIyLXJkZi1zeW50YXgtbnMjIj4gPHJkZjpEZXNjcmlwdGlvbiByZGY6YWJvdXQ9IiIgeG1sbnM6eG1wTU09Imh0dHA6Ly9ucy5hZG9iZS5jb20veGFwLzEuMC9tbS8iIHhtbG5zOnN0UmVmPSJodHRwOi8vbnMuYWRvYmUuY29tL3hhcC8xLjAvc1R5cGUvUmVzb3VyY2VSZWYjIiB4bWxuczp4bXA9Imh0dHA6Ly9ucy5hZG9iZS5jb20veGFwLzEuMC8iIHhtcE1NOk9yaWdpbmFsRG9jdW1lbnRJRD0ieG1wLmRpZDpCQjU0NjU4QjIyQTNFMTExQkI5Rjk5QkQ4RkQ5RUJFQiIgeG1wTU06RG9jdW1lbnRJRD0ieG1wLmRpZDpEMDVBNThBQUEzRDUxMUUxQjdCQkM2QUNBMTNBMDExNiIgeG1wTU06SW5zdGFuY2VJRD0ieG1wLmlpZDpEMDVBNThBOUEzRDUxMUUxQjdCQkM2QUNBMTNBMDExNiIgeG1wOkNyZWF0b3JUb29sPSJBZG9iZSBQaG90b3Nob3AgQ1M2IChXaW5kb3dzKSI+IDx4bXBNTTpEZXJpdmVkRnJvbSBzdFJlZjppbnN0YW5jZUlEPSJ4bXAuaWlkOjQ4MTZDRTNCRDVBM0UxMTFBQTI2QTBCMjZENzg1Qzg5IiBzdFJlZjpkb2N1bWVudElEPSJ4bXAuZGlkOkJCNTQ2NThCMjJBM0UxMTFCQjlGOTlCRDhGRDlFQkVCIi8+IDwvcmRmOkRlc2NyaXB0aW9uPiA8L3JkZjpSREY+IDwveDp4bXBtZXRhPiA8P3hwYWNrZXQgZW5kPSJyIj8+xJ3YrgAAAYBJREFUeNpsUrtKA1EQPZtdY4gEQiD4QCsLEVGX4CP4AykEq1hYiGghCDZ+gBZWVtrZ+EAjaGOhfoAkNiaKhYWICilMEQNqoYjZ5O4d5+6ucQuLM3funDNzD7OrLe229YBwSKAEnyAP/pyIbL5fcz5rcNiLtuqJSEz3ickn5ruE/vFmJ9/LYjvAldGWqA7bJkgPtoAHQrS5G6NdiwhFWCoxHOCgKUL+iurkCBVawyamE8d4qmSZ51clBZUlh+RG14JzEsJNcaTNLVwWd1B6vXXqkmGoYNeVUPnW3JNr4+YarPoncvebEAKNekAlokaY6N/A1NA+SBgY6Eijtz2Fs5sVWNWawysorWNJsO+q9QWzaxLTYwfojA3isZzDfSnrWvTsNiyp7pOrZURC7ejrTDEpcVpY9ab+NSioLZEiapZA5nwBxZcC8g9HeK7ccYM7TDnwmoU2vx6/NIJaUjc0b0u8YvJNle5HdJvlhbI0Y31ThqsjTGr0/+8hOOQ5nfsRYACtHiy+FDd82wAAAABJRU5ErkJggg==) " "}*/

.xspecResult { width: 90%; table-layout: fixed; }

.xspecResult td,
.xspecResult th { width: 50%; }

/*.xspecResult pre { 
  margin-left: 0; 
  padding: 0.5em; 
  overflow: auto; 
  border: 1px #999 dotted;
}*/

span.scenario-totals {float: right; width: 14.5%; text-align: left}

/* OXYGEN */
span.scenario-totals {float: right; width: 34.5%; text-align: right}

h2.failed {
    background-color: #FCC;
}

h1, h2 {
    width: 86%;
    /*margin-left: 3%;*/
    
    font-size:1.4em;
    font-weight:bold;
    text-align:left;
    margin-top:1.4em;
    margin-bottom:0.7em;
    color:#333333;
    background-color:inherit;
}

h1 {
    font-size:1.7em;
}

body &gt; h1:first-child:before {
    content:"XSLT UNIT ";
}

body &gt; h2:first-of-type {
    font-size:1.7em;
}

div &gt; table &gt; tbody &gt; tr &gt; th:first-child {
    font-weight:bold;
}

div &gt; h3 {
    font-weight:bold;
    /*margin-left: 3%;*/
}

div &gt; h4 {
    font-weight:normal;
    /*margin-left: 4%;*/
}

th.result { text-align: center; }
/* OXYGEN */


/* ------------------------------------------------------------------------ */
/*  DO NOT ALTER OR REMOVE COPYRIGHT NOTICES OR THIS COMMENT.               */
/*                                                                          */
/*  Copyright (c) 2008, 2010 Jeni Tennsion                                  */
/*                                                                          */
/*  The contents of this file are subject to the MIT License (see the URI   */
/*  http://www.opensource.org/licenses/mit-license.php for details).        */
/*                                                                          */
/*  Permission is hereby granted, free of charge, to any person obtaining   */
/*  a copy of this software and associated documentation files (the         */
/*  "Software"), to deal in the Software without restriction, including     */
/*  without limitation the rights to use, copy, modify, merge, publish,     */
/*  distribute, sublicense, and/or sell copies of the Software, and to      */
/*  permit persons to whom the Software is furnished to do so, subject to   */
/*  the following conditions:                                               */
/*                                                                          */
/*  The above copyright notice and this permission notice shall be          */
/*  included in all copies or substantial portions of the Software.         */
/*                                                                          */
/*  THE SOFTWARE IS PROVIDED "AS IS", WITHOUT WARRANTY OF ANY KIND,         */
/*  EXPRESS OR IMPLIED, INCLUDING BUT NOT LIMITED TO THE WARRANTIES OF      */
/*  MERCHANTABILITY, FITNESS FOR A PARTICULAR PURPOSE AND NONINFRINGEMENT.  */
/*  IN NO EVENT SHALL THE AUTHORS OR COPYRIGHT HOLDERS BE LIABLE FOR ANY    */
/*  CLAIM, DAMAGES OR OTHER LIABILITY, WHETHER IN AN ACTION OF CONTRACT,    */
/*  TORT OR OTHERWISE, ARISING FROM, OUT OF OR IN CONNECTION WITH THE       */
/*  SOFTWARE OR THE USE OR OTHER DEALINGS IN THE SOFTWARE.                  */
/* ------------------------------------------------------------------------ */

.nobr { white-space: nowrap; }
.scenario-label { text-indent: 0px; }
.context-label { text-indent: 10px; }
.test-label { text-indent: 20px; }
.pending-label { text-indent: 30px; }


        /**/</style>
    </head><body><h1>Test Report</h1><p>Script: <a href="file:/home/jostein/xprocspec/src/test/xprocspec/tests/import-2.xprocspec">file:/home/jostein/xprocspec/src/test/xprocspec/tests/import-2.xprocspec</a></p><p>Tested: 2013-09-05T16:00:28.366+02:00</p><h2>Contents</h2><table class="xspec"><col width="75%"/><col width="5%"/><col width="5%"/><col width="5%"/><col width="5%"/><col width="5%"/><thead><tr><th/><th class="result">passed:6</th><th class="result">pending:0</th><th class="result">failed:0</th><th class="result">errors:0</th><th class="result">total:6</th></tr></thead><tbody><tr class="successful label"><th><a href="#step1">ex:identity</a></th><th class="result">6</th><th class="result">0</th><th class="result">0</th><th class="result">0</th><th class="result">6</th></tr></tbody></table><div id="step1"><h2 class="successful">Calling: <a href="file:/home/jostein/xprocspec/src/test/xprocspec/steps/identity.xpl">ex:identity</a><span class="scenario-totals">passed:6 / pending:0 /
                                        failed:0 / errors:0 / total:6</span></h2><table class="xspec"><col width="80%"/><col width="20%"/><tbody><tr class="successful label"><th class="scenario-label">identity</th><th class="nobr">passed:2 / pending:0 / failed:0 / errors:0 / total:2</th></tr><tr class="successful label"><th class="context-label">errors</th><th class="nobr">passed:1 / pending:0 / failed:0 / errors:0 / total:1</th></tr><tr class="successful label"><td class="test-label">the step should execute successfully without throwing any errors</td><td>Success</td></tr><tr class="successful label"><th class="context-label">the results</th><th class="nobr">passed:1 / pending:0 / failed:0 / errors:0 / total:1</th></tr><tr class="successful label"><td class="test-label">the option 'option.required' should have the value 'import 2b'</td><td>Success</td></tr><tr class="successful label"><th class="scenario-label">identity</th><th class="nobr">passed:2 / pending:0 / failed:0 / errors:0 / total:2</th></tr><tr class="successful label"><th class="context-label">errors</th><th class="nobr">passed:1 / pending:0 / failed:0 / errors:0 / total:1</th></tr><tr class="successful label"><td class="test-label">the step should execute successfully without throwing any errors</td><td>Success</td></tr><tr class="successful label"><th class="context-label">the results</th><th class="nobr">passed:1 / pending:0 / failed:0 / errors:0 / total:1</th></tr><tr class="successful label"><td class="test-label">the option 'option.required' should have the value 'import 2a'</td><td>Success</td></tr><tr class="successful label"><th class="scenario-label">identity</th><th class="nobr">passed:2 / pending:0 / failed:0 / errors:0 / total:2</th></tr><tr class="successful label"><th class="context-label">errors</th><th class="nobr">passed:1 / pending:0 / failed:0 / errors:0 / total:1</th></tr><tr class="successful label"><td class="test-label">the step should execute successfully without throwing any errors</td><td>Success</td></tr><tr class="successful label"><th class="context-label">the results</th><th class="nobr">passed:1 / pending:0 / failed:0 / errors:0 / total:1</th></tr><tr class="successful label"><td class="test-label">the option 'option.required' should have the value 'import 2'</td><td>Success</td></tr></tbody></table></div><h2>Execution log</h2><table><thead><tr><th>Time</th><th>Severity</th><th>Message</th></tr></thead><tbody><tr style=""><td>0.000</td><td style="padding-left:0%;">INFO</td><td><code><pre>#### file:/home/jostein/xprocspec/src/test/xprocspec/tests/import-2.xprocspec ####</pre></code></td></tr><tr style=""><td>0.004</td><td style="padding-left:0%;">INFO</td><td><code><pre> * temporary directory: file:/tmp/xprocspec-20130905160023007/</pre></code></td></tr><tr style=""><td>0.009</td><td style="padding-left:0%;">INFO</td><td><code><pre>preprocessing...</pre></code></td></tr><tr style=""><td>0.028</td><td style="padding-left:0%;">INFO</td><td><code><pre> * checking for imports</pre></code></td></tr><tr style=""><td>0.034</td><td style="padding-left:0%;">INFO</td><td><code><pre> * checking file:/home/jostein/xprocspec/src/test/xprocspec/tests/import-2.xprocspec for imports</pre></code></td></tr><tr style=""><td>0.039</td><td style="padding-left:0%;">INFO</td><td><code><pre> * importing: file:/home/jostein/xprocspec/src/test/xprocspec/tests/import-2a.xprocspec</pre></code></td></tr><tr style=""><td>0.053</td><td style="padding-left:0%;">INFO</td><td><code><pre> * checking file:/home/jostein/xprocspec/src/test/xprocspec/tests/import-2a.xprocspec for imports</pre></code></td></tr><tr style=""><td>0.059</td><td style="padding-left:0%;">INFO</td><td><code><pre> * importing: file:/home/jostein/xprocspec/src/test/xprocspec/tests/import-2b.xprocspec</pre></code></td></tr><tr style=""><td>0.073</td><td style="padding-left:0%;">INFO</td><td><code><pre> * checking file:/home/jostein/xprocspec/src/test/xprocspec/tests/import-2b.xprocspec for imports</pre></code></td></tr><tr style=""><td>0.079</td><td style="padding-left:0%;">INFO</td><td><code><pre> * extracting step declarations from file:/home/jostein/xprocspec/src/test/xprocspec/steps/identity.xpl</pre></code></td></tr><tr style=""><td>0.087</td><td style="padding-left:0%;">INFO</td><td><code><pre> * tests reference 1 step</pre></code></td></tr><tr style=""><td>0.092</td><td style="padding-left:0%;">INFO</td><td><code><pre>   * step: e:identity</pre></code></td></tr><tr style=""><td>0.098</td><td style="padding-left:0%;">INFO</td><td><code><pre> * trying to load: file:/home/jostein/xprocspec/src/test/xprocspec/steps/identity.xpl</pre></code></td></tr><tr style=""><td>0.104</td><td style="padding-left:0%;">INFO</td><td><code><pre>   * success!</pre></code></td></tr><tr style=""><td>0.112</td><td style="padding-left:0%;">INFO</td><td><code><pre> * trying to extract the step declaration for {http://example.net/ns}identity from file:/home/jostein/xprocspec/src/test/xprocspec/steps/identity.xpl</pre></code></td></tr><tr style=""><td>0.126</td><td style="padding-left:0%;">INFO</td><td><code><pre> * creating a new x:description document for each x:scenario element with inferred inputs, options and parameters</pre></code></td></tr><tr style=""><td>0.146</td><td style="padding-left:0%;">INFO</td><td><code><pre> * validating output grammar</pre></code></td></tr><tr style=""><td>0.160</td><td style="padding-left:0%;">INFO</td><td><code><pre> * validating output grammar</pre></code></td></tr><tr style=""><td>0.173</td><td style="padding-left:0%;">INFO</td><td><code><pre> * validating output grammar</pre></code></td></tr><tr style=""><td>0.186</td><td style="padding-left:0%;">INFO</td><td><code><pre>compiling...</pre></code></td></tr><tr style=""><td>0.194</td><td style="padding-left:0%;">INFO</td><td><code><pre> * created directory using Calabash's cxf:mkdir</pre></code></td></tr><tr style=""><td>0.201</td><td style="padding-left:0%;">INFO</td><td><code><pre> * converting test 'test1' to XProc</pre></code></td></tr><tr style=""><td>0.217</td><td style="padding-left:0%;">INFO</td><td><code><pre>   * done</pre></code></td></tr><tr style=""><td>0.225</td><td style="padding-left:0%;">INFO</td><td><code><pre> * validating output grammar for file:/home/jostein/xprocspec/src/test/xprocspec/tests/import-2.xprocspec</pre></code></td></tr><tr style=""><td>0.241</td><td style="padding-left:0%;">INFO</td><td><code><pre>   * done!</pre></code></td></tr><tr style=""><td>0.249</td><td style="padding-left:0%;">INFO</td><td><code><pre> * converting test 'test2' to XProc</pre></code></td></tr><tr style=""><td>0.263</td><td style="padding-left:0%;">INFO</td><td><code><pre>   * done</pre></code></td></tr><tr style=""><td>0.271</td><td style="padding-left:0%;">INFO</td><td><code><pre> * validating output grammar for file:/home/jostein/xprocspec/src/test/xprocspec/tests/import-2.xprocspec</pre></code></td></tr><tr style=""><td>0.286</td><td style="padding-left:0%;">INFO</td><td><code><pre>   * done!</pre></code></td></tr><tr style=""><td>0.295</td><td style="padding-left:0%;">INFO</td><td><code><pre> * converting test 'test3' to XProc</pre></code></td></tr><tr style=""><td>0.309</td><td style="padding-left:0%;">INFO</td><td><code><pre>   * done</pre></code></td></tr><tr style=""><td>0.318</td><td style="padding-left:0%;">INFO</td><td><code><pre> * validating output grammar for file:/home/jostein/xprocspec/src/test/xprocspec/tests/import-2.xprocspec</pre></code></td></tr><tr style=""><td>0.334</td><td style="padding-left:0%;">INFO</td><td><code><pre>   * done!</pre></code></td></tr><tr style=""><td>0.343</td><td style="padding-left:0%;">INFO</td><td><code><pre> * using as temporary directory: file:/tmp/xprocspec-20130905160023007/xprocspec-20130905160027323/</pre></code></td></tr><tr style=""><td>0.351</td><td style="padding-left:0%;">INFO</td><td><code><pre>storing...</pre></code></td></tr><tr style=""><td>0.398</td><td style="padding-left:0%;">INFO</td><td><code><pre>running...</pre></code></td></tr><tr style=""><td>0.407</td><td style="padding-left:0%;">INFO</td><td><code><pre>   * loading 'file:/tmp/xprocspec-20130905160023007/test1.xpl'</pre></code></td></tr><tr style=""><td>0.481</td><td style="padding-left:0%;">INFO</td><td><code><pre>   * loading 'file:/tmp/xprocspec-20130905160023007/test2.xpl'</pre></code></td></tr><tr style=""><td>0.565</td><td style="padding-left:0%;">INFO</td><td><code><pre>   * loading 'file:/tmp/xprocspec-20130905160023007/test3.xpl'</pre></code></td></tr><tr style=""><td>0.634</td><td style="padding-left:0%;">INFO</td><td><code><pre>evaluating...</pre></code></td></tr><tr style=""><td>0.647</td><td style="padding-left:0%;">INFO</td><td><code><pre> * evaluating scenario 'identity' (file:/home/jostein/xprocspec/src/test/xprocspec/tests/import-2.xprocspec)</pre></code></td></tr><tr style=""><td>0.655</td><td style="padding-left:0%;">INFO</td><td><code><pre>   * resolving x:document elements...</pre></code></td></tr><tr style=""><td>0.666</td><td style="padding-left:0%;">INFO</td><td><code><pre>    * no errors occured</pre></code></td></tr><tr style=""><td>0.698</td><td style="padding-left:0%;">INFO</td><td><code><pre>   * grouping x:expect elements with their x:context...</pre></code></td></tr><tr style=""><td>0.709</td><td style="padding-left:0%;">INFO</td><td><code><pre>   * evaluating each context/expect group...</pre></code></td></tr><tr style=""><td>0.717</td><td style="padding-left:0%;">INFO</td><td><code><pre>     * setting context to 'errors'</pre></code></td></tr><tr style=""><td>0.724</td><td style="padding-left:0%;">INFO</td><td><code><pre>       * testing assertion 'the step should execute successfully without throwing any errors'</pre></code></td></tr><tr style=""><td>0.733</td><td style="padding-left:0%;">INFO</td><td><code><pre>         * is document count assertion</pre></code></td></tr><tr style=""><td>0.741</td><td style="padding-left:0%;">INFO</td><td><code><pre>         * assertion passed</pre></code></td></tr><tr style=""><td>0.749</td><td style="padding-left:0%;">INFO</td><td><code><pre>     * setting context to 'the results'</pre></code></td></tr><tr style=""><td>0.757</td><td style="padding-left:0%;">INFO</td><td><code><pre>       * testing assertion 'the option 'option.required' should have the value 'import 2b''</pre></code></td></tr><tr style=""><td>0.768</td><td style="padding-left:0%;">INFO</td><td><code><pre>         * is xpath assertion</pre></code></td></tr><tr style=""><td>0.795</td><td style="padding-left:0%;">INFO</td><td><code><pre> * evaluating scenario 'identity' (file:/home/jostein/xprocspec/src/test/xprocspec/tests/import-2.xprocspec)</pre></code></td></tr><tr style=""><td>0.803</td><td style="padding-left:0%;">INFO</td><td><code><pre>   * resolving x:document elements...</pre></code></td></tr><tr style=""><td>0.814</td><td style="padding-left:0%;">INFO</td><td><code><pre>    * no errors occured</pre></code></td></tr><tr style=""><td>0.847</td><td style="padding-left:0%;">INFO</td><td><code><pre>   * grouping x:expect elements with their x:context...</pre></code></td></tr><tr style=""><td>0.856</td><td style="padding-left:0%;">INFO</td><td><code><pre>   * evaluating each context/expect group...</pre></code></td></tr><tr style=""><td>0.865</td><td style="padding-left:0%;">INFO</td><td><code><pre>     * setting context to 'errors'</pre></code></td></tr><tr style=""><td>0.873</td><td style="padding-left:0%;">INFO</td><td><code><pre>       * testing assertion 'the step should execute successfully without throwing any errors'</pre></code></td></tr><tr style=""><td>0.882</td><td style="padding-left:0%;">INFO</td><td><code><pre>         * is document count assertion</pre></code></td></tr><tr style=""><td>0.891</td><td style="padding-left:0%;">INFO</td><td><code><pre>         * assertion passed</pre></code></td></tr><tr style=""><td>0.900</td><td style="padding-left:0%;">INFO</td><td><code><pre>     * setting context to 'the results'</pre></code></td></tr><tr style=""><td>0.909</td><td style="padding-left:0%;">INFO</td><td><code><pre>       * testing assertion 'the option 'option.required' should have the value 'import 2a''</pre></code></td></tr><tr style=""><td>0.919</td><td style="padding-left:0%;">INFO</td><td><code><pre>         * is xpath assertion</pre></code></td></tr><tr style=""><td>0.944</td><td style="padding-left:0%;">INFO</td><td><code><pre> * evaluating scenario 'identity' (file:/home/jostein/xprocspec/src/test/xprocspec/tests/import-2.xprocspec)</pre></code></td></tr><tr style=""><td>0.953</td><td style="padding-left:0%;">INFO</td><td><code><pre>   * resolving x:document elements...</pre></code></td></tr><tr style=""><td>0.964</td><td style="padding-left:0%;">INFO</td><td><code><pre>    * no errors occured</pre></code></td></tr><tr style=""><td>0.997</td><td style="padding-left:0%;">INFO</td><td><code><pre>   * grouping x:expect elements with their x:context...</pre></code></td></tr><tr style=""><td>1.007</td><td style="padding-left:0%;">INFO</td><td><code><pre>   * evaluating each context/expect group...</pre></code></td></tr><tr style=""><td>1.015</td><td style="padding-left:0%;">INFO</td><td><code><pre>     * setting context to 'errors'</pre></code></td></tr><tr style=""><td>1.024</td><td style="padding-left:0%;">INFO</td><td><code><pre>       * testing assertion 'the step should execute successfully without throwing any errors'</pre></code></td></tr><tr style=""><td>1.034</td><td style="padding-left:0%;">INFO</td><td><code><pre>         * is document count assertion</pre></code></td></tr><tr style=""><td>1.043</td><td style="padding-left:0%;">INFO</td><td><code><pre>         * assertion passed</pre></code></td></tr><tr style=""><td>1.053</td><td style="padding-left:0%;">INFO</td><td><code><pre>     * setting context to 'the results'</pre></code></td></tr><tr style=""><td>1.063</td><td style="padding-left:0%;">INFO</td><td><code><pre>       * testing assertion 'the option 'option.required' should have the value 'import 2''</pre></code></td></tr><tr style=""><td>1.073</td><td style="padding-left:0%;">INFO</td><td><code><pre>         * is xpath assertion</pre></code></td></tr><tr style=""><td>1.098</td><td style="padding-left:0%;">INFO</td><td><code><pre>reporting...</pre></code></td></tr></tbody></table><link rel="stylesheet" href="http://yandex.st/highlightjs/7.3/styles/default.min.css"/><script type="text/javascript" src="http://yandex.st/highlightjs/7.3/highlight.min.js" xml:space="preserve"> </script><script type="text/javascript">hljs.initHighlightingOnLoad();</script></body></html></x:document></x:output><x:output port="junit"><x:document xml:base="file:/home/jostein/xprocspec/src/main/resources/content/xml/xproc/report/report.xpl" xml:space="preserve" type="inline"><testsuites tests="6" failures="0" time="1.109" errors="0" name="import2"><testsuite timestamp="2013-09-05T14:00:28.251Z" hostname="localhost" tests="2" errors="0" failures="0" skipped="0" id="d9694e1" name="identity" package="http://example.net/ns" time="0.008">
<properties>

<property name="option: option.required" value="import 2b"/>

</properties>
<testcase name="theStepShouldExecuteSuccessfullyWithoutThrowingAnyErrors" classname="identity" assertions="1" time="0" status="SUCCESS"><system-out>the step should execute successfully without throwing any errors: SUCCESS</system-out>
<system-err/></testcase><testcase name="theOptionOptionRequiredShouldHaveTheValueImport2b" classname="identity" assertions="1" time="0" status="SUCCESS"><system-out>the option 'option.required' should have the value 'import 2b': SUCCESS</system-out>
<system-err/></testcase></testsuite><testsuite timestamp="2013-09-05T14:00:28.262Z" hostname="localhost" tests="2" errors="0" failures="0" skipped="0" id="d9702e1" name="identity" package="http://example.net/ns" time="0.009">
<properties>

<property name="option: option.required" value="import 2a"/>

</properties>
<testcase name="theStepShouldExecuteSuccessfullyWithoutThrowingAnyErrors" classname="identity" assertions="1" time="0" status="SUCCESS"><system-out>the step should execute successfully without throwing any errors: SUCCESS</system-out>
<system-err/></testcase><testcase name="theOptionOptionRequiredShouldHaveTheValueImport2a" classname="identity" assertions="1" time="0" status="SUCCESS"><system-out>the option 'option.required' should have the value 'import 2a': SUCCESS</system-out>
<system-err/></testcase></testsuite><testsuite timestamp="2013-09-05T14:00:28.272Z" hostname="localhost" tests="2" errors="0" failures="0" skipped="0" id="d9709e1" name="identity" package="http://example.net/ns" time="0.009">
<properties>

<property name="option: option.required" value="import 2"/>

</properties>
<testcase name="theStepShouldExecuteSuccessfullyWithoutThrowingAnyErrors" classname="identity" assertions="1" time="0" status="SUCCESS"><system-out>the step should execute successfully without throwing any errors: SUCCESS</system-out>
<system-err/></testcase><testcase name="theOptionOptionRequiredShouldHaveTheValueImport2" classname="identity" assertions="1" time="0" status="SUCCESS"><system-out>the option 'option.required' should have the value 'import 2': SUCCESS</system-out>
<system-err/></testcase></testsuite></testsuites></x:document></x:output><x:test-result contextref="errors" result="passed" max="0" label="the step should execute successfully without throwing any errors" type="count">
                                                        <x:expected>At most 0 documents.</x:expected>
                                                    <x:was>0</x:was></x:test-result><x:test-result contextref="context2" result="passed" test="not(/*/@tests='0') and /*/@failures='0' and /*/@errors='0'" label="there should be at least one test, and none of the tests should fail" type="xpath"><x:expected xml:space="preserve">XPath: true()
Value: true</x:expected><x:was xml:space="preserve">XPath: not(/*/@tests='0') and /*/@failures='0' and /*/@errors='0'
Value: true</x:was></x:test-result></x:description><x:description xmlns:cx="http://xmlcalabash.com/ns/extensions" xmlns:c="http://www.w3.org/ns/xproc-step" xml:base="file:/home/jostein/xprocspec/src/test/xprocspec/test.xprocspec" test-base-uri="file:/home/jostein/xprocspec/src/test/xprocspec/test.xprocspec" script="file:/home/jostein/xprocspec/src/main/resources/content/xml/xproc/xprocspec.xpl" test-grammar="xprocspec" temp-dir="file:/tmp/xprocspec-20130905160023007/"><x:step-declaration><p:declare-step xmlns:p="http://www.w3.org/ns/xproc" xmlns:px="http://www.daisy.org/ns/xprocspec" xmlns:pxi="http://www.daisy.org/ns/xprocspec/xproc-internal/" xmlns:pkg="http://expath.org/ns/pkg" type="px:xprocspec" name="main" version="1.0" xpath-version="2.0" pkg:import-uri="http://www.daisy.org/ns/xprocspec/xprocspec.xpl" x:type="{http://www.daisy.org/ns/xprocspec}xprocspec"><p:input port="source" kind="document" sequence="false" primary="true"/><p:output port="result" kind="document" sequence="false" primary="false"><p:pipe port="result" step="report"/></p:output><p:output port="html" kind="document" sequence="false" primary="false"><p:pipe port="html" step="report"/></p:output><p:output port="junit" kind="document" sequence="false" primary="false"><p:pipe port="junit" step="report"/></p:output><p:option name="temp-dir" select="'file:/tmp/'"/></p:declare-step></x:step-declaration><x:scenario end-time="2013-09-05T14:00:29.641Z" label="the import element - circular imports" start-time="2013-09-05T14:00:28.723Z"><x:call x:type="{http://www.daisy.org/ns/xprocspec}xprocspec" step="x:xprocspec"><x:option select="$temp-dir" name="temp-dir" value="file:/tmp/xprocspec-20130905160023007/"/><x:input port="source">
                    <x:document xml:base="file:/home/jostein/xprocspec/src/test/xprocspec/test.xprocspec" xml:space="preserve" type="inline"><?xml-model href="http://www.daisy.org/ns/xprocspec/xprocspec.rng" type="application/xml" schematypens="http://relaxng.org/ns/structure/1.0"?><x:description xmlns:e="http://example.net/ns" script="../steps/identity.xpl">

    <x:import href="import-3a.xprocspec"/>
    
    <x:scenario label="identity">
        <x:call step="e:identity">
            <x:option name="option.required" select="'import 3'"/>
        </x:call>
        <x:context label="the results">
            <x:document type="port" port="options"/>
        </x:context>
        <x:expect type="xpath" label="the option 'option.required' should have the value 'import 3'" test="/*/*[@name='option.required']/@value='import 3'"/>
    </x:scenario>

</x:description></x:document>
                </x:input></x:call>
                                                <x:context label="errors" id="errors">
                                                    
                                                </x:context>
                                            
                                                <x:expect type="count" label="the step should execute successfully without throwing any errors" max="0" contextref="errors"/>
                                            <x:context label="the junit output port" id="context3">
                <x:document xml:base="file:/home/jostein/xprocspec/src/main/resources/content/xml/xproc/report/report.xpl" xml:space="preserve" type="inline"><testsuites tests="4" failures="0" time="0.765" errors="0" name="import3"><testsuite timestamp="2013-09-05T14:00:29.503Z" hostname="localhost" tests="2" errors="0" failures="0" skipped="0" id="d11848e1" name="identity" package="http://example.net/ns" time="0.008">
<properties>

<property name="option: option.required" value="import 3a"/>

</properties>
<testcase name="theStepShouldExecuteSuccessfullyWithoutThrowingAnyErrors" classname="identity" assertions="1" time="0" status="SUCCESS"><system-out>the step should execute successfully without throwing any errors: SUCCESS</system-out>
<system-err/></testcase><testcase name="theOptionOptionRequiredShouldHaveTheValueImport3a" classname="identity" assertions="1" time="0" status="SUCCESS"><system-out>the option 'option.required' should have the value 'import 3a': SUCCESS</system-out>
<system-err/></testcase></testsuite><testsuite timestamp="2013-09-05T14:00:29.515Z" hostname="localhost" tests="2" errors="0" failures="0" skipped="0" id="d11856e1" name="identity" package="http://example.net/ns" time="0.008">
<properties>

<property name="option: option.required" value="import 3"/>

</properties>
<testcase name="theStepShouldExecuteSuccessfullyWithoutThrowingAnyErrors" classname="identity" assertions="1" time="0" status="SUCCESS"><system-out>the step should execute successfully without throwing any errors: SUCCESS</system-out>
<system-err/></testcase><testcase name="theOptionOptionRequiredShouldHaveTheValueImport3" classname="identity" assertions="1" time="0" status="SUCCESS"><system-out>the option 'option.required' should have the value 'import 3': SUCCESS</system-out>
<system-err/></testcase></testsuite></testsuites></x:document>
            </x:context><x:expect label="there should be at least one test, and none of the tests should fail" type="xpath" test="not(/*/@tests='0') and /*/@failures='0' and /*/@errors='0'" contextref="context3"/></x:scenario><x:output port="result"><x:document xml:base="file:/home/jostein/xprocspec/src/main/resources/content/xml/xproc/report/report.xpl" xml:space="preserve" type="inline"><x:test-report><x:description xml:base="file:/home/jostein/xprocspec/src/test/xprocspec/tests/import-3.xprocspec" test-base-uri="file:/home/jostein/xprocspec/src/test/xprocspec/tests/import-3.xprocspec" script="file:/home/jostein/xprocspec/src/test/xprocspec/steps/identity.xpl" test-grammar="xprocspec" temp-dir="file:/tmp/xprocspec-20130905160023007/xprocspec-20130905160028894/"><x:step-declaration><p:declare-step xmlns:p="http://www.w3.org/ns/xproc" xmlns:ex="http://example.net/ns" name="main" type="ex:identity" version="1.0" x:type="{http://example.net/ns}identity"><p:input port="source.document.primary" kind="document" primary="true" sequence="false"><p:inline>
            <source.document.primary.default/>
        </p:inline></p:input><p:input port="source.document.secondary.sequence" kind="document" sequence="true" primary="false"><p:inline>
            <source.document.secondary.sequence/>
        </p:inline></p:input><p:input select="/*/*" port="source.document.secondary.select-children" kind="document" sequence="true" primary="false"><p:inline>
            <default>
                <default/>
                <default/>
            </default>
        </p:inline></p:input><p:input port="source.parameter.primary.sequence" primary="true" kind="parameter" sequence="true"/><p:output port="result.document.primary" kind="document" primary="true" sequence="false"><p:pipe port="source.document.primary" step="main"/></p:output><p:output port="result.document.secondary.sequence" kind="document" sequence="true" primary="false"><p:pipe port="source.document.secondary.sequence" step="main"/></p:output><p:output port="result.document.secondary.select-children" kind="document" sequence="true" primary="false"><p:pipe port="source.document.secondary.select-children" step="main"/></p:output><p:output port="result.parameter.primary" kind="document" sequence="false" primary="false"><p:pipe port="result" step="parameters"/></p:output><p:output port="options" kind="document" sequence="false" primary="false"><p:pipe port="result" step="options"/></p:output><p:option name="option"/><p:option name="option.required" required="true"/><p:option name="option.default" select="'default'"/></p:declare-step></x:step-declaration><x:scenario xmlns:e="http://example.net/ns" end-time="2013-09-05T14:00:29.051Z" label="identity" start-time="2013-09-05T14:00:29.043Z"><x:call x:type="{http://example.net/ns}identity" step="e:identity"><x:option select="'import 3a'" name="option.required" value=""/></x:call>
                                                <x:context label="errors" id="errors">
                                                    
                                                </x:context>
                                            
                                                <x:expect type="count" label="the step should execute successfully without throwing any errors" max="0" contextref="errors"/>
                                            <x:context label="the results" id="context0">
            <x:document xml:base="file:/home/jostein/xprocspec/src/test/xprocspec/steps/identity.xpl" xml:space="preserve" type="inline">
                <c:options xmlns:ex="http://example.net/ns">
                    
                    <c:option name="option.required" value="import 3a"/>
                    <c:option name="option.default" value="default"/>
                </c:options>
            </x:document>
        </x:context><x:expect type="xpath" label="the option 'option.required' should have the value 'import 3a'" test="/*/*[@name='option.required']/@value='import 3a'" contextref="context0"/></x:scenario><x:output port="result.document.primary"><x:document xml:base="file:/home/jostein/xprocspec/src/test/xprocspec/tests/import-3.xprocspec" xml:space="preserve" type="inline">
            <source.document.primary.default xmlns:ex="http://example.net/ns"/>
        </x:document></x:output><x:output port="result.document.secondary.sequence"><x:document xml:base="file:/home/jostein/xprocspec/src/test/xprocspec/steps/identity.xpl" xml:space="preserve" type="inline">
            <source.document.secondary.sequence xmlns:ex="http://example.net/ns"/>
        </x:document></x:output><x:output port="result.document.secondary.select-children"><x:document xml:base="file:/home/jostein/xprocspec/src/test/xprocspec/steps/identity.xpl" xml:space="preserve" type="inline"><default xmlns:ex="http://example.net/ns"/></x:document><x:document xml:base="file:/home/jostein/xprocspec/src/test/xprocspec/steps/identity.xpl" xml:space="preserve" type="inline"><default xmlns:ex="http://example.net/ns"/></x:document></x:output><x:output port="result.parameter.primary"><x:document xml:base="file:/home/jostein/xprocspec/src/test/xprocspec/steps/identity.xpl" xml:space="preserve" type="inline"><c:param-set/></x:document></x:output><x:output port="options"><x:document xml:base="file:/home/jostein/xprocspec/src/test/xprocspec/steps/identity.xpl" xml:space="preserve" type="inline">
                <c:options xmlns:ex="http://example.net/ns">
                    
                    <c:option name="option.required" value="import 3a"/>
                    <c:option name="option.default" value="default"/>
                </c:options>
            </x:document></x:output><x:test-result contextref="errors" result="passed" max="0" label="the step should execute successfully without throwing any errors" type="count">
                                                        <x:expected>At most 0 documents.</x:expected>
                                                    <x:was>0</x:was></x:test-result><x:test-result contextref="context0" result="passed" test="/*/*[@name='option.required']/@value='import 3a'" label="the option 'option.required' should have the value 'import 3a'" type="xpath"><x:expected xml:space="preserve">XPath: true()
Value: true</x:expected><x:was xml:space="preserve">XPath: /*/*[@name='option.required']/@value='import 3a'
Value: true</x:was></x:test-result></x:description><x:description xml:base="file:/home/jostein/xprocspec/src/test/xprocspec/tests/import-3.xprocspec" test-base-uri="file:/home/jostein/xprocspec/src/test/xprocspec/tests/import-3.xprocspec" script="file:/home/jostein/xprocspec/src/test/xprocspec/steps/identity.xpl" test-grammar="xprocspec" temp-dir="file:/tmp/xprocspec-20130905160023007/xprocspec-20130905160028894/"><x:step-declaration><p:declare-step xmlns:p="http://www.w3.org/ns/xproc" xmlns:ex="http://example.net/ns" name="main" type="ex:identity" version="1.0" x:type="{http://example.net/ns}identity"><p:input port="source.document.primary" kind="document" primary="true" sequence="false"><p:inline>
            <source.document.primary.default/>
        </p:inline></p:input><p:input port="source.document.secondary.sequence" kind="document" sequence="true" primary="false"><p:inline>
            <source.document.secondary.sequence/>
        </p:inline></p:input><p:input select="/*/*" port="source.document.secondary.select-children" kind="document" sequence="true" primary="false"><p:inline>
            <default>
                <default/>
                <default/>
            </default>
        </p:inline></p:input><p:input port="source.parameter.primary.sequence" primary="true" kind="parameter" sequence="true"/><p:output port="result.document.primary" kind="document" primary="true" sequence="false"><p:pipe port="source.document.primary" step="main"/></p:output><p:output port="result.document.secondary.sequence" kind="document" sequence="true" primary="false"><p:pipe port="source.document.secondary.sequence" step="main"/></p:output><p:output port="result.document.secondary.select-children" kind="document" sequence="true" primary="false"><p:pipe port="source.document.secondary.select-children" step="main"/></p:output><p:output port="result.parameter.primary" kind="document" sequence="false" primary="false"><p:pipe port="result" step="parameters"/></p:output><p:output port="options" kind="document" sequence="false" primary="false"><p:pipe port="result" step="options"/></p:output><p:option name="option"/><p:option name="option.required" required="true"/><p:option name="option.default" select="'default'"/></p:declare-step></x:step-declaration><x:scenario xmlns:e="http://example.net/ns" end-time="2013-09-05T14:00:29.115Z" label="identity" start-time="2013-09-05T14:00:29.107Z"><x:call x:type="{http://example.net/ns}identity" step="e:identity"><x:option select="'import 3'" name="option.required" value=""/></x:call>
                                                <x:context label="errors" id="errors">
                                                    
                                                </x:context>
                                            
                                                <x:expect type="count" label="the step should execute successfully without throwing any errors" max="0" contextref="errors"/>
                                            <x:context label="the results" id="context1">
            <x:document xml:base="file:/home/jostein/xprocspec/src/test/xprocspec/steps/identity.xpl" xml:space="preserve" type="inline">
                <c:options xmlns:ex="http://example.net/ns">
                    
                    <c:option name="option.required" value="import 3"/>
                    <c:option name="option.default" value="default"/>
                </c:options>
            </x:document>
        </x:context><x:expect type="xpath" label="the option 'option.required' should have the value 'import 3'" test="/*/*[@name='option.required']/@value='import 3'" contextref="context1"/></x:scenario><x:output port="result.document.primary"><x:document xml:base="file:/home/jostein/xprocspec/src/test/xprocspec/tests/import-3.xprocspec" xml:space="preserve" type="inline">
            <source.document.primary.default xmlns:ex="http://example.net/ns"/>
        </x:document></x:output><x:output port="result.document.secondary.sequence"><x:document xml:base="file:/home/jostein/xprocspec/src/test/xprocspec/steps/identity.xpl" xml:space="preserve" type="inline">
            <source.document.secondary.sequence xmlns:ex="http://example.net/ns"/>
        </x:document></x:output><x:output port="result.document.secondary.select-children"><x:document xml:base="file:/home/jostein/xprocspec/src/test/xprocspec/steps/identity.xpl" xml:space="preserve" type="inline"><default xmlns:ex="http://example.net/ns"/></x:document><x:document xml:base="file:/home/jostein/xprocspec/src/test/xprocspec/steps/identity.xpl" xml:space="preserve" type="inline"><default xmlns:ex="http://example.net/ns"/></x:document></x:output><x:output port="result.parameter.primary"><x:document xml:base="file:/home/jostein/xprocspec/src/test/xprocspec/steps/identity.xpl" xml:space="preserve" type="inline"><c:param-set/></x:document></x:output><x:output port="options"><x:document xml:base="file:/home/jostein/xprocspec/src/test/xprocspec/steps/identity.xpl" xml:space="preserve" type="inline">
                <c:options xmlns:ex="http://example.net/ns">
                    
                    <c:option name="option.required" value="import 3"/>
                    <c:option name="option.default" value="default"/>
                </c:options>
            </x:document></x:output><x:test-result contextref="errors" result="passed" max="0" label="the step should execute successfully without throwing any errors" type="count">
                                                        <x:expected>At most 0 documents.</x:expected>
                                                    <x:was>0</x:was></x:test-result><x:test-result contextref="context1" result="passed" test="/*/*[@name='option.required']/@value='import 3'" label="the option 'option.required' should have the value 'import 3'" type="xpath"><x:expected xml:space="preserve">XPath: true()
Value: true</x:expected><x:was xml:space="preserve">XPath: /*/*[@name='option.required']/@value='import 3'
Value: true</x:was></x:test-result></x:description></x:test-report></x:document></x:output><x:output port="html"><x:document xml:base="file:/home/jostein/xprocspec/src/main/resources/content/xml/xproc/report/report-template.xhtml" xml:space="preserve" type="inline"><html xmlns="http://www.w3.org/1999/xhtml"><head><title>Test Report for file:/home/jostein/xprocspec/src/test/xprocspec/tests/import-3.xprocspec (passed:4 / pending:0 / failed:0 / errors:0 / total:4)</title>
        <meta charset="utf-8"/>
        <style type="text/css" xml:space="preserve">/**/
/****************************************************************************/
/*  File:       test-report.css                                             */
/*  Author:     Jeni Tennsion                                               */
/*  URI:        http://xspec.googlecode.com/                                */
/*  Tags:                                                                   */
/*    Copyright (c) 2008, 2010 Jeni Tennsion (see end of file.)             */
/* ------------------------------------------------------------------------ */


/* test */

/* box model */

body {
	margin-right: 1em;
	/*margin-left: 10%;*/
	}

h1 {
	padding: 0.3em 0.5em 0.3em 0.5em;
	position: relative;
	}

h2 {
	padding: 0.1em 0.5em 0.2em 0.5em;
	}

h3 {
	padding-left: 0.6em;
	}

h4 {
	padding-left: 0.8em;
	}

p, table {
	/*margin-left: 5%;*/
	}

dd ul, dd ol {
	margin-left: 0%;
	}

li ul, li ol {
	/*margin-left: 5%;*/
	}

dl, ul, ol, blockquote {
	/*margin-left: 10%;*/
	}

dt {
  padding-top: 3px;
  padding-bottom: 3px;
	clear: both;
	}

dd p {
	/*margin-left: -5px;*/
	margin-top: 5px;
	clear: both;
	}

p.link {
	margin-top: 4px;
	margin-bottom: 0px;
	clear: both;
	}

tr td, td p, li, li p {
	margin-left: 0%;
	}

td:nth-child(2) {
	padding-left: 5%;
	}

.link img, dt img {
	vertical-align: middle;
	position: relative;
	top: -5px;
	}

img {
	position: relative;
	}

#xml-link {
	position: absolute;
	left: 5px;
	top: 5px;
	width: 10%;
	margin-left: 0%;
	}

#link-up {
	position: absolute;
	left: 93%;
	right: 2em;
	top: 0.3em;
	}

#link-top {
	position: absolute;
	left: 89%;
	right: 4em;
	top: 0.3em;
	}
	
.popup {
	display: block;
	visibility: hidden;
	float: right;
	position: absolute;
	top: 5px;
	left: -200px;
	z-index: 1;
	padding: 0.3em;
	width: 220px;
	}

.note {
	position: relative;
	}

.post {
	/*margin-left: 5%;*/
	padding-top: 1em;
	}
	
.example, .sidebar {
  /*margin-left: 5%;*/
  margin-top: 1em;
  margin-bottom: 1em;
  }

/*pre {
	padding-left: 5%;
	margin-left: 5%;
	}*/

/*dd pre, li pre {
	padding-left: 5%;
	}*/

/* fonts */
/* Oxygen  */
body, table {
    font-family:arial, helvetica, sans-serif;
    font-size:12px;
}
/* Oxygen  */

/*body {
	font-family: Verdana, arial, sans-serif;
	font-size: small;
	}*/	

/*h1, h2, h3, h4, h5, h6 {
	font-family: 'trebuchet MS', arial, sans-serif;
	}*/

h1 {
	font-size: 173%;
	font-weight: bold;
	}

h2 {
	font-size: 144%;
	font-weight: normal;
	}

h3 {
	font-size: 120%;
	font-weight: normal;
	}

h4 {
  font-size: 100%;
  font-weight: bold;
}

dt {
	font-weight: bold;
	}

a:link, a:visited, a:active, a:hover {
	font-weight: bold;
	}

a.offsite:link, a.offsite:visited, a.offsite:active, a.offsite:hover {
	font-weight: normal;
	}

/* suppress the normal italics */
address {
	font-style: normal;
	}

div.example, .sidebar {
  font-family: Verdana, arial, sans-serif;
  font-size: 100%;
  }


.note, .link {
	font-family: Verdana, arial, sans-serif;
	/*font-size: 83%;*/
	}

/*.example, .string, .rtf, .code, pre, code {
	font-family: "Lucida Console", "Courier New", monospace;*/
  /*font-size: 83%;*/
/*	}*/

.boolean {
	font-style: italic;
	}

#colophon, #xml-link {
	font-size: 69%;
	}

.question, .title {
	font-weight: bold;
	}

/* colours */
body {
	background-color: white;
	color: black;
	border: 0px none black;
	}

/* this is to make Navigator fill the entire line */
h1, h2 {
	border: 1px solid white;
	width: auto;
	}

h1 {
	/*background: #606;*/
	/*color: #6F6;*/
	}

h2 {
	color: #606;
	/*background: #CFC;*/
	}

hr {
	color: #606;
	background: white;
	}

img, a:link img, a:visited img, a:hover img, a:active img, #link-up img, #link-top img {
	border: 0px none white;
	background: transparent;
	}

/* OXYGEN */
a, a:visited {
    color:rgb(0, 0, 150);
    background-color:inherit;
    font-weight: bold;
}
a:link, a:visited {
    text-decoration:none; 
}
a:hover {
    text-decoration:underline;
}

/* OXYGEN */

a.img:hover, a.img:active {
	background: transparent;
	}

#colophon, #xml-link, .note {
	color: #666;
	}

#colophon a:link, #colophon a:visited, #colophon a:hover,
#xml-link a:link, #xml-link a:visited, #xml-link a:hover,
.note a:link, .note a:visited, .note a:hover {
	color: #969;
	background: transparent;
	}

#colophon a:hover, #xml-link a:hover, .note a:hover {
	background: #CFC;
	color: #969;
	}

.popup {
	background: white;
	border: 1px solid #606;
	}

.post {
	border-top: 2px solid #606;
	}
	
.example {
  border-top: 2px solid #606;
  border-bottom: 2px solid #606;
  }
  
.sidebar {
  border-top: 2px solid #090;
  border-bottom: 2px solid #090;
  }
  
.rng {
  border-left: 2px solid #666;
  }

.same {
  background-color: rgb(206, 239, 174);
}

.diff {
  background-color: #FCC;
}

.whitespace {
	font-style: italic;
	color: #999;
	background: white;
}

.ignored {
  font-style: italic;
  color: #999;
  background: white;
}

.hit {
}

.missed {
  background-color: #A33;
  color: white;
}

/* text */
ol ol li {
	list-style: lower-alpha;
	}

th {
	text-align: left;
	}

td {
	vertical-align: top;
	}

h1 {
	text-transform: uppercase;
	}

h2, h3 {
	/*text-transform: capitalize;*/
	}

.question {
	text-indent: -33px;
	}

.byline {
	text-align: right;
	}

#link-top, #link-up {
	text-align: right;
	}

a {
	text-decoration: none;
	}

table { width: 85%;
        /* border: collapse; */ }

th { text-align: left; }

.xspec tbody th { font-weight: normal; /*font-size: 0.8em;*/ border-top: 1px #666 solid; }
.xspec tbody td { /*font-size: 0.8em;*/ color: #666; }

.successful.label th, .successful.label td { background-color: #CFC; }
.pending.label th, .pending.label td { background-color: #DDD; color: #666; }
.failed.label th, .failed.label td { background-color: #FCC; }
.error.label th, .error.label td { background-color: #FAA; }
/*body &gt; table tbody .failed.label th:first-child:before {content:url(data:image/png;base64,iVBORw0KGgoAAAANSUhEUgAAAAwAAAAMCAYAAABWdVznAAAAGXRFWHRTb2Z0d2FyZQBBZG9iZSBJbWFnZVJlYWR5ccllPAAAA2ZpVFh0WE1MOmNvbS5hZG9iZS54bXAAAAAAADw/eHBhY2tldCBiZWdpbj0i77u/IiBpZD0iVzVNME1wQ2VoaUh6cmVTek5UY3prYzlkIj8+IDx4OnhtcG1ldGEgeG1sbnM6eD0iYWRvYmU6bnM6bWV0YS8iIHg6eG1wdGs9IkFkb2JlIFhNUCBDb3JlIDUuMy1jMDExIDY2LjE0NTY2MSwgMjAxMi8wMi8wNi0xNDo1NjoyNyAgICAgICAgIj4gPHJkZjpSREYgeG1sbnM6cmRmPSJodHRwOi8vd3d3LnczLm9yZy8xOTk5LzAyLzIyLXJkZi1zeW50YXgtbnMjIj4gPHJkZjpEZXNjcmlwdGlvbiByZGY6YWJvdXQ9IiIgeG1sbnM6eG1wTU09Imh0dHA6Ly9ucy5hZG9iZS5jb20veGFwLzEuMC9tbS8iIHhtbG5zOnN0UmVmPSJodHRwOi8vbnMuYWRvYmUuY29tL3hhcC8xLjAvc1R5cGUvUmVzb3VyY2VSZWYjIiB4bWxuczp4bXA9Imh0dHA6Ly9ucy5hZG9iZS5jb20veGFwLzEuMC8iIHhtcE1NOk9yaWdpbmFsRG9jdW1lbnRJRD0ieG1wLmRpZDpCQjU0NjU4QjIyQTNFMTExQkI5Rjk5QkQ4RkQ5RUJFQiIgeG1wTU06RG9jdW1lbnRJRD0ieG1wLmRpZDpEQTUyOTdBQUEzRDUxMUUxQTQwN0YzMUI0Nzg3NDU1RSIgeG1wTU06SW5zdGFuY2VJRD0ieG1wLmlpZDpEQTUyOTdBOUEzRDUxMUUxQTQwN0YzMUI0Nzg3NDU1RSIgeG1wOkNyZWF0b3JUb29sPSJBZG9iZSBQaG90b3Nob3AgQ1M2IChXaW5kb3dzKSI+IDx4bXBNTTpEZXJpdmVkRnJvbSBzdFJlZjppbnN0YW5jZUlEPSJ4bXAuaWlkOjQ4MTZDRTNCRDVBM0UxMTFBQTI2QTBCMjZENzg1Qzg5IiBzdFJlZjpkb2N1bWVudElEPSJ4bXAuZGlkOkJCNTQ2NThCMjJBM0UxMTFCQjlGOTlCRDhGRDlFQkVCIi8+IDwvcmRmOkRlc2NyaXB0aW9uPiA8L3JkZjpSREY+IDwveDp4bXBtZXRhPiA8P3hwYWNrZXQgZW5kPSJyIj8+aHNJrgAAAZ1JREFUeNpsUssrRGEU/907985YMDPNYlh4hbKZPMdgR3aysrGSSFIeKyUKpewoRTYkmcgCf4MsMI2FPDYGKeUZSoru4/uc82VC+W7fOeee+zvn/M45V1uuyCmVwDogq0hDklD6jy1dspNkdxokVrIzPFUh0/MD5OdXoJDwPFtu3d2ns6TTp9oggTlFZlmN0o4AHMmXfJGo0lmGzoE1OgmNHf5YA8rmN5HfM6wADmUuHphA9cIW/JX1yiek9DIlyijxkNjBzXYche19gNcHzfShoLUdVxtLuD/cYzCoMAzCwqYrhMDx9Chs20JRWzf4nMcXcDI3pYAqQHIAtWUJbpKursMMhpA+RiAEGzpc4X5XkDB4GjaHmiZik/PIa2rBEWVlSuW9Q+T3YndskBi46QpQFcLltchtbEZyZhxna4uKhmV9Ito/gtPNOG4P99WItdlIWARNXWOAv6AEr9cplel7/ggUleDlMqUSvNnCobHKxDsNnqs8XaWUZopp/XhxTkOR+HDVOveYUge9rNLyY9SU9v+vwXuUB2R0fQkwABfn/VKSjTLBAAAAAElFTkSuQmCC) " "}*/
/*body &gt; table tbody .error.label th:first-child:before {content:url(data:image/png;base64,iVBORw0KGgoAAAANSUhEUgAAAAwAAAAMCAYAAABWdVznAAAABmJLR0QAAAAAAAD5Q7t/AAAACXBIWXMAAAsTAAALEwEAmpwYAAAAB3RJTUUH3QcKER4AdkxvvQAAAdVJREFUKM89kM9KG0EAh7/JTHazZInEQwJ68KIWLx6Etj6EjxAobYSsD+BjCJ682EOp0FMueYmS0FMICF4i6tFNzJ/dyRh2Znoo6Xf+Pn7wEzc3Nx/W6/UvY8xJnudkWYa1Fu893nviOCaKIhuG4R/v/Ve1Xq9/bG1tnezs7JDnOVpr3t/fcc4hpaRSqVCpVORqtTp9e3v7rrTWn5vNJpPJhHK5zHg8JssyvPeEYcjR0RFpmlKr1ZjP5x9Li8VCbOR2u83BwQEvLy88PT1xfHzMxcUFQgjSNCXLskDlec5sNuPx8REpJZ1Oh+fnZ4QQnJ+fc319Tb/fZ29vD601SmvNdDplsVhwe3vLaDTi6uoKgCRJGAwGNBoNXl9fMcZQcs5hjGG1WpHnObVajQ3VahWtNcYYjDE451Cb+7z3JElCkiScnZ0hpaTX67G7u0u328V7/y+oVqsIITg8PKTT6dBqtRgOhzjnaLVa3N3dcX9/z3K5JI5jxOXlpSuKQqRpirWWh4eH//Plcpn9/X2cc2xvb1MqlQqllBpYa0/jOGYymdBsNsmyDOccURRRFAX1eh2lFGEY/lZBEHyx1v703n8KgkBEUYSUEu/9RkIIUQRB0A/D8NtflUT+nn4OS+0AAAAASUVORK5CYII=) " "}*/
.failed.label th:first-child:before, .failed.label td:first-child:before {content:url(data:image/png;base64,iVBORw0KGgoAAAANSUhEUgAAAAwAAAAMCAYAAABWdVznAAAAGXRFWHRTb2Z0d2FyZQBBZG9iZSBJbWFnZVJlYWR5ccllPAAAA2ZpVFh0WE1MOmNvbS5hZG9iZS54bXAAAAAAADw/eHBhY2tldCBiZWdpbj0i77u/IiBpZD0iVzVNME1wQ2VoaUh6cmVTek5UY3prYzlkIj8+IDx4OnhtcG1ldGEgeG1sbnM6eD0iYWRvYmU6bnM6bWV0YS8iIHg6eG1wdGs9IkFkb2JlIFhNUCBDb3JlIDUuMy1jMDExIDY2LjE0NTY2MSwgMjAxMi8wMi8wNi0xNDo1NjoyNyAgICAgICAgIj4gPHJkZjpSREYgeG1sbnM6cmRmPSJodHRwOi8vd3d3LnczLm9yZy8xOTk5LzAyLzIyLXJkZi1zeW50YXgtbnMjIj4gPHJkZjpEZXNjcmlwdGlvbiByZGY6YWJvdXQ9IiIgeG1sbnM6eG1wTU09Imh0dHA6Ly9ucy5hZG9iZS5jb20veGFwLzEuMC9tbS8iIHhtbG5zOnN0UmVmPSJodHRwOi8vbnMuYWRvYmUuY29tL3hhcC8xLjAvc1R5cGUvUmVzb3VyY2VSZWYjIiB4bWxuczp4bXA9Imh0dHA6Ly9ucy5hZG9iZS5jb20veGFwLzEuMC8iIHhtcE1NOk9yaWdpbmFsRG9jdW1lbnRJRD0ieG1wLmRpZDpCQjU0NjU4QjIyQTNFMTExQkI5Rjk5QkQ4RkQ5RUJFQiIgeG1wTU06RG9jdW1lbnRJRD0ieG1wLmRpZDpEQTUyOTdBQUEzRDUxMUUxQTQwN0YzMUI0Nzg3NDU1RSIgeG1wTU06SW5zdGFuY2VJRD0ieG1wLmlpZDpEQTUyOTdBOUEzRDUxMUUxQTQwN0YzMUI0Nzg3NDU1RSIgeG1wOkNyZWF0b3JUb29sPSJBZG9iZSBQaG90b3Nob3AgQ1M2IChXaW5kb3dzKSI+IDx4bXBNTTpEZXJpdmVkRnJvbSBzdFJlZjppbnN0YW5jZUlEPSJ4bXAuaWlkOjQ4MTZDRTNCRDVBM0UxMTFBQTI2QTBCMjZENzg1Qzg5IiBzdFJlZjpkb2N1bWVudElEPSJ4bXAuZGlkOkJCNTQ2NThCMjJBM0UxMTFCQjlGOTlCRDhGRDlFQkVCIi8+IDwvcmRmOkRlc2NyaXB0aW9uPiA8L3JkZjpSREY+IDwveDp4bXBtZXRhPiA8P3hwYWNrZXQgZW5kPSJyIj8+aHNJrgAAAZ1JREFUeNpsUssrRGEU/907985YMDPNYlh4hbKZPMdgR3aysrGSSFIeKyUKpewoRTYkmcgCf4MsMI2FPDYGKeUZSoru4/uc82VC+W7fOeee+zvn/M45V1uuyCmVwDogq0hDklD6jy1dspNkdxokVrIzPFUh0/MD5OdXoJDwPFtu3d2ns6TTp9oggTlFZlmN0o4AHMmXfJGo0lmGzoE1OgmNHf5YA8rmN5HfM6wADmUuHphA9cIW/JX1yiek9DIlyijxkNjBzXYche19gNcHzfShoLUdVxtLuD/cYzCoMAzCwqYrhMDx9Chs20JRWzf4nMcXcDI3pYAqQHIAtWUJbpKursMMhpA+RiAEGzpc4X5XkDB4GjaHmiZik/PIa2rBEWVlSuW9Q+T3YndskBi46QpQFcLltchtbEZyZhxna4uKhmV9Ito/gtPNOG4P99WItdlIWARNXWOAv6AEr9cplel7/ggUleDlMqUSvNnCobHKxDsNnqs8XaWUZopp/XhxTkOR+HDVOveYUge9rNLyY9SU9v+vwXuUB2R0fQkwABfn/VKSjTLBAAAAAElFTkSuQmCC) " "}
.error.label th:first-child:before, .error.label td:first-child:before {content:url(data:image/png;base64,iVBORw0KGgoAAAANSUhEUgAAAAwAAAAMCAYAAABWdVznAAAABmJLR0QAAAAAAAD5Q7t/AAAACXBIWXMAAAsTAAALEwEAmpwYAAAAB3RJTUUH3QcKER4AdkxvvQAAAdVJREFUKM89kM9KG0EAh7/JTHazZInEQwJ68KIWLx6Etj6EjxAobYSsD+BjCJ682EOp0FMueYmS0FMICF4i6tFNzJ/dyRh2Znoo6Xf+Pn7wEzc3Nx/W6/UvY8xJnudkWYa1Fu893nviOCaKIhuG4R/v/Ve1Xq9/bG1tnezs7JDnOVpr3t/fcc4hpaRSqVCpVORqtTp9e3v7rrTWn5vNJpPJhHK5zHg8JssyvPeEYcjR0RFpmlKr1ZjP5x9Li8VCbOR2u83BwQEvLy88PT1xfHzMxcUFQgjSNCXLskDlec5sNuPx8REpJZ1Oh+fnZ4QQnJ+fc319Tb/fZ29vD601SmvNdDplsVhwe3vLaDTi6uoKgCRJGAwGNBoNXl9fMcZQcs5hjGG1WpHnObVajQ3VahWtNcYYjDE451Cb+7z3JElCkiScnZ0hpaTX67G7u0u328V7/y+oVqsIITg8PKTT6dBqtRgOhzjnaLVa3N3dcX9/z3K5JI5jxOXlpSuKQqRpirWWh4eH//Plcpn9/X2cc2xvb1MqlQqllBpYa0/jOGYymdBsNsmyDOccURRRFAX1eh2lFGEY/lZBEHyx1v703n8KgkBEUYSUEu/9RkIIUQRB0A/D8NtflUT+nn4OS+0AAAAASUVORK5CYII=) " "}
.pending.label th:first-child:before, .pending.label td:first-child:before {content:url(data:image/png;base64,iVBORw0KGgoAAAANSUhEUgAAAAwAAAAMCAYAAABWdVznAAAAGXRFWHRTb2Z0d2FyZQBBZG9iZSBJbWFnZVJlYWR5ccllPAAAA2ZpVFh0WE1MOmNvbS5hZG9iZS54bXAAAAAAADw/eHBhY2tldCBiZWdpbj0i77u/IiBpZD0iVzVNME1wQ2VoaUh6cmVTek5UY3prYzlkIj8+IDx4OnhtcG1ldGEgeG1sbnM6eD0iYWRvYmU6bnM6bWV0YS8iIHg6eG1wdGs9IkFkb2JlIFhNUCBDb3JlIDUuMy1jMDExIDY2LjE0NTY2MSwgMjAxMi8wMi8wNi0xNDo1NjoyNyAgICAgICAgIj4gPHJkZjpSREYgeG1sbnM6cmRmPSJodHRwOi8vd3d3LnczLm9yZy8xOTk5LzAyLzIyLXJkZi1zeW50YXgtbnMjIj4gPHJkZjpEZXNjcmlwdGlvbiByZGY6YWJvdXQ9IiIgeG1sbnM6eG1wTU09Imh0dHA6Ly9ucy5hZG9iZS5jb20veGFwLzEuMC9tbS8iIHhtbG5zOnN0UmVmPSJodHRwOi8vbnMuYWRvYmUuY29tL3hhcC8xLjAvc1R5cGUvUmVzb3VyY2VSZWYjIiB4bWxuczp4bXA9Imh0dHA6Ly9ucy5hZG9iZS5jb20veGFwLzEuMC8iIHhtcE1NOk9yaWdpbmFsRG9jdW1lbnRJRD0ieG1wLmRpZDpCQjU0NjU4QjIyQTNFMTExQkI5Rjk5QkQ4RkQ5RUJFQiIgeG1wTU06RG9jdW1lbnRJRD0ieG1wLmRpZDpDODdDM0Y0QUEzRDUxMUUxQjk5N0MzQjVFRDMyQUE1MiIgeG1wTU06SW5zdGFuY2VJRD0ieG1wLmlpZDpDODdDM0Y0OUEzRDUxMUUxQjk5N0MzQjVFRDMyQUE1MiIgeG1wOkNyZWF0b3JUb29sPSJBZG9iZSBQaG90b3Nob3AgQ1M2IChXaW5kb3dzKSI+IDx4bXBNTTpEZXJpdmVkRnJvbSBzdFJlZjppbnN0YW5jZUlEPSJ4bXAuaWlkOjQ4MTZDRTNCRDVBM0UxMTFBQTI2QTBCMjZENzg1Qzg5IiBzdFJlZjpkb2N1bWVudElEPSJ4bXAuZGlkOkJCNTQ2NThCMjJBM0UxMTFCQjlGOTlCRDhGRDlFQkVCIi8+IDwvcmRmOkRlc2NyaXB0aW9uPiA8L3JkZjpSREY+IDwveDp4bXBtZXRhPiA8P3hwYWNrZXQgZW5kPSJyIj8+yj6RYgAAAPZJREFUeNp0kM8KgkAQxmc1E0Wfo3vQn5eRSDx4EUHwbTpEhx4lil7DiydBQUFXp5nAMNsGhpnd/X77za4Iw3CFiFcAWFMFDkXtKZ/UHhfUnB3HWdu2/REpAL2u631ZlicGdpZlwTAMSmBM0zS5bhgQLB5FU3AOUS4XvNn3vVKgAACCIMA0TbFpGsyyDJMkefdFUWAcx1hVFeZ5jlEUoed5qPEI7KDrOhiG8e6llNC27Zcz77FW+L6Pruv+WKtGIzfgR39umv/UHOJgAMlO/BPOXCQDD5p3r2ma8lvHNU9BcWPg0HXdhRZbOhRT8aSXVO9U/ZcAAwAsmjsSQcM0lwAAAABJRU5ErkJggg==) " ";}
.successful.label th:first-child:before, .successful.label td:first-child:before {content:url(data:image/png;base64,iVBORw0KGgoAAAANSUhEUgAAAAwAAAAMCAYAAABWdVznAAAAGXRFWHRTb2Z0d2FyZQBBZG9iZSBJbWFnZVJlYWR5ccllPAAAA2ZpVFh0WE1MOmNvbS5hZG9iZS54bXAAAAAAADw/eHBhY2tldCBiZWdpbj0i77u/IiBpZD0iVzVNME1wQ2VoaUh6cmVTek5UY3prYzlkIj8+IDx4OnhtcG1ldGEgeG1sbnM6eD0iYWRvYmU6bnM6bWV0YS8iIHg6eG1wdGs9IkFkb2JlIFhNUCBDb3JlIDUuMy1jMDExIDY2LjE0NTY2MSwgMjAxMi8wMi8wNi0xNDo1NjoyNyAgICAgICAgIj4gPHJkZjpSREYgeG1sbnM6cmRmPSJodHRwOi8vd3d3LnczLm9yZy8xOTk5LzAyLzIyLXJkZi1zeW50YXgtbnMjIj4gPHJkZjpEZXNjcmlwdGlvbiByZGY6YWJvdXQ9IiIgeG1sbnM6eG1wTU09Imh0dHA6Ly9ucy5hZG9iZS5jb20veGFwLzEuMC9tbS8iIHhtbG5zOnN0UmVmPSJodHRwOi8vbnMuYWRvYmUuY29tL3hhcC8xLjAvc1R5cGUvUmVzb3VyY2VSZWYjIiB4bWxuczp4bXA9Imh0dHA6Ly9ucy5hZG9iZS5jb20veGFwLzEuMC8iIHhtcE1NOk9yaWdpbmFsRG9jdW1lbnRJRD0ieG1wLmRpZDpCQjU0NjU4QjIyQTNFMTExQkI5Rjk5QkQ4RkQ5RUJFQiIgeG1wTU06RG9jdW1lbnRJRD0ieG1wLmRpZDpEMDVBNThBQUEzRDUxMUUxQjdCQkM2QUNBMTNBMDExNiIgeG1wTU06SW5zdGFuY2VJRD0ieG1wLmlpZDpEMDVBNThBOUEzRDUxMUUxQjdCQkM2QUNBMTNBMDExNiIgeG1wOkNyZWF0b3JUb29sPSJBZG9iZSBQaG90b3Nob3AgQ1M2IChXaW5kb3dzKSI+IDx4bXBNTTpEZXJpdmVkRnJvbSBzdFJlZjppbnN0YW5jZUlEPSJ4bXAuaWlkOjQ4MTZDRTNCRDVBM0UxMTFBQTI2QTBCMjZENzg1Qzg5IiBzdFJlZjpkb2N1bWVudElEPSJ4bXAuZGlkOkJCNTQ2NThCMjJBM0UxMTFCQjlGOTlCRDhGRDlFQkVCIi8+IDwvcmRmOkRlc2NyaXB0aW9uPiA8L3JkZjpSREY+IDwveDp4bXBtZXRhPiA8P3hwYWNrZXQgZW5kPSJyIj8+xJ3YrgAAAYBJREFUeNpsUrtKA1EQPZtdY4gEQiD4QCsLEVGX4CP4AykEq1hYiGghCDZ+gBZWVtrZ+EAjaGOhfoAkNiaKhYWICilMEQNqoYjZ5O4d5+6ucQuLM3funDNzD7OrLe229YBwSKAEnyAP/pyIbL5fcz5rcNiLtuqJSEz3ickn5ruE/vFmJ9/LYjvAldGWqA7bJkgPtoAHQrS5G6NdiwhFWCoxHOCgKUL+iurkCBVawyamE8d4qmSZ51clBZUlh+RG14JzEsJNcaTNLVwWd1B6vXXqkmGoYNeVUPnW3JNr4+YarPoncvebEAKNekAlokaY6N/A1NA+SBgY6Eijtz2Fs5sVWNWawysorWNJsO+q9QWzaxLTYwfojA3isZzDfSnrWvTsNiyp7pOrZURC7ejrTDEpcVpY9ab+NSioLZEiapZA5nwBxZcC8g9HeK7ccYM7TDnwmoU2vx6/NIJaUjc0b0u8YvJNle5HdJvlhbI0Y31ThqsjTGr0/+8hOOQ5nfsRYACtHiy+FDd82wAAAABJRU5ErkJggg==) " "}
/*.successful.label a:before {content:url(data:image/png;base64,iVBORw0KGgoAAAANSUhEUgAAAAwAAAAMCAYAAABWdVznAAAAGXRFWHRTb2Z0d2FyZQBBZG9iZSBJbWFnZVJlYWR5ccllPAAAA2ZpVFh0WE1MOmNvbS5hZG9iZS54bXAAAAAAADw/eHBhY2tldCBiZWdpbj0i77u/IiBpZD0iVzVNME1wQ2VoaUh6cmVTek5UY3prYzlkIj8+IDx4OnhtcG1ldGEgeG1sbnM6eD0iYWRvYmU6bnM6bWV0YS8iIHg6eG1wdGs9IkFkb2JlIFhNUCBDb3JlIDUuMy1jMDExIDY2LjE0NTY2MSwgMjAxMi8wMi8wNi0xNDo1NjoyNyAgICAgICAgIj4gPHJkZjpSREYgeG1sbnM6cmRmPSJodHRwOi8vd3d3LnczLm9yZy8xOTk5LzAyLzIyLXJkZi1zeW50YXgtbnMjIj4gPHJkZjpEZXNjcmlwdGlvbiByZGY6YWJvdXQ9IiIgeG1sbnM6eG1wTU09Imh0dHA6Ly9ucy5hZG9iZS5jb20veGFwLzEuMC9tbS8iIHhtbG5zOnN0UmVmPSJodHRwOi8vbnMuYWRvYmUuY29tL3hhcC8xLjAvc1R5cGUvUmVzb3VyY2VSZWYjIiB4bWxuczp4bXA9Imh0dHA6Ly9ucy5hZG9iZS5jb20veGFwLzEuMC8iIHhtcE1NOk9yaWdpbmFsRG9jdW1lbnRJRD0ieG1wLmRpZDpCQjU0NjU4QjIyQTNFMTExQkI5Rjk5QkQ4RkQ5RUJFQiIgeG1wTU06RG9jdW1lbnRJRD0ieG1wLmRpZDpEMDVBNThBQUEzRDUxMUUxQjdCQkM2QUNBMTNBMDExNiIgeG1wTU06SW5zdGFuY2VJRD0ieG1wLmlpZDpEMDVBNThBOUEzRDUxMUUxQjdCQkM2QUNBMTNBMDExNiIgeG1wOkNyZWF0b3JUb29sPSJBZG9iZSBQaG90b3Nob3AgQ1M2IChXaW5kb3dzKSI+IDx4bXBNTTpEZXJpdmVkRnJvbSBzdFJlZjppbnN0YW5jZUlEPSJ4bXAuaWlkOjQ4MTZDRTNCRDVBM0UxMTFBQTI2QTBCMjZENzg1Qzg5IiBzdFJlZjpkb2N1bWVudElEPSJ4bXAuZGlkOkJCNTQ2NThCMjJBM0UxMTFCQjlGOTlCRDhGRDlFQkVCIi8+IDwvcmRmOkRlc2NyaXB0aW9uPiA8L3JkZjpSREY+IDwveDp4bXBtZXRhPiA8P3hwYWNrZXQgZW5kPSJyIj8+xJ3YrgAAAYBJREFUeNpsUrtKA1EQPZtdY4gEQiD4QCsLEVGX4CP4AykEq1hYiGghCDZ+gBZWVtrZ+EAjaGOhfoAkNiaKhYWICilMEQNqoYjZ5O4d5+6ucQuLM3funDNzD7OrLe229YBwSKAEnyAP/pyIbL5fcz5rcNiLtuqJSEz3ickn5ruE/vFmJ9/LYjvAldGWqA7bJkgPtoAHQrS5G6NdiwhFWCoxHOCgKUL+iurkCBVawyamE8d4qmSZ51clBZUlh+RG14JzEsJNcaTNLVwWd1B6vXXqkmGoYNeVUPnW3JNr4+YarPoncvebEAKNekAlokaY6N/A1NA+SBgY6Eijtz2Fs5sVWNWawysorWNJsO+q9QWzaxLTYwfojA3isZzDfSnrWvTsNiyp7pOrZURC7ejrTDEpcVpY9ab+NSioLZEiapZA5nwBxZcC8g9HeK7ccYM7TDnwmoU2vx6/NIJaUjc0b0u8YvJNle5HdJvlhbI0Y31ThqsjTGr0/+8hOOQ5nfsRYACtHiy+FDd82wAAAABJRU5ErkJggg==) " "}*/

.xspecResult { width: 90%; table-layout: fixed; }

.xspecResult td,
.xspecResult th { width: 50%; }

/*.xspecResult pre { 
  margin-left: 0; 
  padding: 0.5em; 
  overflow: auto; 
  border: 1px #999 dotted;
}*/

span.scenario-totals {float: right; width: 14.5%; text-align: left}

/* OXYGEN */
span.scenario-totals {float: right; width: 34.5%; text-align: right}

h2.failed {
    background-color: #FCC;
}

h1, h2 {
    width: 86%;
    /*margin-left: 3%;*/
    
    font-size:1.4em;
    font-weight:bold;
    text-align:left;
    margin-top:1.4em;
    margin-bottom:0.7em;
    color:#333333;
    background-color:inherit;
}

h1 {
    font-size:1.7em;
}

body &gt; h1:first-child:before {
    content:"XSLT UNIT ";
}

body &gt; h2:first-of-type {
    font-size:1.7em;
}

div &gt; table &gt; tbody &gt; tr &gt; th:first-child {
    font-weight:bold;
}

div &gt; h3 {
    font-weight:bold;
    /*margin-left: 3%;*/
}

div &gt; h4 {
    font-weight:normal;
    /*margin-left: 4%;*/
}

th.result { text-align: center; }
/* OXYGEN */


/* ------------------------------------------------------------------------ */
/*  DO NOT ALTER OR REMOVE COPYRIGHT NOTICES OR THIS COMMENT.               */
/*                                                                          */
/*  Copyright (c) 2008, 2010 Jeni Tennsion                                  */
/*                                                                          */
/*  The contents of this file are subject to the MIT License (see the URI   */
/*  http://www.opensource.org/licenses/mit-license.php for details).        */
/*                                                                          */
/*  Permission is hereby granted, free of charge, to any person obtaining   */
/*  a copy of this software and associated documentation files (the         */
/*  "Software"), to deal in the Software without restriction, including     */
/*  without limitation the rights to use, copy, modify, merge, publish,     */
/*  distribute, sublicense, and/or sell copies of the Software, and to      */
/*  permit persons to whom the Software is furnished to do so, subject to   */
/*  the following conditions:                                               */
/*                                                                          */
/*  The above copyright notice and this permission notice shall be          */
/*  included in all copies or substantial portions of the Software.         */
/*                                                                          */
/*  THE SOFTWARE IS PROVIDED "AS IS", WITHOUT WARRANTY OF ANY KIND,         */
/*  EXPRESS OR IMPLIED, INCLUDING BUT NOT LIMITED TO THE WARRANTIES OF      */
/*  MERCHANTABILITY, FITNESS FOR A PARTICULAR PURPOSE AND NONINFRINGEMENT.  */
/*  IN NO EVENT SHALL THE AUTHORS OR COPYRIGHT HOLDERS BE LIABLE FOR ANY    */
/*  CLAIM, DAMAGES OR OTHER LIABILITY, WHETHER IN AN ACTION OF CONTRACT,    */
/*  TORT OR OTHERWISE, ARISING FROM, OUT OF OR IN CONNECTION WITH THE       */
/*  SOFTWARE OR THE USE OR OTHER DEALINGS IN THE SOFTWARE.                  */
/* ------------------------------------------------------------------------ */

.nobr { white-space: nowrap; }
.scenario-label { text-indent: 0px; }
.context-label { text-indent: 10px; }
.test-label { text-indent: 20px; }
.pending-label { text-indent: 30px; }


        /**/</style>
    </head><body><h1>Test Report</h1><p>Script: <a href="file:/home/jostein/xprocspec/src/test/xprocspec/tests/import-3.xprocspec">file:/home/jostein/xprocspec/src/test/xprocspec/tests/import-3.xprocspec</a></p><p>Tested: 2013-09-05T16:00:29.596+02:00</p><h2>Contents</h2><table class="xspec"><col width="75%"/><col width="5%"/><col width="5%"/><col width="5%"/><col width="5%"/><col width="5%"/><thead><tr><th/><th class="result">passed:4</th><th class="result">pending:0</th><th class="result">failed:0</th><th class="result">errors:0</th><th class="result">total:4</th></tr></thead><tbody><tr class="successful label"><th><a href="#step1">ex:identity</a></th><th class="result">4</th><th class="result">0</th><th class="result">0</th><th class="result">0</th><th class="result">4</th></tr></tbody></table><div id="step1"><h2 class="successful">Calling: <a href="file:/home/jostein/xprocspec/src/test/xprocspec/steps/identity.xpl">ex:identity</a><span class="scenario-totals">passed:4 / pending:0 /
                                        failed:0 / errors:0 / total:4</span></h2><table class="xspec"><col width="80%"/><col width="20%"/><tbody><tr class="successful label"><th class="scenario-label">identity</th><th class="nobr">passed:2 / pending:0 / failed:0 / errors:0 / total:2</th></tr><tr class="successful label"><th class="context-label">errors</th><th class="nobr">passed:1 / pending:0 / failed:0 / errors:0 / total:1</th></tr><tr class="successful label"><td class="test-label">the step should execute successfully without throwing any errors</td><td>Success</td></tr><tr class="successful label"><th class="context-label">the results</th><th class="nobr">passed:1 / pending:0 / failed:0 / errors:0 / total:1</th></tr><tr class="successful label"><td class="test-label">the option 'option.required' should have the value 'import 3a'</td><td>Success</td></tr><tr class="successful label"><th class="scenario-label">identity</th><th class="nobr">passed:2 / pending:0 / failed:0 / errors:0 / total:2</th></tr><tr class="successful label"><th class="context-label">errors</th><th class="nobr">passed:1 / pending:0 / failed:0 / errors:0 / total:1</th></tr><tr class="successful label"><td class="test-label">the step should execute successfully without throwing any errors</td><td>Success</td></tr><tr class="successful label"><th class="context-label">the results</th><th class="nobr">passed:1 / pending:0 / failed:0 / errors:0 / total:1</th></tr><tr class="successful label"><td class="test-label">the option 'option.required' should have the value 'import 3'</td><td>Success</td></tr></tbody></table></div><h2>Execution log</h2><table><thead><tr><th>Time</th><th>Severity</th><th>Message</th></tr></thead><tbody><tr style=""><td>0.000</td><td style="padding-left:0%;">INFO</td><td><code><pre>#### file:/home/jostein/xprocspec/src/test/xprocspec/tests/import-3.xprocspec ####</pre></code></td></tr><tr style=""><td>0.005</td><td style="padding-left:0%;">INFO</td><td><code><pre> * temporary directory: file:/tmp/xprocspec-20130905160023007/</pre></code></td></tr><tr style=""><td>0.010</td><td style="padding-left:0%;">INFO</td><td><code><pre>preprocessing...</pre></code></td></tr><tr style=""><td>0.029</td><td style="padding-left:0%;">INFO</td><td><code><pre> * checking for imports</pre></code></td></tr><tr style=""><td>0.035</td><td style="padding-left:0%;">INFO</td><td><code><pre> * checking file:/home/jostein/xprocspec/src/test/xprocspec/tests/import-3.xprocspec for imports</pre></code></td></tr><tr style=""><td>0.041</td><td style="padding-left:0%;">INFO</td><td><code><pre> * importing: file:/home/jostein/xprocspec/src/test/xprocspec/tests/import-3a.xprocspec</pre></code></td></tr><tr style=""><td>0.055</td><td style="padding-left:0%;">INFO</td><td><code><pre> * checking file:/home/jostein/xprocspec/src/test/xprocspec/tests/import-3a.xprocspec for imports</pre></code></td></tr><tr style=""><td>0.061</td><td style="padding-left:0%;">INFO</td><td><code><pre> * skipping circular import: file:/home/jostein/xprocspec/src/test/xprocspec/tests/import-3.xprocspec</pre></code></td></tr><tr style=""><td>0.067</td><td style="padding-left:0%;">INFO</td><td><code><pre> * extracting step declarations from file:/home/jostein/xprocspec/src/test/xprocspec/steps/identity.xpl</pre></code></td></tr><tr style=""><td>0.073</td><td style="padding-left:0%;">INFO</td><td><code><pre> * tests reference 1 step</pre></code></td></tr><tr style=""><td>0.079</td><td style="padding-left:0%;">INFO</td><td><code><pre>   * step: e:identity</pre></code></td></tr><tr style=""><td>0.085</td><td style="padding-left:0%;">INFO</td><td><code><pre> * trying to load: file:/home/jostein/xprocspec/src/test/xprocspec/steps/identity.xpl</pre></code></td></tr><tr style=""><td>0.093</td><td style="padding-left:0%;">INFO</td><td><code><pre>   * success!</pre></code></td></tr><tr style=""><td>0.102</td><td style="padding-left:0%;">INFO</td><td><code><pre> * trying to extract the step declaration for {http://example.net/ns}identity from file:/home/jostein/xprocspec/src/test/xprocspec/steps/identity.xpl</pre></code></td></tr><tr style=""><td>0.116</td><td style="padding-left:0%;">INFO</td><td><code><pre> * creating a new x:description document for each x:scenario element with inferred inputs, options and parameters</pre></code></td></tr><tr style=""><td>0.134</td><td style="padding-left:0%;">INFO</td><td><code><pre> * validating output grammar</pre></code></td></tr><tr style=""><td>0.148</td><td style="padding-left:0%;">INFO</td><td><code><pre> * validating output grammar</pre></code></td></tr><tr style=""><td>0.161</td><td style="padding-left:0%;">INFO</td><td><code><pre>compiling...</pre></code></td></tr><tr style=""><td>0.169</td><td style="padding-left:0%;">INFO</td><td><code><pre> * created directory using Calabash's cxf:mkdir</pre></code></td></tr><tr style=""><td>0.176</td><td style="padding-left:0%;">INFO</td><td><code><pre> * converting test 'test1' to XProc</pre></code></td></tr><tr style=""><td>0.191</td><td style="padding-left:0%;">INFO</td><td><code><pre>   * done</pre></code></td></tr><tr style=""><td>0.198</td><td style="padding-left:0%;">INFO</td><td><code><pre> * validating output grammar for file:/home/jostein/xprocspec/src/test/xprocspec/tests/import-3.xprocspec</pre></code></td></tr><tr style=""><td>0.213</td><td style="padding-left:0%;">INFO</td><td><code><pre>   * done!</pre></code></td></tr><tr style=""><td>0.221</td><td style="padding-left:0%;">INFO</td><td><code><pre> * converting test 'test2' to XProc</pre></code></td></tr><tr style=""><td>0.234</td><td style="padding-left:0%;">INFO</td><td><code><pre>   * done</pre></code></td></tr><tr style=""><td>0.242</td><td style="padding-left:0%;">INFO</td><td><code><pre> * validating output grammar for file:/home/jostein/xprocspec/src/test/xprocspec/tests/import-3.xprocspec</pre></code></td></tr><tr style=""><td>0.255</td><td style="padding-left:0%;">INFO</td><td><code><pre>   * done!</pre></code></td></tr><tr style=""><td>0.263</td><td style="padding-left:0%;">INFO</td><td><code><pre> * using as temporary directory: file:/tmp/xprocspec-20130905160023007/xprocspec-20130905160028894/</pre></code></td></tr><tr style=""><td>0.270</td><td style="padding-left:0%;">INFO</td><td><code><pre>storing...</pre></code></td></tr><tr style=""><td>0.282</td><td style="padding-left:0%;">INFO</td><td><code><pre>running...</pre></code></td></tr><tr style=""><td>0.291</td><td style="padding-left:0%;">INFO</td><td><code><pre>   * loading 'file:/tmp/xprocspec-20130905160023007/test1.xpl'</pre></code></td></tr><tr style=""><td>0.354</td><td style="padding-left:0%;">INFO</td><td><code><pre>   * loading 'file:/tmp/xprocspec-20130905160023007/test2.xpl'</pre></code></td></tr><tr style=""><td>0.417</td><td style="padding-left:0%;">INFO</td><td><code><pre>evaluating...</pre></code></td></tr><tr style=""><td>0.467</td><td style="padding-left:0%;">INFO</td><td><code><pre> * evaluating scenario 'identity' (file:/home/jostein/xprocspec/src/test/xprocspec/tests/import-3.xprocspec)</pre></code></td></tr><tr style=""><td>0.475</td><td style="padding-left:0%;">INFO</td><td><code><pre>   * resolving x:document elements...</pre></code></td></tr><tr style=""><td>0.485</td><td style="padding-left:0%;">INFO</td><td><code><pre>    * no errors occured</pre></code></td></tr><tr style=""><td>0.516</td><td style="padding-left:0%;">INFO</td><td><code><pre>   * grouping x:expect elements with their x:context...</pre></code></td></tr><tr style=""><td>0.525</td><td style="padding-left:0%;">INFO</td><td><code><pre>   * evaluating each context/expect group...</pre></code></td></tr><tr style=""><td>0.533</td><td style="padding-left:0%;">INFO</td><td><code><pre>     * setting context to 'errors'</pre></code></td></tr><tr style=""><td>0.540</td><td style="padding-left:0%;">INFO</td><td><code><pre>       * testing assertion 'the step should execute successfully without throwing any errors'</pre></code></td></tr><tr style=""><td>0.548</td><td style="padding-left:0%;">INFO</td><td><code><pre>         * is document count assertion</pre></code></td></tr><tr style=""><td>0.555</td><td style="padding-left:0%;">INFO</td><td><code><pre>         * assertion passed</pre></code></td></tr><tr style=""><td>0.564</td><td style="padding-left:0%;">INFO</td><td><code><pre>     * setting context to 'the results'</pre></code></td></tr><tr style=""><td>0.571</td><td style="padding-left:0%;">INFO</td><td><code><pre>       * testing assertion 'the option 'option.required' should have the value 'import 3a''</pre></code></td></tr><tr style=""><td>0.582</td><td style="padding-left:0%;">INFO</td><td><code><pre>         * is xpath assertion</pre></code></td></tr><tr style=""><td>0.609</td><td style="padding-left:0%;">INFO</td><td><code><pre> * evaluating scenario 'identity' (file:/home/jostein/xprocspec/src/test/xprocspec/tests/import-3.xprocspec)</pre></code></td></tr><tr style=""><td>0.617</td><td style="padding-left:0%;">INFO</td><td><code><pre>   * resolving x:document elements...</pre></code></td></tr><tr style=""><td>0.627</td><td style="padding-left:0%;">INFO</td><td><code><pre>    * no errors occured</pre></code></td></tr><tr style=""><td>0.659</td><td style="padding-left:0%;">INFO</td><td><code><pre>   * grouping x:expect elements with their x:context...</pre></code></td></tr><tr style=""><td>0.669</td><td style="padding-left:0%;">INFO</td><td><code><pre>   * evaluating each context/expect group...</pre></code></td></tr><tr style=""><td>0.677</td><td style="padding-left:0%;">INFO</td><td><code><pre>     * setting context to 'errors'</pre></code></td></tr><tr style=""><td>0.685</td><td style="padding-left:0%;">INFO</td><td><code><pre>       * testing assertion 'the step should execute successfully without throwing any errors'</pre></code></td></tr><tr style=""><td>0.694</td><td style="padding-left:0%;">INFO</td><td><code><pre>         * is document count assertion</pre></code></td></tr><tr style=""><td>0.703</td><td style="padding-left:0%;">INFO</td><td><code><pre>         * assertion passed</pre></code></td></tr><tr style=""><td>0.712</td><td style="padding-left:0%;">INFO</td><td><code><pre>     * setting context to 'the results'</pre></code></td></tr><tr style=""><td>0.720</td><td style="padding-left:0%;">INFO</td><td><code><pre>       * testing assertion 'the option 'option.required' should have the value 'import 3''</pre></code></td></tr><tr style=""><td>0.730</td><td style="padding-left:0%;">INFO</td><td><code><pre>         * is xpath assertion</pre></code></td></tr><tr style=""><td>0.755</td><td style="padding-left:0%;">INFO</td><td><code><pre>reporting...</pre></code></td></tr></tbody></table><link rel="stylesheet" href="http://yandex.st/highlightjs/7.3/styles/default.min.css"/><script type="text/javascript" src="http://yandex.st/highlightjs/7.3/highlight.min.js" xml:space="preserve"> </script><script type="text/javascript">hljs.initHighlightingOnLoad();</script></body></html></x:document></x:output><x:output port="junit"><x:document xml:base="file:/home/jostein/xprocspec/src/main/resources/content/xml/xproc/report/report.xpl" xml:space="preserve" type="inline"><testsuites tests="4" failures="0" time="0.765" errors="0" name="import3"><testsuite timestamp="2013-09-05T14:00:29.503Z" hostname="localhost" tests="2" errors="0" failures="0" skipped="0" id="d11848e1" name="identity" package="http://example.net/ns" time="0.008">
<properties>

<property name="option: option.required" value="import 3a"/>

</properties>
<testcase name="theStepShouldExecuteSuccessfullyWithoutThrowingAnyErrors" classname="identity" assertions="1" time="0" status="SUCCESS"><system-out>the step should execute successfully without throwing any errors: SUCCESS</system-out>
<system-err/></testcase><testcase name="theOptionOptionRequiredShouldHaveTheValueImport3a" classname="identity" assertions="1" time="0" status="SUCCESS"><system-out>the option 'option.required' should have the value 'import 3a': SUCCESS</system-out>
<system-err/></testcase></testsuite><testsuite timestamp="2013-09-05T14:00:29.515Z" hostname="localhost" tests="2" errors="0" failures="0" skipped="0" id="d11856e1" name="identity" package="http://example.net/ns" time="0.008">
<properties>

<property name="option: option.required" value="import 3"/>

</properties>
<testcase name="theStepShouldExecuteSuccessfullyWithoutThrowingAnyErrors" classname="identity" assertions="1" time="0" status="SUCCESS"><system-out>the step should execute successfully without throwing any errors: SUCCESS</system-out>
<system-err/></testcase><testcase name="theOptionOptionRequiredShouldHaveTheValueImport3" classname="identity" assertions="1" time="0" status="SUCCESS"><system-out>the option 'option.required' should have the value 'import 3': SUCCESS</system-out>
<system-err/></testcase></testsuite></testsuites></x:document></x:output><x:test-result contextref="errors" result="passed" max="0" label="the step should execute successfully without throwing any errors" type="count">
                                                        <x:expected>At most 0 documents.</x:expected>
                                                    <x:was>0</x:was></x:test-result><x:test-result contextref="context3" result="passed" test="not(/*/@tests='0') and /*/@failures='0' and /*/@errors='0'" label="there should be at least one test, and none of the tests should fail" type="xpath"><x:expected xml:space="preserve">XPath: true()
Value: true</x:expected><x:was xml:space="preserve">XPath: not(/*/@tests='0') and /*/@failures='0' and /*/@errors='0'
Value: true</x:was></x:test-result></x:description><x:description xmlns:cx="http://xmlcalabash.com/ns/extensions" xmlns:c="http://www.w3.org/ns/xproc-step" xml:base="file:/home/jostein/xprocspec/src/test/xprocspec/test.xprocspec" test-base-uri="file:/home/jostein/xprocspec/src/test/xprocspec/test.xprocspec" script="file:/home/jostein/xprocspec/src/main/resources/content/xml/xproc/xprocspec.xpl" test-grammar="xprocspec" temp-dir="file:/tmp/xprocspec-20130905160023007/"><x:step-declaration><p:declare-step xmlns:p="http://www.w3.org/ns/xproc" xmlns:px="http://www.daisy.org/ns/xprocspec" xmlns:pxi="http://www.daisy.org/ns/xprocspec/xproc-internal/" xmlns:pkg="http://expath.org/ns/pkg" type="px:xprocspec" name="main" version="1.0" xpath-version="2.0" pkg:import-uri="http://www.daisy.org/ns/xprocspec/xprocspec.xpl" x:type="{http://www.daisy.org/ns/xprocspec}xprocspec"><p:input port="source" kind="document" sequence="false" primary="true"/><p:output port="result" kind="document" sequence="false" primary="false"><p:pipe port="result" step="report"/></p:output><p:output port="html" kind="document" sequence="false" primary="false"><p:pipe port="html" step="report"/></p:output><p:output port="junit" kind="document" sequence="false" primary="false"><p:pipe port="junit" step="report"/></p:output><p:option name="temp-dir" select="'file:/tmp/'"/></p:declare-step></x:step-declaration><x:scenario end-time="2013-09-05T14:00:30.62Z" label="the scenario element - with pending attribute" start-time="2013-09-05T14:00:29.943Z"><x:call x:type="{http://www.daisy.org/ns/xprocspec}xprocspec" step="x:xprocspec"><x:option select="$temp-dir" name="temp-dir" value="file:/tmp/xprocspec-20130905160023007/"/><x:input port="source">
                    <x:document xml:base="file:/home/jostein/xprocspec/src/test/xprocspec/test.xprocspec" xml:space="preserve" type="inline"><?xml-model href="http://www.daisy.org/ns/xprocspec/xprocspec.rng" type="application/xml" schematypens="http://relaxng.org/ns/structure/1.0"?><x:description xmlns:e="http://example.net/ns" script="../steps/identity.xpl">

    <x:scenario label="identity">
        <x:call step="e:identity">
            <x:option name="option" select="'option-value'"/>
            <x:option name="option.required" select="'option.required-value'"/>
        </x:call>
        <x:context label="the results">
            <x:document type="port" port="options"/>
        </x:context>
        <x:expect type="xpath" label="the option 'option' should have the value 'option-value'" test="/*/*[@name='option']/@value='option-value'"/>
    </x:scenario>

    <x:scenario label="pending scenario" pending=""/>

</x:description></x:document>
                </x:input></x:call>
                                                <x:context label="errors" id="errors">
                                                    
                                                </x:context>
                                            
                                                <x:expect type="count" label="the step should execute successfully without throwing any errors" max="0" contextref="errors"/>
                                            <x:context label="the junit output port" id="context4">
                <x:document xml:base="file:/home/jostein/xprocspec/src/main/resources/content/xml/xproc/report/report.xpl" xml:space="preserve" type="inline"><testsuites tests="3" failures="0" time="0.56" errors="0" name="scenario1"><testsuite timestamp="2013-09-05T14:00:30.518Z" hostname="localhost" tests="2" errors="0" failures="0" skipped="0" id="d13460e1" name="identity" package="http://example.net/ns" time="0.009">
<properties>

<property name="option: option" value="option-value"/>
<property name="option: option.required" value="option.required-value"/>

</properties>
<testcase name="theStepShouldExecuteSuccessfullyWithoutThrowingAnyErrors" classname="identity" assertions="1" time="0" status="SUCCESS"><system-out>the step should execute successfully without throwing any errors: SUCCESS</system-out>
<system-err/></testcase><testcase name="theOptionOptionShouldHaveTheValueOptionvalue" classname="identity" assertions="1" time="0" status="SUCCESS"><system-out>the option 'option' should have the value 'option-value': SUCCESS</system-out>
<system-err/></testcase></testsuite><testsuite timestamp="2013-09-05T14:00:30.527Z" hostname="localhost" tests="1" errors="0" failures="0" skipped="1" id="d13468e1" name="pendingScenario" time="0">
<properties>


</properties>
<testcase name="pendingScenario-pendingScenario" classname="pendingScenario" assertions="1" time="0"><skipped type="xprocspec.skip" message="Not implemented">Not implemented</skipped><system-out>pending scenario: SKIPPED</system-out></testcase></testsuite></testsuites></x:document>
            </x:context><x:expect label="there should be at least one test, and none of the tests should fail" type="xpath" test="not(/*/@tests='0') and /*/@failures='0' and /*/@errors='0'" contextref="context4"/><x:expect label="there should be a skipped test" type="xpath" test="/*/*/@skipped='1'" contextref="context4"/></x:scenario><x:output port="result"><x:document xml:base="file:/home/jostein/xprocspec/src/main/resources/content/xml/xproc/report/report.xpl" xml:space="preserve" type="inline"><x:test-report><x:description xml:base="file:/home/jostein/xprocspec/src/test/xprocspec/tests/scenario-1.xprocspec" test-base-uri="file:/home/jostein/xprocspec/src/test/xprocspec/tests/scenario-1.xprocspec" script="file:/home/jostein/xprocspec/src/test/xprocspec/steps/identity.xpl" test-grammar="xprocspec" temp-dir="file:/tmp/xprocspec-20130905160023007/xprocspec-20130905160030094/"><x:step-declaration><p:declare-step xmlns:p="http://www.w3.org/ns/xproc" xmlns:ex="http://example.net/ns" name="main" type="ex:identity" version="1.0" x:type="{http://example.net/ns}identity"><p:input port="source.document.primary" kind="document" primary="true" sequence="false"><p:inline>
            <source.document.primary.default/>
        </p:inline></p:input><p:input port="source.document.secondary.sequence" kind="document" sequence="true" primary="false"><p:inline>
            <source.document.secondary.sequence/>
        </p:inline></p:input><p:input select="/*/*" port="source.document.secondary.select-children" kind="document" sequence="true" primary="false"><p:inline>
            <default>
                <default/>
                <default/>
            </default>
        </p:inline></p:input><p:input port="source.parameter.primary.sequence" primary="true" kind="parameter" sequence="true"/><p:output port="result.document.primary" kind="document" primary="true" sequence="false"><p:pipe port="source.document.primary" step="main"/></p:output><p:output port="result.document.secondary.sequence" kind="document" sequence="true" primary="false"><p:pipe port="source.document.secondary.sequence" step="main"/></p:output><p:output port="result.document.secondary.select-children" kind="document" sequence="true" primary="false"><p:pipe port="source.document.secondary.select-children" step="main"/></p:output><p:output port="result.parameter.primary" kind="document" sequence="false" primary="false"><p:pipe port="result" step="parameters"/></p:output><p:output port="options" kind="document" sequence="false" primary="false"><p:pipe port="result" step="options"/></p:output><p:option name="option"/><p:option name="option.required" required="true"/><p:option name="option.default" select="'default'"/></p:declare-step></x:step-declaration><x:scenario xmlns:e="http://example.net/ns" end-time="2013-09-05T14:00:30.25Z" label="identity" start-time="2013-09-05T14:00:30.241Z"><x:call x:type="{http://example.net/ns}identity" step="e:identity"><x:option select="'option-value'" name="option" value=""/><x:option select="'option.required-value'" name="option.required" value=""/></x:call>
                                                <x:context label="errors" id="errors">
                                                    
                                                </x:context>
                                            
                                                <x:expect type="count" label="the step should execute successfully without throwing any errors" max="0" contextref="errors"/>
                                            <x:context label="the results" id="context0">
            <x:document xml:base="file:/home/jostein/xprocspec/src/test/xprocspec/steps/identity.xpl" xml:space="preserve" type="inline">
                <c:options xmlns:ex="http://example.net/ns">
                    <c:option name="option" value="option-value"/>
                    <c:option name="option.required" value="option.required-value"/>
                    <c:option name="option.default" value="default"/>
                </c:options>
            </x:document>
        </x:context><x:expect type="xpath" label="the option 'option' should have the value 'option-value'" test="/*/*[@name='option']/@value='option-value'" contextref="context0"/></x:scenario><x:output port="result.document.primary"><x:document xml:base="file:/home/jostein/xprocspec/src/test/xprocspec/tests/scenario-1.xprocspec" xml:space="preserve" type="inline">
            <source.document.primary.default xmlns:ex="http://example.net/ns"/>
        </x:document></x:output><x:output port="result.document.secondary.sequence"><x:document xml:base="file:/home/jostein/xprocspec/src/test/xprocspec/steps/identity.xpl" xml:space="preserve" type="inline">
            <source.document.secondary.sequence xmlns:ex="http://example.net/ns"/>
        </x:document></x:output><x:output port="result.document.secondary.select-children"><x:document xml:base="file:/home/jostein/xprocspec/src/test/xprocspec/steps/identity.xpl" xml:space="preserve" type="inline"><default xmlns:ex="http://example.net/ns"/></x:document><x:document xml:base="file:/home/jostein/xprocspec/src/test/xprocspec/steps/identity.xpl" xml:space="preserve" type="inline"><default xmlns:ex="http://example.net/ns"/></x:document></x:output><x:output port="result.parameter.primary"><x:document xml:base="file:/home/jostein/xprocspec/src/test/xprocspec/steps/identity.xpl" xml:space="preserve" type="inline"><c:param-set/></x:document></x:output><x:output port="options"><x:document xml:base="file:/home/jostein/xprocspec/src/test/xprocspec/steps/identity.xpl" xml:space="preserve" type="inline">
                <c:options xmlns:ex="http://example.net/ns">
                    <c:option name="option" value="option-value"/>
                    <c:option name="option.required" value="option.required-value"/>
                    <c:option name="option.default" value="default"/>
                </c:options>
            </x:document></x:output><x:test-result contextref="errors" result="passed" max="0" label="the step should execute successfully without throwing any errors" type="count">
                                                        <x:expected>At most 0 documents.</x:expected>
                                                    <x:was>0</x:was></x:test-result><x:test-result contextref="context0" result="passed" test="/*/*[@name='option']/@value='option-value'" label="the option 'option' should have the value 'option-value'" type="xpath"><x:expected xml:space="preserve">XPath: true()
Value: true</x:expected><x:was xml:space="preserve">XPath: /*/*[@name='option']/@value='option-value'
Value: true</x:was></x:test-result></x:description><x:description xml:base="file:/home/jostein/xprocspec/src/test/xprocspec/tests/scenario-1.xprocspec" test-base-uri="file:/home/jostein/xprocspec/src/test/xprocspec/tests/scenario-1.xprocspec" script="file:/home/jostein/xprocspec/src/test/xprocspec/steps/identity.xpl" test-grammar="xprocspec" temp-dir="file:/tmp/xprocspec-20130905160023007/xprocspec-20130905160030094/"><x:scenario xmlns:e="http://example.net/ns" end-time="2013-09-05T14:00:30.304Z" pending="Not implemented" label="pending scenario" start-time="2013-09-05T14:00:30.304Z"/></x:description></x:test-report></x:document></x:output><x:output port="html"><x:document xml:base="file:/home/jostein/xprocspec/src/main/resources/content/xml/xproc/report/report-template.xhtml" xml:space="preserve" type="inline"><html xmlns="http://www.w3.org/1999/xhtml"><head><title>Test Report for file:/home/jostein/xprocspec/src/test/xprocspec/tests/scenario-1.xprocspec (passed:2 / pending:1 / failed:0 / errors:0 / total:3)</title>
        <meta charset="utf-8"/>
        <style type="text/css" xml:space="preserve">/**/
/****************************************************************************/
/*  File:       test-report.css                                             */
/*  Author:     Jeni Tennsion                                               */
/*  URI:        http://xspec.googlecode.com/                                */
/*  Tags:                                                                   */
/*    Copyright (c) 2008, 2010 Jeni Tennsion (see end of file.)             */
/* ------------------------------------------------------------------------ */


/* test */

/* box model */

body {
	margin-right: 1em;
	/*margin-left: 10%;*/
	}

h1 {
	padding: 0.3em 0.5em 0.3em 0.5em;
	position: relative;
	}

h2 {
	padding: 0.1em 0.5em 0.2em 0.5em;
	}

h3 {
	padding-left: 0.6em;
	}

h4 {
	padding-left: 0.8em;
	}

p, table {
	/*margin-left: 5%;*/
	}

dd ul, dd ol {
	margin-left: 0%;
	}

li ul, li ol {
	/*margin-left: 5%;*/
	}

dl, ul, ol, blockquote {
	/*margin-left: 10%;*/
	}

dt {
  padding-top: 3px;
  padding-bottom: 3px;
	clear: both;
	}

dd p {
	/*margin-left: -5px;*/
	margin-top: 5px;
	clear: both;
	}

p.link {
	margin-top: 4px;
	margin-bottom: 0px;
	clear: both;
	}

tr td, td p, li, li p {
	margin-left: 0%;
	}

td:nth-child(2) {
	padding-left: 5%;
	}

.link img, dt img {
	vertical-align: middle;
	position: relative;
	top: -5px;
	}

img {
	position: relative;
	}

#xml-link {
	position: absolute;
	left: 5px;
	top: 5px;
	width: 10%;
	margin-left: 0%;
	}

#link-up {
	position: absolute;
	left: 93%;
	right: 2em;
	top: 0.3em;
	}

#link-top {
	position: absolute;
	left: 89%;
	right: 4em;
	top: 0.3em;
	}
	
.popup {
	display: block;
	visibility: hidden;
	float: right;
	position: absolute;
	top: 5px;
	left: -200px;
	z-index: 1;
	padding: 0.3em;
	width: 220px;
	}

.note {
	position: relative;
	}

.post {
	/*margin-left: 5%;*/
	padding-top: 1em;
	}
	
.example, .sidebar {
  /*margin-left: 5%;*/
  margin-top: 1em;
  margin-bottom: 1em;
  }

/*pre {
	padding-left: 5%;
	margin-left: 5%;
	}*/

/*dd pre, li pre {
	padding-left: 5%;
	}*/

/* fonts */
/* Oxygen  */
body, table {
    font-family:arial, helvetica, sans-serif;
    font-size:12px;
}
/* Oxygen  */

/*body {
	font-family: Verdana, arial, sans-serif;
	font-size: small;
	}*/	

/*h1, h2, h3, h4, h5, h6 {
	font-family: 'trebuchet MS', arial, sans-serif;
	}*/

h1 {
	font-size: 173%;
	font-weight: bold;
	}

h2 {
	font-size: 144%;
	font-weight: normal;
	}

h3 {
	font-size: 120%;
	font-weight: normal;
	}

h4 {
  font-size: 100%;
  font-weight: bold;
}

dt {
	font-weight: bold;
	}

a:link, a:visited, a:active, a:hover {
	font-weight: bold;
	}

a.offsite:link, a.offsite:visited, a.offsite:active, a.offsite:hover {
	font-weight: normal;
	}

/* suppress the normal italics */
address {
	font-style: normal;
	}

div.example, .sidebar {
  font-family: Verdana, arial, sans-serif;
  font-size: 100%;
  }


.note, .link {
	font-family: Verdana, arial, sans-serif;
	/*font-size: 83%;*/
	}

/*.example, .string, .rtf, .code, pre, code {
	font-family: "Lucida Console", "Courier New", monospace;*/
  /*font-size: 83%;*/
/*	}*/

.boolean {
	font-style: italic;
	}

#colophon, #xml-link {
	font-size: 69%;
	}

.question, .title {
	font-weight: bold;
	}

/* colours */
body {
	background-color: white;
	color: black;
	border: 0px none black;
	}

/* this is to make Navigator fill the entire line */
h1, h2 {
	border: 1px solid white;
	width: auto;
	}

h1 {
	/*background: #606;*/
	/*color: #6F6;*/
	}

h2 {
	color: #606;
	/*background: #CFC;*/
	}

hr {
	color: #606;
	background: white;
	}

img, a:link img, a:visited img, a:hover img, a:active img, #link-up img, #link-top img {
	border: 0px none white;
	background: transparent;
	}

/* OXYGEN */
a, a:visited {
    color:rgb(0, 0, 150);
    background-color:inherit;
    font-weight: bold;
}
a:link, a:visited {
    text-decoration:none; 
}
a:hover {
    text-decoration:underline;
}

/* OXYGEN */

a.img:hover, a.img:active {
	background: transparent;
	}

#colophon, #xml-link, .note {
	color: #666;
	}

#colophon a:link, #colophon a:visited, #colophon a:hover,
#xml-link a:link, #xml-link a:visited, #xml-link a:hover,
.note a:link, .note a:visited, .note a:hover {
	color: #969;
	background: transparent;
	}

#colophon a:hover, #xml-link a:hover, .note a:hover {
	background: #CFC;
	color: #969;
	}

.popup {
	background: white;
	border: 1px solid #606;
	}

.post {
	border-top: 2px solid #606;
	}
	
.example {
  border-top: 2px solid #606;
  border-bottom: 2px solid #606;
  }
  
.sidebar {
  border-top: 2px solid #090;
  border-bottom: 2px solid #090;
  }
  
.rng {
  border-left: 2px solid #666;
  }

.same {
  background-color: rgb(206, 239, 174);
}

.diff {
  background-color: #FCC;
}

.whitespace {
	font-style: italic;
	color: #999;
	background: white;
}

.ignored {
  font-style: italic;
  color: #999;
  background: white;
}

.hit {
}

.missed {
  background-color: #A33;
  color: white;
}

/* text */
ol ol li {
	list-style: lower-alpha;
	}

th {
	text-align: left;
	}

td {
	vertical-align: top;
	}

h1 {
	text-transform: uppercase;
	}

h2, h3 {
	/*text-transform: capitalize;*/
	}

.question {
	text-indent: -33px;
	}

.byline {
	text-align: right;
	}

#link-top, #link-up {
	text-align: right;
	}

a {
	text-decoration: none;
	}

table { width: 85%;
        /* border: collapse; */ }

th { text-align: left; }

.xspec tbody th { font-weight: normal; /*font-size: 0.8em;*/ border-top: 1px #666 solid; }
.xspec tbody td { /*font-size: 0.8em;*/ color: #666; }

.successful.label th, .successful.label td { background-color: #CFC; }
.pending.label th, .pending.label td { background-color: #DDD; color: #666; }
.failed.label th, .failed.label td { background-color: #FCC; }
.error.label th, .error.label td { background-color: #FAA; }
/*body &gt; table tbody .failed.label th:first-child:before {content:url(data:image/png;base64,iVBORw0KGgoAAAANSUhEUgAAAAwAAAAMCAYAAABWdVznAAAAGXRFWHRTb2Z0d2FyZQBBZG9iZSBJbWFnZVJlYWR5ccllPAAAA2ZpVFh0WE1MOmNvbS5hZG9iZS54bXAAAAAAADw/eHBhY2tldCBiZWdpbj0i77u/IiBpZD0iVzVNME1wQ2VoaUh6cmVTek5UY3prYzlkIj8+IDx4OnhtcG1ldGEgeG1sbnM6eD0iYWRvYmU6bnM6bWV0YS8iIHg6eG1wdGs9IkFkb2JlIFhNUCBDb3JlIDUuMy1jMDExIDY2LjE0NTY2MSwgMjAxMi8wMi8wNi0xNDo1NjoyNyAgICAgICAgIj4gPHJkZjpSREYgeG1sbnM6cmRmPSJodHRwOi8vd3d3LnczLm9yZy8xOTk5LzAyLzIyLXJkZi1zeW50YXgtbnMjIj4gPHJkZjpEZXNjcmlwdGlvbiByZGY6YWJvdXQ9IiIgeG1sbnM6eG1wTU09Imh0dHA6Ly9ucy5hZG9iZS5jb20veGFwLzEuMC9tbS8iIHhtbG5zOnN0UmVmPSJodHRwOi8vbnMuYWRvYmUuY29tL3hhcC8xLjAvc1R5cGUvUmVzb3VyY2VSZWYjIiB4bWxuczp4bXA9Imh0dHA6Ly9ucy5hZG9iZS5jb20veGFwLzEuMC8iIHhtcE1NOk9yaWdpbmFsRG9jdW1lbnRJRD0ieG1wLmRpZDpCQjU0NjU4QjIyQTNFMTExQkI5Rjk5QkQ4RkQ5RUJFQiIgeG1wTU06RG9jdW1lbnRJRD0ieG1wLmRpZDpEQTUyOTdBQUEzRDUxMUUxQTQwN0YzMUI0Nzg3NDU1RSIgeG1wTU06SW5zdGFuY2VJRD0ieG1wLmlpZDpEQTUyOTdBOUEzRDUxMUUxQTQwN0YzMUI0Nzg3NDU1RSIgeG1wOkNyZWF0b3JUb29sPSJBZG9iZSBQaG90b3Nob3AgQ1M2IChXaW5kb3dzKSI+IDx4bXBNTTpEZXJpdmVkRnJvbSBzdFJlZjppbnN0YW5jZUlEPSJ4bXAuaWlkOjQ4MTZDRTNCRDVBM0UxMTFBQTI2QTBCMjZENzg1Qzg5IiBzdFJlZjpkb2N1bWVudElEPSJ4bXAuZGlkOkJCNTQ2NThCMjJBM0UxMTFCQjlGOTlCRDhGRDlFQkVCIi8+IDwvcmRmOkRlc2NyaXB0aW9uPiA8L3JkZjpSREY+IDwveDp4bXBtZXRhPiA8P3hwYWNrZXQgZW5kPSJyIj8+aHNJrgAAAZ1JREFUeNpsUssrRGEU/907985YMDPNYlh4hbKZPMdgR3aysrGSSFIeKyUKpewoRTYkmcgCf4MsMI2FPDYGKeUZSoru4/uc82VC+W7fOeee+zvn/M45V1uuyCmVwDogq0hDklD6jy1dspNkdxokVrIzPFUh0/MD5OdXoJDwPFtu3d2ns6TTp9oggTlFZlmN0o4AHMmXfJGo0lmGzoE1OgmNHf5YA8rmN5HfM6wADmUuHphA9cIW/JX1yiek9DIlyijxkNjBzXYche19gNcHzfShoLUdVxtLuD/cYzCoMAzCwqYrhMDx9Chs20JRWzf4nMcXcDI3pYAqQHIAtWUJbpKursMMhpA+RiAEGzpc4X5XkDB4GjaHmiZik/PIa2rBEWVlSuW9Q+T3YndskBi46QpQFcLltchtbEZyZhxna4uKhmV9Ito/gtPNOG4P99WItdlIWARNXWOAv6AEr9cplel7/ggUleDlMqUSvNnCobHKxDsNnqs8XaWUZopp/XhxTkOR+HDVOveYUge9rNLyY9SU9v+vwXuUB2R0fQkwABfn/VKSjTLBAAAAAElFTkSuQmCC) " "}*/
/*body &gt; table tbody .error.label th:first-child:before {content:url(data:image/png;base64,iVBORw0KGgoAAAANSUhEUgAAAAwAAAAMCAYAAABWdVznAAAABmJLR0QAAAAAAAD5Q7t/AAAACXBIWXMAAAsTAAALEwEAmpwYAAAAB3RJTUUH3QcKER4AdkxvvQAAAdVJREFUKM89kM9KG0EAh7/JTHazZInEQwJ68KIWLx6Etj6EjxAobYSsD+BjCJ682EOp0FMueYmS0FMICF4i6tFNzJ/dyRh2Znoo6Xf+Pn7wEzc3Nx/W6/UvY8xJnudkWYa1Fu893nviOCaKIhuG4R/v/Ve1Xq9/bG1tnezs7JDnOVpr3t/fcc4hpaRSqVCpVORqtTp9e3v7rrTWn5vNJpPJhHK5zHg8JssyvPeEYcjR0RFpmlKr1ZjP5x9Li8VCbOR2u83BwQEvLy88PT1xfHzMxcUFQgjSNCXLskDlec5sNuPx8REpJZ1Oh+fnZ4QQnJ+fc319Tb/fZ29vD601SmvNdDplsVhwe3vLaDTi6uoKgCRJGAwGNBoNXl9fMcZQcs5hjGG1WpHnObVajQ3VahWtNcYYjDE451Cb+7z3JElCkiScnZ0hpaTX67G7u0u328V7/y+oVqsIITg8PKTT6dBqtRgOhzjnaLVa3N3dcX9/z3K5JI5jxOXlpSuKQqRpirWWh4eH//Plcpn9/X2cc2xvb1MqlQqllBpYa0/jOGYymdBsNsmyDOccURRRFAX1eh2lFGEY/lZBEHyx1v703n8KgkBEUYSUEu/9RkIIUQRB0A/D8NtflUT+nn4OS+0AAAAASUVORK5CYII=) " "}*/
.failed.label th:first-child:before, .failed.label td:first-child:before {content:url(data:image/png;base64,iVBORw0KGgoAAAANSUhEUgAAAAwAAAAMCAYAAABWdVznAAAAGXRFWHRTb2Z0d2FyZQBBZG9iZSBJbWFnZVJlYWR5ccllPAAAA2ZpVFh0WE1MOmNvbS5hZG9iZS54bXAAAAAAADw/eHBhY2tldCBiZWdpbj0i77u/IiBpZD0iVzVNME1wQ2VoaUh6cmVTek5UY3prYzlkIj8+IDx4OnhtcG1ldGEgeG1sbnM6eD0iYWRvYmU6bnM6bWV0YS8iIHg6eG1wdGs9IkFkb2JlIFhNUCBDb3JlIDUuMy1jMDExIDY2LjE0NTY2MSwgMjAxMi8wMi8wNi0xNDo1NjoyNyAgICAgICAgIj4gPHJkZjpSREYgeG1sbnM6cmRmPSJodHRwOi8vd3d3LnczLm9yZy8xOTk5LzAyLzIyLXJkZi1zeW50YXgtbnMjIj4gPHJkZjpEZXNjcmlwdGlvbiByZGY6YWJvdXQ9IiIgeG1sbnM6eG1wTU09Imh0dHA6Ly9ucy5hZG9iZS5jb20veGFwLzEuMC9tbS8iIHhtbG5zOnN0UmVmPSJodHRwOi8vbnMuYWRvYmUuY29tL3hhcC8xLjAvc1R5cGUvUmVzb3VyY2VSZWYjIiB4bWxuczp4bXA9Imh0dHA6Ly9ucy5hZG9iZS5jb20veGFwLzEuMC8iIHhtcE1NOk9yaWdpbmFsRG9jdW1lbnRJRD0ieG1wLmRpZDpCQjU0NjU4QjIyQTNFMTExQkI5Rjk5QkQ4RkQ5RUJFQiIgeG1wTU06RG9jdW1lbnRJRD0ieG1wLmRpZDpEQTUyOTdBQUEzRDUxMUUxQTQwN0YzMUI0Nzg3NDU1RSIgeG1wTU06SW5zdGFuY2VJRD0ieG1wLmlpZDpEQTUyOTdBOUEzRDUxMUUxQTQwN0YzMUI0Nzg3NDU1RSIgeG1wOkNyZWF0b3JUb29sPSJBZG9iZSBQaG90b3Nob3AgQ1M2IChXaW5kb3dzKSI+IDx4bXBNTTpEZXJpdmVkRnJvbSBzdFJlZjppbnN0YW5jZUlEPSJ4bXAuaWlkOjQ4MTZDRTNCRDVBM0UxMTFBQTI2QTBCMjZENzg1Qzg5IiBzdFJlZjpkb2N1bWVudElEPSJ4bXAuZGlkOkJCNTQ2NThCMjJBM0UxMTFCQjlGOTlCRDhGRDlFQkVCIi8+IDwvcmRmOkRlc2NyaXB0aW9uPiA8L3JkZjpSREY+IDwveDp4bXBtZXRhPiA8P3hwYWNrZXQgZW5kPSJyIj8+aHNJrgAAAZ1JREFUeNpsUssrRGEU/907985YMDPNYlh4hbKZPMdgR3aysrGSSFIeKyUKpewoRTYkmcgCf4MsMI2FPDYGKeUZSoru4/uc82VC+W7fOeee+zvn/M45V1uuyCmVwDogq0hDklD6jy1dspNkdxokVrIzPFUh0/MD5OdXoJDwPFtu3d2ns6TTp9oggTlFZlmN0o4AHMmXfJGo0lmGzoE1OgmNHf5YA8rmN5HfM6wADmUuHphA9cIW/JX1yiek9DIlyijxkNjBzXYche19gNcHzfShoLUdVxtLuD/cYzCoMAzCwqYrhMDx9Chs20JRWzf4nMcXcDI3pYAqQHIAtWUJbpKursMMhpA+RiAEGzpc4X5XkDB4GjaHmiZik/PIa2rBEWVlSuW9Q+T3YndskBi46QpQFcLltchtbEZyZhxna4uKhmV9Ito/gtPNOG4P99WItdlIWARNXWOAv6AEr9cplel7/ggUleDlMqUSvNnCobHKxDsNnqs8XaWUZopp/XhxTkOR+HDVOveYUge9rNLyY9SU9v+vwXuUB2R0fQkwABfn/VKSjTLBAAAAAElFTkSuQmCC) " "}
.error.label th:first-child:before, .error.label td:first-child:before {content:url(data:image/png;base64,iVBORw0KGgoAAAANSUhEUgAAAAwAAAAMCAYAAABWdVznAAAABmJLR0QAAAAAAAD5Q7t/AAAACXBIWXMAAAsTAAALEwEAmpwYAAAAB3RJTUUH3QcKER4AdkxvvQAAAdVJREFUKM89kM9KG0EAh7/JTHazZInEQwJ68KIWLx6Etj6EjxAobYSsD+BjCJ682EOp0FMueYmS0FMICF4i6tFNzJ/dyRh2Znoo6Xf+Pn7wEzc3Nx/W6/UvY8xJnudkWYa1Fu893nviOCaKIhuG4R/v/Ve1Xq9/bG1tnezs7JDnOVpr3t/fcc4hpaRSqVCpVORqtTp9e3v7rrTWn5vNJpPJhHK5zHg8JssyvPeEYcjR0RFpmlKr1ZjP5x9Li8VCbOR2u83BwQEvLy88PT1xfHzMxcUFQgjSNCXLskDlec5sNuPx8REpJZ1Oh+fnZ4QQnJ+fc319Tb/fZ29vD601SmvNdDplsVhwe3vLaDTi6uoKgCRJGAwGNBoNXl9fMcZQcs5hjGG1WpHnObVajQ3VahWtNcYYjDE451Cb+7z3JElCkiScnZ0hpaTX67G7u0u328V7/y+oVqsIITg8PKTT6dBqtRgOhzjnaLVa3N3dcX9/z3K5JI5jxOXlpSuKQqRpirWWh4eH//Plcpn9/X2cc2xvb1MqlQqllBpYa0/jOGYymdBsNsmyDOccURRRFAX1eh2lFGEY/lZBEHyx1v703n8KgkBEUYSUEu/9RkIIUQRB0A/D8NtflUT+nn4OS+0AAAAASUVORK5CYII=) " "}
.pending.label th:first-child:before, .pending.label td:first-child:before {content:url(data:image/png;base64,iVBORw0KGgoAAAANSUhEUgAAAAwAAAAMCAYAAABWdVznAAAAGXRFWHRTb2Z0d2FyZQBBZG9iZSBJbWFnZVJlYWR5ccllPAAAA2ZpVFh0WE1MOmNvbS5hZG9iZS54bXAAAAAAADw/eHBhY2tldCBiZWdpbj0i77u/IiBpZD0iVzVNME1wQ2VoaUh6cmVTek5UY3prYzlkIj8+IDx4OnhtcG1ldGEgeG1sbnM6eD0iYWRvYmU6bnM6bWV0YS8iIHg6eG1wdGs9IkFkb2JlIFhNUCBDb3JlIDUuMy1jMDExIDY2LjE0NTY2MSwgMjAxMi8wMi8wNi0xNDo1NjoyNyAgICAgICAgIj4gPHJkZjpSREYgeG1sbnM6cmRmPSJodHRwOi8vd3d3LnczLm9yZy8xOTk5LzAyLzIyLXJkZi1zeW50YXgtbnMjIj4gPHJkZjpEZXNjcmlwdGlvbiByZGY6YWJvdXQ9IiIgeG1sbnM6eG1wTU09Imh0dHA6Ly9ucy5hZG9iZS5jb20veGFwLzEuMC9tbS8iIHhtbG5zOnN0UmVmPSJodHRwOi8vbnMuYWRvYmUuY29tL3hhcC8xLjAvc1R5cGUvUmVzb3VyY2VSZWYjIiB4bWxuczp4bXA9Imh0dHA6Ly9ucy5hZG9iZS5jb20veGFwLzEuMC8iIHhtcE1NOk9yaWdpbmFsRG9jdW1lbnRJRD0ieG1wLmRpZDpCQjU0NjU4QjIyQTNFMTExQkI5Rjk5QkQ4RkQ5RUJFQiIgeG1wTU06RG9jdW1lbnRJRD0ieG1wLmRpZDpDODdDM0Y0QUEzRDUxMUUxQjk5N0MzQjVFRDMyQUE1MiIgeG1wTU06SW5zdGFuY2VJRD0ieG1wLmlpZDpDODdDM0Y0OUEzRDUxMUUxQjk5N0MzQjVFRDMyQUE1MiIgeG1wOkNyZWF0b3JUb29sPSJBZG9iZSBQaG90b3Nob3AgQ1M2IChXaW5kb3dzKSI+IDx4bXBNTTpEZXJpdmVkRnJvbSBzdFJlZjppbnN0YW5jZUlEPSJ4bXAuaWlkOjQ4MTZDRTNCRDVBM0UxMTFBQTI2QTBCMjZENzg1Qzg5IiBzdFJlZjpkb2N1bWVudElEPSJ4bXAuZGlkOkJCNTQ2NThCMjJBM0UxMTFCQjlGOTlCRDhGRDlFQkVCIi8+IDwvcmRmOkRlc2NyaXB0aW9uPiA8L3JkZjpSREY+IDwveDp4bXBtZXRhPiA8P3hwYWNrZXQgZW5kPSJyIj8+yj6RYgAAAPZJREFUeNp0kM8KgkAQxmc1E0Wfo3vQn5eRSDx4EUHwbTpEhx4lil7DiydBQUFXp5nAMNsGhpnd/X77za4Iw3CFiFcAWFMFDkXtKZ/UHhfUnB3HWdu2/REpAL2u631ZlicGdpZlwTAMSmBM0zS5bhgQLB5FU3AOUS4XvNn3vVKgAACCIMA0TbFpGsyyDJMkefdFUWAcx1hVFeZ5jlEUoed5qPEI7KDrOhiG8e6llNC27Zcz77FW+L6Pruv+WKtGIzfgR39umv/UHOJgAMlO/BPOXCQDD5p3r2ma8lvHNU9BcWPg0HXdhRZbOhRT8aSXVO9U/ZcAAwAsmjsSQcM0lwAAAABJRU5ErkJggg==) " ";}
.successful.label th:first-child:before, .successful.label td:first-child:before {content:url(data:image/png;base64,iVBORw0KGgoAAAANSUhEUgAAAAwAAAAMCAYAAABWdVznAAAAGXRFWHRTb2Z0d2FyZQBBZG9iZSBJbWFnZVJlYWR5ccllPAAAA2ZpVFh0WE1MOmNvbS5hZG9iZS54bXAAAAAAADw/eHBhY2tldCBiZWdpbj0i77u/IiBpZD0iVzVNME1wQ2VoaUh6cmVTek5UY3prYzlkIj8+IDx4OnhtcG1ldGEgeG1sbnM6eD0iYWRvYmU6bnM6bWV0YS8iIHg6eG1wdGs9IkFkb2JlIFhNUCBDb3JlIDUuMy1jMDExIDY2LjE0NTY2MSwgMjAxMi8wMi8wNi0xNDo1NjoyNyAgICAgICAgIj4gPHJkZjpSREYgeG1sbnM6cmRmPSJodHRwOi8vd3d3LnczLm9yZy8xOTk5LzAyLzIyLXJkZi1zeW50YXgtbnMjIj4gPHJkZjpEZXNjcmlwdGlvbiByZGY6YWJvdXQ9IiIgeG1sbnM6eG1wTU09Imh0dHA6Ly9ucy5hZG9iZS5jb20veGFwLzEuMC9tbS8iIHhtbG5zOnN0UmVmPSJodHRwOi8vbnMuYWRvYmUuY29tL3hhcC8xLjAvc1R5cGUvUmVzb3VyY2VSZWYjIiB4bWxuczp4bXA9Imh0dHA6Ly9ucy5hZG9iZS5jb20veGFwLzEuMC8iIHhtcE1NOk9yaWdpbmFsRG9jdW1lbnRJRD0ieG1wLmRpZDpCQjU0NjU4QjIyQTNFMTExQkI5Rjk5QkQ4RkQ5RUJFQiIgeG1wTU06RG9jdW1lbnRJRD0ieG1wLmRpZDpEMDVBNThBQUEzRDUxMUUxQjdCQkM2QUNBMTNBMDExNiIgeG1wTU06SW5zdGFuY2VJRD0ieG1wLmlpZDpEMDVBNThBOUEzRDUxMUUxQjdCQkM2QUNBMTNBMDExNiIgeG1wOkNyZWF0b3JUb29sPSJBZG9iZSBQaG90b3Nob3AgQ1M2IChXaW5kb3dzKSI+IDx4bXBNTTpEZXJpdmVkRnJvbSBzdFJlZjppbnN0YW5jZUlEPSJ4bXAuaWlkOjQ4MTZDRTNCRDVBM0UxMTFBQTI2QTBCMjZENzg1Qzg5IiBzdFJlZjpkb2N1bWVudElEPSJ4bXAuZGlkOkJCNTQ2NThCMjJBM0UxMTFCQjlGOTlCRDhGRDlFQkVCIi8+IDwvcmRmOkRlc2NyaXB0aW9uPiA8L3JkZjpSREY+IDwveDp4bXBtZXRhPiA8P3hwYWNrZXQgZW5kPSJyIj8+xJ3YrgAAAYBJREFUeNpsUrtKA1EQPZtdY4gEQiD4QCsLEVGX4CP4AykEq1hYiGghCDZ+gBZWVtrZ+EAjaGOhfoAkNiaKhYWICilMEQNqoYjZ5O4d5+6ucQuLM3funDNzD7OrLe229YBwSKAEnyAP/pyIbL5fcz5rcNiLtuqJSEz3ickn5ruE/vFmJ9/LYjvAldGWqA7bJkgPtoAHQrS5G6NdiwhFWCoxHOCgKUL+iurkCBVawyamE8d4qmSZ51clBZUlh+RG14JzEsJNcaTNLVwWd1B6vXXqkmGoYNeVUPnW3JNr4+YarPoncvebEAKNekAlokaY6N/A1NA+SBgY6Eijtz2Fs5sVWNWawysorWNJsO+q9QWzaxLTYwfojA3isZzDfSnrWvTsNiyp7pOrZURC7ejrTDEpcVpY9ab+NSioLZEiapZA5nwBxZcC8g9HeK7ccYM7TDnwmoU2vx6/NIJaUjc0b0u8YvJNle5HdJvlhbI0Y31ThqsjTGr0/+8hOOQ5nfsRYACtHiy+FDd82wAAAABJRU5ErkJggg==) " "}
/*.successful.label a:before {content:url(data:image/png;base64,iVBORw0KGgoAAAANSUhEUgAAAAwAAAAMCAYAAABWdVznAAAAGXRFWHRTb2Z0d2FyZQBBZG9iZSBJbWFnZVJlYWR5ccllPAAAA2ZpVFh0WE1MOmNvbS5hZG9iZS54bXAAAAAAADw/eHBhY2tldCBiZWdpbj0i77u/IiBpZD0iVzVNME1wQ2VoaUh6cmVTek5UY3prYzlkIj8+IDx4OnhtcG1ldGEgeG1sbnM6eD0iYWRvYmU6bnM6bWV0YS8iIHg6eG1wdGs9IkFkb2JlIFhNUCBDb3JlIDUuMy1jMDExIDY2LjE0NTY2MSwgMjAxMi8wMi8wNi0xNDo1NjoyNyAgICAgICAgIj4gPHJkZjpSREYgeG1sbnM6cmRmPSJodHRwOi8vd3d3LnczLm9yZy8xOTk5LzAyLzIyLXJkZi1zeW50YXgtbnMjIj4gPHJkZjpEZXNjcmlwdGlvbiByZGY6YWJvdXQ9IiIgeG1sbnM6eG1wTU09Imh0dHA6Ly9ucy5hZG9iZS5jb20veGFwLzEuMC9tbS8iIHhtbG5zOnN0UmVmPSJodHRwOi8vbnMuYWRvYmUuY29tL3hhcC8xLjAvc1R5cGUvUmVzb3VyY2VSZWYjIiB4bWxuczp4bXA9Imh0dHA6Ly9ucy5hZG9iZS5jb20veGFwLzEuMC8iIHhtcE1NOk9yaWdpbmFsRG9jdW1lbnRJRD0ieG1wLmRpZDpCQjU0NjU4QjIyQTNFMTExQkI5Rjk5QkQ4RkQ5RUJFQiIgeG1wTU06RG9jdW1lbnRJRD0ieG1wLmRpZDpEMDVBNThBQUEzRDUxMUUxQjdCQkM2QUNBMTNBMDExNiIgeG1wTU06SW5zdGFuY2VJRD0ieG1wLmlpZDpEMDVBNThBOUEzRDUxMUUxQjdCQkM2QUNBMTNBMDExNiIgeG1wOkNyZWF0b3JUb29sPSJBZG9iZSBQaG90b3Nob3AgQ1M2IChXaW5kb3dzKSI+IDx4bXBNTTpEZXJpdmVkRnJvbSBzdFJlZjppbnN0YW5jZUlEPSJ4bXAuaWlkOjQ4MTZDRTNCRDVBM0UxMTFBQTI2QTBCMjZENzg1Qzg5IiBzdFJlZjpkb2N1bWVudElEPSJ4bXAuZGlkOkJCNTQ2NThCMjJBM0UxMTFCQjlGOTlCRDhGRDlFQkVCIi8+IDwvcmRmOkRlc2NyaXB0aW9uPiA8L3JkZjpSREY+IDwveDp4bXBtZXRhPiA8P3hwYWNrZXQgZW5kPSJyIj8+xJ3YrgAAAYBJREFUeNpsUrtKA1EQPZtdY4gEQiD4QCsLEVGX4CP4AykEq1hYiGghCDZ+gBZWVtrZ+EAjaGOhfoAkNiaKhYWICilMEQNqoYjZ5O4d5+6ucQuLM3funDNzD7OrLe229YBwSKAEnyAP/pyIbL5fcz5rcNiLtuqJSEz3ickn5ruE/vFmJ9/LYjvAldGWqA7bJkgPtoAHQrS5G6NdiwhFWCoxHOCgKUL+iurkCBVawyamE8d4qmSZ51clBZUlh+RG14JzEsJNcaTNLVwWd1B6vXXqkmGoYNeVUPnW3JNr4+YarPoncvebEAKNekAlokaY6N/A1NA+SBgY6Eijtz2Fs5sVWNWawysorWNJsO+q9QWzaxLTYwfojA3isZzDfSnrWvTsNiyp7pOrZURC7ejrTDEpcVpY9ab+NSioLZEiapZA5nwBxZcC8g9HeK7ccYM7TDnwmoU2vx6/NIJaUjc0b0u8YvJNle5HdJvlhbI0Y31ThqsjTGr0/+8hOOQ5nfsRYACtHiy+FDd82wAAAABJRU5ErkJggg==) " "}*/

.xspecResult { width: 90%; table-layout: fixed; }

.xspecResult td,
.xspecResult th { width: 50%; }

/*.xspecResult pre { 
  margin-left: 0; 
  padding: 0.5em; 
  overflow: auto; 
  border: 1px #999 dotted;
}*/

span.scenario-totals {float: right; width: 14.5%; text-align: left}

/* OXYGEN */
span.scenario-totals {float: right; width: 34.5%; text-align: right}

h2.failed {
    background-color: #FCC;
}

h1, h2 {
    width: 86%;
    /*margin-left: 3%;*/
    
    font-size:1.4em;
    font-weight:bold;
    text-align:left;
    margin-top:1.4em;
    margin-bottom:0.7em;
    color:#333333;
    background-color:inherit;
}

h1 {
    font-size:1.7em;
}

body &gt; h1:first-child:before {
    content:"XSLT UNIT ";
}

body &gt; h2:first-of-type {
    font-size:1.7em;
}

div &gt; table &gt; tbody &gt; tr &gt; th:first-child {
    font-weight:bold;
}

div &gt; h3 {
    font-weight:bold;
    /*margin-left: 3%;*/
}

div &gt; h4 {
    font-weight:normal;
    /*margin-left: 4%;*/
}

th.result { text-align: center; }
/* OXYGEN */


/* ------------------------------------------------------------------------ */
/*  DO NOT ALTER OR REMOVE COPYRIGHT NOTICES OR THIS COMMENT.               */
/*                                                                          */
/*  Copyright (c) 2008, 2010 Jeni Tennsion                                  */
/*                                                                          */
/*  The contents of this file are subject to the MIT License (see the URI   */
/*  http://www.opensource.org/licenses/mit-license.php for details).        */
/*                                                                          */
/*  Permission is hereby granted, free of charge, to any person obtaining   */
/*  a copy of this software and associated documentation files (the         */
/*  "Software"), to deal in the Software without restriction, including     */
/*  without limitation the rights to use, copy, modify, merge, publish,     */
/*  distribute, sublicense, and/or sell copies of the Software, and to      */
/*  permit persons to whom the Software is furnished to do so, subject to   */
/*  the following conditions:                                               */
/*                                                                          */
/*  The above copyright notice and this permission notice shall be          */
/*  included in all copies or substantial portions of the Software.         */
/*                                                                          */
/*  THE SOFTWARE IS PROVIDED "AS IS", WITHOUT WARRANTY OF ANY KIND,         */
/*  EXPRESS OR IMPLIED, INCLUDING BUT NOT LIMITED TO THE WARRANTIES OF      */
/*  MERCHANTABILITY, FITNESS FOR A PARTICULAR PURPOSE AND NONINFRINGEMENT.  */
/*  IN NO EVENT SHALL THE AUTHORS OR COPYRIGHT HOLDERS BE LIABLE FOR ANY    */
/*  CLAIM, DAMAGES OR OTHER LIABILITY, WHETHER IN AN ACTION OF CONTRACT,    */
/*  TORT OR OTHERWISE, ARISING FROM, OUT OF OR IN CONNECTION WITH THE       */
/*  SOFTWARE OR THE USE OR OTHER DEALINGS IN THE SOFTWARE.                  */
/* ------------------------------------------------------------------------ */

.nobr { white-space: nowrap; }
.scenario-label { text-indent: 0px; }
.context-label { text-indent: 10px; }
.test-label { text-indent: 20px; }
.pending-label { text-indent: 30px; }


        /**/</style>
    </head><body><h1>Test Report</h1><p>Script: <a href="file:/home/jostein/xprocspec/src/test/xprocspec/tests/scenario-1.xprocspec">file:/home/jostein/xprocspec/src/test/xprocspec/tests/scenario-1.xprocspec</a></p><p>Tested: 2013-09-05T16:00:30.58+02:00</p><h2>Contents</h2><table class="xspec"><col width="75%"/><col width="5%"/><col width="5%"/><col width="5%"/><col width="5%"/><col width="5%"/><thead><tr><th/><th class="result">passed:2</th><th class="result">pending:1</th><th class="result">failed:0</th><th class="result">errors:0</th><th class="result">total:3</th></tr></thead><tbody><tr class="successful label"><th><a href="#step1">ex:identity</a></th><th class="result">2</th><th class="result">0</th><th class="result">0</th><th class="result">0</th><th class="result">2</th></tr><tr class="pending label"><th><a href="#pending-1">Not calling: file:/home/jostein/xprocspec/src/test/xprocspec/steps/identity.xpl</a></th><th class="result">0</th><th class="result">1</th><th class="result">0</th><th class="result">0</th><th class="result">1</th></tr></tbody></table><div id="step1"><h2 class="successful">Calling: <a href="file:/home/jostein/xprocspec/src/test/xprocspec/steps/identity.xpl">ex:identity</a><span class="scenario-totals">passed:2 / pending:0 /
                                        failed:0 / errors:0 / total:2</span></h2><table class="xspec"><col width="80%"/><col width="20%"/><tbody><tr class="successful label"><th class="scenario-label">identity</th><th class="nobr">passed:2 / pending:0 / failed:0 / errors:0 / total:2</th></tr><tr class="successful label"><th class="context-label">errors</th><th class="nobr">passed:1 / pending:0 / failed:0 / errors:0 / total:1</th></tr><tr class="successful label"><td class="test-label">the step should execute successfully without throwing any errors</td><td>Success</td></tr><tr class="successful label"><th class="context-label">the results</th><th class="nobr">passed:1 / pending:0 / failed:0 / errors:0 / total:1</th></tr><tr class="successful label"><td class="test-label">the option 'option' should have the value 'option-value'</td><td>Success</td></tr></tbody></table></div><div id="pending-1"><h2 class="pending">Not calling: <a href="file:/home/jostein/xprocspec/src/test/xprocspec/steps/identity.xpl">file:/home/jostein/xprocspec/src/test/xprocspec/steps/identity.xpl</a><span class="scenario-totals">passed:0 / pending:1 / failed:0 /
                                    errors:0 / total:1</span></h2><table class="xspec"><col width="80%"/><col width="20%"/><tbody><tr class="pending label"><th class="scenario-label">pending scenario</th><th class="nobr">passed:0 / pending:1 / failed:0 / errors:0 / total:1</th></tr><tr class="pending"><td>Not implemented</td><td>Pending</td></tr></tbody></table></div><h2>Execution log</h2><table><thead><tr><th>Time</th><th>Severity</th><th>Message</th></tr></thead><tbody><tr style=""><td>0.000</td><td style="padding-left:0%;">INFO</td><td><code><pre>#### file:/home/jostein/xprocspec/src/test/xprocspec/tests/scenario-1.xprocspec ####</pre></code></td></tr><tr style=""><td>0.006</td><td style="padding-left:0%;">INFO</td><td><code><pre> * temporary directory: file:/tmp/xprocspec-20130905160023007/</pre></code></td></tr><tr style=""><td>0.011</td><td style="padding-left:0%;">INFO</td><td><code><pre>preprocessing...</pre></code></td></tr><tr style=""><td>0.031</td><td style="padding-left:0%;">INFO</td><td><code><pre> * checking for imports</pre></code></td></tr><tr style=""><td>0.038</td><td style="padding-left:0%;">INFO</td><td><code><pre> * checking file:/home/jostein/xprocspec/src/test/xprocspec/tests/scenario-1.xprocspec for imports</pre></code></td></tr><tr style=""><td>0.044</td><td style="padding-left:0%;">INFO</td><td><code><pre> * extracting step declarations from file:/home/jostein/xprocspec/src/test/xprocspec/steps/identity.xpl</pre></code></td></tr><tr style=""><td>0.052</td><td style="padding-left:0%;">INFO</td><td><code><pre> * tests reference 1 step</pre></code></td></tr><tr style=""><td>0.058</td><td style="padding-left:0%;">INFO</td><td><code><pre>   * step: e:identity</pre></code></td></tr><tr style=""><td>0.064</td><td style="padding-left:0%;">INFO</td><td><code><pre> * trying to load: file:/home/jostein/xprocspec/src/test/xprocspec/steps/identity.xpl</pre></code></td></tr><tr style=""><td>0.071</td><td style="padding-left:0%;">INFO</td><td><code><pre>   * success!</pre></code></td></tr><tr style=""><td>0.081</td><td style="padding-left:0%;">INFO</td><td><code><pre> * trying to extract the step declaration for {http://example.net/ns}identity from file:/home/jostein/xprocspec/src/test/xprocspec/steps/identity.xpl</pre></code></td></tr><tr style=""><td>0.095</td><td style="padding-left:0%;">INFO</td><td><code><pre> * creating a new x:description document for each x:scenario element with inferred inputs, options and parameters</pre></code></td></tr><tr style=""><td>0.112</td><td style="padding-left:0%;">INFO</td><td><code><pre> * validating output grammar</pre></code></td></tr><tr style=""><td>0.127</td><td style="padding-left:0%;">INFO</td><td><code><pre> * validating output grammar</pre></code></td></tr><tr style=""><td>0.139</td><td style="padding-left:0%;">INFO</td><td><code><pre>compiling...</pre></code></td></tr><tr style=""><td>0.148</td><td style="padding-left:0%;">INFO</td><td><code><pre> * created directory using Calabash's cxf:mkdir</pre></code></td></tr><tr style=""><td>0.154</td><td style="padding-left:0%;">INFO</td><td><code><pre> * converting test 'test1' to XProc</pre></code></td></tr><tr style=""><td>0.170</td><td style="padding-left:0%;">INFO</td><td><code><pre>   * done</pre></code></td></tr><tr style=""><td>0.178</td><td style="padding-left:0%;">INFO</td><td><code><pre> * validating output grammar for file:/home/jostein/xprocspec/src/test/xprocspec/tests/scenario-1.xprocspec</pre></code></td></tr><tr style=""><td>0.193</td><td style="padding-left:0%;">INFO</td><td><code><pre>   * done!</pre></code></td></tr><tr style=""><td>0.200</td><td style="padding-left:0%;">INFO</td><td><code><pre> * converting test 'test2' to XProc</pre></code></td></tr><tr style=""><td>0.214</td><td style="padding-left:0%;">INFO</td><td><code><pre>   * done</pre></code></td></tr><tr style=""><td>0.221</td><td style="padding-left:0%;">INFO</td><td><code><pre> * validating output grammar for file:/home/jostein/xprocspec/src/test/xprocspec/tests/scenario-1.xprocspec</pre></code></td></tr><tr style=""><td>0.234</td><td style="padding-left:0%;">INFO</td><td><code><pre>   * done!</pre></code></td></tr><tr style=""><td>0.241</td><td style="padding-left:0%;">INFO</td><td><code><pre> * using as temporary directory: file:/tmp/xprocspec-20130905160023007/xprocspec-20130905160030094/</pre></code></td></tr><tr style=""><td>0.248</td><td style="padding-left:0%;">INFO</td><td><code><pre>storing...</pre></code></td></tr><tr style=""><td>0.259</td><td style="padding-left:0%;">INFO</td><td><code><pre>running...</pre></code></td></tr><tr style=""><td>0.267</td><td style="padding-left:0%;">INFO</td><td><code><pre>   * loading 'file:/tmp/xprocspec-20130905160023007/test1.xpl'</pre></code></td></tr><tr style=""><td>0.334</td><td style="padding-left:0%;">INFO</td><td><code><pre>   * loading 'file:/tmp/xprocspec-20130905160023007/test2.xpl'</pre></code></td></tr><tr style=""><td>0.382</td><td style="padding-left:0%;">INFO</td><td><code><pre>evaluating...</pre></code></td></tr><tr style=""><td>0.394</td><td style="padding-left:0%;">INFO</td><td><code><pre> * evaluating scenario 'identity' (file:/home/jostein/xprocspec/src/test/xprocspec/tests/scenario-1.xprocspec)</pre></code></td></tr><tr style=""><td>0.401</td><td style="padding-left:0%;">INFO</td><td><code><pre>   * resolving x:document elements...</pre></code></td></tr><tr style=""><td>0.410</td><td style="padding-left:0%;">INFO</td><td><code><pre>    * no errors occured</pre></code></td></tr><tr style=""><td>0.442</td><td style="padding-left:0%;">INFO</td><td><code><pre>   * grouping x:expect elements with their x:context...</pre></code></td></tr><tr style=""><td>0.451</td><td style="padding-left:0%;">INFO</td><td><code><pre>   * evaluating each context/expect group...</pre></code></td></tr><tr style=""><td>0.458</td><td style="padding-left:0%;">INFO</td><td><code><pre>     * setting context to 'errors'</pre></code></td></tr><tr style=""><td>0.466</td><td style="padding-left:0%;">INFO</td><td><code><pre>       * testing assertion 'the step should execute successfully without throwing any errors'</pre></code></td></tr><tr style=""><td>0.473</td><td style="padding-left:0%;">INFO</td><td><code><pre>         * is document count assertion</pre></code></td></tr><tr style=""><td>0.481</td><td style="padding-left:0%;">INFO</td><td><code><pre>         * assertion passed</pre></code></td></tr><tr style=""><td>0.489</td><td style="padding-left:0%;">INFO</td><td><code><pre>     * setting context to 'the results'</pre></code></td></tr><tr style=""><td>0.496</td><td style="padding-left:0%;">INFO</td><td><code><pre>       * testing assertion 'the option 'option' should have the value 'option-value''</pre></code></td></tr><tr style=""><td>0.506</td><td style="padding-left:0%;">INFO</td><td><code><pre>         * is xpath assertion</pre></code></td></tr><tr style=""><td>0.534</td><td style="padding-left:0%;">INFO</td><td><code><pre> * skipping scenario 'pending scenario' (file:/home/jostein/xprocspec/src/test/xprocspec/tests/scenario-1.xprocspec)</pre></code></td></tr><tr style=""><td>0.551</td><td style="padding-left:0%;">INFO</td><td><code><pre>reporting...</pre></code></td></tr></tbody></table><link rel="stylesheet" href="http://yandex.st/highlightjs/7.3/styles/default.min.css"/><script type="text/javascript" src="http://yandex.st/highlightjs/7.3/highlight.min.js" xml:space="preserve"> </script><script type="text/javascript">hljs.initHighlightingOnLoad();</script></body></html></x:document></x:output><x:output port="junit"><x:document xml:base="file:/home/jostein/xprocspec/src/main/resources/content/xml/xproc/report/report.xpl" xml:space="preserve" type="inline"><testsuites tests="3" failures="0" time="0.56" errors="0" name="scenario1"><testsuite timestamp="2013-09-05T14:00:30.518Z" hostname="localhost" tests="2" errors="0" failures="0" skipped="0" id="d13460e1" name="identity" package="http://example.net/ns" time="0.009">
<properties>

<property name="option: option" value="option-value"/>
<property name="option: option.required" value="option.required-value"/>

</properties>
<testcase name="theStepShouldExecuteSuccessfullyWithoutThrowingAnyErrors" classname="identity" assertions="1" time="0" status="SUCCESS"><system-out>the step should execute successfully without throwing any errors: SUCCESS</system-out>
<system-err/></testcase><testcase name="theOptionOptionShouldHaveTheValueOptionvalue" classname="identity" assertions="1" time="0" status="SUCCESS"><system-out>the option 'option' should have the value 'option-value': SUCCESS</system-out>
<system-err/></testcase></testsuite><testsuite timestamp="2013-09-05T14:00:30.527Z" hostname="localhost" tests="1" errors="0" failures="0" skipped="1" id="d13468e1" name="pendingScenario" time="0">
<properties>


</properties>
<testcase name="pendingScenario-pendingScenario" classname="pendingScenario" assertions="1" time="0"><skipped type="xprocspec.skip" message="Not implemented">Not implemented</skipped><system-out>pending scenario: SKIPPED</system-out></testcase></testsuite></testsuites></x:document></x:output><x:test-result contextref="errors" result="passed" max="0" label="the step should execute successfully without throwing any errors" type="count">
                                                        <x:expected>At most 0 documents.</x:expected>
                                                    <x:was>0</x:was></x:test-result><x:test-result contextref="context4" result="passed" test="not(/*/@tests='0') and /*/@failures='0' and /*/@errors='0'" label="there should be at least one test, and none of the tests should fail" type="xpath"><x:expected xml:space="preserve">XPath: true()
Value: true</x:expected><x:was xml:space="preserve">XPath: not(/*/@tests='0') and /*/@failures='0' and /*/@errors='0'
Value: true</x:was></x:test-result><x:test-result contextref="context4" result="passed" test="/*/*/@skipped='1'" label="there should be a skipped test" type="xpath"><x:expected xml:space="preserve">XPath: true()
Value: true</x:expected><x:was xml:space="preserve">XPath: /*/*/@skipped='1'
Value: true</x:was></x:test-result></x:description><x:description xmlns:cx="http://xmlcalabash.com/ns/extensions" xmlns:c="http://www.w3.org/ns/xproc-step" xml:base="file:/home/jostein/xprocspec/src/test/xprocspec/test.xprocspec" test-base-uri="file:/home/jostein/xprocspec/src/test/xprocspec/test.xprocspec" script="file:/home/jostein/xprocspec/src/main/resources/content/xml/xproc/xprocspec.xpl" test-grammar="xprocspec" temp-dir="file:/tmp/xprocspec-20130905160023007/"><x:step-declaration><p:declare-step xmlns:p="http://www.w3.org/ns/xproc" xmlns:px="http://www.daisy.org/ns/xprocspec" xmlns:pxi="http://www.daisy.org/ns/xprocspec/xproc-internal/" xmlns:pkg="http://expath.org/ns/pkg" type="px:xprocspec" name="main" version="1.0" xpath-version="2.0" pkg:import-uri="http://www.daisy.org/ns/xprocspec/xprocspec.xpl" x:type="{http://www.daisy.org/ns/xprocspec}xprocspec"><p:input port="source" kind="document" sequence="false" primary="true"/><p:output port="result" kind="document" sequence="false" primary="false"><p:pipe port="result" step="report"/></p:output><p:output port="html" kind="document" sequence="false" primary="false"><p:pipe port="html" step="report"/></p:output><p:output port="junit" kind="document" sequence="false" primary="false"><p:pipe port="junit" step="report"/></p:output><p:option name="temp-dir" select="'file:/tmp/'"/></p:declare-step></x:step-declaration><x:scenario end-time="2013-09-05T14:00:32.216Z" label="the scenario element - with two child scenarios, one of which has another child scenario" start-time="2013-09-05T14:00:30.911Z"><x:call x:type="{http://www.daisy.org/ns/xprocspec}xprocspec" step="x:xprocspec"><x:option select="$temp-dir" name="temp-dir" value="file:/tmp/xprocspec-20130905160023007/"/><x:input port="source">
                    <x:document xml:base="file:/home/jostein/xprocspec/src/test/xprocspec/test.xprocspec" xml:space="preserve" type="inline"><?xml-model href="http://www.daisy.org/ns/xprocspec/xprocspec.rng" type="application/xml" schematypens="http://relaxng.org/ns/structure/1.0"?><x:description xmlns:e="http://example.net/ns" script="../steps/identity.xpl">
    
    <x:scenario label="parent">
        <x:call step="e:identity">
            <x:option name="option" select="'option-value'"/>
            <x:option name="option.required" select="'option.required-value'"/>
        </x:call>
        
        <x:scenario label="child 1">
            <x:call/>
            <x:context label="the results">
                <x:document type="port" port="options"/>
            </x:context>
            <x:expect type="xpath" label="the option 'option' should have the value 'option-value'" test="/*/*[@name='option']/@value='option-value'"/>
        </x:scenario>
        
        <x:scenario label="child 2">
            <x:call/>
            
            <x:scenario label="child 2.a">
                <x:call/>
                <x:context label="the results">
                    <x:document type="port" port="options"/>
                </x:context>
                <x:expect type="xpath" label="the option 'option' should have the value 'option-value'" test="/*/*[@name='option']/@value='option-value'"/>
            </x:scenario>
            
            <x:scenario label="child 2.b">
                <x:call/>
                <x:context label="the results">
                    <x:document type="port" port="options"/>
                </x:context>
                <x:expect type="xpath" label="the option 'option' should have the value 'option-value'" test="/*/*[@name='option']/@value='option-value'"/>
            </x:scenario>
        </x:scenario>
        
    </x:scenario>
    
</x:description></x:document>
                </x:input></x:call>
                                                <x:context label="errors" id="errors">
                                                    
                                                </x:context>
                                            
                                                <x:expect type="count" label="the step should execute successfully without throwing any errors" max="0" contextref="errors"/>
                                            <x:context label="the junit output port" id="context5">
                <x:document xml:base="file:/home/jostein/xprocspec/src/main/resources/content/xml/xproc/report/report.xpl" xml:space="preserve" type="inline"><testsuites tests="6" failures="0" time="1.099" errors="0" name="scenario2"><testsuite timestamp="2013-09-05T14:00:32.026Z" hostname="localhost" tests="2" errors="0" failures="0" skipped="0" id="d16031e1" name="parentChild1" package="http://example.net/ns" time="0.008">
<properties>

<property name="option: option" value="option-value"/>
<property name="option: option.required" value="option.required-value"/>

</properties>
<testcase name="theStepShouldExecuteSuccessfullyWithoutThrowingAnyErrors" classname="identity" assertions="1" time="0" status="SUCCESS"><system-out>the step should execute successfully without throwing any errors: SUCCESS</system-out>
<system-err/></testcase><testcase name="theOptionOptionShouldHaveTheValueOptionvalue" classname="identity" assertions="1" time="0" status="SUCCESS"><system-out>the option 'option' should have the value 'option-value': SUCCESS</system-out>
<system-err/></testcase></testsuite><testsuite timestamp="2013-09-05T14:00:32.037Z" hostname="localhost" tests="2" errors="0" failures="0" skipped="0" id="d16039e1" name="parentChild2Child2A" package="http://example.net/ns" time="0.009">
<properties>

<property name="option: option" value="option-value"/>
<property name="option: option.required" value="option.required-value"/>

</properties>
<testcase name="theStepShouldExecuteSuccessfullyWithoutThrowingAnyErrors" classname="identity" assertions="1" time="0" status="SUCCESS"><system-out>the step should execute successfully without throwing any errors: SUCCESS</system-out>
<system-err/></testcase><testcase name="theOptionOptionShouldHaveTheValueOptionvalue" classname="identity" assertions="1" time="0" status="SUCCESS"><system-out>the option 'option' should have the value 'option-value': SUCCESS</system-out>
<system-err/></testcase></testsuite><testsuite timestamp="2013-09-05T14:00:32.048Z" hostname="localhost" tests="2" errors="0" failures="0" skipped="0" id="d16046e1" name="parentChild2Child2B" package="http://example.net/ns" time="0.009">
<properties>

<property name="option: option" value="option-value"/>
<property name="option: option.required" value="option.required-value"/>

</properties>
<testcase name="theStepShouldExecuteSuccessfullyWithoutThrowingAnyErrors" classname="identity" assertions="1" time="0" status="SUCCESS"><system-out>the step should execute successfully without throwing any errors: SUCCESS</system-out>
<system-err/></testcase><testcase name="theOptionOptionShouldHaveTheValueOptionvalue" classname="identity" assertions="1" time="0" status="SUCCESS"><system-out>the option 'option' should have the value 'option-value': SUCCESS</system-out>
<system-err/></testcase></testsuite></testsuites></x:document>
            </x:context><x:expect label="there should be at least one test, and none of the tests should fail" type="xpath" test="not(/*/@tests='0') and /*/@failures='0' and /*/@errors='0'" contextref="context5"/></x:scenario><x:output port="result"><x:document xml:base="file:/home/jostein/xprocspec/src/main/resources/content/xml/xproc/report/report.xpl" xml:space="preserve" type="inline"><x:test-report><x:description xml:base="file:/home/jostein/xprocspec/src/test/xprocspec/tests/scenario-2.xprocspec" test-base-uri="file:/home/jostein/xprocspec/src/test/xprocspec/tests/scenario-2.xprocspec" script="file:/home/jostein/xprocspec/src/test/xprocspec/steps/identity.xpl" test-grammar="xprocspec" temp-dir="file:/tmp/xprocspec-20130905160023007/xprocspec-20130905160031151/"><x:step-declaration><p:declare-step xmlns:p="http://www.w3.org/ns/xproc" xmlns:ex="http://example.net/ns" name="main" type="ex:identity" version="1.0" x:type="{http://example.net/ns}identity"><p:input port="source.document.primary" kind="document" primary="true" sequence="false"><p:inline>
            <source.document.primary.default/>
        </p:inline></p:input><p:input port="source.document.secondary.sequence" kind="document" sequence="true" primary="false"><p:inline>
            <source.document.secondary.sequence/>
        </p:inline></p:input><p:input select="/*/*" port="source.document.secondary.select-children" kind="document" sequence="true" primary="false"><p:inline>
            <default>
                <default/>
                <default/>
            </default>
        </p:inline></p:input><p:input port="source.parameter.primary.sequence" primary="true" kind="parameter" sequence="true"/><p:output port="result.document.primary" kind="document" primary="true" sequence="false"><p:pipe port="source.document.primary" step="main"/></p:output><p:output port="result.document.secondary.sequence" kind="document" sequence="true" primary="false"><p:pipe port="source.document.secondary.sequence" step="main"/></p:output><p:output port="result.document.secondary.select-children" kind="document" sequence="true" primary="false"><p:pipe port="source.document.secondary.select-children" step="main"/></p:output><p:output port="result.parameter.primary" kind="document" sequence="false" primary="false"><p:pipe port="result" step="parameters"/></p:output><p:output port="options" kind="document" sequence="false" primary="false"><p:pipe port="result" step="options"/></p:output><p:option name="option"/><p:option name="option.required" required="true"/><p:option name="option.default" select="'default'"/></p:declare-step></x:step-declaration><x:scenario xmlns:e="http://example.net/ns" end-time="2013-09-05T14:00:31.359Z" label="parent child 1" start-time="2013-09-05T14:00:31.351Z"><x:call x:type="{http://example.net/ns}identity" step="e:identity"><x:option select="'option-value'" name="option" value=""/><x:option select="'option.required-value'" name="option.required" value=""/></x:call>
                                                <x:context label="errors" id="errors">
                                                    
                                                </x:context>
                                            
                                                <x:expect type="count" label="the step should execute successfully without throwing any errors" max="0" contextref="errors"/>
                                            <x:context label="the results" id="context0">
                <x:document xml:base="file:/home/jostein/xprocspec/src/test/xprocspec/steps/identity.xpl" xml:space="preserve" type="inline">
                <c:options xmlns:ex="http://example.net/ns">
                    <c:option name="option" value="option-value"/>
                    <c:option name="option.required" value="option.required-value"/>
                    <c:option name="option.default" value="default"/>
                </c:options>
            </x:document>
            </x:context><x:expect type="xpath" label="the option 'option' should have the value 'option-value'" test="/*/*[@name='option']/@value='option-value'" contextref="context0"/></x:scenario><x:output port="result.document.primary"><x:document xml:base="file:/home/jostein/xprocspec/src/test/xprocspec/tests/scenario-2.xprocspec" xml:space="preserve" type="inline">
            <source.document.primary.default xmlns:ex="http://example.net/ns"/>
        </x:document></x:output><x:output port="result.document.secondary.sequence"><x:document xml:base="file:/home/jostein/xprocspec/src/test/xprocspec/steps/identity.xpl" xml:space="preserve" type="inline">
            <source.document.secondary.sequence xmlns:ex="http://example.net/ns"/>
        </x:document></x:output><x:output port="result.document.secondary.select-children"><x:document xml:base="file:/home/jostein/xprocspec/src/test/xprocspec/steps/identity.xpl" xml:space="preserve" type="inline"><default xmlns:ex="http://example.net/ns"/></x:document><x:document xml:base="file:/home/jostein/xprocspec/src/test/xprocspec/steps/identity.xpl" xml:space="preserve" type="inline"><default xmlns:ex="http://example.net/ns"/></x:document></x:output><x:output port="result.parameter.primary"><x:document xml:base="file:/home/jostein/xprocspec/src/test/xprocspec/steps/identity.xpl" xml:space="preserve" type="inline"><c:param-set/></x:document></x:output><x:output port="options"><x:document xml:base="file:/home/jostein/xprocspec/src/test/xprocspec/steps/identity.xpl" xml:space="preserve" type="inline">
                <c:options xmlns:ex="http://example.net/ns">
                    <c:option name="option" value="option-value"/>
                    <c:option name="option.required" value="option.required-value"/>
                    <c:option name="option.default" value="default"/>
                </c:options>
            </x:document></x:output><x:test-result contextref="errors" result="passed" max="0" label="the step should execute successfully without throwing any errors" type="count">
                                                        <x:expected>At most 0 documents.</x:expected>
                                                    <x:was>0</x:was></x:test-result><x:test-result contextref="context0" result="passed" test="/*/*[@name='option']/@value='option-value'" label="the option 'option' should have the value 'option-value'" type="xpath"><x:expected xml:space="preserve">XPath: true()
Value: true</x:expected><x:was xml:space="preserve">XPath: /*/*[@name='option']/@value='option-value'
Value: true</x:was></x:test-result></x:description><x:description xml:base="file:/home/jostein/xprocspec/src/test/xprocspec/tests/scenario-2.xprocspec" test-base-uri="file:/home/jostein/xprocspec/src/test/xprocspec/tests/scenario-2.xprocspec" script="file:/home/jostein/xprocspec/src/test/xprocspec/steps/identity.xpl" test-grammar="xprocspec" temp-dir="file:/tmp/xprocspec-20130905160023007/xprocspec-20130905160031151/"><x:step-declaration><p:declare-step xmlns:p="http://www.w3.org/ns/xproc" xmlns:ex="http://example.net/ns" name="main" type="ex:identity" version="1.0" x:type="{http://example.net/ns}identity"><p:input port="source.document.primary" kind="document" primary="true" sequence="false"><p:inline>
            <source.document.primary.default/>
        </p:inline></p:input><p:input port="source.document.secondary.sequence" kind="document" sequence="true" primary="false"><p:inline>
            <source.document.secondary.sequence/>
        </p:inline></p:input><p:input select="/*/*" port="source.document.secondary.select-children" kind="document" sequence="true" primary="false"><p:inline>
            <default>
                <default/>
                <default/>
            </default>
        </p:inline></p:input><p:input port="source.parameter.primary.sequence" primary="true" kind="parameter" sequence="true"/><p:output port="result.document.primary" kind="document" primary="true" sequence="false"><p:pipe port="source.document.primary" step="main"/></p:output><p:output port="result.document.secondary.sequence" kind="document" sequence="true" primary="false"><p:pipe port="source.document.secondary.sequence" step="main"/></p:output><p:output port="result.document.secondary.select-children" kind="document" sequence="true" primary="false"><p:pipe port="source.document.secondary.select-children" step="main"/></p:output><p:output port="result.parameter.primary" kind="document" sequence="false" primary="false"><p:pipe port="result" step="parameters"/></p:output><p:output port="options" kind="document" sequence="false" primary="false"><p:pipe port="result" step="options"/></p:output><p:option name="option"/><p:option name="option.required" required="true"/><p:option name="option.default" select="'default'"/></p:declare-step></x:step-declaration><x:scenario xmlns:e="http://example.net/ns" end-time="2013-09-05T14:00:31.433Z" label="parent child 2 child 2.a" start-time="2013-09-05T14:00:31.424Z"><x:call x:type="{http://example.net/ns}identity" step="e:identity"><x:option select="'option-value'" name="option" value=""/><x:option select="'option.required-value'" name="option.required" value=""/></x:call>
                                                <x:context label="errors" id="errors">
                                                    
                                                </x:context>
                                            
                                                <x:expect type="count" label="the step should execute successfully without throwing any errors" max="0" contextref="errors"/>
                                            <x:context label="the results" id="context1">
                    <x:document xml:base="file:/home/jostein/xprocspec/src/test/xprocspec/steps/identity.xpl" xml:space="preserve" type="inline">
                <c:options xmlns:ex="http://example.net/ns">
                    <c:option name="option" value="option-value"/>
                    <c:option name="option.required" value="option.required-value"/>
                    <c:option name="option.default" value="default"/>
                </c:options>
            </x:document>
                </x:context><x:expect type="xpath" label="the option 'option' should have the value 'option-value'" test="/*/*[@name='option']/@value='option-value'" contextref="context1"/></x:scenario><x:output port="result.document.primary"><x:document xml:base="file:/home/jostein/xprocspec/src/test/xprocspec/tests/scenario-2.xprocspec" xml:space="preserve" type="inline">
            <source.document.primary.default xmlns:ex="http://example.net/ns"/>
        </x:document></x:output><x:output port="result.document.secondary.sequence"><x:document xml:base="file:/home/jostein/xprocspec/src/test/xprocspec/steps/identity.xpl" xml:space="preserve" type="inline">
            <source.document.secondary.sequence xmlns:ex="http://example.net/ns"/>
        </x:document></x:output><x:output port="result.document.secondary.select-children"><x:document xml:base="file:/home/jostein/xprocspec/src/test/xprocspec/steps/identity.xpl" xml:space="preserve" type="inline"><default xmlns:ex="http://example.net/ns"/></x:document><x:document xml:base="file:/home/jostein/xprocspec/src/test/xprocspec/steps/identity.xpl" xml:space="preserve" type="inline"><default xmlns:ex="http://example.net/ns"/></x:document></x:output><x:output port="result.parameter.primary"><x:document xml:base="file:/home/jostein/xprocspec/src/test/xprocspec/steps/identity.xpl" xml:space="preserve" type="inline"><c:param-set/></x:document></x:output><x:output port="options"><x:document xml:base="file:/home/jostein/xprocspec/src/test/xprocspec/steps/identity.xpl" xml:space="preserve" type="inline">
                <c:options xmlns:ex="http://example.net/ns">
                    <c:option name="option" value="option-value"/>
                    <c:option name="option.required" value="option.required-value"/>
                    <c:option name="option.default" value="default"/>
                </c:options>
            </x:document></x:output><x:test-result contextref="errors" result="passed" max="0" label="the step should execute successfully without throwing any errors" type="count">
                                                        <x:expected>At most 0 documents.</x:expected>
                                                    <x:was>0</x:was></x:test-result><x:test-result contextref="context1" result="passed" test="/*/*[@name='option']/@value='option-value'" label="the option 'option' should have the value 'option-value'" type="xpath"><x:expected xml:space="preserve">XPath: true()
Value: true</x:expected><x:was xml:space="preserve">XPath: /*/*[@name='option']/@value='option-value'
Value: true</x:was></x:test-result></x:description><x:description xml:base="file:/home/jostein/xprocspec/src/test/xprocspec/tests/scenario-2.xprocspec" test-base-uri="file:/home/jostein/xprocspec/src/test/xprocspec/tests/scenario-2.xprocspec" script="file:/home/jostein/xprocspec/src/test/xprocspec/steps/identity.xpl" test-grammar="xprocspec" temp-dir="file:/tmp/xprocspec-20130905160023007/xprocspec-20130905160031151/"><x:step-declaration><p:declare-step xmlns:p="http://www.w3.org/ns/xproc" xmlns:ex="http://example.net/ns" name="main" type="ex:identity" version="1.0" x:type="{http://example.net/ns}identity"><p:input port="source.document.primary" kind="document" primary="true" sequence="false"><p:inline>
            <source.document.primary.default/>
        </p:inline></p:input><p:input port="source.document.secondary.sequence" kind="document" sequence="true" primary="false"><p:inline>
            <source.document.secondary.sequence/>
        </p:inline></p:input><p:input select="/*/*" port="source.document.secondary.select-children" kind="document" sequence="true" primary="false"><p:inline>
            <default>
                <default/>
                <default/>
            </default>
        </p:inline></p:input><p:input port="source.parameter.primary.sequence" primary="true" kind="parameter" sequence="true"/><p:output port="result.document.primary" kind="document" primary="true" sequence="false"><p:pipe port="source.document.primary" step="main"/></p:output><p:output port="result.document.secondary.sequence" kind="document" sequence="true" primary="false"><p:pipe port="source.document.secondary.sequence" step="main"/></p:output><p:output port="result.document.secondary.select-children" kind="document" sequence="true" primary="false"><p:pipe port="source.document.secondary.select-children" step="main"/></p:output><p:output port="result.parameter.primary" kind="document" sequence="false" primary="false"><p:pipe port="result" step="parameters"/></p:output><p:output port="options" kind="document" sequence="false" primary="false"><p:pipe port="result" step="options"/></p:output><p:option name="option"/><p:option name="option.required" required="true"/><p:option name="option.default" select="'default'"/></p:declare-step></x:step-declaration><x:scenario xmlns:e="http://example.net/ns" end-time="2013-09-05T14:00:31.503Z" label="parent child 2 child 2.b" start-time="2013-09-05T14:00:31.494Z"><x:call x:type="{http://example.net/ns}identity" step="e:identity"><x:option select="'option-value'" name="option" value=""/><x:option select="'option.required-value'" name="option.required" value=""/></x:call>
                                                <x:context label="errors" id="errors">
                                                    
                                                </x:context>
                                            
                                                <x:expect type="count" label="the step should execute successfully without throwing any errors" max="0" contextref="errors"/>
                                            <x:context label="the results" id="context2">
                    <x:document xml:base="file:/home/jostein/xprocspec/src/test/xprocspec/steps/identity.xpl" xml:space="preserve" type="inline">
                <c:options xmlns:ex="http://example.net/ns">
                    <c:option name="option" value="option-value"/>
                    <c:option name="option.required" value="option.required-value"/>
                    <c:option name="option.default" value="default"/>
                </c:options>
            </x:document>
                </x:context><x:expect type="xpath" label="the option 'option' should have the value 'option-value'" test="/*/*[@name='option']/@value='option-value'" contextref="context2"/></x:scenario><x:output port="result.document.primary"><x:document xml:base="file:/home/jostein/xprocspec/src/test/xprocspec/tests/scenario-2.xprocspec" xml:space="preserve" type="inline">
            <source.document.primary.default xmlns:ex="http://example.net/ns"/>
        </x:document></x:output><x:output port="result.document.secondary.sequence"><x:document xml:base="file:/home/jostein/xprocspec/src/test/xprocspec/steps/identity.xpl" xml:space="preserve" type="inline">
            <source.document.secondary.sequence xmlns:ex="http://example.net/ns"/>
        </x:document></x:output><x:output port="result.document.secondary.select-children"><x:document xml:base="file:/home/jostein/xprocspec/src/test/xprocspec/steps/identity.xpl" xml:space="preserve" type="inline"><default xmlns:ex="http://example.net/ns"/></x:document><x:document xml:base="file:/home/jostein/xprocspec/src/test/xprocspec/steps/identity.xpl" xml:space="preserve" type="inline"><default xmlns:ex="http://example.net/ns"/></x:document></x:output><x:output port="result.parameter.primary"><x:document xml:base="file:/home/jostein/xprocspec/src/test/xprocspec/steps/identity.xpl" xml:space="preserve" type="inline"><c:param-set/></x:document></x:output><x:output port="options"><x:document xml:base="file:/home/jostein/xprocspec/src/test/xprocspec/steps/identity.xpl" xml:space="preserve" type="inline">
                <c:options xmlns:ex="http://example.net/ns">
                    <c:option name="option" value="option-value"/>
                    <c:option name="option.required" value="option.required-value"/>
                    <c:option name="option.default" value="default"/>
                </c:options>
            </x:document></x:output><x:test-result contextref="errors" result="passed" max="0" label="the step should execute successfully without throwing any errors" type="count">
                                                        <x:expected>At most 0 documents.</x:expected>
                                                    <x:was>0</x:was></x:test-result><x:test-result contextref="context2" result="passed" test="/*/*[@name='option']/@value='option-value'" label="the option 'option' should have the value 'option-value'" type="xpath"><x:expected xml:space="preserve">XPath: true()
Value: true</x:expected><x:was xml:space="preserve">XPath: /*/*[@name='option']/@value='option-value'
Value: true</x:was></x:test-result></x:description></x:test-report></x:document></x:output><x:output port="html"><x:document xml:base="file:/home/jostein/xprocspec/src/main/resources/content/xml/xproc/report/report-template.xhtml" xml:space="preserve" type="inline"><html xmlns="http://www.w3.org/1999/xhtml"><head><title>Test Report for file:/home/jostein/xprocspec/src/test/xprocspec/tests/scenario-2.xprocspec (passed:6 / pending:0 / failed:0 / errors:0 / total:6)</title>
        <meta charset="utf-8"/>
        <style type="text/css" xml:space="preserve">/**/
/****************************************************************************/
/*  File:       test-report.css                                             */
/*  Author:     Jeni Tennsion                                               */
/*  URI:        http://xspec.googlecode.com/                                */
/*  Tags:                                                                   */
/*    Copyright (c) 2008, 2010 Jeni Tennsion (see end of file.)             */
/* ------------------------------------------------------------------------ */


/* test */

/* box model */

body {
	margin-right: 1em;
	/*margin-left: 10%;*/
	}

h1 {
	padding: 0.3em 0.5em 0.3em 0.5em;
	position: relative;
	}

h2 {
	padding: 0.1em 0.5em 0.2em 0.5em;
	}

h3 {
	padding-left: 0.6em;
	}

h4 {
	padding-left: 0.8em;
	}

p, table {
	/*margin-left: 5%;*/
	}

dd ul, dd ol {
	margin-left: 0%;
	}

li ul, li ol {
	/*margin-left: 5%;*/
	}

dl, ul, ol, blockquote {
	/*margin-left: 10%;*/
	}

dt {
  padding-top: 3px;
  padding-bottom: 3px;
	clear: both;
	}

dd p {
	/*margin-left: -5px;*/
	margin-top: 5px;
	clear: both;
	}

p.link {
	margin-top: 4px;
	margin-bottom: 0px;
	clear: both;
	}

tr td, td p, li, li p {
	margin-left: 0%;
	}

td:nth-child(2) {
	padding-left: 5%;
	}

.link img, dt img {
	vertical-align: middle;
	position: relative;
	top: -5px;
	}

img {
	position: relative;
	}

#xml-link {
	position: absolute;
	left: 5px;
	top: 5px;
	width: 10%;
	margin-left: 0%;
	}

#link-up {
	position: absolute;
	left: 93%;
	right: 2em;
	top: 0.3em;
	}

#link-top {
	position: absolute;
	left: 89%;
	right: 4em;
	top: 0.3em;
	}
	
.popup {
	display: block;
	visibility: hidden;
	float: right;
	position: absolute;
	top: 5px;
	left: -200px;
	z-index: 1;
	padding: 0.3em;
	width: 220px;
	}

.note {
	position: relative;
	}

.post {
	/*margin-left: 5%;*/
	padding-top: 1em;
	}
	
.example, .sidebar {
  /*margin-left: 5%;*/
  margin-top: 1em;
  margin-bottom: 1em;
  }

/*pre {
	padding-left: 5%;
	margin-left: 5%;
	}*/

/*dd pre, li pre {
	padding-left: 5%;
	}*/

/* fonts */
/* Oxygen  */
body, table {
    font-family:arial, helvetica, sans-serif;
    font-size:12px;
}
/* Oxygen  */

/*body {
	font-family: Verdana, arial, sans-serif;
	font-size: small;
	}*/	

/*h1, h2, h3, h4, h5, h6 {
	font-family: 'trebuchet MS', arial, sans-serif;
	}*/

h1 {
	font-size: 173%;
	font-weight: bold;
	}

h2 {
	font-size: 144%;
	font-weight: normal;
	}

h3 {
	font-size: 120%;
	font-weight: normal;
	}

h4 {
  font-size: 100%;
  font-weight: bold;
}

dt {
	font-weight: bold;
	}

a:link, a:visited, a:active, a:hover {
	font-weight: bold;
	}

a.offsite:link, a.offsite:visited, a.offsite:active, a.offsite:hover {
	font-weight: normal;
	}

/* suppress the normal italics */
address {
	font-style: normal;
	}

div.example, .sidebar {
  font-family: Verdana, arial, sans-serif;
  font-size: 100%;
  }


.note, .link {
	font-family: Verdana, arial, sans-serif;
	/*font-size: 83%;*/
	}

/*.example, .string, .rtf, .code, pre, code {
	font-family: "Lucida Console", "Courier New", monospace;*/
  /*font-size: 83%;*/
/*	}*/

.boolean {
	font-style: italic;
	}

#colophon, #xml-link {
	font-size: 69%;
	}

.question, .title {
	font-weight: bold;
	}

/* colours */
body {
	background-color: white;
	color: black;
	border: 0px none black;
	}

/* this is to make Navigator fill the entire line */
h1, h2 {
	border: 1px solid white;
	width: auto;
	}

h1 {
	/*background: #606;*/
	/*color: #6F6;*/
	}

h2 {
	color: #606;
	/*background: #CFC;*/
	}

hr {
	color: #606;
	background: white;
	}

img, a:link img, a:visited img, a:hover img, a:active img, #link-up img, #link-top img {
	border: 0px none white;
	background: transparent;
	}

/* OXYGEN */
a, a:visited {
    color:rgb(0, 0, 150);
    background-color:inherit;
    font-weight: bold;
}
a:link, a:visited {
    text-decoration:none; 
}
a:hover {
    text-decoration:underline;
}

/* OXYGEN */

a.img:hover, a.img:active {
	background: transparent;
	}

#colophon, #xml-link, .note {
	color: #666;
	}

#colophon a:link, #colophon a:visited, #colophon a:hover,
#xml-link a:link, #xml-link a:visited, #xml-link a:hover,
.note a:link, .note a:visited, .note a:hover {
	color: #969;
	background: transparent;
	}

#colophon a:hover, #xml-link a:hover, .note a:hover {
	background: #CFC;
	color: #969;
	}

.popup {
	background: white;
	border: 1px solid #606;
	}

.post {
	border-top: 2px solid #606;
	}
	
.example {
  border-top: 2px solid #606;
  border-bottom: 2px solid #606;
  }
  
.sidebar {
  border-top: 2px solid #090;
  border-bottom: 2px solid #090;
  }
  
.rng {
  border-left: 2px solid #666;
  }

.same {
  background-color: rgb(206, 239, 174);
}

.diff {
  background-color: #FCC;
}

.whitespace {
	font-style: italic;
	color: #999;
	background: white;
}

.ignored {
  font-style: italic;
  color: #999;
  background: white;
}

.hit {
}

.missed {
  background-color: #A33;
  color: white;
}

/* text */
ol ol li {
	list-style: lower-alpha;
	}

th {
	text-align: left;
	}

td {
	vertical-align: top;
	}

h1 {
	text-transform: uppercase;
	}

h2, h3 {
	/*text-transform: capitalize;*/
	}

.question {
	text-indent: -33px;
	}

.byline {
	text-align: right;
	}

#link-top, #link-up {
	text-align: right;
	}

a {
	text-decoration: none;
	}

table { width: 85%;
        /* border: collapse; */ }

th { text-align: left; }

.xspec tbody th { font-weight: normal; /*font-size: 0.8em;*/ border-top: 1px #666 solid; }
.xspec tbody td { /*font-size: 0.8em;*/ color: #666; }

.successful.label th, .successful.label td { background-color: #CFC; }
.pending.label th, .pending.label td { background-color: #DDD; color: #666; }
.failed.label th, .failed.label td { background-color: #FCC; }
.error.label th, .error.label td { background-color: #FAA; }
/*body &gt; table tbody .failed.label th:first-child:before {content:url(data:image/png;base64,iVBORw0KGgoAAAANSUhEUgAAAAwAAAAMCAYAAABWdVznAAAAGXRFWHRTb2Z0d2FyZQBBZG9iZSBJbWFnZVJlYWR5ccllPAAAA2ZpVFh0WE1MOmNvbS5hZG9iZS54bXAAAAAAADw/eHBhY2tldCBiZWdpbj0i77u/IiBpZD0iVzVNME1wQ2VoaUh6cmVTek5UY3prYzlkIj8+IDx4OnhtcG1ldGEgeG1sbnM6eD0iYWRvYmU6bnM6bWV0YS8iIHg6eG1wdGs9IkFkb2JlIFhNUCBDb3JlIDUuMy1jMDExIDY2LjE0NTY2MSwgMjAxMi8wMi8wNi0xNDo1NjoyNyAgICAgICAgIj4gPHJkZjpSREYgeG1sbnM6cmRmPSJodHRwOi8vd3d3LnczLm9yZy8xOTk5LzAyLzIyLXJkZi1zeW50YXgtbnMjIj4gPHJkZjpEZXNjcmlwdGlvbiByZGY6YWJvdXQ9IiIgeG1sbnM6eG1wTU09Imh0dHA6Ly9ucy5hZG9iZS5jb20veGFwLzEuMC9tbS8iIHhtbG5zOnN0UmVmPSJodHRwOi8vbnMuYWRvYmUuY29tL3hhcC8xLjAvc1R5cGUvUmVzb3VyY2VSZWYjIiB4bWxuczp4bXA9Imh0dHA6Ly9ucy5hZG9iZS5jb20veGFwLzEuMC8iIHhtcE1NOk9yaWdpbmFsRG9jdW1lbnRJRD0ieG1wLmRpZDpCQjU0NjU4QjIyQTNFMTExQkI5Rjk5QkQ4RkQ5RUJFQiIgeG1wTU06RG9jdW1lbnRJRD0ieG1wLmRpZDpEQTUyOTdBQUEzRDUxMUUxQTQwN0YzMUI0Nzg3NDU1RSIgeG1wTU06SW5zdGFuY2VJRD0ieG1wLmlpZDpEQTUyOTdBOUEzRDUxMUUxQTQwN0YzMUI0Nzg3NDU1RSIgeG1wOkNyZWF0b3JUb29sPSJBZG9iZSBQaG90b3Nob3AgQ1M2IChXaW5kb3dzKSI+IDx4bXBNTTpEZXJpdmVkRnJvbSBzdFJlZjppbnN0YW5jZUlEPSJ4bXAuaWlkOjQ4MTZDRTNCRDVBM0UxMTFBQTI2QTBCMjZENzg1Qzg5IiBzdFJlZjpkb2N1bWVudElEPSJ4bXAuZGlkOkJCNTQ2NThCMjJBM0UxMTFCQjlGOTlCRDhGRDlFQkVCIi8+IDwvcmRmOkRlc2NyaXB0aW9uPiA8L3JkZjpSREY+IDwveDp4bXBtZXRhPiA8P3hwYWNrZXQgZW5kPSJyIj8+aHNJrgAAAZ1JREFUeNpsUssrRGEU/907985YMDPNYlh4hbKZPMdgR3aysrGSSFIeKyUKpewoRTYkmcgCf4MsMI2FPDYGKeUZSoru4/uc82VC+W7fOeee+zvn/M45V1uuyCmVwDogq0hDklD6jy1dspNkdxokVrIzPFUh0/MD5OdXoJDwPFtu3d2ns6TTp9oggTlFZlmN0o4AHMmXfJGo0lmGzoE1OgmNHf5YA8rmN5HfM6wADmUuHphA9cIW/JX1yiek9DIlyijxkNjBzXYche19gNcHzfShoLUdVxtLuD/cYzCoMAzCwqYrhMDx9Chs20JRWzf4nMcXcDI3pYAqQHIAtWUJbpKursMMhpA+RiAEGzpc4X5XkDB4GjaHmiZik/PIa2rBEWVlSuW9Q+T3YndskBi46QpQFcLltchtbEZyZhxna4uKhmV9Ito/gtPNOG4P99WItdlIWARNXWOAv6AEr9cplel7/ggUleDlMqUSvNnCobHKxDsNnqs8XaWUZopp/XhxTkOR+HDVOveYUge9rNLyY9SU9v+vwXuUB2R0fQkwABfn/VKSjTLBAAAAAElFTkSuQmCC) " "}*/
/*body &gt; table tbody .error.label th:first-child:before {content:url(data:image/png;base64,iVBORw0KGgoAAAANSUhEUgAAAAwAAAAMCAYAAABWdVznAAAABmJLR0QAAAAAAAD5Q7t/AAAACXBIWXMAAAsTAAALEwEAmpwYAAAAB3RJTUUH3QcKER4AdkxvvQAAAdVJREFUKM89kM9KG0EAh7/JTHazZInEQwJ68KIWLx6Etj6EjxAobYSsD+BjCJ682EOp0FMueYmS0FMICF4i6tFNzJ/dyRh2Znoo6Xf+Pn7wEzc3Nx/W6/UvY8xJnudkWYa1Fu893nviOCaKIhuG4R/v/Ve1Xq9/bG1tnezs7JDnOVpr3t/fcc4hpaRSqVCpVORqtTp9e3v7rrTWn5vNJpPJhHK5zHg8JssyvPeEYcjR0RFpmlKr1ZjP5x9Li8VCbOR2u83BwQEvLy88PT1xfHzMxcUFQgjSNCXLskDlec5sNuPx8REpJZ1Oh+fnZ4QQnJ+fc319Tb/fZ29vD601SmvNdDplsVhwe3vLaDTi6uoKgCRJGAwGNBoNXl9fMcZQcs5hjGG1WpHnObVajQ3VahWtNcYYjDE451Cb+7z3JElCkiScnZ0hpaTX67G7u0u328V7/y+oVqsIITg8PKTT6dBqtRgOhzjnaLVa3N3dcX9/z3K5JI5jxOXlpSuKQqRpirWWh4eH//Plcpn9/X2cc2xvb1MqlQqllBpYa0/jOGYymdBsNsmyDOccURRRFAX1eh2lFGEY/lZBEHyx1v703n8KgkBEUYSUEu/9RkIIUQRB0A/D8NtflUT+nn4OS+0AAAAASUVORK5CYII=) " "}*/
.failed.label th:first-child:before, .failed.label td:first-child:before {content:url(data:image/png;base64,iVBORw0KGgoAAAANSUhEUgAAAAwAAAAMCAYAAABWdVznAAAAGXRFWHRTb2Z0d2FyZQBBZG9iZSBJbWFnZVJlYWR5ccllPAAAA2ZpVFh0WE1MOmNvbS5hZG9iZS54bXAAAAAAADw/eHBhY2tldCBiZWdpbj0i77u/IiBpZD0iVzVNME1wQ2VoaUh6cmVTek5UY3prYzlkIj8+IDx4OnhtcG1ldGEgeG1sbnM6eD0iYWRvYmU6bnM6bWV0YS8iIHg6eG1wdGs9IkFkb2JlIFhNUCBDb3JlIDUuMy1jMDExIDY2LjE0NTY2MSwgMjAxMi8wMi8wNi0xNDo1NjoyNyAgICAgICAgIj4gPHJkZjpSREYgeG1sbnM6cmRmPSJodHRwOi8vd3d3LnczLm9yZy8xOTk5LzAyLzIyLXJkZi1zeW50YXgtbnMjIj4gPHJkZjpEZXNjcmlwdGlvbiByZGY6YWJvdXQ9IiIgeG1sbnM6eG1wTU09Imh0dHA6Ly9ucy5hZG9iZS5jb20veGFwLzEuMC9tbS8iIHhtbG5zOnN0UmVmPSJodHRwOi8vbnMuYWRvYmUuY29tL3hhcC8xLjAvc1R5cGUvUmVzb3VyY2VSZWYjIiB4bWxuczp4bXA9Imh0dHA6Ly9ucy5hZG9iZS5jb20veGFwLzEuMC8iIHhtcE1NOk9yaWdpbmFsRG9jdW1lbnRJRD0ieG1wLmRpZDpCQjU0NjU4QjIyQTNFMTExQkI5Rjk5QkQ4RkQ5RUJFQiIgeG1wTU06RG9jdW1lbnRJRD0ieG1wLmRpZDpEQTUyOTdBQUEzRDUxMUUxQTQwN0YzMUI0Nzg3NDU1RSIgeG1wTU06SW5zdGFuY2VJRD0ieG1wLmlpZDpEQTUyOTdBOUEzRDUxMUUxQTQwN0YzMUI0Nzg3NDU1RSIgeG1wOkNyZWF0b3JUb29sPSJBZG9iZSBQaG90b3Nob3AgQ1M2IChXaW5kb3dzKSI+IDx4bXBNTTpEZXJpdmVkRnJvbSBzdFJlZjppbnN0YW5jZUlEPSJ4bXAuaWlkOjQ4MTZDRTNCRDVBM0UxMTFBQTI2QTBCMjZENzg1Qzg5IiBzdFJlZjpkb2N1bWVudElEPSJ4bXAuZGlkOkJCNTQ2NThCMjJBM0UxMTFCQjlGOTlCRDhGRDlFQkVCIi8+IDwvcmRmOkRlc2NyaXB0aW9uPiA8L3JkZjpSREY+IDwveDp4bXBtZXRhPiA8P3hwYWNrZXQgZW5kPSJyIj8+aHNJrgAAAZ1JREFUeNpsUssrRGEU/907985YMDPNYlh4hbKZPMdgR3aysrGSSFIeKyUKpewoRTYkmcgCf4MsMI2FPDYGKeUZSoru4/uc82VC+W7fOeee+zvn/M45V1uuyCmVwDogq0hDklD6jy1dspNkdxokVrIzPFUh0/MD5OdXoJDwPFtu3d2ns6TTp9oggTlFZlmN0o4AHMmXfJGo0lmGzoE1OgmNHf5YA8rmN5HfM6wADmUuHphA9cIW/JX1yiek9DIlyijxkNjBzXYche19gNcHzfShoLUdVxtLuD/cYzCoMAzCwqYrhMDx9Chs20JRWzf4nMcXcDI3pYAqQHIAtWUJbpKursMMhpA+RiAEGzpc4X5XkDB4GjaHmiZik/PIa2rBEWVlSuW9Q+T3YndskBi46QpQFcLltchtbEZyZhxna4uKhmV9Ito/gtPNOG4P99WItdlIWARNXWOAv6AEr9cplel7/ggUleDlMqUSvNnCobHKxDsNnqs8XaWUZopp/XhxTkOR+HDVOveYUge9rNLyY9SU9v+vwXuUB2R0fQkwABfn/VKSjTLBAAAAAElFTkSuQmCC) " "}
.error.label th:first-child:before, .error.label td:first-child:before {content:url(data:image/png;base64,iVBORw0KGgoAAAANSUhEUgAAAAwAAAAMCAYAAABWdVznAAAABmJLR0QAAAAAAAD5Q7t/AAAACXBIWXMAAAsTAAALEwEAmpwYAAAAB3RJTUUH3QcKER4AdkxvvQAAAdVJREFUKM89kM9KG0EAh7/JTHazZInEQwJ68KIWLx6Etj6EjxAobYSsD+BjCJ682EOp0FMueYmS0FMICF4i6tFNzJ/dyRh2Znoo6Xf+Pn7wEzc3Nx/W6/UvY8xJnudkWYa1Fu893nviOCaKIhuG4R/v/Ve1Xq9/bG1tnezs7JDnOVpr3t/fcc4hpaRSqVCpVORqtTp9e3v7rrTWn5vNJpPJhHK5zHg8JssyvPeEYcjR0RFpmlKr1ZjP5x9Li8VCbOR2u83BwQEvLy88PT1xfHzMxcUFQgjSNCXLskDlec5sNuPx8REpJZ1Oh+fnZ4QQnJ+fc319Tb/fZ29vD601SmvNdDplsVhwe3vLaDTi6uoKgCRJGAwGNBoNXl9fMcZQcs5hjGG1WpHnObVajQ3VahWtNcYYjDE451Cb+7z3JElCkiScnZ0hpaTX67G7u0u328V7/y+oVqsIITg8PKTT6dBqtRgOhzjnaLVa3N3dcX9/z3K5JI5jxOXlpSuKQqRpirWWh4eH//Plcpn9/X2cc2xvb1MqlQqllBpYa0/jOGYymdBsNsmyDOccURRRFAX1eh2lFGEY/lZBEHyx1v703n8KgkBEUYSUEu/9RkIIUQRB0A/D8NtflUT+nn4OS+0AAAAASUVORK5CYII=) " "}
.pending.label th:first-child:before, .pending.label td:first-child:before {content:url(data:image/png;base64,iVBORw0KGgoAAAANSUhEUgAAAAwAAAAMCAYAAABWdVznAAAAGXRFWHRTb2Z0d2FyZQBBZG9iZSBJbWFnZVJlYWR5ccllPAAAA2ZpVFh0WE1MOmNvbS5hZG9iZS54bXAAAAAAADw/eHBhY2tldCBiZWdpbj0i77u/IiBpZD0iVzVNME1wQ2VoaUh6cmVTek5UY3prYzlkIj8+IDx4OnhtcG1ldGEgeG1sbnM6eD0iYWRvYmU6bnM6bWV0YS8iIHg6eG1wdGs9IkFkb2JlIFhNUCBDb3JlIDUuMy1jMDExIDY2LjE0NTY2MSwgMjAxMi8wMi8wNi0xNDo1NjoyNyAgICAgICAgIj4gPHJkZjpSREYgeG1sbnM6cmRmPSJodHRwOi8vd3d3LnczLm9yZy8xOTk5LzAyLzIyLXJkZi1zeW50YXgtbnMjIj4gPHJkZjpEZXNjcmlwdGlvbiByZGY6YWJvdXQ9IiIgeG1sbnM6eG1wTU09Imh0dHA6Ly9ucy5hZG9iZS5jb20veGFwLzEuMC9tbS8iIHhtbG5zOnN0UmVmPSJodHRwOi8vbnMuYWRvYmUuY29tL3hhcC8xLjAvc1R5cGUvUmVzb3VyY2VSZWYjIiB4bWxuczp4bXA9Imh0dHA6Ly9ucy5hZG9iZS5jb20veGFwLzEuMC8iIHhtcE1NOk9yaWdpbmFsRG9jdW1lbnRJRD0ieG1wLmRpZDpCQjU0NjU4QjIyQTNFMTExQkI5Rjk5QkQ4RkQ5RUJFQiIgeG1wTU06RG9jdW1lbnRJRD0ieG1wLmRpZDpDODdDM0Y0QUEzRDUxMUUxQjk5N0MzQjVFRDMyQUE1MiIgeG1wTU06SW5zdGFuY2VJRD0ieG1wLmlpZDpDODdDM0Y0OUEzRDUxMUUxQjk5N0MzQjVFRDMyQUE1MiIgeG1wOkNyZWF0b3JUb29sPSJBZG9iZSBQaG90b3Nob3AgQ1M2IChXaW5kb3dzKSI+IDx4bXBNTTpEZXJpdmVkRnJvbSBzdFJlZjppbnN0YW5jZUlEPSJ4bXAuaWlkOjQ4MTZDRTNCRDVBM0UxMTFBQTI2QTBCMjZENzg1Qzg5IiBzdFJlZjpkb2N1bWVudElEPSJ4bXAuZGlkOkJCNTQ2NThCMjJBM0UxMTFCQjlGOTlCRDhGRDlFQkVCIi8+IDwvcmRmOkRlc2NyaXB0aW9uPiA8L3JkZjpSREY+IDwveDp4bXBtZXRhPiA8P3hwYWNrZXQgZW5kPSJyIj8+yj6RYgAAAPZJREFUeNp0kM8KgkAQxmc1E0Wfo3vQn5eRSDx4EUHwbTpEhx4lil7DiydBQUFXp5nAMNsGhpnd/X77za4Iw3CFiFcAWFMFDkXtKZ/UHhfUnB3HWdu2/REpAL2u631ZlicGdpZlwTAMSmBM0zS5bhgQLB5FU3AOUS4XvNn3vVKgAACCIMA0TbFpGsyyDJMkefdFUWAcx1hVFeZ5jlEUoed5qPEI7KDrOhiG8e6llNC27Zcz77FW+L6Pruv+WKtGIzfgR39umv/UHOJgAMlO/BPOXCQDD5p3r2ma8lvHNU9BcWPg0HXdhRZbOhRT8aSXVO9U/ZcAAwAsmjsSQcM0lwAAAABJRU5ErkJggg==) " ";}
.successful.label th:first-child:before, .successful.label td:first-child:before {content:url(data:image/png;base64,iVBORw0KGgoAAAANSUhEUgAAAAwAAAAMCAYAAABWdVznAAAAGXRFWHRTb2Z0d2FyZQBBZG9iZSBJbWFnZVJlYWR5ccllPAAAA2ZpVFh0WE1MOmNvbS5hZG9iZS54bXAAAAAAADw/eHBhY2tldCBiZWdpbj0i77u/IiBpZD0iVzVNME1wQ2VoaUh6cmVTek5UY3prYzlkIj8+IDx4OnhtcG1ldGEgeG1sbnM6eD0iYWRvYmU6bnM6bWV0YS8iIHg6eG1wdGs9IkFkb2JlIFhNUCBDb3JlIDUuMy1jMDExIDY2LjE0NTY2MSwgMjAxMi8wMi8wNi0xNDo1NjoyNyAgICAgICAgIj4gPHJkZjpSREYgeG1sbnM6cmRmPSJodHRwOi8vd3d3LnczLm9yZy8xOTk5LzAyLzIyLXJkZi1zeW50YXgtbnMjIj4gPHJkZjpEZXNjcmlwdGlvbiByZGY6YWJvdXQ9IiIgeG1sbnM6eG1wTU09Imh0dHA6Ly9ucy5hZG9iZS5jb20veGFwLzEuMC9tbS8iIHhtbG5zOnN0UmVmPSJodHRwOi8vbnMuYWRvYmUuY29tL3hhcC8xLjAvc1R5cGUvUmVzb3VyY2VSZWYjIiB4bWxuczp4bXA9Imh0dHA6Ly9ucy5hZG9iZS5jb20veGFwLzEuMC8iIHhtcE1NOk9yaWdpbmFsRG9jdW1lbnRJRD0ieG1wLmRpZDpCQjU0NjU4QjIyQTNFMTExQkI5Rjk5QkQ4RkQ5RUJFQiIgeG1wTU06RG9jdW1lbnRJRD0ieG1wLmRpZDpEMDVBNThBQUEzRDUxMUUxQjdCQkM2QUNBMTNBMDExNiIgeG1wTU06SW5zdGFuY2VJRD0ieG1wLmlpZDpEMDVBNThBOUEzRDUxMUUxQjdCQkM2QUNBMTNBMDExNiIgeG1wOkNyZWF0b3JUb29sPSJBZG9iZSBQaG90b3Nob3AgQ1M2IChXaW5kb3dzKSI+IDx4bXBNTTpEZXJpdmVkRnJvbSBzdFJlZjppbnN0YW5jZUlEPSJ4bXAuaWlkOjQ4MTZDRTNCRDVBM0UxMTFBQTI2QTBCMjZENzg1Qzg5IiBzdFJlZjpkb2N1bWVudElEPSJ4bXAuZGlkOkJCNTQ2NThCMjJBM0UxMTFCQjlGOTlCRDhGRDlFQkVCIi8+IDwvcmRmOkRlc2NyaXB0aW9uPiA8L3JkZjpSREY+IDwveDp4bXBtZXRhPiA8P3hwYWNrZXQgZW5kPSJyIj8+xJ3YrgAAAYBJREFUeNpsUrtKA1EQPZtdY4gEQiD4QCsLEVGX4CP4AykEq1hYiGghCDZ+gBZWVtrZ+EAjaGOhfoAkNiaKhYWICilMEQNqoYjZ5O4d5+6ucQuLM3funDNzD7OrLe229YBwSKAEnyAP/pyIbL5fcz5rcNiLtuqJSEz3ickn5ruE/vFmJ9/LYjvAldGWqA7bJkgPtoAHQrS5G6NdiwhFWCoxHOCgKUL+iurkCBVawyamE8d4qmSZ51clBZUlh+RG14JzEsJNcaTNLVwWd1B6vXXqkmGoYNeVUPnW3JNr4+YarPoncvebEAKNekAlokaY6N/A1NA+SBgY6Eijtz2Fs5sVWNWawysorWNJsO+q9QWzaxLTYwfojA3isZzDfSnrWvTsNiyp7pOrZURC7ejrTDEpcVpY9ab+NSioLZEiapZA5nwBxZcC8g9HeK7ccYM7TDnwmoU2vx6/NIJaUjc0b0u8YvJNle5HdJvlhbI0Y31ThqsjTGr0/+8hOOQ5nfsRYACtHiy+FDd82wAAAABJRU5ErkJggg==) " "}
/*.successful.label a:before {content:url(data:image/png;base64,iVBORw0KGgoAAAANSUhEUgAAAAwAAAAMCAYAAABWdVznAAAAGXRFWHRTb2Z0d2FyZQBBZG9iZSBJbWFnZVJlYWR5ccllPAAAA2ZpVFh0WE1MOmNvbS5hZG9iZS54bXAAAAAAADw/eHBhY2tldCBiZWdpbj0i77u/IiBpZD0iVzVNME1wQ2VoaUh6cmVTek5UY3prYzlkIj8+IDx4OnhtcG1ldGEgeG1sbnM6eD0iYWRvYmU6bnM6bWV0YS8iIHg6eG1wdGs9IkFkb2JlIFhNUCBDb3JlIDUuMy1jMDExIDY2LjE0NTY2MSwgMjAxMi8wMi8wNi0xNDo1NjoyNyAgICAgICAgIj4gPHJkZjpSREYgeG1sbnM6cmRmPSJodHRwOi8vd3d3LnczLm9yZy8xOTk5LzAyLzIyLXJkZi1zeW50YXgtbnMjIj4gPHJkZjpEZXNjcmlwdGlvbiByZGY6YWJvdXQ9IiIgeG1sbnM6eG1wTU09Imh0dHA6Ly9ucy5hZG9iZS5jb20veGFwLzEuMC9tbS8iIHhtbG5zOnN0UmVmPSJodHRwOi8vbnMuYWRvYmUuY29tL3hhcC8xLjAvc1R5cGUvUmVzb3VyY2VSZWYjIiB4bWxuczp4bXA9Imh0dHA6Ly9ucy5hZG9iZS5jb20veGFwLzEuMC8iIHhtcE1NOk9yaWdpbmFsRG9jdW1lbnRJRD0ieG1wLmRpZDpCQjU0NjU4QjIyQTNFMTExQkI5Rjk5QkQ4RkQ5RUJFQiIgeG1wTU06RG9jdW1lbnRJRD0ieG1wLmRpZDpEMDVBNThBQUEzRDUxMUUxQjdCQkM2QUNBMTNBMDExNiIgeG1wTU06SW5zdGFuY2VJRD0ieG1wLmlpZDpEMDVBNThBOUEzRDUxMUUxQjdCQkM2QUNBMTNBMDExNiIgeG1wOkNyZWF0b3JUb29sPSJBZG9iZSBQaG90b3Nob3AgQ1M2IChXaW5kb3dzKSI+IDx4bXBNTTpEZXJpdmVkRnJvbSBzdFJlZjppbnN0YW5jZUlEPSJ4bXAuaWlkOjQ4MTZDRTNCRDVBM0UxMTFBQTI2QTBCMjZENzg1Qzg5IiBzdFJlZjpkb2N1bWVudElEPSJ4bXAuZGlkOkJCNTQ2NThCMjJBM0UxMTFCQjlGOTlCRDhGRDlFQkVCIi8+IDwvcmRmOkRlc2NyaXB0aW9uPiA8L3JkZjpSREY+IDwveDp4bXBtZXRhPiA8P3hwYWNrZXQgZW5kPSJyIj8+xJ3YrgAAAYBJREFUeNpsUrtKA1EQPZtdY4gEQiD4QCsLEVGX4CP4AykEq1hYiGghCDZ+gBZWVtrZ+EAjaGOhfoAkNiaKhYWICilMEQNqoYjZ5O4d5+6ucQuLM3funDNzD7OrLe229YBwSKAEnyAP/pyIbL5fcz5rcNiLtuqJSEz3ickn5ruE/vFmJ9/LYjvAldGWqA7bJkgPtoAHQrS5G6NdiwhFWCoxHOCgKUL+iurkCBVawyamE8d4qmSZ51clBZUlh+RG14JzEsJNcaTNLVwWd1B6vXXqkmGoYNeVUPnW3JNr4+YarPoncvebEAKNekAlokaY6N/A1NA+SBgY6Eijtz2Fs5sVWNWawysorWNJsO+q9QWzaxLTYwfojA3isZzDfSnrWvTsNiyp7pOrZURC7ejrTDEpcVpY9ab+NSioLZEiapZA5nwBxZcC8g9HeK7ccYM7TDnwmoU2vx6/NIJaUjc0b0u8YvJNle5HdJvlhbI0Y31ThqsjTGr0/+8hOOQ5nfsRYACtHiy+FDd82wAAAABJRU5ErkJggg==) " "}*/

.xspecResult { width: 90%; table-layout: fixed; }

.xspecResult td,
.xspecResult th { width: 50%; }

/*.xspecResult pre { 
  margin-left: 0; 
  padding: 0.5em; 
  overflow: auto; 
  border: 1px #999 dotted;
}*/

span.scenario-totals {float: right; width: 14.5%; text-align: left}

/* OXYGEN */
span.scenario-totals {float: right; width: 34.5%; text-align: right}

h2.failed {
    background-color: #FCC;
}

h1, h2 {
    width: 86%;
    /*margin-left: 3%;*/
    
    font-size:1.4em;
    font-weight:bold;
    text-align:left;
    margin-top:1.4em;
    margin-bottom:0.7em;
    color:#333333;
    background-color:inherit;
}

h1 {
    font-size:1.7em;
}

body &gt; h1:first-child:before {
    content:"XSLT UNIT ";
}

body &gt; h2:first-of-type {
    font-size:1.7em;
}

div &gt; table &gt; tbody &gt; tr &gt; th:first-child {
    font-weight:bold;
}

div &gt; h3 {
    font-weight:bold;
    /*margin-left: 3%;*/
}

div &gt; h4 {
    font-weight:normal;
    /*margin-left: 4%;*/
}

th.result { text-align: center; }
/* OXYGEN */


/* ------------------------------------------------------------------------ */
/*  DO NOT ALTER OR REMOVE COPYRIGHT NOTICES OR THIS COMMENT.               */
/*                                                                          */
/*  Copyright (c) 2008, 2010 Jeni Tennsion                                  */
/*                                                                          */
/*  The contents of this file are subject to the MIT License (see the URI   */
/*  http://www.opensource.org/licenses/mit-license.php for details).        */
/*                                                                          */
/*  Permission is hereby granted, free of charge, to any person obtaining   */
/*  a copy of this software and associated documentation files (the         */
/*  "Software"), to deal in the Software without restriction, including     */
/*  without limitation the rights to use, copy, modify, merge, publish,     */
/*  distribute, sublicense, and/or sell copies of the Software, and to      */
/*  permit persons to whom the Software is furnished to do so, subject to   */
/*  the following conditions:                                               */
/*                                                                          */
/*  The above copyright notice and this permission notice shall be          */
/*  included in all copies or substantial portions of the Software.         */
/*                                                                          */
/*  THE SOFTWARE IS PROVIDED "AS IS", WITHOUT WARRANTY OF ANY KIND,         */
/*  EXPRESS OR IMPLIED, INCLUDING BUT NOT LIMITED TO THE WARRANTIES OF      */
/*  MERCHANTABILITY, FITNESS FOR A PARTICULAR PURPOSE AND NONINFRINGEMENT.  */
/*  IN NO EVENT SHALL THE AUTHORS OR COPYRIGHT HOLDERS BE LIABLE FOR ANY    */
/*  CLAIM, DAMAGES OR OTHER LIABILITY, WHETHER IN AN ACTION OF CONTRACT,    */
/*  TORT OR OTHERWISE, ARISING FROM, OUT OF OR IN CONNECTION WITH THE       */
/*  SOFTWARE OR THE USE OR OTHER DEALINGS IN THE SOFTWARE.                  */
/* ------------------------------------------------------------------------ */

.nobr { white-space: nowrap; }
.scenario-label { text-indent: 0px; }
.context-label { text-indent: 10px; }
.test-label { text-indent: 20px; }
.pending-label { text-indent: 30px; }


        /**/</style>
    </head><body><h1>Test Report</h1><p>Script: <a href="file:/home/jostein/xprocspec/src/test/xprocspec/tests/scenario-2.xprocspec">file:/home/jostein/xprocspec/src/test/xprocspec/tests/scenario-2.xprocspec</a></p><p>Tested: 2013-09-05T16:00:32.152+02:00</p><h2>Contents</h2><table class="xspec"><col width="75%"/><col width="5%"/><col width="5%"/><col width="5%"/><col width="5%"/><col width="5%"/><thead><tr><th/><th class="result">passed:6</th><th class="result">pending:0</th><th class="result">failed:0</th><th class="result">errors:0</th><th class="result">total:6</th></tr></thead><tbody><tr class="successful label"><th><a href="#step1">ex:identity</a></th><th class="result">6</th><th class="result">0</th><th class="result">0</th><th class="result">0</th><th class="result">6</th></tr></tbody></table><div id="step1"><h2 class="successful">Calling: <a href="file:/home/jostein/xprocspec/src/test/xprocspec/steps/identity.xpl">ex:identity</a><span class="scenario-totals">passed:6 / pending:0 /
                                        failed:0 / errors:0 / total:6</span></h2><table class="xspec"><col width="80%"/><col width="20%"/><tbody><tr class="successful label"><th class="scenario-label">parent child 1</th><th class="nobr">passed:2 / pending:0 / failed:0 / errors:0 / total:2</th></tr><tr class="successful label"><th class="context-label">errors</th><th class="nobr">passed:1 / pending:0 / failed:0 / errors:0 / total:1</th></tr><tr class="successful label"><td class="test-label">the step should execute successfully without throwing any errors</td><td>Success</td></tr><tr class="successful label"><th class="context-label">the results</th><th class="nobr">passed:1 / pending:0 / failed:0 / errors:0 / total:1</th></tr><tr class="successful label"><td class="test-label">the option 'option' should have the value 'option-value'</td><td>Success</td></tr><tr class="successful label"><th class="scenario-label">parent child 2 child 2.a</th><th class="nobr">passed:2 / pending:0 / failed:0 / errors:0 / total:2</th></tr><tr class="successful label"><th class="context-label">errors</th><th class="nobr">passed:1 / pending:0 / failed:0 / errors:0 / total:1</th></tr><tr class="successful label"><td class="test-label">the step should execute successfully without throwing any errors</td><td>Success</td></tr><tr class="successful label"><th class="context-label">the results</th><th class="nobr">passed:1 / pending:0 / failed:0 / errors:0 / total:1</th></tr><tr class="successful label"><td class="test-label">the option 'option' should have the value 'option-value'</td><td>Success</td></tr><tr class="successful label"><th class="scenario-label">parent child 2 child 2.b</th><th class="nobr">passed:2 / pending:0 / failed:0 / errors:0 / total:2</th></tr><tr class="successful label"><th class="context-label">errors</th><th class="nobr">passed:1 / pending:0 / failed:0 / errors:0 / total:1</th></tr><tr class="successful label"><td class="test-label">the step should execute successfully without throwing any errors</td><td>Success</td></tr><tr class="successful label"><th class="context-label">the results</th><th class="nobr">passed:1 / pending:0 / failed:0 / errors:0 / total:1</th></tr><tr class="successful label"><td class="test-label">the option 'option' should have the value 'option-value'</td><td>Success</td></tr></tbody></table></div><h2>Execution log</h2><table><thead><tr><th>Time</th><th>Severity</th><th>Message</th></tr></thead><tbody><tr style=""><td>0.000</td><td style="padding-left:0%;">INFO</td><td><code><pre>#### file:/home/jostein/xprocspec/src/test/xprocspec/tests/scenario-2.xprocspec ####</pre></code></td></tr><tr style=""><td>0.006</td><td style="padding-left:0%;">INFO</td><td><code><pre> * temporary directory: file:/tmp/xprocspec-20130905160023007/</pre></code></td></tr><tr style=""><td>0.011</td><td style="padding-left:0%;">INFO</td><td><code><pre>preprocessing...</pre></code></td></tr><tr style=""><td>0.032</td><td style="padding-left:0%;">INFO</td><td><code><pre> * checking for imports</pre></code></td></tr><tr style=""><td>0.038</td><td style="padding-left:0%;">INFO</td><td><code><pre> * checking file:/home/jostein/xprocspec/src/test/xprocspec/tests/scenario-2.xprocspec for imports</pre></code></td></tr><tr style=""><td>0.044</td><td style="padding-left:0%;">INFO</td><td><code><pre> * extracting step declarations from file:/home/jostein/xprocspec/src/test/xprocspec/steps/identity.xpl</pre></code></td></tr><tr style=""><td>0.051</td><td style="padding-left:0%;">INFO</td><td><code><pre> * tests reference 1 step</pre></code></td></tr><tr style=""><td>0.058</td><td style="padding-left:0%;">INFO</td><td><code><pre>   * step: e:identity</pre></code></td></tr><tr style=""><td>0.064</td><td style="padding-left:0%;">INFO</td><td><code><pre> * trying to load: file:/home/jostein/xprocspec/src/test/xprocspec/steps/identity.xpl</pre></code></td></tr><tr style=""><td>0.072</td><td style="padding-left:0%;">INFO</td><td><code><pre>   * success!</pre></code></td></tr><tr style=""><td>0.081</td><td style="padding-left:0%;">INFO</td><td><code><pre> * trying to extract the step declaration for {http://example.net/ns}identity from file:/home/jostein/xprocspec/src/test/xprocspec/steps/identity.xpl</pre></code></td></tr><tr style=""><td>0.095</td><td style="padding-left:0%;">INFO</td><td><code><pre> * creating a new x:description document for each x:scenario element with inferred inputs, options and parameters</pre></code></td></tr><tr style=""><td>0.117</td><td style="padding-left:0%;">INFO</td><td><code><pre> * validating output grammar</pre></code></td></tr><tr style=""><td>0.133</td><td style="padding-left:0%;">INFO</td><td><code><pre> * validating output grammar</pre></code></td></tr><tr style=""><td>0.147</td><td style="padding-left:0%;">INFO</td><td><code><pre> * validating output grammar</pre></code></td></tr><tr style=""><td>0.227</td><td style="padding-left:0%;">INFO</td><td><code><pre>compiling...</pre></code></td></tr><tr style=""><td>0.238</td><td style="padding-left:0%;">INFO</td><td><code><pre> * created directory using Calabash's cxf:mkdir</pre></code></td></tr><tr style=""><td>0.245</td><td style="padding-left:0%;">INFO</td><td><code><pre> * converting test 'test1' to XProc</pre></code></td></tr><tr style=""><td>0.261</td><td style="padding-left:0%;">INFO</td><td><code><pre>   * done</pre></code></td></tr><tr style=""><td>0.269</td><td style="padding-left:0%;">INFO</td><td><code><pre> * validating output grammar for file:/home/jostein/xprocspec/src/test/xprocspec/tests/scenario-2.xprocspec</pre></code></td></tr><tr style=""><td>0.283</td><td style="padding-left:0%;">INFO</td><td><code><pre>   * done!</pre></code></td></tr><tr style=""><td>0.291</td><td style="padding-left:0%;">INFO</td><td><code><pre> * converting test 'test2' to XProc</pre></code></td></tr><tr style=""><td>0.304</td><td style="padding-left:0%;">INFO</td><td><code><pre>   * done</pre></code></td></tr><tr style=""><td>0.312</td><td style="padding-left:0%;">INFO</td><td><code><pre> * validating output grammar for file:/home/jostein/xprocspec/src/test/xprocspec/tests/scenario-2.xprocspec</pre></code></td></tr><tr style=""><td>0.325</td><td style="padding-left:0%;">INFO</td><td><code><pre>   * done!</pre></code></td></tr><tr style=""><td>0.333</td><td style="padding-left:0%;">INFO</td><td><code><pre> * converting test 'test3' to XProc</pre></code></td></tr><tr style=""><td>0.347</td><td style="padding-left:0%;">INFO</td><td><code><pre>   * done</pre></code></td></tr><tr style=""><td>0.355</td><td style="padding-left:0%;">INFO</td><td><code><pre> * validating output grammar for file:/home/jostein/xprocspec/src/test/xprocspec/tests/scenario-2.xprocspec</pre></code></td></tr><tr style=""><td>0.369</td><td style="padding-left:0%;">INFO</td><td><code><pre>   * done!</pre></code></td></tr><tr style=""><td>0.377</td><td style="padding-left:0%;">INFO</td><td><code><pre> * using as temporary directory: file:/tmp/xprocspec-20130905160023007/xprocspec-20130905160031151/</pre></code></td></tr><tr style=""><td>0.384</td><td style="padding-left:0%;">INFO</td><td><code><pre>storing...</pre></code></td></tr><tr style=""><td>0.400</td><td style="padding-left:0%;">INFO</td><td><code><pre>running...</pre></code></td></tr><tr style=""><td>0.410</td><td style="padding-left:0%;">INFO</td><td><code><pre>   * loading 'file:/tmp/xprocspec-20130905160023007/test1.xpl'</pre></code></td></tr><tr style=""><td>0.478</td><td style="padding-left:0%;">INFO</td><td><code><pre>   * loading 'file:/tmp/xprocspec-20130905160023007/test2.xpl'</pre></code></td></tr><tr style=""><td>0.552</td><td style="padding-left:0%;">INFO</td><td><code><pre>   * loading 'file:/tmp/xprocspec-20130905160023007/test3.xpl'</pre></code></td></tr><tr style=""><td>0.620</td><td style="padding-left:0%;">INFO</td><td><code><pre>evaluating...</pre></code></td></tr><tr style=""><td>0.632</td><td style="padding-left:0%;">INFO</td><td><code><pre> * evaluating scenario 'parent child 1' (file:/home/jostein/xprocspec/src/test/xprocspec/tests/scenario-2.xprocspec)</pre></code></td></tr><tr style=""><td>0.640</td><td style="padding-left:0%;">INFO</td><td><code><pre>   * resolving x:document elements...</pre></code></td></tr><tr style=""><td>0.650</td><td style="padding-left:0%;">INFO</td><td><code><pre>    * no errors occured</pre></code></td></tr><tr style=""><td>0.684</td><td style="padding-left:0%;">INFO</td><td><code><pre>   * grouping x:expect elements with their x:context...</pre></code></td></tr><tr style=""><td>0.693</td><td style="padding-left:0%;">INFO</td><td><code><pre>   * evaluating each context/expect group...</pre></code></td></tr><tr style=""><td>0.701</td><td style="padding-left:0%;">INFO</td><td><code><pre>     * setting context to 'errors'</pre></code></td></tr><tr style=""><td>0.709</td><td style="padding-left:0%;">INFO</td><td><code><pre>       * testing assertion 'the step should execute successfully without throwing any errors'</pre></code></td></tr><tr style=""><td>0.716</td><td style="padding-left:0%;">INFO</td><td><code><pre>         * is document count assertion</pre></code></td></tr><tr style=""><td>0.724</td><td style="padding-left:0%;">INFO</td><td><code><pre>         * assertion passed</pre></code></td></tr><tr style=""><td>0.733</td><td style="padding-left:0%;">INFO</td><td><code><pre>     * setting context to 'the results'</pre></code></td></tr><tr style=""><td>0.741</td><td style="padding-left:0%;">INFO</td><td><code><pre>       * testing assertion 'the option 'option' should have the value 'option-value''</pre></code></td></tr><tr style=""><td>0.751</td><td style="padding-left:0%;">INFO</td><td><code><pre>         * is xpath assertion</pre></code></td></tr><tr style=""><td>0.778</td><td style="padding-left:0%;">INFO</td><td><code><pre> * evaluating scenario 'parent child 2 child 2.a' (file:/home/jostein/xprocspec/src/test/xprocspec/tests/scenario-2.xprocspec)</pre></code></td></tr><tr style=""><td>0.787</td><td style="padding-left:0%;">INFO</td><td><code><pre>   * resolving x:document elements...</pre></code></td></tr><tr style=""><td>0.797</td><td style="padding-left:0%;">INFO</td><td><code><pre>    * no errors occured</pre></code></td></tr><tr style=""><td>0.830</td><td style="padding-left:0%;">INFO</td><td><code><pre>   * grouping x:expect elements with their x:context...</pre></code></td></tr><tr style=""><td>0.840</td><td style="padding-left:0%;">INFO</td><td><code><pre>   * evaluating each context/expect group...</pre></code></td></tr><tr style=""><td>0.848</td><td style="padding-left:0%;">INFO</td><td><code><pre>     * setting context to 'errors'</pre></code></td></tr><tr style=""><td>0.857</td><td style="padding-left:0%;">INFO</td><td><code><pre>       * testing assertion 'the step should execute successfully without throwing any errors'</pre></code></td></tr><tr style=""><td>0.866</td><td style="padding-left:0%;">INFO</td><td><code><pre>         * is document count assertion</pre></code></td></tr><tr style=""><td>0.875</td><td style="padding-left:0%;">INFO</td><td><code><pre>         * assertion passed</pre></code></td></tr><tr style=""><td>0.885</td><td style="padding-left:0%;">INFO</td><td><code><pre>     * setting context to 'the results'</pre></code></td></tr><tr style=""><td>0.894</td><td style="padding-left:0%;">INFO</td><td><code><pre>       * testing assertion 'the option 'option' should have the value 'option-value''</pre></code></td></tr><tr style=""><td>0.904</td><td style="padding-left:0%;">INFO</td><td><code><pre>         * is xpath assertion</pre></code></td></tr><tr style=""><td>0.931</td><td style="padding-left:0%;">INFO</td><td><code><pre> * evaluating scenario 'parent child 2 child 2.b' (file:/home/jostein/xprocspec/src/test/xprocspec/tests/scenario-2.xprocspec)</pre></code></td></tr><tr style=""><td>0.941</td><td style="padding-left:0%;">INFO</td><td><code><pre>   * resolving x:document elements...</pre></code></td></tr><tr style=""><td>0.953</td><td style="padding-left:0%;">INFO</td><td><code><pre>    * no errors occured</pre></code></td></tr><tr style=""><td>0.986</td><td style="padding-left:0%;">INFO</td><td><code><pre>   * grouping x:expect elements with their x:context...</pre></code></td></tr><tr style=""><td>0.996</td><td style="padding-left:0%;">INFO</td><td><code><pre>   * evaluating each context/expect group...</pre></code></td></tr><tr style=""><td>1.004</td><td style="padding-left:0%;">INFO</td><td><code><pre>     * setting context to 'errors'</pre></code></td></tr><tr style=""><td>1.013</td><td style="padding-left:0%;">INFO</td><td><code><pre>       * testing assertion 'the step should execute successfully without throwing any errors'</pre></code></td></tr><tr style=""><td>1.023</td><td style="padding-left:0%;">INFO</td><td><code><pre>         * is document count assertion</pre></code></td></tr><tr style=""><td>1.032</td><td style="padding-left:0%;">INFO</td><td><code><pre>         * assertion passed</pre></code></td></tr><tr style=""><td>1.042</td><td style="padding-left:0%;">INFO</td><td><code><pre>     * setting context to 'the results'</pre></code></td></tr><tr style=""><td>1.051</td><td style="padding-left:0%;">INFO</td><td><code><pre>       * testing assertion 'the option 'option' should have the value 'option-value''</pre></code></td></tr><tr style=""><td>1.062</td><td style="padding-left:0%;">INFO</td><td><code><pre>         * is xpath assertion</pre></code></td></tr><tr style=""><td>1.089</td><td style="padding-left:0%;">INFO</td><td><code><pre>reporting...</pre></code></td></tr></tbody></table><link rel="stylesheet" href="http://yandex.st/highlightjs/7.3/styles/default.min.css"/><script type="text/javascript" src="http://yandex.st/highlightjs/7.3/highlight.min.js" xml:space="preserve"> </script><script type="text/javascript">hljs.initHighlightingOnLoad();</script></body></html></x:document></x:output><x:output port="junit"><x:document xml:base="file:/home/jostein/xprocspec/src/main/resources/content/xml/xproc/report/report.xpl" xml:space="preserve" type="inline"><testsuites tests="6" failures="0" time="1.099" errors="0" name="scenario2"><testsuite timestamp="2013-09-05T14:00:32.026Z" hostname="localhost" tests="2" errors="0" failures="0" skipped="0" id="d16031e1" name="parentChild1" package="http://example.net/ns" time="0.008">
<properties>

<property name="option: option" value="option-value"/>
<property name="option: option.required" value="option.required-value"/>

</properties>
<testcase name="theStepShouldExecuteSuccessfullyWithoutThrowingAnyErrors" classname="identity" assertions="1" time="0" status="SUCCESS"><system-out>the step should execute successfully without throwing any errors: SUCCESS</system-out>
<system-err/></testcase><testcase name="theOptionOptionShouldHaveTheValueOptionvalue" classname="identity" assertions="1" time="0" status="SUCCESS"><system-out>the option 'option' should have the value 'option-value': SUCCESS</system-out>
<system-err/></testcase></testsuite><testsuite timestamp="2013-09-05T14:00:32.037Z" hostname="localhost" tests="2" errors="0" failures="0" skipped="0" id="d16039e1" name="parentChild2Child2A" package="http://example.net/ns" time="0.009">
<properties>

<property name="option: option" value="option-value"/>
<property name="option: option.required" value="option.required-value"/>

</properties>
<testcase name="theStepShouldExecuteSuccessfullyWithoutThrowingAnyErrors" classname="identity" assertions="1" time="0" status="SUCCESS"><system-out>the step should execute successfully without throwing any errors: SUCCESS</system-out>
<system-err/></testcase><testcase name="theOptionOptionShouldHaveTheValueOptionvalue" classname="identity" assertions="1" time="0" status="SUCCESS"><system-out>the option 'option' should have the value 'option-value': SUCCESS</system-out>
<system-err/></testcase></testsuite><testsuite timestamp="2013-09-05T14:00:32.048Z" hostname="localhost" tests="2" errors="0" failures="0" skipped="0" id="d16046e1" name="parentChild2Child2B" package="http://example.net/ns" time="0.009">
<properties>

<property name="option: option" value="option-value"/>
<property name="option: option.required" value="option.required-value"/>

</properties>
<testcase name="theStepShouldExecuteSuccessfullyWithoutThrowingAnyErrors" classname="identity" assertions="1" time="0" status="SUCCESS"><system-out>the step should execute successfully without throwing any errors: SUCCESS</system-out>
<system-err/></testcase><testcase name="theOptionOptionShouldHaveTheValueOptionvalue" classname="identity" assertions="1" time="0" status="SUCCESS"><system-out>the option 'option' should have the value 'option-value': SUCCESS</system-out>
<system-err/></testcase></testsuite></testsuites></x:document></x:output><x:test-result contextref="errors" result="passed" max="0" label="the step should execute successfully without throwing any errors" type="count">
                                                        <x:expected>At most 0 documents.</x:expected>
                                                    <x:was>0</x:was></x:test-result><x:test-result contextref="context5" result="passed" test="not(/*/@tests='0') and /*/@failures='0' and /*/@errors='0'" label="there should be at least one test, and none of the tests should fail" type="xpath"><x:expected xml:space="preserve">XPath: true()
Value: true</x:expected><x:was xml:space="preserve">XPath: not(/*/@tests='0') and /*/@failures='0' and /*/@errors='0'
Value: true</x:was></x:test-result></x:description><x:description xmlns:cx="http://xmlcalabash.com/ns/extensions" xmlns:c="http://www.w3.org/ns/xproc-step" xml:base="file:/home/jostein/xprocspec/src/test/xprocspec/test.xprocspec" test-base-uri="file:/home/jostein/xprocspec/src/test/xprocspec/test.xprocspec" script="file:/home/jostein/xprocspec/src/main/resources/content/xml/xproc/xprocspec.xpl" test-grammar="xprocspec" temp-dir="file:/tmp/xprocspec-20130905160023007/"><x:step-declaration><p:declare-step xmlns:p="http://www.w3.org/ns/xproc" xmlns:px="http://www.daisy.org/ns/xprocspec" xmlns:pxi="http://www.daisy.org/ns/xprocspec/xproc-internal/" xmlns:pkg="http://expath.org/ns/pkg" type="px:xprocspec" name="main" version="1.0" xpath-version="2.0" pkg:import-uri="http://www.daisy.org/ns/xprocspec/xprocspec.xpl" x:type="{http://www.daisy.org/ns/xprocspec}xprocspec"><p:input port="source" kind="document" sequence="false" primary="true"/><p:output port="result" kind="document" sequence="false" primary="false"><p:pipe port="result" step="report"/></p:output><p:output port="html" kind="document" sequence="false" primary="false"><p:pipe port="html" step="report"/></p:output><p:output port="junit" kind="document" sequence="false" primary="false"><p:pipe port="junit" step="report"/></p:output><p:option name="temp-dir" select="'file:/tmp/'"/></p:declare-step></x:step-declaration><x:scenario end-time="2013-09-05T14:00:33.165Z" label="the call element - inherit from call elements in ancestor scenarios" start-time="2013-09-05T14:00:32.525Z"><x:call x:type="{http://www.daisy.org/ns/xprocspec}xprocspec" step="x:xprocspec"><x:option select="$temp-dir" name="temp-dir" value="file:/tmp/xprocspec-20130905160023007/"/><x:input port="source">
                    <x:document xml:base="file:/home/jostein/xprocspec/src/test/xprocspec/test.xprocspec" xml:space="preserve" type="inline"><?xml-model href="http://www.daisy.org/ns/xprocspec/xprocspec.rng" type="application/xml" schematypens="http://relaxng.org/ns/structure/1.0"?><x:description xmlns:e="http://example.net/ns" script="../steps/identity.xpl">
    
    <x:scenario label="x:call with @step">
        <x:call step="e:identity"/>
        
        <x:scenario label="x:call with 'option' option">
            <x:call>
                <x:option name="option" select="'option-value'"/>
                <x:option name="option.required" select="'option-override-me'"/>
            </x:call>
            
            <x:scenario label="x:call with 'option.required' option">
                <x:call>
                    <x:option name="option.required" select="'option-value'"/>
                </x:call>
                
                <x:context label="the results">
                    <x:document type="port" port="options"/>
                </x:context>
                <x:expect type="xpath" label="the option 'option' should have the value 'option-value'" test="/*/*[@name='option']/@value" equals="'option-value'"/>
                <x:expect type="xpath" label="the option 'option.required' should have the value 'option-value'" test="/*/*[@name='option.required']/@value" equals="'option-value'"/>
                
            </x:scenario>
        </x:scenario>
    </x:scenario>
    
</x:description></x:document>
                </x:input></x:call>
                                                <x:context label="errors" id="errors">
                                                    
                                                </x:context>
                                            
                                                <x:expect type="count" label="the step should execute successfully without throwing any errors" max="0" contextref="errors"/>
                                            <x:context label="the junit output port" id="context6">
                <x:document xml:base="file:/home/jostein/xprocspec/src/main/resources/content/xml/xproc/report/report.xpl" xml:space="preserve" type="inline"><testsuites tests="3" failures="0" time="0.509" errors="0" name="call1"><testsuite timestamp="2013-09-05T14:00:33.051Z" hostname="localhost" tests="3" errors="0" failures="0" skipped="0" id="d17571e1" name="xcallWithStepXcallWithOptionOptionXcallWithOptionRequiredOption" package="http://example.net/ns" time="0.008">
<properties>

<property name="option: option" value="option-value"/>
<property name="option: option.required" value="option-value"/>

</properties>
<testcase name="theStepShouldExecuteSuccessfullyWithoutThrowingAnyErrors" classname="identity" assertions="1" time="0" status="SUCCESS"><system-out>the step should execute successfully without throwing any errors: SUCCESS</system-out>
<system-err/></testcase><testcase name="theOptionOptionShouldHaveTheValueOptionvalue" classname="identity" assertions="1" time="0" status="SUCCESS"><system-out>the option 'option' should have the value 'option-value': SUCCESS</system-out>
<system-err/></testcase><testcase name="theOptionOptionRequiredShouldHaveTheValueOptionvalue" classname="identity" assertions="1" time="0" status="SUCCESS"><system-out>the option 'option.required' should have the value 'option-value': SUCCESS</system-out>
<system-err/></testcase></testsuite></testsuites></x:document>
            </x:context><x:expect label="there should be at least one test, and none of the tests should fail" type="xpath" test="not(/*/@tests='0') and /*/@failures='0' and /*/@errors='0'" contextref="context6"/></x:scenario><x:output port="result"><x:document xml:base="file:/home/jostein/xprocspec/src/main/resources/content/xml/xproc/report/report.xpl" xml:space="preserve" type="inline"><x:test-report><x:description xml:base="file:/home/jostein/xprocspec/src/test/xprocspec/tests/call-1.xprocspec" test-base-uri="file:/home/jostein/xprocspec/src/test/xprocspec/tests/call-1.xprocspec" script="file:/home/jostein/xprocspec/src/test/xprocspec/steps/identity.xpl" test-grammar="xprocspec" temp-dir="file:/tmp/xprocspec-20130905160023007/xprocspec-20130905160032659/"><x:step-declaration><p:declare-step xmlns:p="http://www.w3.org/ns/xproc" xmlns:ex="http://example.net/ns" name="main" type="ex:identity" version="1.0" x:type="{http://example.net/ns}identity"><p:input port="source.document.primary" kind="document" primary="true" sequence="false"><p:inline>
            <source.document.primary.default/>
        </p:inline></p:input><p:input port="source.document.secondary.sequence" kind="document" sequence="true" primary="false"><p:inline>
            <source.document.secondary.sequence/>
        </p:inline></p:input><p:input select="/*/*" port="source.document.secondary.select-children" kind="document" sequence="true" primary="false"><p:inline>
            <default>
                <default/>
                <default/>
            </default>
        </p:inline></p:input><p:input port="source.parameter.primary.sequence" primary="true" kind="parameter" sequence="true"/><p:output port="result.document.primary" kind="document" primary="true" sequence="false"><p:pipe port="source.document.primary" step="main"/></p:output><p:output port="result.document.secondary.sequence" kind="document" sequence="true" primary="false"><p:pipe port="source.document.secondary.sequence" step="main"/></p:output><p:output port="result.document.secondary.select-children" kind="document" sequence="true" primary="false"><p:pipe port="source.document.secondary.select-children" step="main"/></p:output><p:output port="result.parameter.primary" kind="document" sequence="false" primary="false"><p:pipe port="result" step="parameters"/></p:output><p:output port="options" kind="document" sequence="false" primary="false"><p:pipe port="result" step="options"/></p:output><p:option name="option"/><p:option name="option.required" required="true"/><p:option name="option.default" select="'default'"/></p:declare-step></x:step-declaration><x:scenario xmlns:e="http://example.net/ns" end-time="2013-09-05T14:00:32.767Z" label="x:call with @step x:call with 'option' option x:call with 'option.required' option" start-time="2013-09-05T14:00:32.759Z"><x:call x:type="{http://example.net/ns}identity" step="e:identity"><x:option select="'option-value'" name="option" value=""/><x:option select="'option-value'" name="option.required" value=""/></x:call>
                                                <x:context label="errors" id="errors">
                                                    
                                                </x:context>
                                            
                                                <x:expect type="count" label="the step should execute successfully without throwing any errors" max="0" contextref="errors"/>
                                            <x:context label="the results" id="context0">
                    <x:document xml:base="file:/home/jostein/xprocspec/src/test/xprocspec/steps/identity.xpl" xml:space="preserve" type="inline">
                <c:options xmlns:ex="http://example.net/ns">
                    <c:option name="option" value="option-value"/>
                    <c:option name="option.required" value="option-value"/>
                    <c:option name="option.default" value="default"/>
                </c:options>
            </x:document>
                </x:context><x:expect type="xpath" label="the option 'option' should have the value 'option-value'" test="/*/*[@name='option']/@value" equals="'option-value'" contextref="context0"/><x:expect type="xpath" label="the option 'option.required' should have the value 'option-value'" test="/*/*[@name='option.required']/@value" equals="'option-value'" contextref="context0"/></x:scenario><x:output port="result.document.primary"><x:document xml:base="file:/home/jostein/xprocspec/src/test/xprocspec/tests/call-1.xprocspec" xml:space="preserve" type="inline">
            <source.document.primary.default xmlns:ex="http://example.net/ns"/>
        </x:document></x:output><x:output port="result.document.secondary.sequence"><x:document xml:base="file:/home/jostein/xprocspec/src/test/xprocspec/steps/identity.xpl" xml:space="preserve" type="inline">
            <source.document.secondary.sequence xmlns:ex="http://example.net/ns"/>
        </x:document></x:output><x:output port="result.document.secondary.select-children"><x:document xml:base="file:/home/jostein/xprocspec/src/test/xprocspec/steps/identity.xpl" xml:space="preserve" type="inline"><default xmlns:ex="http://example.net/ns"/></x:document><x:document xml:base="file:/home/jostein/xprocspec/src/test/xprocspec/steps/identity.xpl" xml:space="preserve" type="inline"><default xmlns:ex="http://example.net/ns"/></x:document></x:output><x:output port="result.parameter.primary"><x:document xml:base="file:/home/jostein/xprocspec/src/test/xprocspec/steps/identity.xpl" xml:space="preserve" type="inline"><c:param-set/></x:document></x:output><x:output port="options"><x:document xml:base="file:/home/jostein/xprocspec/src/test/xprocspec/steps/identity.xpl" xml:space="preserve" type="inline">
                <c:options xmlns:ex="http://example.net/ns">
                    <c:option name="option" value="option-value"/>
                    <c:option name="option.required" value="option-value"/>
                    <c:option name="option.default" value="default"/>
                </c:options>
            </x:document></x:output><x:test-result contextref="errors" result="passed" max="0" label="the step should execute successfully without throwing any errors" type="count">
                                                        <x:expected>At most 0 documents.</x:expected>
                                                    <x:was>0</x:was></x:test-result><x:test-result contextref="context0" result="passed" test="/*/*[@name='option']/@value" label="the option 'option' should have the value 'option-value'" type="xpath" equals="'option-value'"><x:expected xml:space="preserve">XPath: 'option-value'
Value: option-value</x:expected><x:was xml:space="preserve">XPath: /*/*[@name='option']/@value
Value: option-value</x:was></x:test-result><x:test-result contextref="context0" result="passed" test="/*/*[@name='option.required']/@value" label="the option 'option.required' should have the value 'option-value'" type="xpath" equals="'option-value'"><x:expected xml:space="preserve">XPath: 'option-value'
Value: option-value</x:expected><x:was xml:space="preserve">XPath: /*/*[@name='option.required']/@value
Value: option-value</x:was></x:test-result></x:description></x:test-report></x:document></x:output><x:output port="html"><x:document xml:base="file:/home/jostein/xprocspec/src/main/resources/content/xml/xproc/report/report-template.xhtml" xml:space="preserve" type="inline"><html xmlns="http://www.w3.org/1999/xhtml"><head><title>Test Report for file:/home/jostein/xprocspec/src/test/xprocspec/tests/call-1.xprocspec (passed:3 / pending:0 / failed:0 / errors:0 / total:3)</title>
        <meta charset="utf-8"/>
        <style type="text/css" xml:space="preserve">/**/
/****************************************************************************/
/*  File:       test-report.css                                             */
/*  Author:     Jeni Tennsion                                               */
/*  URI:        http://xspec.googlecode.com/                                */
/*  Tags:                                                                   */
/*    Copyright (c) 2008, 2010 Jeni Tennsion (see end of file.)             */
/* ------------------------------------------------------------------------ */


/* test */

/* box model */

body {
	margin-right: 1em;
	/*margin-left: 10%;*/
	}

h1 {
	padding: 0.3em 0.5em 0.3em 0.5em;
	position: relative;
	}

h2 {
	padding: 0.1em 0.5em 0.2em 0.5em;
	}

h3 {
	padding-left: 0.6em;
	}

h4 {
	padding-left: 0.8em;
	}

p, table {
	/*margin-left: 5%;*/
	}

dd ul, dd ol {
	margin-left: 0%;
	}

li ul, li ol {
	/*margin-left: 5%;*/
	}

dl, ul, ol, blockquote {
	/*margin-left: 10%;*/
	}

dt {
  padding-top: 3px;
  padding-bottom: 3px;
	clear: both;
	}

dd p {
	/*margin-left: -5px;*/
	margin-top: 5px;
	clear: both;
	}

p.link {
	margin-top: 4px;
	margin-bottom: 0px;
	clear: both;
	}

tr td, td p, li, li p {
	margin-left: 0%;
	}

td:nth-child(2) {
	padding-left: 5%;
	}

.link img, dt img {
	vertical-align: middle;
	position: relative;
	top: -5px;
	}

img {
	position: relative;
	}

#xml-link {
	position: absolute;
	left: 5px;
	top: 5px;
	width: 10%;
	margin-left: 0%;
	}

#link-up {
	position: absolute;
	left: 93%;
	right: 2em;
	top: 0.3em;
	}

#link-top {
	position: absolute;
	left: 89%;
	right: 4em;
	top: 0.3em;
	}
	
.popup {
	display: block;
	visibility: hidden;
	float: right;
	position: absolute;
	top: 5px;
	left: -200px;
	z-index: 1;
	padding: 0.3em;
	width: 220px;
	}

.note {
	position: relative;
	}

.post {
	/*margin-left: 5%;*/
	padding-top: 1em;
	}
	
.example, .sidebar {
  /*margin-left: 5%;*/
  margin-top: 1em;
  margin-bottom: 1em;
  }

/*pre {
	padding-left: 5%;
	margin-left: 5%;
	}*/

/*dd pre, li pre {
	padding-left: 5%;
	}*/

/* fonts */
/* Oxygen  */
body, table {
    font-family:arial, helvetica, sans-serif;
    font-size:12px;
}
/* Oxygen  */

/*body {
	font-family: Verdana, arial, sans-serif;
	font-size: small;
	}*/	

/*h1, h2, h3, h4, h5, h6 {
	font-family: 'trebuchet MS', arial, sans-serif;
	}*/

h1 {
	font-size: 173%;
	font-weight: bold;
	}

h2 {
	font-size: 144%;
	font-weight: normal;
	}

h3 {
	font-size: 120%;
	font-weight: normal;
	}

h4 {
  font-size: 100%;
  font-weight: bold;
}

dt {
	font-weight: bold;
	}

a:link, a:visited, a:active, a:hover {
	font-weight: bold;
	}

a.offsite:link, a.offsite:visited, a.offsite:active, a.offsite:hover {
	font-weight: normal;
	}

/* suppress the normal italics */
address {
	font-style: normal;
	}

div.example, .sidebar {
  font-family: Verdana, arial, sans-serif;
  font-size: 100%;
  }


.note, .link {
	font-family: Verdana, arial, sans-serif;
	/*font-size: 83%;*/
	}

/*.example, .string, .rtf, .code, pre, code {
	font-family: "Lucida Console", "Courier New", monospace;*/
  /*font-size: 83%;*/
/*	}*/

.boolean {
	font-style: italic;
	}

#colophon, #xml-link {
	font-size: 69%;
	}

.question, .title {
	font-weight: bold;
	}

/* colours */
body {
	background-color: white;
	color: black;
	border: 0px none black;
	}

/* this is to make Navigator fill the entire line */
h1, h2 {
	border: 1px solid white;
	width: auto;
	}

h1 {
	/*background: #606;*/
	/*color: #6F6;*/
	}

h2 {
	color: #606;
	/*background: #CFC;*/
	}

hr {
	color: #606;
	background: white;
	}

img, a:link img, a:visited img, a:hover img, a:active img, #link-up img, #link-top img {
	border: 0px none white;
	background: transparent;
	}

/* OXYGEN */
a, a:visited {
    color:rgb(0, 0, 150);
    background-color:inherit;
    font-weight: bold;
}
a:link, a:visited {
    text-decoration:none; 
}
a:hover {
    text-decoration:underline;
}

/* OXYGEN */

a.img:hover, a.img:active {
	background: transparent;
	}

#colophon, #xml-link, .note {
	color: #666;
	}

#colophon a:link, #colophon a:visited, #colophon a:hover,
#xml-link a:link, #xml-link a:visited, #xml-link a:hover,
.note a:link, .note a:visited, .note a:hover {
	color: #969;
	background: transparent;
	}

#colophon a:hover, #xml-link a:hover, .note a:hover {
	background: #CFC;
	color: #969;
	}

.popup {
	background: white;
	border: 1px solid #606;
	}

.post {
	border-top: 2px solid #606;
	}
	
.example {
  border-top: 2px solid #606;
  border-bottom: 2px solid #606;
  }
  
.sidebar {
  border-top: 2px solid #090;
  border-bottom: 2px solid #090;
  }
  
.rng {
  border-left: 2px solid #666;
  }

.same {
  background-color: rgb(206, 239, 174);
}

.diff {
  background-color: #FCC;
}

.whitespace {
	font-style: italic;
	color: #999;
	background: white;
}

.ignored {
  font-style: italic;
  color: #999;
  background: white;
}

.hit {
}

.missed {
  background-color: #A33;
  color: white;
}

/* text */
ol ol li {
	list-style: lower-alpha;
	}

th {
	text-align: left;
	}

td {
	vertical-align: top;
	}

h1 {
	text-transform: uppercase;
	}

h2, h3 {
	/*text-transform: capitalize;*/
	}

.question {
	text-indent: -33px;
	}

.byline {
	text-align: right;
	}

#link-top, #link-up {
	text-align: right;
	}

a {
	text-decoration: none;
	}

table { width: 85%;
        /* border: collapse; */ }

th { text-align: left; }

.xspec tbody th { font-weight: normal; /*font-size: 0.8em;*/ border-top: 1px #666 solid; }
.xspec tbody td { /*font-size: 0.8em;*/ color: #666; }

.successful.label th, .successful.label td { background-color: #CFC; }
.pending.label th, .pending.label td { background-color: #DDD; color: #666; }
.failed.label th, .failed.label td { background-color: #FCC; }
.error.label th, .error.label td { background-color: #FAA; }
/*body &gt; table tbody .failed.label th:first-child:before {content:url(data:image/png;base64,iVBORw0KGgoAAAANSUhEUgAAAAwAAAAMCAYAAABWdVznAAAAGXRFWHRTb2Z0d2FyZQBBZG9iZSBJbWFnZVJlYWR5ccllPAAAA2ZpVFh0WE1MOmNvbS5hZG9iZS54bXAAAAAAADw/eHBhY2tldCBiZWdpbj0i77u/IiBpZD0iVzVNME1wQ2VoaUh6cmVTek5UY3prYzlkIj8+IDx4OnhtcG1ldGEgeG1sbnM6eD0iYWRvYmU6bnM6bWV0YS8iIHg6eG1wdGs9IkFkb2JlIFhNUCBDb3JlIDUuMy1jMDExIDY2LjE0NTY2MSwgMjAxMi8wMi8wNi0xNDo1NjoyNyAgICAgICAgIj4gPHJkZjpSREYgeG1sbnM6cmRmPSJodHRwOi8vd3d3LnczLm9yZy8xOTk5LzAyLzIyLXJkZi1zeW50YXgtbnMjIj4gPHJkZjpEZXNjcmlwdGlvbiByZGY6YWJvdXQ9IiIgeG1sbnM6eG1wTU09Imh0dHA6Ly9ucy5hZG9iZS5jb20veGFwLzEuMC9tbS8iIHhtbG5zOnN0UmVmPSJodHRwOi8vbnMuYWRvYmUuY29tL3hhcC8xLjAvc1R5cGUvUmVzb3VyY2VSZWYjIiB4bWxuczp4bXA9Imh0dHA6Ly9ucy5hZG9iZS5jb20veGFwLzEuMC8iIHhtcE1NOk9yaWdpbmFsRG9jdW1lbnRJRD0ieG1wLmRpZDpCQjU0NjU4QjIyQTNFMTExQkI5Rjk5QkQ4RkQ5RUJFQiIgeG1wTU06RG9jdW1lbnRJRD0ieG1wLmRpZDpEQTUyOTdBQUEzRDUxMUUxQTQwN0YzMUI0Nzg3NDU1RSIgeG1wTU06SW5zdGFuY2VJRD0ieG1wLmlpZDpEQTUyOTdBOUEzRDUxMUUxQTQwN0YzMUI0Nzg3NDU1RSIgeG1wOkNyZWF0b3JUb29sPSJBZG9iZSBQaG90b3Nob3AgQ1M2IChXaW5kb3dzKSI+IDx4bXBNTTpEZXJpdmVkRnJvbSBzdFJlZjppbnN0YW5jZUlEPSJ4bXAuaWlkOjQ4MTZDRTNCRDVBM0UxMTFBQTI2QTBCMjZENzg1Qzg5IiBzdFJlZjpkb2N1bWVudElEPSJ4bXAuZGlkOkJCNTQ2NThCMjJBM0UxMTFCQjlGOTlCRDhGRDlFQkVCIi8+IDwvcmRmOkRlc2NyaXB0aW9uPiA8L3JkZjpSREY+IDwveDp4bXBtZXRhPiA8P3hwYWNrZXQgZW5kPSJyIj8+aHNJrgAAAZ1JREFUeNpsUssrRGEU/907985YMDPNYlh4hbKZPMdgR3aysrGSSFIeKyUKpewoRTYkmcgCf4MsMI2FPDYGKeUZSoru4/uc82VC+W7fOeee+zvn/M45V1uuyCmVwDogq0hDklD6jy1dspNkdxokVrIzPFUh0/MD5OdXoJDwPFtu3d2ns6TTp9oggTlFZlmN0o4AHMmXfJGo0lmGzoE1OgmNHf5YA8rmN5HfM6wADmUuHphA9cIW/JX1yiek9DIlyijxkNjBzXYche19gNcHzfShoLUdVxtLuD/cYzCoMAzCwqYrhMDx9Chs20JRWzf4nMcXcDI3pYAqQHIAtWUJbpKursMMhpA+RiAEGzpc4X5XkDB4GjaHmiZik/PIa2rBEWVlSuW9Q+T3YndskBi46QpQFcLltchtbEZyZhxna4uKhmV9Ito/gtPNOG4P99WItdlIWARNXWOAv6AEr9cplel7/ggUleDlMqUSvNnCobHKxDsNnqs8XaWUZopp/XhxTkOR+HDVOveYUge9rNLyY9SU9v+vwXuUB2R0fQkwABfn/VKSjTLBAAAAAElFTkSuQmCC) " "}*/
/*body &gt; table tbody .error.label th:first-child:before {content:url(data:image/png;base64,iVBORw0KGgoAAAANSUhEUgAAAAwAAAAMCAYAAABWdVznAAAABmJLR0QAAAAAAAD5Q7t/AAAACXBIWXMAAAsTAAALEwEAmpwYAAAAB3RJTUUH3QcKER4AdkxvvQAAAdVJREFUKM89kM9KG0EAh7/JTHazZInEQwJ68KIWLx6Etj6EjxAobYSsD+BjCJ682EOp0FMueYmS0FMICF4i6tFNzJ/dyRh2Znoo6Xf+Pn7wEzc3Nx/W6/UvY8xJnudkWYa1Fu893nviOCaKIhuG4R/v/Ve1Xq9/bG1tnezs7JDnOVpr3t/fcc4hpaRSqVCpVORqtTp9e3v7rrTWn5vNJpPJhHK5zHg8JssyvPeEYcjR0RFpmlKr1ZjP5x9Li8VCbOR2u83BwQEvLy88PT1xfHzMxcUFQgjSNCXLskDlec5sNuPx8REpJZ1Oh+fnZ4QQnJ+fc319Tb/fZ29vD601SmvNdDplsVhwe3vLaDTi6uoKgCRJGAwGNBoNXl9fMcZQcs5hjGG1WpHnObVajQ3VahWtNcYYjDE451Cb+7z3JElCkiScnZ0hpaTX67G7u0u328V7/y+oVqsIITg8PKTT6dBqtRgOhzjnaLVa3N3dcX9/z3K5JI5jxOXlpSuKQqRpirWWh4eH//Plcpn9/X2cc2xvb1MqlQqllBpYa0/jOGYymdBsNsmyDOccURRRFAX1eh2lFGEY/lZBEHyx1v703n8KgkBEUYSUEu/9RkIIUQRB0A/D8NtflUT+nn4OS+0AAAAASUVORK5CYII=) " "}*/
.failed.label th:first-child:before, .failed.label td:first-child:before {content:url(data:image/png;base64,iVBORw0KGgoAAAANSUhEUgAAAAwAAAAMCAYAAABWdVznAAAAGXRFWHRTb2Z0d2FyZQBBZG9iZSBJbWFnZVJlYWR5ccllPAAAA2ZpVFh0WE1MOmNvbS5hZG9iZS54bXAAAAAAADw/eHBhY2tldCBiZWdpbj0i77u/IiBpZD0iVzVNME1wQ2VoaUh6cmVTek5UY3prYzlkIj8+IDx4OnhtcG1ldGEgeG1sbnM6eD0iYWRvYmU6bnM6bWV0YS8iIHg6eG1wdGs9IkFkb2JlIFhNUCBDb3JlIDUuMy1jMDExIDY2LjE0NTY2MSwgMjAxMi8wMi8wNi0xNDo1NjoyNyAgICAgICAgIj4gPHJkZjpSREYgeG1sbnM6cmRmPSJodHRwOi8vd3d3LnczLm9yZy8xOTk5LzAyLzIyLXJkZi1zeW50YXgtbnMjIj4gPHJkZjpEZXNjcmlwdGlvbiByZGY6YWJvdXQ9IiIgeG1sbnM6eG1wTU09Imh0dHA6Ly9ucy5hZG9iZS5jb20veGFwLzEuMC9tbS8iIHhtbG5zOnN0UmVmPSJodHRwOi8vbnMuYWRvYmUuY29tL3hhcC8xLjAvc1R5cGUvUmVzb3VyY2VSZWYjIiB4bWxuczp4bXA9Imh0dHA6Ly9ucy5hZG9iZS5jb20veGFwLzEuMC8iIHhtcE1NOk9yaWdpbmFsRG9jdW1lbnRJRD0ieG1wLmRpZDpCQjU0NjU4QjIyQTNFMTExQkI5Rjk5QkQ4RkQ5RUJFQiIgeG1wTU06RG9jdW1lbnRJRD0ieG1wLmRpZDpEQTUyOTdBQUEzRDUxMUUxQTQwN0YzMUI0Nzg3NDU1RSIgeG1wTU06SW5zdGFuY2VJRD0ieG1wLmlpZDpEQTUyOTdBOUEzRDUxMUUxQTQwN0YzMUI0Nzg3NDU1RSIgeG1wOkNyZWF0b3JUb29sPSJBZG9iZSBQaG90b3Nob3AgQ1M2IChXaW5kb3dzKSI+IDx4bXBNTTpEZXJpdmVkRnJvbSBzdFJlZjppbnN0YW5jZUlEPSJ4bXAuaWlkOjQ4MTZDRTNCRDVBM0UxMTFBQTI2QTBCMjZENzg1Qzg5IiBzdFJlZjpkb2N1bWVudElEPSJ4bXAuZGlkOkJCNTQ2NThCMjJBM0UxMTFCQjlGOTlCRDhGRDlFQkVCIi8+IDwvcmRmOkRlc2NyaXB0aW9uPiA8L3JkZjpSREY+IDwveDp4bXBtZXRhPiA8P3hwYWNrZXQgZW5kPSJyIj8+aHNJrgAAAZ1JREFUeNpsUssrRGEU/907985YMDPNYlh4hbKZPMdgR3aysrGSSFIeKyUKpewoRTYkmcgCf4MsMI2FPDYGKeUZSoru4/uc82VC+W7fOeee+zvn/M45V1uuyCmVwDogq0hDklD6jy1dspNkdxokVrIzPFUh0/MD5OdXoJDwPFtu3d2ns6TTp9oggTlFZlmN0o4AHMmXfJGo0lmGzoE1OgmNHf5YA8rmN5HfM6wADmUuHphA9cIW/JX1yiek9DIlyijxkNjBzXYche19gNcHzfShoLUdVxtLuD/cYzCoMAzCwqYrhMDx9Chs20JRWzf4nMcXcDI3pYAqQHIAtWUJbpKursMMhpA+RiAEGzpc4X5XkDB4GjaHmiZik/PIa2rBEWVlSuW9Q+T3YndskBi46QpQFcLltchtbEZyZhxna4uKhmV9Ito/gtPNOG4P99WItdlIWARNXWOAv6AEr9cplel7/ggUleDlMqUSvNnCobHKxDsNnqs8XaWUZopp/XhxTkOR+HDVOveYUge9rNLyY9SU9v+vwXuUB2R0fQkwABfn/VKSjTLBAAAAAElFTkSuQmCC) " "}
.error.label th:first-child:before, .error.label td:first-child:before {content:url(data:image/png;base64,iVBORw0KGgoAAAANSUhEUgAAAAwAAAAMCAYAAABWdVznAAAABmJLR0QAAAAAAAD5Q7t/AAAACXBIWXMAAAsTAAALEwEAmpwYAAAAB3RJTUUH3QcKER4AdkxvvQAAAdVJREFUKM89kM9KG0EAh7/JTHazZInEQwJ68KIWLx6Etj6EjxAobYSsD+BjCJ682EOp0FMueYmS0FMICF4i6tFNzJ/dyRh2Znoo6Xf+Pn7wEzc3Nx/W6/UvY8xJnudkWYa1Fu893nviOCaKIhuG4R/v/Ve1Xq9/bG1tnezs7JDnOVpr3t/fcc4hpaRSqVCpVORqtTp9e3v7rrTWn5vNJpPJhHK5zHg8JssyvPeEYcjR0RFpmlKr1ZjP5x9Li8VCbOR2u83BwQEvLy88PT1xfHzMxcUFQgjSNCXLskDlec5sNuPx8REpJZ1Oh+fnZ4QQnJ+fc319Tb/fZ29vD601SmvNdDplsVhwe3vLaDTi6uoKgCRJGAwGNBoNXl9fMcZQcs5hjGG1WpHnObVajQ3VahWtNcYYjDE451Cb+7z3JElCkiScnZ0hpaTX67G7u0u328V7/y+oVqsIITg8PKTT6dBqtRgOhzjnaLVa3N3dcX9/z3K5JI5jxOXlpSuKQqRpirWWh4eH//Plcpn9/X2cc2xvb1MqlQqllBpYa0/jOGYymdBsNsmyDOccURRRFAX1eh2lFGEY/lZBEHyx1v703n8KgkBEUYSUEu/9RkIIUQRB0A/D8NtflUT+nn4OS+0AAAAASUVORK5CYII=) " "}
.pending.label th:first-child:before, .pending.label td:first-child:before {content:url(data:image/png;base64,iVBORw0KGgoAAAANSUhEUgAAAAwAAAAMCAYAAABWdVznAAAAGXRFWHRTb2Z0d2FyZQBBZG9iZSBJbWFnZVJlYWR5ccllPAAAA2ZpVFh0WE1MOmNvbS5hZG9iZS54bXAAAAAAADw/eHBhY2tldCBiZWdpbj0i77u/IiBpZD0iVzVNME1wQ2VoaUh6cmVTek5UY3prYzlkIj8+IDx4OnhtcG1ldGEgeG1sbnM6eD0iYWRvYmU6bnM6bWV0YS8iIHg6eG1wdGs9IkFkb2JlIFhNUCBDb3JlIDUuMy1jMDExIDY2LjE0NTY2MSwgMjAxMi8wMi8wNi0xNDo1NjoyNyAgICAgICAgIj4gPHJkZjpSREYgeG1sbnM6cmRmPSJodHRwOi8vd3d3LnczLm9yZy8xOTk5LzAyLzIyLXJkZi1zeW50YXgtbnMjIj4gPHJkZjpEZXNjcmlwdGlvbiByZGY6YWJvdXQ9IiIgeG1sbnM6eG1wTU09Imh0dHA6Ly9ucy5hZG9iZS5jb20veGFwLzEuMC9tbS8iIHhtbG5zOnN0UmVmPSJodHRwOi8vbnMuYWRvYmUuY29tL3hhcC8xLjAvc1R5cGUvUmVzb3VyY2VSZWYjIiB4bWxuczp4bXA9Imh0dHA6Ly9ucy5hZG9iZS5jb20veGFwLzEuMC8iIHhtcE1NOk9yaWdpbmFsRG9jdW1lbnRJRD0ieG1wLmRpZDpCQjU0NjU4QjIyQTNFMTExQkI5Rjk5QkQ4RkQ5RUJFQiIgeG1wTU06RG9jdW1lbnRJRD0ieG1wLmRpZDpDODdDM0Y0QUEzRDUxMUUxQjk5N0MzQjVFRDMyQUE1MiIgeG1wTU06SW5zdGFuY2VJRD0ieG1wLmlpZDpDODdDM0Y0OUEzRDUxMUUxQjk5N0MzQjVFRDMyQUE1MiIgeG1wOkNyZWF0b3JUb29sPSJBZG9iZSBQaG90b3Nob3AgQ1M2IChXaW5kb3dzKSI+IDx4bXBNTTpEZXJpdmVkRnJvbSBzdFJlZjppbnN0YW5jZUlEPSJ4bXAuaWlkOjQ4MTZDRTNCRDVBM0UxMTFBQTI2QTBCMjZENzg1Qzg5IiBzdFJlZjpkb2N1bWVudElEPSJ4bXAuZGlkOkJCNTQ2NThCMjJBM0UxMTFCQjlGOTlCRDhGRDlFQkVCIi8+IDwvcmRmOkRlc2NyaXB0aW9uPiA8L3JkZjpSREY+IDwveDp4bXBtZXRhPiA8P3hwYWNrZXQgZW5kPSJyIj8+yj6RYgAAAPZJREFUeNp0kM8KgkAQxmc1E0Wfo3vQn5eRSDx4EUHwbTpEhx4lil7DiydBQUFXp5nAMNsGhpnd/X77za4Iw3CFiFcAWFMFDkXtKZ/UHhfUnB3HWdu2/REpAL2u631ZlicGdpZlwTAMSmBM0zS5bhgQLB5FU3AOUS4XvNn3vVKgAACCIMA0TbFpGsyyDJMkefdFUWAcx1hVFeZ5jlEUoed5qPEI7KDrOhiG8e6llNC27Zcz77FW+L6Pruv+WKtGIzfgR39umv/UHOJgAMlO/BPOXCQDD5p3r2ma8lvHNU9BcWPg0HXdhRZbOhRT8aSXVO9U/ZcAAwAsmjsSQcM0lwAAAABJRU5ErkJggg==) " ";}
.successful.label th:first-child:before, .successful.label td:first-child:before {content:url(data:image/png;base64,iVBORw0KGgoAAAANSUhEUgAAAAwAAAAMCAYAAABWdVznAAAAGXRFWHRTb2Z0d2FyZQBBZG9iZSBJbWFnZVJlYWR5ccllPAAAA2ZpVFh0WE1MOmNvbS5hZG9iZS54bXAAAAAAADw/eHBhY2tldCBiZWdpbj0i77u/IiBpZD0iVzVNME1wQ2VoaUh6cmVTek5UY3prYzlkIj8+IDx4OnhtcG1ldGEgeG1sbnM6eD0iYWRvYmU6bnM6bWV0YS8iIHg6eG1wdGs9IkFkb2JlIFhNUCBDb3JlIDUuMy1jMDExIDY2LjE0NTY2MSwgMjAxMi8wMi8wNi0xNDo1NjoyNyAgICAgICAgIj4gPHJkZjpSREYgeG1sbnM6cmRmPSJodHRwOi8vd3d3LnczLm9yZy8xOTk5LzAyLzIyLXJkZi1zeW50YXgtbnMjIj4gPHJkZjpEZXNjcmlwdGlvbiByZGY6YWJvdXQ9IiIgeG1sbnM6eG1wTU09Imh0dHA6Ly9ucy5hZG9iZS5jb20veGFwLzEuMC9tbS8iIHhtbG5zOnN0UmVmPSJodHRwOi8vbnMuYWRvYmUuY29tL3hhcC8xLjAvc1R5cGUvUmVzb3VyY2VSZWYjIiB4bWxuczp4bXA9Imh0dHA6Ly9ucy5hZG9iZS5jb20veGFwLzEuMC8iIHhtcE1NOk9yaWdpbmFsRG9jdW1lbnRJRD0ieG1wLmRpZDpCQjU0NjU4QjIyQTNFMTExQkI5Rjk5QkQ4RkQ5RUJFQiIgeG1wTU06RG9jdW1lbnRJRD0ieG1wLmRpZDpEMDVBNThBQUEzRDUxMUUxQjdCQkM2QUNBMTNBMDExNiIgeG1wTU06SW5zdGFuY2VJRD0ieG1wLmlpZDpEMDVBNThBOUEzRDUxMUUxQjdCQkM2QUNBMTNBMDExNiIgeG1wOkNyZWF0b3JUb29sPSJBZG9iZSBQaG90b3Nob3AgQ1M2IChXaW5kb3dzKSI+IDx4bXBNTTpEZXJpdmVkRnJvbSBzdFJlZjppbnN0YW5jZUlEPSJ4bXAuaWlkOjQ4MTZDRTNCRDVBM0UxMTFBQTI2QTBCMjZENzg1Qzg5IiBzdFJlZjpkb2N1bWVudElEPSJ4bXAuZGlkOkJCNTQ2NThCMjJBM0UxMTFCQjlGOTlCRDhGRDlFQkVCIi8+IDwvcmRmOkRlc2NyaXB0aW9uPiA8L3JkZjpSREY+IDwveDp4bXBtZXRhPiA8P3hwYWNrZXQgZW5kPSJyIj8+xJ3YrgAAAYBJREFUeNpsUrtKA1EQPZtdY4gEQiD4QCsLEVGX4CP4AykEq1hYiGghCDZ+gBZWVtrZ+EAjaGOhfoAkNiaKhYWICilMEQNqoYjZ5O4d5+6ucQuLM3funDNzD7OrLe229YBwSKAEnyAP/pyIbL5fcz5rcNiLtuqJSEz3ickn5ruE/vFmJ9/LYjvAldGWqA7bJkgPtoAHQrS5G6NdiwhFWCoxHOCgKUL+iurkCBVawyamE8d4qmSZ51clBZUlh+RG14JzEsJNcaTNLVwWd1B6vXXqkmGoYNeVUPnW3JNr4+YarPoncvebEAKNekAlokaY6N/A1NA+SBgY6Eijtz2Fs5sVWNWawysorWNJsO+q9QWzaxLTYwfojA3isZzDfSnrWvTsNiyp7pOrZURC7ejrTDEpcVpY9ab+NSioLZEiapZA5nwBxZcC8g9HeK7ccYM7TDnwmoU2vx6/NIJaUjc0b0u8YvJNle5HdJvlhbI0Y31ThqsjTGr0/+8hOOQ5nfsRYACtHiy+FDd82wAAAABJRU5ErkJggg==) " "}
/*.successful.label a:before {content:url(data:image/png;base64,iVBORw0KGgoAAAANSUhEUgAAAAwAAAAMCAYAAABWdVznAAAAGXRFWHRTb2Z0d2FyZQBBZG9iZSBJbWFnZVJlYWR5ccllPAAAA2ZpVFh0WE1MOmNvbS5hZG9iZS54bXAAAAAAADw/eHBhY2tldCBiZWdpbj0i77u/IiBpZD0iVzVNME1wQ2VoaUh6cmVTek5UY3prYzlkIj8+IDx4OnhtcG1ldGEgeG1sbnM6eD0iYWRvYmU6bnM6bWV0YS8iIHg6eG1wdGs9IkFkb2JlIFhNUCBDb3JlIDUuMy1jMDExIDY2LjE0NTY2MSwgMjAxMi8wMi8wNi0xNDo1NjoyNyAgICAgICAgIj4gPHJkZjpSREYgeG1sbnM6cmRmPSJodHRwOi8vd3d3LnczLm9yZy8xOTk5LzAyLzIyLXJkZi1zeW50YXgtbnMjIj4gPHJkZjpEZXNjcmlwdGlvbiByZGY6YWJvdXQ9IiIgeG1sbnM6eG1wTU09Imh0dHA6Ly9ucy5hZG9iZS5jb20veGFwLzEuMC9tbS8iIHhtbG5zOnN0UmVmPSJodHRwOi8vbnMuYWRvYmUuY29tL3hhcC8xLjAvc1R5cGUvUmVzb3VyY2VSZWYjIiB4bWxuczp4bXA9Imh0dHA6Ly9ucy5hZG9iZS5jb20veGFwLzEuMC8iIHhtcE1NOk9yaWdpbmFsRG9jdW1lbnRJRD0ieG1wLmRpZDpCQjU0NjU4QjIyQTNFMTExQkI5Rjk5QkQ4RkQ5RUJFQiIgeG1wTU06RG9jdW1lbnRJRD0ieG1wLmRpZDpEMDVBNThBQUEzRDUxMUUxQjdCQkM2QUNBMTNBMDExNiIgeG1wTU06SW5zdGFuY2VJRD0ieG1wLmlpZDpEMDVBNThBOUEzRDUxMUUxQjdCQkM2QUNBMTNBMDExNiIgeG1wOkNyZWF0b3JUb29sPSJBZG9iZSBQaG90b3Nob3AgQ1M2IChXaW5kb3dzKSI+IDx4bXBNTTpEZXJpdmVkRnJvbSBzdFJlZjppbnN0YW5jZUlEPSJ4bXAuaWlkOjQ4MTZDRTNCRDVBM0UxMTFBQTI2QTBCMjZENzg1Qzg5IiBzdFJlZjpkb2N1bWVudElEPSJ4bXAuZGlkOkJCNTQ2NThCMjJBM0UxMTFCQjlGOTlCRDhGRDlFQkVCIi8+IDwvcmRmOkRlc2NyaXB0aW9uPiA8L3JkZjpSREY+IDwveDp4bXBtZXRhPiA8P3hwYWNrZXQgZW5kPSJyIj8+xJ3YrgAAAYBJREFUeNpsUrtKA1EQPZtdY4gEQiD4QCsLEVGX4CP4AykEq1hYiGghCDZ+gBZWVtrZ+EAjaGOhfoAkNiaKhYWICilMEQNqoYjZ5O4d5+6ucQuLM3funDNzD7OrLe229YBwSKAEnyAP/pyIbL5fcz5rcNiLtuqJSEz3ickn5ruE/vFmJ9/LYjvAldGWqA7bJkgPtoAHQrS5G6NdiwhFWCoxHOCgKUL+iurkCBVawyamE8d4qmSZ51clBZUlh+RG14JzEsJNcaTNLVwWd1B6vXXqkmGoYNeVUPnW3JNr4+YarPoncvebEAKNekAlokaY6N/A1NA+SBgY6Eijtz2Fs5sVWNWawysorWNJsO+q9QWzaxLTYwfojA3isZzDfSnrWvTsNiyp7pOrZURC7ejrTDEpcVpY9ab+NSioLZEiapZA5nwBxZcC8g9HeK7ccYM7TDnwmoU2vx6/NIJaUjc0b0u8YvJNle5HdJvlhbI0Y31ThqsjTGr0/+8hOOQ5nfsRYACtHiy+FDd82wAAAABJRU5ErkJggg==) " "}*/

.xspecResult { width: 90%; table-layout: fixed; }

.xspecResult td,
.xspecResult th { width: 50%; }

/*.xspecResult pre { 
  margin-left: 0; 
  padding: 0.5em; 
  overflow: auto; 
  border: 1px #999 dotted;
}*/

span.scenario-totals {float: right; width: 14.5%; text-align: left}

/* OXYGEN */
span.scenario-totals {float: right; width: 34.5%; text-align: right}

h2.failed {
    background-color: #FCC;
}

h1, h2 {
    width: 86%;
    /*margin-left: 3%;*/
    
    font-size:1.4em;
    font-weight:bold;
    text-align:left;
    margin-top:1.4em;
    margin-bottom:0.7em;
    color:#333333;
    background-color:inherit;
}

h1 {
    font-size:1.7em;
}

body &gt; h1:first-child:before {
    content:"XSLT UNIT ";
}

body &gt; h2:first-of-type {
    font-size:1.7em;
}

div &gt; table &gt; tbody &gt; tr &gt; th:first-child {
    font-weight:bold;
}

div &gt; h3 {
    font-weight:bold;
    /*margin-left: 3%;*/
}

div &gt; h4 {
    font-weight:normal;
    /*margin-left: 4%;*/
}

th.result { text-align: center; }
/* OXYGEN */


/* ------------------------------------------------------------------------ */
/*  DO NOT ALTER OR REMOVE COPYRIGHT NOTICES OR THIS COMMENT.               */
/*                                                                          */
/*  Copyright (c) 2008, 2010 Jeni Tennsion                                  */
/*                                                                          */
/*  The contents of this file are subject to the MIT License (see the URI   */
/*  http://www.opensource.org/licenses/mit-license.php for details).        */
/*                                                                          */
/*  Permission is hereby granted, free of charge, to any person obtaining   */
/*  a copy of this software and associated documentation files (the         */
/*  "Software"), to deal in the Software without restriction, including     */
/*  without limitation the rights to use, copy, modify, merge, publish,     */
/*  distribute, sublicense, and/or sell copies of the Software, and to      */
/*  permit persons to whom the Software is furnished to do so, subject to   */
/*  the following conditions:                                               */
/*                                                                          */
/*  The above copyright notice and this permission notice shall be          */
/*  included in all copies or substantial portions of the Software.         */
/*                                                                          */
/*  THE SOFTWARE IS PROVIDED "AS IS", WITHOUT WARRANTY OF ANY KIND,         */
/*  EXPRESS OR IMPLIED, INCLUDING BUT NOT LIMITED TO THE WARRANTIES OF      */
/*  MERCHANTABILITY, FITNESS FOR A PARTICULAR PURPOSE AND NONINFRINGEMENT.  */
/*  IN NO EVENT SHALL THE AUTHORS OR COPYRIGHT HOLDERS BE LIABLE FOR ANY    */
/*  CLAIM, DAMAGES OR OTHER LIABILITY, WHETHER IN AN ACTION OF CONTRACT,    */
/*  TORT OR OTHERWISE, ARISING FROM, OUT OF OR IN CONNECTION WITH THE       */
/*  SOFTWARE OR THE USE OR OTHER DEALINGS IN THE SOFTWARE.                  */
/* ------------------------------------------------------------------------ */

.nobr { white-space: nowrap; }
.scenario-label { text-indent: 0px; }
.context-label { text-indent: 10px; }
.test-label { text-indent: 20px; }
.pending-label { text-indent: 30px; }


        /**/</style>
    </head><body><h1>Test Report</h1><p>Script: <a href="file:/home/jostein/xprocspec/src/test/xprocspec/tests/call-1.xprocspec">file:/home/jostein/xprocspec/src/test/xprocspec/tests/call-1.xprocspec</a></p><p>Tested: 2013-09-05T16:00:33.124+02:00</p><h2>Contents</h2><table class="xspec"><col width="75%"/><col width="5%"/><col width="5%"/><col width="5%"/><col width="5%"/><col width="5%"/><thead><tr><th/><th class="result">passed:3</th><th class="result">pending:0</th><th class="result">failed:0</th><th class="result">errors:0</th><th class="result">total:3</th></tr></thead><tbody><tr class="successful label"><th><a href="#step1">ex:identity</a></th><th class="result">3</th><th class="result">0</th><th class="result">0</th><th class="result">0</th><th class="result">3</th></tr></tbody></table><div id="step1"><h2 class="successful">Calling: <a href="file:/home/jostein/xprocspec/src/test/xprocspec/steps/identity.xpl">ex:identity</a><span class="scenario-totals">passed:3 / pending:0 /
                                        failed:0 / errors:0 / total:3</span></h2><table class="xspec"><col width="80%"/><col width="20%"/><tbody><tr class="successful label"><th class="scenario-label">x:call with @step x:call with 'option' option x:call with 'option.required' option</th><th class="nobr">passed:3 / pending:0 / failed:0 / errors:0 / total:3</th></tr><tr class="successful label"><th class="context-label">errors</th><th class="nobr">passed:1 / pending:0 / failed:0 / errors:0 / total:1</th></tr><tr class="successful label"><td class="test-label">the step should execute successfully without throwing any errors</td><td>Success</td></tr><tr class="successful label"><th class="context-label">the results</th><th class="nobr">passed:2 / pending:0 / failed:0 / errors:0 / total:2</th></tr><tr class="successful label"><td class="test-label">the option 'option' should have the value 'option-value'</td><td>Success</td></tr><tr class="successful label"><td class="test-label">the option 'option.required' should have the value 'option-value'</td><td>Success</td></tr></tbody></table></div><h2>Execution log</h2><table><thead><tr><th>Time</th><th>Severity</th><th>Message</th></tr></thead><tbody><tr style=""><td>0.000</td><td style="padding-left:0%;">INFO</td><td><code><pre>#### file:/home/jostein/xprocspec/src/test/xprocspec/tests/call-1.xprocspec ####</pre></code></td></tr><tr style=""><td>0.006</td><td style="padding-left:0%;">INFO</td><td><code><pre> * temporary directory: file:/tmp/xprocspec-20130905160023007/</pre></code></td></tr><tr style=""><td>0.012</td><td style="padding-left:0%;">INFO</td><td><code><pre>preprocessing...</pre></code></td></tr><tr style=""><td>0.034</td><td style="padding-left:0%;">INFO</td><td><code><pre> * checking for imports</pre></code></td></tr><tr style=""><td>0.041</td><td style="padding-left:0%;">INFO</td><td><code><pre> * checking file:/home/jostein/xprocspec/src/test/xprocspec/tests/call-1.xprocspec for imports</pre></code></td></tr><tr style=""><td>0.047</td><td style="padding-left:0%;">INFO</td><td><code><pre> * extracting step declarations from file:/home/jostein/xprocspec/src/test/xprocspec/steps/identity.xpl</pre></code></td></tr><tr style=""><td>0.054</td><td style="padding-left:0%;">INFO</td><td><code><pre> * tests reference 1 step</pre></code></td></tr><tr style=""><td>0.059</td><td style="padding-left:0%;">INFO</td><td><code><pre>   * step: e:identity</pre></code></td></tr><tr style=""><td>0.065</td><td style="padding-left:0%;">INFO</td><td><code><pre> * trying to load: file:/home/jostein/xprocspec/src/test/xprocspec/steps/identity.xpl</pre></code></td></tr><tr style=""><td>0.072</td><td style="padding-left:0%;">INFO</td><td><code><pre>   * success!</pre></code></td></tr><tr style=""><td>0.081</td><td style="padding-left:0%;">INFO</td><td><code><pre> * trying to extract the step declaration for {http://example.net/ns}identity from file:/home/jostein/xprocspec/src/test/xprocspec/steps/identity.xpl</pre></code></td></tr><tr style=""><td>0.094</td><td style="padding-left:0%;">INFO</td><td><code><pre> * creating a new x:description document for each x:scenario element with inferred inputs, options and parameters</pre></code></td></tr><tr style=""><td>0.109</td><td style="padding-left:0%;">INFO</td><td><code><pre> * validating output grammar</pre></code></td></tr><tr style=""><td>0.123</td><td style="padding-left:0%;">INFO</td><td><code><pre>compiling...</pre></code></td></tr><tr style=""><td>0.131</td><td style="padding-left:0%;">INFO</td><td><code><pre> * created directory using Calabash's cxf:mkdir</pre></code></td></tr><tr style=""><td>0.137</td><td style="padding-left:0%;">INFO</td><td><code><pre> * converting test 'test1' to XProc</pre></code></td></tr><tr style=""><td>0.152</td><td style="padding-left:0%;">INFO</td><td><code><pre>   * done</pre></code></td></tr><tr style=""><td>0.159</td><td style="padding-left:0%;">INFO</td><td><code><pre> * validating output grammar for file:/home/jostein/xprocspec/src/test/xprocspec/tests/call-1.xprocspec</pre></code></td></tr><tr style=""><td>0.174</td><td style="padding-left:0%;">INFO</td><td><code><pre>   * done!</pre></code></td></tr><tr style=""><td>0.181</td><td style="padding-left:0%;">INFO</td><td><code><pre> * using as temporary directory: file:/tmp/xprocspec-20130905160023007/xprocspec-20130905160032659/</pre></code></td></tr><tr style=""><td>0.187</td><td style="padding-left:0%;">INFO</td><td><code><pre>storing...</pre></code></td></tr><tr style=""><td>0.196</td><td style="padding-left:0%;">INFO</td><td><code><pre>running...</pre></code></td></tr><tr style=""><td>0.204</td><td style="padding-left:0%;">INFO</td><td><code><pre>   * loading 'file:/tmp/xprocspec-20130905160023007/test1.xpl'</pre></code></td></tr><tr style=""><td>0.272</td><td style="padding-left:0%;">INFO</td><td><code><pre>evaluating...</pre></code></td></tr><tr style=""><td>0.283</td><td style="padding-left:0%;">INFO</td><td><code><pre> * evaluating scenario 'x:call with @step x:call with 'option' option x:call with 'option.required' option' (file:/home/jostein/xprocspec/src/test/xprocspec/tests/call-1.xprocspec)</pre></code></td></tr><tr style=""><td>0.291</td><td style="padding-left:0%;">INFO</td><td><code><pre>   * resolving x:document elements...</pre></code></td></tr><tr style=""><td>0.300</td><td style="padding-left:0%;">INFO</td><td><code><pre>    * no errors occured</pre></code></td></tr><tr style=""><td>0.332</td><td style="padding-left:0%;">INFO</td><td><code><pre>   * grouping x:expect elements with their x:context...</pre></code></td></tr><tr style=""><td>0.341</td><td style="padding-left:0%;">INFO</td><td><code><pre>   * evaluating each context/expect group...</pre></code></td></tr><tr style=""><td>0.348</td><td style="padding-left:0%;">INFO</td><td><code><pre>     * setting context to 'errors'</pre></code></td></tr><tr style=""><td>0.355</td><td style="padding-left:0%;">INFO</td><td><code><pre>       * testing assertion 'the step should execute successfully without throwing any errors'</pre></code></td></tr><tr style=""><td>0.362</td><td style="padding-left:0%;">INFO</td><td><code><pre>         * is document count assertion</pre></code></td></tr><tr style=""><td>0.369</td><td style="padding-left:0%;">INFO</td><td><code><pre>         * assertion passed</pre></code></td></tr><tr style=""><td>0.434</td><td style="padding-left:0%;">INFO</td><td><code><pre>     * setting context to 'the results'</pre></code></td></tr><tr style=""><td>0.442</td><td style="padding-left:0%;">INFO</td><td><code><pre>       * testing assertion 'the option 'option' should have the value 'option-value''</pre></code></td></tr><tr style=""><td>0.451</td><td style="padding-left:0%;">INFO</td><td><code><pre>         * is xpath assertion</pre></code></td></tr><tr style=""><td>0.463</td><td style="padding-left:0%;">INFO</td><td><code><pre>       * testing assertion 'the option 'option.required' should have the value 'option-value''</pre></code></td></tr><tr style=""><td>0.471</td><td style="padding-left:0%;">INFO</td><td><code><pre>         * is xpath assertion</pre></code></td></tr><tr style=""><td>0.499</td><td style="padding-left:0%;">INFO</td><td><code><pre>reporting...</pre></code></td></tr></tbody></table><link rel="stylesheet" href="http://yandex.st/highlightjs/7.3/styles/default.min.css"/><script type="text/javascript" src="http://yandex.st/highlightjs/7.3/highlight.min.js" xml:space="preserve"> </script><script type="text/javascript">hljs.initHighlightingOnLoad();</script></body></html></x:document></x:output><x:output port="junit"><x:document xml:base="file:/home/jostein/xprocspec/src/main/resources/content/xml/xproc/report/report.xpl" xml:space="preserve" type="inline"><testsuites tests="3" failures="0" time="0.509" errors="0" name="call1"><testsuite timestamp="2013-09-05T14:00:33.051Z" hostname="localhost" tests="3" errors="0" failures="0" skipped="0" id="d17571e1" name="xcallWithStepXcallWithOptionOptionXcallWithOptionRequiredOption" package="http://example.net/ns" time="0.008">
<properties>

<property name="option: option" value="option-value"/>
<property name="option: option.required" value="option-value"/>

</properties>
<testcase name="theStepShouldExecuteSuccessfullyWithoutThrowingAnyErrors" classname="identity" assertions="1" time="0" status="SUCCESS"><system-out>the step should execute successfully without throwing any errors: SUCCESS</system-out>
<system-err/></testcase><testcase name="theOptionOptionShouldHaveTheValueOptionvalue" classname="identity" assertions="1" time="0" status="SUCCESS"><system-out>the option 'option' should have the value 'option-value': SUCCESS</system-out>
<system-err/></testcase><testcase name="theOptionOptionRequiredShouldHaveTheValueOptionvalue" classname="identity" assertions="1" time="0" status="SUCCESS"><system-out>the option 'option.required' should have the value 'option-value': SUCCESS</system-out>
<system-err/></testcase></testsuite></testsuites></x:document></x:output><x:test-result contextref="errors" result="passed" max="0" label="the step should execute successfully without throwing any errors" type="count">
                                                        <x:expected>At most 0 documents.</x:expected>
                                                    <x:was>0</x:was></x:test-result><x:test-result contextref="context6" result="passed" test="not(/*/@tests='0') and /*/@failures='0' and /*/@errors='0'" label="there should be at least one test, and none of the tests should fail" type="xpath"><x:expected xml:space="preserve">XPath: true()
Value: true</x:expected><x:was xml:space="preserve">XPath: not(/*/@tests='0') and /*/@failures='0' and /*/@errors='0'
Value: true</x:was></x:test-result></x:description><x:description xmlns:cx="http://xmlcalabash.com/ns/extensions" xmlns:c="http://www.w3.org/ns/xproc-step" xml:base="file:/home/jostein/xprocspec/src/test/xprocspec/test.xprocspec" test-base-uri="file:/home/jostein/xprocspec/src/test/xprocspec/test.xprocspec" script="file:/home/jostein/xprocspec/src/main/resources/content/xml/xproc/xprocspec.xpl" test-grammar="xprocspec" temp-dir="file:/tmp/xprocspec-20130905160023007/"><x:step-declaration><p:declare-step xmlns:p="http://www.w3.org/ns/xproc" xmlns:px="http://www.daisy.org/ns/xprocspec" xmlns:pxi="http://www.daisy.org/ns/xprocspec/xproc-internal/" xmlns:pkg="http://expath.org/ns/pkg" type="px:xprocspec" name="main" version="1.0" xpath-version="2.0" pkg:import-uri="http://www.daisy.org/ns/xprocspec/xprocspec.xpl" x:type="{http://www.daisy.org/ns/xprocspec}xprocspec"><p:input port="source" kind="document" sequence="false" primary="true"/><p:output port="result" kind="document" sequence="false" primary="false"><p:pipe port="result" step="report"/></p:output><p:output port="html" kind="document" sequence="false" primary="false"><p:pipe port="html" step="report"/></p:output><p:output port="junit" kind="document" sequence="false" primary="false"><p:pipe port="junit" step="report"/></p:output><p:option name="temp-dir" select="'file:/tmp/'"/></p:declare-step></x:step-declaration><x:scenario end-time="2013-09-05T14:00:33.958Z" label="the call element - step attribute pointing to step declared in an XProc library" start-time="2013-09-05T14:00:33.475Z"><x:call x:type="{http://www.daisy.org/ns/xprocspec}xprocspec" step="x:xprocspec"><x:option select="$temp-dir" name="temp-dir" value="file:/tmp/xprocspec-20130905160023007/"/><x:input port="source">
                    <x:document xml:base="file:/home/jostein/xprocspec/src/test/xprocspec/test.xprocspec" xml:space="preserve" type="inline"><?xml-model href="http://www.daisy.org/ns/xprocspec/xprocspec.rng" type="application/xml" schematypens="http://relaxng.org/ns/structure/1.0"?><x:description xmlns:e="http://example.net/ns" script="../steps/identity-library.xpl">
    
    <x:scenario label="identity">
        <x:call step="e:identity-2"/>
        <x:context label="the results">
            <x:document type="port" port="result"/>
        </x:context>
        <x:expect type="xpath" label="the contents of the output element should be 'Hello world! #2'" test="/*/text()='Hello world! #2'"/>
    </x:scenario>
    
</x:description></x:document>
                </x:input></x:call>
                                                <x:context label="errors" id="errors">
                                                    
                                                </x:context>
                                            
                                                <x:expect type="count" label="the step should execute successfully without throwing any errors" max="0" contextref="errors"/>
                                            <x:context label="the junit output port" id="context7">
                <x:document xml:base="file:/home/jostein/xprocspec/src/main/resources/content/xml/xproc/report/report.xpl" xml:space="preserve" type="inline"><testsuites tests="2" failures="0" time="0.383" errors="0" name="call2"><testsuite timestamp="2013-09-05T14:00:33.874Z" hostname="localhost" tests="2" errors="0" failures="0" skipped="0" id="d18833e1" name="identity" package="http://example.net/ns" time="0.002">
<properties>


</properties>
<testcase name="theStepShouldExecuteSuccessfullyWithoutThrowingAnyErrors" classname="identity-2" assertions="1" time="0" status="SUCCESS"><system-out>the step should execute successfully without throwing any errors: SUCCESS</system-out>
<system-err/></testcase><testcase name="theContentsOfTheOutputElementShouldBeHelloWorld2" classname="identity-2" assertions="1" time="0" status="SUCCESS"><system-out>the contents of the output element should be 'Hello world! #2': SUCCESS</system-out>
<system-err/></testcase></testsuite></testsuites></x:document>
            </x:context><x:expect label="there should be at least one test, and none of the tests should fail" type="xpath" test="not(/*/@tests='0') and /*/@failures='0' and /*/@errors='0'" contextref="context7"/></x:scenario><x:output port="result"><x:document xml:base="file:/home/jostein/xprocspec/src/main/resources/content/xml/xproc/report/report.xpl" xml:space="preserve" type="inline"><x:test-report><x:description xml:base="file:/home/jostein/xprocspec/src/test/xprocspec/tests/call-2.xprocspec" test-base-uri="file:/home/jostein/xprocspec/src/test/xprocspec/tests/call-2.xprocspec" script="file:/home/jostein/xprocspec/src/test/xprocspec/steps/identity-library.xpl" test-grammar="xprocspec" temp-dir="file:/tmp/xprocspec-20130905160023007/xprocspec-20130905160033596/"><x:step-declaration><p:declare-step xmlns:p="http://www.w3.org/ns/xproc" xmlns:ex="http://example.net/ns" type="ex:identity-2" version="1.0" x:type="{http://example.net/ns}identity-2"><p:input port="source" kind="document" sequence="false" primary="true"><p:inline>
                <doc>Hello world! #2</doc>
            </p:inline></p:input><p:output port="result" kind="document" sequence="false" primary="true"/></p:declare-step></x:step-declaration><x:scenario xmlns:e="http://example.net/ns" end-time="2013-09-05T14:00:33.691Z" label="identity" start-time="2013-09-05T14:00:33.689Z"><x:call x:type="{http://example.net/ns}identity-2" step="e:identity-2"/>
                                                <x:context label="errors" id="errors">
                                                    
                                                </x:context>
                                            
                                                <x:expect type="count" label="the step should execute successfully without throwing any errors" max="0" contextref="errors"/>
                                            <x:context label="the results" id="context0">
            <x:document xml:base="file:/home/jostein/xprocspec/src/test/xprocspec/tests/call-2.xprocspec" xml:space="preserve" type="inline">
                <doc xmlns:ex="http://example.net/ns">Hello world! #2</doc>
            </x:document>
        </x:context><x:expect type="xpath" label="the contents of the output element should be 'Hello world! #2'" test="/*/text()='Hello world! #2'" contextref="context0"/></x:scenario><x:output port="result"><x:document xml:base="file:/home/jostein/xprocspec/src/test/xprocspec/tests/call-2.xprocspec" xml:space="preserve" type="inline">
                <doc xmlns:ex="http://example.net/ns">Hello world! #2</doc>
            </x:document></x:output><x:test-result contextref="errors" result="passed" max="0" label="the step should execute successfully without throwing any errors" type="count">
                                                        <x:expected>At most 0 documents.</x:expected>
                                                    <x:was>0</x:was></x:test-result><x:test-result contextref="context0" result="passed" test="/*/text()='Hello world! #2'" label="the contents of the output element should be 'Hello world! #2'" type="xpath"><x:expected xml:space="preserve">XPath: true()
Value: true</x:expected><x:was xml:space="preserve">XPath: /*/text()='Hello world! #2'
Value: true</x:was></x:test-result></x:description></x:test-report></x:document></x:output><x:output port="html"><x:document xml:base="file:/home/jostein/xprocspec/src/main/resources/content/xml/xproc/report/report-template.xhtml" xml:space="preserve" type="inline"><html xmlns="http://www.w3.org/1999/xhtml"><head><title>Test Report for file:/home/jostein/xprocspec/src/test/xprocspec/tests/call-2.xprocspec (passed:2 / pending:0 / failed:0 / errors:0 / total:2)</title>
        <meta charset="utf-8"/>
        <style type="text/css" xml:space="preserve">/**/
/****************************************************************************/
/*  File:       test-report.css                                             */
/*  Author:     Jeni Tennsion                                               */
/*  URI:        http://xspec.googlecode.com/                                */
/*  Tags:                                                                   */
/*    Copyright (c) 2008, 2010 Jeni Tennsion (see end of file.)             */
/* ------------------------------------------------------------------------ */


/* test */

/* box model */

body {
	margin-right: 1em;
	/*margin-left: 10%;*/
	}

h1 {
	padding: 0.3em 0.5em 0.3em 0.5em;
	position: relative;
	}

h2 {
	padding: 0.1em 0.5em 0.2em 0.5em;
	}

h3 {
	padding-left: 0.6em;
	}

h4 {
	padding-left: 0.8em;
	}

p, table {
	/*margin-left: 5%;*/
	}

dd ul, dd ol {
	margin-left: 0%;
	}

li ul, li ol {
	/*margin-left: 5%;*/
	}

dl, ul, ol, blockquote {
	/*margin-left: 10%;*/
	}

dt {
  padding-top: 3px;
  padding-bottom: 3px;
	clear: both;
	}

dd p {
	/*margin-left: -5px;*/
	margin-top: 5px;
	clear: both;
	}

p.link {
	margin-top: 4px;
	margin-bottom: 0px;
	clear: both;
	}

tr td, td p, li, li p {
	margin-left: 0%;
	}

td:nth-child(2) {
	padding-left: 5%;
	}

.link img, dt img {
	vertical-align: middle;
	position: relative;
	top: -5px;
	}

img {
	position: relative;
	}

#xml-link {
	position: absolute;
	left: 5px;
	top: 5px;
	width: 10%;
	margin-left: 0%;
	}

#link-up {
	position: absolute;
	left: 93%;
	right: 2em;
	top: 0.3em;
	}

#link-top {
	position: absolute;
	left: 89%;
	right: 4em;
	top: 0.3em;
	}
	
.popup {
	display: block;
	visibility: hidden;
	float: right;
	position: absolute;
	top: 5px;
	left: -200px;
	z-index: 1;
	padding: 0.3em;
	width: 220px;
	}

.note {
	position: relative;
	}

.post {
	/*margin-left: 5%;*/
	padding-top: 1em;
	}
	
.example, .sidebar {
  /*margin-left: 5%;*/
  margin-top: 1em;
  margin-bottom: 1em;
  }

/*pre {
	padding-left: 5%;
	margin-left: 5%;
	}*/

/*dd pre, li pre {
	padding-left: 5%;
	}*/

/* fonts */
/* Oxygen  */
body, table {
    font-family:arial, helvetica, sans-serif;
    font-size:12px;
}
/* Oxygen  */

/*body {
	font-family: Verdana, arial, sans-serif;
	font-size: small;
	}*/	

/*h1, h2, h3, h4, h5, h6 {
	font-family: 'trebuchet MS', arial, sans-serif;
	}*/

h1 {
	font-size: 173%;
	font-weight: bold;
	}

h2 {
	font-size: 144%;
	font-weight: normal;
	}

h3 {
	font-size: 120%;
	font-weight: normal;
	}

h4 {
  font-size: 100%;
  font-weight: bold;
}

dt {
	font-weight: bold;
	}

a:link, a:visited, a:active, a:hover {
	font-weight: bold;
	}

a.offsite:link, a.offsite:visited, a.offsite:active, a.offsite:hover {
	font-weight: normal;
	}

/* suppress the normal italics */
address {
	font-style: normal;
	}

div.example, .sidebar {
  font-family: Verdana, arial, sans-serif;
  font-size: 100%;
  }


.note, .link {
	font-family: Verdana, arial, sans-serif;
	/*font-size: 83%;*/
	}

/*.example, .string, .rtf, .code, pre, code {
	font-family: "Lucida Console", "Courier New", monospace;*/
  /*font-size: 83%;*/
/*	}*/

.boolean {
	font-style: italic;
	}

#colophon, #xml-link {
	font-size: 69%;
	}

.question, .title {
	font-weight: bold;
	}

/* colours */
body {
	background-color: white;
	color: black;
	border: 0px none black;
	}

/* this is to make Navigator fill the entire line */
h1, h2 {
	border: 1px solid white;
	width: auto;
	}

h1 {
	/*background: #606;*/
	/*color: #6F6;*/
	}

h2 {
	color: #606;
	/*background: #CFC;*/
	}

hr {
	color: #606;
	background: white;
	}

img, a:link img, a:visited img, a:hover img, a:active img, #link-up img, #link-top img {
	border: 0px none white;
	background: transparent;
	}

/* OXYGEN */
a, a:visited {
    color:rgb(0, 0, 150);
    background-color:inherit;
    font-weight: bold;
}
a:link, a:visited {
    text-decoration:none; 
}
a:hover {
    text-decoration:underline;
}

/* OXYGEN */

a.img:hover, a.img:active {
	background: transparent;
	}

#colophon, #xml-link, .note {
	color: #666;
	}

#colophon a:link, #colophon a:visited, #colophon a:hover,
#xml-link a:link, #xml-link a:visited, #xml-link a:hover,
.note a:link, .note a:visited, .note a:hover {
	color: #969;
	background: transparent;
	}

#colophon a:hover, #xml-link a:hover, .note a:hover {
	background: #CFC;
	color: #969;
	}

.popup {
	background: white;
	border: 1px solid #606;
	}

.post {
	border-top: 2px solid #606;
	}
	
.example {
  border-top: 2px solid #606;
  border-bottom: 2px solid #606;
  }
  
.sidebar {
  border-top: 2px solid #090;
  border-bottom: 2px solid #090;
  }
  
.rng {
  border-left: 2px solid #666;
  }

.same {
  background-color: rgb(206, 239, 174);
}

.diff {
  background-color: #FCC;
}

.whitespace {
	font-style: italic;
	color: #999;
	background: white;
}

.ignored {
  font-style: italic;
  color: #999;
  background: white;
}

.hit {
}

.missed {
  background-color: #A33;
  color: white;
}

/* text */
ol ol li {
	list-style: lower-alpha;
	}

th {
	text-align: left;
	}

td {
	vertical-align: top;
	}

h1 {
	text-transform: uppercase;
	}

h2, h3 {
	/*text-transform: capitalize;*/
	}

.question {
	text-indent: -33px;
	}

.byline {
	text-align: right;
	}

#link-top, #link-up {
	text-align: right;
	}

a {
	text-decoration: none;
	}

table { width: 85%;
        /* border: collapse; */ }

th { text-align: left; }

.xspec tbody th { font-weight: normal; /*font-size: 0.8em;*/ border-top: 1px #666 solid; }
.xspec tbody td { /*font-size: 0.8em;*/ color: #666; }

.successful.label th, .successful.label td { background-color: #CFC; }
.pending.label th, .pending.label td { background-color: #DDD; color: #666; }
.failed.label th, .failed.label td { background-color: #FCC; }
.error.label th, .error.label td { background-color: #FAA; }
/*body &gt; table tbody .failed.label th:first-child:before {content:url(data:image/png;base64,iVBORw0KGgoAAAANSUhEUgAAAAwAAAAMCAYAAABWdVznAAAAGXRFWHRTb2Z0d2FyZQBBZG9iZSBJbWFnZVJlYWR5ccllPAAAA2ZpVFh0WE1MOmNvbS5hZG9iZS54bXAAAAAAADw/eHBhY2tldCBiZWdpbj0i77u/IiBpZD0iVzVNME1wQ2VoaUh6cmVTek5UY3prYzlkIj8+IDx4OnhtcG1ldGEgeG1sbnM6eD0iYWRvYmU6bnM6bWV0YS8iIHg6eG1wdGs9IkFkb2JlIFhNUCBDb3JlIDUuMy1jMDExIDY2LjE0NTY2MSwgMjAxMi8wMi8wNi0xNDo1NjoyNyAgICAgICAgIj4gPHJkZjpSREYgeG1sbnM6cmRmPSJodHRwOi8vd3d3LnczLm9yZy8xOTk5LzAyLzIyLXJkZi1zeW50YXgtbnMjIj4gPHJkZjpEZXNjcmlwdGlvbiByZGY6YWJvdXQ9IiIgeG1sbnM6eG1wTU09Imh0dHA6Ly9ucy5hZG9iZS5jb20veGFwLzEuMC9tbS8iIHhtbG5zOnN0UmVmPSJodHRwOi8vbnMuYWRvYmUuY29tL3hhcC8xLjAvc1R5cGUvUmVzb3VyY2VSZWYjIiB4bWxuczp4bXA9Imh0dHA6Ly9ucy5hZG9iZS5jb20veGFwLzEuMC8iIHhtcE1NOk9yaWdpbmFsRG9jdW1lbnRJRD0ieG1wLmRpZDpCQjU0NjU4QjIyQTNFMTExQkI5Rjk5QkQ4RkQ5RUJFQiIgeG1wTU06RG9jdW1lbnRJRD0ieG1wLmRpZDpEQTUyOTdBQUEzRDUxMUUxQTQwN0YzMUI0Nzg3NDU1RSIgeG1wTU06SW5zdGFuY2VJRD0ieG1wLmlpZDpEQTUyOTdBOUEzRDUxMUUxQTQwN0YzMUI0Nzg3NDU1RSIgeG1wOkNyZWF0b3JUb29sPSJBZG9iZSBQaG90b3Nob3AgQ1M2IChXaW5kb3dzKSI+IDx4bXBNTTpEZXJpdmVkRnJvbSBzdFJlZjppbnN0YW5jZUlEPSJ4bXAuaWlkOjQ4MTZDRTNCRDVBM0UxMTFBQTI2QTBCMjZENzg1Qzg5IiBzdFJlZjpkb2N1bWVudElEPSJ4bXAuZGlkOkJCNTQ2NThCMjJBM0UxMTFCQjlGOTlCRDhGRDlFQkVCIi8+IDwvcmRmOkRlc2NyaXB0aW9uPiA8L3JkZjpSREY+IDwveDp4bXBtZXRhPiA8P3hwYWNrZXQgZW5kPSJyIj8+aHNJrgAAAZ1JREFUeNpsUssrRGEU/907985YMDPNYlh4hbKZPMdgR3aysrGSSFIeKyUKpewoRTYkmcgCf4MsMI2FPDYGKeUZSoru4/uc82VC+W7fOeee+zvn/M45V1uuyCmVwDogq0hDklD6jy1dspNkdxokVrIzPFUh0/MD5OdXoJDwPFtu3d2ns6TTp9oggTlFZlmN0o4AHMmXfJGo0lmGzoE1OgmNHf5YA8rmN5HfM6wADmUuHphA9cIW/JX1yiek9DIlyijxkNjBzXYche19gNcHzfShoLUdVxtLuD/cYzCoMAzCwqYrhMDx9Chs20JRWzf4nMcXcDI3pYAqQHIAtWUJbpKursMMhpA+RiAEGzpc4X5XkDB4GjaHmiZik/PIa2rBEWVlSuW9Q+T3YndskBi46QpQFcLltchtbEZyZhxna4uKhmV9Ito/gtPNOG4P99WItdlIWARNXWOAv6AEr9cplel7/ggUleDlMqUSvNnCobHKxDsNnqs8XaWUZopp/XhxTkOR+HDVOveYUge9rNLyY9SU9v+vwXuUB2R0fQkwABfn/VKSjTLBAAAAAElFTkSuQmCC) " "}*/
/*body &gt; table tbody .error.label th:first-child:before {content:url(data:image/png;base64,iVBORw0KGgoAAAANSUhEUgAAAAwAAAAMCAYAAABWdVznAAAABmJLR0QAAAAAAAD5Q7t/AAAACXBIWXMAAAsTAAALEwEAmpwYAAAAB3RJTUUH3QcKER4AdkxvvQAAAdVJREFUKM89kM9KG0EAh7/JTHazZInEQwJ68KIWLx6Etj6EjxAobYSsD+BjCJ682EOp0FMueYmS0FMICF4i6tFNzJ/dyRh2Znoo6Xf+Pn7wEzc3Nx/W6/UvY8xJnudkWYa1Fu893nviOCaKIhuG4R/v/Ve1Xq9/bG1tnezs7JDnOVpr3t/fcc4hpaRSqVCpVORqtTp9e3v7rrTWn5vNJpPJhHK5zHg8JssyvPeEYcjR0RFpmlKr1ZjP5x9Li8VCbOR2u83BwQEvLy88PT1xfHzMxcUFQgjSNCXLskDlec5sNuPx8REpJZ1Oh+fnZ4QQnJ+fc319Tb/fZ29vD601SmvNdDplsVhwe3vLaDTi6uoKgCRJGAwGNBoNXl9fMcZQcs5hjGG1WpHnObVajQ3VahWtNcYYjDE451Cb+7z3JElCkiScnZ0hpaTX67G7u0u328V7/y+oVqsIITg8PKTT6dBqtRgOhzjnaLVa3N3dcX9/z3K5JI5jxOXlpSuKQqRpirWWh4eH//Plcpn9/X2cc2xvb1MqlQqllBpYa0/jOGYymdBsNsmyDOccURRRFAX1eh2lFGEY/lZBEHyx1v703n8KgkBEUYSUEu/9RkIIUQRB0A/D8NtflUT+nn4OS+0AAAAASUVORK5CYII=) " "}*/
.failed.label th:first-child:before, .failed.label td:first-child:before {content:url(data:image/png;base64,iVBORw0KGgoAAAANSUhEUgAAAAwAAAAMCAYAAABWdVznAAAAGXRFWHRTb2Z0d2FyZQBBZG9iZSBJbWFnZVJlYWR5ccllPAAAA2ZpVFh0WE1MOmNvbS5hZG9iZS54bXAAAAAAADw/eHBhY2tldCBiZWdpbj0i77u/IiBpZD0iVzVNME1wQ2VoaUh6cmVTek5UY3prYzlkIj8+IDx4OnhtcG1ldGEgeG1sbnM6eD0iYWRvYmU6bnM6bWV0YS8iIHg6eG1wdGs9IkFkb2JlIFhNUCBDb3JlIDUuMy1jMDExIDY2LjE0NTY2MSwgMjAxMi8wMi8wNi0xNDo1NjoyNyAgICAgICAgIj4gPHJkZjpSREYgeG1sbnM6cmRmPSJodHRwOi8vd3d3LnczLm9yZy8xOTk5LzAyLzIyLXJkZi1zeW50YXgtbnMjIj4gPHJkZjpEZXNjcmlwdGlvbiByZGY6YWJvdXQ9IiIgeG1sbnM6eG1wTU09Imh0dHA6Ly9ucy5hZG9iZS5jb20veGFwLzEuMC9tbS8iIHhtbG5zOnN0UmVmPSJodHRwOi8vbnMuYWRvYmUuY29tL3hhcC8xLjAvc1R5cGUvUmVzb3VyY2VSZWYjIiB4bWxuczp4bXA9Imh0dHA6Ly9ucy5hZG9iZS5jb20veGFwLzEuMC8iIHhtcE1NOk9yaWdpbmFsRG9jdW1lbnRJRD0ieG1wLmRpZDpCQjU0NjU4QjIyQTNFMTExQkI5Rjk5QkQ4RkQ5RUJFQiIgeG1wTU06RG9jdW1lbnRJRD0ieG1wLmRpZDpEQTUyOTdBQUEzRDUxMUUxQTQwN0YzMUI0Nzg3NDU1RSIgeG1wTU06SW5zdGFuY2VJRD0ieG1wLmlpZDpEQTUyOTdBOUEzRDUxMUUxQTQwN0YzMUI0Nzg3NDU1RSIgeG1wOkNyZWF0b3JUb29sPSJBZG9iZSBQaG90b3Nob3AgQ1M2IChXaW5kb3dzKSI+IDx4bXBNTTpEZXJpdmVkRnJvbSBzdFJlZjppbnN0YW5jZUlEPSJ4bXAuaWlkOjQ4MTZDRTNCRDVBM0UxMTFBQTI2QTBCMjZENzg1Qzg5IiBzdFJlZjpkb2N1bWVudElEPSJ4bXAuZGlkOkJCNTQ2NThCMjJBM0UxMTFCQjlGOTlCRDhGRDlFQkVCIi8+IDwvcmRmOkRlc2NyaXB0aW9uPiA8L3JkZjpSREY+IDwveDp4bXBtZXRhPiA8P3hwYWNrZXQgZW5kPSJyIj8+aHNJrgAAAZ1JREFUeNpsUssrRGEU/907985YMDPNYlh4hbKZPMdgR3aysrGSSFIeKyUKpewoRTYkmcgCf4MsMI2FPDYGKeUZSoru4/uc82VC+W7fOeee+zvn/M45V1uuyCmVwDogq0hDklD6jy1dspNkdxokVrIzPFUh0/MD5OdXoJDwPFtu3d2ns6TTp9oggTlFZlmN0o4AHMmXfJGo0lmGzoE1OgmNHf5YA8rmN5HfM6wADmUuHphA9cIW/JX1yiek9DIlyijxkNjBzXYche19gNcHzfShoLUdVxtLuD/cYzCoMAzCwqYrhMDx9Chs20JRWzf4nMcXcDI3pYAqQHIAtWUJbpKursMMhpA+RiAEGzpc4X5XkDB4GjaHmiZik/PIa2rBEWVlSuW9Q+T3YndskBi46QpQFcLltchtbEZyZhxna4uKhmV9Ito/gtPNOG4P99WItdlIWARNXWOAv6AEr9cplel7/ggUleDlMqUSvNnCobHKxDsNnqs8XaWUZopp/XhxTkOR+HDVOveYUge9rNLyY9SU9v+vwXuUB2R0fQkwABfn/VKSjTLBAAAAAElFTkSuQmCC) " "}
.error.label th:first-child:before, .error.label td:first-child:before {content:url(data:image/png;base64,iVBORw0KGgoAAAANSUhEUgAAAAwAAAAMCAYAAABWdVznAAAABmJLR0QAAAAAAAD5Q7t/AAAACXBIWXMAAAsTAAALEwEAmpwYAAAAB3RJTUUH3QcKER4AdkxvvQAAAdVJREFUKM89kM9KG0EAh7/JTHazZInEQwJ68KIWLx6Etj6EjxAobYSsD+BjCJ682EOp0FMueYmS0FMICF4i6tFNzJ/dyRh2Znoo6Xf+Pn7wEzc3Nx/W6/UvY8xJnudkWYa1Fu893nviOCaKIhuG4R/v/Ve1Xq9/bG1tnezs7JDnOVpr3t/fcc4hpaRSqVCpVORqtTp9e3v7rrTWn5vNJpPJhHK5zHg8JssyvPeEYcjR0RFpmlKr1ZjP5x9Li8VCbOR2u83BwQEvLy88PT1xfHzMxcUFQgjSNCXLskDlec5sNuPx8REpJZ1Oh+fnZ4QQnJ+fc319Tb/fZ29vD601SmvNdDplsVhwe3vLaDTi6uoKgCRJGAwGNBoNXl9fMcZQcs5hjGG1WpHnObVajQ3VahWtNcYYjDE451Cb+7z3JElCkiScnZ0hpaTX67G7u0u328V7/y+oVqsIITg8PKTT6dBqtRgOhzjnaLVa3N3dcX9/z3K5JI5jxOXlpSuKQqRpirWWh4eH//Plcpn9/X2cc2xvb1MqlQqllBpYa0/jOGYymdBsNsmyDOccURRRFAX1eh2lFGEY/lZBEHyx1v703n8KgkBEUYSUEu/9RkIIUQRB0A/D8NtflUT+nn4OS+0AAAAASUVORK5CYII=) " "}
.pending.label th:first-child:before, .pending.label td:first-child:before {content:url(data:image/png;base64,iVBORw0KGgoAAAANSUhEUgAAAAwAAAAMCAYAAABWdVznAAAAGXRFWHRTb2Z0d2FyZQBBZG9iZSBJbWFnZVJlYWR5ccllPAAAA2ZpVFh0WE1MOmNvbS5hZG9iZS54bXAAAAAAADw/eHBhY2tldCBiZWdpbj0i77u/IiBpZD0iVzVNME1wQ2VoaUh6cmVTek5UY3prYzlkIj8+IDx4OnhtcG1ldGEgeG1sbnM6eD0iYWRvYmU6bnM6bWV0YS8iIHg6eG1wdGs9IkFkb2JlIFhNUCBDb3JlIDUuMy1jMDExIDY2LjE0NTY2MSwgMjAxMi8wMi8wNi0xNDo1NjoyNyAgICAgICAgIj4gPHJkZjpSREYgeG1sbnM6cmRmPSJodHRwOi8vd3d3LnczLm9yZy8xOTk5LzAyLzIyLXJkZi1zeW50YXgtbnMjIj4gPHJkZjpEZXNjcmlwdGlvbiByZGY6YWJvdXQ9IiIgeG1sbnM6eG1wTU09Imh0dHA6Ly9ucy5hZG9iZS5jb20veGFwLzEuMC9tbS8iIHhtbG5zOnN0UmVmPSJodHRwOi8vbnMuYWRvYmUuY29tL3hhcC8xLjAvc1R5cGUvUmVzb3VyY2VSZWYjIiB4bWxuczp4bXA9Imh0dHA6Ly9ucy5hZG9iZS5jb20veGFwLzEuMC8iIHhtcE1NOk9yaWdpbmFsRG9jdW1lbnRJRD0ieG1wLmRpZDpCQjU0NjU4QjIyQTNFMTExQkI5Rjk5QkQ4RkQ5RUJFQiIgeG1wTU06RG9jdW1lbnRJRD0ieG1wLmRpZDpDODdDM0Y0QUEzRDUxMUUxQjk5N0MzQjVFRDMyQUE1MiIgeG1wTU06SW5zdGFuY2VJRD0ieG1wLmlpZDpDODdDM0Y0OUEzRDUxMUUxQjk5N0MzQjVFRDMyQUE1MiIgeG1wOkNyZWF0b3JUb29sPSJBZG9iZSBQaG90b3Nob3AgQ1M2IChXaW5kb3dzKSI+IDx4bXBNTTpEZXJpdmVkRnJvbSBzdFJlZjppbnN0YW5jZUlEPSJ4bXAuaWlkOjQ4MTZDRTNCRDVBM0UxMTFBQTI2QTBCMjZENzg1Qzg5IiBzdFJlZjpkb2N1bWVudElEPSJ4bXAuZGlkOkJCNTQ2NThCMjJBM0UxMTFCQjlGOTlCRDhGRDlFQkVCIi8+IDwvcmRmOkRlc2NyaXB0aW9uPiA8L3JkZjpSREY+IDwveDp4bXBtZXRhPiA8P3hwYWNrZXQgZW5kPSJyIj8+yj6RYgAAAPZJREFUeNp0kM8KgkAQxmc1E0Wfo3vQn5eRSDx4EUHwbTpEhx4lil7DiydBQUFXp5nAMNsGhpnd/X77za4Iw3CFiFcAWFMFDkXtKZ/UHhfUnB3HWdu2/REpAL2u631ZlicGdpZlwTAMSmBM0zS5bhgQLB5FU3AOUS4XvNn3vVKgAACCIMA0TbFpGsyyDJMkefdFUWAcx1hVFeZ5jlEUoed5qPEI7KDrOhiG8e6llNC27Zcz77FW+L6Pruv+WKtGIzfgR39umv/UHOJgAMlO/BPOXCQDD5p3r2ma8lvHNU9BcWPg0HXdhRZbOhRT8aSXVO9U/ZcAAwAsmjsSQcM0lwAAAABJRU5ErkJggg==) " ";}
.successful.label th:first-child:before, .successful.label td:first-child:before {content:url(data:image/png;base64,iVBORw0KGgoAAAANSUhEUgAAAAwAAAAMCAYAAABWdVznAAAAGXRFWHRTb2Z0d2FyZQBBZG9iZSBJbWFnZVJlYWR5ccllPAAAA2ZpVFh0WE1MOmNvbS5hZG9iZS54bXAAAAAAADw/eHBhY2tldCBiZWdpbj0i77u/IiBpZD0iVzVNME1wQ2VoaUh6cmVTek5UY3prYzlkIj8+IDx4OnhtcG1ldGEgeG1sbnM6eD0iYWRvYmU6bnM6bWV0YS8iIHg6eG1wdGs9IkFkb2JlIFhNUCBDb3JlIDUuMy1jMDExIDY2LjE0NTY2MSwgMjAxMi8wMi8wNi0xNDo1NjoyNyAgICAgICAgIj4gPHJkZjpSREYgeG1sbnM6cmRmPSJodHRwOi8vd3d3LnczLm9yZy8xOTk5LzAyLzIyLXJkZi1zeW50YXgtbnMjIj4gPHJkZjpEZXNjcmlwdGlvbiByZGY6YWJvdXQ9IiIgeG1sbnM6eG1wTU09Imh0dHA6Ly9ucy5hZG9iZS5jb20veGFwLzEuMC9tbS8iIHhtbG5zOnN0UmVmPSJodHRwOi8vbnMuYWRvYmUuY29tL3hhcC8xLjAvc1R5cGUvUmVzb3VyY2VSZWYjIiB4bWxuczp4bXA9Imh0dHA6Ly9ucy5hZG9iZS5jb20veGFwLzEuMC8iIHhtcE1NOk9yaWdpbmFsRG9jdW1lbnRJRD0ieG1wLmRpZDpCQjU0NjU4QjIyQTNFMTExQkI5Rjk5QkQ4RkQ5RUJFQiIgeG1wTU06RG9jdW1lbnRJRD0ieG1wLmRpZDpEMDVBNThBQUEzRDUxMUUxQjdCQkM2QUNBMTNBMDExNiIgeG1wTU06SW5zdGFuY2VJRD0ieG1wLmlpZDpEMDVBNThBOUEzRDUxMUUxQjdCQkM2QUNBMTNBMDExNiIgeG1wOkNyZWF0b3JUb29sPSJBZG9iZSBQaG90b3Nob3AgQ1M2IChXaW5kb3dzKSI+IDx4bXBNTTpEZXJpdmVkRnJvbSBzdFJlZjppbnN0YW5jZUlEPSJ4bXAuaWlkOjQ4MTZDRTNCRDVBM0UxMTFBQTI2QTBCMjZENzg1Qzg5IiBzdFJlZjpkb2N1bWVudElEPSJ4bXAuZGlkOkJCNTQ2NThCMjJBM0UxMTFCQjlGOTlCRDhGRDlFQkVCIi8+IDwvcmRmOkRlc2NyaXB0aW9uPiA8L3JkZjpSREY+IDwveDp4bXBtZXRhPiA8P3hwYWNrZXQgZW5kPSJyIj8+xJ3YrgAAAYBJREFUeNpsUrtKA1EQPZtdY4gEQiD4QCsLEVGX4CP4AykEq1hYiGghCDZ+gBZWVtrZ+EAjaGOhfoAkNiaKhYWICilMEQNqoYjZ5O4d5+6ucQuLM3funDNzD7OrLe229YBwSKAEnyAP/pyIbL5fcz5rcNiLtuqJSEz3ickn5ruE/vFmJ9/LYjvAldGWqA7bJkgPtoAHQrS5G6NdiwhFWCoxHOCgKUL+iurkCBVawyamE8d4qmSZ51clBZUlh+RG14JzEsJNcaTNLVwWd1B6vXXqkmGoYNeVUPnW3JNr4+YarPoncvebEAKNekAlokaY6N/A1NA+SBgY6Eijtz2Fs5sVWNWawysorWNJsO+q9QWzaxLTYwfojA3isZzDfSnrWvTsNiyp7pOrZURC7ejrTDEpcVpY9ab+NSioLZEiapZA5nwBxZcC8g9HeK7ccYM7TDnwmoU2vx6/NIJaUjc0b0u8YvJNle5HdJvlhbI0Y31ThqsjTGr0/+8hOOQ5nfsRYACtHiy+FDd82wAAAABJRU5ErkJggg==) " "}
/*.successful.label a:before {content:url(data:image/png;base64,iVBORw0KGgoAAAANSUhEUgAAAAwAAAAMCAYAAABWdVznAAAAGXRFWHRTb2Z0d2FyZQBBZG9iZSBJbWFnZVJlYWR5ccllPAAAA2ZpVFh0WE1MOmNvbS5hZG9iZS54bXAAAAAAADw/eHBhY2tldCBiZWdpbj0i77u/IiBpZD0iVzVNME1wQ2VoaUh6cmVTek5UY3prYzlkIj8+IDx4OnhtcG1ldGEgeG1sbnM6eD0iYWRvYmU6bnM6bWV0YS8iIHg6eG1wdGs9IkFkb2JlIFhNUCBDb3JlIDUuMy1jMDExIDY2LjE0NTY2MSwgMjAxMi8wMi8wNi0xNDo1NjoyNyAgICAgICAgIj4gPHJkZjpSREYgeG1sbnM6cmRmPSJodHRwOi8vd3d3LnczLm9yZy8xOTk5LzAyLzIyLXJkZi1zeW50YXgtbnMjIj4gPHJkZjpEZXNjcmlwdGlvbiByZGY6YWJvdXQ9IiIgeG1sbnM6eG1wTU09Imh0dHA6Ly9ucy5hZG9iZS5jb20veGFwLzEuMC9tbS8iIHhtbG5zOnN0UmVmPSJodHRwOi8vbnMuYWRvYmUuY29tL3hhcC8xLjAvc1R5cGUvUmVzb3VyY2VSZWYjIiB4bWxuczp4bXA9Imh0dHA6Ly9ucy5hZG9iZS5jb20veGFwLzEuMC8iIHhtcE1NOk9yaWdpbmFsRG9jdW1lbnRJRD0ieG1wLmRpZDpCQjU0NjU4QjIyQTNFMTExQkI5Rjk5QkQ4RkQ5RUJFQiIgeG1wTU06RG9jdW1lbnRJRD0ieG1wLmRpZDpEMDVBNThBQUEzRDUxMUUxQjdCQkM2QUNBMTNBMDExNiIgeG1wTU06SW5zdGFuY2VJRD0ieG1wLmlpZDpEMDVBNThBOUEzRDUxMUUxQjdCQkM2QUNBMTNBMDExNiIgeG1wOkNyZWF0b3JUb29sPSJBZG9iZSBQaG90b3Nob3AgQ1M2IChXaW5kb3dzKSI+IDx4bXBNTTpEZXJpdmVkRnJvbSBzdFJlZjppbnN0YW5jZUlEPSJ4bXAuaWlkOjQ4MTZDRTNCRDVBM0UxMTFBQTI2QTBCMjZENzg1Qzg5IiBzdFJlZjpkb2N1bWVudElEPSJ4bXAuZGlkOkJCNTQ2NThCMjJBM0UxMTFCQjlGOTlCRDhGRDlFQkVCIi8+IDwvcmRmOkRlc2NyaXB0aW9uPiA8L3JkZjpSREY+IDwveDp4bXBtZXRhPiA8P3hwYWNrZXQgZW5kPSJyIj8+xJ3YrgAAAYBJREFUeNpsUrtKA1EQPZtdY4gEQiD4QCsLEVGX4CP4AykEq1hYiGghCDZ+gBZWVtrZ+EAjaGOhfoAkNiaKhYWICilMEQNqoYjZ5O4d5+6ucQuLM3funDNzD7OrLe229YBwSKAEnyAP/pyIbL5fcz5rcNiLtuqJSEz3ickn5ruE/vFmJ9/LYjvAldGWqA7bJkgPtoAHQrS5G6NdiwhFWCoxHOCgKUL+iurkCBVawyamE8d4qmSZ51clBZUlh+RG14JzEsJNcaTNLVwWd1B6vXXqkmGoYNeVUPnW3JNr4+YarPoncvebEAKNekAlokaY6N/A1NA+SBgY6Eijtz2Fs5sVWNWawysorWNJsO+q9QWzaxLTYwfojA3isZzDfSnrWvTsNiyp7pOrZURC7ejrTDEpcVpY9ab+NSioLZEiapZA5nwBxZcC8g9HeK7ccYM7TDnwmoU2vx6/NIJaUjc0b0u8YvJNle5HdJvlhbI0Y31ThqsjTGr0/+8hOOQ5nfsRYACtHiy+FDd82wAAAABJRU5ErkJggg==) " "}*/

.xspecResult { width: 90%; table-layout: fixed; }

.xspecResult td,
.xspecResult th { width: 50%; }

/*.xspecResult pre { 
  margin-left: 0; 
  padding: 0.5em; 
  overflow: auto; 
  border: 1px #999 dotted;
}*/

span.scenario-totals {float: right; width: 14.5%; text-align: left}

/* OXYGEN */
span.scenario-totals {float: right; width: 34.5%; text-align: right}

h2.failed {
    background-color: #FCC;
}

h1, h2 {
    width: 86%;
    /*margin-left: 3%;*/
    
    font-size:1.4em;
    font-weight:bold;
    text-align:left;
    margin-top:1.4em;
    margin-bottom:0.7em;
    color:#333333;
    background-color:inherit;
}

h1 {
    font-size:1.7em;
}

body &gt; h1:first-child:before {
    content:"XSLT UNIT ";
}

body &gt; h2:first-of-type {
    font-size:1.7em;
}

div &gt; table &gt; tbody &gt; tr &gt; th:first-child {
    font-weight:bold;
}

div &gt; h3 {
    font-weight:bold;
    /*margin-left: 3%;*/
}

div &gt; h4 {
    font-weight:normal;
    /*margin-left: 4%;*/
}

th.result { text-align: center; }
/* OXYGEN */


/* ------------------------------------------------------------------------ */
/*  DO NOT ALTER OR REMOVE COPYRIGHT NOTICES OR THIS COMMENT.               */
/*                                                                          */
/*  Copyright (c) 2008, 2010 Jeni Tennsion                                  */
/*                                                                          */
/*  The contents of this file are subject to the MIT License (see the URI   */
/*  http://www.opensource.org/licenses/mit-license.php for details).        */
/*                                                                          */
/*  Permission is hereby granted, free of charge, to any person obtaining   */
/*  a copy of this software and associated documentation files (the         */
/*  "Software"), to deal in the Software without restriction, including     */
/*  without limitation the rights to use, copy, modify, merge, publish,     */
/*  distribute, sublicense, and/or sell copies of the Software, and to      */
/*  permit persons to whom the Software is furnished to do so, subject to   */
/*  the following conditions:                                               */
/*                                                                          */
/*  The above copyright notice and this permission notice shall be          */
/*  included in all copies or substantial portions of the Software.         */
/*                                                                          */
/*  THE SOFTWARE IS PROVIDED "AS IS", WITHOUT WARRANTY OF ANY KIND,         */
/*  EXPRESS OR IMPLIED, INCLUDING BUT NOT LIMITED TO THE WARRANTIES OF      */
/*  MERCHANTABILITY, FITNESS FOR A PARTICULAR PURPOSE AND NONINFRINGEMENT.  */
/*  IN NO EVENT SHALL THE AUTHORS OR COPYRIGHT HOLDERS BE LIABLE FOR ANY    */
/*  CLAIM, DAMAGES OR OTHER LIABILITY, WHETHER IN AN ACTION OF CONTRACT,    */
/*  TORT OR OTHERWISE, ARISING FROM, OUT OF OR IN CONNECTION WITH THE       */
/*  SOFTWARE OR THE USE OR OTHER DEALINGS IN THE SOFTWARE.                  */
/* ------------------------------------------------------------------------ */

.nobr { white-space: nowrap; }
.scenario-label { text-indent: 0px; }
.context-label { text-indent: 10px; }
.test-label { text-indent: 20px; }
.pending-label { text-indent: 30px; }


        /**/</style>
    </head><body><h1>Test Report</h1><p>Script: <a href="file:/home/jostein/xprocspec/src/test/xprocspec/tests/call-2.xprocspec">file:/home/jostein/xprocspec/src/test/xprocspec/tests/call-2.xprocspec</a></p><p>Tested: 2013-09-05T16:00:33.925+02:00</p><h2>Contents</h2><table class="xspec"><col width="75%"/><col width="5%"/><col width="5%"/><col width="5%"/><col width="5%"/><col width="5%"/><thead><tr><th/><th class="result">passed:2</th><th class="result">pending:0</th><th class="result">failed:0</th><th class="result">errors:0</th><th class="result">total:2</th></tr></thead><tbody><tr class="successful label"><th><a href="#step1">ex:identity-2</a></th><th class="result">2</th><th class="result">0</th><th class="result">0</th><th class="result">0</th><th class="result">2</th></tr></tbody></table><div id="step1"><h2 class="successful">Calling: <a href="file:/home/jostein/xprocspec/src/test/xprocspec/steps/identity-library.xpl">ex:identity-2</a><span class="scenario-totals">passed:2 / pending:0 /
                                        failed:0 / errors:0 / total:2</span></h2><table class="xspec"><col width="80%"/><col width="20%"/><tbody><tr class="successful label"><th class="scenario-label">identity</th><th class="nobr">passed:2 / pending:0 / failed:0 / errors:0 / total:2</th></tr><tr class="successful label"><th class="context-label">errors</th><th class="nobr">passed:1 / pending:0 / failed:0 / errors:0 / total:1</th></tr><tr class="successful label"><td class="test-label">the step should execute successfully without throwing any errors</td><td>Success</td></tr><tr class="successful label"><th class="context-label">the results</th><th class="nobr">passed:1 / pending:0 / failed:0 / errors:0 / total:1</th></tr><tr class="successful label"><td class="test-label">the contents of the output element should be 'Hello world! #2'</td><td>Success</td></tr></tbody></table></div><h2>Execution log</h2><table><thead><tr><th>Time</th><th>Severity</th><th>Message</th></tr></thead><tbody><tr style=""><td>0.000</td><td style="padding-left:0%;">INFO</td><td><code><pre>#### file:/home/jostein/xprocspec/src/test/xprocspec/tests/call-2.xprocspec ####</pre></code></td></tr><tr style=""><td>0.005</td><td style="padding-left:0%;">INFO</td><td><code><pre> * temporary directory: file:/tmp/xprocspec-20130905160023007/</pre></code></td></tr><tr style=""><td>0.009</td><td style="padding-left:0%;">INFO</td><td><code><pre>preprocessing...</pre></code></td></tr><tr style=""><td>0.028</td><td style="padding-left:0%;">INFO</td><td><code><pre> * checking for imports</pre></code></td></tr><tr style=""><td>0.034</td><td style="padding-left:0%;">INFO</td><td><code><pre> * checking file:/home/jostein/xprocspec/src/test/xprocspec/tests/call-2.xprocspec for imports</pre></code></td></tr><tr style=""><td>0.040</td><td style="padding-left:0%;">INFO</td><td><code><pre> * extracting step declarations from file:/home/jostein/xprocspec/src/test/xprocspec/steps/identity-library.xpl</pre></code></td></tr><tr style=""><td>0.046</td><td style="padding-left:0%;">INFO</td><td><code><pre> * tests reference 1 step</pre></code></td></tr><tr style=""><td>0.052</td><td style="padding-left:0%;">INFO</td><td><code><pre>   * step: e:identity-2</pre></code></td></tr><tr style=""><td>0.058</td><td style="padding-left:0%;">INFO</td><td><code><pre> * trying to load: file:/home/jostein/xprocspec/src/test/xprocspec/steps/identity-library.xpl</pre></code></td></tr><tr style=""><td>0.064</td><td style="padding-left:0%;">INFO</td><td><code><pre>   * success!</pre></code></td></tr><tr style=""><td>0.072</td><td style="padding-left:0%;">INFO</td><td><code><pre> * trying to extract the step declaration for {http://example.net/ns}identity-2 from file:/home/jostein/xprocspec/src/test/xprocspec/steps/identity-library.xpl</pre></code></td></tr><tr style=""><td>0.084</td><td style="padding-left:0%;">INFO</td><td><code><pre> * creating a new x:description document for each x:scenario element with inferred inputs, options and parameters</pre></code></td></tr><tr style=""><td>0.097</td><td style="padding-left:0%;">INFO</td><td><code><pre> * validating output grammar</pre></code></td></tr><tr style=""><td>0.110</td><td style="padding-left:0%;">INFO</td><td><code><pre>compiling...</pre></code></td></tr><tr style=""><td>0.118</td><td style="padding-left:0%;">INFO</td><td><code><pre> * created directory using Calabash's cxf:mkdir</pre></code></td></tr><tr style=""><td>0.124</td><td style="padding-left:0%;">INFO</td><td><code><pre> * converting test 'test1' to XProc</pre></code></td></tr><tr style=""><td>0.138</td><td style="padding-left:0%;">INFO</td><td><code><pre>   * done</pre></code></td></tr><tr style=""><td>0.145</td><td style="padding-left:0%;">INFO</td><td><code><pre> * validating output grammar for file:/home/jostein/xprocspec/src/test/xprocspec/tests/call-2.xprocspec</pre></code></td></tr><tr style=""><td>0.159</td><td style="padding-left:0%;">INFO</td><td><code><pre>   * done!</pre></code></td></tr><tr style=""><td>0.166</td><td style="padding-left:0%;">INFO</td><td><code><pre> * using as temporary directory: file:/tmp/xprocspec-20130905160023007/xprocspec-20130905160033596/</pre></code></td></tr><tr style=""><td>0.171</td><td style="padding-left:0%;">INFO</td><td><code><pre>storing...</pre></code></td></tr><tr style=""><td>0.179</td><td style="padding-left:0%;">INFO</td><td><code><pre>running...</pre></code></td></tr><tr style=""><td>0.187</td><td style="padding-left:0%;">INFO</td><td><code><pre>   * loading 'file:/tmp/xprocspec-20130905160023007/test1.xpl'</pre></code></td></tr><tr style=""><td>0.239</td><td style="padding-left:0%;">INFO</td><td><code><pre>evaluating...</pre></code></td></tr><tr style=""><td>0.250</td><td style="padding-left:0%;">INFO</td><td><code><pre> * evaluating scenario 'identity' (file:/home/jostein/xprocspec/src/test/xprocspec/tests/call-2.xprocspec)</pre></code></td></tr><tr style=""><td>0.257</td><td style="padding-left:0%;">INFO</td><td><code><pre>   * resolving x:document elements...</pre></code></td></tr><tr style=""><td>0.266</td><td style="padding-left:0%;">INFO</td><td><code><pre>    * no errors occured</pre></code></td></tr><tr style=""><td>0.284</td><td style="padding-left:0%;">INFO</td><td><code><pre>   * grouping x:expect elements with their x:context...</pre></code></td></tr><tr style=""><td>0.293</td><td style="padding-left:0%;">INFO</td><td><code><pre>   * evaluating each context/expect group...</pre></code></td></tr><tr style=""><td>0.300</td><td style="padding-left:0%;">INFO</td><td><code><pre>     * setting context to 'errors'</pre></code></td></tr><tr style=""><td>0.307</td><td style="padding-left:0%;">INFO</td><td><code><pre>       * testing assertion 'the step should execute successfully without throwing any errors'</pre></code></td></tr><tr style=""><td>0.315</td><td style="padding-left:0%;">INFO</td><td><code><pre>         * is document count assertion</pre></code></td></tr><tr style=""><td>0.322</td><td style="padding-left:0%;">INFO</td><td><code><pre>         * assertion passed</pre></code></td></tr><tr style=""><td>0.329</td><td style="padding-left:0%;">INFO</td><td><code><pre>     * setting context to 'the results'</pre></code></td></tr><tr style=""><td>0.337</td><td style="padding-left:0%;">INFO</td><td><code><pre>       * testing assertion 'the contents of the output element should be 'Hello world! #2''</pre></code></td></tr><tr style=""><td>0.347</td><td style="padding-left:0%;">INFO</td><td><code><pre>         * is xpath assertion</pre></code></td></tr><tr style=""><td>0.374</td><td style="padding-left:0%;">INFO</td><td><code><pre>reporting...</pre></code></td></tr></tbody></table><link rel="stylesheet" href="http://yandex.st/highlightjs/7.3/styles/default.min.css"/><script type="text/javascript" src="http://yandex.st/highlightjs/7.3/highlight.min.js" xml:space="preserve"> </script><script type="text/javascript">hljs.initHighlightingOnLoad();</script></body></html></x:document></x:output><x:output port="junit"><x:document xml:base="file:/home/jostein/xprocspec/src/main/resources/content/xml/xproc/report/report.xpl" xml:space="preserve" type="inline"><testsuites tests="2" failures="0" time="0.383" errors="0" name="call2"><testsuite timestamp="2013-09-05T14:00:33.874Z" hostname="localhost" tests="2" errors="0" failures="0" skipped="0" id="d18833e1" name="identity" package="http://example.net/ns" time="0.002">
<properties>


</properties>
<testcase name="theStepShouldExecuteSuccessfullyWithoutThrowingAnyErrors" classname="identity-2" assertions="1" time="0" status="SUCCESS"><system-out>the step should execute successfully without throwing any errors: SUCCESS</system-out>
<system-err/></testcase><testcase name="theContentsOfTheOutputElementShouldBeHelloWorld2" classname="identity-2" assertions="1" time="0" status="SUCCESS"><system-out>the contents of the output element should be 'Hello world! #2': SUCCESS</system-out>
<system-err/></testcase></testsuite></testsuites></x:document></x:output><x:test-result contextref="errors" result="passed" max="0" label="the step should execute successfully without throwing any errors" type="count">
                                                        <x:expected>At most 0 documents.</x:expected>
                                                    <x:was>0</x:was></x:test-result><x:test-result contextref="context7" result="passed" test="not(/*/@tests='0') and /*/@failures='0' and /*/@errors='0'" label="there should be at least one test, and none of the tests should fail" type="xpath"><x:expected xml:space="preserve">XPath: true()
Value: true</x:expected><x:was xml:space="preserve">XPath: not(/*/@tests='0') and /*/@failures='0' and /*/@errors='0'
Value: true</x:was></x:test-result></x:description><x:description xmlns:cx="http://xmlcalabash.com/ns/extensions" xmlns:c="http://www.w3.org/ns/xproc-step" xml:base="file:/home/jostein/xprocspec/src/test/xprocspec/test.xprocspec" test-base-uri="file:/home/jostein/xprocspec/src/test/xprocspec/test.xprocspec" script="file:/home/jostein/xprocspec/src/main/resources/content/xml/xproc/xprocspec.xpl" test-grammar="xprocspec" temp-dir="file:/tmp/xprocspec-20130905160023007/"><x:step-declaration><p:declare-step xmlns:p="http://www.w3.org/ns/xproc" xmlns:px="http://www.daisy.org/ns/xprocspec" xmlns:pxi="http://www.daisy.org/ns/xprocspec/xproc-internal/" xmlns:pkg="http://expath.org/ns/pkg" type="px:xprocspec" name="main" version="1.0" xpath-version="2.0" pkg:import-uri="http://www.daisy.org/ns/xprocspec/xprocspec.xpl" x:type="{http://www.daisy.org/ns/xprocspec}xprocspec"><p:input port="source" kind="document" sequence="false" primary="true"/><p:output port="result" kind="document" sequence="false" primary="false"><p:pipe port="result" step="report"/></p:output><p:output port="html" kind="document" sequence="false" primary="false"><p:pipe port="html" step="report"/></p:output><p:output port="junit" kind="document" sequence="false" primary="false"><p:pipe port="junit" step="report"/></p:output><p:option name="temp-dir" select="'file:/tmp/'"/></p:declare-step></x:step-declaration><x:scenario end-time="2013-09-05T14:00:35.135Z" label="the call element - two different scenarios testing different steps in the same library" start-time="2013-09-05T14:00:34.241Z"><x:call x:type="{http://www.daisy.org/ns/xprocspec}xprocspec" step="x:xprocspec"><x:option select="$temp-dir" name="temp-dir" value="file:/tmp/xprocspec-20130905160023007/"/><x:input port="source">
                    <x:document xml:base="file:/home/jostein/xprocspec/src/test/xprocspec/test.xprocspec" xml:space="preserve" type="inline"><?xml-model href="http://www.daisy.org/ns/xprocspec/xprocspec.rng" type="application/xml" schematypens="http://relaxng.org/ns/structure/1.0"?><x:description xmlns:e="http://example.net/ns" script="../steps/identity-library.xpl">
    
    <x:scenario label="identity">
        <x:call step="e:identity-1"/>
        <x:context label="the results">
            <x:document type="port" port="result"/>
        </x:context>
        <x:expect type="xpath" label="the contents of the output element should be 'Hello world! #1'" test="/*/text()='Hello world! #1'"/>
    </x:scenario>
    
    <x:scenario label="identity">
        <x:call step="e:identity-2"/>
        <x:context label="the results">
            <x:document type="port" port="result"/>
        </x:context>
        <x:expect type="xpath" label="the contents of the output element should be 'Hello world! #2'" test="/*/text()='Hello world! #2'"/>
    </x:scenario>
    
</x:description></x:document>
                </x:input></x:call>
                                                <x:context label="errors" id="errors">
                                                    
                                                </x:context>
                                            
                                                <x:expect type="count" label="the step should execute successfully without throwing any errors" max="0" contextref="errors"/>
                                            <x:context label="the junit output port" id="context8">
                <x:document xml:base="file:/home/jostein/xprocspec/src/main/resources/content/xml/xproc/report/report.xpl" xml:space="preserve" type="inline"><testsuites tests="4" failures="0" time="0.679" errors="0" name="call3"><testsuite timestamp="2013-09-05T14:00:34.935Z" hostname="localhost" tests="2" errors="0" failures="0" skipped="0" id="d20614e1" name="identity" package="http://example.net/ns" time="0.002">
<properties>


</properties>
<testcase name="theStepShouldExecuteSuccessfullyWithoutThrowingAnyErrors" classname="identity-1" assertions="1" time="0" status="SUCCESS"><system-out>the step should execute successfully without throwing any errors: SUCCESS</system-out>
<system-err/></testcase><testcase name="theContentsOfTheOutputElementShouldBeHelloWorld1" classname="identity-1" assertions="1" time="0" status="SUCCESS"><system-out>the contents of the output element should be 'Hello world! #1': SUCCESS</system-out>
<system-err/></testcase></testsuite><testsuite timestamp="2013-09-05T14:00:34.945Z" hostname="localhost" tests="2" errors="0" failures="0" skipped="0" id="d20622e1" name="identity" package="http://example.net/ns" time="0.002">
<properties>


</properties>
<testcase name="theStepShouldExecuteSuccessfullyWithoutThrowingAnyErrors" classname="identity-2" assertions="1" time="0" status="SUCCESS"><system-out>the step should execute successfully without throwing any errors: SUCCESS</system-out>
<system-err/></testcase><testcase name="theContentsOfTheOutputElementShouldBeHelloWorld2" classname="identity-2" assertions="1" time="0" status="SUCCESS"><system-out>the contents of the output element should be 'Hello world! #2': SUCCESS</system-out>
<system-err/></testcase></testsuite></testsuites></x:document>
            </x:context><x:expect label="there should be at least one test, and none of the tests should fail" type="xpath" test="not(/*/@tests='0') and /*/@failures='0' and /*/@errors='0'" contextref="context8"/></x:scenario><x:output port="result"><x:document xml:base="file:/home/jostein/xprocspec/src/main/resources/content/xml/xproc/report/report.xpl" xml:space="preserve" type="inline"><x:test-report><x:description xml:base="file:/home/jostein/xprocspec/src/test/xprocspec/tests/call-3.xprocspec" test-base-uri="file:/home/jostein/xprocspec/src/test/xprocspec/tests/call-3.xprocspec" script="file:/home/jostein/xprocspec/src/test/xprocspec/steps/identity-library.xpl" test-grammar="xprocspec" temp-dir="file:/tmp/xprocspec-20130905160023007/xprocspec-20130905160034404/"><x:step-declaration><p:declare-step xmlns:p="http://www.w3.org/ns/xproc" xmlns:ex="http://example.net/ns" type="ex:identity-1" version="1.0" x:type="{http://example.net/ns}identity-1"><p:input port="source" kind="document" sequence="false" primary="true"><p:inline>
                <doc>Hello world! #1</doc>
            </p:inline></p:input><p:output port="result" kind="document" sequence="false" primary="true"/></p:declare-step></x:step-declaration><x:scenario xmlns:e="http://example.net/ns" end-time="2013-09-05T14:00:34.554Z" label="identity" start-time="2013-09-05T14:00:34.552Z"><x:call x:type="{http://example.net/ns}identity-1" step="e:identity-1"/>
                                                <x:context label="errors" id="errors">
                                                    
                                                </x:context>
                                            
                                                <x:expect type="count" label="the step should execute successfully without throwing any errors" max="0" contextref="errors"/>
                                            <x:context label="the results" id="context0">
            <x:document xml:base="file:/home/jostein/xprocspec/src/test/xprocspec/tests/call-3.xprocspec" xml:space="preserve" type="inline">
                <doc xmlns:ex="http://example.net/ns">Hello world! #1</doc>
            </x:document>
        </x:context><x:expect type="xpath" label="the contents of the output element should be 'Hello world! #1'" test="/*/text()='Hello world! #1'" contextref="context0"/></x:scenario><x:output port="result"><x:document xml:base="file:/home/jostein/xprocspec/src/test/xprocspec/tests/call-3.xprocspec" xml:space="preserve" type="inline">
                <doc xmlns:ex="http://example.net/ns">Hello world! #1</doc>
            </x:document></x:output><x:test-result contextref="errors" result="passed" max="0" label="the step should execute successfully without throwing any errors" type="count">
                                                        <x:expected>At most 0 documents.</x:expected>
                                                    <x:was>0</x:was></x:test-result><x:test-result contextref="context0" result="passed" test="/*/text()='Hello world! #1'" label="the contents of the output element should be 'Hello world! #1'" type="xpath"><x:expected xml:space="preserve">XPath: true()
Value: true</x:expected><x:was xml:space="preserve">XPath: /*/text()='Hello world! #1'
Value: true</x:was></x:test-result></x:description><x:description xml:base="file:/home/jostein/xprocspec/src/test/xprocspec/tests/call-3.xprocspec" test-base-uri="file:/home/jostein/xprocspec/src/test/xprocspec/tests/call-3.xprocspec" script="file:/home/jostein/xprocspec/src/test/xprocspec/steps/identity-library.xpl" test-grammar="xprocspec" temp-dir="file:/tmp/xprocspec-20130905160023007/xprocspec-20130905160034404/"><x:step-declaration><p:declare-step xmlns:p="http://www.w3.org/ns/xproc" xmlns:ex="http://example.net/ns" type="ex:identity-2" version="1.0" x:type="{http://example.net/ns}identity-2"><p:input port="source" kind="document" sequence="false" primary="true"><p:inline>
                <doc>Hello world! #2</doc>
            </p:inline></p:input><p:output port="result" kind="document" sequence="false" primary="true"/></p:declare-step></x:step-declaration><x:scenario xmlns:e="http://example.net/ns" end-time="2013-09-05T14:00:34.612Z" label="identity" start-time="2013-09-05T14:00:34.61Z"><x:call x:type="{http://example.net/ns}identity-2" step="e:identity-2"/>
                                                <x:context label="errors" id="errors">
                                                    
                                                </x:context>
                                            
                                                <x:expect type="count" label="the step should execute successfully without throwing any errors" max="0" contextref="errors"/>
                                            <x:context label="the results" id="context1">
            <x:document xml:base="file:/home/jostein/xprocspec/src/test/xprocspec/tests/call-3.xprocspec" xml:space="preserve" type="inline">
                <doc xmlns:ex="http://example.net/ns">Hello world! #2</doc>
            </x:document>
        </x:context><x:expect type="xpath" label="the contents of the output element should be 'Hello world! #2'" test="/*/text()='Hello world! #2'" contextref="context1"/></x:scenario><x:output port="result"><x:document xml:base="file:/home/jostein/xprocspec/src/test/xprocspec/tests/call-3.xprocspec" xml:space="preserve" type="inline">
                <doc xmlns:ex="http://example.net/ns">Hello world! #2</doc>
            </x:document></x:output><x:test-result contextref="errors" result="passed" max="0" label="the step should execute successfully without throwing any errors" type="count">
                                                        <x:expected>At most 0 documents.</x:expected>
                                                    <x:was>0</x:was></x:test-result><x:test-result contextref="context1" result="passed" test="/*/text()='Hello world! #2'" label="the contents of the output element should be 'Hello world! #2'" type="xpath"><x:expected xml:space="preserve">XPath: true()
Value: true</x:expected><x:was xml:space="preserve">XPath: /*/text()='Hello world! #2'
Value: true</x:was></x:test-result></x:description></x:test-report></x:document></x:output><x:output port="html"><x:document xml:base="file:/home/jostein/xprocspec/src/main/resources/content/xml/xproc/report/report-template.xhtml" xml:space="preserve" type="inline"><html xmlns="http://www.w3.org/1999/xhtml"><head><title>Test Report for file:/home/jostein/xprocspec/src/test/xprocspec/tests/call-3.xprocspec (passed:4 / pending:0 / failed:0 / errors:0 / total:4)</title>
        <meta charset="utf-8"/>
        <style type="text/css" xml:space="preserve">/**/
/****************************************************************************/
/*  File:       test-report.css                                             */
/*  Author:     Jeni Tennsion                                               */
/*  URI:        http://xspec.googlecode.com/                                */
/*  Tags:                                                                   */
/*    Copyright (c) 2008, 2010 Jeni Tennsion (see end of file.)             */
/* ------------------------------------------------------------------------ */


/* test */

/* box model */

body {
	margin-right: 1em;
	/*margin-left: 10%;*/
	}

h1 {
	padding: 0.3em 0.5em 0.3em 0.5em;
	position: relative;
	}

h2 {
	padding: 0.1em 0.5em 0.2em 0.5em;
	}

h3 {
	padding-left: 0.6em;
	}

h4 {
	padding-left: 0.8em;
	}

p, table {
	/*margin-left: 5%;*/
	}

dd ul, dd ol {
	margin-left: 0%;
	}

li ul, li ol {
	/*margin-left: 5%;*/
	}

dl, ul, ol, blockquote {
	/*margin-left: 10%;*/
	}

dt {
  padding-top: 3px;
  padding-bottom: 3px;
	clear: both;
	}

dd p {
	/*margin-left: -5px;*/
	margin-top: 5px;
	clear: both;
	}

p.link {
	margin-top: 4px;
	margin-bottom: 0px;
	clear: both;
	}

tr td, td p, li, li p {
	margin-left: 0%;
	}

td:nth-child(2) {
	padding-left: 5%;
	}

.link img, dt img {
	vertical-align: middle;
	position: relative;
	top: -5px;
	}

img {
	position: relative;
	}

#xml-link {
	position: absolute;
	left: 5px;
	top: 5px;
	width: 10%;
	margin-left: 0%;
	}

#link-up {
	position: absolute;
	left: 93%;
	right: 2em;
	top: 0.3em;
	}

#link-top {
	position: absolute;
	left: 89%;
	right: 4em;
	top: 0.3em;
	}
	
.popup {
	display: block;
	visibility: hidden;
	float: right;
	position: absolute;
	top: 5px;
	left: -200px;
	z-index: 1;
	padding: 0.3em;
	width: 220px;
	}

.note {
	position: relative;
	}

.post {
	/*margin-left: 5%;*/
	padding-top: 1em;
	}
	
.example, .sidebar {
  /*margin-left: 5%;*/
  margin-top: 1em;
  margin-bottom: 1em;
  }

/*pre {
	padding-left: 5%;
	margin-left: 5%;
	}*/

/*dd pre, li pre {
	padding-left: 5%;
	}*/

/* fonts */
/* Oxygen  */
body, table {
    font-family:arial, helvetica, sans-serif;
    font-size:12px;
}
/* Oxygen  */

/*body {
	font-family: Verdana, arial, sans-serif;
	font-size: small;
	}*/	

/*h1, h2, h3, h4, h5, h6 {
	font-family: 'trebuchet MS', arial, sans-serif;
	}*/

h1 {
	font-size: 173%;
	font-weight: bold;
	}

h2 {
	font-size: 144%;
	font-weight: normal;
	}

h3 {
	font-size: 120%;
	font-weight: normal;
	}

h4 {
  font-size: 100%;
  font-weight: bold;
}

dt {
	font-weight: bold;
	}

a:link, a:visited, a:active, a:hover {
	font-weight: bold;
	}

a.offsite:link, a.offsite:visited, a.offsite:active, a.offsite:hover {
	font-weight: normal;
	}

/* suppress the normal italics */
address {
	font-style: normal;
	}

div.example, .sidebar {
  font-family: Verdana, arial, sans-serif;
  font-size: 100%;
  }


.note, .link {
	font-family: Verdana, arial, sans-serif;
	/*font-size: 83%;*/
	}

/*.example, .string, .rtf, .code, pre, code {
	font-family: "Lucida Console", "Courier New", monospace;*/
  /*font-size: 83%;*/
/*	}*/

.boolean {
	font-style: italic;
	}

#colophon, #xml-link {
	font-size: 69%;
	}

.question, .title {
	font-weight: bold;
	}

/* colours */
body {
	background-color: white;
	color: black;
	border: 0px none black;
	}

/* this is to make Navigator fill the entire line */
h1, h2 {
	border: 1px solid white;
	width: auto;
	}

h1 {
	/*background: #606;*/
	/*color: #6F6;*/
	}

h2 {
	color: #606;
	/*background: #CFC;*/
	}

hr {
	color: #606;
	background: white;
	}

img, a:link img, a:visited img, a:hover img, a:active img, #link-up img, #link-top img {
	border: 0px none white;
	background: transparent;
	}

/* OXYGEN */
a, a:visited {
    color:rgb(0, 0, 150);
    background-color:inherit;
    font-weight: bold;
}
a:link, a:visited {
    text-decoration:none; 
}
a:hover {
    text-decoration:underline;
}

/* OXYGEN */

a.img:hover, a.img:active {
	background: transparent;
	}

#colophon, #xml-link, .note {
	color: #666;
	}

#colophon a:link, #colophon a:visited, #colophon a:hover,
#xml-link a:link, #xml-link a:visited, #xml-link a:hover,
.note a:link, .note a:visited, .note a:hover {
	color: #969;
	background: transparent;
	}

#colophon a:hover, #xml-link a:hover, .note a:hover {
	background: #CFC;
	color: #969;
	}

.popup {
	background: white;
	border: 1px solid #606;
	}

.post {
	border-top: 2px solid #606;
	}
	
.example {
  border-top: 2px solid #606;
  border-bottom: 2px solid #606;
  }
  
.sidebar {
  border-top: 2px solid #090;
  border-bottom: 2px solid #090;
  }
  
.rng {
  border-left: 2px solid #666;
  }

.same {
  background-color: rgb(206, 239, 174);
}

.diff {
  background-color: #FCC;
}

.whitespace {
	font-style: italic;
	color: #999;
	background: white;
}

.ignored {
  font-style: italic;
  color: #999;
  background: white;
}

.hit {
}

.missed {
  background-color: #A33;
  color: white;
}

/* text */
ol ol li {
	list-style: lower-alpha;
	}

th {
	text-align: left;
	}

td {
	vertical-align: top;
	}

h1 {
	text-transform: uppercase;
	}

h2, h3 {
	/*text-transform: capitalize;*/
	}

.question {
	text-indent: -33px;
	}

.byline {
	text-align: right;
	}

#link-top, #link-up {
	text-align: right;
	}

a {
	text-decoration: none;
	}

table { width: 85%;
        /* border: collapse; */ }

th { text-align: left; }

.xspec tbody th { font-weight: normal; /*font-size: 0.8em;*/ border-top: 1px #666 solid; }
.xspec tbody td { /*font-size: 0.8em;*/ color: #666; }

.successful.label th, .successful.label td { background-color: #CFC; }
.pending.label th, .pending.label td { background-color: #DDD; color: #666; }
.failed.label th, .failed.label td { background-color: #FCC; }
.error.label th, .error.label td { background-color: #FAA; }
/*body &gt; table tbody .failed.label th:first-child:before {content:url(data:image/png;base64,iVBORw0KGgoAAAANSUhEUgAAAAwAAAAMCAYAAABWdVznAAAAGXRFWHRTb2Z0d2FyZQBBZG9iZSBJbWFnZVJlYWR5ccllPAAAA2ZpVFh0WE1MOmNvbS5hZG9iZS54bXAAAAAAADw/eHBhY2tldCBiZWdpbj0i77u/IiBpZD0iVzVNME1wQ2VoaUh6cmVTek5UY3prYzlkIj8+IDx4OnhtcG1ldGEgeG1sbnM6eD0iYWRvYmU6bnM6bWV0YS8iIHg6eG1wdGs9IkFkb2JlIFhNUCBDb3JlIDUuMy1jMDExIDY2LjE0NTY2MSwgMjAxMi8wMi8wNi0xNDo1NjoyNyAgICAgICAgIj4gPHJkZjpSREYgeG1sbnM6cmRmPSJodHRwOi8vd3d3LnczLm9yZy8xOTk5LzAyLzIyLXJkZi1zeW50YXgtbnMjIj4gPHJkZjpEZXNjcmlwdGlvbiByZGY6YWJvdXQ9IiIgeG1sbnM6eG1wTU09Imh0dHA6Ly9ucy5hZG9iZS5jb20veGFwLzEuMC9tbS8iIHhtbG5zOnN0UmVmPSJodHRwOi8vbnMuYWRvYmUuY29tL3hhcC8xLjAvc1R5cGUvUmVzb3VyY2VSZWYjIiB4bWxuczp4bXA9Imh0dHA6Ly9ucy5hZG9iZS5jb20veGFwLzEuMC8iIHhtcE1NOk9yaWdpbmFsRG9jdW1lbnRJRD0ieG1wLmRpZDpCQjU0NjU4QjIyQTNFMTExQkI5Rjk5QkQ4RkQ5RUJFQiIgeG1wTU06RG9jdW1lbnRJRD0ieG1wLmRpZDpEQTUyOTdBQUEzRDUxMUUxQTQwN0YzMUI0Nzg3NDU1RSIgeG1wTU06SW5zdGFuY2VJRD0ieG1wLmlpZDpEQTUyOTdBOUEzRDUxMUUxQTQwN0YzMUI0Nzg3NDU1RSIgeG1wOkNyZWF0b3JUb29sPSJBZG9iZSBQaG90b3Nob3AgQ1M2IChXaW5kb3dzKSI+IDx4bXBNTTpEZXJpdmVkRnJvbSBzdFJlZjppbnN0YW5jZUlEPSJ4bXAuaWlkOjQ4MTZDRTNCRDVBM0UxMTFBQTI2QTBCMjZENzg1Qzg5IiBzdFJlZjpkb2N1bWVudElEPSJ4bXAuZGlkOkJCNTQ2NThCMjJBM0UxMTFCQjlGOTlCRDhGRDlFQkVCIi8+IDwvcmRmOkRlc2NyaXB0aW9uPiA8L3JkZjpSREY+IDwveDp4bXBtZXRhPiA8P3hwYWNrZXQgZW5kPSJyIj8+aHNJrgAAAZ1JREFUeNpsUssrRGEU/907985YMDPNYlh4hbKZPMdgR3aysrGSSFIeKyUKpewoRTYkmcgCf4MsMI2FPDYGKeUZSoru4/uc82VC+W7fOeee+zvn/M45V1uuyCmVwDogq0hDklD6jy1dspNkdxokVrIzPFUh0/MD5OdXoJDwPFtu3d2ns6TTp9oggTlFZlmN0o4AHMmXfJGo0lmGzoE1OgmNHf5YA8rmN5HfM6wADmUuHphA9cIW/JX1yiek9DIlyijxkNjBzXYche19gNcHzfShoLUdVxtLuD/cYzCoMAzCwqYrhMDx9Chs20JRWzf4nMcXcDI3pYAqQHIAtWUJbpKursMMhpA+RiAEGzpc4X5XkDB4GjaHmiZik/PIa2rBEWVlSuW9Q+T3YndskBi46QpQFcLltchtbEZyZhxna4uKhmV9Ito/gtPNOG4P99WItdlIWARNXWOAv6AEr9cplel7/ggUleDlMqUSvNnCobHKxDsNnqs8XaWUZopp/XhxTkOR+HDVOveYUge9rNLyY9SU9v+vwXuUB2R0fQkwABfn/VKSjTLBAAAAAElFTkSuQmCC) " "}*/
/*body &gt; table tbody .error.label th:first-child:before {content:url(data:image/png;base64,iVBORw0KGgoAAAANSUhEUgAAAAwAAAAMCAYAAABWdVznAAAABmJLR0QAAAAAAAD5Q7t/AAAACXBIWXMAAAsTAAALEwEAmpwYAAAAB3RJTUUH3QcKER4AdkxvvQAAAdVJREFUKM89kM9KG0EAh7/JTHazZInEQwJ68KIWLx6Etj6EjxAobYSsD+BjCJ682EOp0FMueYmS0FMICF4i6tFNzJ/dyRh2Znoo6Xf+Pn7wEzc3Nx/W6/UvY8xJnudkWYa1Fu893nviOCaKIhuG4R/v/Ve1Xq9/bG1tnezs7JDnOVpr3t/fcc4hpaRSqVCpVORqtTp9e3v7rrTWn5vNJpPJhHK5zHg8JssyvPeEYcjR0RFpmlKr1ZjP5x9Li8VCbOR2u83BwQEvLy88PT1xfHzMxcUFQgjSNCXLskDlec5sNuPx8REpJZ1Oh+fnZ4QQnJ+fc319Tb/fZ29vD601SmvNdDplsVhwe3vLaDTi6uoKgCRJGAwGNBoNXl9fMcZQcs5hjGG1WpHnObVajQ3VahWtNcYYjDE451Cb+7z3JElCkiScnZ0hpaTX67G7u0u328V7/y+oVqsIITg8PKTT6dBqtRgOhzjnaLVa3N3dcX9/z3K5JI5jxOXlpSuKQqRpirWWh4eH//Plcpn9/X2cc2xvb1MqlQqllBpYa0/jOGYymdBsNsmyDOccURRRFAX1eh2lFGEY/lZBEHyx1v703n8KgkBEUYSUEu/9RkIIUQRB0A/D8NtflUT+nn4OS+0AAAAASUVORK5CYII=) " "}*/
.failed.label th:first-child:before, .failed.label td:first-child:before {content:url(data:image/png;base64,iVBORw0KGgoAAAANSUhEUgAAAAwAAAAMCAYAAABWdVznAAAAGXRFWHRTb2Z0d2FyZQBBZG9iZSBJbWFnZVJlYWR5ccllPAAAA2ZpVFh0WE1MOmNvbS5hZG9iZS54bXAAAAAAADw/eHBhY2tldCBiZWdpbj0i77u/IiBpZD0iVzVNME1wQ2VoaUh6cmVTek5UY3prYzlkIj8+IDx4OnhtcG1ldGEgeG1sbnM6eD0iYWRvYmU6bnM6bWV0YS8iIHg6eG1wdGs9IkFkb2JlIFhNUCBDb3JlIDUuMy1jMDExIDY2LjE0NTY2MSwgMjAxMi8wMi8wNi0xNDo1NjoyNyAgICAgICAgIj4gPHJkZjpSREYgeG1sbnM6cmRmPSJodHRwOi8vd3d3LnczLm9yZy8xOTk5LzAyLzIyLXJkZi1zeW50YXgtbnMjIj4gPHJkZjpEZXNjcmlwdGlvbiByZGY6YWJvdXQ9IiIgeG1sbnM6eG1wTU09Imh0dHA6Ly9ucy5hZG9iZS5jb20veGFwLzEuMC9tbS8iIHhtbG5zOnN0UmVmPSJodHRwOi8vbnMuYWRvYmUuY29tL3hhcC8xLjAvc1R5cGUvUmVzb3VyY2VSZWYjIiB4bWxuczp4bXA9Imh0dHA6Ly9ucy5hZG9iZS5jb20veGFwLzEuMC8iIHhtcE1NOk9yaWdpbmFsRG9jdW1lbnRJRD0ieG1wLmRpZDpCQjU0NjU4QjIyQTNFMTExQkI5Rjk5QkQ4RkQ5RUJFQiIgeG1wTU06RG9jdW1lbnRJRD0ieG1wLmRpZDpEQTUyOTdBQUEzRDUxMUUxQTQwN0YzMUI0Nzg3NDU1RSIgeG1wTU06SW5zdGFuY2VJRD0ieG1wLmlpZDpEQTUyOTdBOUEzRDUxMUUxQTQwN0YzMUI0Nzg3NDU1RSIgeG1wOkNyZWF0b3JUb29sPSJBZG9iZSBQaG90b3Nob3AgQ1M2IChXaW5kb3dzKSI+IDx4bXBNTTpEZXJpdmVkRnJvbSBzdFJlZjppbnN0YW5jZUlEPSJ4bXAuaWlkOjQ4MTZDRTNCRDVBM0UxMTFBQTI2QTBCMjZENzg1Qzg5IiBzdFJlZjpkb2N1bWVudElEPSJ4bXAuZGlkOkJCNTQ2NThCMjJBM0UxMTFCQjlGOTlCRDhGRDlFQkVCIi8+IDwvcmRmOkRlc2NyaXB0aW9uPiA8L3JkZjpSREY+IDwveDp4bXBtZXRhPiA8P3hwYWNrZXQgZW5kPSJyIj8+aHNJrgAAAZ1JREFUeNpsUssrRGEU/907985YMDPNYlh4hbKZPMdgR3aysrGSSFIeKyUKpewoRTYkmcgCf4MsMI2FPDYGKeUZSoru4/uc82VC+W7fOeee+zvn/M45V1uuyCmVwDogq0hDklD6jy1dspNkdxokVrIzPFUh0/MD5OdXoJDwPFtu3d2ns6TTp9oggTlFZlmN0o4AHMmXfJGo0lmGzoE1OgmNHf5YA8rmN5HfM6wADmUuHphA9cIW/JX1yiek9DIlyijxkNjBzXYche19gNcHzfShoLUdVxtLuD/cYzCoMAzCwqYrhMDx9Chs20JRWzf4nMcXcDI3pYAqQHIAtWUJbpKursMMhpA+RiAEGzpc4X5XkDB4GjaHmiZik/PIa2rBEWVlSuW9Q+T3YndskBi46QpQFcLltchtbEZyZhxna4uKhmV9Ito/gtPNOG4P99WItdlIWARNXWOAv6AEr9cplel7/ggUleDlMqUSvNnCobHKxDsNnqs8XaWUZopp/XhxTkOR+HDVOveYUge9rNLyY9SU9v+vwXuUB2R0fQkwABfn/VKSjTLBAAAAAElFTkSuQmCC) " "}
.error.label th:first-child:before, .error.label td:first-child:before {content:url(data:image/png;base64,iVBORw0KGgoAAAANSUhEUgAAAAwAAAAMCAYAAABWdVznAAAABmJLR0QAAAAAAAD5Q7t/AAAACXBIWXMAAAsTAAALEwEAmpwYAAAAB3RJTUUH3QcKER4AdkxvvQAAAdVJREFUKM89kM9KG0EAh7/JTHazZInEQwJ68KIWLx6Etj6EjxAobYSsD+BjCJ682EOp0FMueYmS0FMICF4i6tFNzJ/dyRh2Znoo6Xf+Pn7wEzc3Nx/W6/UvY8xJnudkWYa1Fu893nviOCaKIhuG4R/v/Ve1Xq9/bG1tnezs7JDnOVpr3t/fcc4hpaRSqVCpVORqtTp9e3v7rrTWn5vNJpPJhHK5zHg8JssyvPeEYcjR0RFpmlKr1ZjP5x9Li8VCbOR2u83BwQEvLy88PT1xfHzMxcUFQgjSNCXLskDlec5sNuPx8REpJZ1Oh+fnZ4QQnJ+fc319Tb/fZ29vD601SmvNdDplsVhwe3vLaDTi6uoKgCRJGAwGNBoNXl9fMcZQcs5hjGG1WpHnObVajQ3VahWtNcYYjDE451Cb+7z3JElCkiScnZ0hpaTX67G7u0u328V7/y+oVqsIITg8PKTT6dBqtRgOhzjnaLVa3N3dcX9/z3K5JI5jxOXlpSuKQqRpirWWh4eH//Plcpn9/X2cc2xvb1MqlQqllBpYa0/jOGYymdBsNsmyDOccURRRFAX1eh2lFGEY/lZBEHyx1v703n8KgkBEUYSUEu/9RkIIUQRB0A/D8NtflUT+nn4OS+0AAAAASUVORK5CYII=) " "}
.pending.label th:first-child:before, .pending.label td:first-child:before {content:url(data:image/png;base64,iVBORw0KGgoAAAANSUhEUgAAAAwAAAAMCAYAAABWdVznAAAAGXRFWHRTb2Z0d2FyZQBBZG9iZSBJbWFnZVJlYWR5ccllPAAAA2ZpVFh0WE1MOmNvbS5hZG9iZS54bXAAAAAAADw/eHBhY2tldCBiZWdpbj0i77u/IiBpZD0iVzVNME1wQ2VoaUh6cmVTek5UY3prYzlkIj8+IDx4OnhtcG1ldGEgeG1sbnM6eD0iYWRvYmU6bnM6bWV0YS8iIHg6eG1wdGs9IkFkb2JlIFhNUCBDb3JlIDUuMy1jMDExIDY2LjE0NTY2MSwgMjAxMi8wMi8wNi0xNDo1NjoyNyAgICAgICAgIj4gPHJkZjpSREYgeG1sbnM6cmRmPSJodHRwOi8vd3d3LnczLm9yZy8xOTk5LzAyLzIyLXJkZi1zeW50YXgtbnMjIj4gPHJkZjpEZXNjcmlwdGlvbiByZGY6YWJvdXQ9IiIgeG1sbnM6eG1wTU09Imh0dHA6Ly9ucy5hZG9iZS5jb20veGFwLzEuMC9tbS8iIHhtbG5zOnN0UmVmPSJodHRwOi8vbnMuYWRvYmUuY29tL3hhcC8xLjAvc1R5cGUvUmVzb3VyY2VSZWYjIiB4bWxuczp4bXA9Imh0dHA6Ly9ucy5hZG9iZS5jb20veGFwLzEuMC8iIHhtcE1NOk9yaWdpbmFsRG9jdW1lbnRJRD0ieG1wLmRpZDpCQjU0NjU4QjIyQTNFMTExQkI5Rjk5QkQ4RkQ5RUJFQiIgeG1wTU06RG9jdW1lbnRJRD0ieG1wLmRpZDpDODdDM0Y0QUEzRDUxMUUxQjk5N0MzQjVFRDMyQUE1MiIgeG1wTU06SW5zdGFuY2VJRD0ieG1wLmlpZDpDODdDM0Y0OUEzRDUxMUUxQjk5N0MzQjVFRDMyQUE1MiIgeG1wOkNyZWF0b3JUb29sPSJBZG9iZSBQaG90b3Nob3AgQ1M2IChXaW5kb3dzKSI+IDx4bXBNTTpEZXJpdmVkRnJvbSBzdFJlZjppbnN0YW5jZUlEPSJ4bXAuaWlkOjQ4MTZDRTNCRDVBM0UxMTFBQTI2QTBCMjZENzg1Qzg5IiBzdFJlZjpkb2N1bWVudElEPSJ4bXAuZGlkOkJCNTQ2NThCMjJBM0UxMTFCQjlGOTlCRDhGRDlFQkVCIi8+IDwvcmRmOkRlc2NyaXB0aW9uPiA8L3JkZjpSREY+IDwveDp4bXBtZXRhPiA8P3hwYWNrZXQgZW5kPSJyIj8+yj6RYgAAAPZJREFUeNp0kM8KgkAQxmc1E0Wfo3vQn5eRSDx4EUHwbTpEhx4lil7DiydBQUFXp5nAMNsGhpnd/X77za4Iw3CFiFcAWFMFDkXtKZ/UHhfUnB3HWdu2/REpAL2u631ZlicGdpZlwTAMSmBM0zS5bhgQLB5FU3AOUS4XvNn3vVKgAACCIMA0TbFpGsyyDJMkefdFUWAcx1hVFeZ5jlEUoed5qPEI7KDrOhiG8e6llNC27Zcz77FW+L6Pruv+WKtGIzfgR39umv/UHOJgAMlO/BPOXCQDD5p3r2ma8lvHNU9BcWPg0HXdhRZbOhRT8aSXVO9U/ZcAAwAsmjsSQcM0lwAAAABJRU5ErkJggg==) " ";}
.successful.label th:first-child:before, .successful.label td:first-child:before {content:url(data:image/png;base64,iVBORw0KGgoAAAANSUhEUgAAAAwAAAAMCAYAAABWdVznAAAAGXRFWHRTb2Z0d2FyZQBBZG9iZSBJbWFnZVJlYWR5ccllPAAAA2ZpVFh0WE1MOmNvbS5hZG9iZS54bXAAAAAAADw/eHBhY2tldCBiZWdpbj0i77u/IiBpZD0iVzVNME1wQ2VoaUh6cmVTek5UY3prYzlkIj8+IDx4OnhtcG1ldGEgeG1sbnM6eD0iYWRvYmU6bnM6bWV0YS8iIHg6eG1wdGs9IkFkb2JlIFhNUCBDb3JlIDUuMy1jMDExIDY2LjE0NTY2MSwgMjAxMi8wMi8wNi0xNDo1NjoyNyAgICAgICAgIj4gPHJkZjpSREYgeG1sbnM6cmRmPSJodHRwOi8vd3d3LnczLm9yZy8xOTk5LzAyLzIyLXJkZi1zeW50YXgtbnMjIj4gPHJkZjpEZXNjcmlwdGlvbiByZGY6YWJvdXQ9IiIgeG1sbnM6eG1wTU09Imh0dHA6Ly9ucy5hZG9iZS5jb20veGFwLzEuMC9tbS8iIHhtbG5zOnN0UmVmPSJodHRwOi8vbnMuYWRvYmUuY29tL3hhcC8xLjAvc1R5cGUvUmVzb3VyY2VSZWYjIiB4bWxuczp4bXA9Imh0dHA6Ly9ucy5hZG9iZS5jb20veGFwLzEuMC8iIHhtcE1NOk9yaWdpbmFsRG9jdW1lbnRJRD0ieG1wLmRpZDpCQjU0NjU4QjIyQTNFMTExQkI5Rjk5QkQ4RkQ5RUJFQiIgeG1wTU06RG9jdW1lbnRJRD0ieG1wLmRpZDpEMDVBNThBQUEzRDUxMUUxQjdCQkM2QUNBMTNBMDExNiIgeG1wTU06SW5zdGFuY2VJRD0ieG1wLmlpZDpEMDVBNThBOUEzRDUxMUUxQjdCQkM2QUNBMTNBMDExNiIgeG1wOkNyZWF0b3JUb29sPSJBZG9iZSBQaG90b3Nob3AgQ1M2IChXaW5kb3dzKSI+IDx4bXBNTTpEZXJpdmVkRnJvbSBzdFJlZjppbnN0YW5jZUlEPSJ4bXAuaWlkOjQ4MTZDRTNCRDVBM0UxMTFBQTI2QTBCMjZENzg1Qzg5IiBzdFJlZjpkb2N1bWVudElEPSJ4bXAuZGlkOkJCNTQ2NThCMjJBM0UxMTFCQjlGOTlCRDhGRDlFQkVCIi8+IDwvcmRmOkRlc2NyaXB0aW9uPiA8L3JkZjpSREY+IDwveDp4bXBtZXRhPiA8P3hwYWNrZXQgZW5kPSJyIj8+xJ3YrgAAAYBJREFUeNpsUrtKA1EQPZtdY4gEQiD4QCsLEVGX4CP4AykEq1hYiGghCDZ+gBZWVtrZ+EAjaGOhfoAkNiaKhYWICilMEQNqoYjZ5O4d5+6ucQuLM3funDNzD7OrLe229YBwSKAEnyAP/pyIbL5fcz5rcNiLtuqJSEz3ickn5ruE/vFmJ9/LYjvAldGWqA7bJkgPtoAHQrS5G6NdiwhFWCoxHOCgKUL+iurkCBVawyamE8d4qmSZ51clBZUlh+RG14JzEsJNcaTNLVwWd1B6vXXqkmGoYNeVUPnW3JNr4+YarPoncvebEAKNekAlokaY6N/A1NA+SBgY6Eijtz2Fs5sVWNWawysorWNJsO+q9QWzaxLTYwfojA3isZzDfSnrWvTsNiyp7pOrZURC7ejrTDEpcVpY9ab+NSioLZEiapZA5nwBxZcC8g9HeK7ccYM7TDnwmoU2vx6/NIJaUjc0b0u8YvJNle5HdJvlhbI0Y31ThqsjTGr0/+8hOOQ5nfsRYACtHiy+FDd82wAAAABJRU5ErkJggg==) " "}
/*.successful.label a:before {content:url(data:image/png;base64,iVBORw0KGgoAAAANSUhEUgAAAAwAAAAMCAYAAABWdVznAAAAGXRFWHRTb2Z0d2FyZQBBZG9iZSBJbWFnZVJlYWR5ccllPAAAA2ZpVFh0WE1MOmNvbS5hZG9iZS54bXAAAAAAADw/eHBhY2tldCBiZWdpbj0i77u/IiBpZD0iVzVNME1wQ2VoaUh6cmVTek5UY3prYzlkIj8+IDx4OnhtcG1ldGEgeG1sbnM6eD0iYWRvYmU6bnM6bWV0YS8iIHg6eG1wdGs9IkFkb2JlIFhNUCBDb3JlIDUuMy1jMDExIDY2LjE0NTY2MSwgMjAxMi8wMi8wNi0xNDo1NjoyNyAgICAgICAgIj4gPHJkZjpSREYgeG1sbnM6cmRmPSJodHRwOi8vd3d3LnczLm9yZy8xOTk5LzAyLzIyLXJkZi1zeW50YXgtbnMjIj4gPHJkZjpEZXNjcmlwdGlvbiByZGY6YWJvdXQ9IiIgeG1sbnM6eG1wTU09Imh0dHA6Ly9ucy5hZG9iZS5jb20veGFwLzEuMC9tbS8iIHhtbG5zOnN0UmVmPSJodHRwOi8vbnMuYWRvYmUuY29tL3hhcC8xLjAvc1R5cGUvUmVzb3VyY2VSZWYjIiB4bWxuczp4bXA9Imh0dHA6Ly9ucy5hZG9iZS5jb20veGFwLzEuMC8iIHhtcE1NOk9yaWdpbmFsRG9jdW1lbnRJRD0ieG1wLmRpZDpCQjU0NjU4QjIyQTNFMTExQkI5Rjk5QkQ4RkQ5RUJFQiIgeG1wTU06RG9jdW1lbnRJRD0ieG1wLmRpZDpEMDVBNThBQUEzRDUxMUUxQjdCQkM2QUNBMTNBMDExNiIgeG1wTU06SW5zdGFuY2VJRD0ieG1wLmlpZDpEMDVBNThBOUEzRDUxMUUxQjdCQkM2QUNBMTNBMDExNiIgeG1wOkNyZWF0b3JUb29sPSJBZG9iZSBQaG90b3Nob3AgQ1M2IChXaW5kb3dzKSI+IDx4bXBNTTpEZXJpdmVkRnJvbSBzdFJlZjppbnN0YW5jZUlEPSJ4bXAuaWlkOjQ4MTZDRTNCRDVBM0UxMTFBQTI2QTBCMjZENzg1Qzg5IiBzdFJlZjpkb2N1bWVudElEPSJ4bXAuZGlkOkJCNTQ2NThCMjJBM0UxMTFCQjlGOTlCRDhGRDlFQkVCIi8+IDwvcmRmOkRlc2NyaXB0aW9uPiA8L3JkZjpSREY+IDwveDp4bXBtZXRhPiA8P3hwYWNrZXQgZW5kPSJyIj8+xJ3YrgAAAYBJREFUeNpsUrtKA1EQPZtdY4gEQiD4QCsLEVGX4CP4AykEq1hYiGghCDZ+gBZWVtrZ+EAjaGOhfoAkNiaKhYWICilMEQNqoYjZ5O4d5+6ucQuLM3funDNzD7OrLe229YBwSKAEnyAP/pyIbL5fcz5rcNiLtuqJSEz3ickn5ruE/vFmJ9/LYjvAldGWqA7bJkgPtoAHQrS5G6NdiwhFWCoxHOCgKUL+iurkCBVawyamE8d4qmSZ51clBZUlh+RG14JzEsJNcaTNLVwWd1B6vXXqkmGoYNeVUPnW3JNr4+YarPoncvebEAKNekAlokaY6N/A1NA+SBgY6Eijtz2Fs5sVWNWawysorWNJsO+q9QWzaxLTYwfojA3isZzDfSnrWvTsNiyp7pOrZURC7ejrTDEpcVpY9ab+NSioLZEiapZA5nwBxZcC8g9HeK7ccYM7TDnwmoU2vx6/NIJaUjc0b0u8YvJNle5HdJvlhbI0Y31ThqsjTGr0/+8hOOQ5nfsRYACtHiy+FDd82wAAAABJRU5ErkJggg==) " "}*/

.xspecResult { width: 90%; table-layout: fixed; }

.xspecResult td,
.xspecResult th { width: 50%; }

/*.xspecResult pre { 
  margin-left: 0; 
  padding: 0.5em; 
  overflow: auto; 
  border: 1px #999 dotted;
}*/

span.scenario-totals {float: right; width: 14.5%; text-align: left}

/* OXYGEN */
span.scenario-totals {float: right; width: 34.5%; text-align: right}

h2.failed {
    background-color: #FCC;
}

h1, h2 {
    width: 86%;
    /*margin-left: 3%;*/
    
    font-size:1.4em;
    font-weight:bold;
    text-align:left;
    margin-top:1.4em;
    margin-bottom:0.7em;
    color:#333333;
    background-color:inherit;
}

h1 {
    font-size:1.7em;
}

body &gt; h1:first-child:before {
    content:"XSLT UNIT ";
}

body &gt; h2:first-of-type {
    font-size:1.7em;
}

div &gt; table &gt; tbody &gt; tr &gt; th:first-child {
    font-weight:bold;
}

div &gt; h3 {
    font-weight:bold;
    /*margin-left: 3%;*/
}

div &gt; h4 {
    font-weight:normal;
    /*margin-left: 4%;*/
}

th.result { text-align: center; }
/* OXYGEN */


/* ------------------------------------------------------------------------ */
/*  DO NOT ALTER OR REMOVE COPYRIGHT NOTICES OR THIS COMMENT.               */
/*                                                                          */
/*  Copyright (c) 2008, 2010 Jeni Tennsion                                  */
/*                                                                          */
/*  The contents of this file are subject to the MIT License (see the URI   */
/*  http://www.opensource.org/licenses/mit-license.php for details).        */
/*                                                                          */
/*  Permission is hereby granted, free of charge, to any person obtaining   */
/*  a copy of this software and associated documentation files (the         */
/*  "Software"), to deal in the Software without restriction, including     */
/*  without limitation the rights to use, copy, modify, merge, publish,     */
/*  distribute, sublicense, and/or sell copies of the Software, and to      */
/*  permit persons to whom the Software is furnished to do so, subject to   */
/*  the following conditions:                                               */
/*                                                                          */
/*  The above copyright notice and this permission notice shall be          */
/*  included in all copies or substantial portions of the Software.         */
/*                                                                          */
/*  THE SOFTWARE IS PROVIDED "AS IS", WITHOUT WARRANTY OF ANY KIND,         */
/*  EXPRESS OR IMPLIED, INCLUDING BUT NOT LIMITED TO THE WARRANTIES OF      */
/*  MERCHANTABILITY, FITNESS FOR A PARTICULAR PURPOSE AND NONINFRINGEMENT.  */
/*  IN NO EVENT SHALL THE AUTHORS OR COPYRIGHT HOLDERS BE LIABLE FOR ANY    */
/*  CLAIM, DAMAGES OR OTHER LIABILITY, WHETHER IN AN ACTION OF CONTRACT,    */
/*  TORT OR OTHERWISE, ARISING FROM, OUT OF OR IN CONNECTION WITH THE       */
/*  SOFTWARE OR THE USE OR OTHER DEALINGS IN THE SOFTWARE.                  */
/* ------------------------------------------------------------------------ */

.nobr { white-space: nowrap; }
.scenario-label { text-indent: 0px; }
.context-label { text-indent: 10px; }
.test-label { text-indent: 20px; }
.pending-label { text-indent: 30px; }


        /**/</style>
    </head><body><h1>Test Report</h1><p>Script: <a href="file:/home/jostein/xprocspec/src/test/xprocspec/tests/call-3.xprocspec">file:/home/jostein/xprocspec/src/test/xprocspec/tests/call-3.xprocspec</a></p><p>Tested: 2013-09-05T16:00:35.013+02:00</p><h2>Contents</h2><table class="xspec"><col width="75%"/><col width="5%"/><col width="5%"/><col width="5%"/><col width="5%"/><col width="5%"/><thead><tr><th/><th class="result">passed:4</th><th class="result">pending:0</th><th class="result">failed:0</th><th class="result">errors:0</th><th class="result">total:4</th></tr></thead><tbody><tr class="successful label"><th><a href="#step1">ex:identity-1</a></th><th class="result">2</th><th class="result">0</th><th class="result">0</th><th class="result">0</th><th class="result">2</th></tr><tr class="successful label"><th><a href="#step2">ex:identity-2</a></th><th class="result">2</th><th class="result">0</th><th class="result">0</th><th class="result">0</th><th class="result">2</th></tr></tbody></table><div id="step1"><h2 class="successful">Calling: <a href="file:/home/jostein/xprocspec/src/test/xprocspec/steps/identity-library.xpl">ex:identity-1</a><span class="scenario-totals">passed:2 / pending:0 /
                                        failed:0 / errors:0 / total:2</span></h2><table class="xspec"><col width="80%"/><col width="20%"/><tbody><tr class="successful label"><th class="scenario-label">identity</th><th class="nobr">passed:2 / pending:0 / failed:0 / errors:0 / total:2</th></tr><tr class="successful label"><th class="context-label">errors</th><th class="nobr">passed:1 / pending:0 / failed:0 / errors:0 / total:1</th></tr><tr class="successful label"><td class="test-label">the step should execute successfully without throwing any errors</td><td>Success</td></tr><tr class="successful label"><th class="context-label">the results</th><th class="nobr">passed:1 / pending:0 / failed:0 / errors:0 / total:1</th></tr><tr class="successful label"><td class="test-label">the contents of the output element should be 'Hello world! #1'</td><td>Success</td></tr></tbody></table></div><div id="step2"><h2 class="successful">Calling: <a href="file:/home/jostein/xprocspec/src/test/xprocspec/steps/identity-library.xpl">ex:identity-2</a><span class="scenario-totals">passed:2 / pending:0 /
                                        failed:0 / errors:0 / total:2</span></h2><table class="xspec"><col width="80%"/><col width="20%"/><tbody><tr class="successful label"><th class="scenario-label">identity</th><th class="nobr">passed:2 / pending:0 / failed:0 / errors:0 / total:2</th></tr><tr class="successful label"><th class="context-label">errors</th><th class="nobr">passed:1 / pending:0 / failed:0 / errors:0 / total:1</th></tr><tr class="successful label"><td class="test-label">the step should execute successfully without throwing any errors</td><td>Success</td></tr><tr class="successful label"><th class="context-label">the results</th><th class="nobr">passed:1 / pending:0 / failed:0 / errors:0 / total:1</th></tr><tr class="successful label"><td class="test-label">the contents of the output element should be 'Hello world! #2'</td><td>Success</td></tr></tbody></table></div><h2>Execution log</h2><table><thead><tr><th>Time</th><th>Severity</th><th>Message</th></tr></thead><tbody><tr style=""><td>0.000</td><td style="padding-left:0%;">INFO</td><td><code><pre>#### file:/home/jostein/xprocspec/src/test/xprocspec/tests/call-3.xprocspec ####</pre></code></td></tr><tr style=""><td>0.011</td><td style="padding-left:0%;">INFO</td><td><code><pre> * temporary directory: file:/tmp/xprocspec-20130905160023007/</pre></code></td></tr><tr style=""><td>0.016</td><td style="padding-left:0%;">INFO</td><td><code><pre>preprocessing...</pre></code></td></tr><tr style=""><td>0.035</td><td style="padding-left:0%;">INFO</td><td><code><pre> * checking for imports</pre></code></td></tr><tr style=""><td>0.041</td><td style="padding-left:0%;">INFO</td><td><code><pre> * checking file:/home/jostein/xprocspec/src/test/xprocspec/tests/call-3.xprocspec for imports</pre></code></td></tr><tr style=""><td>0.047</td><td style="padding-left:0%;">INFO</td><td><code><pre> * extracting step declarations from file:/home/jostein/xprocspec/src/test/xprocspec/steps/identity-library.xpl</pre></code></td></tr><tr style=""><td>0.053</td><td style="padding-left:0%;">INFO</td><td><code><pre> * tests reference 2 steps</pre></code></td></tr><tr style=""><td>0.058</td><td style="padding-left:0%;">INFO</td><td><code><pre>   * step: e:identity-1</pre></code></td></tr><tr style=""><td>0.063</td><td style="padding-left:0%;">INFO</td><td><code><pre>   * step: e:identity-2</pre></code></td></tr><tr style=""><td>0.070</td><td style="padding-left:0%;">INFO</td><td><code><pre> * trying to load: file:/home/jostein/xprocspec/src/test/xprocspec/steps/identity-library.xpl</pre></code></td></tr><tr style=""><td>0.076</td><td style="padding-left:0%;">INFO</td><td><code><pre>   * success!</pre></code></td></tr><tr style=""><td>0.085</td><td style="padding-left:0%;">INFO</td><td><code><pre> * trying to extract the step declaration for {http://example.net/ns}identity-1 from file:/home/jostein/xprocspec/src/test/xprocspec/steps/identity-library.xpl</pre></code></td></tr><tr style=""><td>0.093</td><td style="padding-left:0%;">INFO</td><td><code><pre> * trying to extract the step declaration for {http://example.net/ns}identity-2 from file:/home/jostein/xprocspec/src/test/xprocspec/steps/identity-library.xpl</pre></code></td></tr><tr style=""><td>0.107</td><td style="padding-left:0%;">INFO</td><td><code><pre> * creating a new x:description document for each x:scenario element with inferred inputs, options and parameters</pre></code></td></tr><tr style=""><td>0.124</td><td style="padding-left:0%;">INFO</td><td><code><pre> * validating output grammar</pre></code></td></tr><tr style=""><td>0.139</td><td style="padding-left:0%;">INFO</td><td><code><pre> * validating output grammar</pre></code></td></tr><tr style=""><td>0.153</td><td style="padding-left:0%;">INFO</td><td><code><pre>compiling...</pre></code></td></tr><tr style=""><td>0.161</td><td style="padding-left:0%;">INFO</td><td><code><pre> * created directory using Calabash's cxf:mkdir</pre></code></td></tr><tr style=""><td>0.168</td><td style="padding-left:0%;">INFO</td><td><code><pre> * converting test 'test1' to XProc</pre></code></td></tr><tr style=""><td>0.183</td><td style="padding-left:0%;">INFO</td><td><code><pre>   * done</pre></code></td></tr><tr style=""><td>0.190</td><td style="padding-left:0%;">INFO</td><td><code><pre> * validating output grammar for file:/home/jostein/xprocspec/src/test/xprocspec/tests/call-3.xprocspec</pre></code></td></tr><tr style=""><td>0.205</td><td style="padding-left:0%;">INFO</td><td><code><pre>   * done!</pre></code></td></tr><tr style=""><td>0.213</td><td style="padding-left:0%;">INFO</td><td><code><pre> * converting test 'test2' to XProc</pre></code></td></tr><tr style=""><td>0.227</td><td style="padding-left:0%;">INFO</td><td><code><pre>   * done</pre></code></td></tr><tr style=""><td>0.234</td><td style="padding-left:0%;">INFO</td><td><code><pre> * validating output grammar for file:/home/jostein/xprocspec/src/test/xprocspec/tests/call-3.xprocspec</pre></code></td></tr><tr style=""><td>0.248</td><td style="padding-left:0%;">INFO</td><td><code><pre>   * done!</pre></code></td></tr><tr style=""><td>0.255</td><td style="padding-left:0%;">INFO</td><td><code><pre> * using as temporary directory: file:/tmp/xprocspec-20130905160023007/xprocspec-20130905160034404/</pre></code></td></tr><tr style=""><td>0.262</td><td style="padding-left:0%;">INFO</td><td><code><pre>storing...</pre></code></td></tr><tr style=""><td>0.273</td><td style="padding-left:0%;">INFO</td><td><code><pre>running...</pre></code></td></tr><tr style=""><td>0.282</td><td style="padding-left:0%;">INFO</td><td><code><pre>   * loading 'file:/tmp/xprocspec-20130905160023007/test1.xpl'</pre></code></td></tr><tr style=""><td>0.342</td><td style="padding-left:0%;">INFO</td><td><code><pre>   * loading 'file:/tmp/xprocspec-20130905160023007/test2.xpl'</pre></code></td></tr><tr style=""><td>0.395</td><td style="padding-left:0%;">INFO</td><td><code><pre>evaluating...</pre></code></td></tr><tr style=""><td>0.407</td><td style="padding-left:0%;">INFO</td><td><code><pre> * evaluating scenario 'identity' (file:/home/jostein/xprocspec/src/test/xprocspec/tests/call-3.xprocspec)</pre></code></td></tr><tr style=""><td>0.414</td><td style="padding-left:0%;">INFO</td><td><code><pre>   * resolving x:document elements...</pre></code></td></tr><tr style=""><td>0.424</td><td style="padding-left:0%;">INFO</td><td><code><pre>    * no errors occured</pre></code></td></tr><tr style=""><td>0.443</td><td style="padding-left:0%;">INFO</td><td><code><pre>   * grouping x:expect elements with their x:context...</pre></code></td></tr><tr style=""><td>0.453</td><td style="padding-left:0%;">INFO</td><td><code><pre>   * evaluating each context/expect group...</pre></code></td></tr><tr style=""><td>0.461</td><td style="padding-left:0%;">INFO</td><td><code><pre>     * setting context to 'errors'</pre></code></td></tr><tr style=""><td>0.469</td><td style="padding-left:0%;">INFO</td><td><code><pre>       * testing assertion 'the step should execute successfully without throwing any errors'</pre></code></td></tr><tr style=""><td>0.477</td><td style="padding-left:0%;">INFO</td><td><code><pre>         * is document count assertion</pre></code></td></tr><tr style=""><td>0.486</td><td style="padding-left:0%;">INFO</td><td><code><pre>         * assertion passed</pre></code></td></tr><tr style=""><td>0.494</td><td style="padding-left:0%;">INFO</td><td><code><pre>     * setting context to 'the results'</pre></code></td></tr><tr style=""><td>0.503</td><td style="padding-left:0%;">INFO</td><td><code><pre>       * testing assertion 'the contents of the output element should be 'Hello world! #1''</pre></code></td></tr><tr style=""><td>0.514</td><td style="padding-left:0%;">INFO</td><td><code><pre>         * is xpath assertion</pre></code></td></tr><tr style=""><td>0.543</td><td style="padding-left:0%;">INFO</td><td><code><pre> * evaluating scenario 'identity' (file:/home/jostein/xprocspec/src/test/xprocspec/tests/call-3.xprocspec)</pre></code></td></tr><tr style=""><td>0.552</td><td style="padding-left:0%;">INFO</td><td><code><pre>   * resolving x:document elements...</pre></code></td></tr><tr style=""><td>0.561</td><td style="padding-left:0%;">INFO</td><td><code><pre>    * no errors occured</pre></code></td></tr><tr style=""><td>0.578</td><td style="padding-left:0%;">INFO</td><td><code><pre>   * grouping x:expect elements with their x:context...</pre></code></td></tr><tr style=""><td>0.588</td><td style="padding-left:0%;">INFO</td><td><code><pre>   * evaluating each context/expect group...</pre></code></td></tr><tr style=""><td>0.595</td><td style="padding-left:0%;">INFO</td><td><code><pre>     * setting context to 'errors'</pre></code></td></tr><tr style=""><td>0.603</td><td style="padding-left:0%;">INFO</td><td><code><pre>       * testing assertion 'the step should execute successfully without throwing any errors'</pre></code></td></tr><tr style=""><td>0.612</td><td style="padding-left:0%;">INFO</td><td><code><pre>         * is document count assertion</pre></code></td></tr><tr style=""><td>0.620</td><td style="padding-left:0%;">INFO</td><td><code><pre>         * assertion passed</pre></code></td></tr><tr style=""><td>0.629</td><td style="padding-left:0%;">INFO</td><td><code><pre>     * setting context to 'the results'</pre></code></td></tr><tr style=""><td>0.637</td><td style="padding-left:0%;">INFO</td><td><code><pre>       * testing assertion 'the contents of the output element should be 'Hello world! #2''</pre></code></td></tr><tr style=""><td>0.647</td><td style="padding-left:0%;">INFO</td><td><code><pre>         * is xpath assertion</pre></code></td></tr><tr style=""><td>0.670</td><td style="padding-left:0%;">INFO</td><td><code><pre>reporting...</pre></code></td></tr></tbody></table><link rel="stylesheet" href="http://yandex.st/highlightjs/7.3/styles/default.min.css"/><script type="text/javascript" src="http://yandex.st/highlightjs/7.3/highlight.min.js" xml:space="preserve"> </script><script type="text/javascript">hljs.initHighlightingOnLoad();</script></body></html></x:document></x:output><x:output port="junit"><x:document xml:base="file:/home/jostein/xprocspec/src/main/resources/content/xml/xproc/report/report.xpl" xml:space="preserve" type="inline"><testsuites tests="4" failures="0" time="0.679" errors="0" name="call3"><testsuite timestamp="2013-09-05T14:00:34.935Z" hostname="localhost" tests="2" errors="0" failures="0" skipped="0" id="d20614e1" name="identity" package="http://example.net/ns" time="0.002">
<properties>


</properties>
<testcase name="theStepShouldExecuteSuccessfullyWithoutThrowingAnyErrors" classname="identity-1" assertions="1" time="0" status="SUCCESS"><system-out>the step should execute successfully without throwing any errors: SUCCESS</system-out>
<system-err/></testcase><testcase name="theContentsOfTheOutputElementShouldBeHelloWorld1" classname="identity-1" assertions="1" time="0" status="SUCCESS"><system-out>the contents of the output element should be 'Hello world! #1': SUCCESS</system-out>
<system-err/></testcase></testsuite><testsuite timestamp="2013-09-05T14:00:34.945Z" hostname="localhost" tests="2" errors="0" failures="0" skipped="0" id="d20622e1" name="identity" package="http://example.net/ns" time="0.002">
<properties>


</properties>
<testcase name="theStepShouldExecuteSuccessfullyWithoutThrowingAnyErrors" classname="identity-2" assertions="1" time="0" status="SUCCESS"><system-out>the step should execute successfully without throwing any errors: SUCCESS</system-out>
<system-err/></testcase><testcase name="theContentsOfTheOutputElementShouldBeHelloWorld2" classname="identity-2" assertions="1" time="0" status="SUCCESS"><system-out>the contents of the output element should be 'Hello world! #2': SUCCESS</system-out>
<system-err/></testcase></testsuite></testsuites></x:document></x:output><x:test-result contextref="errors" result="passed" max="0" label="the step should execute successfully without throwing any errors" type="count">
                                                        <x:expected>At most 0 documents.</x:expected>
                                                    <x:was>0</x:was></x:test-result><x:test-result contextref="context8" result="passed" test="not(/*/@tests='0') and /*/@failures='0' and /*/@errors='0'" label="there should be at least one test, and none of the tests should fail" type="xpath"><x:expected xml:space="preserve">XPath: true()
Value: true</x:expected><x:was xml:space="preserve">XPath: not(/*/@tests='0') and /*/@failures='0' and /*/@errors='0'
Value: true</x:was></x:test-result></x:description><x:description xmlns:cx="http://xmlcalabash.com/ns/extensions" xmlns:c="http://www.w3.org/ns/xproc-step" xml:base="file:/home/jostein/xprocspec/src/test/xprocspec/test.xprocspec" test-base-uri="file:/home/jostein/xprocspec/src/test/xprocspec/test.xprocspec" script="file:/home/jostein/xprocspec/src/main/resources/content/xml/xproc/xprocspec.xpl" test-grammar="xprocspec" temp-dir="file:/tmp/xprocspec-20130905160023007/"><x:step-declaration><p:declare-step xmlns:p="http://www.w3.org/ns/xproc" xmlns:px="http://www.daisy.org/ns/xprocspec" xmlns:pxi="http://www.daisy.org/ns/xprocspec/xproc-internal/" xmlns:pkg="http://expath.org/ns/pkg" type="px:xprocspec" name="main" version="1.0" xpath-version="2.0" pkg:import-uri="http://www.daisy.org/ns/xprocspec/xprocspec.xpl" x:type="{http://www.daisy.org/ns/xprocspec}xprocspec"><p:input port="source" kind="document" sequence="false" primary="true"/><p:output port="result" kind="document" sequence="false" primary="false"><p:pipe port="result" step="report"/></p:output><p:output port="html" kind="document" sequence="false" primary="false"><p:pipe port="html" step="report"/></p:output><p:output port="junit" kind="document" sequence="false" primary="false"><p:pipe port="junit" step="report"/></p:output><p:option name="temp-dir" select="'file:/tmp/'"/></p:declare-step></x:step-declaration><x:scenario end-time="2013-09-05T14:00:36.021Z" label="the input element - empty sequence" start-time="2013-09-05T14:00:35.421Z"><x:call x:type="{http://www.daisy.org/ns/xprocspec}xprocspec" step="x:xprocspec"><x:option select="$temp-dir" name="temp-dir" value="file:/tmp/xprocspec-20130905160023007/"/><x:input port="source">
                    <x:document xml:base="file:/home/jostein/xprocspec/src/test/xprocspec/test.xprocspec" xml:space="preserve" type="inline"><?xml-model href="http://www.daisy.org/ns/xprocspec/xprocspec.rng" type="application/xml" schematypens="http://relaxng.org/ns/structure/1.0"?><x:description xmlns:e="http://example.net/ns" script="../steps/identity.xpl">
    
    <x:scenario label="identity">
        <x:call step="e:identity">
            <x:option name="option.required" select="''"/>
            <x:input port="source.document.secondary.sequence"/>
        </x:call>
        
        <x:context label="the input">
            <x:document type="port" port="source.document.secondary.sequence"/>
        </x:context>
        <x:expect type="count" label="there must be no documents on the input port" max="0"/>
        
        <x:context label="the output">
            <x:document type="port" port="result.document.secondary.sequence"/>
        </x:context>
        <x:expect type="count" label="there must be no documents on the output port" max="0"/>
        
    </x:scenario>
    
</x:description></x:document>
                </x:input></x:call>
                                                <x:context label="errors" id="errors">
                                                    
                                                </x:context>
                                            
                                                <x:expect type="count" label="the step should execute successfully without throwing any errors" max="0" contextref="errors"/>
                                            <x:context label="the junit output port" id="context9">
                <x:document xml:base="file:/home/jostein/xprocspec/src/main/resources/content/xml/xproc/report/report.xpl" xml:space="preserve" type="inline"><testsuites tests="3" failures="0" time="0.492" errors="0" name="input1"><testsuite timestamp="2013-09-05T14:00:35.928Z" hostname="localhost" tests="3" errors="0" failures="0" skipped="0" id="d22115e1" name="identity" package="http://example.net/ns" time="0.008">
<properties><property name="input: source.document.secondary.sequence" value=""/>

<property name="option: option.required" value=""/>

</properties>
<testcase name="theStepShouldExecuteSuccessfullyWithoutThrowingAnyErrors" classname="identity" assertions="1" time="0" status="SUCCESS"><system-out>the step should execute successfully without throwing any errors: SUCCESS</system-out>
<system-err/></testcase><testcase name="thereMustBeNoDocumentsOnTheInputPort" classname="identity" assertions="1" time="0" status="SUCCESS"><system-out>there must be no documents on the input port: SUCCESS</system-out>
<system-err/></testcase><testcase name="thereMustBeNoDocumentsOnTheOutputPort" classname="identity" assertions="1" time="0" status="SUCCESS"><system-out>there must be no documents on the output port: SUCCESS</system-out>
<system-err/></testcase></testsuite></testsuites></x:document>
            </x:context><x:expect label="there should be at least one test, and none of the tests should fail" type="xpath" test="not(/*/@tests='0') and /*/@failures='0' and /*/@errors='0'" contextref="context9"/></x:scenario><x:output port="result"><x:document xml:base="file:/home/jostein/xprocspec/src/main/resources/content/xml/xproc/report/report.xpl" xml:space="preserve" type="inline"><x:test-report><x:description xml:base="file:/home/jostein/xprocspec/src/test/xprocspec/tests/input-1.xprocspec" test-base-uri="file:/home/jostein/xprocspec/src/test/xprocspec/tests/input-1.xprocspec" script="file:/home/jostein/xprocspec/src/test/xprocspec/steps/identity.xpl" test-grammar="xprocspec" temp-dir="file:/tmp/xprocspec-20130905160023007/xprocspec-2013090516003555/"><x:step-declaration><p:declare-step xmlns:p="http://www.w3.org/ns/xproc" xmlns:ex="http://example.net/ns" name="main" type="ex:identity" version="1.0" x:type="{http://example.net/ns}identity"><p:input port="source.document.primary" kind="document" primary="true" sequence="false"><p:inline>
            <source.document.primary.default/>
        </p:inline></p:input><p:input port="source.document.secondary.sequence" kind="document" sequence="true" primary="false"><p:inline>
            <source.document.secondary.sequence/>
        </p:inline></p:input><p:input select="/*/*" port="source.document.secondary.select-children" kind="document" sequence="true" primary="false"><p:inline>
            <default>
                <default/>
                <default/>
            </default>
        </p:inline></p:input><p:input port="source.parameter.primary.sequence" primary="true" kind="parameter" sequence="true"/><p:output port="result.document.primary" kind="document" primary="true" sequence="false"><p:pipe port="source.document.primary" step="main"/></p:output><p:output port="result.document.secondary.sequence" kind="document" sequence="true" primary="false"><p:pipe port="source.document.secondary.sequence" step="main"/></p:output><p:output port="result.document.secondary.select-children" kind="document" sequence="true" primary="false"><p:pipe port="source.document.secondary.select-children" step="main"/></p:output><p:output port="result.parameter.primary" kind="document" sequence="false" primary="false"><p:pipe port="result" step="parameters"/></p:output><p:output port="options" kind="document" sequence="false" primary="false"><p:pipe port="result" step="options"/></p:output><p:option name="option"/><p:option name="option.required" required="true"/><p:option name="option.default" select="'default'"/></p:declare-step></x:step-declaration><x:scenario xmlns:e="http://example.net/ns" end-time="2013-09-05T14:00:35.661Z" label="identity" start-time="2013-09-05T14:00:35.653Z"><x:call x:type="{http://example.net/ns}identity" step="e:identity"><x:option select="''" name="option.required" value=""/><x:input port="source.document.secondary.sequence"/></x:call>
                                                <x:context label="errors" id="errors">
                                                    
                                                </x:context>
                                            
                                                <x:expect type="count" label="the step should execute successfully without throwing any errors" max="0" contextref="errors"/>
                                            <x:context label="the input" id="context0">
            
        </x:context><x:expect type="count" label="there must be no documents on the input port" max="0" contextref="context0"/><x:context label="the output" id="context1">
            
        </x:context><x:expect type="count" label="there must be no documents on the output port" max="0" contextref="context1"/></x:scenario><x:output port="result.document.primary"><x:document xml:base="file:/home/jostein/xprocspec/src/test/xprocspec/tests/input-1.xprocspec" xml:space="preserve" type="inline">
            <source.document.primary.default xmlns:ex="http://example.net/ns"/>
        </x:document></x:output><x:output port="result.document.secondary.sequence"/><x:output port="result.document.secondary.select-children"><x:document xml:base="file:/home/jostein/xprocspec/src/test/xprocspec/steps/identity.xpl" xml:space="preserve" type="inline"><default xmlns:ex="http://example.net/ns"/></x:document><x:document xml:base="file:/home/jostein/xprocspec/src/test/xprocspec/steps/identity.xpl" xml:space="preserve" type="inline"><default xmlns:ex="http://example.net/ns"/></x:document></x:output><x:output port="result.parameter.primary"><x:document xml:base="file:/home/jostein/xprocspec/src/test/xprocspec/steps/identity.xpl" xml:space="preserve" type="inline"><c:param-set/></x:document></x:output><x:output port="options"><x:document xml:base="file:/home/jostein/xprocspec/src/test/xprocspec/steps/identity.xpl" xml:space="preserve" type="inline">
                <c:options xmlns:ex="http://example.net/ns">
                    
                    <c:option name="option.required" value=""/>
                    <c:option name="option.default" value="default"/>
                </c:options>
            </x:document></x:output><x:test-result contextref="errors" result="passed" max="0" label="the step should execute successfully without throwing any errors" type="count">
                                                        <x:expected>At most 0 documents.</x:expected>
                                                    <x:was>0</x:was></x:test-result><x:test-result contextref="context0" result="passed" max="0" label="there must be no documents on the input port" type="count">
                                                        <x:expected>At most 0 documents.</x:expected>
                                                    <x:was>0</x:was></x:test-result><x:test-result contextref="context1" result="passed" max="0" label="there must be no documents on the output port" type="count">
                                                        <x:expected>At most 0 documents.</x:expected>
                                                    <x:was>0</x:was></x:test-result></x:description></x:test-report></x:document></x:output><x:output port="html"><x:document xml:base="file:/home/jostein/xprocspec/src/main/resources/content/xml/xproc/report/report-template.xhtml" xml:space="preserve" type="inline"><html xmlns="http://www.w3.org/1999/xhtml"><head><title>Test Report for file:/home/jostein/xprocspec/src/test/xprocspec/tests/input-1.xprocspec (passed:3 / pending:0 / failed:0 / errors:0 / total:3)</title>
        <meta charset="utf-8"/>
        <style type="text/css" xml:space="preserve">/**/
/****************************************************************************/
/*  File:       test-report.css                                             */
/*  Author:     Jeni Tennsion                                               */
/*  URI:        http://xspec.googlecode.com/                                */
/*  Tags:                                                                   */
/*    Copyright (c) 2008, 2010 Jeni Tennsion (see end of file.)             */
/* ------------------------------------------------------------------------ */


/* test */

/* box model */

body {
	margin-right: 1em;
	/*margin-left: 10%;*/
	}

h1 {
	padding: 0.3em 0.5em 0.3em 0.5em;
	position: relative;
	}

h2 {
	padding: 0.1em 0.5em 0.2em 0.5em;
	}

h3 {
	padding-left: 0.6em;
	}

h4 {
	padding-left: 0.8em;
	}

p, table {
	/*margin-left: 5%;*/
	}

dd ul, dd ol {
	margin-left: 0%;
	}

li ul, li ol {
	/*margin-left: 5%;*/
	}

dl, ul, ol, blockquote {
	/*margin-left: 10%;*/
	}

dt {
  padding-top: 3px;
  padding-bottom: 3px;
	clear: both;
	}

dd p {
	/*margin-left: -5px;*/
	margin-top: 5px;
	clear: both;
	}

p.link {
	margin-top: 4px;
	margin-bottom: 0px;
	clear: both;
	}

tr td, td p, li, li p {
	margin-left: 0%;
	}

td:nth-child(2) {
	padding-left: 5%;
	}

.link img, dt img {
	vertical-align: middle;
	position: relative;
	top: -5px;
	}

img {
	position: relative;
	}

#xml-link {
	position: absolute;
	left: 5px;
	top: 5px;
	width: 10%;
	margin-left: 0%;
	}

#link-up {
	position: absolute;
	left: 93%;
	right: 2em;
	top: 0.3em;
	}

#link-top {
	position: absolute;
	left: 89%;
	right: 4em;
	top: 0.3em;
	}
	
.popup {
	display: block;
	visibility: hidden;
	float: right;
	position: absolute;
	top: 5px;
	left: -200px;
	z-index: 1;
	padding: 0.3em;
	width: 220px;
	}

.note {
	position: relative;
	}

.post {
	/*margin-left: 5%;*/
	padding-top: 1em;
	}
	
.example, .sidebar {
  /*margin-left: 5%;*/
  margin-top: 1em;
  margin-bottom: 1em;
  }

/*pre {
	padding-left: 5%;
	margin-left: 5%;
	}*/

/*dd pre, li pre {
	padding-left: 5%;
	}*/

/* fonts */
/* Oxygen  */
body, table {
    font-family:arial, helvetica, sans-serif;
    font-size:12px;
}
/* Oxygen  */

/*body {
	font-family: Verdana, arial, sans-serif;
	font-size: small;
	}*/	

/*h1, h2, h3, h4, h5, h6 {
	font-family: 'trebuchet MS', arial, sans-serif;
	}*/

h1 {
	font-size: 173%;
	font-weight: bold;
	}

h2 {
	font-size: 144%;
	font-weight: normal;
	}

h3 {
	font-size: 120%;
	font-weight: normal;
	}

h4 {
  font-size: 100%;
  font-weight: bold;
}

dt {
	font-weight: bold;
	}

a:link, a:visited, a:active, a:hover {
	font-weight: bold;
	}

a.offsite:link, a.offsite:visited, a.offsite:active, a.offsite:hover {
	font-weight: normal;
	}

/* suppress the normal italics */
address {
	font-style: normal;
	}

div.example, .sidebar {
  font-family: Verdana, arial, sans-serif;
  font-size: 100%;
  }


.note, .link {
	font-family: Verdana, arial, sans-serif;
	/*font-size: 83%;*/
	}

/*.example, .string, .rtf, .code, pre, code {
	font-family: "Lucida Console", "Courier New", monospace;*/
  /*font-size: 83%;*/
/*	}*/

.boolean {
	font-style: italic;
	}

#colophon, #xml-link {
	font-size: 69%;
	}

.question, .title {
	font-weight: bold;
	}

/* colours */
body {
	background-color: white;
	color: black;
	border: 0px none black;
	}

/* this is to make Navigator fill the entire line */
h1, h2 {
	border: 1px solid white;
	width: auto;
	}

h1 {
	/*background: #606;*/
	/*color: #6F6;*/
	}

h2 {
	color: #606;
	/*background: #CFC;*/
	}

hr {
	color: #606;
	background: white;
	}

img, a:link img, a:visited img, a:hover img, a:active img, #link-up img, #link-top img {
	border: 0px none white;
	background: transparent;
	}

/* OXYGEN */
a, a:visited {
    color:rgb(0, 0, 150);
    background-color:inherit;
    font-weight: bold;
}
a:link, a:visited {
    text-decoration:none; 
}
a:hover {
    text-decoration:underline;
}

/* OXYGEN */

a.img:hover, a.img:active {
	background: transparent;
	}

#colophon, #xml-link, .note {
	color: #666;
	}

#colophon a:link, #colophon a:visited, #colophon a:hover,
#xml-link a:link, #xml-link a:visited, #xml-link a:hover,
.note a:link, .note a:visited, .note a:hover {
	color: #969;
	background: transparent;
	}

#colophon a:hover, #xml-link a:hover, .note a:hover {
	background: #CFC;
	color: #969;
	}

.popup {
	background: white;
	border: 1px solid #606;
	}

.post {
	border-top: 2px solid #606;
	}
	
.example {
  border-top: 2px solid #606;
  border-bottom: 2px solid #606;
  }
  
.sidebar {
  border-top: 2px solid #090;
  border-bottom: 2px solid #090;
  }
  
.rng {
  border-left: 2px solid #666;
  }

.same {
  background-color: rgb(206, 239, 174);
}

.diff {
  background-color: #FCC;
}

.whitespace {
	font-style: italic;
	color: #999;
	background: white;
}

.ignored {
  font-style: italic;
  color: #999;
  background: white;
}

.hit {
}

.missed {
  background-color: #A33;
  color: white;
}

/* text */
ol ol li {
	list-style: lower-alpha;
	}

th {
	text-align: left;
	}

td {
	vertical-align: top;
	}

h1 {
	text-transform: uppercase;
	}

h2, h3 {
	/*text-transform: capitalize;*/
	}

.question {
	text-indent: -33px;
	}

.byline {
	text-align: right;
	}

#link-top, #link-up {
	text-align: right;
	}

a {
	text-decoration: none;
	}

table { width: 85%;
        /* border: collapse; */ }

th { text-align: left; }

.xspec tbody th { font-weight: normal; /*font-size: 0.8em;*/ border-top: 1px #666 solid; }
.xspec tbody td { /*font-size: 0.8em;*/ color: #666; }

.successful.label th, .successful.label td { background-color: #CFC; }
.pending.label th, .pending.label td { background-color: #DDD; color: #666; }
.failed.label th, .failed.label td { background-color: #FCC; }
.error.label th, .error.label td { background-color: #FAA; }
/*body &gt; table tbody .failed.label th:first-child:before {content:url(data:image/png;base64,iVBORw0KGgoAAAANSUhEUgAAAAwAAAAMCAYAAABWdVznAAAAGXRFWHRTb2Z0d2FyZQBBZG9iZSBJbWFnZVJlYWR5ccllPAAAA2ZpVFh0WE1MOmNvbS5hZG9iZS54bXAAAAAAADw/eHBhY2tldCBiZWdpbj0i77u/IiBpZD0iVzVNME1wQ2VoaUh6cmVTek5UY3prYzlkIj8+IDx4OnhtcG1ldGEgeG1sbnM6eD0iYWRvYmU6bnM6bWV0YS8iIHg6eG1wdGs9IkFkb2JlIFhNUCBDb3JlIDUuMy1jMDExIDY2LjE0NTY2MSwgMjAxMi8wMi8wNi0xNDo1NjoyNyAgICAgICAgIj4gPHJkZjpSREYgeG1sbnM6cmRmPSJodHRwOi8vd3d3LnczLm9yZy8xOTk5LzAyLzIyLXJkZi1zeW50YXgtbnMjIj4gPHJkZjpEZXNjcmlwdGlvbiByZGY6YWJvdXQ9IiIgeG1sbnM6eG1wTU09Imh0dHA6Ly9ucy5hZG9iZS5jb20veGFwLzEuMC9tbS8iIHhtbG5zOnN0UmVmPSJodHRwOi8vbnMuYWRvYmUuY29tL3hhcC8xLjAvc1R5cGUvUmVzb3VyY2VSZWYjIiB4bWxuczp4bXA9Imh0dHA6Ly9ucy5hZG9iZS5jb20veGFwLzEuMC8iIHhtcE1NOk9yaWdpbmFsRG9jdW1lbnRJRD0ieG1wLmRpZDpCQjU0NjU4QjIyQTNFMTExQkI5Rjk5QkQ4RkQ5RUJFQiIgeG1wTU06RG9jdW1lbnRJRD0ieG1wLmRpZDpEQTUyOTdBQUEzRDUxMUUxQTQwN0YzMUI0Nzg3NDU1RSIgeG1wTU06SW5zdGFuY2VJRD0ieG1wLmlpZDpEQTUyOTdBOUEzRDUxMUUxQTQwN0YzMUI0Nzg3NDU1RSIgeG1wOkNyZWF0b3JUb29sPSJBZG9iZSBQaG90b3Nob3AgQ1M2IChXaW5kb3dzKSI+IDx4bXBNTTpEZXJpdmVkRnJvbSBzdFJlZjppbnN0YW5jZUlEPSJ4bXAuaWlkOjQ4MTZDRTNCRDVBM0UxMTFBQTI2QTBCMjZENzg1Qzg5IiBzdFJlZjpkb2N1bWVudElEPSJ4bXAuZGlkOkJCNTQ2NThCMjJBM0UxMTFCQjlGOTlCRDhGRDlFQkVCIi8+IDwvcmRmOkRlc2NyaXB0aW9uPiA8L3JkZjpSREY+IDwveDp4bXBtZXRhPiA8P3hwYWNrZXQgZW5kPSJyIj8+aHNJrgAAAZ1JREFUeNpsUssrRGEU/907985YMDPNYlh4hbKZPMdgR3aysrGSSFIeKyUKpewoRTYkmcgCf4MsMI2FPDYGKeUZSoru4/uc82VC+W7fOeee+zvn/M45V1uuyCmVwDogq0hDklD6jy1dspNkdxokVrIzPFUh0/MD5OdXoJDwPFtu3d2ns6TTp9oggTlFZlmN0o4AHMmXfJGo0lmGzoE1OgmNHf5YA8rmN5HfM6wADmUuHphA9cIW/JX1yiek9DIlyijxkNjBzXYche19gNcHzfShoLUdVxtLuD/cYzCoMAzCwqYrhMDx9Chs20JRWzf4nMcXcDI3pYAqQHIAtWUJbpKursMMhpA+RiAEGzpc4X5XkDB4GjaHmiZik/PIa2rBEWVlSuW9Q+T3YndskBi46QpQFcLltchtbEZyZhxna4uKhmV9Ito/gtPNOG4P99WItdlIWARNXWOAv6AEr9cplel7/ggUleDlMqUSvNnCobHKxDsNnqs8XaWUZopp/XhxTkOR+HDVOveYUge9rNLyY9SU9v+vwXuUB2R0fQkwABfn/VKSjTLBAAAAAElFTkSuQmCC) " "}*/
/*body &gt; table tbody .error.label th:first-child:before {content:url(data:image/png;base64,iVBORw0KGgoAAAANSUhEUgAAAAwAAAAMCAYAAABWdVznAAAABmJLR0QAAAAAAAD5Q7t/AAAACXBIWXMAAAsTAAALEwEAmpwYAAAAB3RJTUUH3QcKER4AdkxvvQAAAdVJREFUKM89kM9KG0EAh7/JTHazZInEQwJ68KIWLx6Etj6EjxAobYSsD+BjCJ682EOp0FMueYmS0FMICF4i6tFNzJ/dyRh2Znoo6Xf+Pn7wEzc3Nx/W6/UvY8xJnudkWYa1Fu893nviOCaKIhuG4R/v/Ve1Xq9/bG1tnezs7JDnOVpr3t/fcc4hpaRSqVCpVORqtTp9e3v7rrTWn5vNJpPJhHK5zHg8JssyvPeEYcjR0RFpmlKr1ZjP5x9Li8VCbOR2u83BwQEvLy88PT1xfHzMxcUFQgjSNCXLskDlec5sNuPx8REpJZ1Oh+fnZ4QQnJ+fc319Tb/fZ29vD601SmvNdDplsVhwe3vLaDTi6uoKgCRJGAwGNBoNXl9fMcZQcs5hjGG1WpHnObVajQ3VahWtNcYYjDE451Cb+7z3JElCkiScnZ0hpaTX67G7u0u328V7/y+oVqsIITg8PKTT6dBqtRgOhzjnaLVa3N3dcX9/z3K5JI5jxOXlpSuKQqRpirWWh4eH//Plcpn9/X2cc2xvb1MqlQqllBpYa0/jOGYymdBsNsmyDOccURRRFAX1eh2lFGEY/lZBEHyx1v703n8KgkBEUYSUEu/9RkIIUQRB0A/D8NtflUT+nn4OS+0AAAAASUVORK5CYII=) " "}*/
.failed.label th:first-child:before, .failed.label td:first-child:before {content:url(data:image/png;base64,iVBORw0KGgoAAAANSUhEUgAAAAwAAAAMCAYAAABWdVznAAAAGXRFWHRTb2Z0d2FyZQBBZG9iZSBJbWFnZVJlYWR5ccllPAAAA2ZpVFh0WE1MOmNvbS5hZG9iZS54bXAAAAAAADw/eHBhY2tldCBiZWdpbj0i77u/IiBpZD0iVzVNME1wQ2VoaUh6cmVTek5UY3prYzlkIj8+IDx4OnhtcG1ldGEgeG1sbnM6eD0iYWRvYmU6bnM6bWV0YS8iIHg6eG1wdGs9IkFkb2JlIFhNUCBDb3JlIDUuMy1jMDExIDY2LjE0NTY2MSwgMjAxMi8wMi8wNi0xNDo1NjoyNyAgICAgICAgIj4gPHJkZjpSREYgeG1sbnM6cmRmPSJodHRwOi8vd3d3LnczLm9yZy8xOTk5LzAyLzIyLXJkZi1zeW50YXgtbnMjIj4gPHJkZjpEZXNjcmlwdGlvbiByZGY6YWJvdXQ9IiIgeG1sbnM6eG1wTU09Imh0dHA6Ly9ucy5hZG9iZS5jb20veGFwLzEuMC9tbS8iIHhtbG5zOnN0UmVmPSJodHRwOi8vbnMuYWRvYmUuY29tL3hhcC8xLjAvc1R5cGUvUmVzb3VyY2VSZWYjIiB4bWxuczp4bXA9Imh0dHA6Ly9ucy5hZG9iZS5jb20veGFwLzEuMC8iIHhtcE1NOk9yaWdpbmFsRG9jdW1lbnRJRD0ieG1wLmRpZDpCQjU0NjU4QjIyQTNFMTExQkI5Rjk5QkQ4RkQ5RUJFQiIgeG1wTU06RG9jdW1lbnRJRD0ieG1wLmRpZDpEQTUyOTdBQUEzRDUxMUUxQTQwN0YzMUI0Nzg3NDU1RSIgeG1wTU06SW5zdGFuY2VJRD0ieG1wLmlpZDpEQTUyOTdBOUEzRDUxMUUxQTQwN0YzMUI0Nzg3NDU1RSIgeG1wOkNyZWF0b3JUb29sPSJBZG9iZSBQaG90b3Nob3AgQ1M2IChXaW5kb3dzKSI+IDx4bXBNTTpEZXJpdmVkRnJvbSBzdFJlZjppbnN0YW5jZUlEPSJ4bXAuaWlkOjQ4MTZDRTNCRDVBM0UxMTFBQTI2QTBCMjZENzg1Qzg5IiBzdFJlZjpkb2N1bWVudElEPSJ4bXAuZGlkOkJCNTQ2NThCMjJBM0UxMTFCQjlGOTlCRDhGRDlFQkVCIi8+IDwvcmRmOkRlc2NyaXB0aW9uPiA8L3JkZjpSREY+IDwveDp4bXBtZXRhPiA8P3hwYWNrZXQgZW5kPSJyIj8+aHNJrgAAAZ1JREFUeNpsUssrRGEU/907985YMDPNYlh4hbKZPMdgR3aysrGSSFIeKyUKpewoRTYkmcgCf4MsMI2FPDYGKeUZSoru4/uc82VC+W7fOeee+zvn/M45V1uuyCmVwDogq0hDklD6jy1dspNkdxokVrIzPFUh0/MD5OdXoJDwPFtu3d2ns6TTp9oggTlFZlmN0o4AHMmXfJGo0lmGzoE1OgmNHf5YA8rmN5HfM6wADmUuHphA9cIW/JX1yiek9DIlyijxkNjBzXYche19gNcHzfShoLUdVxtLuD/cYzCoMAzCwqYrhMDx9Chs20JRWzf4nMcXcDI3pYAqQHIAtWUJbpKursMMhpA+RiAEGzpc4X5XkDB4GjaHmiZik/PIa2rBEWVlSuW9Q+T3YndskBi46QpQFcLltchtbEZyZhxna4uKhmV9Ito/gtPNOG4P99WItdlIWARNXWOAv6AEr9cplel7/ggUleDlMqUSvNnCobHKxDsNnqs8XaWUZopp/XhxTkOR+HDVOveYUge9rNLyY9SU9v+vwXuUB2R0fQkwABfn/VKSjTLBAAAAAElFTkSuQmCC) " "}
.error.label th:first-child:before, .error.label td:first-child:before {content:url(data:image/png;base64,iVBORw0KGgoAAAANSUhEUgAAAAwAAAAMCAYAAABWdVznAAAABmJLR0QAAAAAAAD5Q7t/AAAACXBIWXMAAAsTAAALEwEAmpwYAAAAB3RJTUUH3QcKER4AdkxvvQAAAdVJREFUKM89kM9KG0EAh7/JTHazZInEQwJ68KIWLx6Etj6EjxAobYSsD+BjCJ682EOp0FMueYmS0FMICF4i6tFNzJ/dyRh2Znoo6Xf+Pn7wEzc3Nx/W6/UvY8xJnudkWYa1Fu893nviOCaKIhuG4R/v/Ve1Xq9/bG1tnezs7JDnOVpr3t/fcc4hpaRSqVCpVORqtTp9e3v7rrTWn5vNJpPJhHK5zHg8JssyvPeEYcjR0RFpmlKr1ZjP5x9Li8VCbOR2u83BwQEvLy88PT1xfHzMxcUFQgjSNCXLskDlec5sNuPx8REpJZ1Oh+fnZ4QQnJ+fc319Tb/fZ29vD601SmvNdDplsVhwe3vLaDTi6uoKgCRJGAwGNBoNXl9fMcZQcs5hjGG1WpHnObVajQ3VahWtNcYYjDE451Cb+7z3JElCkiScnZ0hpaTX67G7u0u328V7/y+oVqsIITg8PKTT6dBqtRgOhzjnaLVa3N3dcX9/z3K5JI5jxOXlpSuKQqRpirWWh4eH//Plcpn9/X2cc2xvb1MqlQqllBpYa0/jOGYymdBsNsmyDOccURRRFAX1eh2lFGEY/lZBEHyx1v703n8KgkBEUYSUEu/9RkIIUQRB0A/D8NtflUT+nn4OS+0AAAAASUVORK5CYII=) " "}
.pending.label th:first-child:before, .pending.label td:first-child:before {content:url(data:image/png;base64,iVBORw0KGgoAAAANSUhEUgAAAAwAAAAMCAYAAABWdVznAAAAGXRFWHRTb2Z0d2FyZQBBZG9iZSBJbWFnZVJlYWR5ccllPAAAA2ZpVFh0WE1MOmNvbS5hZG9iZS54bXAAAAAAADw/eHBhY2tldCBiZWdpbj0i77u/IiBpZD0iVzVNME1wQ2VoaUh6cmVTek5UY3prYzlkIj8+IDx4OnhtcG1ldGEgeG1sbnM6eD0iYWRvYmU6bnM6bWV0YS8iIHg6eG1wdGs9IkFkb2JlIFhNUCBDb3JlIDUuMy1jMDExIDY2LjE0NTY2MSwgMjAxMi8wMi8wNi0xNDo1NjoyNyAgICAgICAgIj4gPHJkZjpSREYgeG1sbnM6cmRmPSJodHRwOi8vd3d3LnczLm9yZy8xOTk5LzAyLzIyLXJkZi1zeW50YXgtbnMjIj4gPHJkZjpEZXNjcmlwdGlvbiByZGY6YWJvdXQ9IiIgeG1sbnM6eG1wTU09Imh0dHA6Ly9ucy5hZG9iZS5jb20veGFwLzEuMC9tbS8iIHhtbG5zOnN0UmVmPSJodHRwOi8vbnMuYWRvYmUuY29tL3hhcC8xLjAvc1R5cGUvUmVzb3VyY2VSZWYjIiB4bWxuczp4bXA9Imh0dHA6Ly9ucy5hZG9iZS5jb20veGFwLzEuMC8iIHhtcE1NOk9yaWdpbmFsRG9jdW1lbnRJRD0ieG1wLmRpZDpCQjU0NjU4QjIyQTNFMTExQkI5Rjk5QkQ4RkQ5RUJFQiIgeG1wTU06RG9jdW1lbnRJRD0ieG1wLmRpZDpDODdDM0Y0QUEzRDUxMUUxQjk5N0MzQjVFRDMyQUE1MiIgeG1wTU06SW5zdGFuY2VJRD0ieG1wLmlpZDpDODdDM0Y0OUEzRDUxMUUxQjk5N0MzQjVFRDMyQUE1MiIgeG1wOkNyZWF0b3JUb29sPSJBZG9iZSBQaG90b3Nob3AgQ1M2IChXaW5kb3dzKSI+IDx4bXBNTTpEZXJpdmVkRnJvbSBzdFJlZjppbnN0YW5jZUlEPSJ4bXAuaWlkOjQ4MTZDRTNCRDVBM0UxMTFBQTI2QTBCMjZENzg1Qzg5IiBzdFJlZjpkb2N1bWVudElEPSJ4bXAuZGlkOkJCNTQ2NThCMjJBM0UxMTFCQjlGOTlCRDhGRDlFQkVCIi8+IDwvcmRmOkRlc2NyaXB0aW9uPiA8L3JkZjpSREY+IDwveDp4bXBtZXRhPiA8P3hwYWNrZXQgZW5kPSJyIj8+yj6RYgAAAPZJREFUeNp0kM8KgkAQxmc1E0Wfo3vQn5eRSDx4EUHwbTpEhx4lil7DiydBQUFXp5nAMNsGhpnd/X77za4Iw3CFiFcAWFMFDkXtKZ/UHhfUnB3HWdu2/REpAL2u631ZlicGdpZlwTAMSmBM0zS5bhgQLB5FU3AOUS4XvNn3vVKgAACCIMA0TbFpGsyyDJMkefdFUWAcx1hVFeZ5jlEUoed5qPEI7KDrOhiG8e6llNC27Zcz77FW+L6Pruv+WKtGIzfgR39umv/UHOJgAMlO/BPOXCQDD5p3r2ma8lvHNU9BcWPg0HXdhRZbOhRT8aSXVO9U/ZcAAwAsmjsSQcM0lwAAAABJRU5ErkJggg==) " ";}
.successful.label th:first-child:before, .successful.label td:first-child:before {content:url(data:image/png;base64,iVBORw0KGgoAAAANSUhEUgAAAAwAAAAMCAYAAABWdVznAAAAGXRFWHRTb2Z0d2FyZQBBZG9iZSBJbWFnZVJlYWR5ccllPAAAA2ZpVFh0WE1MOmNvbS5hZG9iZS54bXAAAAAAADw/eHBhY2tldCBiZWdpbj0i77u/IiBpZD0iVzVNME1wQ2VoaUh6cmVTek5UY3prYzlkIj8+IDx4OnhtcG1ldGEgeG1sbnM6eD0iYWRvYmU6bnM6bWV0YS8iIHg6eG1wdGs9IkFkb2JlIFhNUCBDb3JlIDUuMy1jMDExIDY2LjE0NTY2MSwgMjAxMi8wMi8wNi0xNDo1NjoyNyAgICAgICAgIj4gPHJkZjpSREYgeG1sbnM6cmRmPSJodHRwOi8vd3d3LnczLm9yZy8xOTk5LzAyLzIyLXJkZi1zeW50YXgtbnMjIj4gPHJkZjpEZXNjcmlwdGlvbiByZGY6YWJvdXQ9IiIgeG1sbnM6eG1wTU09Imh0dHA6Ly9ucy5hZG9iZS5jb20veGFwLzEuMC9tbS8iIHhtbG5zOnN0UmVmPSJodHRwOi8vbnMuYWRvYmUuY29tL3hhcC8xLjAvc1R5cGUvUmVzb3VyY2VSZWYjIiB4bWxuczp4bXA9Imh0dHA6Ly9ucy5hZG9iZS5jb20veGFwLzEuMC8iIHhtcE1NOk9yaWdpbmFsRG9jdW1lbnRJRD0ieG1wLmRpZDpCQjU0NjU4QjIyQTNFMTExQkI5Rjk5QkQ4RkQ5RUJFQiIgeG1wTU06RG9jdW1lbnRJRD0ieG1wLmRpZDpEMDVBNThBQUEzRDUxMUUxQjdCQkM2QUNBMTNBMDExNiIgeG1wTU06SW5zdGFuY2VJRD0ieG1wLmlpZDpEMDVBNThBOUEzRDUxMUUxQjdCQkM2QUNBMTNBMDExNiIgeG1wOkNyZWF0b3JUb29sPSJBZG9iZSBQaG90b3Nob3AgQ1M2IChXaW5kb3dzKSI+IDx4bXBNTTpEZXJpdmVkRnJvbSBzdFJlZjppbnN0YW5jZUlEPSJ4bXAuaWlkOjQ4MTZDRTNCRDVBM0UxMTFBQTI2QTBCMjZENzg1Qzg5IiBzdFJlZjpkb2N1bWVudElEPSJ4bXAuZGlkOkJCNTQ2NThCMjJBM0UxMTFCQjlGOTlCRDhGRDlFQkVCIi8+IDwvcmRmOkRlc2NyaXB0aW9uPiA8L3JkZjpSREY+IDwveDp4bXBtZXRhPiA8P3hwYWNrZXQgZW5kPSJyIj8+xJ3YrgAAAYBJREFUeNpsUrtKA1EQPZtdY4gEQiD4QCsLEVGX4CP4AykEq1hYiGghCDZ+gBZWVtrZ+EAjaGOhfoAkNiaKhYWICilMEQNqoYjZ5O4d5+6ucQuLM3funDNzD7OrLe229YBwSKAEnyAP/pyIbL5fcz5rcNiLtuqJSEz3ickn5ruE/vFmJ9/LYjvAldGWqA7bJkgPtoAHQrS5G6NdiwhFWCoxHOCgKUL+iurkCBVawyamE8d4qmSZ51clBZUlh+RG14JzEsJNcaTNLVwWd1B6vXXqkmGoYNeVUPnW3JNr4+YarPoncvebEAKNekAlokaY6N/A1NA+SBgY6Eijtz2Fs5sVWNWawysorWNJsO+q9QWzaxLTYwfojA3isZzDfSnrWvTsNiyp7pOrZURC7ejrTDEpcVpY9ab+NSioLZEiapZA5nwBxZcC8g9HeK7ccYM7TDnwmoU2vx6/NIJaUjc0b0u8YvJNle5HdJvlhbI0Y31ThqsjTGr0/+8hOOQ5nfsRYACtHiy+FDd82wAAAABJRU5ErkJggg==) " "}
/*.successful.label a:before {content:url(data:image/png;base64,iVBORw0KGgoAAAANSUhEUgAAAAwAAAAMCAYAAABWdVznAAAAGXRFWHRTb2Z0d2FyZQBBZG9iZSBJbWFnZVJlYWR5ccllPAAAA2ZpVFh0WE1MOmNvbS5hZG9iZS54bXAAAAAAADw/eHBhY2tldCBiZWdpbj0i77u/IiBpZD0iVzVNME1wQ2VoaUh6cmVTek5UY3prYzlkIj8+IDx4OnhtcG1ldGEgeG1sbnM6eD0iYWRvYmU6bnM6bWV0YS8iIHg6eG1wdGs9IkFkb2JlIFhNUCBDb3JlIDUuMy1jMDExIDY2LjE0NTY2MSwgMjAxMi8wMi8wNi0xNDo1NjoyNyAgICAgICAgIj4gPHJkZjpSREYgeG1sbnM6cmRmPSJodHRwOi8vd3d3LnczLm9yZy8xOTk5LzAyLzIyLXJkZi1zeW50YXgtbnMjIj4gPHJkZjpEZXNjcmlwdGlvbiByZGY6YWJvdXQ9IiIgeG1sbnM6eG1wTU09Imh0dHA6Ly9ucy5hZG9iZS5jb20veGFwLzEuMC9tbS8iIHhtbG5zOnN0UmVmPSJodHRwOi8vbnMuYWRvYmUuY29tL3hhcC8xLjAvc1R5cGUvUmVzb3VyY2VSZWYjIiB4bWxuczp4bXA9Imh0dHA6Ly9ucy5hZG9iZS5jb20veGFwLzEuMC8iIHhtcE1NOk9yaWdpbmFsRG9jdW1lbnRJRD0ieG1wLmRpZDpCQjU0NjU4QjIyQTNFMTExQkI5Rjk5QkQ4RkQ5RUJFQiIgeG1wTU06RG9jdW1lbnRJRD0ieG1wLmRpZDpEMDVBNThBQUEzRDUxMUUxQjdCQkM2QUNBMTNBMDExNiIgeG1wTU06SW5zdGFuY2VJRD0ieG1wLmlpZDpEMDVBNThBOUEzRDUxMUUxQjdCQkM2QUNBMTNBMDExNiIgeG1wOkNyZWF0b3JUb29sPSJBZG9iZSBQaG90b3Nob3AgQ1M2IChXaW5kb3dzKSI+IDx4bXBNTTpEZXJpdmVkRnJvbSBzdFJlZjppbnN0YW5jZUlEPSJ4bXAuaWlkOjQ4MTZDRTNCRDVBM0UxMTFBQTI2QTBCMjZENzg1Qzg5IiBzdFJlZjpkb2N1bWVudElEPSJ4bXAuZGlkOkJCNTQ2NThCMjJBM0UxMTFCQjlGOTlCRDhGRDlFQkVCIi8+IDwvcmRmOkRlc2NyaXB0aW9uPiA8L3JkZjpSREY+IDwveDp4bXBtZXRhPiA8P3hwYWNrZXQgZW5kPSJyIj8+xJ3YrgAAAYBJREFUeNpsUrtKA1EQPZtdY4gEQiD4QCsLEVGX4CP4AykEq1hYiGghCDZ+gBZWVtrZ+EAjaGOhfoAkNiaKhYWICilMEQNqoYjZ5O4d5+6ucQuLM3funDNzD7OrLe229YBwSKAEnyAP/pyIbL5fcz5rcNiLtuqJSEz3ickn5ruE/vFmJ9/LYjvAldGWqA7bJkgPtoAHQrS5G6NdiwhFWCoxHOCgKUL+iurkCBVawyamE8d4qmSZ51clBZUlh+RG14JzEsJNcaTNLVwWd1B6vXXqkmGoYNeVUPnW3JNr4+YarPoncvebEAKNekAlokaY6N/A1NA+SBgY6Eijtz2Fs5sVWNWawysorWNJsO+q9QWzaxLTYwfojA3isZzDfSnrWvTsNiyp7pOrZURC7ejrTDEpcVpY9ab+NSioLZEiapZA5nwBxZcC8g9HeK7ccYM7TDnwmoU2vx6/NIJaUjc0b0u8YvJNle5HdJvlhbI0Y31ThqsjTGr0/+8hOOQ5nfsRYACtHiy+FDd82wAAAABJRU5ErkJggg==) " "}*/

.xspecResult { width: 90%; table-layout: fixed; }

.xspecResult td,
.xspecResult th { width: 50%; }

/*.xspecResult pre { 
  margin-left: 0; 
  padding: 0.5em; 
  overflow: auto; 
  border: 1px #999 dotted;
}*/

span.scenario-totals {float: right; width: 14.5%; text-align: left}

/* OXYGEN */
span.scenario-totals {float: right; width: 34.5%; text-align: right}

h2.failed {
    background-color: #FCC;
}

h1, h2 {
    width: 86%;
    /*margin-left: 3%;*/
    
    font-size:1.4em;
    font-weight:bold;
    text-align:left;
    margin-top:1.4em;
    margin-bottom:0.7em;
    color:#333333;
    background-color:inherit;
}

h1 {
    font-size:1.7em;
}

body &gt; h1:first-child:before {
    content:"XSLT UNIT ";
}

body &gt; h2:first-of-type {
    font-size:1.7em;
}

div &gt; table &gt; tbody &gt; tr &gt; th:first-child {
    font-weight:bold;
}

div &gt; h3 {
    font-weight:bold;
    /*margin-left: 3%;*/
}

div &gt; h4 {
    font-weight:normal;
    /*margin-left: 4%;*/
}

th.result { text-align: center; }
/* OXYGEN */


/* ------------------------------------------------------------------------ */
/*  DO NOT ALTER OR REMOVE COPYRIGHT NOTICES OR THIS COMMENT.               */
/*                                                                          */
/*  Copyright (c) 2008, 2010 Jeni Tennsion                                  */
/*                                                                          */
/*  The contents of this file are subject to the MIT License (see the URI   */
/*  http://www.opensource.org/licenses/mit-license.php for details).        */
/*                                                                          */
/*  Permission is hereby granted, free of charge, to any person obtaining   */
/*  a copy of this software and associated documentation files (the         */
/*  "Software"), to deal in the Software without restriction, including     */
/*  without limitation the rights to use, copy, modify, merge, publish,     */
/*  distribute, sublicense, and/or sell copies of the Software, and to      */
/*  permit persons to whom the Software is furnished to do so, subject to   */
/*  the following conditions:                                               */
/*                                                                          */
/*  The above copyright notice and this permission notice shall be          */
/*  included in all copies or substantial portions of the Software.         */
/*                                                                          */
/*  THE SOFTWARE IS PROVIDED "AS IS", WITHOUT WARRANTY OF ANY KIND,         */
/*  EXPRESS OR IMPLIED, INCLUDING BUT NOT LIMITED TO THE WARRANTIES OF      */
/*  MERCHANTABILITY, FITNESS FOR A PARTICULAR PURPOSE AND NONINFRINGEMENT.  */
/*  IN NO EVENT SHALL THE AUTHORS OR COPYRIGHT HOLDERS BE LIABLE FOR ANY    */
/*  CLAIM, DAMAGES OR OTHER LIABILITY, WHETHER IN AN ACTION OF CONTRACT,    */
/*  TORT OR OTHERWISE, ARISING FROM, OUT OF OR IN CONNECTION WITH THE       */
/*  SOFTWARE OR THE USE OR OTHER DEALINGS IN THE SOFTWARE.                  */
/* ------------------------------------------------------------------------ */

.nobr { white-space: nowrap; }
.scenario-label { text-indent: 0px; }
.context-label { text-indent: 10px; }
.test-label { text-indent: 20px; }
.pending-label { text-indent: 30px; }


        /**/</style>
    </head><body><h1>Test Report</h1><p>Script: <a href="file:/home/jostein/xprocspec/src/test/xprocspec/tests/input-1.xprocspec">file:/home/jostein/xprocspec/src/test/xprocspec/tests/input-1.xprocspec</a></p><p>Tested: 2013-09-05T16:00:35.985+02:00</p><h2>Contents</h2><table class="xspec"><col width="75%"/><col width="5%"/><col width="5%"/><col width="5%"/><col width="5%"/><col width="5%"/><thead><tr><th/><th class="result">passed:3</th><th class="result">pending:0</th><th class="result">failed:0</th><th class="result">errors:0</th><th class="result">total:3</th></tr></thead><tbody><tr class="successful label"><th><a href="#step1">ex:identity</a></th><th class="result">3</th><th class="result">0</th><th class="result">0</th><th class="result">0</th><th class="result">3</th></tr></tbody></table><div id="step1"><h2 class="successful">Calling: <a href="file:/home/jostein/xprocspec/src/test/xprocspec/steps/identity.xpl">ex:identity</a><span class="scenario-totals">passed:3 / pending:0 /
                                        failed:0 / errors:0 / total:3</span></h2><table class="xspec"><col width="80%"/><col width="20%"/><tbody><tr class="successful label"><th class="scenario-label">identity</th><th class="nobr">passed:3 / pending:0 / failed:0 / errors:0 / total:3</th></tr><tr class="successful label"><th class="context-label">errors</th><th class="nobr">passed:1 / pending:0 / failed:0 / errors:0 / total:1</th></tr><tr class="successful label"><td class="test-label">the step should execute successfully without throwing any errors</td><td>Success</td></tr><tr class="successful label"><th class="context-label">the input</th><th class="nobr">passed:1 / pending:0 / failed:0 / errors:0 / total:1</th></tr><tr class="successful label"><td class="test-label">there must be no documents on the input port</td><td>Success</td></tr><tr class="successful label"><th class="context-label">the output</th><th class="nobr">passed:1 / pending:0 / failed:0 / errors:0 / total:1</th></tr><tr class="successful label"><td class="test-label">there must be no documents on the output port</td><td>Success</td></tr></tbody></table></div><h2>Execution log</h2><table><thead><tr><th>Time</th><th>Severity</th><th>Message</th></tr></thead><tbody><tr style=""><td>0.000</td><td style="padding-left:0%;">INFO</td><td><code><pre>#### file:/home/jostein/xprocspec/src/test/xprocspec/tests/input-1.xprocspec ####</pre></code></td></tr><tr style=""><td>0.006</td><td style="padding-left:0%;">INFO</td><td><code><pre> * temporary directory: file:/tmp/xprocspec-20130905160023007/</pre></code></td></tr><tr style=""><td>0.011</td><td style="padding-left:0%;">INFO</td><td><code><pre>preprocessing...</pre></code></td></tr><tr style=""><td>0.031</td><td style="padding-left:0%;">INFO</td><td><code><pre> * checking for imports</pre></code></td></tr><tr style=""><td>0.038</td><td style="padding-left:0%;">INFO</td><td><code><pre> * checking file:/home/jostein/xprocspec/src/test/xprocspec/tests/input-1.xprocspec for imports</pre></code></td></tr><tr style=""><td>0.044</td><td style="padding-left:0%;">INFO</td><td><code><pre> * extracting step declarations from file:/home/jostein/xprocspec/src/test/xprocspec/steps/identity.xpl</pre></code></td></tr><tr style=""><td>0.051</td><td style="padding-left:0%;">INFO</td><td><code><pre> * tests reference 1 step</pre></code></td></tr><tr style=""><td>0.057</td><td style="padding-left:0%;">INFO</td><td><code><pre>   * step: e:identity</pre></code></td></tr><tr style=""><td>0.063</td><td style="padding-left:0%;">INFO</td><td><code><pre> * trying to load: file:/home/jostein/xprocspec/src/test/xprocspec/steps/identity.xpl</pre></code></td></tr><tr style=""><td>0.070</td><td style="padding-left:0%;">INFO</td><td><code><pre>   * success!</pre></code></td></tr><tr style=""><td>0.077</td><td style="padding-left:0%;">INFO</td><td><code><pre> * trying to extract the step declaration for {http://example.net/ns}identity from file:/home/jostein/xprocspec/src/test/xprocspec/steps/identity.xpl</pre></code></td></tr><tr style=""><td>0.090</td><td style="padding-left:0%;">INFO</td><td><code><pre> * creating a new x:description document for each x:scenario element with inferred inputs, options and parameters</pre></code></td></tr><tr style=""><td>0.105</td><td style="padding-left:0%;">INFO</td><td><code><pre> * validating output grammar</pre></code></td></tr><tr style=""><td>0.118</td><td style="padding-left:0%;">INFO</td><td><code><pre>compiling...</pre></code></td></tr><tr style=""><td>0.126</td><td style="padding-left:0%;">INFO</td><td><code><pre> * created directory using Calabash's cxf:mkdir</pre></code></td></tr><tr style=""><td>0.132</td><td style="padding-left:0%;">INFO</td><td><code><pre> * converting test 'test1' to XProc</pre></code></td></tr><tr style=""><td>0.146</td><td style="padding-left:0%;">INFO</td><td><code><pre>   * done</pre></code></td></tr><tr style=""><td>0.153</td><td style="padding-left:0%;">INFO</td><td><code><pre> * validating output grammar for file:/home/jostein/xprocspec/src/test/xprocspec/tests/input-1.xprocspec</pre></code></td></tr><tr style=""><td>0.168</td><td style="padding-left:0%;">INFO</td><td><code><pre>   * done!</pre></code></td></tr><tr style=""><td>0.176</td><td style="padding-left:0%;">INFO</td><td><code><pre> * using as temporary directory: file:/tmp/xprocspec-20130905160023007/xprocspec-2013090516003555/</pre></code></td></tr><tr style=""><td>0.182</td><td style="padding-left:0%;">INFO</td><td><code><pre>storing...</pre></code></td></tr><tr style=""><td>0.191</td><td style="padding-left:0%;">INFO</td><td><code><pre>running...</pre></code></td></tr><tr style=""><td>0.200</td><td style="padding-left:0%;">INFO</td><td><code><pre>   * loading 'file:/tmp/xprocspec-20130905160023007/test1.xpl'</pre></code></td></tr><tr style=""><td>0.271</td><td style="padding-left:0%;">INFO</td><td><code><pre>evaluating...</pre></code></td></tr><tr style=""><td>0.285</td><td style="padding-left:0%;">INFO</td><td><code><pre> * evaluating scenario 'identity' (file:/home/jostein/xprocspec/src/test/xprocspec/tests/input-1.xprocspec)</pre></code></td></tr><tr style=""><td>0.292</td><td style="padding-left:0%;">INFO</td><td><code><pre>   * resolving x:document elements...</pre></code></td></tr><tr style=""><td>0.303</td><td style="padding-left:0%;">INFO</td><td><code><pre>    * no errors occured</pre></code></td></tr><tr style="background-color:#FFD700;"><td>0.316</td><td style="padding-left:0%;">WARN</td><td><code><pre>   * port not found: "source.document.secondary.sequence" (was: 0)</pre></code></td></tr><tr style="background-color:#FFD700;"><td>0.329</td><td style="padding-left:0%;">WARN</td><td><code><pre>   * port not found: "result.document.secondary.sequence" (was: 0)</pre></code></td></tr><tr style=""><td>0.353</td><td style="padding-left:0%;">INFO</td><td><code><pre>   * grouping x:expect elements with their x:context...</pre></code></td></tr><tr style=""><td>0.363</td><td style="padding-left:0%;">INFO</td><td><code><pre>   * evaluating each context/expect group...</pre></code></td></tr><tr style=""><td>0.371</td><td style="padding-left:0%;">INFO</td><td><code><pre>     * setting context to 'errors'</pre></code></td></tr><tr style=""><td>0.379</td><td style="padding-left:0%;">INFO</td><td><code><pre>       * testing assertion 'the step should execute successfully without throwing any errors'</pre></code></td></tr><tr style=""><td>0.387</td><td style="padding-left:0%;">INFO</td><td><code><pre>         * is document count assertion</pre></code></td></tr><tr style=""><td>0.395</td><td style="padding-left:0%;">INFO</td><td><code><pre>         * assertion passed</pre></code></td></tr><tr style=""><td>0.404</td><td style="padding-left:0%;">INFO</td><td><code><pre>     * setting context to 'the input'</pre></code></td></tr><tr style=""><td>0.412</td><td style="padding-left:0%;">INFO</td><td><code><pre>       * testing assertion 'there must be no documents on the input port'</pre></code></td></tr><tr style=""><td>0.420</td><td style="padding-left:0%;">INFO</td><td><code><pre>         * is document count assertion</pre></code></td></tr><tr style=""><td>0.428</td><td style="padding-left:0%;">INFO</td><td><code><pre>         * assertion passed</pre></code></td></tr><tr style=""><td>0.436</td><td style="padding-left:0%;">INFO</td><td><code><pre>     * setting context to 'the output'</pre></code></td></tr><tr style=""><td>0.444</td><td style="padding-left:0%;">INFO</td><td><code><pre>       * testing assertion 'there must be no documents on the output port'</pre></code></td></tr><tr style=""><td>0.451</td><td style="padding-left:0%;">INFO</td><td><code><pre>         * is document count assertion</pre></code></td></tr><tr style=""><td>0.459</td><td style="padding-left:0%;">INFO</td><td><code><pre>         * assertion passed</pre></code></td></tr><tr style=""><td>0.483</td><td style="padding-left:0%;">INFO</td><td><code><pre>reporting...</pre></code></td></tr></tbody></table><link rel="stylesheet" href="http://yandex.st/highlightjs/7.3/styles/default.min.css"/><script type="text/javascript" src="http://yandex.st/highlightjs/7.3/highlight.min.js" xml:space="preserve"> </script><script type="text/javascript">hljs.initHighlightingOnLoad();</script></body></html></x:document></x:output><x:output port="junit"><x:document xml:base="file:/home/jostein/xprocspec/src/main/resources/content/xml/xproc/report/report.xpl" xml:space="preserve" type="inline"><testsuites tests="3" failures="0" time="0.492" errors="0" name="input1"><testsuite timestamp="2013-09-05T14:00:35.928Z" hostname="localhost" tests="3" errors="0" failures="0" skipped="0" id="d22115e1" name="identity" package="http://example.net/ns" time="0.008">
<properties><property name="input: source.document.secondary.sequence" value=""/>

<property name="option: option.required" value=""/>

</properties>
<testcase name="theStepShouldExecuteSuccessfullyWithoutThrowingAnyErrors" classname="identity" assertions="1" time="0" status="SUCCESS"><system-out>the step should execute successfully without throwing any errors: SUCCESS</system-out>
<system-err/></testcase><testcase name="thereMustBeNoDocumentsOnTheInputPort" classname="identity" assertions="1" time="0" status="SUCCESS"><system-out>there must be no documents on the input port: SUCCESS</system-out>
<system-err/></testcase><testcase name="thereMustBeNoDocumentsOnTheOutputPort" classname="identity" assertions="1" time="0" status="SUCCESS"><system-out>there must be no documents on the output port: SUCCESS</system-out>
<system-err/></testcase></testsuite></testsuites></x:document></x:output><x:test-result contextref="errors" result="passed" max="0" label="the step should execute successfully without throwing any errors" type="count">
                                                        <x:expected>At most 0 documents.</x:expected>
                                                    <x:was>0</x:was></x:test-result><x:test-result contextref="context9" result="passed" test="not(/*/@tests='0') and /*/@failures='0' and /*/@errors='0'" label="there should be at least one test, and none of the tests should fail" type="xpath"><x:expected xml:space="preserve">XPath: true()
Value: true</x:expected><x:was xml:space="preserve">XPath: not(/*/@tests='0') and /*/@failures='0' and /*/@errors='0'
Value: true</x:was></x:test-result></x:description><x:description xmlns:cx="http://xmlcalabash.com/ns/extensions" xmlns:c="http://www.w3.org/ns/xproc-step" xml:base="file:/home/jostein/xprocspec/src/test/xprocspec/test.xprocspec" test-base-uri="file:/home/jostein/xprocspec/src/test/xprocspec/test.xprocspec" script="file:/home/jostein/xprocspec/src/main/resources/content/xml/xproc/xprocspec.xpl" test-grammar="xprocspec" temp-dir="file:/tmp/xprocspec-20130905160023007/"><x:step-declaration><p:declare-step xmlns:p="http://www.w3.org/ns/xproc" xmlns:px="http://www.daisy.org/ns/xprocspec" xmlns:pxi="http://www.daisy.org/ns/xprocspec/xproc-internal/" xmlns:pkg="http://expath.org/ns/pkg" type="px:xprocspec" name="main" version="1.0" xpath-version="2.0" pkg:import-uri="http://www.daisy.org/ns/xprocspec/xprocspec.xpl" x:type="{http://www.daisy.org/ns/xprocspec}xprocspec"><p:input port="source" kind="document" sequence="false" primary="true"/><p:output port="result" kind="document" sequence="false" primary="false"><p:pipe port="result" step="report"/></p:output><p:output port="html" kind="document" sequence="false" primary="false"><p:pipe port="html" step="report"/></p:output><p:output port="junit" kind="document" sequence="false" primary="false"><p:pipe port="junit" step="report"/></p:output><p:option name="temp-dir" select="'file:/tmp/'"/></p:declare-step></x:step-declaration><x:scenario end-time="2013-09-05T14:00:36.896Z" label="the input element - sequence of two documents" start-time="2013-09-05T14:00:36.294Z"><x:call x:type="{http://www.daisy.org/ns/xprocspec}xprocspec" step="x:xprocspec"><x:option select="$temp-dir" name="temp-dir" value="file:/tmp/xprocspec-20130905160023007/"/><x:input port="source">
                    <x:document xml:base="file:/home/jostein/xprocspec/src/test/xprocspec/test.xprocspec" xml:space="preserve" type="inline"><?xml-model href="http://www.daisy.org/ns/xprocspec/xprocspec.rng" type="application/xml" schematypens="http://relaxng.org/ns/structure/1.0"?><x:description xmlns:e="http://example.net/ns" script="../steps/identity.xpl">
    
    <x:scenario label="identity">
        <x:call step="e:identity">
            <x:option name="option.required" select="''"/>
            <x:input port="source.document.secondary.sequence">
                <x:document type="inline">
                    <doc1/>
                </x:document>
                <x:document type="inline">
                    <doc2/>
                </x:document>
            </x:input>
        </x:call>
        
        <x:context label="the input">
            <x:document type="port" port="source.document.secondary.sequence"/>
        </x:context>
        <x:expect type="count" label="there must be two documents on the input port" min="2" max="2"/>
        
        <x:context label="the output">
            <x:document type="port" port="result.document.secondary.sequence"/>
        </x:context>
        <x:expect type="count" label="there must be two documents on the output port" min="2" max="2"/>
        
    </x:scenario>
    
</x:description></x:document>
                </x:input></x:call>
                                                <x:context label="errors" id="errors">
                                                    
                                                </x:context>
                                            
                                                <x:expect type="count" label="the step should execute successfully without throwing any errors" max="0" contextref="errors"/>
                                            <x:context label="the junit output port" id="context10">
                <x:document xml:base="file:/home/jostein/xprocspec/src/main/resources/content/xml/xproc/report/report.xpl" xml:space="preserve" type="inline"><testsuites tests="3" failures="0" time="0.484" errors="0" name="input2"><testsuite timestamp="2013-09-05T14:00:36.793Z" hostname="localhost" tests="3" errors="0" failures="0" skipped="0" id="d23648e1" name="identity" package="http://example.net/ns" time="0.008">
<properties><property name="input: source.document.secondary.sequence" value="&lt;doc1 xmlns=&#34;&#34; .../&gt; (Base URI: file:/home/jostein/xprocspec/src/test/xprocspec/tests/input-2.xprocspec)&#xA;&lt;doc2 xmlns=&#34;&#34; .../&gt; (Base URI: file:/home/jostein/xprocspec/src/test/xprocspec/tests/input-2.xprocspec)"/>

<property name="option: option.required" value=""/>

</properties>
<testcase name="theStepShouldExecuteSuccessfullyWithoutThrowingAnyErrors" classname="identity" assertions="1" time="0" status="SUCCESS"><system-out>the step should execute successfully without throwing any errors: SUCCESS</system-out>
<system-err/></testcase><testcase name="thereMustBeTwoDocumentsOnTheInputPort" classname="identity" assertions="1" time="0" status="SUCCESS"><system-out>there must be two documents on the input port: SUCCESS</system-out>
<system-err/></testcase><testcase name="thereMustBeTwoDocumentsOnTheOutputPort" classname="identity" assertions="1" time="0" status="SUCCESS"><system-out>there must be two documents on the output port: SUCCESS</system-out>
<system-err/></testcase></testsuite></testsuites></x:document>
            </x:context><x:expect label="there should be at least one test, and none of the tests should fail" type="xpath" test="not(/*/@tests='0') and /*/@failures='0' and /*/@errors='0'" contextref="context10"/></x:scenario><x:output port="result"><x:document xml:base="file:/home/jostein/xprocspec/src/main/resources/content/xml/xproc/report/report.xpl" xml:space="preserve" type="inline"><x:test-report><x:description xml:base="file:/home/jostein/xprocspec/src/test/xprocspec/tests/input-2.xprocspec" test-base-uri="file:/home/jostein/xprocspec/src/test/xprocspec/tests/input-2.xprocspec" script="file:/home/jostein/xprocspec/src/test/xprocspec/steps/identity.xpl" test-grammar="xprocspec" temp-dir="file:/tmp/xprocspec-20130905160023007/xprocspec-20130905160036418/"><x:step-declaration><p:declare-step xmlns:p="http://www.w3.org/ns/xproc" xmlns:ex="http://example.net/ns" name="main" type="ex:identity" version="1.0" x:type="{http://example.net/ns}identity"><p:input port="source.document.primary" kind="document" primary="true" sequence="false"><p:inline>
            <source.document.primary.default/>
        </p:inline></p:input><p:input port="source.document.secondary.sequence" kind="document" sequence="true" primary="false"><p:inline>
            <source.document.secondary.sequence/>
        </p:inline></p:input><p:input select="/*/*" port="source.document.secondary.select-children" kind="document" sequence="true" primary="false"><p:inline>
            <default>
                <default/>
                <default/>
            </default>
        </p:inline></p:input><p:input port="source.parameter.primary.sequence" primary="true" kind="parameter" sequence="true"/><p:output port="result.document.primary" kind="document" primary="true" sequence="false"><p:pipe port="source.document.primary" step="main"/></p:output><p:output port="result.document.secondary.sequence" kind="document" sequence="true" primary="false"><p:pipe port="source.document.secondary.sequence" step="main"/></p:output><p:output port="result.document.secondary.select-children" kind="document" sequence="true" primary="false"><p:pipe port="source.document.secondary.select-children" step="main"/></p:output><p:output port="result.parameter.primary" kind="document" sequence="false" primary="false"><p:pipe port="result" step="parameters"/></p:output><p:output port="options" kind="document" sequence="false" primary="false"><p:pipe port="result" step="options"/></p:output><p:option name="option"/><p:option name="option.required" required="true"/><p:option name="option.default" select="'default'"/></p:declare-step></x:step-declaration><x:scenario xmlns:e="http://example.net/ns" end-time="2013-09-05T14:00:36.524Z" label="identity" start-time="2013-09-05T14:00:36.516Z"><x:call x:type="{http://example.net/ns}identity" step="e:identity"><x:option select="''" name="option.required" value=""/><x:input port="source.document.secondary.sequence">
                <x:document xml:base="file:/home/jostein/xprocspec/src/test/xprocspec/tests/input-2.xprocspec" xml:space="preserve" type="inline">
                    <doc1/>
                </x:document>
                <x:document xml:base="file:/home/jostein/xprocspec/src/test/xprocspec/tests/input-2.xprocspec" xml:space="preserve" type="inline">
                    <doc2/>
                </x:document>
            </x:input></x:call>
                                                <x:context label="errors" id="errors">
                                                    
                                                </x:context>
                                            
                                                <x:expect type="count" label="the step should execute successfully without throwing any errors" max="0" contextref="errors"/>
                                            <x:context label="the input" id="context0">
            <x:document xml:base="file:/home/jostein/xprocspec/src/test/xprocspec/tests/input-2.xprocspec" xml:space="preserve" type="inline">
                    <doc1/>
                </x:document><x:document xml:base="file:/home/jostein/xprocspec/src/test/xprocspec/tests/input-2.xprocspec" xml:space="preserve" type="inline">
                    <doc2/>
                </x:document>
        </x:context><x:expect type="count" label="there must be two documents on the input port" min="2" max="2" contextref="context0"/><x:context label="the output" id="context1">
            <x:document xml:base="file:/home/jostein/xprocspec/src/test/xprocspec/tests/input-2.xprocspec" xml:space="preserve" type="inline"><doc1 xmlns:ex="http://example.net/ns"/></x:document><x:document xml:base="file:/home/jostein/xprocspec/src/test/xprocspec/tests/input-2.xprocspec" xml:space="preserve" type="inline"><doc2 xmlns:ex="http://example.net/ns"/></x:document>
        </x:context><x:expect type="count" label="there must be two documents on the output port" min="2" max="2" contextref="context1"/></x:scenario><x:output port="result.document.primary"><x:document xml:base="file:/home/jostein/xprocspec/src/test/xprocspec/tests/input-2.xprocspec" xml:space="preserve" type="inline">
            <source.document.primary.default xmlns:ex="http://example.net/ns"/>
        </x:document></x:output><x:output port="result.document.secondary.sequence"><x:document xml:base="file:/home/jostein/xprocspec/src/test/xprocspec/tests/input-2.xprocspec" xml:space="preserve" type="inline"><doc1 xmlns:e="http://example.net/ns" xmlns:ex="http://example.net/ns"/></x:document><x:document xml:base="file:/home/jostein/xprocspec/src/test/xprocspec/tests/input-2.xprocspec" xml:space="preserve" type="inline"><doc2 xmlns:e="http://example.net/ns" xmlns:ex="http://example.net/ns"/></x:document></x:output><x:output port="result.document.secondary.select-children"><x:document xml:base="file:/home/jostein/xprocspec/src/test/xprocspec/steps/identity.xpl" xml:space="preserve" type="inline"><default xmlns:ex="http://example.net/ns"/></x:document><x:document xml:base="file:/home/jostein/xprocspec/src/test/xprocspec/steps/identity.xpl" xml:space="preserve" type="inline"><default xmlns:ex="http://example.net/ns"/></x:document></x:output><x:output port="result.parameter.primary"><x:document xml:base="file:/home/jostein/xprocspec/src/test/xprocspec/steps/identity.xpl" xml:space="preserve" type="inline"><c:param-set/></x:document></x:output><x:output port="options"><x:document xml:base="file:/home/jostein/xprocspec/src/test/xprocspec/steps/identity.xpl" xml:space="preserve" type="inline">
                <c:options xmlns:ex="http://example.net/ns">
                    
                    <c:option name="option.required" value=""/>
                    <c:option name="option.default" value="default"/>
                </c:options>
            </x:document></x:output><x:test-result contextref="errors" result="passed" max="0" label="the step should execute successfully without throwing any errors" type="count">
                                                        <x:expected>At most 0 documents.</x:expected>
                                                    <x:was>0</x:was></x:test-result><x:test-result contextref="context0" result="passed" max="2" min="2" label="there must be two documents on the input port" type="count">
                                                        <x:expected>At least 2 and at most 2 documents.</x:expected>
                                                    <x:was>2</x:was></x:test-result><x:test-result contextref="context1" result="passed" max="2" min="2" label="there must be two documents on the output port" type="count">
                                                        <x:expected>At least 2 and at most 2 documents.</x:expected>
                                                    <x:was>2</x:was></x:test-result></x:description></x:test-report></x:document></x:output><x:output port="html"><x:document xml:base="file:/home/jostein/xprocspec/src/main/resources/content/xml/xproc/report/report-template.xhtml" xml:space="preserve" type="inline"><html xmlns="http://www.w3.org/1999/xhtml"><head><title>Test Report for file:/home/jostein/xprocspec/src/test/xprocspec/tests/input-2.xprocspec (passed:3 / pending:0 / failed:0 / errors:0 / total:3)</title>
        <meta charset="utf-8"/>
        <style type="text/css" xml:space="preserve">/**/
/****************************************************************************/
/*  File:       test-report.css                                             */
/*  Author:     Jeni Tennsion                                               */
/*  URI:        http://xspec.googlecode.com/                                */
/*  Tags:                                                                   */
/*    Copyright (c) 2008, 2010 Jeni Tennsion (see end of file.)             */
/* ------------------------------------------------------------------------ */


/* test */

/* box model */

body {
	margin-right: 1em;
	/*margin-left: 10%;*/
	}

h1 {
	padding: 0.3em 0.5em 0.3em 0.5em;
	position: relative;
	}

h2 {
	padding: 0.1em 0.5em 0.2em 0.5em;
	}

h3 {
	padding-left: 0.6em;
	}

h4 {
	padding-left: 0.8em;
	}

p, table {
	/*margin-left: 5%;*/
	}

dd ul, dd ol {
	margin-left: 0%;
	}

li ul, li ol {
	/*margin-left: 5%;*/
	}

dl, ul, ol, blockquote {
	/*margin-left: 10%;*/
	}

dt {
  padding-top: 3px;
  padding-bottom: 3px;
	clear: both;
	}

dd p {
	/*margin-left: -5px;*/
	margin-top: 5px;
	clear: both;
	}

p.link {
	margin-top: 4px;
	margin-bottom: 0px;
	clear: both;
	}

tr td, td p, li, li p {
	margin-left: 0%;
	}

td:nth-child(2) {
	padding-left: 5%;
	}

.link img, dt img {
	vertical-align: middle;
	position: relative;
	top: -5px;
	}

img {
	position: relative;
	}

#xml-link {
	position: absolute;
	left: 5px;
	top: 5px;
	width: 10%;
	margin-left: 0%;
	}

#link-up {
	position: absolute;
	left: 93%;
	right: 2em;
	top: 0.3em;
	}

#link-top {
	position: absolute;
	left: 89%;
	right: 4em;
	top: 0.3em;
	}
	
.popup {
	display: block;
	visibility: hidden;
	float: right;
	position: absolute;
	top: 5px;
	left: -200px;
	z-index: 1;
	padding: 0.3em;
	width: 220px;
	}

.note {
	position: relative;
	}

.post {
	/*margin-left: 5%;*/
	padding-top: 1em;
	}
	
.example, .sidebar {
  /*margin-left: 5%;*/
  margin-top: 1em;
  margin-bottom: 1em;
  }

/*pre {
	padding-left: 5%;
	margin-left: 5%;
	}*/

/*dd pre, li pre {
	padding-left: 5%;
	}*/

/* fonts */
/* Oxygen  */
body, table {
    font-family:arial, helvetica, sans-serif;
    font-size:12px;
}
/* Oxygen  */

/*body {
	font-family: Verdana, arial, sans-serif;
	font-size: small;
	}*/	

/*h1, h2, h3, h4, h5, h6 {
	font-family: 'trebuchet MS', arial, sans-serif;
	}*/

h1 {
	font-size: 173%;
	font-weight: bold;
	}

h2 {
	font-size: 144%;
	font-weight: normal;
	}

h3 {
	font-size: 120%;
	font-weight: normal;
	}

h4 {
  font-size: 100%;
  font-weight: bold;
}

dt {
	font-weight: bold;
	}

a:link, a:visited, a:active, a:hover {
	font-weight: bold;
	}

a.offsite:link, a.offsite:visited, a.offsite:active, a.offsite:hover {
	font-weight: normal;
	}

/* suppress the normal italics */
address {
	font-style: normal;
	}

div.example, .sidebar {
  font-family: Verdana, arial, sans-serif;
  font-size: 100%;
  }


.note, .link {
	font-family: Verdana, arial, sans-serif;
	/*font-size: 83%;*/
	}

/*.example, .string, .rtf, .code, pre, code {
	font-family: "Lucida Console", "Courier New", monospace;*/
  /*font-size: 83%;*/
/*	}*/

.boolean {
	font-style: italic;
	}

#colophon, #xml-link {
	font-size: 69%;
	}

.question, .title {
	font-weight: bold;
	}

/* colours */
body {
	background-color: white;
	color: black;
	border: 0px none black;
	}

/* this is to make Navigator fill the entire line */
h1, h2 {
	border: 1px solid white;
	width: auto;
	}

h1 {
	/*background: #606;*/
	/*color: #6F6;*/
	}

h2 {
	color: #606;
	/*background: #CFC;*/
	}

hr {
	color: #606;
	background: white;
	}

img, a:link img, a:visited img, a:hover img, a:active img, #link-up img, #link-top img {
	border: 0px none white;
	background: transparent;
	}

/* OXYGEN */
a, a:visited {
    color:rgb(0, 0, 150);
    background-color:inherit;
    font-weight: bold;
}
a:link, a:visited {
    text-decoration:none; 
}
a:hover {
    text-decoration:underline;
}

/* OXYGEN */

a.img:hover, a.img:active {
	background: transparent;
	}

#colophon, #xml-link, .note {
	color: #666;
	}

#colophon a:link, #colophon a:visited, #colophon a:hover,
#xml-link a:link, #xml-link a:visited, #xml-link a:hover,
.note a:link, .note a:visited, .note a:hover {
	color: #969;
	background: transparent;
	}

#colophon a:hover, #xml-link a:hover, .note a:hover {
	background: #CFC;
	color: #969;
	}

.popup {
	background: white;
	border: 1px solid #606;
	}

.post {
	border-top: 2px solid #606;
	}
	
.example {
  border-top: 2px solid #606;
  border-bottom: 2px solid #606;
  }
  
.sidebar {
  border-top: 2px solid #090;
  border-bottom: 2px solid #090;
  }
  
.rng {
  border-left: 2px solid #666;
  }

.same {
  background-color: rgb(206, 239, 174);
}

.diff {
  background-color: #FCC;
}

.whitespace {
	font-style: italic;
	color: #999;
	background: white;
}

.ignored {
  font-style: italic;
  color: #999;
  background: white;
}

.hit {
}

.missed {
  background-color: #A33;
  color: white;
}

/* text */
ol ol li {
	list-style: lower-alpha;
	}

th {
	text-align: left;
	}

td {
	vertical-align: top;
	}

h1 {
	text-transform: uppercase;
	}

h2, h3 {
	/*text-transform: capitalize;*/
	}

.question {
	text-indent: -33px;
	}

.byline {
	text-align: right;
	}

#link-top, #link-up {
	text-align: right;
	}

a {
	text-decoration: none;
	}

table { width: 85%;
        /* border: collapse; */ }

th { text-align: left; }

.xspec tbody th { font-weight: normal; /*font-size: 0.8em;*/ border-top: 1px #666 solid; }
.xspec tbody td { /*font-size: 0.8em;*/ color: #666; }

.successful.label th, .successful.label td { background-color: #CFC; }
.pending.label th, .pending.label td { background-color: #DDD; color: #666; }
.failed.label th, .failed.label td { background-color: #FCC; }
.error.label th, .error.label td { background-color: #FAA; }
/*body &gt; table tbody .failed.label th:first-child:before {content:url(data:image/png;base64,iVBORw0KGgoAAAANSUhEUgAAAAwAAAAMCAYAAABWdVznAAAAGXRFWHRTb2Z0d2FyZQBBZG9iZSBJbWFnZVJlYWR5ccllPAAAA2ZpVFh0WE1MOmNvbS5hZG9iZS54bXAAAAAAADw/eHBhY2tldCBiZWdpbj0i77u/IiBpZD0iVzVNME1wQ2VoaUh6cmVTek5UY3prYzlkIj8+IDx4OnhtcG1ldGEgeG1sbnM6eD0iYWRvYmU6bnM6bWV0YS8iIHg6eG1wdGs9IkFkb2JlIFhNUCBDb3JlIDUuMy1jMDExIDY2LjE0NTY2MSwgMjAxMi8wMi8wNi0xNDo1NjoyNyAgICAgICAgIj4gPHJkZjpSREYgeG1sbnM6cmRmPSJodHRwOi8vd3d3LnczLm9yZy8xOTk5LzAyLzIyLXJkZi1zeW50YXgtbnMjIj4gPHJkZjpEZXNjcmlwdGlvbiByZGY6YWJvdXQ9IiIgeG1sbnM6eG1wTU09Imh0dHA6Ly9ucy5hZG9iZS5jb20veGFwLzEuMC9tbS8iIHhtbG5zOnN0UmVmPSJodHRwOi8vbnMuYWRvYmUuY29tL3hhcC8xLjAvc1R5cGUvUmVzb3VyY2VSZWYjIiB4bWxuczp4bXA9Imh0dHA6Ly9ucy5hZG9iZS5jb20veGFwLzEuMC8iIHhtcE1NOk9yaWdpbmFsRG9jdW1lbnRJRD0ieG1wLmRpZDpCQjU0NjU4QjIyQTNFMTExQkI5Rjk5QkQ4RkQ5RUJFQiIgeG1wTU06RG9jdW1lbnRJRD0ieG1wLmRpZDpEQTUyOTdBQUEzRDUxMUUxQTQwN0YzMUI0Nzg3NDU1RSIgeG1wTU06SW5zdGFuY2VJRD0ieG1wLmlpZDpEQTUyOTdBOUEzRDUxMUUxQTQwN0YzMUI0Nzg3NDU1RSIgeG1wOkNyZWF0b3JUb29sPSJBZG9iZSBQaG90b3Nob3AgQ1M2IChXaW5kb3dzKSI+IDx4bXBNTTpEZXJpdmVkRnJvbSBzdFJlZjppbnN0YW5jZUlEPSJ4bXAuaWlkOjQ4MTZDRTNCRDVBM0UxMTFBQTI2QTBCMjZENzg1Qzg5IiBzdFJlZjpkb2N1bWVudElEPSJ4bXAuZGlkOkJCNTQ2NThCMjJBM0UxMTFCQjlGOTlCRDhGRDlFQkVCIi8+IDwvcmRmOkRlc2NyaXB0aW9uPiA8L3JkZjpSREY+IDwveDp4bXBtZXRhPiA8P3hwYWNrZXQgZW5kPSJyIj8+aHNJrgAAAZ1JREFUeNpsUssrRGEU/907985YMDPNYlh4hbKZPMdgR3aysrGSSFIeKyUKpewoRTYkmcgCf4MsMI2FPDYGKeUZSoru4/uc82VC+W7fOeee+zvn/M45V1uuyCmVwDogq0hDklD6jy1dspNkdxokVrIzPFUh0/MD5OdXoJDwPFtu3d2ns6TTp9oggTlFZlmN0o4AHMmXfJGo0lmGzoE1OgmNHf5YA8rmN5HfM6wADmUuHphA9cIW/JX1yiek9DIlyijxkNjBzXYche19gNcHzfShoLUdVxtLuD/cYzCoMAzCwqYrhMDx9Chs20JRWzf4nMcXcDI3pYAqQHIAtWUJbpKursMMhpA+RiAEGzpc4X5XkDB4GjaHmiZik/PIa2rBEWVlSuW9Q+T3YndskBi46QpQFcLltchtbEZyZhxna4uKhmV9Ito/gtPNOG4P99WItdlIWARNXWOAv6AEr9cplel7/ggUleDlMqUSvNnCobHKxDsNnqs8XaWUZopp/XhxTkOR+HDVOveYUge9rNLyY9SU9v+vwXuUB2R0fQkwABfn/VKSjTLBAAAAAElFTkSuQmCC) " "}*/
/*body &gt; table tbody .error.label th:first-child:before {content:url(data:image/png;base64,iVBORw0KGgoAAAANSUhEUgAAAAwAAAAMCAYAAABWdVznAAAABmJLR0QAAAAAAAD5Q7t/AAAACXBIWXMAAAsTAAALEwEAmpwYAAAAB3RJTUUH3QcKER4AdkxvvQAAAdVJREFUKM89kM9KG0EAh7/JTHazZInEQwJ68KIWLx6Etj6EjxAobYSsD+BjCJ682EOp0FMueYmS0FMICF4i6tFNzJ/dyRh2Znoo6Xf+Pn7wEzc3Nx/W6/UvY8xJnudkWYa1Fu893nviOCaKIhuG4R/v/Ve1Xq9/bG1tnezs7JDnOVpr3t/fcc4hpaRSqVCpVORqtTp9e3v7rrTWn5vNJpPJhHK5zHg8JssyvPeEYcjR0RFpmlKr1ZjP5x9Li8VCbOR2u83BwQEvLy88PT1xfHzMxcUFQgjSNCXLskDlec5sNuPx8REpJZ1Oh+fnZ4QQnJ+fc319Tb/fZ29vD601SmvNdDplsVhwe3vLaDTi6uoKgCRJGAwGNBoNXl9fMcZQcs5hjGG1WpHnObVajQ3VahWtNcYYjDE451Cb+7z3JElCkiScnZ0hpaTX67G7u0u328V7/y+oVqsIITg8PKTT6dBqtRgOhzjnaLVa3N3dcX9/z3K5JI5jxOXlpSuKQqRpirWWh4eH//Plcpn9/X2cc2xvb1MqlQqllBpYa0/jOGYymdBsNsmyDOccURRRFAX1eh2lFGEY/lZBEHyx1v703n8KgkBEUYSUEu/9RkIIUQRB0A/D8NtflUT+nn4OS+0AAAAASUVORK5CYII=) " "}*/
.failed.label th:first-child:before, .failed.label td:first-child:before {content:url(data:image/png;base64,iVBORw0KGgoAAAANSUhEUgAAAAwAAAAMCAYAAABWdVznAAAAGXRFWHRTb2Z0d2FyZQBBZG9iZSBJbWFnZVJlYWR5ccllPAAAA2ZpVFh0WE1MOmNvbS5hZG9iZS54bXAAAAAAADw/eHBhY2tldCBiZWdpbj0i77u/IiBpZD0iVzVNME1wQ2VoaUh6cmVTek5UY3prYzlkIj8+IDx4OnhtcG1ldGEgeG1sbnM6eD0iYWRvYmU6bnM6bWV0YS8iIHg6eG1wdGs9IkFkb2JlIFhNUCBDb3JlIDUuMy1jMDExIDY2LjE0NTY2MSwgMjAxMi8wMi8wNi0xNDo1NjoyNyAgICAgICAgIj4gPHJkZjpSREYgeG1sbnM6cmRmPSJodHRwOi8vd3d3LnczLm9yZy8xOTk5LzAyLzIyLXJkZi1zeW50YXgtbnMjIj4gPHJkZjpEZXNjcmlwdGlvbiByZGY6YWJvdXQ9IiIgeG1sbnM6eG1wTU09Imh0dHA6Ly9ucy5hZG9iZS5jb20veGFwLzEuMC9tbS8iIHhtbG5zOnN0UmVmPSJodHRwOi8vbnMuYWRvYmUuY29tL3hhcC8xLjAvc1R5cGUvUmVzb3VyY2VSZWYjIiB4bWxuczp4bXA9Imh0dHA6Ly9ucy5hZG9iZS5jb20veGFwLzEuMC8iIHhtcE1NOk9yaWdpbmFsRG9jdW1lbnRJRD0ieG1wLmRpZDpCQjU0NjU4QjIyQTNFMTExQkI5Rjk5QkQ4RkQ5RUJFQiIgeG1wTU06RG9jdW1lbnRJRD0ieG1wLmRpZDpEQTUyOTdBQUEzRDUxMUUxQTQwN0YzMUI0Nzg3NDU1RSIgeG1wTU06SW5zdGFuY2VJRD0ieG1wLmlpZDpEQTUyOTdBOUEzRDUxMUUxQTQwN0YzMUI0Nzg3NDU1RSIgeG1wOkNyZWF0b3JUb29sPSJBZG9iZSBQaG90b3Nob3AgQ1M2IChXaW5kb3dzKSI+IDx4bXBNTTpEZXJpdmVkRnJvbSBzdFJlZjppbnN0YW5jZUlEPSJ4bXAuaWlkOjQ4MTZDRTNCRDVBM0UxMTFBQTI2QTBCMjZENzg1Qzg5IiBzdFJlZjpkb2N1bWVudElEPSJ4bXAuZGlkOkJCNTQ2NThCMjJBM0UxMTFCQjlGOTlCRDhGRDlFQkVCIi8+IDwvcmRmOkRlc2NyaXB0aW9uPiA8L3JkZjpSREY+IDwveDp4bXBtZXRhPiA8P3hwYWNrZXQgZW5kPSJyIj8+aHNJrgAAAZ1JREFUeNpsUssrRGEU/907985YMDPNYlh4hbKZPMdgR3aysrGSSFIeKyUKpewoRTYkmcgCf4MsMI2FPDYGKeUZSoru4/uc82VC+W7fOeee+zvn/M45V1uuyCmVwDogq0hDklD6jy1dspNkdxokVrIzPFUh0/MD5OdXoJDwPFtu3d2ns6TTp9oggTlFZlmN0o4AHMmXfJGo0lmGzoE1OgmNHf5YA8rmN5HfM6wADmUuHphA9cIW/JX1yiek9DIlyijxkNjBzXYche19gNcHzfShoLUdVxtLuD/cYzCoMAzCwqYrhMDx9Chs20JRWzf4nMcXcDI3pYAqQHIAtWUJbpKursMMhpA+RiAEGzpc4X5XkDB4GjaHmiZik/PIa2rBEWVlSuW9Q+T3YndskBi46QpQFcLltchtbEZyZhxna4uKhmV9Ito/gtPNOG4P99WItdlIWARNXWOAv6AEr9cplel7/ggUleDlMqUSvNnCobHKxDsNnqs8XaWUZopp/XhxTkOR+HDVOveYUge9rNLyY9SU9v+vwXuUB2R0fQkwABfn/VKSjTLBAAAAAElFTkSuQmCC) " "}
.error.label th:first-child:before, .error.label td:first-child:before {content:url(data:image/png;base64,iVBORw0KGgoAAAANSUhEUgAAAAwAAAAMCAYAAABWdVznAAAABmJLR0QAAAAAAAD5Q7t/AAAACXBIWXMAAAsTAAALEwEAmpwYAAAAB3RJTUUH3QcKER4AdkxvvQAAAdVJREFUKM89kM9KG0EAh7/JTHazZInEQwJ68KIWLx6Etj6EjxAobYSsD+BjCJ682EOp0FMueYmS0FMICF4i6tFNzJ/dyRh2Znoo6Xf+Pn7wEzc3Nx/W6/UvY8xJnudkWYa1Fu893nviOCaKIhuG4R/v/Ve1Xq9/bG1tnezs7JDnOVpr3t/fcc4hpaRSqVCpVORqtTp9e3v7rrTWn5vNJpPJhHK5zHg8JssyvPeEYcjR0RFpmlKr1ZjP5x9Li8VCbOR2u83BwQEvLy88PT1xfHzMxcUFQgjSNCXLskDlec5sNuPx8REpJZ1Oh+fnZ4QQnJ+fc319Tb/fZ29vD601SmvNdDplsVhwe3vLaDTi6uoKgCRJGAwGNBoNXl9fMcZQcs5hjGG1WpHnObVajQ3VahWtNcYYjDE451Cb+7z3JElCkiScnZ0hpaTX67G7u0u328V7/y+oVqsIITg8PKTT6dBqtRgOhzjnaLVa3N3dcX9/z3K5JI5jxOXlpSuKQqRpirWWh4eH//Plcpn9/X2cc2xvb1MqlQqllBpYa0/jOGYymdBsNsmyDOccURRRFAX1eh2lFGEY/lZBEHyx1v703n8KgkBEUYSUEu/9RkIIUQRB0A/D8NtflUT+nn4OS+0AAAAASUVORK5CYII=) " "}
.pending.label th:first-child:before, .pending.label td:first-child:before {content:url(data:image/png;base64,iVBORw0KGgoAAAANSUhEUgAAAAwAAAAMCAYAAABWdVznAAAAGXRFWHRTb2Z0d2FyZQBBZG9iZSBJbWFnZVJlYWR5ccllPAAAA2ZpVFh0WE1MOmNvbS5hZG9iZS54bXAAAAAAADw/eHBhY2tldCBiZWdpbj0i77u/IiBpZD0iVzVNME1wQ2VoaUh6cmVTek5UY3prYzlkIj8+IDx4OnhtcG1ldGEgeG1sbnM6eD0iYWRvYmU6bnM6bWV0YS8iIHg6eG1wdGs9IkFkb2JlIFhNUCBDb3JlIDUuMy1jMDExIDY2LjE0NTY2MSwgMjAxMi8wMi8wNi0xNDo1NjoyNyAgICAgICAgIj4gPHJkZjpSREYgeG1sbnM6cmRmPSJodHRwOi8vd3d3LnczLm9yZy8xOTk5LzAyLzIyLXJkZi1zeW50YXgtbnMjIj4gPHJkZjpEZXNjcmlwdGlvbiByZGY6YWJvdXQ9IiIgeG1sbnM6eG1wTU09Imh0dHA6Ly9ucy5hZG9iZS5jb20veGFwLzEuMC9tbS8iIHhtbG5zOnN0UmVmPSJodHRwOi8vbnMuYWRvYmUuY29tL3hhcC8xLjAvc1R5cGUvUmVzb3VyY2VSZWYjIiB4bWxuczp4bXA9Imh0dHA6Ly9ucy5hZG9iZS5jb20veGFwLzEuMC8iIHhtcE1NOk9yaWdpbmFsRG9jdW1lbnRJRD0ieG1wLmRpZDpCQjU0NjU4QjIyQTNFMTExQkI5Rjk5QkQ4RkQ5RUJFQiIgeG1wTU06RG9jdW1lbnRJRD0ieG1wLmRpZDpDODdDM0Y0QUEzRDUxMUUxQjk5N0MzQjVFRDMyQUE1MiIgeG1wTU06SW5zdGFuY2VJRD0ieG1wLmlpZDpDODdDM0Y0OUEzRDUxMUUxQjk5N0MzQjVFRDMyQUE1MiIgeG1wOkNyZWF0b3JUb29sPSJBZG9iZSBQaG90b3Nob3AgQ1M2IChXaW5kb3dzKSI+IDx4bXBNTTpEZXJpdmVkRnJvbSBzdFJlZjppbnN0YW5jZUlEPSJ4bXAuaWlkOjQ4MTZDRTNCRDVBM0UxMTFBQTI2QTBCMjZENzg1Qzg5IiBzdFJlZjpkb2N1bWVudElEPSJ4bXAuZGlkOkJCNTQ2NThCMjJBM0UxMTFCQjlGOTlCRDhGRDlFQkVCIi8+IDwvcmRmOkRlc2NyaXB0aW9uPiA8L3JkZjpSREY+IDwveDp4bXBtZXRhPiA8P3hwYWNrZXQgZW5kPSJyIj8+yj6RYgAAAPZJREFUeNp0kM8KgkAQxmc1E0Wfo3vQn5eRSDx4EUHwbTpEhx4lil7DiydBQUFXp5nAMNsGhpnd/X77za4Iw3CFiFcAWFMFDkXtKZ/UHhfUnB3HWdu2/REpAL2u631ZlicGdpZlwTAMSmBM0zS5bhgQLB5FU3AOUS4XvNn3vVKgAACCIMA0TbFpGsyyDJMkefdFUWAcx1hVFeZ5jlEUoed5qPEI7KDrOhiG8e6llNC27Zcz77FW+L6Pruv+WKtGIzfgR39umv/UHOJgAMlO/BPOXCQDD5p3r2ma8lvHNU9BcWPg0HXdhRZbOhRT8aSXVO9U/ZcAAwAsmjsSQcM0lwAAAABJRU5ErkJggg==) " ";}
.successful.label th:first-child:before, .successful.label td:first-child:before {content:url(data:image/png;base64,iVBORw0KGgoAAAANSUhEUgAAAAwAAAAMCAYAAABWdVznAAAAGXRFWHRTb2Z0d2FyZQBBZG9iZSBJbWFnZVJlYWR5ccllPAAAA2ZpVFh0WE1MOmNvbS5hZG9iZS54bXAAAAAAADw/eHBhY2tldCBiZWdpbj0i77u/IiBpZD0iVzVNME1wQ2VoaUh6cmVTek5UY3prYzlkIj8+IDx4OnhtcG1ldGEgeG1sbnM6eD0iYWRvYmU6bnM6bWV0YS8iIHg6eG1wdGs9IkFkb2JlIFhNUCBDb3JlIDUuMy1jMDExIDY2LjE0NTY2MSwgMjAxMi8wMi8wNi0xNDo1NjoyNyAgICAgICAgIj4gPHJkZjpSREYgeG1sbnM6cmRmPSJodHRwOi8vd3d3LnczLm9yZy8xOTk5LzAyLzIyLXJkZi1zeW50YXgtbnMjIj4gPHJkZjpEZXNjcmlwdGlvbiByZGY6YWJvdXQ9IiIgeG1sbnM6eG1wTU09Imh0dHA6Ly9ucy5hZG9iZS5jb20veGFwLzEuMC9tbS8iIHhtbG5zOnN0UmVmPSJodHRwOi8vbnMuYWRvYmUuY29tL3hhcC8xLjAvc1R5cGUvUmVzb3VyY2VSZWYjIiB4bWxuczp4bXA9Imh0dHA6Ly9ucy5hZG9iZS5jb20veGFwLzEuMC8iIHhtcE1NOk9yaWdpbmFsRG9jdW1lbnRJRD0ieG1wLmRpZDpCQjU0NjU4QjIyQTNFMTExQkI5Rjk5QkQ4RkQ5RUJFQiIgeG1wTU06RG9jdW1lbnRJRD0ieG1wLmRpZDpEMDVBNThBQUEzRDUxMUUxQjdCQkM2QUNBMTNBMDExNiIgeG1wTU06SW5zdGFuY2VJRD0ieG1wLmlpZDpEMDVBNThBOUEzRDUxMUUxQjdCQkM2QUNBMTNBMDExNiIgeG1wOkNyZWF0b3JUb29sPSJBZG9iZSBQaG90b3Nob3AgQ1M2IChXaW5kb3dzKSI+IDx4bXBNTTpEZXJpdmVkRnJvbSBzdFJlZjppbnN0YW5jZUlEPSJ4bXAuaWlkOjQ4MTZDRTNCRDVBM0UxMTFBQTI2QTBCMjZENzg1Qzg5IiBzdFJlZjpkb2N1bWVudElEPSJ4bXAuZGlkOkJCNTQ2NThCMjJBM0UxMTFCQjlGOTlCRDhGRDlFQkVCIi8+IDwvcmRmOkRlc2NyaXB0aW9uPiA8L3JkZjpSREY+IDwveDp4bXBtZXRhPiA8P3hwYWNrZXQgZW5kPSJyIj8+xJ3YrgAAAYBJREFUeNpsUrtKA1EQPZtdY4gEQiD4QCsLEVGX4CP4AykEq1hYiGghCDZ+gBZWVtrZ+EAjaGOhfoAkNiaKhYWICilMEQNqoYjZ5O4d5+6ucQuLM3funDNzD7OrLe229YBwSKAEnyAP/pyIbL5fcz5rcNiLtuqJSEz3ickn5ruE/vFmJ9/LYjvAldGWqA7bJkgPtoAHQrS5G6NdiwhFWCoxHOCgKUL+iurkCBVawyamE8d4qmSZ51clBZUlh+RG14JzEsJNcaTNLVwWd1B6vXXqkmGoYNeVUPnW3JNr4+YarPoncvebEAKNekAlokaY6N/A1NA+SBgY6Eijtz2Fs5sVWNWawysorWNJsO+q9QWzaxLTYwfojA3isZzDfSnrWvTsNiyp7pOrZURC7ejrTDEpcVpY9ab+NSioLZEiapZA5nwBxZcC8g9HeK7ccYM7TDnwmoU2vx6/NIJaUjc0b0u8YvJNle5HdJvlhbI0Y31ThqsjTGr0/+8hOOQ5nfsRYACtHiy+FDd82wAAAABJRU5ErkJggg==) " "}
/*.successful.label a:before {content:url(data:image/png;base64,iVBORw0KGgoAAAANSUhEUgAAAAwAAAAMCAYAAABWdVznAAAAGXRFWHRTb2Z0d2FyZQBBZG9iZSBJbWFnZVJlYWR5ccllPAAAA2ZpVFh0WE1MOmNvbS5hZG9iZS54bXAAAAAAADw/eHBhY2tldCBiZWdpbj0i77u/IiBpZD0iVzVNME1wQ2VoaUh6cmVTek5UY3prYzlkIj8+IDx4OnhtcG1ldGEgeG1sbnM6eD0iYWRvYmU6bnM6bWV0YS8iIHg6eG1wdGs9IkFkb2JlIFhNUCBDb3JlIDUuMy1jMDExIDY2LjE0NTY2MSwgMjAxMi8wMi8wNi0xNDo1NjoyNyAgICAgICAgIj4gPHJkZjpSREYgeG1sbnM6cmRmPSJodHRwOi8vd3d3LnczLm9yZy8xOTk5LzAyLzIyLXJkZi1zeW50YXgtbnMjIj4gPHJkZjpEZXNjcmlwdGlvbiByZGY6YWJvdXQ9IiIgeG1sbnM6eG1wTU09Imh0dHA6Ly9ucy5hZG9iZS5jb20veGFwLzEuMC9tbS8iIHhtbG5zOnN0UmVmPSJodHRwOi8vbnMuYWRvYmUuY29tL3hhcC8xLjAvc1R5cGUvUmVzb3VyY2VSZWYjIiB4bWxuczp4bXA9Imh0dHA6Ly9ucy5hZG9iZS5jb20veGFwLzEuMC8iIHhtcE1NOk9yaWdpbmFsRG9jdW1lbnRJRD0ieG1wLmRpZDpCQjU0NjU4QjIyQTNFMTExQkI5Rjk5QkQ4RkQ5RUJFQiIgeG1wTU06RG9jdW1lbnRJRD0ieG1wLmRpZDpEMDVBNThBQUEzRDUxMUUxQjdCQkM2QUNBMTNBMDExNiIgeG1wTU06SW5zdGFuY2VJRD0ieG1wLmlpZDpEMDVBNThBOUEzRDUxMUUxQjdCQkM2QUNBMTNBMDExNiIgeG1wOkNyZWF0b3JUb29sPSJBZG9iZSBQaG90b3Nob3AgQ1M2IChXaW5kb3dzKSI+IDx4bXBNTTpEZXJpdmVkRnJvbSBzdFJlZjppbnN0YW5jZUlEPSJ4bXAuaWlkOjQ4MTZDRTNCRDVBM0UxMTFBQTI2QTBCMjZENzg1Qzg5IiBzdFJlZjpkb2N1bWVudElEPSJ4bXAuZGlkOkJCNTQ2NThCMjJBM0UxMTFCQjlGOTlCRDhGRDlFQkVCIi8+IDwvcmRmOkRlc2NyaXB0aW9uPiA8L3JkZjpSREY+IDwveDp4bXBtZXRhPiA8P3hwYWNrZXQgZW5kPSJyIj8+xJ3YrgAAAYBJREFUeNpsUrtKA1EQPZtdY4gEQiD4QCsLEVGX4CP4AykEq1hYiGghCDZ+gBZWVtrZ+EAjaGOhfoAkNiaKhYWICilMEQNqoYjZ5O4d5+6ucQuLM3funDNzD7OrLe229YBwSKAEnyAP/pyIbL5fcz5rcNiLtuqJSEz3ickn5ruE/vFmJ9/LYjvAldGWqA7bJkgPtoAHQrS5G6NdiwhFWCoxHOCgKUL+iurkCBVawyamE8d4qmSZ51clBZUlh+RG14JzEsJNcaTNLVwWd1B6vXXqkmGoYNeVUPnW3JNr4+YarPoncvebEAKNekAlokaY6N/A1NA+SBgY6Eijtz2Fs5sVWNWawysorWNJsO+q9QWzaxLTYwfojA3isZzDfSnrWvTsNiyp7pOrZURC7ejrTDEpcVpY9ab+NSioLZEiapZA5nwBxZcC8g9HeK7ccYM7TDnwmoU2vx6/NIJaUjc0b0u8YvJNle5HdJvlhbI0Y31ThqsjTGr0/+8hOOQ5nfsRYACtHiy+FDd82wAAAABJRU5ErkJggg==) " "}*/

.xspecResult { width: 90%; table-layout: fixed; }

.xspecResult td,
.xspecResult th { width: 50%; }

/*.xspecResult pre { 
  margin-left: 0; 
  padding: 0.5em; 
  overflow: auto; 
  border: 1px #999 dotted;
}*/

span.scenario-totals {float: right; width: 14.5%; text-align: left}

/* OXYGEN */
span.scenario-totals {float: right; width: 34.5%; text-align: right}

h2.failed {
    background-color: #FCC;
}

h1, h2 {
    width: 86%;
    /*margin-left: 3%;*/
    
    font-size:1.4em;
    font-weight:bold;
    text-align:left;
    margin-top:1.4em;
    margin-bottom:0.7em;
    color:#333333;
    background-color:inherit;
}

h1 {
    font-size:1.7em;
}

body &gt; h1:first-child:before {
    content:"XSLT UNIT ";
}

body &gt; h2:first-of-type {
    font-size:1.7em;
}

div &gt; table &gt; tbody &gt; tr &gt; th:first-child {
    font-weight:bold;
}

div &gt; h3 {
    font-weight:bold;
    /*margin-left: 3%;*/
}

div &gt; h4 {
    font-weight:normal;
    /*margin-left: 4%;*/
}

th.result { text-align: center; }
/* OXYGEN */


/* ------------------------------------------------------------------------ */
/*  DO NOT ALTER OR REMOVE COPYRIGHT NOTICES OR THIS COMMENT.               */
/*                                                                          */
/*  Copyright (c) 2008, 2010 Jeni Tennsion                                  */
/*                                                                          */
/*  The contents of this file are subject to the MIT License (see the URI   */
/*  http://www.opensource.org/licenses/mit-license.php for details).        */
/*                                                                          */
/*  Permission is hereby granted, free of charge, to any person obtaining   */
/*  a copy of this software and associated documentation files (the         */
/*  "Software"), to deal in the Software without restriction, including     */
/*  without limitation the rights to use, copy, modify, merge, publish,     */
/*  distribute, sublicense, and/or sell copies of the Software, and to      */
/*  permit persons to whom the Software is furnished to do so, subject to   */
/*  the following conditions:                                               */
/*                                                                          */
/*  The above copyright notice and this permission notice shall be          */
/*  included in all copies or substantial portions of the Software.         */
/*                                                                          */
/*  THE SOFTWARE IS PROVIDED "AS IS", WITHOUT WARRANTY OF ANY KIND,         */
/*  EXPRESS OR IMPLIED, INCLUDING BUT NOT LIMITED TO THE WARRANTIES OF      */
/*  MERCHANTABILITY, FITNESS FOR A PARTICULAR PURPOSE AND NONINFRINGEMENT.  */
/*  IN NO EVENT SHALL THE AUTHORS OR COPYRIGHT HOLDERS BE LIABLE FOR ANY    */
/*  CLAIM, DAMAGES OR OTHER LIABILITY, WHETHER IN AN ACTION OF CONTRACT,    */
/*  TORT OR OTHERWISE, ARISING FROM, OUT OF OR IN CONNECTION WITH THE       */
/*  SOFTWARE OR THE USE OR OTHER DEALINGS IN THE SOFTWARE.                  */
/* ------------------------------------------------------------------------ */

.nobr { white-space: nowrap; }
.scenario-label { text-indent: 0px; }
.context-label { text-indent: 10px; }
.test-label { text-indent: 20px; }
.pending-label { text-indent: 30px; }


        /**/</style>
    </head><body><h1>Test Report</h1><p>Script: <a href="file:/home/jostein/xprocspec/src/test/xprocspec/tests/input-2.xprocspec">file:/home/jostein/xprocspec/src/test/xprocspec/tests/input-2.xprocspec</a></p><p>Tested: 2013-09-05T16:00:36.861+02:00</p><h2>Contents</h2><table class="xspec"><col width="75%"/><col width="5%"/><col width="5%"/><col width="5%"/><col width="5%"/><col width="5%"/><thead><tr><th/><th class="result">passed:3</th><th class="result">pending:0</th><th class="result">failed:0</th><th class="result">errors:0</th><th class="result">total:3</th></tr></thead><tbody><tr class="successful label"><th><a href="#step1">ex:identity</a></th><th class="result">3</th><th class="result">0</th><th class="result">0</th><th class="result">0</th><th class="result">3</th></tr></tbody></table><div id="step1"><h2 class="successful">Calling: <a href="file:/home/jostein/xprocspec/src/test/xprocspec/steps/identity.xpl">ex:identity</a><span class="scenario-totals">passed:3 / pending:0 /
                                        failed:0 / errors:0 / total:3</span></h2><table class="xspec"><col width="80%"/><col width="20%"/><tbody><tr class="successful label"><th class="scenario-label">identity</th><th class="nobr">passed:3 / pending:0 / failed:0 / errors:0 / total:3</th></tr><tr class="successful label"><th class="context-label">errors</th><th class="nobr">passed:1 / pending:0 / failed:0 / errors:0 / total:1</th></tr><tr class="successful label"><td class="test-label">the step should execute successfully without throwing any errors</td><td>Success</td></tr><tr class="successful label"><th class="context-label">the input</th><th class="nobr">passed:1 / pending:0 / failed:0 / errors:0 / total:1</th></tr><tr class="successful label"><td class="test-label">there must be two documents on the input port</td><td>Success</td></tr><tr class="successful label"><th class="context-label">the output</th><th class="nobr">passed:1 / pending:0 / failed:0 / errors:0 / total:1</th></tr><tr class="successful label"><td class="test-label">there must be two documents on the output port</td><td>Success</td></tr></tbody></table></div><h2>Execution log</h2><table><thead><tr><th>Time</th><th>Severity</th><th>Message</th></tr></thead><tbody><tr style=""><td>0.000</td><td style="padding-left:0%;">INFO</td><td><code><pre>#### file:/home/jostein/xprocspec/src/test/xprocspec/tests/input-2.xprocspec ####</pre></code></td></tr><tr style=""><td>0.005</td><td style="padding-left:0%;">INFO</td><td><code><pre> * temporary directory: file:/tmp/xprocspec-20130905160023007/</pre></code></td></tr><tr style=""><td>0.010</td><td style="padding-left:0%;">INFO</td><td><code><pre>preprocessing...</pre></code></td></tr><tr style=""><td>0.030</td><td style="padding-left:0%;">INFO</td><td><code><pre> * checking for imports</pre></code></td></tr><tr style=""><td>0.036</td><td style="padding-left:0%;">INFO</td><td><code><pre> * checking file:/home/jostein/xprocspec/src/test/xprocspec/tests/input-2.xprocspec for imports</pre></code></td></tr><tr style=""><td>0.041</td><td style="padding-left:0%;">INFO</td><td><code><pre> * extracting step declarations from file:/home/jostein/xprocspec/src/test/xprocspec/steps/identity.xpl</pre></code></td></tr><tr style=""><td>0.047</td><td style="padding-left:0%;">INFO</td><td><code><pre> * tests reference 1 step</pre></code></td></tr><tr style=""><td>0.053</td><td style="padding-left:0%;">INFO</td><td><code><pre>   * step: e:identity</pre></code></td></tr><tr style=""><td>0.058</td><td style="padding-left:0%;">INFO</td><td><code><pre> * trying to load: file:/home/jostein/xprocspec/src/test/xprocspec/steps/identity.xpl</pre></code></td></tr><tr style=""><td>0.064</td><td style="padding-left:0%;">INFO</td><td><code><pre>   * success!</pre></code></td></tr><tr style=""><td>0.072</td><td style="padding-left:0%;">INFO</td><td><code><pre> * trying to extract the step declaration for {http://example.net/ns}identity from file:/home/jostein/xprocspec/src/test/xprocspec/steps/identity.xpl</pre></code></td></tr><tr style=""><td>0.085</td><td style="padding-left:0%;">INFO</td><td><code><pre> * creating a new x:description document for each x:scenario element with inferred inputs, options and parameters</pre></code></td></tr><tr style=""><td>0.100</td><td style="padding-left:0%;">INFO</td><td><code><pre> * validating output grammar</pre></code></td></tr><tr style=""><td>0.114</td><td style="padding-left:0%;">INFO</td><td><code><pre>compiling...</pre></code></td></tr><tr style=""><td>0.122</td><td style="padding-left:0%;">INFO</td><td><code><pre> * created directory using Calabash's cxf:mkdir</pre></code></td></tr><tr style=""><td>0.128</td><td style="padding-left:0%;">INFO</td><td><code><pre> * converting test 'test1' to XProc</pre></code></td></tr><tr style=""><td>0.143</td><td style="padding-left:0%;">INFO</td><td><code><pre>   * done</pre></code></td></tr><tr style=""><td>0.149</td><td style="padding-left:0%;">INFO</td><td><code><pre> * validating output grammar for file:/home/jostein/xprocspec/src/test/xprocspec/tests/input-2.xprocspec</pre></code></td></tr><tr style=""><td>0.163</td><td style="padding-left:0%;">INFO</td><td><code><pre>   * done!</pre></code></td></tr><tr style=""><td>0.170</td><td style="padding-left:0%;">INFO</td><td><code><pre> * using as temporary directory: file:/tmp/xprocspec-20130905160023007/xprocspec-20130905160036418/</pre></code></td></tr><tr style=""><td>0.176</td><td style="padding-left:0%;">INFO</td><td><code><pre>storing...</pre></code></td></tr><tr style=""><td>0.185</td><td style="padding-left:0%;">INFO</td><td><code><pre>running...</pre></code></td></tr><tr style=""><td>0.192</td><td style="padding-left:0%;">INFO</td><td><code><pre>   * loading 'file:/tmp/xprocspec-20130905160023007/test1.xpl'</pre></code></td></tr><tr style=""><td>0.257</td><td style="padding-left:0%;">INFO</td><td><code><pre>evaluating...</pre></code></td></tr><tr style=""><td>0.268</td><td style="padding-left:0%;">INFO</td><td><code><pre> * evaluating scenario 'identity' (file:/home/jostein/xprocspec/src/test/xprocspec/tests/input-2.xprocspec)</pre></code></td></tr><tr style=""><td>0.275</td><td style="padding-left:0%;">INFO</td><td><code><pre>   * resolving x:document elements...</pre></code></td></tr><tr style=""><td>0.290</td><td style="padding-left:0%;">INFO</td><td><code><pre>    * no errors occured</pre></code></td></tr><tr style=""><td>0.338</td><td style="padding-left:0%;">INFO</td><td><code><pre>   * grouping x:expect elements with their x:context...</pre></code></td></tr><tr style=""><td>0.348</td><td style="padding-left:0%;">INFO</td><td><code><pre>   * evaluating each context/expect group...</pre></code></td></tr><tr style=""><td>0.356</td><td style="padding-left:0%;">INFO</td><td><code><pre>     * setting context to 'errors'</pre></code></td></tr><tr style=""><td>0.363</td><td style="padding-left:0%;">INFO</td><td><code><pre>       * testing assertion 'the step should execute successfully without throwing any errors'</pre></code></td></tr><tr style=""><td>0.372</td><td style="padding-left:0%;">INFO</td><td><code><pre>         * is document count assertion</pre></code></td></tr><tr style=""><td>0.380</td><td style="padding-left:0%;">INFO</td><td><code><pre>         * assertion passed</pre></code></td></tr><tr style=""><td>0.388</td><td style="padding-left:0%;">INFO</td><td><code><pre>     * setting context to 'the input'</pre></code></td></tr><tr style=""><td>0.396</td><td style="padding-left:0%;">INFO</td><td><code><pre>       * testing assertion 'there must be two documents on the input port'</pre></code></td></tr><tr style=""><td>0.405</td><td style="padding-left:0%;">INFO</td><td><code><pre>         * is document count assertion</pre></code></td></tr><tr style=""><td>0.413</td><td style="padding-left:0%;">INFO</td><td><code><pre>         * assertion passed</pre></code></td></tr><tr style=""><td>0.422</td><td style="padding-left:0%;">INFO</td><td><code><pre>     * setting context to 'the output'</pre></code></td></tr><tr style=""><td>0.431</td><td style="padding-left:0%;">INFO</td><td><code><pre>       * testing assertion 'there must be two documents on the output port'</pre></code></td></tr><tr style=""><td>0.439</td><td style="padding-left:0%;">INFO</td><td><code><pre>         * is document count assertion</pre></code></td></tr><tr style=""><td>0.448</td><td style="padding-left:0%;">INFO</td><td><code><pre>         * assertion passed</pre></code></td></tr><tr style=""><td>0.476</td><td style="padding-left:0%;">INFO</td><td><code><pre>reporting...</pre></code></td></tr></tbody></table><link rel="stylesheet" href="http://yandex.st/highlightjs/7.3/styles/default.min.css"/><script type="text/javascript" src="http://yandex.st/highlightjs/7.3/highlight.min.js" xml:space="preserve"> </script><script type="text/javascript">hljs.initHighlightingOnLoad();</script></body></html></x:document></x:output><x:output port="junit"><x:document xml:base="file:/home/jostein/xprocspec/src/main/resources/content/xml/xproc/report/report.xpl" xml:space="preserve" type="inline"><testsuites tests="3" failures="0" time="0.484" errors="0" name="input2"><testsuite timestamp="2013-09-05T14:00:36.793Z" hostname="localhost" tests="3" errors="0" failures="0" skipped="0" id="d23648e1" name="identity" package="http://example.net/ns" time="0.008">
<properties><property name="input: source.document.secondary.sequence" value="&lt;doc1 xmlns=&#34;&#34; .../&gt; (Base URI: file:/home/jostein/xprocspec/src/test/xprocspec/tests/input-2.xprocspec)&#xA;&lt;doc2 xmlns=&#34;&#34; .../&gt; (Base URI: file:/home/jostein/xprocspec/src/test/xprocspec/tests/input-2.xprocspec)"/>

<property name="option: option.required" value=""/>

</properties>
<testcase name="theStepShouldExecuteSuccessfullyWithoutThrowingAnyErrors" classname="identity" assertions="1" time="0" status="SUCCESS"><system-out>the step should execute successfully without throwing any errors: SUCCESS</system-out>
<system-err/></testcase><testcase name="thereMustBeTwoDocumentsOnTheInputPort" classname="identity" assertions="1" time="0" status="SUCCESS"><system-out>there must be two documents on the input port: SUCCESS</system-out>
<system-err/></testcase><testcase name="thereMustBeTwoDocumentsOnTheOutputPort" classname="identity" assertions="1" time="0" status="SUCCESS"><system-out>there must be two documents on the output port: SUCCESS</system-out>
<system-err/></testcase></testsuite></testsuites></x:document></x:output><x:test-result contextref="errors" result="passed" max="0" label="the step should execute successfully without throwing any errors" type="count">
                                                        <x:expected>At most 0 documents.</x:expected>
                                                    <x:was>0</x:was></x:test-result><x:test-result contextref="context10" result="passed" test="not(/*/@tests='0') and /*/@failures='0' and /*/@errors='0'" label="there should be at least one test, and none of the tests should fail" type="xpath"><x:expected xml:space="preserve">XPath: true()
Value: true</x:expected><x:was xml:space="preserve">XPath: not(/*/@tests='0') and /*/@failures='0' and /*/@errors='0'
Value: true</x:was></x:test-result></x:description><x:description xmlns:cx="http://xmlcalabash.com/ns/extensions" xmlns:c="http://www.w3.org/ns/xproc-step" xml:base="file:/home/jostein/xprocspec/src/test/xprocspec/test.xprocspec" test-base-uri="file:/home/jostein/xprocspec/src/test/xprocspec/test.xprocspec" script="file:/home/jostein/xprocspec/src/main/resources/content/xml/xproc/xprocspec.xpl" test-grammar="xprocspec" temp-dir="file:/tmp/xprocspec-20130905160023007/"><x:step-declaration><p:declare-step xmlns:p="http://www.w3.org/ns/xproc" xmlns:px="http://www.daisy.org/ns/xprocspec" xmlns:pxi="http://www.daisy.org/ns/xprocspec/xproc-internal/" xmlns:pkg="http://expath.org/ns/pkg" type="px:xprocspec" name="main" version="1.0" xpath-version="2.0" pkg:import-uri="http://www.daisy.org/ns/xprocspec/xprocspec.xpl" x:type="{http://www.daisy.org/ns/xprocspec}xprocspec"><p:input port="source" kind="document" sequence="false" primary="true"/><p:output port="result" kind="document" sequence="false" primary="false"><p:pipe port="result" step="report"/></p:output><p:output port="html" kind="document" sequence="false" primary="false"><p:pipe port="html" step="report"/></p:output><p:output port="junit" kind="document" sequence="false" primary="false"><p:pipe port="junit" step="report"/></p:output><p:option name="temp-dir" select="'file:/tmp/'"/></p:declare-step></x:step-declaration><x:scenario end-time="2013-09-05T14:00:38.318Z" label="the option element" start-time="2013-09-05T14:00:37.26Z"><x:call x:type="{http://www.daisy.org/ns/xprocspec}xprocspec" step="x:xprocspec"><x:option select="$temp-dir" name="temp-dir" value="file:/tmp/xprocspec-20130905160023007/"/><x:input port="source">
                <x:document xml:base="file:/home/jostein/xprocspec/src/test/xprocspec/test.xprocspec" xml:space="preserve" type="inline"><?xml-model href="http://www.daisy.org/ns/xprocspec/xprocspec.rng" type="application/xml" schematypens="http://relaxng.org/ns/structure/1.0"?><x:description xmlns:e="http://example.net/ns" script="../steps/identity.xpl">

    <x:scenario label="identity - base-uri">
        <x:call step="e:identity">
            <x:option name="option" select="base-uri(.)"/>
            <x:option name="option.required" select="base-uri(/*)"/>
            <x:option name="option.default" select="base-uri()"/>
        </x:call>

        <x:context label="the options">
            <x:document type="port" port="options"/>
        </x:context>
        <x:expect type="xpath" label="Options should be wrapped in a c:options element" test="count(/c:options)" equals="1"/>
        <x:expect type="xpath" label="Options should not be wrapped in something other than a c:options element" test="count(/foo)" equals="0"/>
        <x:expect type="xpath" label="Options should be stored in c:option elements inside the root c:options element" test="count(/c:options/c:option) &gt; 0"/>
        <x:expect type="xpath" label="base-uri(.) should refer to the base URI of the xprocspec test document" test="/c:options/c:option[@name='option']/@value" equals="$test-base-uri"/>
        <x:expect type="xpath" label="base-uri(/*) should refer to the base URI of the xprocspec test document" test="/c:options/c:option[@name='option.required']/@value" equals="$test-base-uri"/>
        <x:expect type="xpath" label="base-uri() should refer to the base URI of the xprocspec test document" test="/c:options/c:option[@name='option.default']/@value" equals="$test-base-uri"/>
    </x:scenario>

    <x:scenario label="identity - variables">
        <x:call step="e:identity">
            <x:option name="option" select="$temp-dir"/>
            <x:option name="option.required" select="$test-base-uri"/>
        </x:call>

        <x:context label="the options">
            <x:document type="port" port="options"/>
        </x:context>
        <!--
            TODO: a current limitation is that the strings '$temp-dir' and '$test-base-uri' can't be used.
            The implementation replaces any occurrences of those strings with the variable values, even though they are part of a string and not actual variable references.
        -->
        <x:expect type="xpath" label="The $temp-dir variable should be available from both the x:option @select attribute and the x:expect @test attributes" test="/c:options/c:option[@name='option']/@value" equals="$temp-dir"/>
        <x:expect type="xpath" label="The $temp-dir variable should be available from both the @test and @equals attributes" test="$temp-dir" equals="$temp-dir"/>
        <x:expect type="xpath" label="The $test-base-uri variable should be available from both the x:option @select attribute and the x:expect @test attributes" test="/c:options/c:option[@name='option.required']/@value" equals="$test-base-uri"/>
        <x:expect type="xpath" label="The $test-base-uri variable should be available from both the @test and @equals attributes" test="$test-base-uri" equals="$test-base-uri"/>

    </x:scenario>

</x:description></x:document>
            </x:input></x:call>
                                                <x:context label="errors" id="errors">
                                                    
                                                </x:context>
                                            
                                                <x:expect type="count" label="the step should execute successfully without throwing any errors" max="0" contextref="errors"/>
                                            <x:context label="the junit output port" id="context11">
            <x:document xml:base="file:/home/jostein/xprocspec/src/main/resources/content/xml/xproc/report/report.xpl" xml:space="preserve" type="inline"><testsuites tests="12" failures="0" time="0.862" errors="0" name="option1"><testsuite timestamp="2013-09-05T14:00:38.14Z" hostname="localhost" tests="7" errors="0" failures="0" skipped="0" id="d26078e1" name="identityBaseuri" package="http://example.net/ns" time="0.007">
<properties>

<property name="option: option" value="file:/home/jostein/xprocspec/src/test/xprocspec/tests/option-1.xprocspec"/>
<property name="option: option.required" value="file:/home/jostein/xprocspec/src/test/xprocspec/tests/option-1.xprocspec"/>
<property name="option: option.default" value="file:/home/jostein/xprocspec/src/test/xprocspec/tests/option-1.xprocspec"/>

</properties>
<testcase name="theStepShouldExecuteSuccessfullyWithoutThrowingAnyErrors" classname="identity" assertions="1" time="0" status="SUCCESS"><system-out>the step should execute successfully without throwing any errors: SUCCESS</system-out>
<system-err/></testcase><testcase name="OptionsShouldBeWrappedInACoptionsElement" classname="identity" assertions="1" time="0" status="SUCCESS"><system-out>Options should be wrapped in a c:options element: SUCCESS</system-out>
<system-err/></testcase><testcase name="OptionsShouldNotBeWrappedInSomethingOtherThanACoptionsElement" classname="identity" assertions="1" time="0" status="SUCCESS"><system-out>Options should not be wrapped in something other than a c:options element: SUCCESS</system-out>
<system-err/></testcase><testcase name="OptionsShouldBeStoredInCoptionElementsInsideTheRootCoptionsElement" classname="identity" assertions="1" time="0" status="SUCCESS"><system-out>Options should be stored in c:option elements inside the root c:options element: SUCCESS</system-out>
<system-err/></testcase><testcase name="baseuriShouldReferToTheBaseURIOfTheXprocspecTestDocument" classname="identity" assertions="1" time="0" status="SUCCESS"><system-out>base-uri(.) should refer to the base URI of the xprocspec test document: SUCCESS</system-out>
<system-err/></testcase><testcase name="baseuriShouldReferToTheBaseURIOfTheXprocspecTestDocument" classname="identity" assertions="1" time="0" status="SUCCESS"><system-out>base-uri(/*) should refer to the base URI of the xprocspec test document: SUCCESS</system-out>
<system-err/></testcase><testcase name="baseuriShouldReferToTheBaseURIOfTheXprocspecTestDocument" classname="identity" assertions="1" time="0" status="SUCCESS"><system-out>base-uri() should refer to the base URI of the xprocspec test document: SUCCESS</system-out>
<system-err/></testcase></testsuite><testsuite timestamp="2013-09-05T14:00:38.158Z" hostname="localhost" tests="5" errors="0" failures="0" skipped="0" id="d26096e1" name="identityVariables" package="http://example.net/ns" time="0.007">
<properties>

<property name="option: option" value="file:/tmp/xprocspec-20130905160023007/xprocspec-20130905160037401/"/>
<property name="option: option.required" value="file:/home/jostein/xprocspec/src/test/xprocspec/tests/option-1.xprocspec"/>

</properties>
<testcase name="theStepShouldExecuteSuccessfullyWithoutThrowingAnyErrors" classname="identity" assertions="1" time="0" status="SUCCESS"><system-out>the step should execute successfully without throwing any errors: SUCCESS</system-out>
<system-err/></testcase><testcase name="The$tempdirVariableShouldBeAvailableFromBothTheXoptionSelectAttributeAndTheXexpectTestAttributes" classname="identity" assertions="1" time="0" status="SUCCESS"><system-out>The $temp-dir variable should be available from both the x:option @select attribute and the x:expect @test attributes: SUCCESS</system-out>
<system-err/></testcase><testcase name="The$tempdirVariableShouldBeAvailableFromBothTheTestAndEqualsAttributes" classname="identity" assertions="1" time="0" status="SUCCESS"><system-out>The $temp-dir variable should be available from both the @test and @equals attributes: SUCCESS</system-out>
<system-err/></testcase><testcase name="The$testbaseuriVariableShouldBeAvailableFromBothTheXoptionSelectAttributeAndTheXexpectTestAttributes" classname="identity" assertions="1" time="0" status="SUCCESS"><system-out>The $test-base-uri variable should be available from both the x:option @select attribute and the x:expect @test attributes: SUCCESS</system-out>
<system-err/></testcase><testcase name="The$testbaseuriVariableShouldBeAvailableFromBothTheTestAndEqualsAttributes" classname="identity" assertions="1" time="0" status="SUCCESS"><system-out>The $test-base-uri variable should be available from both the @test and @equals attributes: SUCCESS</system-out>
<system-err/></testcase></testsuite></testsuites></x:document>
        </x:context><x:expect label="there should be at least one test, and none of the tests should fail" type="xpath" test="not(/*/@tests='0') and /*/@failures='0' and /*/@errors='0'" contextref="context11"/></x:scenario><x:output port="result"><x:document xml:base="file:/home/jostein/xprocspec/src/main/resources/content/xml/xproc/report/report.xpl" xml:space="preserve" type="inline"><x:test-report><x:description xml:base="file:/home/jostein/xprocspec/src/test/xprocspec/tests/option-1.xprocspec" test-base-uri="file:/home/jostein/xprocspec/src/test/xprocspec/tests/option-1.xprocspec" script="file:/home/jostein/xprocspec/src/test/xprocspec/steps/identity.xpl" test-grammar="xprocspec" temp-dir="file:/tmp/xprocspec-20130905160023007/xprocspec-20130905160037401/"><x:step-declaration><p:declare-step xmlns:p="http://www.w3.org/ns/xproc" xmlns:ex="http://example.net/ns" name="main" type="ex:identity" version="1.0" x:type="{http://example.net/ns}identity"><p:input port="source.document.primary" kind="document" primary="true" sequence="false"><p:inline>
            <source.document.primary.default/>
        </p:inline></p:input><p:input port="source.document.secondary.sequence" kind="document" sequence="true" primary="false"><p:inline>
            <source.document.secondary.sequence/>
        </p:inline></p:input><p:input select="/*/*" port="source.document.secondary.select-children" kind="document" sequence="true" primary="false"><p:inline>
            <default>
                <default/>
                <default/>
            </default>
        </p:inline></p:input><p:input port="source.parameter.primary.sequence" primary="true" kind="parameter" sequence="true"/><p:output port="result.document.primary" kind="document" primary="true" sequence="false"><p:pipe port="source.document.primary" step="main"/></p:output><p:output port="result.document.secondary.sequence" kind="document" sequence="true" primary="false"><p:pipe port="source.document.secondary.sequence" step="main"/></p:output><p:output port="result.document.secondary.select-children" kind="document" sequence="true" primary="false"><p:pipe port="source.document.secondary.select-children" step="main"/></p:output><p:output port="result.parameter.primary" kind="document" sequence="false" primary="false"><p:pipe port="result" step="parameters"/></p:output><p:output port="options" kind="document" sequence="false" primary="false"><p:pipe port="result" step="options"/></p:output><p:option name="option"/><p:option name="option.required" required="true"/><p:option name="option.default" select="'default'"/></p:declare-step></x:step-declaration><x:scenario xmlns:e="http://example.net/ns" end-time="2013-09-05T14:00:37.556Z" label="identity - base-uri" start-time="2013-09-05T14:00:37.549Z"><x:call x:type="{http://example.net/ns}identity" step="e:identity"><x:option select="base-uri(.)" name="option" value=""/><x:option select="base-uri(/*)" name="option.required" value=""/><x:option select="base-uri()" name="option.default" value=""/></x:call>
                                                <x:context label="errors" id="errors">
                                                    
                                                </x:context>
                                            
                                                <x:expect type="count" label="the step should execute successfully without throwing any errors" max="0" contextref="errors"/>
                                            <x:context label="the options" id="context0">
            <x:document xml:base="file:/home/jostein/xprocspec/src/test/xprocspec/steps/identity.xpl" xml:space="preserve" type="inline">
                <c:options xmlns:ex="http://example.net/ns">
                    <c:option name="option" value="file:/home/jostein/xprocspec/src/test/xprocspec/tests/option-1.xprocspec"/>
                    <c:option name="option.required" value="file:/home/jostein/xprocspec/src/test/xprocspec/tests/option-1.xprocspec"/>
                    <c:option name="option.default" value="file:/home/jostein/xprocspec/src/test/xprocspec/tests/option-1.xprocspec"/>
                </c:options>
            </x:document>
        </x:context><x:expect type="xpath" label="Options should be wrapped in a c:options element" test="count(/c:options)" equals="1" contextref="context0"/><x:expect type="xpath" label="Options should not be wrapped in something other than a c:options element" test="count(/foo)" equals="0" contextref="context0"/><x:expect type="xpath" label="Options should be stored in c:option elements inside the root c:options element" test="count(/c:options/c:option) &gt; 0" contextref="context0"/><x:expect type="xpath" label="base-uri(.) should refer to the base URI of the xprocspec test document" test="/c:options/c:option[@name='option']/@value" equals="$test-base-uri" contextref="context0"/><x:expect type="xpath" label="base-uri(/*) should refer to the base URI of the xprocspec test document" test="/c:options/c:option[@name='option.required']/@value" equals="$test-base-uri" contextref="context0"/><x:expect type="xpath" label="base-uri() should refer to the base URI of the xprocspec test document" test="/c:options/c:option[@name='option.default']/@value" equals="$test-base-uri" contextref="context0"/></x:scenario><x:output port="result.document.primary"><x:document xml:base="file:/home/jostein/xprocspec/src/test/xprocspec/tests/option-1.xprocspec" xml:space="preserve" type="inline">
            <source.document.primary.default xmlns:ex="http://example.net/ns"/>
        </x:document></x:output><x:output port="result.document.secondary.sequence"><x:document xml:base="file:/home/jostein/xprocspec/src/test/xprocspec/steps/identity.xpl" xml:space="preserve" type="inline">
            <source.document.secondary.sequence xmlns:ex="http://example.net/ns"/>
        </x:document></x:output><x:output port="result.document.secondary.select-children"><x:document xml:base="file:/home/jostein/xprocspec/src/test/xprocspec/steps/identity.xpl" xml:space="preserve" type="inline"><default xmlns:ex="http://example.net/ns"/></x:document><x:document xml:base="file:/home/jostein/xprocspec/src/test/xprocspec/steps/identity.xpl" xml:space="preserve" type="inline"><default xmlns:ex="http://example.net/ns"/></x:document></x:output><x:output port="result.parameter.primary"><x:document xml:base="file:/home/jostein/xprocspec/src/test/xprocspec/steps/identity.xpl" xml:space="preserve" type="inline"><c:param-set/></x:document></x:output><x:output port="options"><x:document xml:base="file:/home/jostein/xprocspec/src/test/xprocspec/steps/identity.xpl" xml:space="preserve" type="inline">
                <c:options xmlns:ex="http://example.net/ns">
                    <c:option name="option" value="file:/home/jostein/xprocspec/src/test/xprocspec/tests/option-1.xprocspec"/>
                    <c:option name="option.required" value="file:/home/jostein/xprocspec/src/test/xprocspec/tests/option-1.xprocspec"/>
                    <c:option name="option.default" value="file:/home/jostein/xprocspec/src/test/xprocspec/tests/option-1.xprocspec"/>
                </c:options>
            </x:document></x:output><x:test-result contextref="errors" result="passed" max="0" label="the step should execute successfully without throwing any errors" type="count">
                                                        <x:expected>At most 0 documents.</x:expected>
                                                    <x:was>0</x:was></x:test-result><x:test-result contextref="context0" result="passed" test="count(/c:options)" label="Options should be wrapped in a c:options element" type="xpath" equals="1"><x:expected xml:space="preserve">XPath: 1
Value: 1</x:expected><x:was xml:space="preserve">XPath: count(/c:options)
Value: 1</x:was></x:test-result><x:test-result contextref="context0" result="passed" test="count(/foo)" label="Options should not be wrapped in something other than a c:options element" type="xpath" equals="0"><x:expected xml:space="preserve">XPath: 0
Value: 0</x:expected><x:was xml:space="preserve">XPath: count(/foo)
Value: 0</x:was></x:test-result><x:test-result contextref="context0" result="passed" test="count(/c:options/c:option) &gt; 0" label="Options should be stored in c:option elements inside the root c:options element" type="xpath"><x:expected xml:space="preserve">XPath: true()
Value: true</x:expected><x:was xml:space="preserve">XPath: count(/c:options/c:option) &gt; 0
Value: true</x:was></x:test-result><x:test-result contextref="context0" result="passed" test="/c:options/c:option[@name='option']/@value" label="base-uri(.) should refer to the base URI of the xprocspec test document" type="xpath" equals="$test-base-uri"><x:expected xml:space="preserve">XPath: $test-base-uri
Value: file:/home/jostein/xprocspec/src/test/xprocspec/tests/option-1.xprocspec</x:expected><x:was xml:space="preserve">XPath: /c:options/c:option[@name='option']/@value
Value: file:/home/jostein/xprocspec/src/test/xprocspec/tests/option-1.xprocspec</x:was></x:test-result><x:test-result contextref="context0" result="passed" test="/c:options/c:option[@name='option.required']/@value" label="base-uri(/*) should refer to the base URI of the xprocspec test document" type="xpath" equals="$test-base-uri"><x:expected xml:space="preserve">XPath: $test-base-uri
Value: file:/home/jostein/xprocspec/src/test/xprocspec/tests/option-1.xprocspec</x:expected><x:was xml:space="preserve">XPath: /c:options/c:option[@name='option.required']/@value
Value: file:/home/jostein/xprocspec/src/test/xprocspec/tests/option-1.xprocspec</x:was></x:test-result><x:test-result contextref="context0" result="passed" test="/c:options/c:option[@name='option.default']/@value" label="base-uri() should refer to the base URI of the xprocspec test document" type="xpath" equals="$test-base-uri"><x:expected xml:space="preserve">XPath: $test-base-uri
Value: file:/home/jostein/xprocspec/src/test/xprocspec/tests/option-1.xprocspec</x:expected><x:was xml:space="preserve">XPath: /c:options/c:option[@name='option.default']/@value
Value: file:/home/jostein/xprocspec/src/test/xprocspec/tests/option-1.xprocspec</x:was></x:test-result></x:description><x:description xml:base="file:/home/jostein/xprocspec/src/test/xprocspec/tests/option-1.xprocspec" test-base-uri="file:/home/jostein/xprocspec/src/test/xprocspec/tests/option-1.xprocspec" script="file:/home/jostein/xprocspec/src/test/xprocspec/steps/identity.xpl" test-grammar="xprocspec" temp-dir="file:/tmp/xprocspec-20130905160023007/xprocspec-20130905160037401/"><x:step-declaration><p:declare-step xmlns:p="http://www.w3.org/ns/xproc" xmlns:ex="http://example.net/ns" name="main" type="ex:identity" version="1.0" x:type="{http://example.net/ns}identity"><p:input port="source.document.primary" kind="document" primary="true" sequence="false"><p:inline>
            <source.document.primary.default/>
        </p:inline></p:input><p:input port="source.document.secondary.sequence" kind="document" sequence="true" primary="false"><p:inline>
            <source.document.secondary.sequence/>
        </p:inline></p:input><p:input select="/*/*" port="source.document.secondary.select-children" kind="document" sequence="true" primary="false"><p:inline>
            <default>
                <default/>
                <default/>
            </default>
        </p:inline></p:input><p:input port="source.parameter.primary.sequence" primary="true" kind="parameter" sequence="true"/><p:output port="result.document.primary" kind="document" primary="true" sequence="false"><p:pipe port="source.document.primary" step="main"/></p:output><p:output port="result.document.secondary.sequence" kind="document" sequence="true" primary="false"><p:pipe port="source.document.secondary.sequence" step="main"/></p:output><p:output port="result.document.secondary.select-children" kind="document" sequence="true" primary="false"><p:pipe port="source.document.secondary.select-children" step="main"/></p:output><p:output port="result.parameter.primary" kind="document" sequence="false" primary="false"><p:pipe port="result" step="parameters"/></p:output><p:output port="options" kind="document" sequence="false" primary="false"><p:pipe port="result" step="options"/></p:output><p:option name="option"/><p:option name="option.required" required="true"/><p:option name="option.default" select="'default'"/></p:declare-step></x:step-declaration><x:scenario xmlns:e="http://example.net/ns" end-time="2013-09-05T14:00:37.622Z" label="identity - variables" start-time="2013-09-05T14:00:37.615Z"><x:call x:type="{http://example.net/ns}identity" step="e:identity"><x:option select="$temp-dir" name="option" value=""/><x:option select="$test-base-uri" name="option.required" value=""/></x:call>
                                                <x:context label="errors" id="errors">
                                                    
                                                </x:context>
                                            
                                                <x:expect type="count" label="the step should execute successfully without throwing any errors" max="0" contextref="errors"/>
                                            <x:context label="the options" id="context1">
            <x:document xml:base="file:/home/jostein/xprocspec/src/test/xprocspec/steps/identity.xpl" xml:space="preserve" type="inline">
                <c:options xmlns:ex="http://example.net/ns">
                    <c:option name="option" value="file:/tmp/xprocspec-20130905160023007/xprocspec-20130905160037401/"/>
                    <c:option name="option.required" value="file:/home/jostein/xprocspec/src/test/xprocspec/tests/option-1.xprocspec"/>
                    <c:option name="option.default" value="default"/>
                </c:options>
            </x:document>
        </x:context><x:expect type="xpath" label="The $temp-dir variable should be available from both the x:option @select attribute and the x:expect @test attributes" test="/c:options/c:option[@name='option']/@value" equals="$temp-dir" contextref="context1"/><x:expect type="xpath" label="The $temp-dir variable should be available from both the @test and @equals attributes" test="$temp-dir" equals="$temp-dir" contextref="context1"/><x:expect type="xpath" label="The $test-base-uri variable should be available from both the x:option @select attribute and the x:expect @test attributes" test="/c:options/c:option[@name='option.required']/@value" equals="$test-base-uri" contextref="context1"/><x:expect type="xpath" label="The $test-base-uri variable should be available from both the @test and @equals attributes" test="$test-base-uri" equals="$test-base-uri" contextref="context1"/></x:scenario><x:output port="result.document.primary"><x:document xml:base="file:/home/jostein/xprocspec/src/test/xprocspec/tests/option-1.xprocspec" xml:space="preserve" type="inline">
            <source.document.primary.default xmlns:ex="http://example.net/ns"/>
        </x:document></x:output><x:output port="result.document.secondary.sequence"><x:document xml:base="file:/home/jostein/xprocspec/src/test/xprocspec/steps/identity.xpl" xml:space="preserve" type="inline">
            <source.document.secondary.sequence xmlns:ex="http://example.net/ns"/>
        </x:document></x:output><x:output port="result.document.secondary.select-children"><x:document xml:base="file:/home/jostein/xprocspec/src/test/xprocspec/steps/identity.xpl" xml:space="preserve" type="inline"><default xmlns:ex="http://example.net/ns"/></x:document><x:document xml:base="file:/home/jostein/xprocspec/src/test/xprocspec/steps/identity.xpl" xml:space="preserve" type="inline"><default xmlns:ex="http://example.net/ns"/></x:document></x:output><x:output port="result.parameter.primary"><x:document xml:base="file:/home/jostein/xprocspec/src/test/xprocspec/steps/identity.xpl" xml:space="preserve" type="inline"><c:param-set/></x:document></x:output><x:output port="options"><x:document xml:base="file:/home/jostein/xprocspec/src/test/xprocspec/steps/identity.xpl" xml:space="preserve" type="inline">
                <c:options xmlns:ex="http://example.net/ns">
                    <c:option name="option" value="file:/tmp/xprocspec-20130905160023007/xprocspec-20130905160037401/"/>
                    <c:option name="option.required" value="file:/home/jostein/xprocspec/src/test/xprocspec/tests/option-1.xprocspec"/>
                    <c:option name="option.default" value="default"/>
                </c:options>
            </x:document></x:output><x:test-result contextref="errors" result="passed" max="0" label="the step should execute successfully without throwing any errors" type="count">
                                                        <x:expected>At most 0 documents.</x:expected>
                                                    <x:was>0</x:was></x:test-result><x:test-result contextref="context1" result="passed" test="/c:options/c:option[@name='option']/@value" label="The $temp-dir variable should be available from both the x:option @select attribute and the x:expect @test attributes" type="xpath" equals="$temp-dir"><x:expected xml:space="preserve">XPath: $temp-dir
Value: file:/tmp/xprocspec-20130905160023007/xprocspec-20130905160037401/</x:expected><x:was xml:space="preserve">XPath: /c:options/c:option[@name='option']/@value
Value: file:/tmp/xprocspec-20130905160023007/xprocspec-20130905160037401/</x:was></x:test-result><x:test-result contextref="context1" result="passed" test="$temp-dir" label="The $temp-dir variable should be available from both the @test and @equals attributes" type="xpath" equals="$temp-dir"><x:expected xml:space="preserve">XPath: $temp-dir
Value: file:/tmp/xprocspec-20130905160023007/xprocspec-20130905160037401/</x:expected><x:was xml:space="preserve">XPath: $temp-dir
Value: file:/tmp/xprocspec-20130905160023007/xprocspec-20130905160037401/</x:was></x:test-result><x:test-result contextref="context1" result="passed" test="/c:options/c:option[@name='option.required']/@value" label="The $test-base-uri variable should be available from both the x:option @select attribute and the x:expect @test attributes" type="xpath" equals="$test-base-uri"><x:expected xml:space="preserve">XPath: $test-base-uri
Value: file:/home/jostein/xprocspec/src/test/xprocspec/tests/option-1.xprocspec</x:expected><x:was xml:space="preserve">XPath: /c:options/c:option[@name='option.required']/@value
Value: file:/home/jostein/xprocspec/src/test/xprocspec/tests/option-1.xprocspec</x:was></x:test-result><x:test-result contextref="context1" result="passed" test="$test-base-uri" label="The $test-base-uri variable should be available from both the @test and @equals attributes" type="xpath" equals="$test-base-uri"><x:expected xml:space="preserve">XPath: $test-base-uri
Value: file:/home/jostein/xprocspec/src/test/xprocspec/tests/option-1.xprocspec</x:expected><x:was xml:space="preserve">XPath: $test-base-uri
Value: file:/home/jostein/xprocspec/src/test/xprocspec/tests/option-1.xprocspec</x:was></x:test-result></x:description></x:test-report></x:document></x:output><x:output port="html"><x:document xml:base="file:/home/jostein/xprocspec/src/main/resources/content/xml/xproc/report/report-template.xhtml" xml:space="preserve" type="inline"><html xmlns="http://www.w3.org/1999/xhtml"><head><title>Test Report for file:/home/jostein/xprocspec/src/test/xprocspec/tests/option-1.xprocspec (passed:12 / pending:0 / failed:0 / errors:0 / total:12)</title>
        <meta charset="utf-8"/>
        <style type="text/css" xml:space="preserve">/**/
/****************************************************************************/
/*  File:       test-report.css                                             */
/*  Author:     Jeni Tennsion                                               */
/*  URI:        http://xspec.googlecode.com/                                */
/*  Tags:                                                                   */
/*    Copyright (c) 2008, 2010 Jeni Tennsion (see end of file.)             */
/* ------------------------------------------------------------------------ */


/* test */

/* box model */

body {
	margin-right: 1em;
	/*margin-left: 10%;*/
	}

h1 {
	padding: 0.3em 0.5em 0.3em 0.5em;
	position: relative;
	}

h2 {
	padding: 0.1em 0.5em 0.2em 0.5em;
	}

h3 {
	padding-left: 0.6em;
	}

h4 {
	padding-left: 0.8em;
	}

p, table {
	/*margin-left: 5%;*/
	}

dd ul, dd ol {
	margin-left: 0%;
	}

li ul, li ol {
	/*margin-left: 5%;*/
	}

dl, ul, ol, blockquote {
	/*margin-left: 10%;*/
	}

dt {
  padding-top: 3px;
  padding-bottom: 3px;
	clear: both;
	}

dd p {
	/*margin-left: -5px;*/
	margin-top: 5px;
	clear: both;
	}

p.link {
	margin-top: 4px;
	margin-bottom: 0px;
	clear: both;
	}

tr td, td p, li, li p {
	margin-left: 0%;
	}

td:nth-child(2) {
	padding-left: 5%;
	}

.link img, dt img {
	vertical-align: middle;
	position: relative;
	top: -5px;
	}

img {
	position: relative;
	}

#xml-link {
	position: absolute;
	left: 5px;
	top: 5px;
	width: 10%;
	margin-left: 0%;
	}

#link-up {
	position: absolute;
	left: 93%;
	right: 2em;
	top: 0.3em;
	}

#link-top {
	position: absolute;
	left: 89%;
	right: 4em;
	top: 0.3em;
	}
	
.popup {
	display: block;
	visibility: hidden;
	float: right;
	position: absolute;
	top: 5px;
	left: -200px;
	z-index: 1;
	padding: 0.3em;
	width: 220px;
	}

.note {
	position: relative;
	}

.post {
	/*margin-left: 5%;*/
	padding-top: 1em;
	}
	
.example, .sidebar {
  /*margin-left: 5%;*/
  margin-top: 1em;
  margin-bottom: 1em;
  }

/*pre {
	padding-left: 5%;
	margin-left: 5%;
	}*/

/*dd pre, li pre {
	padding-left: 5%;
	}*/

/* fonts */
/* Oxygen  */
body, table {
    font-family:arial, helvetica, sans-serif;
    font-size:12px;
}
/* Oxygen  */

/*body {
	font-family: Verdana, arial, sans-serif;
	font-size: small;
	}*/	

/*h1, h2, h3, h4, h5, h6 {
	font-family: 'trebuchet MS', arial, sans-serif;
	}*/

h1 {
	font-size: 173%;
	font-weight: bold;
	}

h2 {
	font-size: 144%;
	font-weight: normal;
	}

h3 {
	font-size: 120%;
	font-weight: normal;
	}

h4 {
  font-size: 100%;
  font-weight: bold;
}

dt {
	font-weight: bold;
	}

a:link, a:visited, a:active, a:hover {
	font-weight: bold;
	}

a.offsite:link, a.offsite:visited, a.offsite:active, a.offsite:hover {
	font-weight: normal;
	}

/* suppress the normal italics */
address {
	font-style: normal;
	}

div.example, .sidebar {
  font-family: Verdana, arial, sans-serif;
  font-size: 100%;
  }


.note, .link {
	font-family: Verdana, arial, sans-serif;
	/*font-size: 83%;*/
	}

/*.example, .string, .rtf, .code, pre, code {
	font-family: "Lucida Console", "Courier New", monospace;*/
  /*font-size: 83%;*/
/*	}*/

.boolean {
	font-style: italic;
	}

#colophon, #xml-link {
	font-size: 69%;
	}

.question, .title {
	font-weight: bold;
	}

/* colours */
body {
	background-color: white;
	color: black;
	border: 0px none black;
	}

/* this is to make Navigator fill the entire line */
h1, h2 {
	border: 1px solid white;
	width: auto;
	}

h1 {
	/*background: #606;*/
	/*color: #6F6;*/
	}

h2 {
	color: #606;
	/*background: #CFC;*/
	}

hr {
	color: #606;
	background: white;
	}

img, a:link img, a:visited img, a:hover img, a:active img, #link-up img, #link-top img {
	border: 0px none white;
	background: transparent;
	}

/* OXYGEN */
a, a:visited {
    color:rgb(0, 0, 150);
    background-color:inherit;
    font-weight: bold;
}
a:link, a:visited {
    text-decoration:none; 
}
a:hover {
    text-decoration:underline;
}

/* OXYGEN */

a.img:hover, a.img:active {
	background: transparent;
	}

#colophon, #xml-link, .note {
	color: #666;
	}

#colophon a:link, #colophon a:visited, #colophon a:hover,
#xml-link a:link, #xml-link a:visited, #xml-link a:hover,
.note a:link, .note a:visited, .note a:hover {
	color: #969;
	background: transparent;
	}

#colophon a:hover, #xml-link a:hover, .note a:hover {
	background: #CFC;
	color: #969;
	}

.popup {
	background: white;
	border: 1px solid #606;
	}

.post {
	border-top: 2px solid #606;
	}
	
.example {
  border-top: 2px solid #606;
  border-bottom: 2px solid #606;
  }
  
.sidebar {
  border-top: 2px solid #090;
  border-bottom: 2px solid #090;
  }
  
.rng {
  border-left: 2px solid #666;
  }

.same {
  background-color: rgb(206, 239, 174);
}

.diff {
  background-color: #FCC;
}

.whitespace {
	font-style: italic;
	color: #999;
	background: white;
}

.ignored {
  font-style: italic;
  color: #999;
  background: white;
}

.hit {
}

.missed {
  background-color: #A33;
  color: white;
}

/* text */
ol ol li {
	list-style: lower-alpha;
	}

th {
	text-align: left;
	}

td {
	vertical-align: top;
	}

h1 {
	text-transform: uppercase;
	}

h2, h3 {
	/*text-transform: capitalize;*/
	}

.question {
	text-indent: -33px;
	}

.byline {
	text-align: right;
	}

#link-top, #link-up {
	text-align: right;
	}

a {
	text-decoration: none;
	}

table { width: 85%;
        /* border: collapse; */ }

th { text-align: left; }

.xspec tbody th { font-weight: normal; /*font-size: 0.8em;*/ border-top: 1px #666 solid; }
.xspec tbody td { /*font-size: 0.8em;*/ color: #666; }

.successful.label th, .successful.label td { background-color: #CFC; }
.pending.label th, .pending.label td { background-color: #DDD; color: #666; }
.failed.label th, .failed.label td { background-color: #FCC; }
.error.label th, .error.label td { background-color: #FAA; }
/*body &gt; table tbody .failed.label th:first-child:before {content:url(data:image/png;base64,iVBORw0KGgoAAAANSUhEUgAAAAwAAAAMCAYAAABWdVznAAAAGXRFWHRTb2Z0d2FyZQBBZG9iZSBJbWFnZVJlYWR5ccllPAAAA2ZpVFh0WE1MOmNvbS5hZG9iZS54bXAAAAAAADw/eHBhY2tldCBiZWdpbj0i77u/IiBpZD0iVzVNME1wQ2VoaUh6cmVTek5UY3prYzlkIj8+IDx4OnhtcG1ldGEgeG1sbnM6eD0iYWRvYmU6bnM6bWV0YS8iIHg6eG1wdGs9IkFkb2JlIFhNUCBDb3JlIDUuMy1jMDExIDY2LjE0NTY2MSwgMjAxMi8wMi8wNi0xNDo1NjoyNyAgICAgICAgIj4gPHJkZjpSREYgeG1sbnM6cmRmPSJodHRwOi8vd3d3LnczLm9yZy8xOTk5LzAyLzIyLXJkZi1zeW50YXgtbnMjIj4gPHJkZjpEZXNjcmlwdGlvbiByZGY6YWJvdXQ9IiIgeG1sbnM6eG1wTU09Imh0dHA6Ly9ucy5hZG9iZS5jb20veGFwLzEuMC9tbS8iIHhtbG5zOnN0UmVmPSJodHRwOi8vbnMuYWRvYmUuY29tL3hhcC8xLjAvc1R5cGUvUmVzb3VyY2VSZWYjIiB4bWxuczp4bXA9Imh0dHA6Ly9ucy5hZG9iZS5jb20veGFwLzEuMC8iIHhtcE1NOk9yaWdpbmFsRG9jdW1lbnRJRD0ieG1wLmRpZDpCQjU0NjU4QjIyQTNFMTExQkI5Rjk5QkQ4RkQ5RUJFQiIgeG1wTU06RG9jdW1lbnRJRD0ieG1wLmRpZDpEQTUyOTdBQUEzRDUxMUUxQTQwN0YzMUI0Nzg3NDU1RSIgeG1wTU06SW5zdGFuY2VJRD0ieG1wLmlpZDpEQTUyOTdBOUEzRDUxMUUxQTQwN0YzMUI0Nzg3NDU1RSIgeG1wOkNyZWF0b3JUb29sPSJBZG9iZSBQaG90b3Nob3AgQ1M2IChXaW5kb3dzKSI+IDx4bXBNTTpEZXJpdmVkRnJvbSBzdFJlZjppbnN0YW5jZUlEPSJ4bXAuaWlkOjQ4MTZDRTNCRDVBM0UxMTFBQTI2QTBCMjZENzg1Qzg5IiBzdFJlZjpkb2N1bWVudElEPSJ4bXAuZGlkOkJCNTQ2NThCMjJBM0UxMTFCQjlGOTlCRDhGRDlFQkVCIi8+IDwvcmRmOkRlc2NyaXB0aW9uPiA8L3JkZjpSREY+IDwveDp4bXBtZXRhPiA8P3hwYWNrZXQgZW5kPSJyIj8+aHNJrgAAAZ1JREFUeNpsUssrRGEU/907985YMDPNYlh4hbKZPMdgR3aysrGSSFIeKyUKpewoRTYkmcgCf4MsMI2FPDYGKeUZSoru4/uc82VC+W7fOeee+zvn/M45V1uuyCmVwDogq0hDklD6jy1dspNkdxokVrIzPFUh0/MD5OdXoJDwPFtu3d2ns6TTp9oggTlFZlmN0o4AHMmXfJGo0lmGzoE1OgmNHf5YA8rmN5HfM6wADmUuHphA9cIW/JX1yiek9DIlyijxkNjBzXYche19gNcHzfShoLUdVxtLuD/cYzCoMAzCwqYrhMDx9Chs20JRWzf4nMcXcDI3pYAqQHIAtWUJbpKursMMhpA+RiAEGzpc4X5XkDB4GjaHmiZik/PIa2rBEWVlSuW9Q+T3YndskBi46QpQFcLltchtbEZyZhxna4uKhmV9Ito/gtPNOG4P99WItdlIWARNXWOAv6AEr9cplel7/ggUleDlMqUSvNnCobHKxDsNnqs8XaWUZopp/XhxTkOR+HDVOveYUge9rNLyY9SU9v+vwXuUB2R0fQkwABfn/VKSjTLBAAAAAElFTkSuQmCC) " "}*/
/*body &gt; table tbody .error.label th:first-child:before {content:url(data:image/png;base64,iVBORw0KGgoAAAANSUhEUgAAAAwAAAAMCAYAAABWdVznAAAABmJLR0QAAAAAAAD5Q7t/AAAACXBIWXMAAAsTAAALEwEAmpwYAAAAB3RJTUUH3QcKER4AdkxvvQAAAdVJREFUKM89kM9KG0EAh7/JTHazZInEQwJ68KIWLx6Etj6EjxAobYSsD+BjCJ682EOp0FMueYmS0FMICF4i6tFNzJ/dyRh2Znoo6Xf+Pn7wEzc3Nx/W6/UvY8xJnudkWYa1Fu893nviOCaKIhuG4R/v/Ve1Xq9/bG1tnezs7JDnOVpr3t/fcc4hpaRSqVCpVORqtTp9e3v7rrTWn5vNJpPJhHK5zHg8JssyvPeEYcjR0RFpmlKr1ZjP5x9Li8VCbOR2u83BwQEvLy88PT1xfHzMxcUFQgjSNCXLskDlec5sNuPx8REpJZ1Oh+fnZ4QQnJ+fc319Tb/fZ29vD601SmvNdDplsVhwe3vLaDTi6uoKgCRJGAwGNBoNXl9fMcZQcs5hjGG1WpHnObVajQ3VahWtNcYYjDE451Cb+7z3JElCkiScnZ0hpaTX67G7u0u328V7/y+oVqsIITg8PKTT6dBqtRgOhzjnaLVa3N3dcX9/z3K5JI5jxOXlpSuKQqRpirWWh4eH//Plcpn9/X2cc2xvb1MqlQqllBpYa0/jOGYymdBsNsmyDOccURRRFAX1eh2lFGEY/lZBEHyx1v703n8KgkBEUYSUEu/9RkIIUQRB0A/D8NtflUT+nn4OS+0AAAAASUVORK5CYII=) " "}*/
.failed.label th:first-child:before, .failed.label td:first-child:before {content:url(data:image/png;base64,iVBORw0KGgoAAAANSUhEUgAAAAwAAAAMCAYAAABWdVznAAAAGXRFWHRTb2Z0d2FyZQBBZG9iZSBJbWFnZVJlYWR5ccllPAAAA2ZpVFh0WE1MOmNvbS5hZG9iZS54bXAAAAAAADw/eHBhY2tldCBiZWdpbj0i77u/IiBpZD0iVzVNME1wQ2VoaUh6cmVTek5UY3prYzlkIj8+IDx4OnhtcG1ldGEgeG1sbnM6eD0iYWRvYmU6bnM6bWV0YS8iIHg6eG1wdGs9IkFkb2JlIFhNUCBDb3JlIDUuMy1jMDExIDY2LjE0NTY2MSwgMjAxMi8wMi8wNi0xNDo1NjoyNyAgICAgICAgIj4gPHJkZjpSREYgeG1sbnM6cmRmPSJodHRwOi8vd3d3LnczLm9yZy8xOTk5LzAyLzIyLXJkZi1zeW50YXgtbnMjIj4gPHJkZjpEZXNjcmlwdGlvbiByZGY6YWJvdXQ9IiIgeG1sbnM6eG1wTU09Imh0dHA6Ly9ucy5hZG9iZS5jb20veGFwLzEuMC9tbS8iIHhtbG5zOnN0UmVmPSJodHRwOi8vbnMuYWRvYmUuY29tL3hhcC8xLjAvc1R5cGUvUmVzb3VyY2VSZWYjIiB4bWxuczp4bXA9Imh0dHA6Ly9ucy5hZG9iZS5jb20veGFwLzEuMC8iIHhtcE1NOk9yaWdpbmFsRG9jdW1lbnRJRD0ieG1wLmRpZDpCQjU0NjU4QjIyQTNFMTExQkI5Rjk5QkQ4RkQ5RUJFQiIgeG1wTU06RG9jdW1lbnRJRD0ieG1wLmRpZDpEQTUyOTdBQUEzRDUxMUUxQTQwN0YzMUI0Nzg3NDU1RSIgeG1wTU06SW5zdGFuY2VJRD0ieG1wLmlpZDpEQTUyOTdBOUEzRDUxMUUxQTQwN0YzMUI0Nzg3NDU1RSIgeG1wOkNyZWF0b3JUb29sPSJBZG9iZSBQaG90b3Nob3AgQ1M2IChXaW5kb3dzKSI+IDx4bXBNTTpEZXJpdmVkRnJvbSBzdFJlZjppbnN0YW5jZUlEPSJ4bXAuaWlkOjQ4MTZDRTNCRDVBM0UxMTFBQTI2QTBCMjZENzg1Qzg5IiBzdFJlZjpkb2N1bWVudElEPSJ4bXAuZGlkOkJCNTQ2NThCMjJBM0UxMTFCQjlGOTlCRDhGRDlFQkVCIi8+IDwvcmRmOkRlc2NyaXB0aW9uPiA8L3JkZjpSREY+IDwveDp4bXBtZXRhPiA8P3hwYWNrZXQgZW5kPSJyIj8+aHNJrgAAAZ1JREFUeNpsUssrRGEU/907985YMDPNYlh4hbKZPMdgR3aysrGSSFIeKyUKpewoRTYkmcgCf4MsMI2FPDYGKeUZSoru4/uc82VC+W7fOeee+zvn/M45V1uuyCmVwDogq0hDklD6jy1dspNkdxokVrIzPFUh0/MD5OdXoJDwPFtu3d2ns6TTp9oggTlFZlmN0o4AHMmXfJGo0lmGzoE1OgmNHf5YA8rmN5HfM6wADmUuHphA9cIW/JX1yiek9DIlyijxkNjBzXYche19gNcHzfShoLUdVxtLuD/cYzCoMAzCwqYrhMDx9Chs20JRWzf4nMcXcDI3pYAqQHIAtWUJbpKursMMhpA+RiAEGzpc4X5XkDB4GjaHmiZik/PIa2rBEWVlSuW9Q+T3YndskBi46QpQFcLltchtbEZyZhxna4uKhmV9Ito/gtPNOG4P99WItdlIWARNXWOAv6AEr9cplel7/ggUleDlMqUSvNnCobHKxDsNnqs8XaWUZopp/XhxTkOR+HDVOveYUge9rNLyY9SU9v+vwXuUB2R0fQkwABfn/VKSjTLBAAAAAElFTkSuQmCC) " "}
.error.label th:first-child:before, .error.label td:first-child:before {content:url(data:image/png;base64,iVBORw0KGgoAAAANSUhEUgAAAAwAAAAMCAYAAABWdVznAAAABmJLR0QAAAAAAAD5Q7t/AAAACXBIWXMAAAsTAAALEwEAmpwYAAAAB3RJTUUH3QcKER4AdkxvvQAAAdVJREFUKM89kM9KG0EAh7/JTHazZInEQwJ68KIWLx6Etj6EjxAobYSsD+BjCJ682EOp0FMueYmS0FMICF4i6tFNzJ/dyRh2Znoo6Xf+Pn7wEzc3Nx/W6/UvY8xJnudkWYa1Fu893nviOCaKIhuG4R/v/Ve1Xq9/bG1tnezs7JDnOVpr3t/fcc4hpaRSqVCpVORqtTp9e3v7rrTWn5vNJpPJhHK5zHg8JssyvPeEYcjR0RFpmlKr1ZjP5x9Li8VCbOR2u83BwQEvLy88PT1xfHzMxcUFQgjSNCXLskDlec5sNuPx8REpJZ1Oh+fnZ4QQnJ+fc319Tb/fZ29vD601SmvNdDplsVhwe3vLaDTi6uoKgCRJGAwGNBoNXl9fMcZQcs5hjGG1WpHnObVajQ3VahWtNcYYjDE451Cb+7z3JElCkiScnZ0hpaTX67G7u0u328V7/y+oVqsIITg8PKTT6dBqtRgOhzjnaLVa3N3dcX9/z3K5JI5jxOXlpSuKQqRpirWWh4eH//Plcpn9/X2cc2xvb1MqlQqllBpYa0/jOGYymdBsNsmyDOccURRRFAX1eh2lFGEY/lZBEHyx1v703n8KgkBEUYSUEu/9RkIIUQRB0A/D8NtflUT+nn4OS+0AAAAASUVORK5CYII=) " "}
.pending.label th:first-child:before, .pending.label td:first-child:before {content:url(data:image/png;base64,iVBORw0KGgoAAAANSUhEUgAAAAwAAAAMCAYAAABWdVznAAAAGXRFWHRTb2Z0d2FyZQBBZG9iZSBJbWFnZVJlYWR5ccllPAAAA2ZpVFh0WE1MOmNvbS5hZG9iZS54bXAAAAAAADw/eHBhY2tldCBiZWdpbj0i77u/IiBpZD0iVzVNME1wQ2VoaUh6cmVTek5UY3prYzlkIj8+IDx4OnhtcG1ldGEgeG1sbnM6eD0iYWRvYmU6bnM6bWV0YS8iIHg6eG1wdGs9IkFkb2JlIFhNUCBDb3JlIDUuMy1jMDExIDY2LjE0NTY2MSwgMjAxMi8wMi8wNi0xNDo1NjoyNyAgICAgICAgIj4gPHJkZjpSREYgeG1sbnM6cmRmPSJodHRwOi8vd3d3LnczLm9yZy8xOTk5LzAyLzIyLXJkZi1zeW50YXgtbnMjIj4gPHJkZjpEZXNjcmlwdGlvbiByZGY6YWJvdXQ9IiIgeG1sbnM6eG1wTU09Imh0dHA6Ly9ucy5hZG9iZS5jb20veGFwLzEuMC9tbS8iIHhtbG5zOnN0UmVmPSJodHRwOi8vbnMuYWRvYmUuY29tL3hhcC8xLjAvc1R5cGUvUmVzb3VyY2VSZWYjIiB4bWxuczp4bXA9Imh0dHA6Ly9ucy5hZG9iZS5jb20veGFwLzEuMC8iIHhtcE1NOk9yaWdpbmFsRG9jdW1lbnRJRD0ieG1wLmRpZDpCQjU0NjU4QjIyQTNFMTExQkI5Rjk5QkQ4RkQ5RUJFQiIgeG1wTU06RG9jdW1lbnRJRD0ieG1wLmRpZDpDODdDM0Y0QUEzRDUxMUUxQjk5N0MzQjVFRDMyQUE1MiIgeG1wTU06SW5zdGFuY2VJRD0ieG1wLmlpZDpDODdDM0Y0OUEzRDUxMUUxQjk5N0MzQjVFRDMyQUE1MiIgeG1wOkNyZWF0b3JUb29sPSJBZG9iZSBQaG90b3Nob3AgQ1M2IChXaW5kb3dzKSI+IDx4bXBNTTpEZXJpdmVkRnJvbSBzdFJlZjppbnN0YW5jZUlEPSJ4bXAuaWlkOjQ4MTZDRTNCRDVBM0UxMTFBQTI2QTBCMjZENzg1Qzg5IiBzdFJlZjpkb2N1bWVudElEPSJ4bXAuZGlkOkJCNTQ2NThCMjJBM0UxMTFCQjlGOTlCRDhGRDlFQkVCIi8+IDwvcmRmOkRlc2NyaXB0aW9uPiA8L3JkZjpSREY+IDwveDp4bXBtZXRhPiA8P3hwYWNrZXQgZW5kPSJyIj8+yj6RYgAAAPZJREFUeNp0kM8KgkAQxmc1E0Wfo3vQn5eRSDx4EUHwbTpEhx4lil7DiydBQUFXp5nAMNsGhpnd/X77za4Iw3CFiFcAWFMFDkXtKZ/UHhfUnB3HWdu2/REpAL2u631ZlicGdpZlwTAMSmBM0zS5bhgQLB5FU3AOUS4XvNn3vVKgAACCIMA0TbFpGsyyDJMkefdFUWAcx1hVFeZ5jlEUoed5qPEI7KDrOhiG8e6llNC27Zcz77FW+L6Pruv+WKtGIzfgR39umv/UHOJgAMlO/BPOXCQDD5p3r2ma8lvHNU9BcWPg0HXdhRZbOhRT8aSXVO9U/ZcAAwAsmjsSQcM0lwAAAABJRU5ErkJggg==) " ";}
.successful.label th:first-child:before, .successful.label td:first-child:before {content:url(data:image/png;base64,iVBORw0KGgoAAAANSUhEUgAAAAwAAAAMCAYAAABWdVznAAAAGXRFWHRTb2Z0d2FyZQBBZG9iZSBJbWFnZVJlYWR5ccllPAAAA2ZpVFh0WE1MOmNvbS5hZG9iZS54bXAAAAAAADw/eHBhY2tldCBiZWdpbj0i77u/IiBpZD0iVzVNME1wQ2VoaUh6cmVTek5UY3prYzlkIj8+IDx4OnhtcG1ldGEgeG1sbnM6eD0iYWRvYmU6bnM6bWV0YS8iIHg6eG1wdGs9IkFkb2JlIFhNUCBDb3JlIDUuMy1jMDExIDY2LjE0NTY2MSwgMjAxMi8wMi8wNi0xNDo1NjoyNyAgICAgICAgIj4gPHJkZjpSREYgeG1sbnM6cmRmPSJodHRwOi8vd3d3LnczLm9yZy8xOTk5LzAyLzIyLXJkZi1zeW50YXgtbnMjIj4gPHJkZjpEZXNjcmlwdGlvbiByZGY6YWJvdXQ9IiIgeG1sbnM6eG1wTU09Imh0dHA6Ly9ucy5hZG9iZS5jb20veGFwLzEuMC9tbS8iIHhtbG5zOnN0UmVmPSJodHRwOi8vbnMuYWRvYmUuY29tL3hhcC8xLjAvc1R5cGUvUmVzb3VyY2VSZWYjIiB4bWxuczp4bXA9Imh0dHA6Ly9ucy5hZG9iZS5jb20veGFwLzEuMC8iIHhtcE1NOk9yaWdpbmFsRG9jdW1lbnRJRD0ieG1wLmRpZDpCQjU0NjU4QjIyQTNFMTExQkI5Rjk5QkQ4RkQ5RUJFQiIgeG1wTU06RG9jdW1lbnRJRD0ieG1wLmRpZDpEMDVBNThBQUEzRDUxMUUxQjdCQkM2QUNBMTNBMDExNiIgeG1wTU06SW5zdGFuY2VJRD0ieG1wLmlpZDpEMDVBNThBOUEzRDUxMUUxQjdCQkM2QUNBMTNBMDExNiIgeG1wOkNyZWF0b3JUb29sPSJBZG9iZSBQaG90b3Nob3AgQ1M2IChXaW5kb3dzKSI+IDx4bXBNTTpEZXJpdmVkRnJvbSBzdFJlZjppbnN0YW5jZUlEPSJ4bXAuaWlkOjQ4MTZDRTNCRDVBM0UxMTFBQTI2QTBCMjZENzg1Qzg5IiBzdFJlZjpkb2N1bWVudElEPSJ4bXAuZGlkOkJCNTQ2NThCMjJBM0UxMTFCQjlGOTlCRDhGRDlFQkVCIi8+IDwvcmRmOkRlc2NyaXB0aW9uPiA8L3JkZjpSREY+IDwveDp4bXBtZXRhPiA8P3hwYWNrZXQgZW5kPSJyIj8+xJ3YrgAAAYBJREFUeNpsUrtKA1EQPZtdY4gEQiD4QCsLEVGX4CP4AykEq1hYiGghCDZ+gBZWVtrZ+EAjaGOhfoAkNiaKhYWICilMEQNqoYjZ5O4d5+6ucQuLM3funDNzD7OrLe229YBwSKAEnyAP/pyIbL5fcz5rcNiLtuqJSEz3ickn5ruE/vFmJ9/LYjvAldGWqA7bJkgPtoAHQrS5G6NdiwhFWCoxHOCgKUL+iurkCBVawyamE8d4qmSZ51clBZUlh+RG14JzEsJNcaTNLVwWd1B6vXXqkmGoYNeVUPnW3JNr4+YarPoncvebEAKNekAlokaY6N/A1NA+SBgY6Eijtz2Fs5sVWNWawysorWNJsO+q9QWzaxLTYwfojA3isZzDfSnrWvTsNiyp7pOrZURC7ejrTDEpcVpY9ab+NSioLZEiapZA5nwBxZcC8g9HeK7ccYM7TDnwmoU2vx6/NIJaUjc0b0u8YvJNle5HdJvlhbI0Y31ThqsjTGr0/+8hOOQ5nfsRYACtHiy+FDd82wAAAABJRU5ErkJggg==) " "}
/*.successful.label a:before {content:url(data:image/png;base64,iVBORw0KGgoAAAANSUhEUgAAAAwAAAAMCAYAAABWdVznAAAAGXRFWHRTb2Z0d2FyZQBBZG9iZSBJbWFnZVJlYWR5ccllPAAAA2ZpVFh0WE1MOmNvbS5hZG9iZS54bXAAAAAAADw/eHBhY2tldCBiZWdpbj0i77u/IiBpZD0iVzVNME1wQ2VoaUh6cmVTek5UY3prYzlkIj8+IDx4OnhtcG1ldGEgeG1sbnM6eD0iYWRvYmU6bnM6bWV0YS8iIHg6eG1wdGs9IkFkb2JlIFhNUCBDb3JlIDUuMy1jMDExIDY2LjE0NTY2MSwgMjAxMi8wMi8wNi0xNDo1NjoyNyAgICAgICAgIj4gPHJkZjpSREYgeG1sbnM6cmRmPSJodHRwOi8vd3d3LnczLm9yZy8xOTk5LzAyLzIyLXJkZi1zeW50YXgtbnMjIj4gPHJkZjpEZXNjcmlwdGlvbiByZGY6YWJvdXQ9IiIgeG1sbnM6eG1wTU09Imh0dHA6Ly9ucy5hZG9iZS5jb20veGFwLzEuMC9tbS8iIHhtbG5zOnN0UmVmPSJodHRwOi8vbnMuYWRvYmUuY29tL3hhcC8xLjAvc1R5cGUvUmVzb3VyY2VSZWYjIiB4bWxuczp4bXA9Imh0dHA6Ly9ucy5hZG9iZS5jb20veGFwLzEuMC8iIHhtcE1NOk9yaWdpbmFsRG9jdW1lbnRJRD0ieG1wLmRpZDpCQjU0NjU4QjIyQTNFMTExQkI5Rjk5QkQ4RkQ5RUJFQiIgeG1wTU06RG9jdW1lbnRJRD0ieG1wLmRpZDpEMDVBNThBQUEzRDUxMUUxQjdCQkM2QUNBMTNBMDExNiIgeG1wTU06SW5zdGFuY2VJRD0ieG1wLmlpZDpEMDVBNThBOUEzRDUxMUUxQjdCQkM2QUNBMTNBMDExNiIgeG1wOkNyZWF0b3JUb29sPSJBZG9iZSBQaG90b3Nob3AgQ1M2IChXaW5kb3dzKSI+IDx4bXBNTTpEZXJpdmVkRnJvbSBzdFJlZjppbnN0YW5jZUlEPSJ4bXAuaWlkOjQ4MTZDRTNCRDVBM0UxMTFBQTI2QTBCMjZENzg1Qzg5IiBzdFJlZjpkb2N1bWVudElEPSJ4bXAuZGlkOkJCNTQ2NThCMjJBM0UxMTFCQjlGOTlCRDhGRDlFQkVCIi8+IDwvcmRmOkRlc2NyaXB0aW9uPiA8L3JkZjpSREY+IDwveDp4bXBtZXRhPiA8P3hwYWNrZXQgZW5kPSJyIj8+xJ3YrgAAAYBJREFUeNpsUrtKA1EQPZtdY4gEQiD4QCsLEVGX4CP4AykEq1hYiGghCDZ+gBZWVtrZ+EAjaGOhfoAkNiaKhYWICilMEQNqoYjZ5O4d5+6ucQuLM3funDNzD7OrLe229YBwSKAEnyAP/pyIbL5fcz5rcNiLtuqJSEz3ickn5ruE/vFmJ9/LYjvAldGWqA7bJkgPtoAHQrS5G6NdiwhFWCoxHOCgKUL+iurkCBVawyamE8d4qmSZ51clBZUlh+RG14JzEsJNcaTNLVwWd1B6vXXqkmGoYNeVUPnW3JNr4+YarPoncvebEAKNekAlokaY6N/A1NA+SBgY6Eijtz2Fs5sVWNWawysorWNJsO+q9QWzaxLTYwfojA3isZzDfSnrWvTsNiyp7pOrZURC7ejrTDEpcVpY9ab+NSioLZEiapZA5nwBxZcC8g9HeK7ccYM7TDnwmoU2vx6/NIJaUjc0b0u8YvJNle5HdJvlhbI0Y31ThqsjTGr0/+8hOOQ5nfsRYACtHiy+FDd82wAAAABJRU5ErkJggg==) " "}*/

.xspecResult { width: 90%; table-layout: fixed; }

.xspecResult td,
.xspecResult th { width: 50%; }

/*.xspecResult pre { 
  margin-left: 0; 
  padding: 0.5em; 
  overflow: auto; 
  border: 1px #999 dotted;
}*/

span.scenario-totals {float: right; width: 14.5%; text-align: left}

/* OXYGEN */
span.scenario-totals {float: right; width: 34.5%; text-align: right}

h2.failed {
    background-color: #FCC;
}

h1, h2 {
    width: 86%;
    /*margin-left: 3%;*/
    
    font-size:1.4em;
    font-weight:bold;
    text-align:left;
    margin-top:1.4em;
    margin-bottom:0.7em;
    color:#333333;
    background-color:inherit;
}

h1 {
    font-size:1.7em;
}

body &gt; h1:first-child:before {
    content:"XSLT UNIT ";
}

body &gt; h2:first-of-type {
    font-size:1.7em;
}

div &gt; table &gt; tbody &gt; tr &gt; th:first-child {
    font-weight:bold;
}

div &gt; h3 {
    font-weight:bold;
    /*margin-left: 3%;*/
}

div &gt; h4 {
    font-weight:normal;
    /*margin-left: 4%;*/
}

th.result { text-align: center; }
/* OXYGEN */


/* ------------------------------------------------------------------------ */
/*  DO NOT ALTER OR REMOVE COPYRIGHT NOTICES OR THIS COMMENT.               */
/*                                                                          */
/*  Copyright (c) 2008, 2010 Jeni Tennsion                                  */
/*                                                                          */
/*  The contents of this file are subject to the MIT License (see the URI   */
/*  http://www.opensource.org/licenses/mit-license.php for details).        */
/*                                                                          */
/*  Permission is hereby granted, free of charge, to any person obtaining   */
/*  a copy of this software and associated documentation files (the         */
/*  "Software"), to deal in the Software without restriction, including     */
/*  without limitation the rights to use, copy, modify, merge, publish,     */
/*  distribute, sublicense, and/or sell copies of the Software, and to      */
/*  permit persons to whom the Software is furnished to do so, subject to   */
/*  the following conditions:                                               */
/*                                                                          */
/*  The above copyright notice and this permission notice shall be          */
/*  included in all copies or substantial portions of the Software.         */
/*                                                                          */
/*  THE SOFTWARE IS PROVIDED "AS IS", WITHOUT WARRANTY OF ANY KIND,         */
/*  EXPRESS OR IMPLIED, INCLUDING BUT NOT LIMITED TO THE WARRANTIES OF      */
/*  MERCHANTABILITY, FITNESS FOR A PARTICULAR PURPOSE AND NONINFRINGEMENT.  */
/*  IN NO EVENT SHALL THE AUTHORS OR COPYRIGHT HOLDERS BE LIABLE FOR ANY    */
/*  CLAIM, DAMAGES OR OTHER LIABILITY, WHETHER IN AN ACTION OF CONTRACT,    */
/*  TORT OR OTHERWISE, ARISING FROM, OUT OF OR IN CONNECTION WITH THE       */
/*  SOFTWARE OR THE USE OR OTHER DEALINGS IN THE SOFTWARE.                  */
/* ------------------------------------------------------------------------ */

.nobr { white-space: nowrap; }
.scenario-label { text-indent: 0px; }
.context-label { text-indent: 10px; }
.test-label { text-indent: 20px; }
.pending-label { text-indent: 30px; }


        /**/</style>
    </head><body><h1>Test Report</h1><p>Script: <a href="file:/home/jostein/xprocspec/src/test/xprocspec/tests/option-1.xprocspec">file:/home/jostein/xprocspec/src/test/xprocspec/tests/option-1.xprocspec</a></p><p>Tested: 2013-09-05T16:00:38.264+02:00</p><h2>Contents</h2><table class="xspec"><col width="75%"/><col width="5%"/><col width="5%"/><col width="5%"/><col width="5%"/><col width="5%"/><thead><tr><th/><th class="result">passed:12</th><th class="result">pending:0</th><th class="result">failed:0</th><th class="result">errors:0</th><th class="result">total:12</th></tr></thead><tbody><tr class="successful label"><th><a href="#step1">ex:identity</a></th><th class="result">12</th><th class="result">0</th><th class="result">0</th><th class="result">0</th><th class="result">12</th></tr></tbody></table><div id="step1"><h2 class="successful">Calling: <a href="file:/home/jostein/xprocspec/src/test/xprocspec/steps/identity.xpl">ex:identity</a><span class="scenario-totals">passed:12 / pending:0 /
                                        failed:0 / errors:0 / total:12</span></h2><table class="xspec"><col width="80%"/><col width="20%"/><tbody><tr class="successful label"><th class="scenario-label">identity - base-uri</th><th class="nobr">passed:7 / pending:0 / failed:0 / errors:0 / total:7</th></tr><tr class="successful label"><th class="context-label">errors</th><th class="nobr">passed:1 / pending:0 / failed:0 / errors:0 / total:1</th></tr><tr class="successful label"><td class="test-label">the step should execute successfully without throwing any errors</td><td>Success</td></tr><tr class="successful label"><th class="context-label">the options</th><th class="nobr">passed:6 / pending:0 / failed:0 / errors:0 / total:6</th></tr><tr class="successful label"><td class="test-label">Options should be wrapped in a c:options element</td><td>Success</td></tr><tr class="successful label"><td class="test-label">Options should not be wrapped in something other than a c:options element</td><td>Success</td></tr><tr class="successful label"><td class="test-label">Options should be stored in c:option elements inside the root c:options element</td><td>Success</td></tr><tr class="successful label"><td class="test-label">base-uri(.) should refer to the base URI of the xprocspec test document</td><td>Success</td></tr><tr class="successful label"><td class="test-label">base-uri(/*) should refer to the base URI of the xprocspec test document</td><td>Success</td></tr><tr class="successful label"><td class="test-label">base-uri() should refer to the base URI of the xprocspec test document</td><td>Success</td></tr><tr class="successful label"><th class="scenario-label">identity - variables</th><th class="nobr">passed:5 / pending:0 / failed:0 / errors:0 / total:5</th></tr><tr class="successful label"><th class="context-label">errors</th><th class="nobr">passed:1 / pending:0 / failed:0 / errors:0 / total:1</th></tr><tr class="successful label"><td class="test-label">the step should execute successfully without throwing any errors</td><td>Success</td></tr><tr class="successful label"><th class="context-label">the options</th><th class="nobr">passed:4 / pending:0 / failed:0 / errors:0 / total:4</th></tr><tr class="successful label"><td class="test-label">The $temp-dir variable should be available from both the x:option @select attribute and the x:expect @test attributes</td><td>Success</td></tr><tr class="successful label"><td class="test-label">The $temp-dir variable should be available from both the @test and @equals attributes</td><td>Success</td></tr><tr class="successful label"><td class="test-label">The $test-base-uri variable should be available from both the x:option @select attribute and the x:expect @test attributes</td><td>Success</td></tr><tr class="successful label"><td class="test-label">The $test-base-uri variable should be available from both the @test and @equals attributes</td><td>Success</td></tr></tbody></table></div><h2>Execution log</h2><table><thead><tr><th>Time</th><th>Severity</th><th>Message</th></tr></thead><tbody><tr style=""><td>0.000</td><td style="padding-left:0%;">INFO</td><td><code><pre>#### file:/home/jostein/xprocspec/src/test/xprocspec/tests/option-1.xprocspec ####</pre></code></td></tr><tr style=""><td>0.005</td><td style="padding-left:0%;">INFO</td><td><code><pre> * temporary directory: file:/tmp/xprocspec-20130905160023007/</pre></code></td></tr><tr style=""><td>0.010</td><td style="padding-left:0%;">INFO</td><td><code><pre>preprocessing...</pre></code></td></tr><tr style=""><td>0.030</td><td style="padding-left:0%;">INFO</td><td><code><pre> * checking for imports</pre></code></td></tr><tr style=""><td>0.036</td><td style="padding-left:0%;">INFO</td><td><code><pre> * checking file:/home/jostein/xprocspec/src/test/xprocspec/tests/option-1.xprocspec for imports</pre></code></td></tr><tr style=""><td>0.041</td><td style="padding-left:0%;">INFO</td><td><code><pre> * extracting step declarations from file:/home/jostein/xprocspec/src/test/xprocspec/steps/identity.xpl</pre></code></td></tr><tr style=""><td>0.048</td><td style="padding-left:0%;">INFO</td><td><code><pre> * tests reference 1 step</pre></code></td></tr><tr style=""><td>0.053</td><td style="padding-left:0%;">INFO</td><td><code><pre>   * step: e:identity</pre></code></td></tr><tr style=""><td>0.059</td><td style="padding-left:0%;">INFO</td><td><code><pre> * trying to load: file:/home/jostein/xprocspec/src/test/xprocspec/steps/identity.xpl</pre></code></td></tr><tr style=""><td>0.065</td><td style="padding-left:0%;">INFO</td><td><code><pre>   * success!</pre></code></td></tr><tr style=""><td>0.073</td><td style="padding-left:0%;">INFO</td><td><code><pre> * trying to extract the step declaration for {http://example.net/ns}identity from file:/home/jostein/xprocspec/src/test/xprocspec/steps/identity.xpl</pre></code></td></tr><tr style=""><td>0.086</td><td style="padding-left:0%;">INFO</td><td><code><pre> * creating a new x:description document for each x:scenario element with inferred inputs, options and parameters</pre></code></td></tr><tr style=""><td>0.104</td><td style="padding-left:0%;">INFO</td><td><code><pre> * validating output grammar</pre></code></td></tr><tr style=""><td>0.118</td><td style="padding-left:0%;">INFO</td><td><code><pre> * validating output grammar</pre></code></td></tr><tr style=""><td>0.131</td><td style="padding-left:0%;">INFO</td><td><code><pre>compiling...</pre></code></td></tr><tr style=""><td>0.139</td><td style="padding-left:0%;">INFO</td><td><code><pre> * created directory using Calabash's cxf:mkdir</pre></code></td></tr><tr style=""><td>0.146</td><td style="padding-left:0%;">INFO</td><td><code><pre> * converting test 'test1' to XProc</pre></code></td></tr><tr style=""><td>0.161</td><td style="padding-left:0%;">INFO</td><td><code><pre>   * done</pre></code></td></tr><tr style=""><td>0.169</td><td style="padding-left:0%;">INFO</td><td><code><pre> * validating output grammar for file:/home/jostein/xprocspec/src/test/xprocspec/tests/option-1.xprocspec</pre></code></td></tr><tr style=""><td>0.184</td><td style="padding-left:0%;">INFO</td><td><code><pre>   * done!</pre></code></td></tr><tr style=""><td>0.192</td><td style="padding-left:0%;">INFO</td><td><code><pre> * converting test 'test2' to XProc</pre></code></td></tr><tr style=""><td>0.205</td><td style="padding-left:0%;">INFO</td><td><code><pre>   * done</pre></code></td></tr><tr style=""><td>0.212</td><td style="padding-left:0%;">INFO</td><td><code><pre> * validating output grammar for file:/home/jostein/xprocspec/src/test/xprocspec/tests/option-1.xprocspec</pre></code></td></tr><tr style=""><td>0.225</td><td style="padding-left:0%;">INFO</td><td><code><pre>   * done!</pre></code></td></tr><tr style=""><td>0.233</td><td style="padding-left:0%;">INFO</td><td><code><pre> * using as temporary directory: file:/tmp/xprocspec-20130905160023007/xprocspec-20130905160037401/</pre></code></td></tr><tr style=""><td>0.239</td><td style="padding-left:0%;">INFO</td><td><code><pre>storing...</pre></code></td></tr><tr style=""><td>0.251</td><td style="padding-left:0%;">INFO</td><td><code><pre>running...</pre></code></td></tr><tr style=""><td>0.259</td><td style="padding-left:0%;">INFO</td><td><code><pre>   * loading 'file:/tmp/xprocspec-20130905160023007/test1.xpl'</pre></code></td></tr><tr style=""><td>0.325</td><td style="padding-left:0%;">INFO</td><td><code><pre>   * loading 'file:/tmp/xprocspec-20130905160023007/test2.xpl'</pre></code></td></tr><tr style=""><td>0.387</td><td style="padding-left:0%;">INFO</td><td><code><pre>evaluating...</pre></code></td></tr><tr style=""><td>0.399</td><td style="padding-left:0%;">INFO</td><td><code><pre> * evaluating scenario 'identity - base-uri' (file:/home/jostein/xprocspec/src/test/xprocspec/tests/option-1.xprocspec)</pre></code></td></tr><tr style=""><td>0.407</td><td style="padding-left:0%;">INFO</td><td><code><pre>   * resolving x:document elements...</pre></code></td></tr><tr style=""><td>0.417</td><td style="padding-left:0%;">INFO</td><td><code><pre>    * no errors occured</pre></code></td></tr><tr style=""><td>0.449</td><td style="padding-left:0%;">INFO</td><td><code><pre>   * grouping x:expect elements with their x:context...</pre></code></td></tr><tr style=""><td>0.458</td><td style="padding-left:0%;">INFO</td><td><code><pre>   * evaluating each context/expect group...</pre></code></td></tr><tr style=""><td>0.465</td><td style="padding-left:0%;">INFO</td><td><code><pre>     * setting context to 'errors'</pre></code></td></tr><tr style=""><td>0.472</td><td style="padding-left:0%;">INFO</td><td><code><pre>       * testing assertion 'the step should execute successfully without throwing any errors'</pre></code></td></tr><tr style=""><td>0.480</td><td style="padding-left:0%;">INFO</td><td><code><pre>         * is document count assertion</pre></code></td></tr><tr style=""><td>0.487</td><td style="padding-left:0%;">INFO</td><td><code><pre>         * assertion passed</pre></code></td></tr><tr style=""><td>0.495</td><td style="padding-left:0%;">INFO</td><td><code><pre>     * setting context to 'the options'</pre></code></td></tr><tr style=""><td>0.503</td><td style="padding-left:0%;">INFO</td><td><code><pre>       * testing assertion 'Options should be wrapped in a c:options element'</pre></code></td></tr><tr style=""><td>0.512</td><td style="padding-left:0%;">INFO</td><td><code><pre>         * is xpath assertion</pre></code></td></tr><tr style=""><td>0.524</td><td style="padding-left:0%;">INFO</td><td><code><pre>       * testing assertion 'Options should not be wrapped in something other than a c:options element'</pre></code></td></tr><tr style=""><td>0.533</td><td style="padding-left:0%;">INFO</td><td><code><pre>         * is xpath assertion</pre></code></td></tr><tr style=""><td>0.543</td><td style="padding-left:0%;">INFO</td><td><code><pre>       * testing assertion 'Options should be stored in c:option elements inside the root c:options element'</pre></code></td></tr><tr style=""><td>0.552</td><td style="padding-left:0%;">INFO</td><td><code><pre>         * is xpath assertion</pre></code></td></tr><tr style=""><td>0.562</td><td style="padding-left:0%;">INFO</td><td><code><pre>       * testing assertion 'base-uri(.) should refer to the base URI of the xprocspec test document'</pre></code></td></tr><tr style=""><td>0.571</td><td style="padding-left:0%;">INFO</td><td><code><pre>         * is xpath assertion</pre></code></td></tr><tr style=""><td>0.582</td><td style="padding-left:0%;">INFO</td><td><code><pre>       * testing assertion 'base-uri(/*) should refer to the base URI of the xprocspec test document'</pre></code></td></tr><tr style=""><td>0.591</td><td style="padding-left:0%;">INFO</td><td><code><pre>         * is xpath assertion</pre></code></td></tr><tr style=""><td>0.601</td><td style="padding-left:0%;">INFO</td><td><code><pre>       * testing assertion 'base-uri() should refer to the base URI of the xprocspec test document'</pre></code></td></tr><tr style=""><td>0.611</td><td style="padding-left:0%;">INFO</td><td><code><pre>         * is xpath assertion</pre></code></td></tr><tr style=""><td>0.638</td><td style="padding-left:0%;">INFO</td><td><code><pre> * evaluating scenario 'identity - variables' (file:/home/jostein/xprocspec/src/test/xprocspec/tests/option-1.xprocspec)</pre></code></td></tr><tr style=""><td>0.647</td><td style="padding-left:0%;">INFO</td><td><code><pre>   * resolving x:document elements...</pre></code></td></tr><tr style=""><td>0.657</td><td style="padding-left:0%;">INFO</td><td><code><pre>    * no errors occured</pre></code></td></tr><tr style=""><td>0.688</td><td style="padding-left:0%;">INFO</td><td><code><pre>   * grouping x:expect elements with their x:context...</pre></code></td></tr><tr style=""><td>0.698</td><td style="padding-left:0%;">INFO</td><td><code><pre>   * evaluating each context/expect group...</pre></code></td></tr><tr style=""><td>0.707</td><td style="padding-left:0%;">INFO</td><td><code><pre>     * setting context to 'errors'</pre></code></td></tr><tr style=""><td>0.715</td><td style="padding-left:0%;">INFO</td><td><code><pre>       * testing assertion 'the step should execute successfully without throwing any errors'</pre></code></td></tr><tr style=""><td>0.724</td><td style="padding-left:0%;">INFO</td><td><code><pre>         * is document count assertion</pre></code></td></tr><tr style=""><td>0.732</td><td style="padding-left:0%;">INFO</td><td><code><pre>         * assertion passed</pre></code></td></tr><tr style=""><td>0.742</td><td style="padding-left:0%;">INFO</td><td><code><pre>     * setting context to 'the options'</pre></code></td></tr><tr style=""><td>0.751</td><td style="padding-left:0%;">INFO</td><td><code><pre>       * testing assertion 'The $temp-dir variable should be available from both the x:option @select attribute and the x:expect @test attributes'</pre></code></td></tr><tr style=""><td>0.761</td><td style="padding-left:0%;">INFO</td><td><code><pre>         * is xpath assertion</pre></code></td></tr><tr style=""><td>0.772</td><td style="padding-left:0%;">INFO</td><td><code><pre>       * testing assertion 'The $temp-dir variable should be available from both the @test and @equals attributes'</pre></code></td></tr><tr style=""><td>0.782</td><td style="padding-left:0%;">INFO</td><td><code><pre>         * is xpath assertion</pre></code></td></tr><tr style=""><td>0.793</td><td style="padding-left:0%;">INFO</td><td><code><pre>       * testing assertion 'The $test-base-uri variable should be available from both the x:option @select attribute and the x:expect @test attributes'</pre></code></td></tr><tr style=""><td>0.804</td><td style="padding-left:0%;">INFO</td><td><code><pre>         * is xpath assertion</pre></code></td></tr><tr style=""><td>0.815</td><td style="padding-left:0%;">INFO</td><td><code><pre>       * testing assertion 'The $test-base-uri variable should be available from both the @test and @equals attributes'</pre></code></td></tr><tr style=""><td>0.826</td><td style="padding-left:0%;">INFO</td><td><code><pre>         * is xpath assertion</pre></code></td></tr><tr style=""><td>0.852</td><td style="padding-left:0%;">INFO</td><td><code><pre>reporting...</pre></code></td></tr></tbody></table><link rel="stylesheet" href="http://yandex.st/highlightjs/7.3/styles/default.min.css"/><script type="text/javascript" src="http://yandex.st/highlightjs/7.3/highlight.min.js" xml:space="preserve"> </script><script type="text/javascript">hljs.initHighlightingOnLoad();</script></body></html></x:document></x:output><x:output port="junit"><x:document xml:base="file:/home/jostein/xprocspec/src/main/resources/content/xml/xproc/report/report.xpl" xml:space="preserve" type="inline"><testsuites tests="12" failures="0" time="0.862" errors="0" name="option1"><testsuite timestamp="2013-09-05T14:00:38.14Z" hostname="localhost" tests="7" errors="0" failures="0" skipped="0" id="d26078e1" name="identityBaseuri" package="http://example.net/ns" time="0.007">
<properties>

<property name="option: option" value="file:/home/jostein/xprocspec/src/test/xprocspec/tests/option-1.xprocspec"/>
<property name="option: option.required" value="file:/home/jostein/xprocspec/src/test/xprocspec/tests/option-1.xprocspec"/>
<property name="option: option.default" value="file:/home/jostein/xprocspec/src/test/xprocspec/tests/option-1.xprocspec"/>

</properties>
<testcase name="theStepShouldExecuteSuccessfullyWithoutThrowingAnyErrors" classname="identity" assertions="1" time="0" status="SUCCESS"><system-out>the step should execute successfully without throwing any errors: SUCCESS</system-out>
<system-err/></testcase><testcase name="OptionsShouldBeWrappedInACoptionsElement" classname="identity" assertions="1" time="0" status="SUCCESS"><system-out>Options should be wrapped in a c:options element: SUCCESS</system-out>
<system-err/></testcase><testcase name="OptionsShouldNotBeWrappedInSomethingOtherThanACoptionsElement" classname="identity" assertions="1" time="0" status="SUCCESS"><system-out>Options should not be wrapped in something other than a c:options element: SUCCESS</system-out>
<system-err/></testcase><testcase name="OptionsShouldBeStoredInCoptionElementsInsideTheRootCoptionsElement" classname="identity" assertions="1" time="0" status="SUCCESS"><system-out>Options should be stored in c:option elements inside the root c:options element: SUCCESS</system-out>
<system-err/></testcase><testcase name="baseuriShouldReferToTheBaseURIOfTheXprocspecTestDocument" classname="identity" assertions="1" time="0" status="SUCCESS"><system-out>base-uri(.) should refer to the base URI of the xprocspec test document: SUCCESS</system-out>
<system-err/></testcase><testcase name="baseuriShouldReferToTheBaseURIOfTheXprocspecTestDocument" classname="identity" assertions="1" time="0" status="SUCCESS"><system-out>base-uri(/*) should refer to the base URI of the xprocspec test document: SUCCESS</system-out>
<system-err/></testcase><testcase name="baseuriShouldReferToTheBaseURIOfTheXprocspecTestDocument" classname="identity" assertions="1" time="0" status="SUCCESS"><system-out>base-uri() should refer to the base URI of the xprocspec test document: SUCCESS</system-out>
<system-err/></testcase></testsuite><testsuite timestamp="2013-09-05T14:00:38.158Z" hostname="localhost" tests="5" errors="0" failures="0" skipped="0" id="d26096e1" name="identityVariables" package="http://example.net/ns" time="0.007">
<properties>

<property name="option: option" value="file:/tmp/xprocspec-20130905160023007/xprocspec-20130905160037401/"/>
<property name="option: option.required" value="file:/home/jostein/xprocspec/src/test/xprocspec/tests/option-1.xprocspec"/>

</properties>
<testcase name="theStepShouldExecuteSuccessfullyWithoutThrowingAnyErrors" classname="identity" assertions="1" time="0" status="SUCCESS"><system-out>the step should execute successfully without throwing any errors: SUCCESS</system-out>
<system-err/></testcase><testcase name="The$tempdirVariableShouldBeAvailableFromBothTheXoptionSelectAttributeAndTheXexpectTestAttributes" classname="identity" assertions="1" time="0" status="SUCCESS"><system-out>The $temp-dir variable should be available from both the x:option @select attribute and the x:expect @test attributes: SUCCESS</system-out>
<system-err/></testcase><testcase name="The$tempdirVariableShouldBeAvailableFromBothTheTestAndEqualsAttributes" classname="identity" assertions="1" time="0" status="SUCCESS"><system-out>The $temp-dir variable should be available from both the @test and @equals attributes: SUCCESS</system-out>
<system-err/></testcase><testcase name="The$testbaseuriVariableShouldBeAvailableFromBothTheXoptionSelectAttributeAndTheXexpectTestAttributes" classname="identity" assertions="1" time="0" status="SUCCESS"><system-out>The $test-base-uri variable should be available from both the x:option @select attribute and the x:expect @test attributes: SUCCESS</system-out>
<system-err/></testcase><testcase name="The$testbaseuriVariableShouldBeAvailableFromBothTheTestAndEqualsAttributes" classname="identity" assertions="1" time="0" status="SUCCESS"><system-out>The $test-base-uri variable should be available from both the @test and @equals attributes: SUCCESS</system-out>
<system-err/></testcase></testsuite></testsuites></x:document></x:output><x:test-result contextref="errors" result="passed" max="0" label="the step should execute successfully without throwing any errors" type="count">
                                                        <x:expected>At most 0 documents.</x:expected>
                                                    <x:was>0</x:was></x:test-result><x:test-result contextref="context11" result="passed" test="not(/*/@tests='0') and /*/@failures='0' and /*/@errors='0'" label="there should be at least one test, and none of the tests should fail" type="xpath"><x:expected xml:space="preserve">XPath: true()
Value: true</x:expected><x:was xml:space="preserve">XPath: not(/*/@tests='0') and /*/@failures='0' and /*/@errors='0'
Value: true</x:was></x:test-result></x:description><x:description xmlns:cx="http://xmlcalabash.com/ns/extensions" xmlns:c="http://www.w3.org/ns/xproc-step" xml:base="file:/home/jostein/xprocspec/src/test/xprocspec/test.xprocspec" test-base-uri="file:/home/jostein/xprocspec/src/test/xprocspec/test.xprocspec" script="file:/home/jostein/xprocspec/src/main/resources/content/xml/xproc/xprocspec.xpl" test-grammar="xprocspec" temp-dir="file:/tmp/xprocspec-20130905160023007/"><x:step-declaration><p:declare-step xmlns:p="http://www.w3.org/ns/xproc" xmlns:px="http://www.daisy.org/ns/xprocspec" xmlns:pxi="http://www.daisy.org/ns/xprocspec/xproc-internal/" xmlns:pkg="http://expath.org/ns/pkg" type="px:xprocspec" name="main" version="1.0" xpath-version="2.0" pkg:import-uri="http://www.daisy.org/ns/xprocspec/xprocspec.xpl" x:type="{http://www.daisy.org/ns/xprocspec}xprocspec"><p:input port="source" kind="document" sequence="false" primary="true"/><p:output port="result" kind="document" sequence="false" primary="false"><p:pipe port="result" step="report"/></p:output><p:output port="html" kind="document" sequence="false" primary="false"><p:pipe port="html" step="report"/></p:output><p:output port="junit" kind="document" sequence="false" primary="false"><p:pipe port="junit" step="report"/></p:output><p:option name="temp-dir" select="'file:/tmp/'"/></p:declare-step></x:step-declaration><x:scenario end-time="2013-09-05T14:00:39.783Z" label="the param element" start-time="2013-09-05T14:00:38.606Z"><x:call x:type="{http://www.daisy.org/ns/xprocspec}xprocspec" step="x:xprocspec"><x:option select="$temp-dir" name="temp-dir" value="file:/tmp/xprocspec-20130905160023007/"/><x:input port="source">
                <x:document xml:base="file:/home/jostein/xprocspec/src/test/xprocspec/test.xprocspec" xml:space="preserve" type="inline"><?xml-model href="http://www.daisy.org/ns/xprocspec/xprocspec.rng" type="application/xml" schematypens="http://relaxng.org/ns/structure/1.0"?><x:description xmlns:e="http://example.net/ns" script="../steps/identity.xpl">
    
    <x:scenario label="identity - base-uri">
        <x:call step="e:identity">
            <x:option name="option" select="'option'"/>
            <x:option name="option.required" select="'option'"/>
            <x:param name="param1" select="base-uri(.)"/>
            <x:param name="param2" select="base-uri(/*)"/>
            <x:param name="param3" select="base-uri()"/>
        </x:call>
        
        <x:context label="the parameters">
            <x:document type="port" port="result.parameter.primary"/>
        </x:context>
        <x:expect type="xpath" label="Parameters should be wrapped in a c:param-set element" test="count(/c:param-set)" equals="1"/>
        <x:expect type="xpath" label="Parameters should not be wrapped in something other than a c:param-set element" test="count(/asdffoo)" equals="0"/>
        <x:expect type="xpath" label="Parameters should be stored in c:param elements inside the root c:param-set element" test="count(/c:param-set/c:param) &gt; 0"/>
        <x:expect type="xpath" label="base-uri(.) should refer to the base URI of the xprocspec test document" test="/c:param-set/c:param[@name='param1']/@value" equals="$test-base-uri"/>
        <x:expect type="xpath" label="base-uri(/*) should refer to the base URI of the xprocspec test document" test="/c:param-set/c:param[@name='param2']/@value" equals="$test-base-uri"/>
        <x:expect type="xpath" label="base-uri() should refer to the base URI of the xprocspec test document" test="/c:param-set/c:param[@name='param3']/@value" equals="$test-base-uri"/>
    </x:scenario>
    
    <x:scenario label="identity - variables">
        <x:call step="e:identity">
            <x:option name="option" select="'option'"/>
            <x:option name="option.required" select="'option'"/>
            <x:param name="param1" select="$temp-dir"/>
            <x:param name="param2" select="$test-base-uri"/>
        </x:call>
        
        <x:context label="the parameters">
            <x:document type="port" port="result.parameter.primary"/>
        </x:context>
        <!--
            TODO: a current limitation is that the strings '$temp-dir' and '$test-base-uri' can't be used.
            The implementation replaces any occurrences of those strings with the variable values, even though they are part of a string and not actual variable references.
        -->
        <x:expect type="xpath" label="The $temp-dir variable should be available from both the x:param @select attribute and the x:expect @test attributes" test="/c:param-set/c:param[@name='param1']/@value" equals="$temp-dir"/>
        <x:expect type="xpath" label="The $temp-dir variable should be available from both the @test and @equals attributes" test="$temp-dir" equals="$temp-dir"/>
        <x:expect type="xpath" label="The $test-base-uri variable should be available from both the x:param @select attribute and the x:expect @test attributes" test="/c:param-set/c:param[@name='param2']/@value" equals="$test-base-uri"/>
        <x:expect type="xpath" label="The $test-base-uri variable should be available from both the @test and @equals attributes" test="$test-base-uri" equals="$test-base-uri"/>
        
    </x:scenario>
    
</x:description></x:document>
            </x:input></x:call>
                                                <x:context label="errors" id="errors">
                                                    
                                                </x:context>
                                            
                                                <x:expect type="count" label="the step should execute successfully without throwing any errors" max="0" contextref="errors"/>
                                            <x:context label="the junit output port" id="context12">
            <x:document xml:base="file:/home/jostein/xprocspec/src/main/resources/content/xml/xproc/report/report.xpl" xml:space="preserve" type="inline"><testsuites tests="12" failures="0" time="0.989" errors="0" name="param1"><testsuite timestamp="2013-09-05T14:00:39.612Z" hostname="localhost" tests="7" errors="0" failures="0" skipped="0" id="d28656e1" name="identityBaseuri" package="http://example.net/ns" time="0.01">
<properties>

<property name="option: option" value="option"/>
<property name="option: option.required" value="option"/>

<property name="parameter: param1" value="file:/home/jostein/xprocspec/src/test/xprocspec/tests/param-1.xprocspec"/>
<property name="parameter: param2" value="file:/home/jostein/xprocspec/src/test/xprocspec/tests/param-1.xprocspec"/>
<property name="parameter: param3" value="file:/home/jostein/xprocspec/src/test/xprocspec/tests/param-1.xprocspec"/>
</properties>
<testcase name="theStepShouldExecuteSuccessfullyWithoutThrowingAnyErrors" classname="identity" assertions="1" time="0" status="SUCCESS"><system-out>the step should execute successfully without throwing any errors: SUCCESS</system-out>
<system-err/></testcase><testcase name="ParametersShouldBeWrappedInACparamsetElement" classname="identity" assertions="1" time="0" status="SUCCESS"><system-out>Parameters should be wrapped in a c:param-set element: SUCCESS</system-out>
<system-err/></testcase><testcase name="ParametersShouldNotBeWrappedInSomethingOtherThanACparamsetElement" classname="identity" assertions="1" time="0" status="SUCCESS"><system-out>Parameters should not be wrapped in something other than a c:param-set element: SUCCESS</system-out>
<system-err/></testcase><testcase name="ParametersShouldBeStoredInCparamElementsInsideTheRootCparamsetElement" classname="identity" assertions="1" time="0" status="SUCCESS"><system-out>Parameters should be stored in c:param elements inside the root c:param-set element: SUCCESS</system-out>
<system-err/></testcase><testcase name="baseuriShouldReferToTheBaseURIOfTheXprocspecTestDocument" classname="identity" assertions="1" time="0" status="SUCCESS"><system-out>base-uri(.) should refer to the base URI of the xprocspec test document: SUCCESS</system-out>
<system-err/></testcase><testcase name="baseuriShouldReferToTheBaseURIOfTheXprocspecTestDocument" classname="identity" assertions="1" time="0" status="SUCCESS"><system-out>base-uri(/*) should refer to the base URI of the xprocspec test document: SUCCESS</system-out>
<system-err/></testcase><testcase name="baseuriShouldReferToTheBaseURIOfTheXprocspecTestDocument" classname="identity" assertions="1" time="0" status="SUCCESS"><system-out>base-uri() should refer to the base URI of the xprocspec test document: SUCCESS</system-out>
<system-err/></testcase></testsuite><testsuite timestamp="2013-09-05T14:00:39.629Z" hostname="localhost" tests="5" errors="0" failures="0" skipped="0" id="d28674e1" name="identityVariables" package="http://example.net/ns" time="0.009">
<properties>

<property name="option: option" value="option"/>
<property name="option: option.required" value="option"/>

<property name="parameter: param1" value="file:/tmp/xprocspec-20130905160023007/xprocspec-20130905160038752/"/>
<property name="parameter: param2" value="file:/home/jostein/xprocspec/src/test/xprocspec/tests/param-1.xprocspec"/>
</properties>
<testcase name="theStepShouldExecuteSuccessfullyWithoutThrowingAnyErrors" classname="identity" assertions="1" time="0" status="SUCCESS"><system-out>the step should execute successfully without throwing any errors: SUCCESS</system-out>
<system-err/></testcase><testcase name="The$tempdirVariableShouldBeAvailableFromBothTheXparamSelectAttributeAndTheXexpectTestAttributes" classname="identity" assertions="1" time="0" status="SUCCESS"><system-out>The $temp-dir variable should be available from both the x:param @select attribute and the x:expect @test attributes: SUCCESS</system-out>
<system-err/></testcase><testcase name="The$tempdirVariableShouldBeAvailableFromBothTheTestAndEqualsAttributes" classname="identity" assertions="1" time="0" status="SUCCESS"><system-out>The $temp-dir variable should be available from both the @test and @equals attributes: SUCCESS</system-out>
<system-err/></testcase><testcase name="The$testbaseuriVariableShouldBeAvailableFromBothTheXparamSelectAttributeAndTheXexpectTestAttributes" classname="identity" assertions="1" time="0" status="SUCCESS"><system-out>The $test-base-uri variable should be available from both the x:param @select attribute and the x:expect @test attributes: SUCCESS</system-out>
<system-err/></testcase><testcase name="The$testbaseuriVariableShouldBeAvailableFromBothTheTestAndEqualsAttributes" classname="identity" assertions="1" time="0" status="SUCCESS"><system-out>The $test-base-uri variable should be available from both the @test and @equals attributes: SUCCESS</system-out>
<system-err/></testcase></testsuite></testsuites></x:document>
        </x:context><x:expect label="there should be at least one test, and none of the tests should fail" type="xpath" test="not(/*/@tests='0') and /*/@failures='0' and /*/@errors='0'" contextref="context12"/></x:scenario><x:output port="result"><x:document xml:base="file:/home/jostein/xprocspec/src/main/resources/content/xml/xproc/report/report.xpl" xml:space="preserve" type="inline"><x:test-report><x:description xml:base="file:/home/jostein/xprocspec/src/test/xprocspec/tests/param-1.xprocspec" test-base-uri="file:/home/jostein/xprocspec/src/test/xprocspec/tests/param-1.xprocspec" script="file:/home/jostein/xprocspec/src/test/xprocspec/steps/identity.xpl" test-grammar="xprocspec" temp-dir="file:/tmp/xprocspec-20130905160023007/xprocspec-20130905160038752/"><x:step-declaration><p:declare-step xmlns:p="http://www.w3.org/ns/xproc" xmlns:ex="http://example.net/ns" name="main" type="ex:identity" version="1.0" x:type="{http://example.net/ns}identity"><p:input port="source.document.primary" kind="document" primary="true" sequence="false"><p:inline>
            <source.document.primary.default/>
        </p:inline></p:input><p:input port="source.document.secondary.sequence" kind="document" sequence="true" primary="false"><p:inline>
            <source.document.secondary.sequence/>
        </p:inline></p:input><p:input select="/*/*" port="source.document.secondary.select-children" kind="document" sequence="true" primary="false"><p:inline>
            <default>
                <default/>
                <default/>
            </default>
        </p:inline></p:input><p:input port="source.parameter.primary.sequence" primary="true" kind="parameter" sequence="true"/><p:output port="result.document.primary" kind="document" primary="true" sequence="false"><p:pipe port="source.document.primary" step="main"/></p:output><p:output port="result.document.secondary.sequence" kind="document" sequence="true" primary="false"><p:pipe port="source.document.secondary.sequence" step="main"/></p:output><p:output port="result.document.secondary.select-children" kind="document" sequence="true" primary="false"><p:pipe port="source.document.secondary.select-children" step="main"/></p:output><p:output port="result.parameter.primary" kind="document" sequence="false" primary="false"><p:pipe port="result" step="parameters"/></p:output><p:output port="options" kind="document" sequence="false" primary="false"><p:pipe port="result" step="options"/></p:output><p:option name="option"/><p:option name="option.required" required="true"/><p:option name="option.default" select="'default'"/></p:declare-step></x:step-declaration><x:scenario xmlns:e="http://example.net/ns" end-time="2013-09-05T14:00:39.01Z" label="identity - base-uri" start-time="2013-09-05T14:00:39Z"><x:call x:type="{http://example.net/ns}identity" step="e:identity"><x:option select="'option'" name="option" value=""/><x:option select="'option'" name="option.required" value=""/><x:param select="base-uri(.)" name="param1" value=""/><x:param select="base-uri(/*)" name="param2" value=""/><x:param select="base-uri()" name="param3" value=""/></x:call>
                                                <x:context label="errors" id="errors">
                                                    
                                                </x:context>
                                            
                                                <x:expect type="count" label="the step should execute successfully without throwing any errors" max="0" contextref="errors"/>
                                            <x:context label="the parameters" id="context0">
            <x:document xml:base="file:/home/jostein/xprocspec/src/test/xprocspec/steps/identity.xpl" xml:space="preserve" type="inline"><c:param-set><c:param name="param1" namespace="" value="file:/home/jostein/xprocspec/src/test/xprocspec/tests/param-1.xprocspec"/><c:param name="param3" namespace="" value="file:/home/jostein/xprocspec/src/test/xprocspec/tests/param-1.xprocspec"/><c:param name="param2" namespace="" value="file:/home/jostein/xprocspec/src/test/xprocspec/tests/param-1.xprocspec"/></c:param-set></x:document>
        </x:context><x:expect type="xpath" label="Parameters should be wrapped in a c:param-set element" test="count(/c:param-set)" equals="1" contextref="context0"/><x:expect type="xpath" label="Parameters should not be wrapped in something other than a c:param-set element" test="count(/asdffoo)" equals="0" contextref="context0"/><x:expect type="xpath" label="Parameters should be stored in c:param elements inside the root c:param-set element" test="count(/c:param-set/c:param) &gt; 0" contextref="context0"/><x:expect type="xpath" label="base-uri(.) should refer to the base URI of the xprocspec test document" test="/c:param-set/c:param[@name='param1']/@value" equals="$test-base-uri" contextref="context0"/><x:expect type="xpath" label="base-uri(/*) should refer to the base URI of the xprocspec test document" test="/c:param-set/c:param[@name='param2']/@value" equals="$test-base-uri" contextref="context0"/><x:expect type="xpath" label="base-uri() should refer to the base URI of the xprocspec test document" test="/c:param-set/c:param[@name='param3']/@value" equals="$test-base-uri" contextref="context0"/></x:scenario><x:output port="result.document.primary"><x:document xml:base="file:/home/jostein/xprocspec/src/test/xprocspec/tests/param-1.xprocspec" xml:space="preserve" type="inline">
            <source.document.primary.default xmlns:ex="http://example.net/ns"/>
        </x:document></x:output><x:output port="result.document.secondary.sequence"><x:document xml:base="file:/home/jostein/xprocspec/src/test/xprocspec/steps/identity.xpl" xml:space="preserve" type="inline">
            <source.document.secondary.sequence xmlns:ex="http://example.net/ns"/>
        </x:document></x:output><x:output port="result.document.secondary.select-children"><x:document xml:base="file:/home/jostein/xprocspec/src/test/xprocspec/steps/identity.xpl" xml:space="preserve" type="inline"><default xmlns:ex="http://example.net/ns"/></x:document><x:document xml:base="file:/home/jostein/xprocspec/src/test/xprocspec/steps/identity.xpl" xml:space="preserve" type="inline"><default xmlns:ex="http://example.net/ns"/></x:document></x:output><x:output port="result.parameter.primary"><x:document xml:base="file:/home/jostein/xprocspec/src/test/xprocspec/steps/identity.xpl" xml:space="preserve" type="inline"><c:param-set><c:param name="param1" namespace="" value="file:/home/jostein/xprocspec/src/test/xprocspec/tests/param-1.xprocspec"/><c:param name="param3" namespace="" value="file:/home/jostein/xprocspec/src/test/xprocspec/tests/param-1.xprocspec"/><c:param name="param2" namespace="" value="file:/home/jostein/xprocspec/src/test/xprocspec/tests/param-1.xprocspec"/></c:param-set></x:document></x:output><x:output port="options"><x:document xml:base="file:/home/jostein/xprocspec/src/test/xprocspec/steps/identity.xpl" xml:space="preserve" type="inline">
                <c:options xmlns:ex="http://example.net/ns">
                    <c:option name="option" value="option"/>
                    <c:option name="option.required" value="option"/>
                    <c:option name="option.default" value="default"/>
                </c:options>
            </x:document></x:output><x:test-result contextref="errors" result="passed" max="0" label="the step should execute successfully without throwing any errors" type="count">
                                                        <x:expected>At most 0 documents.</x:expected>
                                                    <x:was>0</x:was></x:test-result><x:test-result contextref="context0" result="passed" test="count(/c:param-set)" label="Parameters should be wrapped in a c:param-set element" type="xpath" equals="1"><x:expected xml:space="preserve">XPath: 1
Value: 1</x:expected><x:was xml:space="preserve">XPath: count(/c:param-set)
Value: 1</x:was></x:test-result><x:test-result contextref="context0" result="passed" test="count(/asdffoo)" label="Parameters should not be wrapped in something other than a c:param-set element" type="xpath" equals="0"><x:expected xml:space="preserve">XPath: 0
Value: 0</x:expected><x:was xml:space="preserve">XPath: count(/asdffoo)
Value: 0</x:was></x:test-result><x:test-result contextref="context0" result="passed" test="count(/c:param-set/c:param) &gt; 0" label="Parameters should be stored in c:param elements inside the root c:param-set element" type="xpath"><x:expected xml:space="preserve">XPath: true()
Value: true</x:expected><x:was xml:space="preserve">XPath: count(/c:param-set/c:param) &gt; 0
Value: true</x:was></x:test-result><x:test-result contextref="context0" result="passed" test="/c:param-set/c:param[@name='param1']/@value" label="base-uri(.) should refer to the base URI of the xprocspec test document" type="xpath" equals="$test-base-uri"><x:expected xml:space="preserve">XPath: $test-base-uri
Value: file:/home/jostein/xprocspec/src/test/xprocspec/tests/param-1.xprocspec</x:expected><x:was xml:space="preserve">XPath: /c:param-set/c:param[@name='param1']/@value
Value: file:/home/jostein/xprocspec/src/test/xprocspec/tests/param-1.xprocspec</x:was></x:test-result><x:test-result contextref="context0" result="passed" test="/c:param-set/c:param[@name='param2']/@value" label="base-uri(/*) should refer to the base URI of the xprocspec test document" type="xpath" equals="$test-base-uri"><x:expected xml:space="preserve">XPath: $test-base-uri
Value: file:/home/jostein/xprocspec/src/test/xprocspec/tests/param-1.xprocspec</x:expected><x:was xml:space="preserve">XPath: /c:param-set/c:param[@name='param2']/@value
Value: file:/home/jostein/xprocspec/src/test/xprocspec/tests/param-1.xprocspec</x:was></x:test-result><x:test-result contextref="context0" result="passed" test="/c:param-set/c:param[@name='param3']/@value" label="base-uri() should refer to the base URI of the xprocspec test document" type="xpath" equals="$test-base-uri"><x:expected xml:space="preserve">XPath: $test-base-uri
Value: file:/home/jostein/xprocspec/src/test/xprocspec/tests/param-1.xprocspec</x:expected><x:was xml:space="preserve">XPath: /c:param-set/c:param[@name='param3']/@value
Value: file:/home/jostein/xprocspec/src/test/xprocspec/tests/param-1.xprocspec</x:was></x:test-result></x:description><x:description xml:base="file:/home/jostein/xprocspec/src/test/xprocspec/tests/param-1.xprocspec" test-base-uri="file:/home/jostein/xprocspec/src/test/xprocspec/tests/param-1.xprocspec" script="file:/home/jostein/xprocspec/src/test/xprocspec/steps/identity.xpl" test-grammar="xprocspec" temp-dir="file:/tmp/xprocspec-20130905160023007/xprocspec-20130905160038752/"><x:step-declaration><p:declare-step xmlns:p="http://www.w3.org/ns/xproc" xmlns:ex="http://example.net/ns" name="main" type="ex:identity" version="1.0" x:type="{http://example.net/ns}identity"><p:input port="source.document.primary" kind="document" primary="true" sequence="false"><p:inline>
            <source.document.primary.default/>
        </p:inline></p:input><p:input port="source.document.secondary.sequence" kind="document" sequence="true" primary="false"><p:inline>
            <source.document.secondary.sequence/>
        </p:inline></p:input><p:input select="/*/*" port="source.document.secondary.select-children" kind="document" sequence="true" primary="false"><p:inline>
            <default>
                <default/>
                <default/>
            </default>
        </p:inline></p:input><p:input port="source.parameter.primary.sequence" primary="true" kind="parameter" sequence="true"/><p:output port="result.document.primary" kind="document" primary="true" sequence="false"><p:pipe port="source.document.primary" step="main"/></p:output><p:output port="result.document.secondary.sequence" kind="document" sequence="true" primary="false"><p:pipe port="source.document.secondary.sequence" step="main"/></p:output><p:output port="result.document.secondary.select-children" kind="document" sequence="true" primary="false"><p:pipe port="source.document.secondary.select-children" step="main"/></p:output><p:output port="result.parameter.primary" kind="document" sequence="false" primary="false"><p:pipe port="result" step="parameters"/></p:output><p:output port="options" kind="document" sequence="false" primary="false"><p:pipe port="result" step="options"/></p:output><p:option name="option"/><p:option name="option.required" required="true"/><p:option name="option.default" select="'default'"/></p:declare-step></x:step-declaration><x:scenario xmlns:e="http://example.net/ns" end-time="2013-09-05T14:00:39.09Z" label="identity - variables" start-time="2013-09-05T14:00:39.081Z"><x:call x:type="{http://example.net/ns}identity" step="e:identity"><x:option select="'option'" name="option" value=""/><x:option select="'option'" name="option.required" value=""/><x:param select="$temp-dir" name="param1" value=""/><x:param select="$test-base-uri" name="param2" value=""/></x:call>
                                                <x:context label="errors" id="errors">
                                                    
                                                </x:context>
                                            
                                                <x:expect type="count" label="the step should execute successfully without throwing any errors" max="0" contextref="errors"/>
                                            <x:context label="the parameters" id="context1">
            <x:document xml:base="file:/home/jostein/xprocspec/src/test/xprocspec/steps/identity.xpl" xml:space="preserve" type="inline"><c:param-set><c:param name="param1" namespace="" value="file:/tmp/xprocspec-20130905160023007/xprocspec-20130905160038752/"/><c:param name="param2" namespace="" value="file:/home/jostein/xprocspec/src/test/xprocspec/tests/param-1.xprocspec"/></c:param-set></x:document>
        </x:context><x:expect type="xpath" label="The $temp-dir variable should be available from both the x:param @select attribute and the x:expect @test attributes" test="/c:param-set/c:param[@name='param1']/@value" equals="$temp-dir" contextref="context1"/><x:expect type="xpath" label="The $temp-dir variable should be available from both the @test and @equals attributes" test="$temp-dir" equals="$temp-dir" contextref="context1"/><x:expect type="xpath" label="The $test-base-uri variable should be available from both the x:param @select attribute and the x:expect @test attributes" test="/c:param-set/c:param[@name='param2']/@value" equals="$test-base-uri" contextref="context1"/><x:expect type="xpath" label="The $test-base-uri variable should be available from both the @test and @equals attributes" test="$test-base-uri" equals="$test-base-uri" contextref="context1"/></x:scenario><x:output port="result.document.primary"><x:document xml:base="file:/home/jostein/xprocspec/src/test/xprocspec/tests/param-1.xprocspec" xml:space="preserve" type="inline">
            <source.document.primary.default xmlns:ex="http://example.net/ns"/>
        </x:document></x:output><x:output port="result.document.secondary.sequence"><x:document xml:base="file:/home/jostein/xprocspec/src/test/xprocspec/steps/identity.xpl" xml:space="preserve" type="inline">
            <source.document.secondary.sequence xmlns:ex="http://example.net/ns"/>
        </x:document></x:output><x:output port="result.document.secondary.select-children"><x:document xml:base="file:/home/jostein/xprocspec/src/test/xprocspec/steps/identity.xpl" xml:space="preserve" type="inline"><default xmlns:ex="http://example.net/ns"/></x:document><x:document xml:base="file:/home/jostein/xprocspec/src/test/xprocspec/steps/identity.xpl" xml:space="preserve" type="inline"><default xmlns:ex="http://example.net/ns"/></x:document></x:output><x:output port="result.parameter.primary"><x:document xml:base="file:/home/jostein/xprocspec/src/test/xprocspec/steps/identity.xpl" xml:space="preserve" type="inline"><c:param-set><c:param name="param1" namespace="" value="file:/tmp/xprocspec-20130905160023007/xprocspec-20130905160038752/"/><c:param name="param2" namespace="" value="file:/home/jostein/xprocspec/src/test/xprocspec/tests/param-1.xprocspec"/></c:param-set></x:document></x:output><x:output port="options"><x:document xml:base="file:/home/jostein/xprocspec/src/test/xprocspec/steps/identity.xpl" xml:space="preserve" type="inline">
                <c:options xmlns:ex="http://example.net/ns">
                    <c:option name="option" value="option"/>
                    <c:option name="option.required" value="option"/>
                    <c:option name="option.default" value="default"/>
                </c:options>
            </x:document></x:output><x:test-result contextref="errors" result="passed" max="0" label="the step should execute successfully without throwing any errors" type="count">
                                                        <x:expected>At most 0 documents.</x:expected>
                                                    <x:was>0</x:was></x:test-result><x:test-result contextref="context1" result="passed" test="/c:param-set/c:param[@name='param1']/@value" label="The $temp-dir variable should be available from both the x:param @select attribute and the x:expect @test attributes" type="xpath" equals="$temp-dir"><x:expected xml:space="preserve">XPath: $temp-dir
Value: file:/tmp/xprocspec-20130905160023007/xprocspec-20130905160038752/</x:expected><x:was xml:space="preserve">XPath: /c:param-set/c:param[@name='param1']/@value
Value: file:/tmp/xprocspec-20130905160023007/xprocspec-20130905160038752/</x:was></x:test-result><x:test-result contextref="context1" result="passed" test="$temp-dir" label="The $temp-dir variable should be available from both the @test and @equals attributes" type="xpath" equals="$temp-dir"><x:expected xml:space="preserve">XPath: $temp-dir
Value: file:/tmp/xprocspec-20130905160023007/xprocspec-20130905160038752/</x:expected><x:was xml:space="preserve">XPath: $temp-dir
Value: file:/tmp/xprocspec-20130905160023007/xprocspec-20130905160038752/</x:was></x:test-result><x:test-result contextref="context1" result="passed" test="/c:param-set/c:param[@name='param2']/@value" label="The $test-base-uri variable should be available from both the x:param @select attribute and the x:expect @test attributes" type="xpath" equals="$test-base-uri"><x:expected xml:space="preserve">XPath: $test-base-uri
Value: file:/home/jostein/xprocspec/src/test/xprocspec/tests/param-1.xprocspec</x:expected><x:was xml:space="preserve">XPath: /c:param-set/c:param[@name='param2']/@value
Value: file:/home/jostein/xprocspec/src/test/xprocspec/tests/param-1.xprocspec</x:was></x:test-result><x:test-result contextref="context1" result="passed" test="$test-base-uri" label="The $test-base-uri variable should be available from both the @test and @equals attributes" type="xpath" equals="$test-base-uri"><x:expected xml:space="preserve">XPath: $test-base-uri
Value: file:/home/jostein/xprocspec/src/test/xprocspec/tests/param-1.xprocspec</x:expected><x:was xml:space="preserve">XPath: $test-base-uri
Value: file:/home/jostein/xprocspec/src/test/xprocspec/tests/param-1.xprocspec</x:was></x:test-result></x:description></x:test-report></x:document></x:output><x:output port="html"><x:document xml:base="file:/home/jostein/xprocspec/src/main/resources/content/xml/xproc/report/report-template.xhtml" xml:space="preserve" type="inline"><html xmlns="http://www.w3.org/1999/xhtml"><head><title>Test Report for file:/home/jostein/xprocspec/src/test/xprocspec/tests/param-1.xprocspec (passed:12 / pending:0 / failed:0 / errors:0 / total:12)</title>
        <meta charset="utf-8"/>
        <style type="text/css" xml:space="preserve">/**/
/****************************************************************************/
/*  File:       test-report.css                                             */
/*  Author:     Jeni Tennsion                                               */
/*  URI:        http://xspec.googlecode.com/                                */
/*  Tags:                                                                   */
/*    Copyright (c) 2008, 2010 Jeni Tennsion (see end of file.)             */
/* ------------------------------------------------------------------------ */


/* test */

/* box model */

body {
	margin-right: 1em;
	/*margin-left: 10%;*/
	}

h1 {
	padding: 0.3em 0.5em 0.3em 0.5em;
	position: relative;
	}

h2 {
	padding: 0.1em 0.5em 0.2em 0.5em;
	}

h3 {
	padding-left: 0.6em;
	}

h4 {
	padding-left: 0.8em;
	}

p, table {
	/*margin-left: 5%;*/
	}

dd ul, dd ol {
	margin-left: 0%;
	}

li ul, li ol {
	/*margin-left: 5%;*/
	}

dl, ul, ol, blockquote {
	/*margin-left: 10%;*/
	}

dt {
  padding-top: 3px;
  padding-bottom: 3px;
	clear: both;
	}

dd p {
	/*margin-left: -5px;*/
	margin-top: 5px;
	clear: both;
	}

p.link {
	margin-top: 4px;
	margin-bottom: 0px;
	clear: both;
	}

tr td, td p, li, li p {
	margin-left: 0%;
	}

td:nth-child(2) {
	padding-left: 5%;
	}

.link img, dt img {
	vertical-align: middle;
	position: relative;
	top: -5px;
	}

img {
	position: relative;
	}

#xml-link {
	position: absolute;
	left: 5px;
	top: 5px;
	width: 10%;
	margin-left: 0%;
	}

#link-up {
	position: absolute;
	left: 93%;
	right: 2em;
	top: 0.3em;
	}

#link-top {
	position: absolute;
	left: 89%;
	right: 4em;
	top: 0.3em;
	}
	
.popup {
	display: block;
	visibility: hidden;
	float: right;
	position: absolute;
	top: 5px;
	left: -200px;
	z-index: 1;
	padding: 0.3em;
	width: 220px;
	}

.note {
	position: relative;
	}

.post {
	/*margin-left: 5%;*/
	padding-top: 1em;
	}
	
.example, .sidebar {
  /*margin-left: 5%;*/
  margin-top: 1em;
  margin-bottom: 1em;
  }

/*pre {
	padding-left: 5%;
	margin-left: 5%;
	}*/

/*dd pre, li pre {
	padding-left: 5%;
	}*/

/* fonts */
/* Oxygen  */
body, table {
    font-family:arial, helvetica, sans-serif;
    font-size:12px;
}
/* Oxygen  */

/*body {
	font-family: Verdana, arial, sans-serif;
	font-size: small;
	}*/	

/*h1, h2, h3, h4, h5, h6 {
	font-family: 'trebuchet MS', arial, sans-serif;
	}*/

h1 {
	font-size: 173%;
	font-weight: bold;
	}

h2 {
	font-size: 144%;
	font-weight: normal;
	}

h3 {
	font-size: 120%;
	font-weight: normal;
	}

h4 {
  font-size: 100%;
  font-weight: bold;
}

dt {
	font-weight: bold;
	}

a:link, a:visited, a:active, a:hover {
	font-weight: bold;
	}

a.offsite:link, a.offsite:visited, a.offsite:active, a.offsite:hover {
	font-weight: normal;
	}

/* suppress the normal italics */
address {
	font-style: normal;
	}

div.example, .sidebar {
  font-family: Verdana, arial, sans-serif;
  font-size: 100%;
  }


.note, .link {
	font-family: Verdana, arial, sans-serif;
	/*font-size: 83%;*/
	}

/*.example, .string, .rtf, .code, pre, code {
	font-family: "Lucida Console", "Courier New", monospace;*/
  /*font-size: 83%;*/
/*	}*/

.boolean {
	font-style: italic;
	}

#colophon, #xml-link {
	font-size: 69%;
	}

.question, .title {
	font-weight: bold;
	}

/* colours */
body {
	background-color: white;
	color: black;
	border: 0px none black;
	}

/* this is to make Navigator fill the entire line */
h1, h2 {
	border: 1px solid white;
	width: auto;
	}

h1 {
	/*background: #606;*/
	/*color: #6F6;*/
	}

h2 {
	color: #606;
	/*background: #CFC;*/
	}

hr {
	color: #606;
	background: white;
	}

img, a:link img, a:visited img, a:hover img, a:active img, #link-up img, #link-top img {
	border: 0px none white;
	background: transparent;
	}

/* OXYGEN */
a, a:visited {
    color:rgb(0, 0, 150);
    background-color:inherit;
    font-weight: bold;
}
a:link, a:visited {
    text-decoration:none; 
}
a:hover {
    text-decoration:underline;
}

/* OXYGEN */

a.img:hover, a.img:active {
	background: transparent;
	}

#colophon, #xml-link, .note {
	color: #666;
	}

#colophon a:link, #colophon a:visited, #colophon a:hover,
#xml-link a:link, #xml-link a:visited, #xml-link a:hover,
.note a:link, .note a:visited, .note a:hover {
	color: #969;
	background: transparent;
	}

#colophon a:hover, #xml-link a:hover, .note a:hover {
	background: #CFC;
	color: #969;
	}

.popup {
	background: white;
	border: 1px solid #606;
	}

.post {
	border-top: 2px solid #606;
	}
	
.example {
  border-top: 2px solid #606;
  border-bottom: 2px solid #606;
  }
  
.sidebar {
  border-top: 2px solid #090;
  border-bottom: 2px solid #090;
  }
  
.rng {
  border-left: 2px solid #666;
  }

.same {
  background-color: rgb(206, 239, 174);
}

.diff {
  background-color: #FCC;
}

.whitespace {
	font-style: italic;
	color: #999;
	background: white;
}

.ignored {
  font-style: italic;
  color: #999;
  background: white;
}

.hit {
}

.missed {
  background-color: #A33;
  color: white;
}

/* text */
ol ol li {
	list-style: lower-alpha;
	}

th {
	text-align: left;
	}

td {
	vertical-align: top;
	}

h1 {
	text-transform: uppercase;
	}

h2, h3 {
	/*text-transform: capitalize;*/
	}

.question {
	text-indent: -33px;
	}

.byline {
	text-align: right;
	}

#link-top, #link-up {
	text-align: right;
	}

a {
	text-decoration: none;
	}

table { width: 85%;
        /* border: collapse; */ }

th { text-align: left; }

.xspec tbody th { font-weight: normal; /*font-size: 0.8em;*/ border-top: 1px #666 solid; }
.xspec tbody td { /*font-size: 0.8em;*/ color: #666; }

.successful.label th, .successful.label td { background-color: #CFC; }
.pending.label th, .pending.label td { background-color: #DDD; color: #666; }
.failed.label th, .failed.label td { background-color: #FCC; }
.error.label th, .error.label td { background-color: #FAA; }
/*body &gt; table tbody .failed.label th:first-child:before {content:url(data:image/png;base64,iVBORw0KGgoAAAANSUhEUgAAAAwAAAAMCAYAAABWdVznAAAAGXRFWHRTb2Z0d2FyZQBBZG9iZSBJbWFnZVJlYWR5ccllPAAAA2ZpVFh0WE1MOmNvbS5hZG9iZS54bXAAAAAAADw/eHBhY2tldCBiZWdpbj0i77u/IiBpZD0iVzVNME1wQ2VoaUh6cmVTek5UY3prYzlkIj8+IDx4OnhtcG1ldGEgeG1sbnM6eD0iYWRvYmU6bnM6bWV0YS8iIHg6eG1wdGs9IkFkb2JlIFhNUCBDb3JlIDUuMy1jMDExIDY2LjE0NTY2MSwgMjAxMi8wMi8wNi0xNDo1NjoyNyAgICAgICAgIj4gPHJkZjpSREYgeG1sbnM6cmRmPSJodHRwOi8vd3d3LnczLm9yZy8xOTk5LzAyLzIyLXJkZi1zeW50YXgtbnMjIj4gPHJkZjpEZXNjcmlwdGlvbiByZGY6YWJvdXQ9IiIgeG1sbnM6eG1wTU09Imh0dHA6Ly9ucy5hZG9iZS5jb20veGFwLzEuMC9tbS8iIHhtbG5zOnN0UmVmPSJodHRwOi8vbnMuYWRvYmUuY29tL3hhcC8xLjAvc1R5cGUvUmVzb3VyY2VSZWYjIiB4bWxuczp4bXA9Imh0dHA6Ly9ucy5hZG9iZS5jb20veGFwLzEuMC8iIHhtcE1NOk9yaWdpbmFsRG9jdW1lbnRJRD0ieG1wLmRpZDpCQjU0NjU4QjIyQTNFMTExQkI5Rjk5QkQ4RkQ5RUJFQiIgeG1wTU06RG9jdW1lbnRJRD0ieG1wLmRpZDpEQTUyOTdBQUEzRDUxMUUxQTQwN0YzMUI0Nzg3NDU1RSIgeG1wTU06SW5zdGFuY2VJRD0ieG1wLmlpZDpEQTUyOTdBOUEzRDUxMUUxQTQwN0YzMUI0Nzg3NDU1RSIgeG1wOkNyZWF0b3JUb29sPSJBZG9iZSBQaG90b3Nob3AgQ1M2IChXaW5kb3dzKSI+IDx4bXBNTTpEZXJpdmVkRnJvbSBzdFJlZjppbnN0YW5jZUlEPSJ4bXAuaWlkOjQ4MTZDRTNCRDVBM0UxMTFBQTI2QTBCMjZENzg1Qzg5IiBzdFJlZjpkb2N1bWVudElEPSJ4bXAuZGlkOkJCNTQ2NThCMjJBM0UxMTFCQjlGOTlCRDhGRDlFQkVCIi8+IDwvcmRmOkRlc2NyaXB0aW9uPiA8L3JkZjpSREY+IDwveDp4bXBtZXRhPiA8P3hwYWNrZXQgZW5kPSJyIj8+aHNJrgAAAZ1JREFUeNpsUssrRGEU/907985YMDPNYlh4hbKZPMdgR3aysrGSSFIeKyUKpewoRTYkmcgCf4MsMI2FPDYGKeUZSoru4/uc82VC+W7fOeee+zvn/M45V1uuyCmVwDogq0hDklD6jy1dspNkdxokVrIzPFUh0/MD5OdXoJDwPFtu3d2ns6TTp9oggTlFZlmN0o4AHMmXfJGo0lmGzoE1OgmNHf5YA8rmN5HfM6wADmUuHphA9cIW/JX1yiek9DIlyijxkNjBzXYche19gNcHzfShoLUdVxtLuD/cYzCoMAzCwqYrhMDx9Chs20JRWzf4nMcXcDI3pYAqQHIAtWUJbpKursMMhpA+RiAEGzpc4X5XkDB4GjaHmiZik/PIa2rBEWVlSuW9Q+T3YndskBi46QpQFcLltchtbEZyZhxna4uKhmV9Ito/gtPNOG4P99WItdlIWARNXWOAv6AEr9cplel7/ggUleDlMqUSvNnCobHKxDsNnqs8XaWUZopp/XhxTkOR+HDVOveYUge9rNLyY9SU9v+vwXuUB2R0fQkwABfn/VKSjTLBAAAAAElFTkSuQmCC) " "}*/
/*body &gt; table tbody .error.label th:first-child:before {content:url(data:image/png;base64,iVBORw0KGgoAAAANSUhEUgAAAAwAAAAMCAYAAABWdVznAAAABmJLR0QAAAAAAAD5Q7t/AAAACXBIWXMAAAsTAAALEwEAmpwYAAAAB3RJTUUH3QcKER4AdkxvvQAAAdVJREFUKM89kM9KG0EAh7/JTHazZInEQwJ68KIWLx6Etj6EjxAobYSsD+BjCJ682EOp0FMueYmS0FMICF4i6tFNzJ/dyRh2Znoo6Xf+Pn7wEzc3Nx/W6/UvY8xJnudkWYa1Fu893nviOCaKIhuG4R/v/Ve1Xq9/bG1tnezs7JDnOVpr3t/fcc4hpaRSqVCpVORqtTp9e3v7rrTWn5vNJpPJhHK5zHg8JssyvPeEYcjR0RFpmlKr1ZjP5x9Li8VCbOR2u83BwQEvLy88PT1xfHzMxcUFQgjSNCXLskDlec5sNuPx8REpJZ1Oh+fnZ4QQnJ+fc319Tb/fZ29vD601SmvNdDplsVhwe3vLaDTi6uoKgCRJGAwGNBoNXl9fMcZQcs5hjGG1WpHnObVajQ3VahWtNcYYjDE451Cb+7z3JElCkiScnZ0hpaTX67G7u0u328V7/y+oVqsIITg8PKTT6dBqtRgOhzjnaLVa3N3dcX9/z3K5JI5jxOXlpSuKQqRpirWWh4eH//Plcpn9/X2cc2xvb1MqlQqllBpYa0/jOGYymdBsNsmyDOccURRRFAX1eh2lFGEY/lZBEHyx1v703n8KgkBEUYSUEu/9RkIIUQRB0A/D8NtflUT+nn4OS+0AAAAASUVORK5CYII=) " "}*/
.failed.label th:first-child:before, .failed.label td:first-child:before {content:url(data:image/png;base64,iVBORw0KGgoAAAANSUhEUgAAAAwAAAAMCAYAAABWdVznAAAAGXRFWHRTb2Z0d2FyZQBBZG9iZSBJbWFnZVJlYWR5ccllPAAAA2ZpVFh0WE1MOmNvbS5hZG9iZS54bXAAAAAAADw/eHBhY2tldCBiZWdpbj0i77u/IiBpZD0iVzVNME1wQ2VoaUh6cmVTek5UY3prYzlkIj8+IDx4OnhtcG1ldGEgeG1sbnM6eD0iYWRvYmU6bnM6bWV0YS8iIHg6eG1wdGs9IkFkb2JlIFhNUCBDb3JlIDUuMy1jMDExIDY2LjE0NTY2MSwgMjAxMi8wMi8wNi0xNDo1NjoyNyAgICAgICAgIj4gPHJkZjpSREYgeG1sbnM6cmRmPSJodHRwOi8vd3d3LnczLm9yZy8xOTk5LzAyLzIyLXJkZi1zeW50YXgtbnMjIj4gPHJkZjpEZXNjcmlwdGlvbiByZGY6YWJvdXQ9IiIgeG1sbnM6eG1wTU09Imh0dHA6Ly9ucy5hZG9iZS5jb20veGFwLzEuMC9tbS8iIHhtbG5zOnN0UmVmPSJodHRwOi8vbnMuYWRvYmUuY29tL3hhcC8xLjAvc1R5cGUvUmVzb3VyY2VSZWYjIiB4bWxuczp4bXA9Imh0dHA6Ly9ucy5hZG9iZS5jb20veGFwLzEuMC8iIHhtcE1NOk9yaWdpbmFsRG9jdW1lbnRJRD0ieG1wLmRpZDpCQjU0NjU4QjIyQTNFMTExQkI5Rjk5QkQ4RkQ5RUJFQiIgeG1wTU06RG9jdW1lbnRJRD0ieG1wLmRpZDpEQTUyOTdBQUEzRDUxMUUxQTQwN0YzMUI0Nzg3NDU1RSIgeG1wTU06SW5zdGFuY2VJRD0ieG1wLmlpZDpEQTUyOTdBOUEzRDUxMUUxQTQwN0YzMUI0Nzg3NDU1RSIgeG1wOkNyZWF0b3JUb29sPSJBZG9iZSBQaG90b3Nob3AgQ1M2IChXaW5kb3dzKSI+IDx4bXBNTTpEZXJpdmVkRnJvbSBzdFJlZjppbnN0YW5jZUlEPSJ4bXAuaWlkOjQ4MTZDRTNCRDVBM0UxMTFBQTI2QTBCMjZENzg1Qzg5IiBzdFJlZjpkb2N1bWVudElEPSJ4bXAuZGlkOkJCNTQ2NThCMjJBM0UxMTFCQjlGOTlCRDhGRDlFQkVCIi8+IDwvcmRmOkRlc2NyaXB0aW9uPiA8L3JkZjpSREY+IDwveDp4bXBtZXRhPiA8P3hwYWNrZXQgZW5kPSJyIj8+aHNJrgAAAZ1JREFUeNpsUssrRGEU/907985YMDPNYlh4hbKZPMdgR3aysrGSSFIeKyUKpewoRTYkmcgCf4MsMI2FPDYGKeUZSoru4/uc82VC+W7fOeee+zvn/M45V1uuyCmVwDogq0hDklD6jy1dspNkdxokVrIzPFUh0/MD5OdXoJDwPFtu3d2ns6TTp9oggTlFZlmN0o4AHMmXfJGo0lmGzoE1OgmNHf5YA8rmN5HfM6wADmUuHphA9cIW/JX1yiek9DIlyijxkNjBzXYche19gNcHzfShoLUdVxtLuD/cYzCoMAzCwqYrhMDx9Chs20JRWzf4nMcXcDI3pYAqQHIAtWUJbpKursMMhpA+RiAEGzpc4X5XkDB4GjaHmiZik/PIa2rBEWVlSuW9Q+T3YndskBi46QpQFcLltchtbEZyZhxna4uKhmV9Ito/gtPNOG4P99WItdlIWARNXWOAv6AEr9cplel7/ggUleDlMqUSvNnCobHKxDsNnqs8XaWUZopp/XhxTkOR+HDVOveYUge9rNLyY9SU9v+vwXuUB2R0fQkwABfn/VKSjTLBAAAAAElFTkSuQmCC) " "}
.error.label th:first-child:before, .error.label td:first-child:before {content:url(data:image/png;base64,iVBORw0KGgoAAAANSUhEUgAAAAwAAAAMCAYAAABWdVznAAAABmJLR0QAAAAAAAD5Q7t/AAAACXBIWXMAAAsTAAALEwEAmpwYAAAAB3RJTUUH3QcKER4AdkxvvQAAAdVJREFUKM89kM9KG0EAh7/JTHazZInEQwJ68KIWLx6Etj6EjxAobYSsD+BjCJ682EOp0FMueYmS0FMICF4i6tFNzJ/dyRh2Znoo6Xf+Pn7wEzc3Nx/W6/UvY8xJnudkWYa1Fu893nviOCaKIhuG4R/v/Ve1Xq9/bG1tnezs7JDnOVpr3t/fcc4hpaRSqVCpVORqtTp9e3v7rrTWn5vNJpPJhHK5zHg8JssyvPeEYcjR0RFpmlKr1ZjP5x9Li8VCbOR2u83BwQEvLy88PT1xfHzMxcUFQgjSNCXLskDlec5sNuPx8REpJZ1Oh+fnZ4QQnJ+fc319Tb/fZ29vD601SmvNdDplsVhwe3vLaDTi6uoKgCRJGAwGNBoNXl9fMcZQcs5hjGG1WpHnObVajQ3VahWtNcYYjDE451Cb+7z3JElCkiScnZ0hpaTX67G7u0u328V7/y+oVqsIITg8PKTT6dBqtRgOhzjnaLVa3N3dcX9/z3K5JI5jxOXlpSuKQqRpirWWh4eH//Plcpn9/X2cc2xvb1MqlQqllBpYa0/jOGYymdBsNsmyDOccURRRFAX1eh2lFGEY/lZBEHyx1v703n8KgkBEUYSUEu/9RkIIUQRB0A/D8NtflUT+nn4OS+0AAAAASUVORK5CYII=) " "}
.pending.label th:first-child:before, .pending.label td:first-child:before {content:url(data:image/png;base64,iVBORw0KGgoAAAANSUhEUgAAAAwAAAAMCAYAAABWdVznAAAAGXRFWHRTb2Z0d2FyZQBBZG9iZSBJbWFnZVJlYWR5ccllPAAAA2ZpVFh0WE1MOmNvbS5hZG9iZS54bXAAAAAAADw/eHBhY2tldCBiZWdpbj0i77u/IiBpZD0iVzVNME1wQ2VoaUh6cmVTek5UY3prYzlkIj8+IDx4OnhtcG1ldGEgeG1sbnM6eD0iYWRvYmU6bnM6bWV0YS8iIHg6eG1wdGs9IkFkb2JlIFhNUCBDb3JlIDUuMy1jMDExIDY2LjE0NTY2MSwgMjAxMi8wMi8wNi0xNDo1NjoyNyAgICAgICAgIj4gPHJkZjpSREYgeG1sbnM6cmRmPSJodHRwOi8vd3d3LnczLm9yZy8xOTk5LzAyLzIyLXJkZi1zeW50YXgtbnMjIj4gPHJkZjpEZXNjcmlwdGlvbiByZGY6YWJvdXQ9IiIgeG1sbnM6eG1wTU09Imh0dHA6Ly9ucy5hZG9iZS5jb20veGFwLzEuMC9tbS8iIHhtbG5zOnN0UmVmPSJodHRwOi8vbnMuYWRvYmUuY29tL3hhcC8xLjAvc1R5cGUvUmVzb3VyY2VSZWYjIiB4bWxuczp4bXA9Imh0dHA6Ly9ucy5hZG9iZS5jb20veGFwLzEuMC8iIHhtcE1NOk9yaWdpbmFsRG9jdW1lbnRJRD0ieG1wLmRpZDpCQjU0NjU4QjIyQTNFMTExQkI5Rjk5QkQ4RkQ5RUJFQiIgeG1wTU06RG9jdW1lbnRJRD0ieG1wLmRpZDpDODdDM0Y0QUEzRDUxMUUxQjk5N0MzQjVFRDMyQUE1MiIgeG1wTU06SW5zdGFuY2VJRD0ieG1wLmlpZDpDODdDM0Y0OUEzRDUxMUUxQjk5N0MzQjVFRDMyQUE1MiIgeG1wOkNyZWF0b3JUb29sPSJBZG9iZSBQaG90b3Nob3AgQ1M2IChXaW5kb3dzKSI+IDx4bXBNTTpEZXJpdmVkRnJvbSBzdFJlZjppbnN0YW5jZUlEPSJ4bXAuaWlkOjQ4MTZDRTNCRDVBM0UxMTFBQTI2QTBCMjZENzg1Qzg5IiBzdFJlZjpkb2N1bWVudElEPSJ4bXAuZGlkOkJCNTQ2NThCMjJBM0UxMTFCQjlGOTlCRDhGRDlFQkVCIi8+IDwvcmRmOkRlc2NyaXB0aW9uPiA8L3JkZjpSREY+IDwveDp4bXBtZXRhPiA8P3hwYWNrZXQgZW5kPSJyIj8+yj6RYgAAAPZJREFUeNp0kM8KgkAQxmc1E0Wfo3vQn5eRSDx4EUHwbTpEhx4lil7DiydBQUFXp5nAMNsGhpnd/X77za4Iw3CFiFcAWFMFDkXtKZ/UHhfUnB3HWdu2/REpAL2u631ZlicGdpZlwTAMSmBM0zS5bhgQLB5FU3AOUS4XvNn3vVKgAACCIMA0TbFpGsyyDJMkefdFUWAcx1hVFeZ5jlEUoed5qPEI7KDrOhiG8e6llNC27Zcz77FW+L6Pruv+WKtGIzfgR39umv/UHOJgAMlO/BPOXCQDD5p3r2ma8lvHNU9BcWPg0HXdhRZbOhRT8aSXVO9U/ZcAAwAsmjsSQcM0lwAAAABJRU5ErkJggg==) " ";}
.successful.label th:first-child:before, .successful.label td:first-child:before {content:url(data:image/png;base64,iVBORw0KGgoAAAANSUhEUgAAAAwAAAAMCAYAAABWdVznAAAAGXRFWHRTb2Z0d2FyZQBBZG9iZSBJbWFnZVJlYWR5ccllPAAAA2ZpVFh0WE1MOmNvbS5hZG9iZS54bXAAAAAAADw/eHBhY2tldCBiZWdpbj0i77u/IiBpZD0iVzVNME1wQ2VoaUh6cmVTek5UY3prYzlkIj8+IDx4OnhtcG1ldGEgeG1sbnM6eD0iYWRvYmU6bnM6bWV0YS8iIHg6eG1wdGs9IkFkb2JlIFhNUCBDb3JlIDUuMy1jMDExIDY2LjE0NTY2MSwgMjAxMi8wMi8wNi0xNDo1NjoyNyAgICAgICAgIj4gPHJkZjpSREYgeG1sbnM6cmRmPSJodHRwOi8vd3d3LnczLm9yZy8xOTk5LzAyLzIyLXJkZi1zeW50YXgtbnMjIj4gPHJkZjpEZXNjcmlwdGlvbiByZGY6YWJvdXQ9IiIgeG1sbnM6eG1wTU09Imh0dHA6Ly9ucy5hZG9iZS5jb20veGFwLzEuMC9tbS8iIHhtbG5zOnN0UmVmPSJodHRwOi8vbnMuYWRvYmUuY29tL3hhcC8xLjAvc1R5cGUvUmVzb3VyY2VSZWYjIiB4bWxuczp4bXA9Imh0dHA6Ly9ucy5hZG9iZS5jb20veGFwLzEuMC8iIHhtcE1NOk9yaWdpbmFsRG9jdW1lbnRJRD0ieG1wLmRpZDpCQjU0NjU4QjIyQTNFMTExQkI5Rjk5QkQ4RkQ5RUJFQiIgeG1wTU06RG9jdW1lbnRJRD0ieG1wLmRpZDpEMDVBNThBQUEzRDUxMUUxQjdCQkM2QUNBMTNBMDExNiIgeG1wTU06SW5zdGFuY2VJRD0ieG1wLmlpZDpEMDVBNThBOUEzRDUxMUUxQjdCQkM2QUNBMTNBMDExNiIgeG1wOkNyZWF0b3JUb29sPSJBZG9iZSBQaG90b3Nob3AgQ1M2IChXaW5kb3dzKSI+IDx4bXBNTTpEZXJpdmVkRnJvbSBzdFJlZjppbnN0YW5jZUlEPSJ4bXAuaWlkOjQ4MTZDRTNCRDVBM0UxMTFBQTI2QTBCMjZENzg1Qzg5IiBzdFJlZjpkb2N1bWVudElEPSJ4bXAuZGlkOkJCNTQ2NThCMjJBM0UxMTFCQjlGOTlCRDhGRDlFQkVCIi8+IDwvcmRmOkRlc2NyaXB0aW9uPiA8L3JkZjpSREY+IDwveDp4bXBtZXRhPiA8P3hwYWNrZXQgZW5kPSJyIj8+xJ3YrgAAAYBJREFUeNpsUrtKA1EQPZtdY4gEQiD4QCsLEVGX4CP4AykEq1hYiGghCDZ+gBZWVtrZ+EAjaGOhfoAkNiaKhYWICilMEQNqoYjZ5O4d5+6ucQuLM3funDNzD7OrLe229YBwSKAEnyAP/pyIbL5fcz5rcNiLtuqJSEz3ickn5ruE/vFmJ9/LYjvAldGWqA7bJkgPtoAHQrS5G6NdiwhFWCoxHOCgKUL+iurkCBVawyamE8d4qmSZ51clBZUlh+RG14JzEsJNcaTNLVwWd1B6vXXqkmGoYNeVUPnW3JNr4+YarPoncvebEAKNekAlokaY6N/A1NA+SBgY6Eijtz2Fs5sVWNWawysorWNJsO+q9QWzaxLTYwfojA3isZzDfSnrWvTsNiyp7pOrZURC7ejrTDEpcVpY9ab+NSioLZEiapZA5nwBxZcC8g9HeK7ccYM7TDnwmoU2vx6/NIJaUjc0b0u8YvJNle5HdJvlhbI0Y31ThqsjTGr0/+8hOOQ5nfsRYACtHiy+FDd82wAAAABJRU5ErkJggg==) " "}
/*.successful.label a:before {content:url(data:image/png;base64,iVBORw0KGgoAAAANSUhEUgAAAAwAAAAMCAYAAABWdVznAAAAGXRFWHRTb2Z0d2FyZQBBZG9iZSBJbWFnZVJlYWR5ccllPAAAA2ZpVFh0WE1MOmNvbS5hZG9iZS54bXAAAAAAADw/eHBhY2tldCBiZWdpbj0i77u/IiBpZD0iVzVNME1wQ2VoaUh6cmVTek5UY3prYzlkIj8+IDx4OnhtcG1ldGEgeG1sbnM6eD0iYWRvYmU6bnM6bWV0YS8iIHg6eG1wdGs9IkFkb2JlIFhNUCBDb3JlIDUuMy1jMDExIDY2LjE0NTY2MSwgMjAxMi8wMi8wNi0xNDo1NjoyNyAgICAgICAgIj4gPHJkZjpSREYgeG1sbnM6cmRmPSJodHRwOi8vd3d3LnczLm9yZy8xOTk5LzAyLzIyLXJkZi1zeW50YXgtbnMjIj4gPHJkZjpEZXNjcmlwdGlvbiByZGY6YWJvdXQ9IiIgeG1sbnM6eG1wTU09Imh0dHA6Ly9ucy5hZG9iZS5jb20veGFwLzEuMC9tbS8iIHhtbG5zOnN0UmVmPSJodHRwOi8vbnMuYWRvYmUuY29tL3hhcC8xLjAvc1R5cGUvUmVzb3VyY2VSZWYjIiB4bWxuczp4bXA9Imh0dHA6Ly9ucy5hZG9iZS5jb20veGFwLzEuMC8iIHhtcE1NOk9yaWdpbmFsRG9jdW1lbnRJRD0ieG1wLmRpZDpCQjU0NjU4QjIyQTNFMTExQkI5Rjk5QkQ4RkQ5RUJFQiIgeG1wTU06RG9jdW1lbnRJRD0ieG1wLmRpZDpEMDVBNThBQUEzRDUxMUUxQjdCQkM2QUNBMTNBMDExNiIgeG1wTU06SW5zdGFuY2VJRD0ieG1wLmlpZDpEMDVBNThBOUEzRDUxMUUxQjdCQkM2QUNBMTNBMDExNiIgeG1wOkNyZWF0b3JUb29sPSJBZG9iZSBQaG90b3Nob3AgQ1M2IChXaW5kb3dzKSI+IDx4bXBNTTpEZXJpdmVkRnJvbSBzdFJlZjppbnN0YW5jZUlEPSJ4bXAuaWlkOjQ4MTZDRTNCRDVBM0UxMTFBQTI2QTBCMjZENzg1Qzg5IiBzdFJlZjpkb2N1bWVudElEPSJ4bXAuZGlkOkJCNTQ2NThCMjJBM0UxMTFCQjlGOTlCRDhGRDlFQkVCIi8+IDwvcmRmOkRlc2NyaXB0aW9uPiA8L3JkZjpSREY+IDwveDp4bXBtZXRhPiA8P3hwYWNrZXQgZW5kPSJyIj8+xJ3YrgAAAYBJREFUeNpsUrtKA1EQPZtdY4gEQiD4QCsLEVGX4CP4AykEq1hYiGghCDZ+gBZWVtrZ+EAjaGOhfoAkNiaKhYWICilMEQNqoYjZ5O4d5+6ucQuLM3funDNzD7OrLe229YBwSKAEnyAP/pyIbL5fcz5rcNiLtuqJSEz3ickn5ruE/vFmJ9/LYjvAldGWqA7bJkgPtoAHQrS5G6NdiwhFWCoxHOCgKUL+iurkCBVawyamE8d4qmSZ51clBZUlh+RG14JzEsJNcaTNLVwWd1B6vXXqkmGoYNeVUPnW3JNr4+YarPoncvebEAKNekAlokaY6N/A1NA+SBgY6Eijtz2Fs5sVWNWawysorWNJsO+q9QWzaxLTYwfojA3isZzDfSnrWvTsNiyp7pOrZURC7ejrTDEpcVpY9ab+NSioLZEiapZA5nwBxZcC8g9HeK7ccYM7TDnwmoU2vx6/NIJaUjc0b0u8YvJNle5HdJvlhbI0Y31ThqsjTGr0/+8hOOQ5nfsRYACtHiy+FDd82wAAAABJRU5ErkJggg==) " "}*/

.xspecResult { width: 90%; table-layout: fixed; }

.xspecResult td,
.xspecResult th { width: 50%; }

/*.xspecResult pre { 
  margin-left: 0; 
  padding: 0.5em; 
  overflow: auto; 
  border: 1px #999 dotted;
}*/

span.scenario-totals {float: right; width: 14.5%; text-align: left}

/* OXYGEN */
span.scenario-totals {float: right; width: 34.5%; text-align: right}

h2.failed {
    background-color: #FCC;
}

h1, h2 {
    width: 86%;
    /*margin-left: 3%;*/
    
    font-size:1.4em;
    font-weight:bold;
    text-align:left;
    margin-top:1.4em;
    margin-bottom:0.7em;
    color:#333333;
    background-color:inherit;
}

h1 {
    font-size:1.7em;
}

body &gt; h1:first-child:before {
    content:"XSLT UNIT ";
}

body &gt; h2:first-of-type {
    font-size:1.7em;
}

div &gt; table &gt; tbody &gt; tr &gt; th:first-child {
    font-weight:bold;
}

div &gt; h3 {
    font-weight:bold;
    /*margin-left: 3%;*/
}

div &gt; h4 {
    font-weight:normal;
    /*margin-left: 4%;*/
}

th.result { text-align: center; }
/* OXYGEN */


/* ------------------------------------------------------------------------ */
/*  DO NOT ALTER OR REMOVE COPYRIGHT NOTICES OR THIS COMMENT.               */
/*                                                                          */
/*  Copyright (c) 2008, 2010 Jeni Tennsion                                  */
/*                                                                          */
/*  The contents of this file are subject to the MIT License (see the URI   */
/*  http://www.opensource.org/licenses/mit-license.php for details).        */
/*                                                                          */
/*  Permission is hereby granted, free of charge, to any person obtaining   */
/*  a copy of this software and associated documentation files (the         */
/*  "Software"), to deal in the Software without restriction, including     */
/*  without limitation the rights to use, copy, modify, merge, publish,     */
/*  distribute, sublicense, and/or sell copies of the Software, and to      */
/*  permit persons to whom the Software is furnished to do so, subject to   */
/*  the following conditions:                                               */
/*                                                                          */
/*  The above copyright notice and this permission notice shall be          */
/*  included in all copies or substantial portions of the Software.         */
/*                                                                          */
/*  THE SOFTWARE IS PROVIDED "AS IS", WITHOUT WARRANTY OF ANY KIND,         */
/*  EXPRESS OR IMPLIED, INCLUDING BUT NOT LIMITED TO THE WARRANTIES OF      */
/*  MERCHANTABILITY, FITNESS FOR A PARTICULAR PURPOSE AND NONINFRINGEMENT.  */
/*  IN NO EVENT SHALL THE AUTHORS OR COPYRIGHT HOLDERS BE LIABLE FOR ANY    */
/*  CLAIM, DAMAGES OR OTHER LIABILITY, WHETHER IN AN ACTION OF CONTRACT,    */
/*  TORT OR OTHERWISE, ARISING FROM, OUT OF OR IN CONNECTION WITH THE       */
/*  SOFTWARE OR THE USE OR OTHER DEALINGS IN THE SOFTWARE.                  */
/* ------------------------------------------------------------------------ */

.nobr { white-space: nowrap; }
.scenario-label { text-indent: 0px; }
.context-label { text-indent: 10px; }
.test-label { text-indent: 20px; }
.pending-label { text-indent: 30px; }


        /**/</style>
    </head><body><h1>Test Report</h1><p>Script: <a href="file:/home/jostein/xprocspec/src/test/xprocspec/tests/param-1.xprocspec">file:/home/jostein/xprocspec/src/test/xprocspec/tests/param-1.xprocspec</a></p><p>Tested: 2013-09-05T16:00:39.729+02:00</p><h2>Contents</h2><table class="xspec"><col width="75%"/><col width="5%"/><col width="5%"/><col width="5%"/><col width="5%"/><col width="5%"/><thead><tr><th/><th class="result">passed:12</th><th class="result">pending:0</th><th class="result">failed:0</th><th class="result">errors:0</th><th class="result">total:12</th></tr></thead><tbody><tr class="successful label"><th><a href="#step1">ex:identity</a></th><th class="result">12</th><th class="result">0</th><th class="result">0</th><th class="result">0</th><th class="result">12</th></tr></tbody></table><div id="step1"><h2 class="successful">Calling: <a href="file:/home/jostein/xprocspec/src/test/xprocspec/steps/identity.xpl">ex:identity</a><span class="scenario-totals">passed:12 / pending:0 /
                                        failed:0 / errors:0 / total:12</span></h2><table class="xspec"><col width="80%"/><col width="20%"/><tbody><tr class="successful label"><th class="scenario-label">identity - base-uri</th><th class="nobr">passed:7 / pending:0 / failed:0 / errors:0 / total:7</th></tr><tr class="successful label"><th class="context-label">errors</th><th class="nobr">passed:1 / pending:0 / failed:0 / errors:0 / total:1</th></tr><tr class="successful label"><td class="test-label">the step should execute successfully without throwing any errors</td><td>Success</td></tr><tr class="successful label"><th class="context-label">the parameters</th><th class="nobr">passed:6 / pending:0 / failed:0 / errors:0 / total:6</th></tr><tr class="successful label"><td class="test-label">Parameters should be wrapped in a c:param-set element</td><td>Success</td></tr><tr class="successful label"><td class="test-label">Parameters should not be wrapped in something other than a c:param-set element</td><td>Success</td></tr><tr class="successful label"><td class="test-label">Parameters should be stored in c:param elements inside the root c:param-set element</td><td>Success</td></tr><tr class="successful label"><td class="test-label">base-uri(.) should refer to the base URI of the xprocspec test document</td><td>Success</td></tr><tr class="successful label"><td class="test-label">base-uri(/*) should refer to the base URI of the xprocspec test document</td><td>Success</td></tr><tr class="successful label"><td class="test-label">base-uri() should refer to the base URI of the xprocspec test document</td><td>Success</td></tr><tr class="successful label"><th class="scenario-label">identity - variables</th><th class="nobr">passed:5 / pending:0 / failed:0 / errors:0 / total:5</th></tr><tr class="successful label"><th class="context-label">errors</th><th class="nobr">passed:1 / pending:0 / failed:0 / errors:0 / total:1</th></tr><tr class="successful label"><td class="test-label">the step should execute successfully without throwing any errors</td><td>Success</td></tr><tr class="successful label"><th class="context-label">the parameters</th><th class="nobr">passed:4 / pending:0 / failed:0 / errors:0 / total:4</th></tr><tr class="successful label"><td class="test-label">The $temp-dir variable should be available from both the x:param @select attribute and the x:expect @test attributes</td><td>Success</td></tr><tr class="successful label"><td class="test-label">The $temp-dir variable should be available from both the @test and @equals attributes</td><td>Success</td></tr><tr class="successful label"><td class="test-label">The $test-base-uri variable should be available from both the x:param @select attribute and the x:expect @test attributes</td><td>Success</td></tr><tr class="successful label"><td class="test-label">The $test-base-uri variable should be available from both the @test and @equals attributes</td><td>Success</td></tr></tbody></table></div><h2>Execution log</h2><table><thead><tr><th>Time</th><th>Severity</th><th>Message</th></tr></thead><tbody><tr style=""><td>0.000</td><td style="padding-left:0%;">INFO</td><td><code><pre>#### file:/home/jostein/xprocspec/src/test/xprocspec/tests/param-1.xprocspec ####</pre></code></td></tr><tr style=""><td>0.005</td><td style="padding-left:0%;">INFO</td><td><code><pre> * temporary directory: file:/tmp/xprocspec-20130905160023007/</pre></code></td></tr><tr style=""><td>0.010</td><td style="padding-left:0%;">INFO</td><td><code><pre>preprocessing...</pre></code></td></tr><tr style=""><td>0.031</td><td style="padding-left:0%;">INFO</td><td><code><pre> * checking for imports</pre></code></td></tr><tr style=""><td>0.036</td><td style="padding-left:0%;">INFO</td><td><code><pre> * checking file:/home/jostein/xprocspec/src/test/xprocspec/tests/param-1.xprocspec for imports</pre></code></td></tr><tr style=""><td>0.042</td><td style="padding-left:0%;">INFO</td><td><code><pre> * extracting step declarations from file:/home/jostein/xprocspec/src/test/xprocspec/steps/identity.xpl</pre></code></td></tr><tr style=""><td>0.049</td><td style="padding-left:0%;">INFO</td><td><code><pre> * tests reference 1 step</pre></code></td></tr><tr style=""><td>0.055</td><td style="padding-left:0%;">INFO</td><td><code><pre>   * step: e:identity</pre></code></td></tr><tr style=""><td>0.060</td><td style="padding-left:0%;">INFO</td><td><code><pre> * trying to load: file:/home/jostein/xprocspec/src/test/xprocspec/steps/identity.xpl</pre></code></td></tr><tr style=""><td>0.068</td><td style="padding-left:0%;">INFO</td><td><code><pre>   * success!</pre></code></td></tr><tr style=""><td>0.076</td><td style="padding-left:0%;">INFO</td><td><code><pre> * trying to extract the step declaration for {http://example.net/ns}identity from file:/home/jostein/xprocspec/src/test/xprocspec/steps/identity.xpl</pre></code></td></tr><tr style=""><td>0.090</td><td style="padding-left:0%;">INFO</td><td><code><pre> * creating a new x:description document for each x:scenario element with inferred inputs, options and parameters</pre></code></td></tr><tr style=""><td>0.110</td><td style="padding-left:0%;">INFO</td><td><code><pre> * validating output grammar</pre></code></td></tr><tr style=""><td>0.123</td><td style="padding-left:0%;">INFO</td><td><code><pre> * validating output grammar</pre></code></td></tr><tr style=""><td>0.136</td><td style="padding-left:0%;">INFO</td><td><code><pre>compiling...</pre></code></td></tr><tr style=""><td>0.144</td><td style="padding-left:0%;">INFO</td><td><code><pre> * created directory using Calabash's cxf:mkdir</pre></code></td></tr><tr style=""><td>0.150</td><td style="padding-left:0%;">INFO</td><td><code><pre> * converting test 'test1' to XProc</pre></code></td></tr><tr style=""><td>0.258</td><td style="padding-left:0%;">INFO</td><td><code><pre>   * done</pre></code></td></tr><tr style=""><td>0.265</td><td style="padding-left:0%;">INFO</td><td><code><pre> * validating output grammar for file:/home/jostein/xprocspec/src/test/xprocspec/tests/param-1.xprocspec</pre></code></td></tr><tr style=""><td>0.281</td><td style="padding-left:0%;">INFO</td><td><code><pre>   * done!</pre></code></td></tr><tr style=""><td>0.289</td><td style="padding-left:0%;">INFO</td><td><code><pre> * converting test 'test2' to XProc</pre></code></td></tr><tr style=""><td>0.302</td><td style="padding-left:0%;">INFO</td><td><code><pre>   * done</pre></code></td></tr><tr style=""><td>0.310</td><td style="padding-left:0%;">INFO</td><td><code><pre> * validating output grammar for file:/home/jostein/xprocspec/src/test/xprocspec/tests/param-1.xprocspec</pre></code></td></tr><tr style=""><td>0.326</td><td style="padding-left:0%;">INFO</td><td><code><pre>   * done!</pre></code></td></tr><tr style=""><td>0.334</td><td style="padding-left:0%;">INFO</td><td><code><pre> * using as temporary directory: file:/tmp/xprocspec-20130905160023007/xprocspec-20130905160038752/</pre></code></td></tr><tr style=""><td>0.340</td><td style="padding-left:0%;">INFO</td><td><code><pre>storing...</pre></code></td></tr><tr style=""><td>0.353</td><td style="padding-left:0%;">INFO</td><td><code><pre>running...</pre></code></td></tr><tr style=""><td>0.362</td><td style="padding-left:0%;">INFO</td><td><code><pre>   * loading 'file:/tmp/xprocspec-20130905160023007/test1.xpl'</pre></code></td></tr><tr style=""><td>0.442</td><td style="padding-left:0%;">INFO</td><td><code><pre>   * loading 'file:/tmp/xprocspec-20130905160023007/test2.xpl'</pre></code></td></tr><tr style=""><td>0.512</td><td style="padding-left:0%;">INFO</td><td><code><pre>evaluating...</pre></code></td></tr><tr style=""><td>0.525</td><td style="padding-left:0%;">INFO</td><td><code><pre> * evaluating scenario 'identity - base-uri' (file:/home/jostein/xprocspec/src/test/xprocspec/tests/param-1.xprocspec)</pre></code></td></tr><tr style=""><td>0.533</td><td style="padding-left:0%;">INFO</td><td><code><pre>   * resolving x:document elements...</pre></code></td></tr><tr style=""><td>0.542</td><td style="padding-left:0%;">INFO</td><td><code><pre>    * no errors occured</pre></code></td></tr><tr style=""><td>0.575</td><td style="padding-left:0%;">INFO</td><td><code><pre>   * grouping x:expect elements with their x:context...</pre></code></td></tr><tr style=""><td>0.586</td><td style="padding-left:0%;">INFO</td><td><code><pre>   * evaluating each context/expect group...</pre></code></td></tr><tr style=""><td>0.593</td><td style="padding-left:0%;">INFO</td><td><code><pre>     * setting context to 'errors'</pre></code></td></tr><tr style=""><td>0.600</td><td style="padding-left:0%;">INFO</td><td><code><pre>       * testing assertion 'the step should execute successfully without throwing any errors'</pre></code></td></tr><tr style=""><td>0.608</td><td style="padding-left:0%;">INFO</td><td><code><pre>         * is document count assertion</pre></code></td></tr><tr style=""><td>0.615</td><td style="padding-left:0%;">INFO</td><td><code><pre>         * assertion passed</pre></code></td></tr><tr style=""><td>0.623</td><td style="padding-left:0%;">INFO</td><td><code><pre>     * setting context to 'the parameters'</pre></code></td></tr><tr style=""><td>0.631</td><td style="padding-left:0%;">INFO</td><td><code><pre>       * testing assertion 'Parameters should be wrapped in a c:param-set element'</pre></code></td></tr><tr style=""><td>0.641</td><td style="padding-left:0%;">INFO</td><td><code><pre>         * is xpath assertion</pre></code></td></tr><tr style=""><td>0.652</td><td style="padding-left:0%;">INFO</td><td><code><pre>       * testing assertion 'Parameters should not be wrapped in something other than a c:param-set element'</pre></code></td></tr><tr style=""><td>0.661</td><td style="padding-left:0%;">INFO</td><td><code><pre>         * is xpath assertion</pre></code></td></tr><tr style=""><td>0.671</td><td style="padding-left:0%;">INFO</td><td><code><pre>       * testing assertion 'Parameters should be stored in c:param elements inside the root c:param-set element'</pre></code></td></tr><tr style=""><td>0.680</td><td style="padding-left:0%;">INFO</td><td><code><pre>         * is xpath assertion</pre></code></td></tr><tr style=""><td>0.689</td><td style="padding-left:0%;">INFO</td><td><code><pre>       * testing assertion 'base-uri(.) should refer to the base URI of the xprocspec test document'</pre></code></td></tr><tr style=""><td>0.698</td><td style="padding-left:0%;">INFO</td><td><code><pre>         * is xpath assertion</pre></code></td></tr><tr style=""><td>0.709</td><td style="padding-left:0%;">INFO</td><td><code><pre>       * testing assertion 'base-uri(/*) should refer to the base URI of the xprocspec test document'</pre></code></td></tr><tr style=""><td>0.718</td><td style="padding-left:0%;">INFO</td><td><code><pre>         * is xpath assertion</pre></code></td></tr><tr style=""><td>0.729</td><td style="padding-left:0%;">INFO</td><td><code><pre>       * testing assertion 'base-uri() should refer to the base URI of the xprocspec test document'</pre></code></td></tr><tr style=""><td>0.738</td><td style="padding-left:0%;">INFO</td><td><code><pre>         * is xpath assertion</pre></code></td></tr><tr style=""><td>0.766</td><td style="padding-left:0%;">INFO</td><td><code><pre> * evaluating scenario 'identity - variables' (file:/home/jostein/xprocspec/src/test/xprocspec/tests/param-1.xprocspec)</pre></code></td></tr><tr style=""><td>0.774</td><td style="padding-left:0%;">INFO</td><td><code><pre>   * resolving x:document elements...</pre></code></td></tr><tr style=""><td>0.785</td><td style="padding-left:0%;">INFO</td><td><code><pre>    * no errors occured</pre></code></td></tr><tr style=""><td>0.816</td><td style="padding-left:0%;">INFO</td><td><code><pre>   * grouping x:expect elements with their x:context...</pre></code></td></tr><tr style=""><td>0.826</td><td style="padding-left:0%;">INFO</td><td><code><pre>   * evaluating each context/expect group...</pre></code></td></tr><tr style=""><td>0.835</td><td style="padding-left:0%;">INFO</td><td><code><pre>     * setting context to 'errors'</pre></code></td></tr><tr style=""><td>0.843</td><td style="padding-left:0%;">INFO</td><td><code><pre>       * testing assertion 'the step should execute successfully without throwing any errors'</pre></code></td></tr><tr style=""><td>0.852</td><td style="padding-left:0%;">INFO</td><td><code><pre>         * is document count assertion</pre></code></td></tr><tr style=""><td>0.861</td><td style="padding-left:0%;">INFO</td><td><code><pre>         * assertion passed</pre></code></td></tr><tr style=""><td>0.870</td><td style="padding-left:0%;">INFO</td><td><code><pre>     * setting context to 'the parameters'</pre></code></td></tr><tr style=""><td>0.879</td><td style="padding-left:0%;">INFO</td><td><code><pre>       * testing assertion 'The $temp-dir variable should be available from both the x:param @select attribute and the x:expect @test attributes'</pre></code></td></tr><tr style=""><td>0.889</td><td style="padding-left:0%;">INFO</td><td><code><pre>         * is xpath assertion</pre></code></td></tr><tr style=""><td>0.900</td><td style="padding-left:0%;">INFO</td><td><code><pre>       * testing assertion 'The $temp-dir variable should be available from both the @test and @equals attributes'</pre></code></td></tr><tr style=""><td>0.911</td><td style="padding-left:0%;">INFO</td><td><code><pre>         * is xpath assertion</pre></code></td></tr><tr style=""><td>0.922</td><td style="padding-left:0%;">INFO</td><td><code><pre>       * testing assertion 'The $test-base-uri variable should be available from both the x:param @select attribute and the x:expect @test attributes'</pre></code></td></tr><tr style=""><td>0.932</td><td style="padding-left:0%;">INFO</td><td><code><pre>         * is xpath assertion</pre></code></td></tr><tr style=""><td>0.944</td><td style="padding-left:0%;">INFO</td><td><code><pre>       * testing assertion 'The $test-base-uri variable should be available from both the @test and @equals attributes'</pre></code></td></tr><tr style=""><td>0.954</td><td style="padding-left:0%;">INFO</td><td><code><pre>         * is xpath assertion</pre></code></td></tr><tr style=""><td>0.979</td><td style="padding-left:0%;">INFO</td><td><code><pre>reporting...</pre></code></td></tr></tbody></table><link rel="stylesheet" href="http://yandex.st/highlightjs/7.3/styles/default.min.css"/><script type="text/javascript" src="http://yandex.st/highlightjs/7.3/highlight.min.js" xml:space="preserve"> </script><script type="text/javascript">hljs.initHighlightingOnLoad();</script></body></html></x:document></x:output><x:output port="junit"><x:document xml:base="file:/home/jostein/xprocspec/src/main/resources/content/xml/xproc/report/report.xpl" xml:space="preserve" type="inline"><testsuites tests="12" failures="0" time="0.989" errors="0" name="param1"><testsuite timestamp="2013-09-05T14:00:39.612Z" hostname="localhost" tests="7" errors="0" failures="0" skipped="0" id="d28656e1" name="identityBaseuri" package="http://example.net/ns" time="0.01">
<properties>

<property name="option: option" value="option"/>
<property name="option: option.required" value="option"/>

<property name="parameter: param1" value="file:/home/jostein/xprocspec/src/test/xprocspec/tests/param-1.xprocspec"/>
<property name="parameter: param2" value="file:/home/jostein/xprocspec/src/test/xprocspec/tests/param-1.xprocspec"/>
<property name="parameter: param3" value="file:/home/jostein/xprocspec/src/test/xprocspec/tests/param-1.xprocspec"/>
</properties>
<testcase name="theStepShouldExecuteSuccessfullyWithoutThrowingAnyErrors" classname="identity" assertions="1" time="0" status="SUCCESS"><system-out>the step should execute successfully without throwing any errors: SUCCESS</system-out>
<system-err/></testcase><testcase name="ParametersShouldBeWrappedInACparamsetElement" classname="identity" assertions="1" time="0" status="SUCCESS"><system-out>Parameters should be wrapped in a c:param-set element: SUCCESS</system-out>
<system-err/></testcase><testcase name="ParametersShouldNotBeWrappedInSomethingOtherThanACparamsetElement" classname="identity" assertions="1" time="0" status="SUCCESS"><system-out>Parameters should not be wrapped in something other than a c:param-set element: SUCCESS</system-out>
<system-err/></testcase><testcase name="ParametersShouldBeStoredInCparamElementsInsideTheRootCparamsetElement" classname="identity" assertions="1" time="0" status="SUCCESS"><system-out>Parameters should be stored in c:param elements inside the root c:param-set element: SUCCESS</system-out>
<system-err/></testcase><testcase name="baseuriShouldReferToTheBaseURIOfTheXprocspecTestDocument" classname="identity" assertions="1" time="0" status="SUCCESS"><system-out>base-uri(.) should refer to the base URI of the xprocspec test document: SUCCESS</system-out>
<system-err/></testcase><testcase name="baseuriShouldReferToTheBaseURIOfTheXprocspecTestDocument" classname="identity" assertions="1" time="0" status="SUCCESS"><system-out>base-uri(/*) should refer to the base URI of the xprocspec test document: SUCCESS</system-out>
<system-err/></testcase><testcase name="baseuriShouldReferToTheBaseURIOfTheXprocspecTestDocument" classname="identity" assertions="1" time="0" status="SUCCESS"><system-out>base-uri() should refer to the base URI of the xprocspec test document: SUCCESS</system-out>
<system-err/></testcase></testsuite><testsuite timestamp="2013-09-05T14:00:39.629Z" hostname="localhost" tests="5" errors="0" failures="0" skipped="0" id="d28674e1" name="identityVariables" package="http://example.net/ns" time="0.009">
<properties>

<property name="option: option" value="option"/>
<property name="option: option.required" value="option"/>

<property name="parameter: param1" value="file:/tmp/xprocspec-20130905160023007/xprocspec-20130905160038752/"/>
<property name="parameter: param2" value="file:/home/jostein/xprocspec/src/test/xprocspec/tests/param-1.xprocspec"/>
</properties>
<testcase name="theStepShouldExecuteSuccessfullyWithoutThrowingAnyErrors" classname="identity" assertions="1" time="0" status="SUCCESS"><system-out>the step should execute successfully without throwing any errors: SUCCESS</system-out>
<system-err/></testcase><testcase name="The$tempdirVariableShouldBeAvailableFromBothTheXparamSelectAttributeAndTheXexpectTestAttributes" classname="identity" assertions="1" time="0" status="SUCCESS"><system-out>The $temp-dir variable should be available from both the x:param @select attribute and the x:expect @test attributes: SUCCESS</system-out>
<system-err/></testcase><testcase name="The$tempdirVariableShouldBeAvailableFromBothTheTestAndEqualsAttributes" classname="identity" assertions="1" time="0" status="SUCCESS"><system-out>The $temp-dir variable should be available from both the @test and @equals attributes: SUCCESS</system-out>
<system-err/></testcase><testcase name="The$testbaseuriVariableShouldBeAvailableFromBothTheXparamSelectAttributeAndTheXexpectTestAttributes" classname="identity" assertions="1" time="0" status="SUCCESS"><system-out>The $test-base-uri variable should be available from both the x:param @select attribute and the x:expect @test attributes: SUCCESS</system-out>
<system-err/></testcase><testcase name="The$testbaseuriVariableShouldBeAvailableFromBothTheTestAndEqualsAttributes" classname="identity" assertions="1" time="0" status="SUCCESS"><system-out>The $test-base-uri variable should be available from both the @test and @equals attributes: SUCCESS</system-out>
<system-err/></testcase></testsuite></testsuites></x:document></x:output><x:test-result contextref="errors" result="passed" max="0" label="the step should execute successfully without throwing any errors" type="count">
                                                        <x:expected>At most 0 documents.</x:expected>
                                                    <x:was>0</x:was></x:test-result><x:test-result contextref="context12" result="passed" test="not(/*/@tests='0') and /*/@failures='0' and /*/@errors='0'" label="there should be at least one test, and none of the tests should fail" type="xpath"><x:expected xml:space="preserve">XPath: true()
Value: true</x:expected><x:was xml:space="preserve">XPath: not(/*/@tests='0') and /*/@failures='0' and /*/@errors='0'
Value: true</x:was></x:test-result></x:description><x:description xmlns:cx="http://xmlcalabash.com/ns/extensions" xmlns:c="http://www.w3.org/ns/xproc-step" xml:base="file:/home/jostein/xprocspec/src/test/xprocspec/test.xprocspec" test-base-uri="file:/home/jostein/xprocspec/src/test/xprocspec/test.xprocspec" script="file:/home/jostein/xprocspec/src/main/resources/content/xml/xproc/xprocspec.xpl" test-grammar="xprocspec" temp-dir="file:/tmp/xprocspec-20130905160023007/"><x:step-declaration><p:declare-step xmlns:p="http://www.w3.org/ns/xproc" xmlns:px="http://www.daisy.org/ns/xprocspec" xmlns:pxi="http://www.daisy.org/ns/xprocspec/xproc-internal/" xmlns:pkg="http://expath.org/ns/pkg" type="px:xprocspec" name="main" version="1.0" xpath-version="2.0" pkg:import-uri="http://www.daisy.org/ns/xprocspec/xprocspec.xpl" x:type="{http://www.daisy.org/ns/xprocspec}xprocspec"><p:input port="source" kind="document" sequence="false" primary="true"/><p:output port="result" kind="document" sequence="false" primary="false"><p:pipe port="result" step="report"/></p:output><p:output port="html" kind="document" sequence="false" primary="false"><p:pipe port="html" step="report"/></p:output><p:output port="junit" kind="document" sequence="false" primary="false"><p:pipe port="junit" step="report"/></p:output><p:option name="temp-dir" select="'file:/tmp/'"/></p:declare-step></x:step-declaration><x:scenario end-time="2013-09-05T14:00:40.079Z" pending="Not implemented" label="the context element" start-time="2013-09-05T14:00:40.078Z"><x:call x:type="{http://www.daisy.org/ns/xprocspec}xprocspec" step="x:xprocspec"><x:option select="$temp-dir" name="temp-dir" value=""/><x:input port="source">
                
            </x:input></x:call><x:context label="the junit output port" pending="Not implemented" id="context13">
            
        </x:context><x:expect label="there should be at least one test, and none of the tests should fail" type="xpath" test="not(/*/@tests='0') and /*/@failures='0' and /*/@errors='0'" pending="Not implemented" contextref="context13"/></x:scenario>
                                                    <x:test-result contextref="context13" result="skipped" pending="Not implemented" test="not(/*/@tests='0') and /*/@failures='0' and /*/@errors='0'" label="there should be at least one test, and none of the tests should fail" type="xpath"/>
                                                </x:description><x:description xmlns:cx="http://xmlcalabash.com/ns/extensions" xmlns:c="http://www.w3.org/ns/xproc-step" xml:base="file:/home/jostein/xprocspec/src/test/xprocspec/test.xprocspec" test-base-uri="file:/home/jostein/xprocspec/src/test/xprocspec/test.xprocspec" script="file:/home/jostein/xprocspec/src/main/resources/content/xml/xproc/xprocspec.xpl" test-grammar="xprocspec" temp-dir="file:/tmp/xprocspec-20130905160023007/"><x:step-declaration><p:declare-step xmlns:p="http://www.w3.org/ns/xproc" xmlns:px="http://www.daisy.org/ns/xprocspec" xmlns:pxi="http://www.daisy.org/ns/xprocspec/xproc-internal/" xmlns:pkg="http://expath.org/ns/pkg" type="px:xprocspec" name="main" version="1.0" xpath-version="2.0" pkg:import-uri="http://www.daisy.org/ns/xprocspec/xprocspec.xpl" x:type="{http://www.daisy.org/ns/xprocspec}xprocspec"><p:input port="source" kind="document" sequence="false" primary="true"/><p:output port="result" kind="document" sequence="false" primary="false"><p:pipe port="result" step="report"/></p:output><p:output port="html" kind="document" sequence="false" primary="false"><p:pipe port="html" step="report"/></p:output><p:output port="junit" kind="document" sequence="false" primary="false"><p:pipe port="junit" step="report"/></p:output><p:option name="temp-dir" select="'file:/tmp/'"/></p:declare-step></x:step-declaration><x:scenario end-time="2013-09-05T14:00:40.341Z" pending="Not implemented" label="the expect element" start-time="2013-09-05T14:00:40.34Z"><x:call x:type="{http://www.daisy.org/ns/xprocspec}xprocspec" step="x:xprocspec"><x:option select="$temp-dir" name="temp-dir" value=""/><x:input port="source">
                
            </x:input></x:call><x:context label="the junit output port" pending="Not implemented" id="context14">
            
        </x:context><x:expect label="there should be at least one test, and none of the tests should fail" type="xpath" test="not(/*/@tests='0') and /*/@failures='0' and /*/@errors='0'" pending="Not implemented" contextref="context14"/></x:scenario>
                                                    <x:test-result contextref="context14" result="skipped" pending="Not implemented" test="not(/*/@tests='0') and /*/@failures='0' and /*/@errors='0'" label="there should be at least one test, and none of the tests should fail" type="xpath"/>
                                                </x:description><x:description xmlns:cx="http://xmlcalabash.com/ns/extensions" xmlns:c="http://www.w3.org/ns/xproc-step" xml:base="file:/home/jostein/xprocspec/src/test/xprocspec/test.xprocspec" test-base-uri="file:/home/jostein/xprocspec/src/test/xprocspec/test.xprocspec" script="file:/home/jostein/xprocspec/src/main/resources/content/xml/xproc/xprocspec.xpl" test-grammar="xprocspec" temp-dir="file:/tmp/xprocspec-20130905160023007/"><x:step-declaration><p:declare-step xmlns:p="http://www.w3.org/ns/xproc" xmlns:px="http://www.daisy.org/ns/xprocspec" xmlns:pxi="http://www.daisy.org/ns/xprocspec/xproc-internal/" xmlns:pkg="http://expath.org/ns/pkg" type="px:xprocspec" name="main" version="1.0" xpath-version="2.0" pkg:import-uri="http://www.daisy.org/ns/xprocspec/xprocspec.xpl" x:type="{http://www.daisy.org/ns/xprocspec}xprocspec"><p:input port="source" kind="document" sequence="false" primary="true"/><p:output port="result" kind="document" sequence="false" primary="false"><p:pipe port="result" step="report"/></p:output><p:output port="html" kind="document" sequence="false" primary="false"><p:pipe port="html" step="report"/></p:output><p:output port="junit" kind="document" sequence="false" primary="false"><p:pipe port="junit" step="report"/></p:output><p:option name="temp-dir" select="'file:/tmp/'"/></p:declare-step></x:step-declaration><x:scenario end-time="2013-09-05T14:00:42.306Z" label="the document element - all the different types except 'errors'" start-time="2013-09-05T14:00:40.692Z"><x:call x:type="{http://www.daisy.org/ns/xprocspec}xprocspec" step="x:xprocspec"><x:option select="$temp-dir" name="temp-dir" value="file:/tmp/xprocspec-20130905160023007/"/><x:input port="source">
                    <x:document xml:base="file:/home/jostein/xprocspec/src/test/xprocspec/test.xprocspec" xml:space="preserve" type="inline"><?xml-model href="http://www.daisy.org/ns/xprocspec/xprocspec.rng" type="application/xml" schematypens="http://relaxng.org/ns/structure/1.0"?><x:description xmlns:e="http://example.net/ns" script="../steps/identity.xpl">

    <x:scenario label="identity">
        <x:call step="e:identity">
            <x:option name="option.required" select="''"/>
            <x:input port="source.document.secondary.sequence">
                <x:document type="inline">
                    <doc1/>
                </x:document>
                <x:document type="inline">
                    <doc2/>
                </x:document>
            </x:input>
        </x:call>
        
        <!-- output port -->
        <x:context label="the options">
            <x:document type="port" port="options"/>
        </x:context>
        <x:expect type="count" label="There should be a single document on the options port" min="1" max="1"/>
        
        <!-- input port -->
        <x:context label="the primary input port">
            <x:document type="port" port="source.document.primary"/>
        </x:context>
        <x:expect type="count" label="There should be a single document on the primary input port" min="1" max="1"/>
        
        <!-- errors -->
        <x:context label="the errors">
            <x:document type="errors"/>
        </x:context>
        <x:expect type="count" label="There should be no errors" max="0"/>
        
        <!-- external document -->
        <x:context label="the xprocspec test document">
            <x:document type="file" href="document-1.xprocspec"/>
        </x:context>
        <x:expect type="xpath" label="The loaded document should be itself (x:description as root element)" test="local-name(/*)" equals="'description'"/>
        
        <!-- inline document -->
        <x:context label="an inline 'test' element">
            <x:document type="inline">
                <test/>
            </x:document>
        </x:context>
        <x:expect type="count" label="There should be one inline document" min="1" max="1"/>
        <x:expect type="xpath" label="The inline document should have a 'test' root element" test="local-name(/*)" equals="'test'"/>
        <x:expect type="xpath" label="The base URI should be that of the xprocspec test document" test="base-uri(/*)" equals="$test-base-uri"/>
        
        <!-- inline document with base uri -->
        <x:context label="an inline 'test' element with base-uri set to 'temp-dir'">
            <x:document type="inline" base-uri="temp-dir">
                <test/>
            </x:document>
        </x:context>
        <x:expect type="xpath" label="The base URI should be that of the temporary directory" test="base-uri(/*)" equals="$temp-dir"/>
        
        <!-- inline document with base uri and relative xml:base and a relative xml:base on the inline document -->
        <x:context label="an inline 'test' element with base-uri set to 'temp-dir' and the document element having a relative xml:base">
            <x:document type="inline" base-uri="temp-dir">
                <test xml:base="file.xml"/>
            </x:document>
        </x:context>
        <x:expect type="xpath" label="The base URI should be that of the temporary directory" test="base-uri(/*)" equals="resolve-uri('file.xml',$temp-dir)"/>
        
        <!-- directory listing -->
        <x:context label="the './document-1.resources/' directory; non-recursive">
            <x:document type="directory" href="document-1.resources"/>
        </x:context>
        <x:expect type="compare" label="The directory listing should equal the predefined non-recursive directory listing">
            <x:document type="inline">
                <c:directory name="document-1.resources">
                    <c:file name="html5.html"/>
                    <c:file name="image.png"/>
                    <c:directory name="recursive1"/>
                    <c:directory name="recursive2"/>
                    <c:file name="text.txt"/>
                    <c:file name="xhtml5.html"/>
                    <c:file name="xml.xml"/>
                </c:directory>
            </x:document>
        </x:expect>
        
        <!-- directory listing (recursive) -->
        <x:context label="the './document-1.resources/' directory; recursive">
            <x:document type="directory" href="document-1.resources" recursive="true"/>
        </x:context>
        <x:expect type="compare" label="The directory listing should equal the predefined recursive directory listing">
            <x:document type="inline">
                <c:directory name="document-1.resources">
                    <c:file name="html5.html"/>
                    <c:file name="image.png"/>
                    <c:directory name="recursive1">
                        <c:file name="file1"/>
                        <c:file name="file2"/>
                        <c:directory name="recursive11">
                            <c:file name="file11"/>
                            <c:file name="file12"/>
                            <c:file name="file13"/>
                        </c:directory>
                        <c:directory name="recursive12">
                            <c:file name="file21"/>
                        </c:directory>
                    </c:directory>
                    <c:directory name="recursive2">
                        <c:file name="file21"/>
                    </c:directory>
                    <c:file name="text.txt"/>
                    <c:file name="xhtml5.html"/>
                    <c:file name="xml.xml"/>
                </c:directory>
            </x:document>
        </x:expect>
        
        <!-- the position attribute (position=1) -->
        <x:context label="The [doc1,doc2] sequence: position=1">
            <x:document type="port" port="result.document.secondary.sequence" position="1"/>
        </x:context>
        <x:expect label="Should be doc1" type="compare">
            <x:document type="inline">
                <doc1/>
            </x:document>
        </x:expect>
        
        <!-- the position attribute (position=2) -->
        <x:context label="The [doc1,doc2] sequence: position=2">
            <x:document type="port" port="result.document.secondary.sequence" position="2"/>
        </x:context>
        <x:expect label="Should be doc2" type="compare">
            <x:document type="inline">
                <doc2/>
            </x:document>
        </x:expect>
        
        <!-- the position attribute (position=all) -->
        <x:context label="The [doc1,doc2] sequence: position=all">
            <x:document type="port" port="result.document.secondary.sequence" position="all"/>
        </x:context>
        <x:expect label="Should be both doc1 and doc2" type="compare">
            <x:document type="inline">
                <doc1/>
            </x:document>
            <x:document type="inline">
                <doc2/>
            </x:document>
        </x:expect>
        
        <!-- the position attribute (position=last) -->
        <x:context label="The [doc1,doc2] sequence: position=last">
            <x:document type="port" port="result.document.secondary.sequence" position="last"/>
        </x:context>
        <x:expect label="Should be doc2" type="compare">
            <x:document type="inline">
                <doc2/>
            </x:document>
        </x:expect>
        
        <!-- test loading of text file -->
        <x:context label="A text file">
            <x:document type="file" method="text" href="document-1.resources/text.txt"/>
        </x:context>
        <x:expect label="Should contain the expected text" type="compare">
            <x:document type="inline">
                <c:body>This is a text file.
It has two lines.</c:body>
            </x:document>
        </x:expect>
        
        <!-- test loading of binary file -->
        <x:context label="A binary file (image file)">
            <x:document type="file" method="binary" href="document-1.resources/image.png"/>
        </x:context>
        <x:expect label="Should contain the expected bytes" type="compare">
            <x:document type="inline">
                <c:body>iVBORw0KGgoAAAANSUhEUgAAAFcAAAASCAYAAAAuXUKzAAAABmJLR0QA/wD/AP+gvaeTAAAACXBI
WXMAAAsTAAALEwEAmpwYAAAAB3RJTUUH3QkEDg4ejhRtkAAAABl0RVh0Q29tbWVudABDcmVhdGVk
IHdpdGggR0lNUFeBDhcAAAQwSURBVFjD7VjPK3xfGH7ujPFryIwUGsOGBRNJ5EcWdiTFMCRWElYW
pOEPsBpLOyNSRBYUjQ2iFJIpZTVTg81s6GIajZFpns/i+3UZc5kx+Man71tn8973Ped5n3vu855z
BQAEAJKIZIIgINrYn24ejwejo6Ow2Wxwu90gCZKyNX6mbv6TF9k+EvvTra+vT6rnZV1yNcZat+JD
b+Hft/s3mM1mAwBsbGwgEAhIdX1ljcJHZOFvMoVCAZIIBoPSZ//VcijtXJ/Ph4GBAWRkZCA1NRVG
oxEXFxdhi7wG8uTz+Xzo7e1FWloaMjIyMDY2FgZmc3MTTU1N0Gg0SE5ORk1NDba3t2WLEQQB9/f3
GBwcRGZmJuLi4uB0OqFUKqFWqyGKYlje7e0tUlJSoFQq4XA43iRKEAQJm0KhkHwvRzQ2Pz+Puro6
aDQaJCQkID8/H2azGR6PJ1RzW1tbwzQoJyeHoii+qz1PPpPJFJY/OTkpG/tyqFQqHh8fy8a1tbWF
aWJ7ezsBcHx8PEzjLBYLAbClpSVi34g03tPcYDDIrq6uN3MNBgM9Hg8lcvPy8ri7u0uv18udnR3m
5uYSAM1mc1TklpWV8fT0lLe3t+zv7ycAlpeXh8SaTCba7Xb6/X66XC4ajUYCYGdnp+ycOp2ONpuN
Xq9Xema32wmA2dnZfHh4kPyPj4/U6/UEwP39/ZibczTkWq1WafMtLy/z6uqKPp+P+/v7rKioIACO
jo4+k7u2thYy4erqKgGwsLAwqoUPDw8ln9vtJgCq1ep3C7y8vCQA6vV62TlXVlZk8+rr6wmAs7Oz
km9paYkAWFtb+6mTTzTkVlZWEgD39vbC8l0uFwGwoKDgmdybm5uQoOvrawJgYmJiVAv7/f6Qz+Z1
bCAQ4MTEBEtLS5mcnBzyGcXHx8vOeX19LUvM7u4uAbCkpETyVVVVyW6S7yD3Nf635O7LyI0Ecmho
KGaNk7OamhoC4ObmJg8ODgiARUVFDAaD305uUlJStNr9NbIQCWR6ejoBcG5ujqIoMhAIUBTFmMld
X18nADY0NLCjo4MAODMzE/UB/zPklpeXEwCPjo4irfE1DS0SSK1WSwBcXV2VGtrL08BHyQ0Ggywu
LqYgCFQqldTpdCEN7jvJnZmZIQBmZWXRarXy/PycPp+Pfr+fDoeDU1NTrK6ufib3qXPHehSLBFLu
6NLS0vKp6+bCwoIUa7FYPnQ1/Qy5JDk4OBi9LNzd3bG3t5darZZqtZrNzc08OzuLaWE5vyiK7O7u
Znp6OjUaDXt6euj1ej9FrtPpJACmpaXR4/H8p+SS5NbWFk0mE3U6HVUqFZOSkmgwGDg8PMyTkxP+
6r8w09PTBMCRkZEfiU/xW/8N3NzcYHFxEQDQ09PzIzHG/UZiX979GxsbUVRU9D+5X2mJiYmoq6uD
1Wr9sRj/AOniXBAMU5s4AAAAAElFTkSuQmCC</c:body>
            </x:document>
        </x:expect>
        
        <!-- test loading of xhtml5 file -->
        <x:context label="An XHTML5 file (well-formed XML)">
            <x:document type="file" method="html" href="document-1.resources/xhtml5.html"/>
        </x:context>
        <x:expect label="Should contain the expected content" type="compare">
            <x:document type="inline">
                <html xmlns="http://www.w3.org/1999/xhtml">
                    <head>
                        <title>Title</title>
                    </head>
                    <body>
                        <h1>XHTML5</h1>
                        <p>This is an HTML5-file which is well-formed XML.</p>
                    </body>
                </html>
            </x:document>
        </x:expect>
        
        <!-- test loading of html5 file -->
        <x:context label="An HTML5 file (not well-formed XML)">
            <x:document type="file" method="html" href="document-1.resources/html5.html"/>
        </x:context>
        <x:expect label="Should contain the expected content" type="compare">
            <x:document type="inline">
                <html xmlns="http://www.w3.org/1999/xhtml">
                    <head>
                        <title>Title</title>
                    </head>
                    <body>
                        <h1>HTML5</h1>
                        <p>This is a <b><i>HTML5</i></b><i>-file</i> which is *not* well-formed XML.</p>
                    </body>
                </html>
            </x:document>
        </x:expect>
    </x:scenario>

</x:description></x:document>
                </x:input></x:call>
                                                <x:context label="errors" id="errors">
                                                    
                                                </x:context>
                                            
                                                <x:expect type="count" label="the step should execute successfully without throwing any errors" max="0" contextref="errors"/>
                                            <x:context label="the junit output port" id="context15">
                <x:document xml:base="file:/home/jostein/xprocspec/src/main/resources/content/xml/xproc/report/report.xpl" xml:space="preserve" type="inline"><testsuites tests="19" failures="0" time="1.375" errors="0" name="document1"><testsuite timestamp="2013-09-05T14:00:42.092Z" hostname="localhost" tests="19" errors="0" failures="0" skipped="0" id="d32547e1" name="identity" package="http://example.net/ns" time="0.009">
<properties><property name="input: source.document.secondary.sequence" value="&lt;doc1 xmlns=&#34;&#34; .../&gt; (Base URI: file:/home/jostein/xprocspec/src/test/xprocspec/tests/document-1.xprocspec)&#xA;&lt;doc2 xmlns=&#34;&#34; .../&gt; (Base URI: file:/home/jostein/xprocspec/src/test/xprocspec/tests/document-1.xprocspec)"/>

<property name="option: option.required" value=""/>

</properties>
<testcase name="ThereShouldBeASingleDocumentOnTheOptionsPort" classname="identity" assertions="1" time="0" status="SUCCESS"><system-out>There should be a single document on the options port: SUCCESS</system-out>
<system-err/></testcase><testcase name="ThereShouldBeASingleDocumentOnThePrimaryInputPort" classname="identity" assertions="1" time="0" status="SUCCESS"><system-out>There should be a single document on the primary input port: SUCCESS</system-out>
<system-err/></testcase><testcase name="ThereShouldBeNoErrors" classname="identity" assertions="1" time="0" status="SUCCESS"><system-out>There should be no errors: SUCCESS</system-out>
<system-err/></testcase><testcase name="TheLoadedDocumentShouldBeItselfXdescriptionAsRootElement" classname="identity" assertions="1" time="0" status="SUCCESS"><system-out>The loaded document should be itself (x:description as root element): SUCCESS</system-out>
<system-err/></testcase><testcase name="ThereShouldBeOneInlineDocument" classname="identity" assertions="1" time="0" status="SUCCESS"><system-out>There should be one inline document: SUCCESS</system-out>
<system-err/></testcase><testcase name="TheInlineDocumentShouldHaveATestRootElement" classname="identity" assertions="1" time="0" status="SUCCESS"><system-out>The inline document should have a 'test' root element: SUCCESS</system-out>
<system-err/></testcase><testcase name="TheBaseURIShouldBeThatOfTheXprocspecTestDocument" classname="identity" assertions="1" time="0" status="SUCCESS"><system-out>The base URI should be that of the xprocspec test document: SUCCESS</system-out>
<system-err/></testcase><testcase name="TheBaseURIShouldBeThatOfTheTemporaryDirectory" classname="identity" assertions="1" time="0" status="SUCCESS"><system-out>The base URI should be that of the temporary directory: SUCCESS</system-out>
<system-err/></testcase><testcase name="TheBaseURIShouldBeThatOfTheTemporaryDirectory" classname="identity" assertions="1" time="0" status="SUCCESS"><system-out>The base URI should be that of the temporary directory: SUCCESS</system-out>
<system-err/></testcase><testcase name="TheDirectoryListingShouldEqualThePredefinedNonrecursiveDirectoryListing" classname="identity" assertions="1" time="0" status="SUCCESS"><system-out>The directory listing should equal the predefined non-recursive directory listing: SUCCESS</system-out>
<system-err/></testcase><testcase name="TheDirectoryListingShouldEqualThePredefinedRecursiveDirectoryListing" classname="identity" assertions="1" time="0" status="SUCCESS"><system-out>The directory listing should equal the predefined recursive directory listing: SUCCESS</system-out>
<system-err/></testcase><testcase name="ShouldBeDoc1" classname="identity" assertions="1" time="0" status="SUCCESS"><system-out>Should be doc1: SUCCESS</system-out>
<system-err/></testcase><testcase name="ShouldBeDoc2" classname="identity" assertions="1" time="0" status="SUCCESS"><system-out>Should be doc2: SUCCESS</system-out>
<system-err/></testcase><testcase name="ShouldBeBothDoc1AndDoc2" classname="identity" assertions="1" time="0" status="SUCCESS"><system-out>Should be both doc1 and doc2: SUCCESS</system-out>
<system-err/></testcase><testcase name="ShouldBeDoc2" classname="identity" assertions="1" time="0" status="SUCCESS"><system-out>Should be doc2: SUCCESS</system-out>
<system-err/></testcase><testcase name="ShouldContainTheExpectedText" classname="identity" assertions="1" time="0" status="SUCCESS"><system-out>Should contain the expected text: SUCCESS</system-out>
<system-err/></testcase><testcase name="ShouldContainTheExpectedBytes" classname="identity" assertions="1" time="0" status="SUCCESS"><system-out>Should contain the expected bytes: SUCCESS</system-out>
<system-err/></testcase><testcase name="ShouldContainTheExpectedContent" classname="identity" assertions="1" time="0" status="SUCCESS"><system-out>Should contain the expected content: SUCCESS</system-out>
<system-err/></testcase><testcase name="ShouldContainTheExpectedContent" classname="identity" assertions="1" time="0" status="SUCCESS"><system-out>Should contain the expected content: SUCCESS</system-out>
<system-err/></testcase></testsuite></testsuites></x:document>
            </x:context><x:expect label="there should be at least one test, and none of the tests should fail" type="xpath" test="not(/*/@tests='0') and /*/@failures='0' and /*/@errors='0'" contextref="context15"/></x:scenario><x:output port="result"><x:document xml:base="file:/home/jostein/xprocspec/src/main/resources/content/xml/xproc/report/report.xpl" xml:space="preserve" type="inline"><x:test-report><x:description xml:base="file:/home/jostein/xprocspec/src/test/xprocspec/tests/document-1.xprocspec" test-base-uri="file:/home/jostein/xprocspec/src/test/xprocspec/tests/document-1.xprocspec" script="file:/home/jostein/xprocspec/src/test/xprocspec/steps/identity.xpl" test-grammar="xprocspec" temp-dir="file:/tmp/xprocspec-20130905160023007/xprocspec-20130905160040833/"><x:step-declaration><p:declare-step xmlns:p="http://www.w3.org/ns/xproc" xmlns:ex="http://example.net/ns" name="main" type="ex:identity" version="1.0" x:type="{http://example.net/ns}identity"><p:input port="source.document.primary" kind="document" primary="true" sequence="false"><p:inline>
            <source.document.primary.default/>
        </p:inline></p:input><p:input port="source.document.secondary.sequence" kind="document" sequence="true" primary="false"><p:inline>
            <source.document.secondary.sequence/>
        </p:inline></p:input><p:input select="/*/*" port="source.document.secondary.select-children" kind="document" sequence="true" primary="false"><p:inline>
            <default>
                <default/>
                <default/>
            </default>
        </p:inline></p:input><p:input port="source.parameter.primary.sequence" primary="true" kind="parameter" sequence="true"/><p:output port="result.document.primary" kind="document" primary="true" sequence="false"><p:pipe port="source.document.primary" step="main"/></p:output><p:output port="result.document.secondary.sequence" kind="document" sequence="true" primary="false"><p:pipe port="source.document.secondary.sequence" step="main"/></p:output><p:output port="result.document.secondary.select-children" kind="document" sequence="true" primary="false"><p:pipe port="source.document.secondary.select-children" step="main"/></p:output><p:output port="result.parameter.primary" kind="document" sequence="false" primary="false"><p:pipe port="result" step="parameters"/></p:output><p:output port="options" kind="document" sequence="false" primary="false"><p:pipe port="result" step="options"/></p:output><p:option name="option"/><p:option name="option.required" required="true"/><p:option name="option.default" select="'default'"/></p:declare-step></x:step-declaration><x:scenario xmlns:e="http://example.net/ns" end-time="2013-09-05T14:00:40.944Z" label="identity" start-time="2013-09-05T14:00:40.935Z"><x:call x:type="{http://example.net/ns}identity" step="e:identity"><x:option select="''" name="option.required" value=""/><x:input port="source.document.secondary.sequence">
                <x:document xml:base="file:/home/jostein/xprocspec/src/test/xprocspec/tests/document-1.xprocspec" xml:space="preserve" type="inline">
                    <doc1/>
                </x:document>
                <x:document xml:base="file:/home/jostein/xprocspec/src/test/xprocspec/tests/document-1.xprocspec" xml:space="preserve" type="inline">
                    <doc2/>
                </x:document>
            </x:input></x:call><x:context label="the options" id="context0">
            <x:document xml:base="file:/home/jostein/xprocspec/src/test/xprocspec/steps/identity.xpl" xml:space="preserve" type="inline">
                <c:options xmlns:ex="http://example.net/ns">
                    
                    <c:option name="option.required" value=""/>
                    <c:option name="option.default" value="default"/>
                </c:options>
            </x:document>
        </x:context><x:expect type="count" label="There should be a single document on the options port" min="1" max="1" contextref="context0"/><x:context label="the primary input port" id="context1">
            <x:document xmlns:p="http://www.w3.org/ns/xproc" xmlns:ex="http://example.net/ns" xml:base="file:/home/jostein/xprocspec/src/test/xprocspec/tests/document-1.xprocspec" xml:space="preserve" type="inline">
            <source.document.primary.default/>
        </x:document>
        </x:context><x:expect type="count" label="There should be a single document on the primary input port" min="1" max="1" contextref="context1"/><x:context label="the errors" id="context2">
            
        </x:context><x:expect type="count" label="There should be no errors" max="0" contextref="context2"/><x:context label="the xprocspec test document" id="context3">
            <x:document xml:base="file:/home/jostein/xprocspec/src/test/xprocspec/tests/document-1.xprocspec" xml:space="preserve" type="inline"><?xml-model href="http://www.daisy.org/ns/xprocspec/xprocspec.rng" type="application/xml" schematypens="http://relaxng.org/ns/structure/1.0"?><x:description script="../steps/identity.xpl">

    <x:scenario label="identity">
        <x:call step="e:identity">
            <x:option select="''" name="option.required" value=""/>
            <x:input port="source.document.secondary.sequence">
                <x:document type="inline">
                    <doc1/>
                </x:document>
                <x:document type="inline">
                    <doc2/>
                </x:document>
            </x:input>
        </x:call>
        
        <!-- output port -->
        <x:context label="the options">
            <x:document type="port" port="options"/>
        </x:context>
        <x:expect type="count" label="There should be a single document on the options port" min="1" max="1"/>
        
        <!-- input port -->
        <x:context label="the primary input port">
            <x:document type="port" port="source.document.primary"/>
        </x:context>
        <x:expect type="count" label="There should be a single document on the primary input port" min="1" max="1"/>
        
        <!-- errors -->
        <x:context label="the errors">
            <x:document type="errors"/>
        </x:context>
        <x:expect type="count" label="There should be no errors" max="0"/>
        
        <!-- external document -->
        <x:context label="the xprocspec test document">
            <x:document type="file" href="document-1.xprocspec"/>
        </x:context>
        <x:expect type="xpath" label="The loaded document should be itself (x:description as root element)" test="local-name(/*)" equals="'description'"/>
        
        <!-- inline document -->
        <x:context label="an inline 'test' element">
            <x:document type="inline">
                <test/>
            </x:document>
        </x:context>
        <x:expect type="count" label="There should be one inline document" min="1" max="1"/>
        <x:expect type="xpath" label="The inline document should have a 'test' root element" test="local-name(/*)" equals="'test'"/>
        <x:expect type="xpath" label="The base URI should be that of the xprocspec test document" test="base-uri(/*)" equals="$test-base-uri"/>
        
        <!-- inline document with base uri -->
        <x:context label="an inline 'test' element with base-uri set to 'temp-dir'">
            <x:document type="inline" base-uri="temp-dir">
                <test/>
            </x:document>
        </x:context>
        <x:expect type="xpath" label="The base URI should be that of the temporary directory" test="base-uri(/*)" equals="$temp-dir"/>
        
        <!-- inline document with base uri and relative xml:base and a relative xml:base on the inline document -->
        <x:context label="an inline 'test' element with base-uri set to 'temp-dir' and the document element having a relative xml:base">
            <x:document type="inline" base-uri="temp-dir">
                <test xml:base="file.xml"/>
            </x:document>
        </x:context>
        <x:expect type="xpath" label="The base URI should be that of the temporary directory" test="base-uri(/*)" equals="resolve-uri('file.xml',$temp-dir)"/>
        
        <!-- directory listing -->
        <x:context label="the './document-1.resources/' directory; non-recursive">
            <x:document type="directory" href="document-1.resources"/>
        </x:context>
        <x:expect type="compare" label="The directory listing should equal the predefined non-recursive directory listing">
            <x:document type="inline">
                <c:directory name="document-1.resources">
                    <c:file name="html5.html"/>
                    <c:file name="image.png"/>
                    <c:directory name="recursive1"/>
                    <c:directory name="recursive2"/>
                    <c:file name="text.txt"/>
                    <c:file name="xhtml5.html"/>
                    <c:file name="xml.xml"/>
                </c:directory>
            </x:document>
        </x:expect>
        
        <!-- directory listing (recursive) -->
        <x:context label="the './document-1.resources/' directory; recursive">
            <x:document type="directory" href="document-1.resources" recursive="true"/>
        </x:context>
        <x:expect type="compare" label="The directory listing should equal the predefined recursive directory listing">
            <x:document type="inline">
                <c:directory name="document-1.resources">
                    <c:file name="html5.html"/>
                    <c:file name="image.png"/>
                    <c:directory name="recursive1">
                        <c:file name="file1"/>
                        <c:file name="file2"/>
                        <c:directory name="recursive11">
                            <c:file name="file11"/>
                            <c:file name="file12"/>
                            <c:file name="file13"/>
                        </c:directory>
                        <c:directory name="recursive12">
                            <c:file name="file21"/>
                        </c:directory>
                    </c:directory>
                    <c:directory name="recursive2">
                        <c:file name="file21"/>
                    </c:directory>
                    <c:file name="text.txt"/>
                    <c:file name="xhtml5.html"/>
                    <c:file name="xml.xml"/>
                </c:directory>
            </x:document>
        </x:expect>
        
        <!-- the position attribute (position=1) -->
        <x:context label="The [doc1,doc2] sequence: position=1">
            <x:document type="port" port="result.document.secondary.sequence" position="1"/>
        </x:context>
        <x:expect label="Should be doc1" type="compare">
            <x:document type="inline">
                <doc1/>
            </x:document>
        </x:expect>
        
        <!-- the position attribute (position=2) -->
        <x:context label="The [doc1,doc2] sequence: position=2">
            <x:document type="port" port="result.document.secondary.sequence" position="2"/>
        </x:context>
        <x:expect label="Should be doc2" type="compare">
            <x:document type="inline">
                <doc2/>
            </x:document>
        </x:expect>
        
        <!-- the position attribute (position=all) -->
        <x:context label="The [doc1,doc2] sequence: position=all">
            <x:document type="port" port="result.document.secondary.sequence" position="all"/>
        </x:context>
        <x:expect label="Should be both doc1 and doc2" type="compare">
            <x:document type="inline">
                <doc1/>
            </x:document>
            <x:document type="inline">
                <doc2/>
            </x:document>
        </x:expect>
        
        <!-- the position attribute (position=last) -->
        <x:context label="The [doc1,doc2] sequence: position=last">
            <x:document type="port" port="result.document.secondary.sequence" position="last"/>
        </x:context>
        <x:expect label="Should be doc2" type="compare">
            <x:document type="inline">
                <doc2/>
            </x:document>
        </x:expect>
        
        <!-- test loading of text file -->
        <x:context label="A text file">
            <x:document type="file" method="text" href="document-1.resources/text.txt"/>
        </x:context>
        <x:expect label="Should contain the expected text" type="compare">
            <x:document type="inline">
                <c:body>This is a text file.
It has two lines.</c:body>
            </x:document>
        </x:expect>
        
        <!-- test loading of binary file -->
        <x:context label="A binary file (image file)">
            <x:document type="file" method="binary" href="document-1.resources/image.png"/>
        </x:context>
        <x:expect label="Should contain the expected bytes" type="compare">
            <x:document type="inline">
                <c:body>iVBORw0KGgoAAAANSUhEUgAAAFcAAAASCAYAAAAuXUKzAAAABmJLR0QA/wD/AP+gvaeTAAAACXBI
WXMAAAsTAAALEwEAmpwYAAAAB3RJTUUH3QkEDg4ejhRtkAAAABl0RVh0Q29tbWVudABDcmVhdGVk
IHdpdGggR0lNUFeBDhcAAAQwSURBVFjD7VjPK3xfGH7ujPFryIwUGsOGBRNJ5EcWdiTFMCRWElYW
pOEPsBpLOyNSRBYUjQ2iFJIpZTVTg81s6GIajZFpns/i+3UZc5kx+Man71tn8973Ped5n3vu855z
BQAEAJKIZIIgINrYn24ejwejo6Ow2Wxwu90gCZKyNX6mbv6TF9k+EvvTra+vT6rnZV1yNcZat+JD
b+Hft/s3mM1mAwBsbGwgEAhIdX1ljcJHZOFvMoVCAZIIBoPSZ//VcijtXJ/Ph4GBAWRkZCA1NRVG
oxEXFxdhi7wG8uTz+Xzo7e1FWloaMjIyMDY2FgZmc3MTTU1N0Gg0SE5ORk1NDba3t2WLEQQB9/f3
GBwcRGZmJuLi4uB0OqFUKqFWqyGKYlje7e0tUlJSoFQq4XA43iRKEAQJm0KhkHwvRzQ2Pz+Puro6
aDQaJCQkID8/H2azGR6PJ1RzW1tbwzQoJyeHoii+qz1PPpPJFJY/OTkpG/tyqFQqHh8fy8a1tbWF
aWJ7ezsBcHx8PEzjLBYLAbClpSVi34g03tPcYDDIrq6uN3MNBgM9Hg8lcvPy8ri7u0uv18udnR3m
5uYSAM1mc1TklpWV8fT0lLe3t+zv7ycAlpeXh8SaTCba7Xb6/X66XC4ajUYCYGdnp+ycOp2ONpuN
Xq9Xema32wmA2dnZfHh4kPyPj4/U6/UEwP39/ZibczTkWq1WafMtLy/z6uqKPp+P+/v7rKioIACO
jo4+k7u2thYy4erqKgGwsLAwqoUPDw8ln9vtJgCq1ep3C7y8vCQA6vV62TlXVlZk8+rr6wmAs7Oz
km9paYkAWFtb+6mTTzTkVlZWEgD39vbC8l0uFwGwoKDgmdybm5uQoOvrawJgYmJiVAv7/f6Qz+Z1
bCAQ4MTEBEtLS5mcnBzyGcXHx8vOeX19LUvM7u4uAbCkpETyVVVVyW6S7yD3Nf635O7LyI0Ecmho
KGaNk7OamhoC4ObmJg8ODgiARUVFDAaD305uUlJStNr9NbIQCWR6ejoBcG5ujqIoMhAIUBTFmMld
X18nADY0NLCjo4MAODMzE/UB/zPklpeXEwCPjo4irfE1DS0SSK1WSwBcXV2VGtrL08BHyQ0Ggywu
LqYgCFQqldTpdCEN7jvJnZmZIQBmZWXRarXy/PycPp+Pfr+fDoeDU1NTrK6ufib3qXPHehSLBFLu
6NLS0vKp6+bCwoIUa7FYPnQ1/Qy5JDk4OBi9LNzd3bG3t5darZZqtZrNzc08OzuLaWE5vyiK7O7u
Znp6OjUaDXt6euj1ej9FrtPpJACmpaXR4/H8p+SS5NbWFk0mE3U6HVUqFZOSkmgwGDg8PMyTkxP+
6r8w09PTBMCRkZEfiU/xW/8N3NzcYHFxEQDQ09PzIzHG/UZiX979GxsbUVRU9D+5X2mJiYmoq6uD
1Wr9sRj/AOniXBAMU5s4AAAAAElFTkSuQmCC</c:body>
            </x:document>
        </x:expect>
        
        <!-- test loading of xhtml5 file -->
        <x:context label="An XHTML5 file (well-formed XML)">
            <x:document type="file" method="html" href="document-1.resources/xhtml5.html"/>
        </x:context>
        <x:expect label="Should contain the expected content" type="compare">
            <x:document type="inline">
                <html xmlns="http://www.w3.org/1999/xhtml">
                    <head>
                        <title>Title</title>
                    </head>
                    <body>
                        <h1>XHTML5</h1>
                        <p>This is an HTML5-file which is well-formed XML.</p>
                    </body>
                </html>
            </x:document>
        </x:expect>
        
        <!-- test loading of html5 file -->
        <x:context label="An HTML5 file (not well-formed XML)">
            <x:document type="file" method="html" href="document-1.resources/html5.html"/>
        </x:context>
        <x:expect label="Should contain the expected content" type="compare">
            <x:document type="inline">
                <html xmlns="http://www.w3.org/1999/xhtml">
                    <head>
                        <title>Title</title>
                    </head>
                    <body>
                        <h1>HTML5</h1>
                        <p>This is a <b><i>HTML5</i></b><i>-file</i> which is *not* well-formed XML.</p>
                    </body>
                </html>
            </x:document>
        </x:expect>
    </x:scenario>

</x:description></x:document>
        </x:context><x:expect type="xpath" label="The loaded document should be itself (x:description as root element)" test="local-name(/*)" equals="'description'" contextref="context3"/><x:context label="an inline 'test' element" id="context4">
            <x:document xml:base="file:/home/jostein/xprocspec/src/test/xprocspec/tests/document-1.xprocspec" xml:space="preserve" type="inline">
                <test/>
            </x:document>
        </x:context><x:expect type="count" label="There should be one inline document" min="1" max="1" contextref="context4"/><x:expect type="xpath" label="The inline document should have a 'test' root element" test="local-name(/*)" equals="'test'" contextref="context4"/><x:expect type="xpath" label="The base URI should be that of the xprocspec test document" test="base-uri(/*)" equals="$test-base-uri" contextref="context4"/><x:context label="an inline 'test' element with base-uri set to 'temp-dir'" id="context5">
            <x:document xml:base="file:/tmp/xprocspec-20130905160023007/xprocspec-20130905160040833/" base-uri="temp-dir" xml:space="preserve" type="inline">
                <test/>
            </x:document>
        </x:context><x:expect type="xpath" label="The base URI should be that of the temporary directory" test="base-uri(/*)" equals="$temp-dir" contextref="context5"/><x:context label="an inline 'test' element with base-uri set to 'temp-dir' and the document element having a relative xml:base" id="context6">
            <x:document xml:base="file:/tmp/xprocspec-20130905160023007/xprocspec-20130905160040833/" base-uri="temp-dir" xml:space="preserve" type="inline">
                <test xml:base="file.xml"/>
            </x:document>
        </x:context><x:expect type="xpath" label="The base URI should be that of the temporary directory" test="base-uri(/*)" equals="resolve-uri('file.xml',$temp-dir)" contextref="context6"/><x:context label="the './document-1.resources/' directory; non-recursive" id="context7">
            <x:document xml:base="file:/home/jostein/xprocspec/src/test/xprocspec/tests/document-1.resources" xml:space="preserve" type="inline"><c:directory name="document-1.resources">
    <c:file name="html5.html"/>
    <c:file name="image.png"/>
    <c:directory name="recursive1"/>
    <c:directory name="recursive2"/>
    <c:file name="text.txt"/>
    <c:file name="xhtml5.html"/>
    <c:file name="xml.xml"/>
</c:directory></x:document>
        </x:context><x:expect type="compare" label="The directory listing should equal the predefined non-recursive directory listing" contextref="context7">
            <x:document xml:base="file:/home/jostein/xprocspec/src/test/xprocspec/tests/document-1.xprocspec" xml:space="preserve" type="inline">
                <c:directory name="document-1.resources">
                    <c:file name="html5.html"/>
                    <c:file name="image.png"/>
                    <c:directory name="recursive1"/>
                    <c:directory name="recursive2"/>
                    <c:file name="text.txt"/>
                    <c:file name="xhtml5.html"/>
                    <c:file name="xml.xml"/>
                </c:directory>
            </x:document>
        </x:expect><x:context label="the './document-1.resources/' directory; recursive" id="context8">
            <x:document xml:base="file:/home/jostein/xprocspec/src/test/xprocspec/tests/document-1.resources" xml:space="preserve" type="inline"><c:directory name="document-1.resources">
    <c:file name="html5.html"/>
    <c:file name="image.png"/>
    <c:directory name="recursive1">
        <c:file name="file1"/>
        <c:file name="file2"/>
        <c:directory name="recursive11">
            <c:file name="file11"/>
            <c:file name="file12"/>
            <c:file name="file13"/>
        </c:directory>
        <c:directory name="recursive12">
            <c:file name="file21"/>
        </c:directory>
    </c:directory>
    <c:directory name="recursive2">
        <c:file name="file21"/>
    </c:directory>
    <c:file name="text.txt"/>
    <c:file name="xhtml5.html"/>
    <c:file name="xml.xml"/>
</c:directory></x:document>
        </x:context><x:expect type="compare" label="The directory listing should equal the predefined recursive directory listing" contextref="context8">
            <x:document xml:base="file:/home/jostein/xprocspec/src/test/xprocspec/tests/document-1.xprocspec" xml:space="preserve" type="inline">
                <c:directory name="document-1.resources">
                    <c:file name="html5.html"/>
                    <c:file name="image.png"/>
                    <c:directory name="recursive1">
                        <c:file name="file1"/>
                        <c:file name="file2"/>
                        <c:directory name="recursive11">
                            <c:file name="file11"/>
                            <c:file name="file12"/>
                            <c:file name="file13"/>
                        </c:directory>
                        <c:directory name="recursive12">
                            <c:file name="file21"/>
                        </c:directory>
                    </c:directory>
                    <c:directory name="recursive2">
                        <c:file name="file21"/>
                    </c:directory>
                    <c:file name="text.txt"/>
                    <c:file name="xhtml5.html"/>
                    <c:file name="xml.xml"/>
                </c:directory>
            </x:document>
        </x:expect><x:context label="The [doc1,doc2] sequence: position=1" id="context9">
            <x:document xml:base="file:/home/jostein/xprocspec/src/test/xprocspec/tests/document-1.xprocspec" xml:space="preserve" type="inline"><doc1 xmlns:ex="http://example.net/ns"/></x:document>
        </x:context><x:expect label="Should be doc1" type="compare" contextref="context9">
            <x:document xml:base="file:/home/jostein/xprocspec/src/test/xprocspec/tests/document-1.xprocspec" xml:space="preserve" type="inline">
                <doc1/>
            </x:document>
        </x:expect><x:context label="The [doc1,doc2] sequence: position=2" id="context10">
            <x:document xml:base="file:/home/jostein/xprocspec/src/test/xprocspec/tests/document-1.xprocspec" xml:space="preserve" type="inline"><doc2 xmlns:ex="http://example.net/ns"/></x:document>
        </x:context><x:expect label="Should be doc2" type="compare" contextref="context10">
            <x:document xml:base="file:/home/jostein/xprocspec/src/test/xprocspec/tests/document-1.xprocspec" xml:space="preserve" type="inline">
                <doc2/>
            </x:document>
        </x:expect><x:context label="The [doc1,doc2] sequence: position=all" id="context11">
            <x:document xml:base="file:/home/jostein/xprocspec/src/test/xprocspec/tests/document-1.xprocspec" xml:space="preserve" type="inline"><doc1 xmlns:ex="http://example.net/ns"/></x:document><x:document xml:base="file:/home/jostein/xprocspec/src/test/xprocspec/tests/document-1.xprocspec" xml:space="preserve" type="inline"><doc2 xmlns:ex="http://example.net/ns"/></x:document>
        </x:context><x:expect label="Should be both doc1 and doc2" type="compare" contextref="context11">
            <x:document xml:base="file:/home/jostein/xprocspec/src/test/xprocspec/tests/document-1.xprocspec" xml:space="preserve" type="inline">
                <doc1/>
            </x:document>
            <x:document xml:base="file:/home/jostein/xprocspec/src/test/xprocspec/tests/document-1.xprocspec" xml:space="preserve" type="inline">
                <doc2/>
            </x:document>
        </x:expect><x:context label="The [doc1,doc2] sequence: position=last" id="context12">
            <x:document xml:base="file:/home/jostein/xprocspec/src/test/xprocspec/tests/document-1.xprocspec" xml:space="preserve" type="inline"><doc2 xmlns:ex="http://example.net/ns"/></x:document>
        </x:context><x:expect label="Should be doc2" type="compare" contextref="context12">
            <x:document xml:base="file:/home/jostein/xprocspec/src/test/xprocspec/tests/document-1.xprocspec" xml:space="preserve" type="inline">
                <doc2/>
            </x:document>
        </x:expect><x:context label="A text file" id="context13">
            <x:document xml:base="file:/home/jostein/xprocspec/src/test/xprocspec/tests/document-1.xprocspec" xml:space="preserve" type="inline"><c:body>This is a text file.
It has two lines.
</c:body></x:document>
        </x:context><x:expect label="Should contain the expected text" type="compare" contextref="context13">
            <x:document xml:base="file:/home/jostein/xprocspec/src/test/xprocspec/tests/document-1.xprocspec" xml:space="preserve" type="inline">
                <c:body>This is a text file.
It has two lines.</c:body>
            </x:document>
        </x:expect><x:context label="A binary file (image file)" id="context14">
            <x:document xml:base="file:/home/jostein/xprocspec/src/test/xprocspec/tests/document-1.xprocspec" xml:space="preserve" type="inline"><c:body>iVBORw0KGgoAAAANSUhEUgAAAFcAAAASCAYAAAAuXUKzAAAABmJLR0QA/wD/AP+gvaeTAAAACXBI
WXMAAAsTAAALEwEAmpwYAAAAB3RJTUUH3QkEDg4ejhRtkAAAABl0RVh0Q29tbWVudABDcmVhdGVk
IHdpdGggR0lNUFeBDhcAAAQwSURBVFjD7VjPK3xfGH7ujPFryIwUGsOGBRNJ5EcWdiTFMCRWElYW
pOEPsBpLOyNSRBYUjQ2iFJIpZTVTg81s6GIajZFpns/i+3UZc5kx+Man71tn8973Ped5n3vu855z
BQAEAJKIZIIgINrYn24ejwejo6Ow2Wxwu90gCZKyNX6mbv6TF9k+EvvTra+vT6rnZV1yNcZat+JD
b+Hft/s3mM1mAwBsbGwgEAhIdX1ljcJHZOFvMoVCAZIIBoPSZ//VcijtXJ/Ph4GBAWRkZCA1NRVG
oxEXFxdhi7wG8uTz+Xzo7e1FWloaMjIyMDY2FgZmc3MTTU1N0Gg0SE5ORk1NDba3t2WLEQQB9/f3
GBwcRGZmJuLi4uB0OqFUKqFWqyGKYlje7e0tUlJSoFQq4XA43iRKEAQJm0KhkHwvRzQ2Pz+Puro6
aDQaJCQkID8/H2azGR6PJ1RzW1tbwzQoJyeHoii+qz1PPpPJFJY/OTkpG/tyqFQqHh8fy8a1tbWF
aWJ7ezsBcHx8PEzjLBYLAbClpSVi34g03tPcYDDIrq6uN3MNBgM9Hg8lcvPy8ri7u0uv18udnR3m
5uYSAM1mc1TklpWV8fT0lLe3t+zv7ycAlpeXh8SaTCba7Xb6/X66XC4ajUYCYGdnp+ycOp2ONpuN
Xq9Xema32wmA2dnZfHh4kPyPj4/U6/UEwP39/ZibczTkWq1WafMtLy/z6uqKPp+P+/v7rKioIACO
jo4+k7u2thYy4erqKgGwsLAwqoUPDw8ln9vtJgCq1ep3C7y8vCQA6vV62TlXVlZk8+rr6wmAs7Oz
km9paYkAWFtb+6mTTzTkVlZWEgD39vbC8l0uFwGwoKDgmdybm5uQoOvrawJgYmJiVAv7/f6Qz+Z1
bCAQ4MTEBEtLS5mcnBzyGcXHx8vOeX19LUvM7u4uAbCkpETyVVVVyW6S7yD3Nf635O7LyI0Ecmho
KGaNk7OamhoC4ObmJg8ODgiARUVFDAaD305uUlJStNr9NbIQCWR6ejoBcG5ujqIoMhAIUBTFmMld
X18nADY0NLCjo4MAODMzE/UB/zPklpeXEwCPjo4irfE1DS0SSK1WSwBcXV2VGtrL08BHyQ0Ggywu
LqYgCFQqldTpdCEN7jvJnZmZIQBmZWXRarXy/PycPp+Pfr+fDoeDU1NTrK6ufib3qXPHehSLBFLu
6NLS0vKp6+bCwoIUa7FYPnQ1/Qy5JDk4OBi9LNzd3bG3t5darZZqtZrNzc08OzuLaWE5vyiK7O7u
Znp6OjUaDXt6euj1ej9FrtPpJACmpaXR4/H8p+SS5NbWFk0mE3U6HVUqFZOSkmgwGDg8PMyTkxP+
6r8w09PTBMCRkZEfiU/xW/8N3NzcYHFxEQDQ09PzIzHG/UZiX979GxsbUVRU9D+5X2mJiYmoq6uD
1Wr9sRj/AOniXBAMU5s4AAAAAElFTkSuQmCC
</c:body></x:document>
        </x:context><x:expect label="Should contain the expected bytes" type="compare" contextref="context14">
            <x:document xml:base="file:/home/jostein/xprocspec/src/test/xprocspec/tests/document-1.xprocspec" xml:space="preserve" type="inline">
                <c:body>iVBORw0KGgoAAAANSUhEUgAAAFcAAAASCAYAAAAuXUKzAAAABmJLR0QA/wD/AP+gvaeTAAAACXBI
WXMAAAsTAAALEwEAmpwYAAAAB3RJTUUH3QkEDg4ejhRtkAAAABl0RVh0Q29tbWVudABDcmVhdGVk
IHdpdGggR0lNUFeBDhcAAAQwSURBVFjD7VjPK3xfGH7ujPFryIwUGsOGBRNJ5EcWdiTFMCRWElYW
pOEPsBpLOyNSRBYUjQ2iFJIpZTVTg81s6GIajZFpns/i+3UZc5kx+Man71tn8973Ped5n3vu855z
BQAEAJKIZIIgINrYn24ejwejo6Ow2Wxwu90gCZKyNX6mbv6TF9k+EvvTra+vT6rnZV1yNcZat+JD
b+Hft/s3mM1mAwBsbGwgEAhIdX1ljcJHZOFvMoVCAZIIBoPSZ//VcijtXJ/Ph4GBAWRkZCA1NRVG
oxEXFxdhi7wG8uTz+Xzo7e1FWloaMjIyMDY2FgZmc3MTTU1N0Gg0SE5ORk1NDba3t2WLEQQB9/f3
GBwcRGZmJuLi4uB0OqFUKqFWqyGKYlje7e0tUlJSoFQq4XA43iRKEAQJm0KhkHwvRzQ2Pz+Puro6
aDQaJCQkID8/H2azGR6PJ1RzW1tbwzQoJyeHoii+qz1PPpPJFJY/OTkpG/tyqFQqHh8fy8a1tbWF
aWJ7ezsBcHx8PEzjLBYLAbClpSVi34g03tPcYDDIrq6uN3MNBgM9Hg8lcvPy8ri7u0uv18udnR3m
5uYSAM1mc1TklpWV8fT0lLe3t+zv7ycAlpeXh8SaTCba7Xb6/X66XC4ajUYCYGdnp+ycOp2ONpuN
Xq9Xema32wmA2dnZfHh4kPyPj4/U6/UEwP39/ZibczTkWq1WafMtLy/z6uqKPp+P+/v7rKioIACO
jo4+k7u2thYy4erqKgGwsLAwqoUPDw8ln9vtJgCq1ep3C7y8vCQA6vV62TlXVlZk8+rr6wmAs7Oz
km9paYkAWFtb+6mTTzTkVlZWEgD39vbC8l0uFwGwoKDgmdybm5uQoOvrawJgYmJiVAv7/f6Qz+Z1
bCAQ4MTEBEtLS5mcnBzyGcXHx8vOeX19LUvM7u4uAbCkpETyVVVVyW6S7yD3Nf635O7LyI0Ecmho
KGaNk7OamhoC4ObmJg8ODgiARUVFDAaD305uUlJStNr9NbIQCWR6ejoBcG5ujqIoMhAIUBTFmMld
X18nADY0NLCjo4MAODMzE/UB/zPklpeXEwCPjo4irfE1DS0SSK1WSwBcXV2VGtrL08BHyQ0Ggywu
LqYgCFQqldTpdCEN7jvJnZmZIQBmZWXRarXy/PycPp+Pfr+fDoeDU1NTrK6ufib3qXPHehSLBFLu
6NLS0vKp6+bCwoIUa7FYPnQ1/Qy5JDk4OBi9LNzd3bG3t5darZZqtZrNzc08OzuLaWE5vyiK7O7u
Znp6OjUaDXt6euj1ej9FrtPpJACmpaXR4/H8p+SS5NbWFk0mE3U6HVUqFZOSkmgwGDg8PMyTkxP+
6r8w09PTBMCRkZEfiU/xW/8N3NzcYHFxEQDQ09PzIzHG/UZiX979GxsbUVRU9D+5X2mJiYmoq6uD
1Wr9sRj/AOniXBAMU5s4AAAAAElFTkSuQmCC</c:body>
            </x:document>
        </x:expect><x:context label="An XHTML5 file (well-formed XML)" id="context15">
            <x:document xml:base="file:/home/jostein/xprocspec/src/test/xprocspec/tests/document-1.xprocspec" xml:space="preserve" type="inline"><html xmlns="http://www.w3.org/1999/xhtml">
    <head>
        <title>Title</title>
    </head>
    <body>
        <h1>XHTML5</h1>
        <p>This is an HTML5-file which is well-formed XML.</p>
    </body>
</html></x:document>
        </x:context><x:expect label="Should contain the expected content" type="compare" contextref="context15">
            <x:document xml:base="file:/home/jostein/xprocspec/src/test/xprocspec/tests/document-1.xprocspec" xml:space="preserve" type="inline">
                <html xmlns="http://www.w3.org/1999/xhtml">
                    <head>
                        <title>Title</title>
                    </head>
                    <body>
                        <h1>XHTML5</h1>
                        <p>This is an HTML5-file which is well-formed XML.</p>
                    </body>
                </html>
            </x:document>
        </x:expect><x:context label="An HTML5 file (not well-formed XML)" id="context16">
            <x:document xml:base="file:/home/jostein/xprocspec/src/test/xprocspec/tests/document-1.xprocspec" xml:space="preserve" type="inline"><html xmlns="http://www.w3.org/1999/xhtml"><head>
    <title>Title</title>
</head>
<body>
    <h1>HTML5</h1>
    <p>This is a <b><i>HTML5</i></b><i>-file</i> which is *not* well-formed XML.</p>

</body></html></x:document>
        </x:context><x:expect label="Should contain the expected content" type="compare" contextref="context16">
            <x:document xml:base="file:/home/jostein/xprocspec/src/test/xprocspec/tests/document-1.xprocspec" xml:space="preserve" type="inline">
                <html xmlns="http://www.w3.org/1999/xhtml">
                    <head>
                        <title>Title</title>
                    </head>
                    <body>
                        <h1>HTML5</h1>
                        <p>This is a <b><i>HTML5</i></b><i>-file</i> which is *not* well-formed XML.</p>
                    </body>
                </html>
            </x:document>
        </x:expect></x:scenario><x:output port="result.document.primary"><x:document xml:base="file:/home/jostein/xprocspec/src/test/xprocspec/tests/document-1.xprocspec" xml:space="preserve" type="inline">
            <source.document.primary.default xmlns:ex="http://example.net/ns"/>
        </x:document></x:output><x:output port="result.document.secondary.sequence"><x:document xml:base="file:/home/jostein/xprocspec/src/test/xprocspec/tests/document-1.xprocspec" xml:space="preserve" type="inline"><doc1 xmlns:e="http://example.net/ns" xmlns:ex="http://example.net/ns"/></x:document><x:document xml:base="file:/home/jostein/xprocspec/src/test/xprocspec/tests/document-1.xprocspec" xml:space="preserve" type="inline"><doc2 xmlns:e="http://example.net/ns" xmlns:ex="http://example.net/ns"/></x:document></x:output><x:output port="result.document.secondary.select-children"><x:document xml:base="file:/home/jostein/xprocspec/src/test/xprocspec/steps/identity.xpl" xml:space="preserve" type="inline"><default xmlns:ex="http://example.net/ns"/></x:document><x:document xml:base="file:/home/jostein/xprocspec/src/test/xprocspec/steps/identity.xpl" xml:space="preserve" type="inline"><default xmlns:ex="http://example.net/ns"/></x:document></x:output><x:output port="result.parameter.primary"><x:document xml:base="file:/home/jostein/xprocspec/src/test/xprocspec/steps/identity.xpl" xml:space="preserve" type="inline"><c:param-set/></x:document></x:output><x:output port="options"><x:document xml:base="file:/home/jostein/xprocspec/src/test/xprocspec/steps/identity.xpl" xml:space="preserve" type="inline">
                <c:options xmlns:ex="http://example.net/ns">
                    
                    <c:option name="option.required" value=""/>
                    <c:option name="option.default" value="default"/>
                </c:options>
            </x:document></x:output><x:test-result contextref="context0" result="passed" max="1" min="1" label="There should be a single document on the options port" type="count">
                                                        <x:expected>At least 1 and at most 1 documents.</x:expected>
                                                    <x:was>1</x:was></x:test-result><x:test-result contextref="context1" result="passed" max="1" min="1" label="There should be a single document on the primary input port" type="count">
                                                        <x:expected>At least 1 and at most 1 documents.</x:expected>
                                                    <x:was>1</x:was></x:test-result><x:test-result contextref="context2" result="passed" max="0" label="There should be no errors" type="count">
                                                        <x:expected>At most 0 documents.</x:expected>
                                                    <x:was>0</x:was></x:test-result><x:test-result contextref="context3" result="passed" test="local-name(/*)" label="The loaded document should be itself (x:description as root element)" type="xpath" equals="'description'"><x:expected xml:space="preserve">XPath: 'description'
Value: description</x:expected><x:was xml:space="preserve">XPath: local-name(/*)
Value: description</x:was></x:test-result><x:test-result contextref="context4" result="passed" max="1" min="1" label="There should be one inline document" type="count">
                                                        <x:expected>At least 1 and at most 1 documents.</x:expected>
                                                    <x:was>1</x:was></x:test-result><x:test-result contextref="context4" result="passed" test="local-name(/*)" label="The inline document should have a 'test' root element" type="xpath" equals="'test'"><x:expected xml:space="preserve">XPath: 'test'
Value: test</x:expected><x:was xml:space="preserve">XPath: local-name(/*)
Value: test</x:was></x:test-result><x:test-result contextref="context4" result="passed" test="base-uri(/*)" label="The base URI should be that of the xprocspec test document" type="xpath" equals="$test-base-uri"><x:expected xml:space="preserve">XPath: $test-base-uri
Value: file:/home/jostein/xprocspec/src/test/xprocspec/tests/document-1.xprocspec</x:expected><x:was xml:space="preserve">XPath: base-uri(/*)
Value: file:/home/jostein/xprocspec/src/test/xprocspec/tests/document-1.xprocspec</x:was></x:test-result><x:test-result contextref="context5" result="passed" test="base-uri(/*)" label="The base URI should be that of the temporary directory" type="xpath" equals="$temp-dir"><x:expected xml:space="preserve">XPath: $temp-dir
Value: file:/tmp/xprocspec-20130905160023007/xprocspec-20130905160040833/</x:expected><x:was xml:space="preserve">XPath: base-uri(/*)
Value: file:/tmp/xprocspec-20130905160023007/xprocspec-20130905160040833/</x:was></x:test-result><x:test-result contextref="context6" result="passed" test="base-uri(/*)" label="The base URI should be that of the temporary directory" type="xpath" equals="resolve-uri('file.xml',$temp-dir)"><x:expected xml:space="preserve">XPath: resolve-uri('file.xml',$temp-dir)
Value: file:/tmp/xprocspec-20130905160023007/xprocspec-20130905160040833/file.xml</x:expected><x:was xml:space="preserve">XPath: base-uri(/*)
Value: file:/tmp/xprocspec-20130905160023007/xprocspec-20130905160040833/file.xml</x:was></x:test-result><x:test-result contextref="context7" result="passed" label="The directory listing should equal the predefined non-recursive directory listing" type="compare"/><x:test-result contextref="context8" result="passed" label="The directory listing should equal the predefined recursive directory listing" type="compare"/><x:test-result contextref="context9" result="passed" label="Should be doc1" type="compare"/><x:test-result contextref="context10" result="passed" label="Should be doc2" type="compare"/><x:test-result contextref="context11" result="passed" label="Should be both doc1 and doc2" type="compare"/><x:test-result contextref="context12" result="passed" label="Should be doc2" type="compare"/><x:test-result contextref="context13" result="passed" label="Should contain the expected text" type="compare"/><x:test-result contextref="context14" result="passed" label="Should contain the expected bytes" type="compare"/><x:test-result contextref="context15" result="passed" label="Should contain the expected content" type="compare"/><x:test-result contextref="context16" result="passed" label="Should contain the expected content" type="compare"/></x:description></x:test-report></x:document></x:output><x:output port="html"><x:document xml:base="file:/home/jostein/xprocspec/src/main/resources/content/xml/xproc/report/report-template.xhtml" xml:space="preserve" type="inline"><html xmlns="http://www.w3.org/1999/xhtml"><head><title>Test Report for file:/home/jostein/xprocspec/src/test/xprocspec/tests/document-1.xprocspec (passed:19 / pending:0 / failed:0 / errors:0 / total:19)</title>
        <meta charset="utf-8"/>
        <style type="text/css" xml:space="preserve">/**/
/****************************************************************************/
/*  File:       test-report.css                                             */
/*  Author:     Jeni Tennsion                                               */
/*  URI:        http://xspec.googlecode.com/                                */
/*  Tags:                                                                   */
/*    Copyright (c) 2008, 2010 Jeni Tennsion (see end of file.)             */
/* ------------------------------------------------------------------------ */


/* test */

/* box model */

body {
	margin-right: 1em;
	/*margin-left: 10%;*/
	}

h1 {
	padding: 0.3em 0.5em 0.3em 0.5em;
	position: relative;
	}

h2 {
	padding: 0.1em 0.5em 0.2em 0.5em;
	}

h3 {
	padding-left: 0.6em;
	}

h4 {
	padding-left: 0.8em;
	}

p, table {
	/*margin-left: 5%;*/
	}

dd ul, dd ol {
	margin-left: 0%;
	}

li ul, li ol {
	/*margin-left: 5%;*/
	}

dl, ul, ol, blockquote {
	/*margin-left: 10%;*/
	}

dt {
  padding-top: 3px;
  padding-bottom: 3px;
	clear: both;
	}

dd p {
	/*margin-left: -5px;*/
	margin-top: 5px;
	clear: both;
	}

p.link {
	margin-top: 4px;
	margin-bottom: 0px;
	clear: both;
	}

tr td, td p, li, li p {
	margin-left: 0%;
	}

td:nth-child(2) {
	padding-left: 5%;
	}

.link img, dt img {
	vertical-align: middle;
	position: relative;
	top: -5px;
	}

img {
	position: relative;
	}

#xml-link {
	position: absolute;
	left: 5px;
	top: 5px;
	width: 10%;
	margin-left: 0%;
	}

#link-up {
	position: absolute;
	left: 93%;
	right: 2em;
	top: 0.3em;
	}

#link-top {
	position: absolute;
	left: 89%;
	right: 4em;
	top: 0.3em;
	}
	
.popup {
	display: block;
	visibility: hidden;
	float: right;
	position: absolute;
	top: 5px;
	left: -200px;
	z-index: 1;
	padding: 0.3em;
	width: 220px;
	}

.note {
	position: relative;
	}

.post {
	/*margin-left: 5%;*/
	padding-top: 1em;
	}
	
.example, .sidebar {
  /*margin-left: 5%;*/
  margin-top: 1em;
  margin-bottom: 1em;
  }

/*pre {
	padding-left: 5%;
	margin-left: 5%;
	}*/

/*dd pre, li pre {
	padding-left: 5%;
	}*/

/* fonts */
/* Oxygen  */
body, table {
    font-family:arial, helvetica, sans-serif;
    font-size:12px;
}
/* Oxygen  */

/*body {
	font-family: Verdana, arial, sans-serif;
	font-size: small;
	}*/	

/*h1, h2, h3, h4, h5, h6 {
	font-family: 'trebuchet MS', arial, sans-serif;
	}*/

h1 {
	font-size: 173%;
	font-weight: bold;
	}

h2 {
	font-size: 144%;
	font-weight: normal;
	}

h3 {
	font-size: 120%;
	font-weight: normal;
	}

h4 {
  font-size: 100%;
  font-weight: bold;
}

dt {
	font-weight: bold;
	}

a:link, a:visited, a:active, a:hover {
	font-weight: bold;
	}

a.offsite:link, a.offsite:visited, a.offsite:active, a.offsite:hover {
	font-weight: normal;
	}

/* suppress the normal italics */
address {
	font-style: normal;
	}

div.example, .sidebar {
  font-family: Verdana, arial, sans-serif;
  font-size: 100%;
  }


.note, .link {
	font-family: Verdana, arial, sans-serif;
	/*font-size: 83%;*/
	}

/*.example, .string, .rtf, .code, pre, code {
	font-family: "Lucida Console", "Courier New", monospace;*/
  /*font-size: 83%;*/
/*	}*/

.boolean {
	font-style: italic;
	}

#colophon, #xml-link {
	font-size: 69%;
	}

.question, .title {
	font-weight: bold;
	}

/* colours */
body {
	background-color: white;
	color: black;
	border: 0px none black;
	}

/* this is to make Navigator fill the entire line */
h1, h2 {
	border: 1px solid white;
	width: auto;
	}

h1 {
	/*background: #606;*/
	/*color: #6F6;*/
	}

h2 {
	color: #606;
	/*background: #CFC;*/
	}

hr {
	color: #606;
	background: white;
	}

img, a:link img, a:visited img, a:hover img, a:active img, #link-up img, #link-top img {
	border: 0px none white;
	background: transparent;
	}

/* OXYGEN */
a, a:visited {
    color:rgb(0, 0, 150);
    background-color:inherit;
    font-weight: bold;
}
a:link, a:visited {
    text-decoration:none; 
}
a:hover {
    text-decoration:underline;
}

/* OXYGEN */

a.img:hover, a.img:active {
	background: transparent;
	}

#colophon, #xml-link, .note {
	color: #666;
	}

#colophon a:link, #colophon a:visited, #colophon a:hover,
#xml-link a:link, #xml-link a:visited, #xml-link a:hover,
.note a:link, .note a:visited, .note a:hover {
	color: #969;
	background: transparent;
	}

#colophon a:hover, #xml-link a:hover, .note a:hover {
	background: #CFC;
	color: #969;
	}

.popup {
	background: white;
	border: 1px solid #606;
	}

.post {
	border-top: 2px solid #606;
	}
	
.example {
  border-top: 2px solid #606;
  border-bottom: 2px solid #606;
  }
  
.sidebar {
  border-top: 2px solid #090;
  border-bottom: 2px solid #090;
  }
  
.rng {
  border-left: 2px solid #666;
  }

.same {
  background-color: rgb(206, 239, 174);
}

.diff {
  background-color: #FCC;
}

.whitespace {
	font-style: italic;
	color: #999;
	background: white;
}

.ignored {
  font-style: italic;
  color: #999;
  background: white;
}

.hit {
}

.missed {
  background-color: #A33;
  color: white;
}

/* text */
ol ol li {
	list-style: lower-alpha;
	}

th {
	text-align: left;
	}

td {
	vertical-align: top;
	}

h1 {
	text-transform: uppercase;
	}

h2, h3 {
	/*text-transform: capitalize;*/
	}

.question {
	text-indent: -33px;
	}

.byline {
	text-align: right;
	}

#link-top, #link-up {
	text-align: right;
	}

a {
	text-decoration: none;
	}

table { width: 85%;
        /* border: collapse; */ }

th { text-align: left; }

.xspec tbody th { font-weight: normal; /*font-size: 0.8em;*/ border-top: 1px #666 solid; }
.xspec tbody td { /*font-size: 0.8em;*/ color: #666; }

.successful.label th, .successful.label td { background-color: #CFC; }
.pending.label th, .pending.label td { background-color: #DDD; color: #666; }
.failed.label th, .failed.label td { background-color: #FCC; }
.error.label th, .error.label td { background-color: #FAA; }
/*body &gt; table tbody .failed.label th:first-child:before {content:url(data:image/png;base64,iVBORw0KGgoAAAANSUhEUgAAAAwAAAAMCAYAAABWdVznAAAAGXRFWHRTb2Z0d2FyZQBBZG9iZSBJbWFnZVJlYWR5ccllPAAAA2ZpVFh0WE1MOmNvbS5hZG9iZS54bXAAAAAAADw/eHBhY2tldCBiZWdpbj0i77u/IiBpZD0iVzVNME1wQ2VoaUh6cmVTek5UY3prYzlkIj8+IDx4OnhtcG1ldGEgeG1sbnM6eD0iYWRvYmU6bnM6bWV0YS8iIHg6eG1wdGs9IkFkb2JlIFhNUCBDb3JlIDUuMy1jMDExIDY2LjE0NTY2MSwgMjAxMi8wMi8wNi0xNDo1NjoyNyAgICAgICAgIj4gPHJkZjpSREYgeG1sbnM6cmRmPSJodHRwOi8vd3d3LnczLm9yZy8xOTk5LzAyLzIyLXJkZi1zeW50YXgtbnMjIj4gPHJkZjpEZXNjcmlwdGlvbiByZGY6YWJvdXQ9IiIgeG1sbnM6eG1wTU09Imh0dHA6Ly9ucy5hZG9iZS5jb20veGFwLzEuMC9tbS8iIHhtbG5zOnN0UmVmPSJodHRwOi8vbnMuYWRvYmUuY29tL3hhcC8xLjAvc1R5cGUvUmVzb3VyY2VSZWYjIiB4bWxuczp4bXA9Imh0dHA6Ly9ucy5hZG9iZS5jb20veGFwLzEuMC8iIHhtcE1NOk9yaWdpbmFsRG9jdW1lbnRJRD0ieG1wLmRpZDpCQjU0NjU4QjIyQTNFMTExQkI5Rjk5QkQ4RkQ5RUJFQiIgeG1wTU06RG9jdW1lbnRJRD0ieG1wLmRpZDpEQTUyOTdBQUEzRDUxMUUxQTQwN0YzMUI0Nzg3NDU1RSIgeG1wTU06SW5zdGFuY2VJRD0ieG1wLmlpZDpEQTUyOTdBOUEzRDUxMUUxQTQwN0YzMUI0Nzg3NDU1RSIgeG1wOkNyZWF0b3JUb29sPSJBZG9iZSBQaG90b3Nob3AgQ1M2IChXaW5kb3dzKSI+IDx4bXBNTTpEZXJpdmVkRnJvbSBzdFJlZjppbnN0YW5jZUlEPSJ4bXAuaWlkOjQ4MTZDRTNCRDVBM0UxMTFBQTI2QTBCMjZENzg1Qzg5IiBzdFJlZjpkb2N1bWVudElEPSJ4bXAuZGlkOkJCNTQ2NThCMjJBM0UxMTFCQjlGOTlCRDhGRDlFQkVCIi8+IDwvcmRmOkRlc2NyaXB0aW9uPiA8L3JkZjpSREY+IDwveDp4bXBtZXRhPiA8P3hwYWNrZXQgZW5kPSJyIj8+aHNJrgAAAZ1JREFUeNpsUssrRGEU/907985YMDPNYlh4hbKZPMdgR3aysrGSSFIeKyUKpewoRTYkmcgCf4MsMI2FPDYGKeUZSoru4/uc82VC+W7fOeee+zvn/M45V1uuyCmVwDogq0hDklD6jy1dspNkdxokVrIzPFUh0/MD5OdXoJDwPFtu3d2ns6TTp9oggTlFZlmN0o4AHMmXfJGo0lmGzoE1OgmNHf5YA8rmN5HfM6wADmUuHphA9cIW/JX1yiek9DIlyijxkNjBzXYche19gNcHzfShoLUdVxtLuD/cYzCoMAzCwqYrhMDx9Chs20JRWzf4nMcXcDI3pYAqQHIAtWUJbpKursMMhpA+RiAEGzpc4X5XkDB4GjaHmiZik/PIa2rBEWVlSuW9Q+T3YndskBi46QpQFcLltchtbEZyZhxna4uKhmV9Ito/gtPNOG4P99WItdlIWARNXWOAv6AEr9cplel7/ggUleDlMqUSvNnCobHKxDsNnqs8XaWUZopp/XhxTkOR+HDVOveYUge9rNLyY9SU9v+vwXuUB2R0fQkwABfn/VKSjTLBAAAAAElFTkSuQmCC) " "}*/
/*body &gt; table tbody .error.label th:first-child:before {content:url(data:image/png;base64,iVBORw0KGgoAAAANSUhEUgAAAAwAAAAMCAYAAABWdVznAAAABmJLR0QAAAAAAAD5Q7t/AAAACXBIWXMAAAsTAAALEwEAmpwYAAAAB3RJTUUH3QcKER4AdkxvvQAAAdVJREFUKM89kM9KG0EAh7/JTHazZInEQwJ68KIWLx6Etj6EjxAobYSsD+BjCJ682EOp0FMueYmS0FMICF4i6tFNzJ/dyRh2Znoo6Xf+Pn7wEzc3Nx/W6/UvY8xJnudkWYa1Fu893nviOCaKIhuG4R/v/Ve1Xq9/bG1tnezs7JDnOVpr3t/fcc4hpaRSqVCpVORqtTp9e3v7rrTWn5vNJpPJhHK5zHg8JssyvPeEYcjR0RFpmlKr1ZjP5x9Li8VCbOR2u83BwQEvLy88PT1xfHzMxcUFQgjSNCXLskDlec5sNuPx8REpJZ1Oh+fnZ4QQnJ+fc319Tb/fZ29vD601SmvNdDplsVhwe3vLaDTi6uoKgCRJGAwGNBoNXl9fMcZQcs5hjGG1WpHnObVajQ3VahWtNcYYjDE451Cb+7z3JElCkiScnZ0hpaTX67G7u0u328V7/y+oVqsIITg8PKTT6dBqtRgOhzjnaLVa3N3dcX9/z3K5JI5jxOXlpSuKQqRpirWWh4eH//Plcpn9/X2cc2xvb1MqlQqllBpYa0/jOGYymdBsNsmyDOccURRRFAX1eh2lFGEY/lZBEHyx1v703n8KgkBEUYSUEu/9RkIIUQRB0A/D8NtflUT+nn4OS+0AAAAASUVORK5CYII=) " "}*/
.failed.label th:first-child:before, .failed.label td:first-child:before {content:url(data:image/png;base64,iVBORw0KGgoAAAANSUhEUgAAAAwAAAAMCAYAAABWdVznAAAAGXRFWHRTb2Z0d2FyZQBBZG9iZSBJbWFnZVJlYWR5ccllPAAAA2ZpVFh0WE1MOmNvbS5hZG9iZS54bXAAAAAAADw/eHBhY2tldCBiZWdpbj0i77u/IiBpZD0iVzVNME1wQ2VoaUh6cmVTek5UY3prYzlkIj8+IDx4OnhtcG1ldGEgeG1sbnM6eD0iYWRvYmU6bnM6bWV0YS8iIHg6eG1wdGs9IkFkb2JlIFhNUCBDb3JlIDUuMy1jMDExIDY2LjE0NTY2MSwgMjAxMi8wMi8wNi0xNDo1NjoyNyAgICAgICAgIj4gPHJkZjpSREYgeG1sbnM6cmRmPSJodHRwOi8vd3d3LnczLm9yZy8xOTk5LzAyLzIyLXJkZi1zeW50YXgtbnMjIj4gPHJkZjpEZXNjcmlwdGlvbiByZGY6YWJvdXQ9IiIgeG1sbnM6eG1wTU09Imh0dHA6Ly9ucy5hZG9iZS5jb20veGFwLzEuMC9tbS8iIHhtbG5zOnN0UmVmPSJodHRwOi8vbnMuYWRvYmUuY29tL3hhcC8xLjAvc1R5cGUvUmVzb3VyY2VSZWYjIiB4bWxuczp4bXA9Imh0dHA6Ly9ucy5hZG9iZS5jb20veGFwLzEuMC8iIHhtcE1NOk9yaWdpbmFsRG9jdW1lbnRJRD0ieG1wLmRpZDpCQjU0NjU4QjIyQTNFMTExQkI5Rjk5QkQ4RkQ5RUJFQiIgeG1wTU06RG9jdW1lbnRJRD0ieG1wLmRpZDpEQTUyOTdBQUEzRDUxMUUxQTQwN0YzMUI0Nzg3NDU1RSIgeG1wTU06SW5zdGFuY2VJRD0ieG1wLmlpZDpEQTUyOTdBOUEzRDUxMUUxQTQwN0YzMUI0Nzg3NDU1RSIgeG1wOkNyZWF0b3JUb29sPSJBZG9iZSBQaG90b3Nob3AgQ1M2IChXaW5kb3dzKSI+IDx4bXBNTTpEZXJpdmVkRnJvbSBzdFJlZjppbnN0YW5jZUlEPSJ4bXAuaWlkOjQ4MTZDRTNCRDVBM0UxMTFBQTI2QTBCMjZENzg1Qzg5IiBzdFJlZjpkb2N1bWVudElEPSJ4bXAuZGlkOkJCNTQ2NThCMjJBM0UxMTFCQjlGOTlCRDhGRDlFQkVCIi8+IDwvcmRmOkRlc2NyaXB0aW9uPiA8L3JkZjpSREY+IDwveDp4bXBtZXRhPiA8P3hwYWNrZXQgZW5kPSJyIj8+aHNJrgAAAZ1JREFUeNpsUssrRGEU/907985YMDPNYlh4hbKZPMdgR3aysrGSSFIeKyUKpewoRTYkmcgCf4MsMI2FPDYGKeUZSoru4/uc82VC+W7fOeee+zvn/M45V1uuyCmVwDogq0hDklD6jy1dspNkdxokVrIzPFUh0/MD5OdXoJDwPFtu3d2ns6TTp9oggTlFZlmN0o4AHMmXfJGo0lmGzoE1OgmNHf5YA8rmN5HfM6wADmUuHphA9cIW/JX1yiek9DIlyijxkNjBzXYche19gNcHzfShoLUdVxtLuD/cYzCoMAzCwqYrhMDx9Chs20JRWzf4nMcXcDI3pYAqQHIAtWUJbpKursMMhpA+RiAEGzpc4X5XkDB4GjaHmiZik/PIa2rBEWVlSuW9Q+T3YndskBi46QpQFcLltchtbEZyZhxna4uKhmV9Ito/gtPNOG4P99WItdlIWARNXWOAv6AEr9cplel7/ggUleDlMqUSvNnCobHKxDsNnqs8XaWUZopp/XhxTkOR+HDVOveYUge9rNLyY9SU9v+vwXuUB2R0fQkwABfn/VKSjTLBAAAAAElFTkSuQmCC) " "}
.error.label th:first-child:before, .error.label td:first-child:before {content:url(data:image/png;base64,iVBORw0KGgoAAAANSUhEUgAAAAwAAAAMCAYAAABWdVznAAAABmJLR0QAAAAAAAD5Q7t/AAAACXBIWXMAAAsTAAALEwEAmpwYAAAAB3RJTUUH3QcKER4AdkxvvQAAAdVJREFUKM89kM9KG0EAh7/JTHazZInEQwJ68KIWLx6Etj6EjxAobYSsD+BjCJ682EOp0FMueYmS0FMICF4i6tFNzJ/dyRh2Znoo6Xf+Pn7wEzc3Nx/W6/UvY8xJnudkWYa1Fu893nviOCaKIhuG4R/v/Ve1Xq9/bG1tnezs7JDnOVpr3t/fcc4hpaRSqVCpVORqtTp9e3v7rrTWn5vNJpPJhHK5zHg8JssyvPeEYcjR0RFpmlKr1ZjP5x9Li8VCbOR2u83BwQEvLy88PT1xfHzMxcUFQgjSNCXLskDlec5sNuPx8REpJZ1Oh+fnZ4QQnJ+fc319Tb/fZ29vD601SmvNdDplsVhwe3vLaDTi6uoKgCRJGAwGNBoNXl9fMcZQcs5hjGG1WpHnObVajQ3VahWtNcYYjDE451Cb+7z3JElCkiScnZ0hpaTX67G7u0u328V7/y+oVqsIITg8PKTT6dBqtRgOhzjnaLVa3N3dcX9/z3K5JI5jxOXlpSuKQqRpirWWh4eH//Plcpn9/X2cc2xvb1MqlQqllBpYa0/jOGYymdBsNsmyDOccURRRFAX1eh2lFGEY/lZBEHyx1v703n8KgkBEUYSUEu/9RkIIUQRB0A/D8NtflUT+nn4OS+0AAAAASUVORK5CYII=) " "}
.pending.label th:first-child:before, .pending.label td:first-child:before {content:url(data:image/png;base64,iVBORw0KGgoAAAANSUhEUgAAAAwAAAAMCAYAAABWdVznAAAAGXRFWHRTb2Z0d2FyZQBBZG9iZSBJbWFnZVJlYWR5ccllPAAAA2ZpVFh0WE1MOmNvbS5hZG9iZS54bXAAAAAAADw/eHBhY2tldCBiZWdpbj0i77u/IiBpZD0iVzVNME1wQ2VoaUh6cmVTek5UY3prYzlkIj8+IDx4OnhtcG1ldGEgeG1sbnM6eD0iYWRvYmU6bnM6bWV0YS8iIHg6eG1wdGs9IkFkb2JlIFhNUCBDb3JlIDUuMy1jMDExIDY2LjE0NTY2MSwgMjAxMi8wMi8wNi0xNDo1NjoyNyAgICAgICAgIj4gPHJkZjpSREYgeG1sbnM6cmRmPSJodHRwOi8vd3d3LnczLm9yZy8xOTk5LzAyLzIyLXJkZi1zeW50YXgtbnMjIj4gPHJkZjpEZXNjcmlwdGlvbiByZGY6YWJvdXQ9IiIgeG1sbnM6eG1wTU09Imh0dHA6Ly9ucy5hZG9iZS5jb20veGFwLzEuMC9tbS8iIHhtbG5zOnN0UmVmPSJodHRwOi8vbnMuYWRvYmUuY29tL3hhcC8xLjAvc1R5cGUvUmVzb3VyY2VSZWYjIiB4bWxuczp4bXA9Imh0dHA6Ly9ucy5hZG9iZS5jb20veGFwLzEuMC8iIHhtcE1NOk9yaWdpbmFsRG9jdW1lbnRJRD0ieG1wLmRpZDpCQjU0NjU4QjIyQTNFMTExQkI5Rjk5QkQ4RkQ5RUJFQiIgeG1wTU06RG9jdW1lbnRJRD0ieG1wLmRpZDpDODdDM0Y0QUEzRDUxMUUxQjk5N0MzQjVFRDMyQUE1MiIgeG1wTU06SW5zdGFuY2VJRD0ieG1wLmlpZDpDODdDM0Y0OUEzRDUxMUUxQjk5N0MzQjVFRDMyQUE1MiIgeG1wOkNyZWF0b3JUb29sPSJBZG9iZSBQaG90b3Nob3AgQ1M2IChXaW5kb3dzKSI+IDx4bXBNTTpEZXJpdmVkRnJvbSBzdFJlZjppbnN0YW5jZUlEPSJ4bXAuaWlkOjQ4MTZDRTNCRDVBM0UxMTFBQTI2QTBCMjZENzg1Qzg5IiBzdFJlZjpkb2N1bWVudElEPSJ4bXAuZGlkOkJCNTQ2NThCMjJBM0UxMTFCQjlGOTlCRDhGRDlFQkVCIi8+IDwvcmRmOkRlc2NyaXB0aW9uPiA8L3JkZjpSREY+IDwveDp4bXBtZXRhPiA8P3hwYWNrZXQgZW5kPSJyIj8+yj6RYgAAAPZJREFUeNp0kM8KgkAQxmc1E0Wfo3vQn5eRSDx4EUHwbTpEhx4lil7DiydBQUFXp5nAMNsGhpnd/X77za4Iw3CFiFcAWFMFDkXtKZ/UHhfUnB3HWdu2/REpAL2u631ZlicGdpZlwTAMSmBM0zS5bhgQLB5FU3AOUS4XvNn3vVKgAACCIMA0TbFpGsyyDJMkefdFUWAcx1hVFeZ5jlEUoed5qPEI7KDrOhiG8e6llNC27Zcz77FW+L6Pruv+WKtGIzfgR39umv/UHOJgAMlO/BPOXCQDD5p3r2ma8lvHNU9BcWPg0HXdhRZbOhRT8aSXVO9U/ZcAAwAsmjsSQcM0lwAAAABJRU5ErkJggg==) " ";}
.successful.label th:first-child:before, .successful.label td:first-child:before {content:url(data:image/png;base64,iVBORw0KGgoAAAANSUhEUgAAAAwAAAAMCAYAAABWdVznAAAAGXRFWHRTb2Z0d2FyZQBBZG9iZSBJbWFnZVJlYWR5ccllPAAAA2ZpVFh0WE1MOmNvbS5hZG9iZS54bXAAAAAAADw/eHBhY2tldCBiZWdpbj0i77u/IiBpZD0iVzVNME1wQ2VoaUh6cmVTek5UY3prYzlkIj8+IDx4OnhtcG1ldGEgeG1sbnM6eD0iYWRvYmU6bnM6bWV0YS8iIHg6eG1wdGs9IkFkb2JlIFhNUCBDb3JlIDUuMy1jMDExIDY2LjE0NTY2MSwgMjAxMi8wMi8wNi0xNDo1NjoyNyAgICAgICAgIj4gPHJkZjpSREYgeG1sbnM6cmRmPSJodHRwOi8vd3d3LnczLm9yZy8xOTk5LzAyLzIyLXJkZi1zeW50YXgtbnMjIj4gPHJkZjpEZXNjcmlwdGlvbiByZGY6YWJvdXQ9IiIgeG1sbnM6eG1wTU09Imh0dHA6Ly9ucy5hZG9iZS5jb20veGFwLzEuMC9tbS8iIHhtbG5zOnN0UmVmPSJodHRwOi8vbnMuYWRvYmUuY29tL3hhcC8xLjAvc1R5cGUvUmVzb3VyY2VSZWYjIiB4bWxuczp4bXA9Imh0dHA6Ly9ucy5hZG9iZS5jb20veGFwLzEuMC8iIHhtcE1NOk9yaWdpbmFsRG9jdW1lbnRJRD0ieG1wLmRpZDpCQjU0NjU4QjIyQTNFMTExQkI5Rjk5QkQ4RkQ5RUJFQiIgeG1wTU06RG9jdW1lbnRJRD0ieG1wLmRpZDpEMDVBNThBQUEzRDUxMUUxQjdCQkM2QUNBMTNBMDExNiIgeG1wTU06SW5zdGFuY2VJRD0ieG1wLmlpZDpEMDVBNThBOUEzRDUxMUUxQjdCQkM2QUNBMTNBMDExNiIgeG1wOkNyZWF0b3JUb29sPSJBZG9iZSBQaG90b3Nob3AgQ1M2IChXaW5kb3dzKSI+IDx4bXBNTTpEZXJpdmVkRnJvbSBzdFJlZjppbnN0YW5jZUlEPSJ4bXAuaWlkOjQ4MTZDRTNCRDVBM0UxMTFBQTI2QTBCMjZENzg1Qzg5IiBzdFJlZjpkb2N1bWVudElEPSJ4bXAuZGlkOkJCNTQ2NThCMjJBM0UxMTFCQjlGOTlCRDhGRDlFQkVCIi8+IDwvcmRmOkRlc2NyaXB0aW9uPiA8L3JkZjpSREY+IDwveDp4bXBtZXRhPiA8P3hwYWNrZXQgZW5kPSJyIj8+xJ3YrgAAAYBJREFUeNpsUrtKA1EQPZtdY4gEQiD4QCsLEVGX4CP4AykEq1hYiGghCDZ+gBZWVtrZ+EAjaGOhfoAkNiaKhYWICilMEQNqoYjZ5O4d5+6ucQuLM3funDNzD7OrLe229YBwSKAEnyAP/pyIbL5fcz5rcNiLtuqJSEz3ickn5ruE/vFmJ9/LYjvAldGWqA7bJkgPtoAHQrS5G6NdiwhFWCoxHOCgKUL+iurkCBVawyamE8d4qmSZ51clBZUlh+RG14JzEsJNcaTNLVwWd1B6vXXqkmGoYNeVUPnW3JNr4+YarPoncvebEAKNekAlokaY6N/A1NA+SBgY6Eijtz2Fs5sVWNWawysorWNJsO+q9QWzaxLTYwfojA3isZzDfSnrWvTsNiyp7pOrZURC7ejrTDEpcVpY9ab+NSioLZEiapZA5nwBxZcC8g9HeK7ccYM7TDnwmoU2vx6/NIJaUjc0b0u8YvJNle5HdJvlhbI0Y31ThqsjTGr0/+8hOOQ5nfsRYACtHiy+FDd82wAAAABJRU5ErkJggg==) " "}
/*.successful.label a:before {content:url(data:image/png;base64,iVBORw0KGgoAAAANSUhEUgAAAAwAAAAMCAYAAABWdVznAAAAGXRFWHRTb2Z0d2FyZQBBZG9iZSBJbWFnZVJlYWR5ccllPAAAA2ZpVFh0WE1MOmNvbS5hZG9iZS54bXAAAAAAADw/eHBhY2tldCBiZWdpbj0i77u/IiBpZD0iVzVNME1wQ2VoaUh6cmVTek5UY3prYzlkIj8+IDx4OnhtcG1ldGEgeG1sbnM6eD0iYWRvYmU6bnM6bWV0YS8iIHg6eG1wdGs9IkFkb2JlIFhNUCBDb3JlIDUuMy1jMDExIDY2LjE0NTY2MSwgMjAxMi8wMi8wNi0xNDo1NjoyNyAgICAgICAgIj4gPHJkZjpSREYgeG1sbnM6cmRmPSJodHRwOi8vd3d3LnczLm9yZy8xOTk5LzAyLzIyLXJkZi1zeW50YXgtbnMjIj4gPHJkZjpEZXNjcmlwdGlvbiByZGY6YWJvdXQ9IiIgeG1sbnM6eG1wTU09Imh0dHA6Ly9ucy5hZG9iZS5jb20veGFwLzEuMC9tbS8iIHhtbG5zOnN0UmVmPSJodHRwOi8vbnMuYWRvYmUuY29tL3hhcC8xLjAvc1R5cGUvUmVzb3VyY2VSZWYjIiB4bWxuczp4bXA9Imh0dHA6Ly9ucy5hZG9iZS5jb20veGFwLzEuMC8iIHhtcE1NOk9yaWdpbmFsRG9jdW1lbnRJRD0ieG1wLmRpZDpCQjU0NjU4QjIyQTNFMTExQkI5Rjk5QkQ4RkQ5RUJFQiIgeG1wTU06RG9jdW1lbnRJRD0ieG1wLmRpZDpEMDVBNThBQUEzRDUxMUUxQjdCQkM2QUNBMTNBMDExNiIgeG1wTU06SW5zdGFuY2VJRD0ieG1wLmlpZDpEMDVBNThBOUEzRDUxMUUxQjdCQkM2QUNBMTNBMDExNiIgeG1wOkNyZWF0b3JUb29sPSJBZG9iZSBQaG90b3Nob3AgQ1M2IChXaW5kb3dzKSI+IDx4bXBNTTpEZXJpdmVkRnJvbSBzdFJlZjppbnN0YW5jZUlEPSJ4bXAuaWlkOjQ4MTZDRTNCRDVBM0UxMTFBQTI2QTBCMjZENzg1Qzg5IiBzdFJlZjpkb2N1bWVudElEPSJ4bXAuZGlkOkJCNTQ2NThCMjJBM0UxMTFCQjlGOTlCRDhGRDlFQkVCIi8+IDwvcmRmOkRlc2NyaXB0aW9uPiA8L3JkZjpSREY+IDwveDp4bXBtZXRhPiA8P3hwYWNrZXQgZW5kPSJyIj8+xJ3YrgAAAYBJREFUeNpsUrtKA1EQPZtdY4gEQiD4QCsLEVGX4CP4AykEq1hYiGghCDZ+gBZWVtrZ+EAjaGOhfoAkNiaKhYWICilMEQNqoYjZ5O4d5+6ucQuLM3funDNzD7OrLe229YBwSKAEnyAP/pyIbL5fcz5rcNiLtuqJSEz3ickn5ruE/vFmJ9/LYjvAldGWqA7bJkgPtoAHQrS5G6NdiwhFWCoxHOCgKUL+iurkCBVawyamE8d4qmSZ51clBZUlh+RG14JzEsJNcaTNLVwWd1B6vXXqkmGoYNeVUPnW3JNr4+YarPoncvebEAKNekAlokaY6N/A1NA+SBgY6Eijtz2Fs5sVWNWawysorWNJsO+q9QWzaxLTYwfojA3isZzDfSnrWvTsNiyp7pOrZURC7ejrTDEpcVpY9ab+NSioLZEiapZA5nwBxZcC8g9HeK7ccYM7TDnwmoU2vx6/NIJaUjc0b0u8YvJNle5HdJvlhbI0Y31ThqsjTGr0/+8hOOQ5nfsRYACtHiy+FDd82wAAAABJRU5ErkJggg==) " "}*/

.xspecResult { width: 90%; table-layout: fixed; }

.xspecResult td,
.xspecResult th { width: 50%; }

/*.xspecResult pre { 
  margin-left: 0; 
  padding: 0.5em; 
  overflow: auto; 
  border: 1px #999 dotted;
}*/

span.scenario-totals {float: right; width: 14.5%; text-align: left}

/* OXYGEN */
span.scenario-totals {float: right; width: 34.5%; text-align: right}

h2.failed {
    background-color: #FCC;
}

h1, h2 {
    width: 86%;
    /*margin-left: 3%;*/
    
    font-size:1.4em;
    font-weight:bold;
    text-align:left;
    margin-top:1.4em;
    margin-bottom:0.7em;
    color:#333333;
    background-color:inherit;
}

h1 {
    font-size:1.7em;
}

body &gt; h1:first-child:before {
    content:"XSLT UNIT ";
}

body &gt; h2:first-of-type {
    font-size:1.7em;
}

div &gt; table &gt; tbody &gt; tr &gt; th:first-child {
    font-weight:bold;
}

div &gt; h3 {
    font-weight:bold;
    /*margin-left: 3%;*/
}

div &gt; h4 {
    font-weight:normal;
    /*margin-left: 4%;*/
}

th.result { text-align: center; }
/* OXYGEN */


/* ------------------------------------------------------------------------ */
/*  DO NOT ALTER OR REMOVE COPYRIGHT NOTICES OR THIS COMMENT.               */
/*                                                                          */
/*  Copyright (c) 2008, 2010 Jeni Tennsion                                  */
/*                                                                          */
/*  The contents of this file are subject to the MIT License (see the URI   */
/*  http://www.opensource.org/licenses/mit-license.php for details).        */
/*                                                                          */
/*  Permission is hereby granted, free of charge, to any person obtaining   */
/*  a copy of this software and associated documentation files (the         */
/*  "Software"), to deal in the Software without restriction, including     */
/*  without limitation the rights to use, copy, modify, merge, publish,     */
/*  distribute, sublicense, and/or sell copies of the Software, and to      */
/*  permit persons to whom the Software is furnished to do so, subject to   */
/*  the following conditions:                                               */
/*                                                                          */
/*  The above copyright notice and this permission notice shall be          */
/*  included in all copies or substantial portions of the Software.         */
/*                                                                          */
/*  THE SOFTWARE IS PROVIDED "AS IS", WITHOUT WARRANTY OF ANY KIND,         */
/*  EXPRESS OR IMPLIED, INCLUDING BUT NOT LIMITED TO THE WARRANTIES OF      */
/*  MERCHANTABILITY, FITNESS FOR A PARTICULAR PURPOSE AND NONINFRINGEMENT.  */
/*  IN NO EVENT SHALL THE AUTHORS OR COPYRIGHT HOLDERS BE LIABLE FOR ANY    */
/*  CLAIM, DAMAGES OR OTHER LIABILITY, WHETHER IN AN ACTION OF CONTRACT,    */
/*  TORT OR OTHERWISE, ARISING FROM, OUT OF OR IN CONNECTION WITH THE       */
/*  SOFTWARE OR THE USE OR OTHER DEALINGS IN THE SOFTWARE.                  */
/* ------------------------------------------------------------------------ */

.nobr { white-space: nowrap; }
.scenario-label { text-indent: 0px; }
.context-label { text-indent: 10px; }
.test-label { text-indent: 20px; }
.pending-label { text-indent: 30px; }


        /**/</style>
    </head><body><h1>Test Report</h1><p>Script: <a href="file:/home/jostein/xprocspec/src/test/xprocspec/tests/document-1.xprocspec">file:/home/jostein/xprocspec/src/test/xprocspec/tests/document-1.xprocspec</a></p><p>Tested: 2013-09-05T16:00:42.226+02:00</p><h2>Contents</h2><table class="xspec"><col width="75%"/><col width="5%"/><col width="5%"/><col width="5%"/><col width="5%"/><col width="5%"/><thead><tr><th/><th class="result">passed:19</th><th class="result">pending:0</th><th class="result">failed:0</th><th class="result">errors:0</th><th class="result">total:19</th></tr></thead><tbody><tr class="successful label"><th><a href="#step1">ex:identity</a></th><th class="result">19</th><th class="result">0</th><th class="result">0</th><th class="result">0</th><th class="result">19</th></tr></tbody></table><div id="step1"><h2 class="successful">Calling: <a href="file:/home/jostein/xprocspec/src/test/xprocspec/steps/identity.xpl">ex:identity</a><span class="scenario-totals">passed:19 / pending:0 /
                                        failed:0 / errors:0 / total:19</span></h2><table class="xspec"><col width="80%"/><col width="20%"/><tbody><tr class="successful label"><th class="scenario-label">identity</th><th class="nobr">passed:19 / pending:0 / failed:0 / errors:0 / total:19</th></tr><tr class="successful label"><th class="context-label">the options</th><th class="nobr">passed:1 / pending:0 / failed:0 / errors:0 / total:1</th></tr><tr class="successful label"><td class="test-label">There should be a single document on the options port</td><td>Success</td></tr><tr class="successful label"><th class="context-label">the primary input port</th><th class="nobr">passed:1 / pending:0 / failed:0 / errors:0 / total:1</th></tr><tr class="successful label"><td class="test-label">There should be a single document on the primary input port</td><td>Success</td></tr><tr class="successful label"><th class="context-label">the errors</th><th class="nobr">passed:1 / pending:0 / failed:0 / errors:0 / total:1</th></tr><tr class="successful label"><td class="test-label">There should be no errors</td><td>Success</td></tr><tr class="successful label"><th class="context-label">the xprocspec test document</th><th class="nobr">passed:1 / pending:0 / failed:0 / errors:0 / total:1</th></tr><tr class="successful label"><td class="test-label">The loaded document should be itself (x:description as root element)</td><td>Success</td></tr><tr class="successful label"><th class="context-label">an inline 'test' element</th><th class="nobr">passed:3 / pending:0 / failed:0 / errors:0 / total:3</th></tr><tr class="successful label"><td class="test-label">There should be one inline document</td><td>Success</td></tr><tr class="successful label"><td class="test-label">The inline document should have a 'test' root element</td><td>Success</td></tr><tr class="successful label"><td class="test-label">The base URI should be that of the xprocspec test document</td><td>Success</td></tr><tr class="successful label"><th class="context-label">an inline 'test' element with base-uri set to 'temp-dir'</th><th class="nobr">passed:1 / pending:0 / failed:0 / errors:0 / total:1</th></tr><tr class="successful label"><td class="test-label">The base URI should be that of the temporary directory</td><td>Success</td></tr><tr class="successful label"><th class="context-label">an inline 'test' element with base-uri set to 'temp-dir' and the document element having a relative xml:base</th><th class="nobr">passed:1 / pending:0 / failed:0 / errors:0 / total:1</th></tr><tr class="successful label"><td class="test-label">The base URI should be that of the temporary directory</td><td>Success</td></tr><tr class="successful label"><th class="context-label">the './document-1.resources/' directory; non-recursive</th><th class="nobr">passed:1 / pending:0 / failed:0 / errors:0 / total:1</th></tr><tr class="successful label"><td class="test-label">The directory listing should equal the predefined non-recursive directory listing</td><td>Success</td></tr><tr class="successful label"><th class="context-label">the './document-1.resources/' directory; recursive</th><th class="nobr">passed:1 / pending:0 / failed:0 / errors:0 / total:1</th></tr><tr class="successful label"><td class="test-label">The directory listing should equal the predefined recursive directory listing</td><td>Success</td></tr><tr class="successful label"><th class="context-label">The [doc1,doc2] sequence: position=1</th><th class="nobr">passed:1 / pending:0 / failed:0 / errors:0 / total:1</th></tr><tr class="successful label"><td class="test-label">Should be doc1</td><td>Success</td></tr><tr class="successful label"><th class="context-label">The [doc1,doc2] sequence: position=2</th><th class="nobr">passed:1 / pending:0 / failed:0 / errors:0 / total:1</th></tr><tr class="successful label"><td class="test-label">Should be doc2</td><td>Success</td></tr><tr class="successful label"><th class="context-label">The [doc1,doc2] sequence: position=all</th><th class="nobr">passed:1 / pending:0 / failed:0 / errors:0 / total:1</th></tr><tr class="successful label"><td class="test-label">Should be both doc1 and doc2</td><td>Success</td></tr><tr class="successful label"><th class="context-label">The [doc1,doc2] sequence: position=last</th><th class="nobr">passed:1 / pending:0 / failed:0 / errors:0 / total:1</th></tr><tr class="successful label"><td class="test-label">Should be doc2</td><td>Success</td></tr><tr class="successful label"><th class="context-label">A text file</th><th class="nobr">passed:1 / pending:0 / failed:0 / errors:0 / total:1</th></tr><tr class="successful label"><td class="test-label">Should contain the expected text</td><td>Success</td></tr><tr class="successful label"><th class="context-label">A binary file (image file)</th><th class="nobr">passed:1 / pending:0 / failed:0 / errors:0 / total:1</th></tr><tr class="successful label"><td class="test-label">Should contain the expected bytes</td><td>Success</td></tr><tr class="successful label"><th class="context-label">An XHTML5 file (well-formed XML)</th><th class="nobr">passed:1 / pending:0 / failed:0 / errors:0 / total:1</th></tr><tr class="successful label"><td class="test-label">Should contain the expected content</td><td>Success</td></tr><tr class="successful label"><th class="context-label">An HTML5 file (not well-formed XML)</th><th class="nobr">passed:1 / pending:0 / failed:0 / errors:0 / total:1</th></tr><tr class="successful label"><td class="test-label">Should contain the expected content</td><td>Success</td></tr></tbody></table></div><h2>Execution log</h2><table><thead><tr><th>Time</th><th>Severity</th><th>Message</th></tr></thead><tbody><tr style=""><td>0.000</td><td style="padding-left:0%;">INFO</td><td><code><pre>#### file:/home/jostein/xprocspec/src/test/xprocspec/tests/document-1.xprocspec ####</pre></code></td></tr><tr style=""><td>0.004</td><td style="padding-left:0%;">INFO</td><td><code><pre> * temporary directory: file:/tmp/xprocspec-20130905160023007/</pre></code></td></tr><tr style=""><td>0.009</td><td style="padding-left:0%;">INFO</td><td><code><pre>preprocessing...</pre></code></td></tr><tr style=""><td>0.030</td><td style="padding-left:0%;">INFO</td><td><code><pre> * checking for imports</pre></code></td></tr><tr style=""><td>0.036</td><td style="padding-left:0%;">INFO</td><td><code><pre> * checking file:/home/jostein/xprocspec/src/test/xprocspec/tests/document-1.xprocspec for imports</pre></code></td></tr><tr style=""><td>0.042</td><td style="padding-left:0%;">INFO</td><td><code><pre> * extracting step declarations from file:/home/jostein/xprocspec/src/test/xprocspec/steps/identity.xpl</pre></code></td></tr><tr style=""><td>0.048</td><td style="padding-left:0%;">INFO</td><td><code><pre> * tests reference 1 step</pre></code></td></tr><tr style=""><td>0.053</td><td style="padding-left:0%;">INFO</td><td><code><pre>   * step: e:identity</pre></code></td></tr><tr style=""><td>0.059</td><td style="padding-left:0%;">INFO</td><td><code><pre> * trying to load: file:/home/jostein/xprocspec/src/test/xprocspec/steps/identity.xpl</pre></code></td></tr><tr style=""><td>0.065</td><td style="padding-left:0%;">INFO</td><td><code><pre>   * success!</pre></code></td></tr><tr style=""><td>0.074</td><td style="padding-left:0%;">INFO</td><td><code><pre> * trying to extract the step declaration for {http://example.net/ns}identity from file:/home/jostein/xprocspec/src/test/xprocspec/steps/identity.xpl</pre></code></td></tr><tr style=""><td>0.092</td><td style="padding-left:0%;">INFO</td><td><code><pre> * creating a new x:description document for each x:scenario element with inferred inputs, options and parameters</pre></code></td></tr><tr style=""><td>0.114</td><td style="padding-left:0%;">INFO</td><td><code><pre> * validating output grammar</pre></code></td></tr><tr style=""><td>0.129</td><td style="padding-left:0%;">INFO</td><td><code><pre>compiling...</pre></code></td></tr><tr style=""><td>0.137</td><td style="padding-left:0%;">INFO</td><td><code><pre> * created directory using Calabash's cxf:mkdir</pre></code></td></tr><tr style=""><td>0.143</td><td style="padding-left:0%;">INFO</td><td><code><pre> * converting test 'test1' to XProc</pre></code></td></tr><tr style=""><td>0.158</td><td style="padding-left:0%;">INFO</td><td><code><pre>   * done</pre></code></td></tr><tr style=""><td>0.166</td><td style="padding-left:0%;">INFO</td><td><code><pre> * validating output grammar for file:/home/jostein/xprocspec/src/test/xprocspec/tests/document-1.xprocspec</pre></code></td></tr><tr style=""><td>0.180</td><td style="padding-left:0%;">INFO</td><td><code><pre>   * done!</pre></code></td></tr><tr style=""><td>0.188</td><td style="padding-left:0%;">INFO</td><td><code><pre> * using as temporary directory: file:/tmp/xprocspec-20130905160023007/xprocspec-20130905160040833/</pre></code></td></tr><tr style=""><td>0.194</td><td style="padding-left:0%;">INFO</td><td><code><pre>storing...</pre></code></td></tr><tr style=""><td>0.204</td><td style="padding-left:0%;">INFO</td><td><code><pre>running...</pre></code></td></tr><tr style=""><td>0.211</td><td style="padding-left:0%;">INFO</td><td><code><pre>   * loading 'file:/tmp/xprocspec-20130905160023007/test1.xpl'</pre></code></td></tr><tr style=""><td>0.283</td><td style="padding-left:0%;">INFO</td><td><code><pre>evaluating...</pre></code></td></tr><tr style=""><td>0.294</td><td style="padding-left:0%;">INFO</td><td><code><pre> * evaluating scenario 'identity' (file:/home/jostein/xprocspec/src/test/xprocspec/tests/document-1.xprocspec)</pre></code></td></tr><tr style=""><td>0.302</td><td style="padding-left:0%;">INFO</td><td><code><pre>   * resolving x:document elements...</pre></code></td></tr><tr style=""><td>0.331</td><td style="padding-left:0%;">INFO</td><td><code><pre>    * no errors occured</pre></code></td></tr><tr style=""><td>0.339</td><td style="padding-left:0%;">INFO</td><td><code><pre>loading "file:/home/jostein/xprocspec/src/test/xprocspec/tests/document-1.xprocspec"</pre></code></td></tr><tr style=""><td>0.431</td><td style="padding-left:0%;">INFO</td><td><code><pre>loading "file:/home/jostein/xprocspec/src/test/xprocspec/tests/document-1.resources/text.txt"</pre></code></td></tr><tr style=""><td>0.446</td><td style="padding-left:0%;">INFO</td><td><code><pre>loading "file:/home/jostein/xprocspec/src/test/xprocspec/tests/document-1.resources/image.png"</pre></code></td></tr><tr style=""><td>0.460</td><td style="padding-left:0%;">INFO</td><td><code><pre>loading "file:/home/jostein/xprocspec/src/test/xprocspec/tests/document-1.resources/xhtml5.html"</pre></code></td></tr><tr style=""><td>0.479</td><td style="padding-left:0%;">INFO</td><td><code><pre>loading "file:/home/jostein/xprocspec/src/test/xprocspec/tests/document-1.resources/html5.html"</pre></code></td></tr><tr style=""><td>0.521</td><td style="padding-left:0%;">INFO</td><td><code><pre>   * grouping x:expect elements with their x:context...</pre></code></td></tr><tr style=""><td>0.534</td><td style="padding-left:0%;">INFO</td><td><code><pre>   * evaluating each context/expect group...</pre></code></td></tr><tr style=""><td>0.542</td><td style="padding-left:0%;">INFO</td><td><code><pre>     * setting context to 'the options'</pre></code></td></tr><tr style=""><td>0.549</td><td style="padding-left:0%;">INFO</td><td><code><pre>       * testing assertion 'There should be a single document on the options port'</pre></code></td></tr><tr style=""><td>0.556</td><td style="padding-left:0%;">INFO</td><td><code><pre>         * is document count assertion</pre></code></td></tr><tr style=""><td>0.564</td><td style="padding-left:0%;">INFO</td><td><code><pre>         * assertion passed</pre></code></td></tr><tr style=""><td>0.571</td><td style="padding-left:0%;">INFO</td><td><code><pre>     * setting context to 'the primary input port'</pre></code></td></tr><tr style=""><td>0.579</td><td style="padding-left:0%;">INFO</td><td><code><pre>       * testing assertion 'There should be a single document on the primary input port'</pre></code></td></tr><tr style=""><td>0.586</td><td style="padding-left:0%;">INFO</td><td><code><pre>         * is document count assertion</pre></code></td></tr><tr style=""><td>0.594</td><td style="padding-left:0%;">INFO</td><td><code><pre>         * assertion passed</pre></code></td></tr><tr style=""><td>0.602</td><td style="padding-left:0%;">INFO</td><td><code><pre>     * setting context to 'the errors'</pre></code></td></tr><tr style=""><td>0.609</td><td style="padding-left:0%;">INFO</td><td><code><pre>       * testing assertion 'There should be no errors'</pre></code></td></tr><tr style=""><td>0.618</td><td style="padding-left:0%;">INFO</td><td><code><pre>         * is document count assertion</pre></code></td></tr><tr style=""><td>0.626</td><td style="padding-left:0%;">INFO</td><td><code><pre>         * assertion passed</pre></code></td></tr><tr style=""><td>0.635</td><td style="padding-left:0%;">INFO</td><td><code><pre>     * setting context to 'the xprocspec test document'</pre></code></td></tr><tr style=""><td>0.643</td><td style="padding-left:0%;">INFO</td><td><code><pre>       * testing assertion 'The loaded document should be itself (x:description as root element)'</pre></code></td></tr><tr style=""><td>0.653</td><td style="padding-left:0%;">INFO</td><td><code><pre>         * is xpath assertion</pre></code></td></tr><tr style=""><td>0.665</td><td style="padding-left:0%;">INFO</td><td><code><pre>     * setting context to 'an inline 'test' element'</pre></code></td></tr><tr style=""><td>0.673</td><td style="padding-left:0%;">INFO</td><td><code><pre>       * testing assertion 'There should be one inline document'</pre></code></td></tr><tr style=""><td>0.682</td><td style="padding-left:0%;">INFO</td><td><code><pre>         * is document count assertion</pre></code></td></tr><tr style=""><td>0.690</td><td style="padding-left:0%;">INFO</td><td><code><pre>         * assertion passed</pre></code></td></tr><tr style=""><td>0.698</td><td style="padding-left:0%;">INFO</td><td><code><pre>       * testing assertion 'The inline document should have a 'test' root element'</pre></code></td></tr><tr style=""><td>0.708</td><td style="padding-left:0%;">INFO</td><td><code><pre>         * is xpath assertion</pre></code></td></tr><tr style=""><td>0.719</td><td style="padding-left:0%;">INFO</td><td><code><pre>       * testing assertion 'The base URI should be that of the xprocspec test document'</pre></code></td></tr><tr style=""><td>0.729</td><td style="padding-left:0%;">INFO</td><td><code><pre>         * is xpath assertion</pre></code></td></tr><tr style=""><td>0.739</td><td style="padding-left:0%;">INFO</td><td><code><pre>     * setting context to 'an inline 'test' element with base-uri set to 'temp-dir''</pre></code></td></tr><tr style=""><td>0.748</td><td style="padding-left:0%;">INFO</td><td><code><pre>       * testing assertion 'The base URI should be that of the temporary directory'</pre></code></td></tr><tr style=""><td>0.758</td><td style="padding-left:0%;">INFO</td><td><code><pre>         * is xpath assertion</pre></code></td></tr><tr style=""><td>0.769</td><td style="padding-left:0%;">INFO</td><td><code><pre>     * setting context to 'an inline 'test' element with base-uri set to 'temp-dir' and the document element having a relative xml:base'</pre></code></td></tr><tr style=""><td>0.777</td><td style="padding-left:0%;">INFO</td><td><code><pre>       * testing assertion 'The base URI should be that of the temporary directory'</pre></code></td></tr><tr style=""><td>0.787</td><td style="padding-left:0%;">INFO</td><td><code><pre>         * is xpath assertion</pre></code></td></tr><tr style=""><td>0.798</td><td style="padding-left:0%;">INFO</td><td><code><pre>     * setting context to 'the './document-1.resources/' directory; non-recursive'</pre></code></td></tr><tr style=""><td>0.807</td><td style="padding-left:0%;">INFO</td><td><code><pre>       * testing assertion 'The directory listing should equal the predefined non-recursive directory listing'</pre></code></td></tr><tr style=""><td>0.816</td><td style="padding-left:0%;">INFO</td><td><code><pre>         * is document comparison</pre></code></td></tr><tr style=""><td>0.827</td><td style="padding-left:0%;">INFO</td><td><code><pre>         * assertion passed</pre></code></td></tr><tr style=""><td>0.837</td><td style="padding-left:0%;">INFO</td><td><code><pre>     * setting context to 'the './document-1.resources/' directory; recursive'</pre></code></td></tr><tr style=""><td>0.847</td><td style="padding-left:0%;">INFO</td><td><code><pre>       * testing assertion 'The directory listing should equal the predefined recursive directory listing'</pre></code></td></tr><tr style=""><td>0.856</td><td style="padding-left:0%;">INFO</td><td><code><pre>         * is document comparison</pre></code></td></tr><tr style=""><td>0.870</td><td style="padding-left:0%;">INFO</td><td><code><pre>         * assertion passed</pre></code></td></tr><tr style=""><td>0.880</td><td style="padding-left:0%;">INFO</td><td><code><pre>     * setting context to 'The [doc1,doc2] sequence: position=1'</pre></code></td></tr><tr style=""><td>0.890</td><td style="padding-left:0%;">INFO</td><td><code><pre>       * testing assertion 'Should be doc1'</pre></code></td></tr><tr style=""><td>0.900</td><td style="padding-left:0%;">INFO</td><td><code><pre>         * is document comparison</pre></code></td></tr><tr style=""><td>0.911</td><td style="padding-left:0%;">INFO</td><td><code><pre>         * assertion passed</pre></code></td></tr><tr style=""><td>0.922</td><td style="padding-left:0%;">INFO</td><td><code><pre>     * setting context to 'The [doc1,doc2] sequence: position=2'</pre></code></td></tr><tr style=""><td>0.932</td><td style="padding-left:0%;">INFO</td><td><code><pre>       * testing assertion 'Should be doc2'</pre></code></td></tr><tr style=""><td>0.942</td><td style="padding-left:0%;">INFO</td><td><code><pre>         * is document comparison</pre></code></td></tr><tr style=""><td>0.954</td><td style="padding-left:0%;">INFO</td><td><code><pre>         * assertion passed</pre></code></td></tr><tr style=""><td>0.963</td><td style="padding-left:0%;">INFO</td><td><code><pre>     * setting context to 'The [doc1,doc2] sequence: position=all'</pre></code></td></tr><tr style=""><td>0.973</td><td style="padding-left:0%;">INFO</td><td><code><pre>       * testing assertion 'Should be both doc1 and doc2'</pre></code></td></tr><tr style=""><td>0.983</td><td style="padding-left:0%;">INFO</td><td><code><pre>         * is document comparison</pre></code></td></tr><tr style=""><td>0.995</td><td style="padding-left:0%;">INFO</td><td><code><pre>         * assertion passed</pre></code></td></tr><tr style=""><td>1.005</td><td style="padding-left:0%;">INFO</td><td><code><pre>     * setting context to 'The [doc1,doc2] sequence: position=last'</pre></code></td></tr><tr style=""><td>1.015</td><td style="padding-left:0%;">INFO</td><td><code><pre>       * testing assertion 'Should be doc2'</pre></code></td></tr><tr style=""><td>1.025</td><td style="padding-left:0%;">INFO</td><td><code><pre>         * is document comparison</pre></code></td></tr><tr style=""><td>1.036</td><td style="padding-left:0%;">INFO</td><td><code><pre>         * assertion passed</pre></code></td></tr><tr style=""><td>1.047</td><td style="padding-left:0%;">INFO</td><td><code><pre>     * setting context to 'A text file'</pre></code></td></tr><tr style=""><td>1.057</td><td style="padding-left:0%;">INFO</td><td><code><pre>       * testing assertion 'Should contain the expected text'</pre></code></td></tr><tr style=""><td>1.067</td><td style="padding-left:0%;">INFO</td><td><code><pre>         * is document comparison</pre></code></td></tr><tr style=""><td>1.193</td><td style="padding-left:0%;">INFO</td><td><code><pre>         * assertion passed</pre></code></td></tr><tr style=""><td>1.204</td><td style="padding-left:0%;">INFO</td><td><code><pre>     * setting context to 'A binary file (image file)'</pre></code></td></tr><tr style=""><td>1.214</td><td style="padding-left:0%;">INFO</td><td><code><pre>       * testing assertion 'Should contain the expected bytes'</pre></code></td></tr><tr style=""><td>1.224</td><td style="padding-left:0%;">INFO</td><td><code><pre>         * is document comparison</pre></code></td></tr><tr style=""><td>1.236</td><td style="padding-left:0%;">INFO</td><td><code><pre>         * assertion passed</pre></code></td></tr><tr style=""><td>1.247</td><td style="padding-left:0%;">INFO</td><td><code><pre>     * setting context to 'An XHTML5 file (well-formed XML)'</pre></code></td></tr><tr style=""><td>1.257</td><td style="padding-left:0%;">INFO</td><td><code><pre>       * testing assertion 'Should contain the expected content'</pre></code></td></tr><tr style=""><td>1.267</td><td style="padding-left:0%;">INFO</td><td><code><pre>         * is document comparison</pre></code></td></tr><tr style=""><td>1.280</td><td style="padding-left:0%;">INFO</td><td><code><pre>         * assertion passed</pre></code></td></tr><tr style=""><td>1.291</td><td style="padding-left:0%;">INFO</td><td><code><pre>     * setting context to 'An HTML5 file (not well-formed XML)'</pre></code></td></tr><tr style=""><td>1.302</td><td style="padding-left:0%;">INFO</td><td><code><pre>       * testing assertion 'Should contain the expected content'</pre></code></td></tr><tr style=""><td>1.313</td><td style="padding-left:0%;">INFO</td><td><code><pre>         * is document comparison</pre></code></td></tr><tr style=""><td>1.326</td><td style="padding-left:0%;">INFO</td><td><code><pre>         * assertion passed</pre></code></td></tr><tr style=""><td>1.364</td><td style="padding-left:0%;">INFO</td><td><code><pre>reporting...</pre></code></td></tr></tbody></table><link rel="stylesheet" href="http://yandex.st/highlightjs/7.3/styles/default.min.css"/><script type="text/javascript" src="http://yandex.st/highlightjs/7.3/highlight.min.js" xml:space="preserve"> </script><script type="text/javascript">hljs.initHighlightingOnLoad();</script></body></html></x:document></x:output><x:output port="junit"><x:document xml:base="file:/home/jostein/xprocspec/src/main/resources/content/xml/xproc/report/report.xpl" xml:space="preserve" type="inline"><testsuites tests="19" failures="0" time="1.375" errors="0" name="document1"><testsuite timestamp="2013-09-05T14:00:42.092Z" hostname="localhost" tests="19" errors="0" failures="0" skipped="0" id="d32547e1" name="identity" package="http://example.net/ns" time="0.009">
<properties><property name="input: source.document.secondary.sequence" value="&lt;doc1 xmlns=&#34;&#34; .../&gt; (Base URI: file:/home/jostein/xprocspec/src/test/xprocspec/tests/document-1.xprocspec)&#xA;&lt;doc2 xmlns=&#34;&#34; .../&gt; (Base URI: file:/home/jostein/xprocspec/src/test/xprocspec/tests/document-1.xprocspec)"/>

<property name="option: option.required" value=""/>

</properties>
<testcase name="ThereShouldBeASingleDocumentOnTheOptionsPort" classname="identity" assertions="1" time="0" status="SUCCESS"><system-out>There should be a single document on the options port: SUCCESS</system-out>
<system-err/></testcase><testcase name="ThereShouldBeASingleDocumentOnThePrimaryInputPort" classname="identity" assertions="1" time="0" status="SUCCESS"><system-out>There should be a single document on the primary input port: SUCCESS</system-out>
<system-err/></testcase><testcase name="ThereShouldBeNoErrors" classname="identity" assertions="1" time="0" status="SUCCESS"><system-out>There should be no errors: SUCCESS</system-out>
<system-err/></testcase><testcase name="TheLoadedDocumentShouldBeItselfXdescriptionAsRootElement" classname="identity" assertions="1" time="0" status="SUCCESS"><system-out>The loaded document should be itself (x:description as root element): SUCCESS</system-out>
<system-err/></testcase><testcase name="ThereShouldBeOneInlineDocument" classname="identity" assertions="1" time="0" status="SUCCESS"><system-out>There should be one inline document: SUCCESS</system-out>
<system-err/></testcase><testcase name="TheInlineDocumentShouldHaveATestRootElement" classname="identity" assertions="1" time="0" status="SUCCESS"><system-out>The inline document should have a 'test' root element: SUCCESS</system-out>
<system-err/></testcase><testcase name="TheBaseURIShouldBeThatOfTheXprocspecTestDocument" classname="identity" assertions="1" time="0" status="SUCCESS"><system-out>The base URI should be that of the xprocspec test document: SUCCESS</system-out>
<system-err/></testcase><testcase name="TheBaseURIShouldBeThatOfTheTemporaryDirectory" classname="identity" assertions="1" time="0" status="SUCCESS"><system-out>The base URI should be that of the temporary directory: SUCCESS</system-out>
<system-err/></testcase><testcase name="TheBaseURIShouldBeThatOfTheTemporaryDirectory" classname="identity" assertions="1" time="0" status="SUCCESS"><system-out>The base URI should be that of the temporary directory: SUCCESS</system-out>
<system-err/></testcase><testcase name="TheDirectoryListingShouldEqualThePredefinedNonrecursiveDirectoryListing" classname="identity" assertions="1" time="0" status="SUCCESS"><system-out>The directory listing should equal the predefined non-recursive directory listing: SUCCESS</system-out>
<system-err/></testcase><testcase name="TheDirectoryListingShouldEqualThePredefinedRecursiveDirectoryListing" classname="identity" assertions="1" time="0" status="SUCCESS"><system-out>The directory listing should equal the predefined recursive directory listing: SUCCESS</system-out>
<system-err/></testcase><testcase name="ShouldBeDoc1" classname="identity" assertions="1" time="0" status="SUCCESS"><system-out>Should be doc1: SUCCESS</system-out>
<system-err/></testcase><testcase name="ShouldBeDoc2" classname="identity" assertions="1" time="0" status="SUCCESS"><system-out>Should be doc2: SUCCESS</system-out>
<system-err/></testcase><testcase name="ShouldBeBothDoc1AndDoc2" classname="identity" assertions="1" time="0" status="SUCCESS"><system-out>Should be both doc1 and doc2: SUCCESS</system-out>
<system-err/></testcase><testcase name="ShouldBeDoc2" classname="identity" assertions="1" time="0" status="SUCCESS"><system-out>Should be doc2: SUCCESS</system-out>
<system-err/></testcase><testcase name="ShouldContainTheExpectedText" classname="identity" assertions="1" time="0" status="SUCCESS"><system-out>Should contain the expected text: SUCCESS</system-out>
<system-err/></testcase><testcase name="ShouldContainTheExpectedBytes" classname="identity" assertions="1" time="0" status="SUCCESS"><system-out>Should contain the expected bytes: SUCCESS</system-out>
<system-err/></testcase><testcase name="ShouldContainTheExpectedContent" classname="identity" assertions="1" time="0" status="SUCCESS"><system-out>Should contain the expected content: SUCCESS</system-out>
<system-err/></testcase><testcase name="ShouldContainTheExpectedContent" classname="identity" assertions="1" time="0" status="SUCCESS"><system-out>Should contain the expected content: SUCCESS</system-out>
<system-err/></testcase></testsuite></testsuites></x:document></x:output><x:test-result contextref="errors" result="passed" max="0" label="the step should execute successfully without throwing any errors" type="count">
                                                        <x:expected>At most 0 documents.</x:expected>
                                                    <x:was>0</x:was></x:test-result><x:test-result contextref="context15" result="passed" test="not(/*/@tests='0') and /*/@failures='0' and /*/@errors='0'" label="there should be at least one test, and none of the tests should fail" type="xpath"><x:expected xml:space="preserve">XPath: true()
Value: true</x:expected><x:was xml:space="preserve">XPath: not(/*/@tests='0') and /*/@failures='0' and /*/@errors='0'
Value: true</x:was></x:test-result></x:description><x:description xmlns:cx="http://xmlcalabash.com/ns/extensions" xmlns:c="http://www.w3.org/ns/xproc-step" xml:base="file:/home/jostein/xprocspec/src/test/xprocspec/test.xprocspec" test-base-uri="file:/home/jostein/xprocspec/src/test/xprocspec/test.xprocspec" script="file:/home/jostein/xprocspec/src/main/resources/content/xml/xproc/xprocspec.xpl" test-grammar="xprocspec" temp-dir="file:/tmp/xprocspec-20130905160023007/"><x:step-declaration><p:declare-step xmlns:p="http://www.w3.org/ns/xproc" xmlns:px="http://www.daisy.org/ns/xprocspec" xmlns:pxi="http://www.daisy.org/ns/xprocspec/xproc-internal/" xmlns:pkg="http://expath.org/ns/pkg" type="px:xprocspec" name="main" version="1.0" xpath-version="2.0" pkg:import-uri="http://www.daisy.org/ns/xprocspec/xprocspec.xpl" x:type="{http://www.daisy.org/ns/xprocspec}xprocspec"><p:input port="source" kind="document" sequence="false" primary="true"/><p:output port="result" kind="document" sequence="false" primary="false"><p:pipe port="result" step="report"/></p:output><p:output port="html" kind="document" sequence="false" primary="false"><p:pipe port="html" step="report"/></p:output><p:output port="junit" kind="document" sequence="false" primary="false"><p:pipe port="junit" step="report"/></p:output><p:option name="temp-dir" select="'file:/tmp/'"/></p:declare-step></x:step-declaration><x:scenario end-time="2013-09-05T14:00:43.039Z" label="the document element - the 'errors' type" start-time="2013-09-05T14:00:42.608Z"><x:call x:type="{http://www.daisy.org/ns/xprocspec}xprocspec" step="x:xprocspec"><x:option select="$temp-dir" name="temp-dir" value="file:/tmp/xprocspec-20130905160023007/"/><x:input port="source">
                    <x:document xml:base="file:/home/jostein/xprocspec/src/test/xprocspec/test.xprocspec" xml:space="preserve" type="inline"><?xml-model href="http://www.daisy.org/ns/xprocspec/xprocspec.rng" type="application/xml" schematypens="http://relaxng.org/ns/structure/1.0"?><x:description xmlns:e="http://example.net/ns" script="../steps/error.xpl">

    <x:scenario label="error">
        <x:call step="e:error"/>

        <!-- test getting errors document (should be c:errors when errors) -->
        <x:context label="the error document">
            <x:document type="errors"/>
        </x:context>
        <x:expect label="the error document must have c:errors as its root element" type="xpath" test="/c:errors"/>
        <x:expect label="the error document must match the expected error document" type="compare" pending="this does not work in the current version of calabash; catching errors that are thrown from invoked             steps does not work properly, only errors that are thrown directly inside the try/group-element.             See if it works in the newest version of calabash before submitting an issue report.">
            <x:document type="inline">
                <c:errors>
                    <c:error code="ex:TODO"/>
                </c:errors>
            </x:document>
        </x:expect>
    </x:scenario>

</x:description></x:document>
                </x:input></x:call>
                                                <x:context label="errors" id="errors">
                                                    
                                                </x:context>
                                            
                                                <x:expect type="count" label="the step should execute successfully without throwing any errors" max="0" contextref="errors"/>
                                            <x:context label="the junit output port" id="context16">
                <x:document xml:base="file:/home/jostein/xprocspec/src/main/resources/content/xml/xproc/report/report.xpl" xml:space="preserve" type="inline"><testsuites tests="2" failures="0" time="0.348" errors="0" name="document2"><testsuite timestamp="2013-09-05T14:00:42.97Z" hostname="localhost" tests="2" errors="0" failures="0" skipped="1" id="d33944e1" name="error" package="http://example.net/ns" time="0.006">
<properties>


</properties>
<testcase name="theErrorDocumentMustHaveCerrorsAsItsRootElement" classname="error" assertions="1" time="0" status="SUCCESS"><system-out>the error document must have c:errors as its root element: SUCCESS</system-out>
<system-err/></testcase><testcase name="theErrorDocumentMustMatchTheExpectedErrorDocument" classname="error" assertions="1" time="0"><skipped type="xprocspec.skip" message="this does not work in the current version of calabash; catching errors that are thrown from invoked             steps does not work properly, only errors that are thrown directly inside the try/group-element.             See if it works in the newest version of calabash before submitting an issue report.">this does not work in the current version of calabash; catching errors that are thrown from invoked             steps does not work properly, only errors that are thrown directly inside the try/group-element.             See if it works in the newest version of calabash before submitting an issue report.</skipped><system-out>the error document must match the expected error document: SKIPPED</system-out>
<system-err/></testcase></testsuite></testsuites></x:document>
            </x:context><x:expect label="there should be at least one test, and none of the tests should fail" type="xpath" test="not(/*/@tests='0') and /*/@failures='0' and /*/@errors='0'" contextref="context16"/></x:scenario><x:output port="result"><x:document xml:base="file:/home/jostein/xprocspec/src/main/resources/content/xml/xproc/report/report.xpl" xml:space="preserve" type="inline"><x:test-report><x:description xml:base="file:/home/jostein/xprocspec/src/test/xprocspec/tests/document-2.xprocspec" test-base-uri="file:/home/jostein/xprocspec/src/test/xprocspec/tests/document-2.xprocspec" script="file:/home/jostein/xprocspec/src/test/xprocspec/steps/error.xpl" test-grammar="xprocspec" temp-dir="file:/tmp/xprocspec-20130905160023007/xprocspec-20130905160042724/"><x:step-declaration><p:declare-step xmlns:p="http://www.w3.org/ns/xproc" xmlns:ex="http://example.net/ns" name="main" type="ex:error" version="1.0" x:type="{http://example.net/ns}error"><p:output port="result" kind="document" sequence="false" primary="true"/></p:declare-step></x:step-declaration><x:scenario xmlns:e="http://example.net/ns" end-time="2013-09-05T14:00:42.819Z" label="error" start-time="2013-09-05T14:00:42.813Z"><x:call x:type="{http://example.net/ns}error" step="e:error"/><x:context label="the error document" id="context0">
            <x:document xml:base="file:/home/jostein/xprocspec/src/test/xprocspec/tests/document-2.xprocspec" xml:space="preserve" type="inline"><c:errors test-base-uri="file:/home/jostein/xprocspec/src/test/xprocspec/tests/document-2.xprocspec" error-location="running the script"/></x:document>
        </x:context><x:expect label="the error document must have c:errors as its root element" type="xpath" test="/c:errors" contextref="context0"/><x:expect label="the error document must match the expected error document" type="compare" pending="this does not work in the current version of calabash; catching errors that are thrown from invoked             steps does not work properly, only errors that are thrown directly inside the try/group-element.             See if it works in the newest version of calabash before submitting an issue report." contextref="context0">
            
        </x:expect></x:scenario><c:errors test-base-uri="file:/home/jostein/xprocspec/src/test/xprocspec/tests/document-2.xprocspec" error-location="running the script"/><x:test-result contextref="context0" result="passed" test="/c:errors" label="the error document must have c:errors as its root element" type="xpath"><x:expected xml:space="preserve">XPath: true()
Value: true</x:expected><x:was xml:space="preserve">XPath: /c:errors
Value: </x:was></x:test-result>
                                                    <x:test-result contextref="context0" result="skipped" pending="this does not work in the current version of calabash; catching errors that are thrown from invoked             steps does not work properly, only errors that are thrown directly inside the try/group-element.             See if it works in the newest version of calabash before submitting an issue report." label="the error document must match the expected error document" type="compare"/>
                                                </x:description></x:test-report></x:document></x:output><x:output port="html"><x:document xml:base="file:/home/jostein/xprocspec/src/main/resources/content/xml/xproc/report/report-template.xhtml" xml:space="preserve" type="inline"><html xmlns="http://www.w3.org/1999/xhtml"><head><title>Test Report for file:/home/jostein/xprocspec/src/test/xprocspec/tests/document-2.xprocspec (passed:1 / pending:1 / failed:0 / errors:0 / total:2)</title>
        <meta charset="utf-8"/>
        <style type="text/css" xml:space="preserve">/**/
/****************************************************************************/
/*  File:       test-report.css                                             */
/*  Author:     Jeni Tennsion                                               */
/*  URI:        http://xspec.googlecode.com/                                */
/*  Tags:                                                                   */
/*    Copyright (c) 2008, 2010 Jeni Tennsion (see end of file.)             */
/* ------------------------------------------------------------------------ */


/* test */

/* box model */

body {
	margin-right: 1em;
	/*margin-left: 10%;*/
	}

h1 {
	padding: 0.3em 0.5em 0.3em 0.5em;
	position: relative;
	}

h2 {
	padding: 0.1em 0.5em 0.2em 0.5em;
	}

h3 {
	padding-left: 0.6em;
	}

h4 {
	padding-left: 0.8em;
	}

p, table {
	/*margin-left: 5%;*/
	}

dd ul, dd ol {
	margin-left: 0%;
	}

li ul, li ol {
	/*margin-left: 5%;*/
	}

dl, ul, ol, blockquote {
	/*margin-left: 10%;*/
	}

dt {
  padding-top: 3px;
  padding-bottom: 3px;
	clear: both;
	}

dd p {
	/*margin-left: -5px;*/
	margin-top: 5px;
	clear: both;
	}

p.link {
	margin-top: 4px;
	margin-bottom: 0px;
	clear: both;
	}

tr td, td p, li, li p {
	margin-left: 0%;
	}

td:nth-child(2) {
	padding-left: 5%;
	}

.link img, dt img {
	vertical-align: middle;
	position: relative;
	top: -5px;
	}

img {
	position: relative;
	}

#xml-link {
	position: absolute;
	left: 5px;
	top: 5px;
	width: 10%;
	margin-left: 0%;
	}

#link-up {
	position: absolute;
	left: 93%;
	right: 2em;
	top: 0.3em;
	}

#link-top {
	position: absolute;
	left: 89%;
	right: 4em;
	top: 0.3em;
	}
	
.popup {
	display: block;
	visibility: hidden;
	float: right;
	position: absolute;
	top: 5px;
	left: -200px;
	z-index: 1;
	padding: 0.3em;
	width: 220px;
	}

.note {
	position: relative;
	}

.post {
	/*margin-left: 5%;*/
	padding-top: 1em;
	}
	
.example, .sidebar {
  /*margin-left: 5%;*/
  margin-top: 1em;
  margin-bottom: 1em;
  }

/*pre {
	padding-left: 5%;
	margin-left: 5%;
	}*/

/*dd pre, li pre {
	padding-left: 5%;
	}*/

/* fonts */
/* Oxygen  */
body, table {
    font-family:arial, helvetica, sans-serif;
    font-size:12px;
}
/* Oxygen  */

/*body {
	font-family: Verdana, arial, sans-serif;
	font-size: small;
	}*/	

/*h1, h2, h3, h4, h5, h6 {
	font-family: 'trebuchet MS', arial, sans-serif;
	}*/

h1 {
	font-size: 173%;
	font-weight: bold;
	}

h2 {
	font-size: 144%;
	font-weight: normal;
	}

h3 {
	font-size: 120%;
	font-weight: normal;
	}

h4 {
  font-size: 100%;
  font-weight: bold;
}

dt {
	font-weight: bold;
	}

a:link, a:visited, a:active, a:hover {
	font-weight: bold;
	}

a.offsite:link, a.offsite:visited, a.offsite:active, a.offsite:hover {
	font-weight: normal;
	}

/* suppress the normal italics */
address {
	font-style: normal;
	}

div.example, .sidebar {
  font-family: Verdana, arial, sans-serif;
  font-size: 100%;
  }


.note, .link {
	font-family: Verdana, arial, sans-serif;
	/*font-size: 83%;*/
	}

/*.example, .string, .rtf, .code, pre, code {
	font-family: "Lucida Console", "Courier New", monospace;*/
  /*font-size: 83%;*/
/*	}*/

.boolean {
	font-style: italic;
	}

#colophon, #xml-link {
	font-size: 69%;
	}

.question, .title {
	font-weight: bold;
	}

/* colours */
body {
	background-color: white;
	color: black;
	border: 0px none black;
	}

/* this is to make Navigator fill the entire line */
h1, h2 {
	border: 1px solid white;
	width: auto;
	}

h1 {
	/*background: #606;*/
	/*color: #6F6;*/
	}

h2 {
	color: #606;
	/*background: #CFC;*/
	}

hr {
	color: #606;
	background: white;
	}

img, a:link img, a:visited img, a:hover img, a:active img, #link-up img, #link-top img {
	border: 0px none white;
	background: transparent;
	}

/* OXYGEN */
a, a:visited {
    color:rgb(0, 0, 150);
    background-color:inherit;
    font-weight: bold;
}
a:link, a:visited {
    text-decoration:none; 
}
a:hover {
    text-decoration:underline;
}

/* OXYGEN */

a.img:hover, a.img:active {
	background: transparent;
	}

#colophon, #xml-link, .note {
	color: #666;
	}

#colophon a:link, #colophon a:visited, #colophon a:hover,
#xml-link a:link, #xml-link a:visited, #xml-link a:hover,
.note a:link, .note a:visited, .note a:hover {
	color: #969;
	background: transparent;
	}

#colophon a:hover, #xml-link a:hover, .note a:hover {
	background: #CFC;
	color: #969;
	}

.popup {
	background: white;
	border: 1px solid #606;
	}

.post {
	border-top: 2px solid #606;
	}
	
.example {
  border-top: 2px solid #606;
  border-bottom: 2px solid #606;
  }
  
.sidebar {
  border-top: 2px solid #090;
  border-bottom: 2px solid #090;
  }
  
.rng {
  border-left: 2px solid #666;
  }

.same {
  background-color: rgb(206, 239, 174);
}

.diff {
  background-color: #FCC;
}

.whitespace {
	font-style: italic;
	color: #999;
	background: white;
}

.ignored {
  font-style: italic;
  color: #999;
  background: white;
}

.hit {
}

.missed {
  background-color: #A33;
  color: white;
}

/* text */
ol ol li {
	list-style: lower-alpha;
	}

th {
	text-align: left;
	}

td {
	vertical-align: top;
	}

h1 {
	text-transform: uppercase;
	}

h2, h3 {
	/*text-transform: capitalize;*/
	}

.question {
	text-indent: -33px;
	}

.byline {
	text-align: right;
	}

#link-top, #link-up {
	text-align: right;
	}

a {
	text-decoration: none;
	}

table { width: 85%;
        /* border: collapse; */ }

th { text-align: left; }

.xspec tbody th { font-weight: normal; /*font-size: 0.8em;*/ border-top: 1px #666 solid; }
.xspec tbody td { /*font-size: 0.8em;*/ color: #666; }

.successful.label th, .successful.label td { background-color: #CFC; }
.pending.label th, .pending.label td { background-color: #DDD; color: #666; }
.failed.label th, .failed.label td { background-color: #FCC; }
.error.label th, .error.label td { background-color: #FAA; }
/*body &gt; table tbody .failed.label th:first-child:before {content:url(data:image/png;base64,iVBORw0KGgoAAAANSUhEUgAAAAwAAAAMCAYAAABWdVznAAAAGXRFWHRTb2Z0d2FyZQBBZG9iZSBJbWFnZVJlYWR5ccllPAAAA2ZpVFh0WE1MOmNvbS5hZG9iZS54bXAAAAAAADw/eHBhY2tldCBiZWdpbj0i77u/IiBpZD0iVzVNME1wQ2VoaUh6cmVTek5UY3prYzlkIj8+IDx4OnhtcG1ldGEgeG1sbnM6eD0iYWRvYmU6bnM6bWV0YS8iIHg6eG1wdGs9IkFkb2JlIFhNUCBDb3JlIDUuMy1jMDExIDY2LjE0NTY2MSwgMjAxMi8wMi8wNi0xNDo1NjoyNyAgICAgICAgIj4gPHJkZjpSREYgeG1sbnM6cmRmPSJodHRwOi8vd3d3LnczLm9yZy8xOTk5LzAyLzIyLXJkZi1zeW50YXgtbnMjIj4gPHJkZjpEZXNjcmlwdGlvbiByZGY6YWJvdXQ9IiIgeG1sbnM6eG1wTU09Imh0dHA6Ly9ucy5hZG9iZS5jb20veGFwLzEuMC9tbS8iIHhtbG5zOnN0UmVmPSJodHRwOi8vbnMuYWRvYmUuY29tL3hhcC8xLjAvc1R5cGUvUmVzb3VyY2VSZWYjIiB4bWxuczp4bXA9Imh0dHA6Ly9ucy5hZG9iZS5jb20veGFwLzEuMC8iIHhtcE1NOk9yaWdpbmFsRG9jdW1lbnRJRD0ieG1wLmRpZDpCQjU0NjU4QjIyQTNFMTExQkI5Rjk5QkQ4RkQ5RUJFQiIgeG1wTU06RG9jdW1lbnRJRD0ieG1wLmRpZDpEQTUyOTdBQUEzRDUxMUUxQTQwN0YzMUI0Nzg3NDU1RSIgeG1wTU06SW5zdGFuY2VJRD0ieG1wLmlpZDpEQTUyOTdBOUEzRDUxMUUxQTQwN0YzMUI0Nzg3NDU1RSIgeG1wOkNyZWF0b3JUb29sPSJBZG9iZSBQaG90b3Nob3AgQ1M2IChXaW5kb3dzKSI+IDx4bXBNTTpEZXJpdmVkRnJvbSBzdFJlZjppbnN0YW5jZUlEPSJ4bXAuaWlkOjQ4MTZDRTNCRDVBM0UxMTFBQTI2QTBCMjZENzg1Qzg5IiBzdFJlZjpkb2N1bWVudElEPSJ4bXAuZGlkOkJCNTQ2NThCMjJBM0UxMTFCQjlGOTlCRDhGRDlFQkVCIi8+IDwvcmRmOkRlc2NyaXB0aW9uPiA8L3JkZjpSREY+IDwveDp4bXBtZXRhPiA8P3hwYWNrZXQgZW5kPSJyIj8+aHNJrgAAAZ1JREFUeNpsUssrRGEU/907985YMDPNYlh4hbKZPMdgR3aysrGSSFIeKyUKpewoRTYkmcgCf4MsMI2FPDYGKeUZSoru4/uc82VC+W7fOeee+zvn/M45V1uuyCmVwDogq0hDklD6jy1dspNkdxokVrIzPFUh0/MD5OdXoJDwPFtu3d2ns6TTp9oggTlFZlmN0o4AHMmXfJGo0lmGzoE1OgmNHf5YA8rmN5HfM6wADmUuHphA9cIW/JX1yiek9DIlyijxkNjBzXYche19gNcHzfShoLUdVxtLuD/cYzCoMAzCwqYrhMDx9Chs20JRWzf4nMcXcDI3pYAqQHIAtWUJbpKursMMhpA+RiAEGzpc4X5XkDB4GjaHmiZik/PIa2rBEWVlSuW9Q+T3YndskBi46QpQFcLltchtbEZyZhxna4uKhmV9Ito/gtPNOG4P99WItdlIWARNXWOAv6AEr9cplel7/ggUleDlMqUSvNnCobHKxDsNnqs8XaWUZopp/XhxTkOR+HDVOveYUge9rNLyY9SU9v+vwXuUB2R0fQkwABfn/VKSjTLBAAAAAElFTkSuQmCC) " "}*/
/*body &gt; table tbody .error.label th:first-child:before {content:url(data:image/png;base64,iVBORw0KGgoAAAANSUhEUgAAAAwAAAAMCAYAAABWdVznAAAABmJLR0QAAAAAAAD5Q7t/AAAACXBIWXMAAAsTAAALEwEAmpwYAAAAB3RJTUUH3QcKER4AdkxvvQAAAdVJREFUKM89kM9KG0EAh7/JTHazZInEQwJ68KIWLx6Etj6EjxAobYSsD+BjCJ682EOp0FMueYmS0FMICF4i6tFNzJ/dyRh2Znoo6Xf+Pn7wEzc3Nx/W6/UvY8xJnudkWYa1Fu893nviOCaKIhuG4R/v/Ve1Xq9/bG1tnezs7JDnOVpr3t/fcc4hpaRSqVCpVORqtTp9e3v7rrTWn5vNJpPJhHK5zHg8JssyvPeEYcjR0RFpmlKr1ZjP5x9Li8VCbOR2u83BwQEvLy88PT1xfHzMxcUFQgjSNCXLskDlec5sNuPx8REpJZ1Oh+fnZ4QQnJ+fc319Tb/fZ29vD601SmvNdDplsVhwe3vLaDTi6uoKgCRJGAwGNBoNXl9fMcZQcs5hjGG1WpHnObVajQ3VahWtNcYYjDE451Cb+7z3JElCkiScnZ0hpaTX67G7u0u328V7/y+oVqsIITg8PKTT6dBqtRgOhzjnaLVa3N3dcX9/z3K5JI5jxOXlpSuKQqRpirWWh4eH//Plcpn9/X2cc2xvb1MqlQqllBpYa0/jOGYymdBsNsmyDOccURRRFAX1eh2lFGEY/lZBEHyx1v703n8KgkBEUYSUEu/9RkIIUQRB0A/D8NtflUT+nn4OS+0AAAAASUVORK5CYII=) " "}*/
.failed.label th:first-child:before, .failed.label td:first-child:before {content:url(data:image/png;base64,iVBORw0KGgoAAAANSUhEUgAAAAwAAAAMCAYAAABWdVznAAAAGXRFWHRTb2Z0d2FyZQBBZG9iZSBJbWFnZVJlYWR5ccllPAAAA2ZpVFh0WE1MOmNvbS5hZG9iZS54bXAAAAAAADw/eHBhY2tldCBiZWdpbj0i77u/IiBpZD0iVzVNME1wQ2VoaUh6cmVTek5UY3prYzlkIj8+IDx4OnhtcG1ldGEgeG1sbnM6eD0iYWRvYmU6bnM6bWV0YS8iIHg6eG1wdGs9IkFkb2JlIFhNUCBDb3JlIDUuMy1jMDExIDY2LjE0NTY2MSwgMjAxMi8wMi8wNi0xNDo1NjoyNyAgICAgICAgIj4gPHJkZjpSREYgeG1sbnM6cmRmPSJodHRwOi8vd3d3LnczLm9yZy8xOTk5LzAyLzIyLXJkZi1zeW50YXgtbnMjIj4gPHJkZjpEZXNjcmlwdGlvbiByZGY6YWJvdXQ9IiIgeG1sbnM6eG1wTU09Imh0dHA6Ly9ucy5hZG9iZS5jb20veGFwLzEuMC9tbS8iIHhtbG5zOnN0UmVmPSJodHRwOi8vbnMuYWRvYmUuY29tL3hhcC8xLjAvc1R5cGUvUmVzb3VyY2VSZWYjIiB4bWxuczp4bXA9Imh0dHA6Ly9ucy5hZG9iZS5jb20veGFwLzEuMC8iIHhtcE1NOk9yaWdpbmFsRG9jdW1lbnRJRD0ieG1wLmRpZDpCQjU0NjU4QjIyQTNFMTExQkI5Rjk5QkQ4RkQ5RUJFQiIgeG1wTU06RG9jdW1lbnRJRD0ieG1wLmRpZDpEQTUyOTdBQUEzRDUxMUUxQTQwN0YzMUI0Nzg3NDU1RSIgeG1wTU06SW5zdGFuY2VJRD0ieG1wLmlpZDpEQTUyOTdBOUEzRDUxMUUxQTQwN0YzMUI0Nzg3NDU1RSIgeG1wOkNyZWF0b3JUb29sPSJBZG9iZSBQaG90b3Nob3AgQ1M2IChXaW5kb3dzKSI+IDx4bXBNTTpEZXJpdmVkRnJvbSBzdFJlZjppbnN0YW5jZUlEPSJ4bXAuaWlkOjQ4MTZDRTNCRDVBM0UxMTFBQTI2QTBCMjZENzg1Qzg5IiBzdFJlZjpkb2N1bWVudElEPSJ4bXAuZGlkOkJCNTQ2NThCMjJBM0UxMTFCQjlGOTlCRDhGRDlFQkVCIi8+IDwvcmRmOkRlc2NyaXB0aW9uPiA8L3JkZjpSREY+IDwveDp4bXBtZXRhPiA8P3hwYWNrZXQgZW5kPSJyIj8+aHNJrgAAAZ1JREFUeNpsUssrRGEU/907985YMDPNYlh4hbKZPMdgR3aysrGSSFIeKyUKpewoRTYkmcgCf4MsMI2FPDYGKeUZSoru4/uc82VC+W7fOeee+zvn/M45V1uuyCmVwDogq0hDklD6jy1dspNkdxokVrIzPFUh0/MD5OdXoJDwPFtu3d2ns6TTp9oggTlFZlmN0o4AHMmXfJGo0lmGzoE1OgmNHf5YA8rmN5HfM6wADmUuHphA9cIW/JX1yiek9DIlyijxkNjBzXYche19gNcHzfShoLUdVxtLuD/cYzCoMAzCwqYrhMDx9Chs20JRWzf4nMcXcDI3pYAqQHIAtWUJbpKursMMhpA+RiAEGzpc4X5XkDB4GjaHmiZik/PIa2rBEWVlSuW9Q+T3YndskBi46QpQFcLltchtbEZyZhxna4uKhmV9Ito/gtPNOG4P99WItdlIWARNXWOAv6AEr9cplel7/ggUleDlMqUSvNnCobHKxDsNnqs8XaWUZopp/XhxTkOR+HDVOveYUge9rNLyY9SU9v+vwXuUB2R0fQkwABfn/VKSjTLBAAAAAElFTkSuQmCC) " "}
.error.label th:first-child:before, .error.label td:first-child:before {content:url(data:image/png;base64,iVBORw0KGgoAAAANSUhEUgAAAAwAAAAMCAYAAABWdVznAAAABmJLR0QAAAAAAAD5Q7t/AAAACXBIWXMAAAsTAAALEwEAmpwYAAAAB3RJTUUH3QcKER4AdkxvvQAAAdVJREFUKM89kM9KG0EAh7/JTHazZInEQwJ68KIWLx6Etj6EjxAobYSsD+BjCJ682EOp0FMueYmS0FMICF4i6tFNzJ/dyRh2Znoo6Xf+Pn7wEzc3Nx/W6/UvY8xJnudkWYa1Fu893nviOCaKIhuG4R/v/Ve1Xq9/bG1tnezs7JDnOVpr3t/fcc4hpaRSqVCpVORqtTp9e3v7rrTWn5vNJpPJhHK5zHg8JssyvPeEYcjR0RFpmlKr1ZjP5x9Li8VCbOR2u83BwQEvLy88PT1xfHzMxcUFQgjSNCXLskDlec5sNuPx8REpJZ1Oh+fnZ4QQnJ+fc319Tb/fZ29vD601SmvNdDplsVhwe3vLaDTi6uoKgCRJGAwGNBoNXl9fMcZQcs5hjGG1WpHnObVajQ3VahWtNcYYjDE451Cb+7z3JElCkiScnZ0hpaTX67G7u0u328V7/y+oVqsIITg8PKTT6dBqtRgOhzjnaLVa3N3dcX9/z3K5JI5jxOXlpSuKQqRpirWWh4eH//Plcpn9/X2cc2xvb1MqlQqllBpYa0/jOGYymdBsNsmyDOccURRRFAX1eh2lFGEY/lZBEHyx1v703n8KgkBEUYSUEu/9RkIIUQRB0A/D8NtflUT+nn4OS+0AAAAASUVORK5CYII=) " "}
.pending.label th:first-child:before, .pending.label td:first-child:before {content:url(data:image/png;base64,iVBORw0KGgoAAAANSUhEUgAAAAwAAAAMCAYAAABWdVznAAAAGXRFWHRTb2Z0d2FyZQBBZG9iZSBJbWFnZVJlYWR5ccllPAAAA2ZpVFh0WE1MOmNvbS5hZG9iZS54bXAAAAAAADw/eHBhY2tldCBiZWdpbj0i77u/IiBpZD0iVzVNME1wQ2VoaUh6cmVTek5UY3prYzlkIj8+IDx4OnhtcG1ldGEgeG1sbnM6eD0iYWRvYmU6bnM6bWV0YS8iIHg6eG1wdGs9IkFkb2JlIFhNUCBDb3JlIDUuMy1jMDExIDY2LjE0NTY2MSwgMjAxMi8wMi8wNi0xNDo1NjoyNyAgICAgICAgIj4gPHJkZjpSREYgeG1sbnM6cmRmPSJodHRwOi8vd3d3LnczLm9yZy8xOTk5LzAyLzIyLXJkZi1zeW50YXgtbnMjIj4gPHJkZjpEZXNjcmlwdGlvbiByZGY6YWJvdXQ9IiIgeG1sbnM6eG1wTU09Imh0dHA6Ly9ucy5hZG9iZS5jb20veGFwLzEuMC9tbS8iIHhtbG5zOnN0UmVmPSJodHRwOi8vbnMuYWRvYmUuY29tL3hhcC8xLjAvc1R5cGUvUmVzb3VyY2VSZWYjIiB4bWxuczp4bXA9Imh0dHA6Ly9ucy5hZG9iZS5jb20veGFwLzEuMC8iIHhtcE1NOk9yaWdpbmFsRG9jdW1lbnRJRD0ieG1wLmRpZDpCQjU0NjU4QjIyQTNFMTExQkI5Rjk5QkQ4RkQ5RUJFQiIgeG1wTU06RG9jdW1lbnRJRD0ieG1wLmRpZDpDODdDM0Y0QUEzRDUxMUUxQjk5N0MzQjVFRDMyQUE1MiIgeG1wTU06SW5zdGFuY2VJRD0ieG1wLmlpZDpDODdDM0Y0OUEzRDUxMUUxQjk5N0MzQjVFRDMyQUE1MiIgeG1wOkNyZWF0b3JUb29sPSJBZG9iZSBQaG90b3Nob3AgQ1M2IChXaW5kb3dzKSI+IDx4bXBNTTpEZXJpdmVkRnJvbSBzdFJlZjppbnN0YW5jZUlEPSJ4bXAuaWlkOjQ4MTZDRTNCRDVBM0UxMTFBQTI2QTBCMjZENzg1Qzg5IiBzdFJlZjpkb2N1bWVudElEPSJ4bXAuZGlkOkJCNTQ2NThCMjJBM0UxMTFCQjlGOTlCRDhGRDlFQkVCIi8+IDwvcmRmOkRlc2NyaXB0aW9uPiA8L3JkZjpSREY+IDwveDp4bXBtZXRhPiA8P3hwYWNrZXQgZW5kPSJyIj8+yj6RYgAAAPZJREFUeNp0kM8KgkAQxmc1E0Wfo3vQn5eRSDx4EUHwbTpEhx4lil7DiydBQUFXp5nAMNsGhpnd/X77za4Iw3CFiFcAWFMFDkXtKZ/UHhfUnB3HWdu2/REpAL2u631ZlicGdpZlwTAMSmBM0zS5bhgQLB5FU3AOUS4XvNn3vVKgAACCIMA0TbFpGsyyDJMkefdFUWAcx1hVFeZ5jlEUoed5qPEI7KDrOhiG8e6llNC27Zcz77FW+L6Pruv+WKtGIzfgR39umv/UHOJgAMlO/BPOXCQDD5p3r2ma8lvHNU9BcWPg0HXdhRZbOhRT8aSXVO9U/ZcAAwAsmjsSQcM0lwAAAABJRU5ErkJggg==) " ";}
.successful.label th:first-child:before, .successful.label td:first-child:before {content:url(data:image/png;base64,iVBORw0KGgoAAAANSUhEUgAAAAwAAAAMCAYAAABWdVznAAAAGXRFWHRTb2Z0d2FyZQBBZG9iZSBJbWFnZVJlYWR5ccllPAAAA2ZpVFh0WE1MOmNvbS5hZG9iZS54bXAAAAAAADw/eHBhY2tldCBiZWdpbj0i77u/IiBpZD0iVzVNME1wQ2VoaUh6cmVTek5UY3prYzlkIj8+IDx4OnhtcG1ldGEgeG1sbnM6eD0iYWRvYmU6bnM6bWV0YS8iIHg6eG1wdGs9IkFkb2JlIFhNUCBDb3JlIDUuMy1jMDExIDY2LjE0NTY2MSwgMjAxMi8wMi8wNi0xNDo1NjoyNyAgICAgICAgIj4gPHJkZjpSREYgeG1sbnM6cmRmPSJodHRwOi8vd3d3LnczLm9yZy8xOTk5LzAyLzIyLXJkZi1zeW50YXgtbnMjIj4gPHJkZjpEZXNjcmlwdGlvbiByZGY6YWJvdXQ9IiIgeG1sbnM6eG1wTU09Imh0dHA6Ly9ucy5hZG9iZS5jb20veGFwLzEuMC9tbS8iIHhtbG5zOnN0UmVmPSJodHRwOi8vbnMuYWRvYmUuY29tL3hhcC8xLjAvc1R5cGUvUmVzb3VyY2VSZWYjIiB4bWxuczp4bXA9Imh0dHA6Ly9ucy5hZG9iZS5jb20veGFwLzEuMC8iIHhtcE1NOk9yaWdpbmFsRG9jdW1lbnRJRD0ieG1wLmRpZDpCQjU0NjU4QjIyQTNFMTExQkI5Rjk5QkQ4RkQ5RUJFQiIgeG1wTU06RG9jdW1lbnRJRD0ieG1wLmRpZDpEMDVBNThBQUEzRDUxMUUxQjdCQkM2QUNBMTNBMDExNiIgeG1wTU06SW5zdGFuY2VJRD0ieG1wLmlpZDpEMDVBNThBOUEzRDUxMUUxQjdCQkM2QUNBMTNBMDExNiIgeG1wOkNyZWF0b3JUb29sPSJBZG9iZSBQaG90b3Nob3AgQ1M2IChXaW5kb3dzKSI+IDx4bXBNTTpEZXJpdmVkRnJvbSBzdFJlZjppbnN0YW5jZUlEPSJ4bXAuaWlkOjQ4MTZDRTNCRDVBM0UxMTFBQTI2QTBCMjZENzg1Qzg5IiBzdFJlZjpkb2N1bWVudElEPSJ4bXAuZGlkOkJCNTQ2NThCMjJBM0UxMTFCQjlGOTlCRDhGRDlFQkVCIi8+IDwvcmRmOkRlc2NyaXB0aW9uPiA8L3JkZjpSREY+IDwveDp4bXBtZXRhPiA8P3hwYWNrZXQgZW5kPSJyIj8+xJ3YrgAAAYBJREFUeNpsUrtKA1EQPZtdY4gEQiD4QCsLEVGX4CP4AykEq1hYiGghCDZ+gBZWVtrZ+EAjaGOhfoAkNiaKhYWICilMEQNqoYjZ5O4d5+6ucQuLM3funDNzD7OrLe229YBwSKAEnyAP/pyIbL5fcz5rcNiLtuqJSEz3ickn5ruE/vFmJ9/LYjvAldGWqA7bJkgPtoAHQrS5G6NdiwhFWCoxHOCgKUL+iurkCBVawyamE8d4qmSZ51clBZUlh+RG14JzEsJNcaTNLVwWd1B6vXXqkmGoYNeVUPnW3JNr4+YarPoncvebEAKNekAlokaY6N/A1NA+SBgY6Eijtz2Fs5sVWNWawysorWNJsO+q9QWzaxLTYwfojA3isZzDfSnrWvTsNiyp7pOrZURC7ejrTDEpcVpY9ab+NSioLZEiapZA5nwBxZcC8g9HeK7ccYM7TDnwmoU2vx6/NIJaUjc0b0u8YvJNle5HdJvlhbI0Y31ThqsjTGr0/+8hOOQ5nfsRYACtHiy+FDd82wAAAABJRU5ErkJggg==) " "}
/*.successful.label a:before {content:url(data:image/png;base64,iVBORw0KGgoAAAANSUhEUgAAAAwAAAAMCAYAAABWdVznAAAAGXRFWHRTb2Z0d2FyZQBBZG9iZSBJbWFnZVJlYWR5ccllPAAAA2ZpVFh0WE1MOmNvbS5hZG9iZS54bXAAAAAAADw/eHBhY2tldCBiZWdpbj0i77u/IiBpZD0iVzVNME1wQ2VoaUh6cmVTek5UY3prYzlkIj8+IDx4OnhtcG1ldGEgeG1sbnM6eD0iYWRvYmU6bnM6bWV0YS8iIHg6eG1wdGs9IkFkb2JlIFhNUCBDb3JlIDUuMy1jMDExIDY2LjE0NTY2MSwgMjAxMi8wMi8wNi0xNDo1NjoyNyAgICAgICAgIj4gPHJkZjpSREYgeG1sbnM6cmRmPSJodHRwOi8vd3d3LnczLm9yZy8xOTk5LzAyLzIyLXJkZi1zeW50YXgtbnMjIj4gPHJkZjpEZXNjcmlwdGlvbiByZGY6YWJvdXQ9IiIgeG1sbnM6eG1wTU09Imh0dHA6Ly9ucy5hZG9iZS5jb20veGFwLzEuMC9tbS8iIHhtbG5zOnN0UmVmPSJodHRwOi8vbnMuYWRvYmUuY29tL3hhcC8xLjAvc1R5cGUvUmVzb3VyY2VSZWYjIiB4bWxuczp4bXA9Imh0dHA6Ly9ucy5hZG9iZS5jb20veGFwLzEuMC8iIHhtcE1NOk9yaWdpbmFsRG9jdW1lbnRJRD0ieG1wLmRpZDpCQjU0NjU4QjIyQTNFMTExQkI5Rjk5QkQ4RkQ5RUJFQiIgeG1wTU06RG9jdW1lbnRJRD0ieG1wLmRpZDpEMDVBNThBQUEzRDUxMUUxQjdCQkM2QUNBMTNBMDExNiIgeG1wTU06SW5zdGFuY2VJRD0ieG1wLmlpZDpEMDVBNThBOUEzRDUxMUUxQjdCQkM2QUNBMTNBMDExNiIgeG1wOkNyZWF0b3JUb29sPSJBZG9iZSBQaG90b3Nob3AgQ1M2IChXaW5kb3dzKSI+IDx4bXBNTTpEZXJpdmVkRnJvbSBzdFJlZjppbnN0YW5jZUlEPSJ4bXAuaWlkOjQ4MTZDRTNCRDVBM0UxMTFBQTI2QTBCMjZENzg1Qzg5IiBzdFJlZjpkb2N1bWVudElEPSJ4bXAuZGlkOkJCNTQ2NThCMjJBM0UxMTFCQjlGOTlCRDhGRDlFQkVCIi8+IDwvcmRmOkRlc2NyaXB0aW9uPiA8L3JkZjpSREY+IDwveDp4bXBtZXRhPiA8P3hwYWNrZXQgZW5kPSJyIj8+xJ3YrgAAAYBJREFUeNpsUrtKA1EQPZtdY4gEQiD4QCsLEVGX4CP4AykEq1hYiGghCDZ+gBZWVtrZ+EAjaGOhfoAkNiaKhYWICilMEQNqoYjZ5O4d5+6ucQuLM3funDNzD7OrLe229YBwSKAEnyAP/pyIbL5fcz5rcNiLtuqJSEz3ickn5ruE/vFmJ9/LYjvAldGWqA7bJkgPtoAHQrS5G6NdiwhFWCoxHOCgKUL+iurkCBVawyamE8d4qmSZ51clBZUlh+RG14JzEsJNcaTNLVwWd1B6vXXqkmGoYNeVUPnW3JNr4+YarPoncvebEAKNekAlokaY6N/A1NA+SBgY6Eijtz2Fs5sVWNWawysorWNJsO+q9QWzaxLTYwfojA3isZzDfSnrWvTsNiyp7pOrZURC7ejrTDEpcVpY9ab+NSioLZEiapZA5nwBxZcC8g9HeK7ccYM7TDnwmoU2vx6/NIJaUjc0b0u8YvJNle5HdJvlhbI0Y31ThqsjTGr0/+8hOOQ5nfsRYACtHiy+FDd82wAAAABJRU5ErkJggg==) " "}*/

.xspecResult { width: 90%; table-layout: fixed; }

.xspecResult td,
.xspecResult th { width: 50%; }

/*.xspecResult pre { 
  margin-left: 0; 
  padding: 0.5em; 
  overflow: auto; 
  border: 1px #999 dotted;
}*/

span.scenario-totals {float: right; width: 14.5%; text-align: left}

/* OXYGEN */
span.scenario-totals {float: right; width: 34.5%; text-align: right}

h2.failed {
    background-color: #FCC;
}

h1, h2 {
    width: 86%;
    /*margin-left: 3%;*/
    
    font-size:1.4em;
    font-weight:bold;
    text-align:left;
    margin-top:1.4em;
    margin-bottom:0.7em;
    color:#333333;
    background-color:inherit;
}

h1 {
    font-size:1.7em;
}

body &gt; h1:first-child:before {
    content:"XSLT UNIT ";
}

body &gt; h2:first-of-type {
    font-size:1.7em;
}

div &gt; table &gt; tbody &gt; tr &gt; th:first-child {
    font-weight:bold;
}

div &gt; h3 {
    font-weight:bold;
    /*margin-left: 3%;*/
}

div &gt; h4 {
    font-weight:normal;
    /*margin-left: 4%;*/
}

th.result { text-align: center; }
/* OXYGEN */


/* ------------------------------------------------------------------------ */
/*  DO NOT ALTER OR REMOVE COPYRIGHT NOTICES OR THIS COMMENT.               */
/*                                                                          */
/*  Copyright (c) 2008, 2010 Jeni Tennsion                                  */
/*                                                                          */
/*  The contents of this file are subject to the MIT License (see the URI   */
/*  http://www.opensource.org/licenses/mit-license.php for details).        */
/*                                                                          */
/*  Permission is hereby granted, free of charge, to any person obtaining   */
/*  a copy of this software and associated documentation files (the         */
/*  "Software"), to deal in the Software without restriction, including     */
/*  without limitation the rights to use, copy, modify, merge, publish,     */
/*  distribute, sublicense, and/or sell copies of the Software, and to      */
/*  permit persons to whom the Software is furnished to do so, subject to   */
/*  the following conditions:                                               */
/*                                                                          */
/*  The above copyright notice and this permission notice shall be          */
/*  included in all copies or substantial portions of the Software.         */
/*                                                                          */
/*  THE SOFTWARE IS PROVIDED "AS IS", WITHOUT WARRANTY OF ANY KIND,         */
/*  EXPRESS OR IMPLIED, INCLUDING BUT NOT LIMITED TO THE WARRANTIES OF      */
/*  MERCHANTABILITY, FITNESS FOR A PARTICULAR PURPOSE AND NONINFRINGEMENT.  */
/*  IN NO EVENT SHALL THE AUTHORS OR COPYRIGHT HOLDERS BE LIABLE FOR ANY    */
/*  CLAIM, DAMAGES OR OTHER LIABILITY, WHETHER IN AN ACTION OF CONTRACT,    */
/*  TORT OR OTHERWISE, ARISING FROM, OUT OF OR IN CONNECTION WITH THE       */
/*  SOFTWARE OR THE USE OR OTHER DEALINGS IN THE SOFTWARE.                  */
/* ------------------------------------------------------------------------ */

.nobr { white-space: nowrap; }
.scenario-label { text-indent: 0px; }
.context-label { text-indent: 10px; }
.test-label { text-indent: 20px; }
.pending-label { text-indent: 30px; }


        /**/</style>
    </head><body><h1>Test Report</h1><p>Script: <a href="file:/home/jostein/xprocspec/src/test/xprocspec/tests/document-2.xprocspec">file:/home/jostein/xprocspec/src/test/xprocspec/tests/document-2.xprocspec</a></p><p>Tested: 2013-09-05T16:00:43.012+02:00</p><h2>Contents</h2><table class="xspec"><col width="75%"/><col width="5%"/><col width="5%"/><col width="5%"/><col width="5%"/><col width="5%"/><thead><tr><th/><th class="result">passed:1</th><th class="result">pending:1</th><th class="result">failed:0</th><th class="result">errors:0</th><th class="result">total:2</th></tr></thead><tbody><tr class="pending label"><th><a href="#step1">ex:error</a></th><th class="result">1</th><th class="result">1</th><th class="result">0</th><th class="result">0</th><th class="result">2</th></tr></tbody></table><div id="step1"><h2 class="pending">Calling: <a href="file:/home/jostein/xprocspec/src/test/xprocspec/steps/error.xpl">ex:error</a><span class="scenario-totals">passed:1 / pending:1 /
                                        failed:0 / errors:0 / total:2</span></h2><table class="xspec"><col width="80%"/><col width="20%"/><tbody><tr class="pending label"><th class="scenario-label">error</th><th class="nobr">passed:1 / pending:1 / failed:0 / errors:0 / total:2</th></tr><tr class="pending label"><th class="context-label">the error document</th><th class="nobr">passed:1 / pending:1 / failed:0 / errors:0 / total:2</th></tr><tr class="successful label"><td class="test-label">the error document must have c:errors as its root element</td><td>Success</td></tr><tr class="pending label"><td class="test-label">the error document must match the expected error document</td><td>Pending</td></tr><tr class="pending"><td class="pending-label">this does not work in the current version of calabash; catching errors that are thrown from invoked             steps does not work properly, only errors that are thrown directly inside the try/group-element.             See if it works in the newest version of calabash before submitting an issue report.</td><td/></tr></tbody></table></div><h2>Execution log</h2><table><thead><tr><th>Time</th><th>Severity</th><th>Message</th></tr></thead><tbody><tr style=""><td>0.000</td><td style="padding-left:0%;">INFO</td><td><code><pre>#### file:/home/jostein/xprocspec/src/test/xprocspec/tests/document-2.xprocspec ####</pre></code></td></tr><tr style=""><td>0.005</td><td style="padding-left:0%;">INFO</td><td><code><pre> * temporary directory: file:/tmp/xprocspec-20130905160023007/</pre></code></td></tr><tr style=""><td>0.010</td><td style="padding-left:0%;">INFO</td><td><code><pre>preprocessing...</pre></code></td></tr><tr style=""><td>0.028</td><td style="padding-left:0%;">INFO</td><td><code><pre> * checking for imports</pre></code></td></tr><tr style=""><td>0.034</td><td style="padding-left:0%;">INFO</td><td><code><pre> * checking file:/home/jostein/xprocspec/src/test/xprocspec/tests/document-2.xprocspec for imports</pre></code></td></tr><tr style=""><td>0.039</td><td style="padding-left:0%;">INFO</td><td><code><pre> * extracting step declarations from file:/home/jostein/xprocspec/src/test/xprocspec/steps/error.xpl</pre></code></td></tr><tr style=""><td>0.045</td><td style="padding-left:0%;">INFO</td><td><code><pre> * tests reference 1 step</pre></code></td></tr><tr style=""><td>0.050</td><td style="padding-left:0%;">INFO</td><td><code><pre>   * step: e:error</pre></code></td></tr><tr style=""><td>0.055</td><td style="padding-left:0%;">INFO</td><td><code><pre> * trying to load: file:/home/jostein/xprocspec/src/test/xprocspec/steps/error.xpl</pre></code></td></tr><tr style=""><td>0.061</td><td style="padding-left:0%;">INFO</td><td><code><pre>   * success!</pre></code></td></tr><tr style=""><td>0.069</td><td style="padding-left:0%;">INFO</td><td><code><pre> * trying to extract the step declaration for {http://example.net/ns}error from file:/home/jostein/xprocspec/src/test/xprocspec/steps/error.xpl</pre></code></td></tr><tr style=""><td>0.079</td><td style="padding-left:0%;">INFO</td><td><code><pre> * creating a new x:description document for each x:scenario element with inferred inputs, options and parameters</pre></code></td></tr><tr style=""><td>0.093</td><td style="padding-left:0%;">INFO</td><td><code><pre> * validating output grammar</pre></code></td></tr><tr style=""><td>0.106</td><td style="padding-left:0%;">INFO</td><td><code><pre>compiling...</pre></code></td></tr><tr style=""><td>0.114</td><td style="padding-left:0%;">INFO</td><td><code><pre> * created directory using Calabash's cxf:mkdir</pre></code></td></tr><tr style=""><td>0.120</td><td style="padding-left:0%;">INFO</td><td><code><pre> * converting test 'test1' to XProc</pre></code></td></tr><tr style=""><td>0.133</td><td style="padding-left:0%;">INFO</td><td><code><pre>   * done</pre></code></td></tr><tr style=""><td>0.139</td><td style="padding-left:0%;">INFO</td><td><code><pre> * validating output grammar for file:/home/jostein/xprocspec/src/test/xprocspec/tests/document-2.xprocspec</pre></code></td></tr><tr style=""><td>0.152</td><td style="padding-left:0%;">INFO</td><td><code><pre>   * done!</pre></code></td></tr><tr style=""><td>0.159</td><td style="padding-left:0%;">INFO</td><td><code><pre> * using as temporary directory: file:/tmp/xprocspec-20130905160023007/xprocspec-20130905160042724/</pre></code></td></tr><tr style=""><td>0.164</td><td style="padding-left:0%;">INFO</td><td><code><pre>storing...</pre></code></td></tr><tr style=""><td>0.172</td><td style="padding-left:0%;">INFO</td><td><code><pre>running...</pre></code></td></tr><tr style=""><td>0.180</td><td style="padding-left:0%;">INFO</td><td><code><pre>   * loading 'file:/tmp/xprocspec-20130905160023007/test1.xpl'</pre></code></td></tr><tr style=""><td>0.237</td><td style="padding-left:0%;">INFO</td><td><code><pre>evaluating...</pre></code></td></tr><tr style=""><td>0.248</td><td style="padding-left:0%;">INFO</td><td><code><pre> * evaluating scenario 'error' (file:/home/jostein/xprocspec/src/test/xprocspec/tests/document-2.xprocspec)</pre></code></td></tr><tr style=""><td>0.255</td><td style="padding-left:0%;">INFO</td><td><code><pre>   * resolving x:document elements...</pre></code></td></tr><tr style=""><td>0.269</td><td style="padding-left:0%;">INFO</td><td><code><pre>   * grouping x:expect elements with their x:context...</pre></code></td></tr><tr style=""><td>0.279</td><td style="padding-left:0%;">INFO</td><td><code><pre>   * evaluating each context/expect group...</pre></code></td></tr><tr style=""><td>0.285</td><td style="padding-left:0%;">INFO</td><td><code><pre>     * setting context to 'the error document'</pre></code></td></tr><tr style=""><td>0.292</td><td style="padding-left:0%;">INFO</td><td><code><pre>       * testing assertion 'the error document must have c:errors as its root element'</pre></code></td></tr><tr style=""><td>0.302</td><td style="padding-left:0%;">INFO</td><td><code><pre>         * is xpath assertion</pre></code></td></tr><tr style=""><td>0.313</td><td style="padding-left:0%;">INFO</td><td><code><pre>       * testing assertion 'the error document must match the expected error document'</pre></code></td></tr><tr style=""><td>0.320</td><td style="padding-left:0%;">INFO</td><td><code><pre>         * assertion skipped</pre></code></td></tr><tr style=""><td>0.341</td><td style="padding-left:0%;">INFO</td><td><code><pre>reporting...</pre></code></td></tr></tbody></table><link rel="stylesheet" href="http://yandex.st/highlightjs/7.3/styles/default.min.css"/><script type="text/javascript" src="http://yandex.st/highlightjs/7.3/highlight.min.js" xml:space="preserve"> </script><script type="text/javascript">hljs.initHighlightingOnLoad();</script></body></html></x:document></x:output><x:output port="junit"><x:document xml:base="file:/home/jostein/xprocspec/src/main/resources/content/xml/xproc/report/report.xpl" xml:space="preserve" type="inline"><testsuites tests="2" failures="0" time="0.348" errors="0" name="document2"><testsuite timestamp="2013-09-05T14:00:42.97Z" hostname="localhost" tests="2" errors="0" failures="0" skipped="1" id="d33944e1" name="error" package="http://example.net/ns" time="0.006">
<properties>


</properties>
<testcase name="theErrorDocumentMustHaveCerrorsAsItsRootElement" classname="error" assertions="1" time="0" status="SUCCESS"><system-out>the error document must have c:errors as its root element: SUCCESS</system-out>
<system-err/></testcase><testcase name="theErrorDocumentMustMatchTheExpectedErrorDocument" classname="error" assertions="1" time="0"><skipped type="xprocspec.skip" message="this does not work in the current version of calabash; catching errors that are thrown from invoked             steps does not work properly, only errors that are thrown directly inside the try/group-element.             See if it works in the newest version of calabash before submitting an issue report.">this does not work in the current version of calabash; catching errors that are thrown from invoked             steps does not work properly, only errors that are thrown directly inside the try/group-element.             See if it works in the newest version of calabash before submitting an issue report.</skipped><system-out>the error document must match the expected error document: SKIPPED</system-out>
<system-err/></testcase></testsuite></testsuites></x:document></x:output><x:test-result contextref="errors" result="passed" max="0" label="the step should execute successfully without throwing any errors" type="count">
                                                        <x:expected>At most 0 documents.</x:expected>
                                                    <x:was>0</x:was></x:test-result><x:test-result contextref="context16" result="passed" test="not(/*/@tests='0') and /*/@failures='0' and /*/@errors='0'" label="there should be at least one test, and none of the tests should fail" type="xpath"><x:expected xml:space="preserve">XPath: true()
Value: true</x:expected><x:was xml:space="preserve">XPath: not(/*/@tests='0') and /*/@failures='0' and /*/@errors='0'
Value: true</x:was></x:test-result></x:description><x:description xmlns:cx="http://xmlcalabash.com/ns/extensions" xmlns:c="http://www.w3.org/ns/xproc-step" xml:base="file:/home/jostein/xprocspec/src/test/xprocspec/test.xprocspec" test-base-uri="file:/home/jostein/xprocspec/src/test/xprocspec/test.xprocspec" script="file:/home/jostein/xprocspec/src/main/resources/content/xml/xproc/xprocspec.xpl" test-grammar="xprocspec" temp-dir="file:/tmp/xprocspec-20130905160023007/"><x:step-declaration><p:declare-step xmlns:p="http://www.w3.org/ns/xproc" xmlns:px="http://www.daisy.org/ns/xprocspec" xmlns:pxi="http://www.daisy.org/ns/xprocspec/xproc-internal/" xmlns:pkg="http://expath.org/ns/pkg" type="px:xprocspec" name="main" version="1.0" xpath-version="2.0" pkg:import-uri="http://www.daisy.org/ns/xprocspec/xprocspec.xpl" x:type="{http://www.daisy.org/ns/xprocspec}xprocspec"><p:input port="source" kind="document" sequence="false" primary="true"/><p:output port="result" kind="document" sequence="false" primary="false"><p:pipe port="result" step="report"/></p:output><p:output port="html" kind="document" sequence="false" primary="false"><p:pipe port="html" step="report"/></p:output><p:output port="junit" kind="document" sequence="false" primary="false"><p:pipe port="junit" step="report"/></p:output><p:option name="temp-dir" select="'file:/tmp/'"/></p:declare-step></x:step-declaration><x:scenario end-time="2013-09-05T14:00:43.416Z" pending="Not implemented" label="the pending element" start-time="2013-09-05T14:00:43.415Z"><x:call x:type="{http://www.daisy.org/ns/xprocspec}xprocspec" step="x:xprocspec"><x:option select="$temp-dir" name="temp-dir" value=""/><x:input port="source">
                
            </x:input></x:call><x:context label="the junit output port" pending="Not implemented" id="context17">
            
        </x:context><x:expect label="there should be at least one test, and none of the tests should fail" type="xpath" test="not(/*/@tests='0') and /*/@failures='0' and /*/@errors='0'" pending="Not implemented" contextref="context17"/></x:scenario>
                                                    <x:test-result contextref="context17" result="skipped" pending="Not implemented" test="not(/*/@tests='0') and /*/@failures='0' and /*/@errors='0'" label="there should be at least one test, and none of the tests should fail" type="xpath"/>
                                                </x:description></x:test-report>