<?xml version="1.0" encoding="UTF-8"?><testsuites tests="21" failures="0" time="10.419" errors="0" name="test"><testsuite timestamp="2013-08-22T14:03:09.717Z" hostname="localhost" tests="2" errors="0" failures="0" skipped="0" id="d13109e1" name="theDescriptionElement" package="http://www.daisy.org/ns/xprocspec" time="0.437">
<properties><property name="input: source" value="&lt;declare-step xmlns=&#34;http://www.w3.org/ns/xproc&#34; ...&gt;...&lt;/declare-step&gt; (Base URI: file:/home/jostein/xprocspec/src/test/xprocspec/test.xprocspec)"/>

<property name="option: temp-dir" value="file:/tmp/xprocspec-20130822160259495/"/>

</properties>
<testcase name="thereShouldBe3Tests" classname="xprocspec" assertions="1" time="0" status="SUCCESS"><system-out>there should be 3 tests: SUCCESS</system-out>
<system-err/></testcase><testcase name="oneOfTheTestsShouldBePending" classname="xprocspec" assertions="1" time="0" status="SUCCESS"><system-out>one of the tests should be pending: SUCCESS</system-out>
<system-err/></testcase></testsuite><testsuite timestamp="2013-08-22T14:03:09.732Z" hostname="localhost" tests="1" errors="0" failures="0" skipped="0" id="d13121e1" name="theImportElementTwoImports" package="http://www.daisy.org/ns/xprocspec" time="0.671">
<properties><property name="input: source" value="&lt;declare-step xmlns=&#34;http://www.w3.org/ns/xproc&#34; ...&gt;...&lt;/declare-step&gt; (Base URI: file:/home/jostein/xprocspec/src/test/xprocspec/test.xprocspec)"/>

<property name="option: temp-dir" value="file:/tmp/xprocspec-20130822160259495/"/>

</properties>
<testcase name="thereShouldBe3Tests" classname="xprocspec" assertions="1" time="0" status="SUCCESS"><system-out>there should be 3 tests: SUCCESS</system-out>
<system-err/></testcase></testsuite><testsuite timestamp="2013-08-22T14:03:09.746Z" hostname="localhost" tests="1" errors="0" failures="0" skipped="0" id="d13132e1" name="theImportElementOneImportWithOneImport" package="http://www.daisy.org/ns/xprocspec" time="0.714">
<properties><property name="input: source" value="&lt;declare-step xmlns=&#34;http://www.w3.org/ns/xproc&#34; ...&gt;...&lt;/declare-step&gt; (Base URI: file:/home/jostein/xprocspec/src/test/xprocspec/test.xprocspec)"/>

<property name="option: temp-dir" value="file:/tmp/xprocspec-20130822160259495/"/>

</properties>
<testcase name="thereShouldBe3Tests" classname="xprocspec" assertions="1" time="0" status="SUCCESS"><system-out>there should be 3 tests: SUCCESS</system-out>
<system-err/></testcase></testsuite><testsuite timestamp="2013-08-22T14:03:09.759Z" hostname="localhost" tests="1" errors="0" failures="0" skipped="0" id="d13143e1" name="theImportElementCircularImports" package="http://www.daisy.org/ns/xprocspec" time="0.486">
<properties><property name="input: source" value="&lt;declare-step xmlns=&#34;http://www.w3.org/ns/xproc&#34; ...&gt;...&lt;/declare-step&gt; (Base URI: file:/home/jostein/xprocspec/src/test/xprocspec/test.xprocspec)"/>

<property name="option: temp-dir" value="file:/tmp/xprocspec-20130822160259495/"/>

</properties>
<testcase name="thereShouldBe2Tests" classname="xprocspec" assertions="1" time="0" status="SUCCESS"><system-out>there should be 2 tests: SUCCESS</system-out>
<system-err/></testcase></testsuite><testsuite timestamp="2013-08-22T14:03:09.772Z" hostname="localhost" tests="2" errors="0" failures="0" skipped="0" id="d13152e1" name="theScenarioElementWithPendingAttribute" package="http://www.daisy.org/ns/xprocspec" time="0.429">
<properties><property name="input: source" value="&lt;declare-step xmlns=&#34;http://www.w3.org/ns/xproc&#34; ...&gt;...&lt;/declare-step&gt; (Base URI: file:/home/jostein/xprocspec/src/test/xprocspec/test.xprocspec)"/>

<property name="option: temp-dir" value="file:/tmp/xprocspec-20130822160259495/"/>

</properties>
<testcase name="thereShouldBe2Tests" classname="xprocspec" assertions="1" time="0" status="SUCCESS"><system-out>there should be 2 tests: SUCCESS</system-out>
<system-err/></testcase><testcase name="thereShouldBeASkippedTest" classname="xprocspec" assertions="1" time="0" status="SUCCESS"><system-out>there should be a skipped test: SUCCESS</system-out>
<system-err/></testcase></testsuite><testsuite timestamp="2013-08-22T14:03:09.786Z" hostname="localhost" tests="1" errors="0" failures="0" skipped="0" id="d13161e1" name="theScenarioElementWithTwoChildScenariosOneOfWhichHasAnotherChildScenario" package="http://www.daisy.org/ns/xprocspec" time="0.629">
<properties><property name="input: source" value="&lt;declare-step xmlns=&#34;http://www.w3.org/ns/xproc&#34; ...&gt;...&lt;/declare-step&gt; (Base URI: file:/home/jostein/xprocspec/src/test/xprocspec/test.xprocspec)"/>

<property name="option: temp-dir" value="file:/tmp/xprocspec-20130822160259495/"/>

</properties>
<testcase name="thereShouldBe3Tests" classname="xprocspec" assertions="1" time="0" status="SUCCESS"><system-out>there should be 3 tests: SUCCESS</system-out>
<system-err/></testcase></testsuite><testsuite timestamp="2013-08-22T14:03:09.8Z" hostname="localhost" tests="1" errors="0" failures="0" skipped="0" id="d13172e1" name="theCallElementInheritFromCallElementsInAncestorScenarios" package="http://www.daisy.org/ns/xprocspec" time="0.353">
<properties><property name="input: source" value="&lt;declare-step xmlns=&#34;http://www.w3.org/ns/xproc&#34; ...&gt;...&lt;/declare-step&gt; (Base URI: file:/home/jostein/xprocspec/src/test/xprocspec/test.xprocspec)"/>

<property name="option: temp-dir" value="file:/tmp/xprocspec-20130822160259495/"/>

</properties>
<testcase name="thereShouldBe2Tests" classname="xprocspec" assertions="1" time="0" status="SUCCESS"><system-out>there should be 2 tests: SUCCESS</system-out>
<system-err/></testcase></testsuite><testsuite timestamp="2013-08-22T14:03:09.813Z" hostname="localhost" tests="2" errors="0" failures="0" skipped="0" id="d13181e1" name="theCallElementStepAttributePointingToStepDeclaredInAnXProcLibrary" package="http://www.daisy.org/ns/xprocspec" time="0.243">
<properties><property name="input: source" value="&lt;declare-step xmlns=&#34;http://www.w3.org/ns/xproc&#34; ...&gt;...&lt;/declare-step&gt; (Base URI: file:/home/jostein/xprocspec/src/test/xprocspec/test.xprocspec)"/>

<property name="option: temp-dir" value="file:/tmp/xprocspec-20130822160259495/"/>

</properties>
<testcase name="thereShouldBe1Test" classname="xprocspec" assertions="1" time="0" status="SUCCESS"><system-out>there should be 1 test: SUCCESS</system-out>
<system-err/></testcase><testcase name="theTestShouldSucceed" classname="xprocspec" assertions="1" time="0" status="SUCCESS"><system-out>the test should succeed: SUCCESS</system-out>
<system-err/></testcase></testsuite><testsuite timestamp="2013-08-22T14:03:09.826Z" hostname="localhost" tests="2" errors="0" failures="0" skipped="0" id="d13190e1" name="theCallElementTwoDifferentScenariosTestingDifferentStepsInTheSameLibrary" package="http://www.daisy.org/ns/xprocspec" time="0.368">
<properties><property name="input: source" value="&lt;declare-step xmlns=&#34;http://www.w3.org/ns/xproc&#34; ...&gt;...&lt;/declare-step&gt; (Base URI: file:/home/jostein/xprocspec/src/test/xprocspec/test.xprocspec)"/>

<property name="option: temp-dir" value="file:/tmp/xprocspec-20130822160259495/"/>

</properties>
<testcase name="thereShouldBe2Tests" classname="xprocspec" assertions="1" time="0" status="SUCCESS"><system-out>there should be 2 tests: SUCCESS</system-out>
<system-err/></testcase><testcase name="theTestsShouldSucceed" classname="xprocspec" assertions="1" time="0" status="SUCCESS"><system-out>the tests should succeed: SUCCESS</system-out>
<system-err/></testcase></testsuite><testsuite timestamp="2013-08-22T14:03:09.839Z" hostname="localhost" tests="1" errors="0" failures="0" skipped="0" id="d13201e1" name="theInputElementEmptySequence" package="http://www.daisy.org/ns/xprocspec" time="0.307">
<properties><property name="input: source" value="&lt;declare-step xmlns=&#34;http://www.w3.org/ns/xproc&#34; ...&gt;...&lt;/declare-step&gt; (Base URI: file:/home/jostein/xprocspec/src/test/xprocspec/test.xprocspec)"/>

<property name="option: temp-dir" value="file:/tmp/xprocspec-20130822160259495/"/>

</properties>
<testcase name="allTestsShouldSucceed" classname="xprocspec" assertions="1" time="0" status="SUCCESS"><system-out>all tests should succeed: SUCCESS</system-out>
<system-err/></testcase></testsuite><testsuite timestamp="2013-08-22T14:03:09.851Z" hostname="localhost" tests="1" errors="0" failures="0" skipped="0" id="d13210e1" name="theInputElementSequenceOfTwoDocuments" package="http://www.daisy.org/ns/xprocspec" time="0.321">
<properties><property name="input: source" value="&lt;declare-step xmlns=&#34;http://www.w3.org/ns/xproc&#34; ...&gt;...&lt;/declare-step&gt; (Base URI: file:/home/jostein/xprocspec/src/test/xprocspec/test.xprocspec)"/>

<property name="option: temp-dir" value="file:/tmp/xprocspec-20130822160259495/"/>

</properties>
<testcase name="allTestsShouldSucceed" classname="xprocspec" assertions="1" time="0" status="SUCCESS"><system-out>all tests should succeed: SUCCESS</system-out>
<system-err/></testcase></testsuite><testsuite timestamp="2013-08-22T14:03:09.86Z" hostname="localhost" tests="1" errors="0" failures="0" skipped="1" id="d13219e1" name="theOptionElement" time="0.001">
<properties>


</properties>
<testcase name="pendingScenario-theOptionElement" classname="pendingScenario" assertions="1" time="0"><skipped type="xprocspec.skip" message="Not implemented">Not implemented</skipped><system-out>the option element: SKIPPED</system-out></testcase></testsuite><testsuite timestamp="2013-08-22T14:03:09.87Z" hostname="localhost" tests="1" errors="0" failures="0" skipped="1" id="d13222e1" name="theParamElement" time="0.001">
<properties>


</properties>
<testcase name="pendingScenario-theParamElement" classname="pendingScenario" assertions="1" time="0"><skipped type="xprocspec.skip" message="Not implemented">Not implemented</skipped><system-out>the param element: SKIPPED</system-out></testcase></testsuite><testsuite timestamp="2013-08-22T14:03:09.878Z" hostname="localhost" tests="1" errors="0" failures="0" skipped="1" id="d13225e1" name="theContextElement" time="0.001">
<properties>


</properties>
<testcase name="pendingScenario-theContextElement" classname="pendingScenario" assertions="1" time="0"><skipped type="xprocspec.skip" message="Not implemented">Not implemented</skipped><system-out>the context element: SKIPPED</system-out></testcase></testsuite><testsuite timestamp="2013-08-22T14:03:09.887Z" hostname="localhost" tests="1" errors="0" failures="0" skipped="1" id="d13228e1" name="theExpectElement" time="0.001">
<properties>


</properties>
<testcase name="pendingScenario-theExpectElement" classname="pendingScenario" assertions="1" time="0"><skipped type="xprocspec.skip" message="Not implemented">Not implemented</skipped><system-out>the expect element: SKIPPED</system-out></testcase></testsuite><testsuite timestamp="2013-08-22T14:03:09.895Z" hostname="localhost" tests="1" errors="0" failures="0" skipped="1" id="d13231e1" name="theDocumentElement" time="0.001">
<properties>


</properties>
<testcase name="pendingScenario-theDocumentElement" classname="pendingScenario" assertions="1" time="0"><skipped type="xprocspec.skip" message="Not implemented">Not implemented</skipped><system-out>the document element: SKIPPED</system-out></testcase></testsuite><testsuite timestamp="2013-08-22T14:03:09.903Z" hostname="localhost" tests="1" errors="0" failures="0" skipped="1" id="d13234e1" name="thePendingElement" time="0">
<properties>


</properties>
<testcase name="pendingScenario-thePendingElement" classname="pendingScenario" assertions="1" time="0"><skipped type="xprocspec.skip" message="Not implemented">Not implemented</skipped><system-out>the pending element: SKIPPED</system-out></testcase></testsuite></testsuites>