<testsuites tests="35" failures="0" time="34.477" errors="0" name="test"><testsuite timestamp="2013-09-06T12:05:37.747Z" hostname="localhost" tests="3" errors="0" failures="0" skipped="0" id="d40448e1" name="theDescriptionElement" package="http://www.daisy.org/ns/xprocspec" time="1.512">
<properties><property name="input: source" value="&lt;description xmlns=&#34;http://www.daisy.org/ns/xprocspec&#34; ...&gt;...&lt;/description&gt; (Base URI: file:/home/jostein/xprocspec/xprocspec/src/test/xprocspec/test.xprocspec)"/>

<property name="option: temp-dir" value="file:/tmp/xprocspec-20130906140504877/"/>

</properties>
<testcase name="theStepShouldExecuteSuccessfullyWithoutThrowingAnyErrors" classname="xprocspec" assertions="1" time="0" status="SUCCESS"><system-out>the step should execute successfully without throwing any errors: SUCCESS</system-out>
<system-err/></testcase><testcase name="thereShouldBeAtLeastOneTestAndNoneOfTheTestsShouldFail" classname="xprocspec" assertions="1" time="0" status="SUCCESS"><system-out>there should be at least one test, and none of the tests should fail: SUCCESS</system-out>
<system-err/></testcase><testcase name="oneOfTheTestsShouldBePending" classname="xprocspec" assertions="1" time="0" status="SUCCESS"><system-out>one of the tests should be pending: SUCCESS</system-out>
<system-err/></testcase></testsuite><testsuite timestamp="2013-09-06T12:05:37.769Z" hostname="localhost" tests="2" errors="0" failures="0" skipped="0" id="d40464e1" name="theImportElementTwoImports" package="http://www.daisy.org/ns/xprocspec" time="2.329">
<properties><property name="input: source" value="&lt;description xmlns=&#34;http://www.daisy.org/ns/xprocspec&#34; ...&gt;...&lt;/description&gt; (Base URI: file:/home/jostein/xprocspec/xprocspec/src/test/xprocspec/test.xprocspec)"/>

<property name="option: temp-dir" value="file:/tmp/xprocspec-20130906140504877/"/>

</properties>
<testcase name="theStepShouldExecuteSuccessfullyWithoutThrowingAnyErrors" classname="xprocspec" assertions="1" time="0" status="SUCCESS"><system-out>the step should execute successfully without throwing any errors: SUCCESS</system-out>
<system-err/></testcase><testcase name="thereShouldBeAtLeastOneTestAndNoneOfTheTestsShouldFail" classname="xprocspec" assertions="1" time="0" status="SUCCESS"><system-out>there should be at least one test, and none of the tests should fail: SUCCESS</system-out>
<system-err/></testcase></testsuite><testsuite timestamp="2013-09-06T12:05:37.79Z" hostname="localhost" tests="2" errors="0" failures="0" skipped="0" id="d40483e1" name="theImportElementOneImportWithOneImport" package="http://www.daisy.org/ns/xprocspec" time="1.733">
<properties><property name="input: source" value="&lt;description xmlns=&#34;http://www.daisy.org/ns/xprocspec&#34; ...&gt;...&lt;/description&gt; (Base URI: file:/home/jostein/xprocspec/xprocspec/src/test/xprocspec/test.xprocspec)"/>

<property name="option: temp-dir" value="file:/tmp/xprocspec-20130906140504877/"/>

</properties>
<testcase name="theStepShouldExecuteSuccessfullyWithoutThrowingAnyErrors" classname="xprocspec" assertions="1" time="0" status="SUCCESS"><system-out>the step should execute successfully without throwing any errors: SUCCESS</system-out>
<system-err/></testcase><testcase name="thereShouldBeAtLeastOneTestAndNoneOfTheTestsShouldFail" classname="xprocspec" assertions="1" time="0" status="SUCCESS"><system-out>there should be at least one test, and none of the tests should fail: SUCCESS</system-out>
<system-err/></testcase></testsuite><testsuite timestamp="2013-09-06T12:05:37.809Z" hostname="localhost" tests="2" errors="0" failures="0" skipped="0" id="d40502e1" name="theImportElementCircularImports" package="http://www.daisy.org/ns/xprocspec" time="1.096">
<properties><property name="input: source" value="&lt;description xmlns=&#34;http://www.daisy.org/ns/xprocspec&#34; ...&gt;...&lt;/description&gt; (Base URI: file:/home/jostein/xprocspec/xprocspec/src/test/xprocspec/test.xprocspec)"/>

<property name="option: temp-dir" value="file:/tmp/xprocspec-20130906140504877/"/>

</properties>
<testcase name="theStepShouldExecuteSuccessfullyWithoutThrowingAnyErrors" classname="xprocspec" assertions="1" time="0" status="SUCCESS"><system-out>the step should execute successfully without throwing any errors: SUCCESS</system-out>
<system-err/></testcase><testcase name="thereShouldBeAtLeastOneTestAndNoneOfTheTestsShouldFail" classname="xprocspec" assertions="1" time="0" status="SUCCESS"><system-out>there should be at least one test, and none of the tests should fail: SUCCESS</system-out>
<system-err/></testcase></testsuite><testsuite timestamp="2013-09-06T12:05:37.826Z" hostname="localhost" tests="3" errors="0" failures="0" skipped="0" id="d40517e1" name="theScenarioElementWithPendingAttribute" package="http://www.daisy.org/ns/xprocspec" time="0.836">
<properties><property name="input: source" value="&lt;description xmlns=&#34;http://www.daisy.org/ns/xprocspec&#34; ...&gt;...&lt;/description&gt; (Base URI: file:/home/jostein/xprocspec/xprocspec/src/test/xprocspec/test.xprocspec)"/>

<property name="option: temp-dir" value="file:/tmp/xprocspec-20130906140504877/"/>

</properties>
<testcase name="theStepShouldExecuteSuccessfullyWithoutThrowingAnyErrors" classname="xprocspec" assertions="1" time="0" status="SUCCESS"><system-out>the step should execute successfully without throwing any errors: SUCCESS</system-out>
<system-err/></testcase><testcase name="thereShouldBeAtLeastOneTestAndNoneOfTheTestsShouldFail" classname="xprocspec" assertions="1" time="0" status="SUCCESS"><system-out>there should be at least one test, and none of the tests should fail: SUCCESS</system-out>
<system-err/></testcase><testcase name="thereShouldBeASkippedTest" classname="xprocspec" assertions="1" time="0" status="SUCCESS"><system-out>there should be a skipped test: SUCCESS</system-out>
<system-err/></testcase></testsuite><testsuite timestamp="2013-09-06T12:05:37.849Z" hostname="localhost" tests="2" errors="0" failures="0" skipped="0" id="d40530e1" name="theScenarioElementWithTwoChildScenariosOneOfWhichHasAnotherChildScenario" package="http://www.daisy.org/ns/xprocspec" time="2.007">
<properties><property name="input: source" value="&lt;description xmlns=&#34;http://www.daisy.org/ns/xprocspec&#34; ...&gt;...&lt;/description&gt; (Base URI: file:/home/jostein/xprocspec/xprocspec/src/test/xprocspec/test.xprocspec)"/>

<property name="option: temp-dir" value="file:/tmp/xprocspec-20130906140504877/"/>

</properties>
<testcase name="theStepShouldExecuteSuccessfullyWithoutThrowingAnyErrors" classname="xprocspec" assertions="1" time="0" status="SUCCESS"><system-out>the step should execute successfully without throwing any errors: SUCCESS</system-out>
<system-err/></testcase><testcase name="thereShouldBeAtLeastOneTestAndNoneOfTheTestsShouldFail" classname="xprocspec" assertions="1" time="0" status="SUCCESS"><system-out>there should be at least one test, and none of the tests should fail: SUCCESS</system-out>
<system-err/></testcase></testsuite><testsuite timestamp="2013-09-06T12:05:37.867Z" hostname="localhost" tests="2" errors="0" failures="0" skipped="0" id="d40549e1" name="theCallElementInheritFromCallElementsInAncestorScenarios" package="http://www.daisy.org/ns/xprocspec" time="0.673">
<properties><property name="input: source" value="&lt;description xmlns=&#34;http://www.daisy.org/ns/xprocspec&#34; ...&gt;...&lt;/description&gt; (Base URI: file:/home/jostein/xprocspec/xprocspec/src/test/xprocspec/test.xprocspec)"/>

<property name="option: temp-dir" value="file:/tmp/xprocspec-20130906140504877/"/>

</properties>
<testcase name="theStepShouldExecuteSuccessfullyWithoutThrowingAnyErrors" classname="xprocspec" assertions="1" time="0" status="SUCCESS"><system-out>the step should execute successfully without throwing any errors: SUCCESS</system-out>
<system-err/></testcase><testcase name="thereShouldBeAtLeastOneTestAndNoneOfTheTestsShouldFail" classname="xprocspec" assertions="1" time="0" status="SUCCESS"><system-out>there should be at least one test, and none of the tests should fail: SUCCESS</system-out>
<system-err/></testcase></testsuite><testsuite timestamp="2013-09-06T12:05:37.884Z" hostname="localhost" tests="2" errors="0" failures="0" skipped="0" id="d40562e1" name="theCallElementStepAttributePointingToStepDeclaredInAnXProcLibrary" package="http://www.daisy.org/ns/xprocspec" time="0.596">
<properties><property name="input: source" value="&lt;description xmlns=&#34;http://www.daisy.org/ns/xprocspec&#34; ...&gt;...&lt;/description&gt; (Base URI: file:/home/jostein/xprocspec/xprocspec/src/test/xprocspec/test.xprocspec)"/>

<property name="option: temp-dir" value="file:/tmp/xprocspec-20130906140504877/"/>

</properties>
<testcase name="theStepShouldExecuteSuccessfullyWithoutThrowingAnyErrors" classname="xprocspec" assertions="1" time="0" status="SUCCESS"><system-out>the step should execute successfully without throwing any errors: SUCCESS</system-out>
<system-err/></testcase><testcase name="thereShouldBeAtLeastOneTestAndNoneOfTheTestsShouldFail" classname="xprocspec" assertions="1" time="0" status="SUCCESS"><system-out>there should be at least one test, and none of the tests should fail: SUCCESS</system-out>
<system-err/></testcase></testsuite><testsuite timestamp="2013-09-06T12:05:37.906Z" hostname="localhost" tests="2" errors="0" failures="0" skipped="0" id="d40573e1" name="theCallElementTwoDifferentScenariosTestingDifferentStepsInTheSameLibrary" package="http://www.daisy.org/ns/xprocspec" time="0.933">
<properties><property name="input: source" value="&lt;description xmlns=&#34;http://www.daisy.org/ns/xprocspec&#34; ...&gt;...&lt;/description&gt; (Base URI: file:/home/jostein/xprocspec/xprocspec/src/test/xprocspec/test.xprocspec)"/>

<property name="option: temp-dir" value="file:/tmp/xprocspec-20130906140504877/"/>

</properties>
<testcase name="theStepShouldExecuteSuccessfullyWithoutThrowingAnyErrors" classname="xprocspec" assertions="1" time="0" status="SUCCESS"><system-out>the step should execute successfully without throwing any errors: SUCCESS</system-out>
<system-err/></testcase><testcase name="thereShouldBeAtLeastOneTestAndNoneOfTheTestsShouldFail" classname="xprocspec" assertions="1" time="0" status="SUCCESS"><system-out>there should be at least one test, and none of the tests should fail: SUCCESS</system-out>
<system-err/></testcase></testsuite><testsuite timestamp="2013-09-06T12:05:37.923Z" hostname="localhost" tests="2" errors="0" failures="0" skipped="0" id="d40588e1" name="theInputElementEmptySequence" package="http://www.daisy.org/ns/xprocspec" time="0.702">
<properties><property name="input: source" value="&lt;description xmlns=&#34;http://www.daisy.org/ns/xprocspec&#34; ...&gt;...&lt;/description&gt; (Base URI: file:/home/jostein/xprocspec/xprocspec/src/test/xprocspec/test.xprocspec)"/>

<property name="option: temp-dir" value="file:/tmp/xprocspec-20130906140504877/"/>

</properties>
<testcase name="theStepShouldExecuteSuccessfullyWithoutThrowingAnyErrors" classname="xprocspec" assertions="1" time="0" status="SUCCESS"><system-out>the step should execute successfully without throwing any errors: SUCCESS</system-out>
<system-err/></testcase><testcase name="thereShouldBeAtLeastOneTestAndNoneOfTheTestsShouldFail" classname="xprocspec" assertions="1" time="0" status="SUCCESS"><system-out>there should be at least one test, and none of the tests should fail: SUCCESS</system-out>
<system-err/></testcase></testsuite><testsuite timestamp="2013-09-06T12:05:37.94Z" hostname="localhost" tests="2" errors="0" failures="0" skipped="0" id="d40601e1" name="theInputElementSequenceOfTwoDocuments" package="http://www.daisy.org/ns/xprocspec" time="0.686">
<properties><property name="input: source" value="&lt;description xmlns=&#34;http://www.daisy.org/ns/xprocspec&#34; ...&gt;...&lt;/description&gt; (Base URI: file:/home/jostein/xprocspec/xprocspec/src/test/xprocspec/test.xprocspec)"/>

<property name="option: temp-dir" value="file:/tmp/xprocspec-20130906140504877/"/>

</properties>
<testcase name="theStepShouldExecuteSuccessfullyWithoutThrowingAnyErrors" classname="xprocspec" assertions="1" time="0" status="SUCCESS"><system-out>the step should execute successfully without throwing any errors: SUCCESS</system-out>
<system-err/></testcase><testcase name="thereShouldBeAtLeastOneTestAndNoneOfTheTestsShouldFail" classname="xprocspec" assertions="1" time="0" status="SUCCESS"><system-out>there should be at least one test, and none of the tests should fail: SUCCESS</system-out>
<system-err/></testcase></testsuite><testsuite timestamp="2013-09-06T12:05:37.964Z" hostname="localhost" tests="2" errors="0" failures="0" skipped="0" id="d40614e1" name="theOptionElement" package="http://www.daisy.org/ns/xprocspec" time="1.296">
<properties><property name="input: source" value="&lt;description xmlns=&#34;http://www.daisy.org/ns/xprocspec&#34; ...&gt;...&lt;/description&gt; (Base URI: file:/home/jostein/xprocspec/xprocspec/src/test/xprocspec/test.xprocspec)"/>

<property name="option: temp-dir" value="file:/tmp/xprocspec-20130906140504877/"/>

</properties>
<testcase name="theStepShouldExecuteSuccessfullyWithoutThrowingAnyErrors" classname="xprocspec" assertions="1" time="0" status="SUCCESS"><system-out>the step should execute successfully without throwing any errors: SUCCESS</system-out>
<system-err/></testcase><testcase name="thereShouldBeAtLeastOneTestAndNoneOfTheTestsShouldFail" classname="xprocspec" assertions="1" time="0" status="SUCCESS"><system-out>there should be at least one test, and none of the tests should fail: SUCCESS</system-out>
<system-err/></testcase></testsuite><testsuite timestamp="2013-09-06T12:05:37.988Z" hostname="localhost" tests="2" errors="0" failures="0" skipped="0" id="d40645e1" name="theParamElement" package="http://www.daisy.org/ns/xprocspec" time="1.239">
<properties><property name="input: source" value="&lt;description xmlns=&#34;http://www.daisy.org/ns/xprocspec&#34; ...&gt;...&lt;/description&gt; (Base URI: file:/home/jostein/xprocspec/xprocspec/src/test/xprocspec/test.xprocspec)"/>

<property name="option: temp-dir" value="file:/tmp/xprocspec-20130906140504877/"/>

</properties>
<testcase name="theStepShouldExecuteSuccessfullyWithoutThrowingAnyErrors" classname="xprocspec" assertions="1" time="0" status="SUCCESS"><system-out>the step should execute successfully without throwing any errors: SUCCESS</system-out>
<system-err/></testcase><testcase name="thereShouldBeAtLeastOneTestAndNoneOfTheTestsShouldFail" classname="xprocspec" assertions="1" time="0" status="SUCCESS"><system-out>there should be at least one test, and none of the tests should fail: SUCCESS</system-out>
<system-err/></testcase></testsuite><testsuite timestamp="2013-09-06T12:05:37.998Z" hostname="localhost" tests="1" errors="0" failures="0" skipped="1" id="d40676e1" name="theContextElement" time="0.002">
<properties>


</properties>
<testcase name="pendingScenario-theContextElement" classname="pendingScenario" assertions="1" time="0"><skipped type="xprocspec.skip" message="Not implemented">Not implemented</skipped><system-out>the context element: SKIPPED</system-out></testcase></testsuite><testsuite timestamp="2013-09-06T12:05:38.007Z" hostname="localhost" tests="1" errors="0" failures="0" skipped="1" id="d40679e1" name="theExpectElement" time="0.001">
<properties>


</properties>
<testcase name="pendingScenario-theExpectElement" classname="pendingScenario" assertions="1" time="0"><skipped type="xprocspec.skip" message="Not implemented">Not implemented</skipped><system-out>the expect element: SKIPPED</system-out></testcase></testsuite><testsuite timestamp="2013-09-06T12:05:38.033Z" hostname="localhost" tests="2" errors="0" failures="0" skipped="0" id="d40682e1" name="theDocumentElementAllTheDifferentTypesExceptErrors" package="http://www.daisy.org/ns/xprocspec" time="2.491">
<properties><property name="input: source" value="&lt;description xmlns=&#34;http://www.daisy.org/ns/xprocspec&#34; ...&gt;...&lt;/description&gt; (Base URI: file:/home/jostein/xprocspec/xprocspec/src/test/xprocspec/test.xprocspec)"/>

<property name="option: temp-dir" value="file:/tmp/xprocspec-20130906140504877/"/>

</properties>
<testcase name="theStepShouldExecuteSuccessfullyWithoutThrowingAnyErrors" classname="xprocspec" assertions="1" time="0" status="SUCCESS"><system-out>the step should execute successfully without throwing any errors: SUCCESS</system-out>
<system-err/></testcase><testcase name="thereShouldBeAtLeastOneTestAndNoneOfTheTestsShouldFail" classname="xprocspec" assertions="1" time="0" status="SUCCESS"><system-out>there should be at least one test, and none of the tests should fail: SUCCESS</system-out>
<system-err/></testcase></testsuite><testsuite timestamp="2013-09-06T12:05:38.049Z" hostname="localhost" tests="2" errors="0" failures="0" skipped="0" id="d40707e1" name="theDocumentElementTheErrorsType" package="http://www.daisy.org/ns/xprocspec" time="0.515">
<properties><property name="input: source" value="&lt;description xmlns=&#34;http://www.daisy.org/ns/xprocspec&#34; ...&gt;...&lt;/description&gt; (Base URI: file:/home/jostein/xprocspec/xprocspec/src/test/xprocspec/test.xprocspec)"/>

<property name="option: temp-dir" value="file:/tmp/xprocspec-20130906140504877/"/>

</properties>
<testcase name="theStepShouldExecuteSuccessfullyWithoutThrowingAnyErrors" classname="xprocspec" assertions="1" time="0" status="SUCCESS"><system-out>the step should execute successfully without throwing any errors: SUCCESS</system-out>
<system-err/></testcase><testcase name="thereShouldBeAtLeastOneTestAndNoneOfTheTestsShouldFail" classname="xprocspec" assertions="1" time="0" status="SUCCESS"><system-out>there should be at least one test, and none of the tests should fail: SUCCESS</system-out>
<system-err/></testcase></testsuite><testsuite timestamp="2013-09-06T12:05:38.059Z" hostname="localhost" tests="1" errors="0" failures="0" skipped="1" id="d40718e1" name="thePendingElement" time="0.001">
<properties>


</properties>
<testcase name="pendingScenario-thePendingElement" classname="pendingScenario" assertions="1" time="0"><skipped type="xprocspec.skip" message="Not implemented">Not implemented</skipped><system-out>the pending element: SKIPPED</system-out></testcase></testsuite></testsuites>