<?xml version="1.0" encoding="UTF-8"?><testsuites tests="46" failures="0" time="31.316" errors="0" name="test"><testsuite timestamp="2014-04-08T14:07:00.491Z" hostname="localhost" tests="3" errors="0" failures="0" skipped="0" id="d53300e1" name="theDescriptionElement" package="http://www.daisy.org/ns/xprocspec" time="0.591">
<properties><property name="input: source" value="&lt;description xmlns=&#34;http://www.daisy.org/ns/xprocspec&#34; ...&gt;...&lt;/description&gt; (Base URI: file:/home/jostein/xprocspec/xprocspec/src/test/xprocspec/test.xprocspec)"/>

<property name="option: temp-dir" value="file:/tmp/xprocspec-20140408160629619/"/>


</properties>
<testcase name="theStepShouldExecuteSuccessfullyWithoutThrowingAnyErrors" classname="xprocspec" assertions="1" time="0" status="SUCCESS"><system-out>the step should execute successfully without throwing any errors: SUCCESS</system-out>
<system-err/></testcase><testcase name="thereShouldBeAtLeastOneTestAndNoneOfTheTestsShouldFail" classname="xprocspec" assertions="1" time="0" status="SUCCESS"><system-out>there should be at least one test, and none of the tests should fail: SUCCESS</system-out>
<system-err/></testcase><testcase name="oneOfTheTestsShouldBePending" classname="xprocspec" assertions="1" time="0" status="SUCCESS"><system-out>one of the tests should be pending: SUCCESS</system-out>
<system-err/></testcase></testsuite><testsuite timestamp="2014-04-08T14:07:00.502Z" hostname="localhost" tests="2" errors="0" failures="0" skipped="0" id="d53316e1" name="theImportElementTwoImports" package="http://www.daisy.org/ns/xprocspec" time="0.889">
<properties><property name="input: source" value="&lt;description xmlns=&#34;http://www.daisy.org/ns/xprocspec&#34; ...&gt;...&lt;/description&gt; (Base URI: file:/home/jostein/xprocspec/xprocspec/src/test/xprocspec/test.xprocspec)"/>

<property name="option: temp-dir" value="file:/tmp/xprocspec-20140408160629619/"/>


</properties>
<testcase name="theStepShouldExecuteSuccessfullyWithoutThrowingAnyErrors" classname="xprocspec" assertions="1" time="0" status="SUCCESS"><system-out>the step should execute successfully without throwing any errors: SUCCESS</system-out>
<system-err/></testcase><testcase name="thereShouldBeAtLeastOneTestAndNoneOfTheTestsShouldFail" classname="xprocspec" assertions="1" time="0" status="SUCCESS"><system-out>there should be at least one test, and none of the tests should fail: SUCCESS</system-out>
<system-err/></testcase></testsuite><testsuite timestamp="2014-04-08T14:07:00.512Z" hostname="localhost" tests="2" errors="0" failures="0" skipped="0" id="d53335e1" name="theImportElementOneImportWithOneImport" package="http://www.daisy.org/ns/xprocspec" time="0.865">
<properties><property name="input: source" value="&lt;description xmlns=&#34;http://www.daisy.org/ns/xprocspec&#34; ...&gt;...&lt;/description&gt; (Base URI: file:/home/jostein/xprocspec/xprocspec/src/test/xprocspec/test.xprocspec)"/>

<property name="option: temp-dir" value="file:/tmp/xprocspec-20140408160629619/"/>


</properties>
<testcase name="theStepShouldExecuteSuccessfullyWithoutThrowingAnyErrors" classname="xprocspec" assertions="1" time="0" status="SUCCESS"><system-out>the step should execute successfully without throwing any errors: SUCCESS</system-out>
<system-err/></testcase><testcase name="thereShouldBeAtLeastOneTestAndNoneOfTheTestsShouldFail" classname="xprocspec" assertions="1" time="0" status="SUCCESS"><system-out>there should be at least one test, and none of the tests should fail: SUCCESS</system-out>
<system-err/></testcase></testsuite><testsuite timestamp="2014-04-08T14:07:00.521Z" hostname="localhost" tests="2" errors="0" failures="0" skipped="0" id="d53354e1" name="theImportElementCircularImports" package="http://www.daisy.org/ns/xprocspec" time="0.636">
<properties><property name="input: source" value="&lt;description xmlns=&#34;http://www.daisy.org/ns/xprocspec&#34; ...&gt;...&lt;/description&gt; (Base URI: file:/home/jostein/xprocspec/xprocspec/src/test/xprocspec/test.xprocspec)"/>

<property name="option: temp-dir" value="file:/tmp/xprocspec-20140408160629619/"/>


</properties>
<testcase name="theStepShouldExecuteSuccessfullyWithoutThrowingAnyErrors" classname="xprocspec" assertions="1" time="0" status="SUCCESS"><system-out>the step should execute successfully without throwing any errors: SUCCESS</system-out>
<system-err/></testcase><testcase name="thereShouldBeAtLeastOneTestAndNoneOfTheTestsShouldFail" classname="xprocspec" assertions="1" time="0" status="SUCCESS"><system-out>there should be at least one test, and none of the tests should fail: SUCCESS</system-out>
<system-err/></testcase></testsuite><testsuite timestamp="2014-04-08T14:07:00.53Z" hostname="localhost" tests="3" errors="0" failures="0" skipped="0" id="d53369e1" name="theScenarioElementWithPendingAttribute" package="http://www.daisy.org/ns/xprocspec" time="0.447">
<properties><property name="input: source" value="&lt;description xmlns=&#34;http://www.daisy.org/ns/xprocspec&#34; ...&gt;...&lt;/description&gt; (Base URI: file:/home/jostein/xprocspec/xprocspec/src/test/xprocspec/test.xprocspec)"/>

<property name="option: temp-dir" value="file:/tmp/xprocspec-20140408160629619/"/>


</properties>
<testcase name="theStepShouldExecuteSuccessfullyWithoutThrowingAnyErrors" classname="xprocspec" assertions="1" time="0" status="SUCCESS"><system-out>the step should execute successfully without throwing any errors: SUCCESS</system-out>
<system-err/></testcase><testcase name="thereShouldBeAtLeastOneTestAndNoneOfTheTestsShouldFail" classname="xprocspec" assertions="1" time="0" status="SUCCESS"><system-out>there should be at least one test, and none of the tests should fail: SUCCESS</system-out>
<system-err/></testcase><testcase name="thereShouldBeASkippedTest" classname="xprocspec" assertions="1" time="0" status="SUCCESS"><system-out>there should be a skipped test: SUCCESS</system-out>
<system-err/></testcase></testsuite><testsuite timestamp="2014-04-08T14:07:00.54Z" hostname="localhost" tests="2" errors="0" failures="0" skipped="0" id="d53382e1" name="theScenarioElementWithTwoChildScenariosOneOfWhichHasAnotherChildScenario" package="http://www.daisy.org/ns/xprocspec" time="0.85">
<properties><property name="input: source" value="&lt;description xmlns=&#34;http://www.daisy.org/ns/xprocspec&#34; ...&gt;...&lt;/description&gt; (Base URI: file:/home/jostein/xprocspec/xprocspec/src/test/xprocspec/test.xprocspec)"/>

<property name="option: temp-dir" value="file:/tmp/xprocspec-20140408160629619/"/>


</properties>
<testcase name="theStepShouldExecuteSuccessfullyWithoutThrowingAnyErrors" classname="xprocspec" assertions="1" time="0" status="SUCCESS"><system-out>the step should execute successfully without throwing any errors: SUCCESS</system-out>
<system-err/></testcase><testcase name="thereShouldBeAtLeastOneTestAndNoneOfTheTestsShouldFail" classname="xprocspec" assertions="1" time="0" status="SUCCESS"><system-out>there should be at least one test, and none of the tests should fail: SUCCESS</system-out>
<system-err/></testcase></testsuite><testsuite timestamp="2014-04-08T14:07:00.548Z" hostname="localhost" tests="2" errors="0" failures="0" skipped="0" id="d53401e1" name="theCallElementInheritFromCallElementsInAncestorScenarios" package="http://www.daisy.org/ns/xprocspec" time="0.383">
<properties><property name="input: source" value="&lt;description xmlns=&#34;http://www.daisy.org/ns/xprocspec&#34; ...&gt;...&lt;/description&gt; (Base URI: file:/home/jostein/xprocspec/xprocspec/src/test/xprocspec/test.xprocspec)"/>

<property name="option: temp-dir" value="file:/tmp/xprocspec-20140408160629619/"/>


</properties>
<testcase name="theStepShouldExecuteSuccessfullyWithoutThrowingAnyErrors" classname="xprocspec" assertions="1" time="0" status="SUCCESS"><system-out>the step should execute successfully without throwing any errors: SUCCESS</system-out>
<system-err/></testcase><testcase name="thereShouldBeAtLeastOneTestAndNoneOfTheTestsShouldFail" classname="xprocspec" assertions="1" time="0" status="SUCCESS"><system-out>there should be at least one test, and none of the tests should fail: SUCCESS</system-out>
<system-err/></testcase></testsuite><testsuite timestamp="2014-04-08T14:07:00.555Z" hostname="localhost" tests="2" errors="0" failures="0" skipped="0" id="d53414e1" name="theCallElementStepAttributePointingToStepDeclaredInAnXProcLibrary" package="http://www.daisy.org/ns/xprocspec" time="0.334">
<properties><property name="input: source" value="&lt;description xmlns=&#34;http://www.daisy.org/ns/xprocspec&#34; ...&gt;...&lt;/description&gt; (Base URI: file:/home/jostein/xprocspec/xprocspec/src/test/xprocspec/test.xprocspec)"/>

<property name="option: temp-dir" value="file:/tmp/xprocspec-20140408160629619/"/>


</properties>
<testcase name="theStepShouldExecuteSuccessfullyWithoutThrowingAnyErrors" classname="xprocspec" assertions="1" time="0" status="SUCCESS"><system-out>the step should execute successfully without throwing any errors: SUCCESS</system-out>
<system-err/></testcase><testcase name="thereShouldBeAtLeastOneTestAndNoneOfTheTestsShouldFail" classname="xprocspec" assertions="1" time="0" status="SUCCESS"><system-out>there should be at least one test, and none of the tests should fail: SUCCESS</system-out>
<system-err/></testcase></testsuite><testsuite timestamp="2014-04-08T14:07:00.564Z" hostname="localhost" tests="2" errors="0" failures="0" skipped="0" id="d53425e1" name="theCallElementTwoDifferentScenariosTestingDifferentStepsInTheSameLibrary" package="http://www.daisy.org/ns/xprocspec" time="0.519">
<properties><property name="input: source" value="&lt;description xmlns=&#34;http://www.daisy.org/ns/xprocspec&#34; ...&gt;...&lt;/description&gt; (Base URI: file:/home/jostein/xprocspec/xprocspec/src/test/xprocspec/test.xprocspec)"/>

<property name="option: temp-dir" value="file:/tmp/xprocspec-20140408160629619/"/>


</properties>
<testcase name="theStepShouldExecuteSuccessfullyWithoutThrowingAnyErrors" classname="xprocspec" assertions="1" time="0" status="SUCCESS"><system-out>the step should execute successfully without throwing any errors: SUCCESS</system-out>
<system-err/></testcase><testcase name="thereShouldBeAtLeastOneTestAndNoneOfTheTestsShouldFail" classname="xprocspec" assertions="1" time="0" status="SUCCESS"><system-out>there should be at least one test, and none of the tests should fail: SUCCESS</system-out>
<system-err/></testcase></testsuite><testsuite timestamp="2014-04-08T14:07:00.572Z" hostname="localhost" tests="2" errors="0" failures="0" skipped="0" id="d53440e1" name="theCallElementStepAttributePointingToStepDeclaredInAnImportedXProcLibrary" package="http://www.daisy.org/ns/xprocspec" time="0.334">
<properties><property name="input: source" value="&lt;description xmlns=&#34;http://www.daisy.org/ns/xprocspec&#34; ...&gt;...&lt;/description&gt; (Base URI: file:/home/jostein/xprocspec/xprocspec/src/test/xprocspec/test.xprocspec)"/>

<property name="option: temp-dir" value="file:/tmp/xprocspec-20140408160629619/"/>


</properties>
<testcase name="theStepShouldExecuteSuccessfullyWithoutThrowingAnyErrors" classname="xprocspec" assertions="1" time="0" status="SUCCESS"><system-out>the step should execute successfully without throwing any errors: SUCCESS</system-out>
<system-err/></testcase><testcase name="thereShouldBeAtLeastOneTestAndNoneOfTheTestsShouldFail" classname="xprocspec" assertions="1" time="0" status="SUCCESS"><system-out>there should be at least one test, and none of the tests should fail: SUCCESS</system-out>
<system-err/></testcase></testsuite><testsuite timestamp="2014-04-08T14:07:00.58Z" hostname="localhost" tests="2" errors="0" failures="0" skipped="0" id="d53451e1" name="theInputElementEmptySequence" package="http://www.daisy.org/ns/xprocspec" time="0.397">
<properties><property name="input: source" value="&lt;description xmlns=&#34;http://www.daisy.org/ns/xprocspec&#34; ...&gt;...&lt;/description&gt; (Base URI: file:/home/jostein/xprocspec/xprocspec/src/test/xprocspec/test.xprocspec)"/>

<property name="option: temp-dir" value="file:/tmp/xprocspec-20140408160629619/"/>


</properties>
<testcase name="theStepShouldExecuteSuccessfullyWithoutThrowingAnyErrors" classname="xprocspec" assertions="1" time="0" status="SUCCESS"><system-out>the step should execute successfully without throwing any errors: SUCCESS</system-out>
<system-err/></testcase><testcase name="thereShouldBeAtLeastOneTestAndNoneOfTheTestsShouldFail" classname="xprocspec" assertions="1" time="0" status="SUCCESS"><system-out>there should be at least one test, and none of the tests should fail: SUCCESS</system-out>
<system-err/></testcase></testsuite><testsuite timestamp="2014-04-08T14:07:00.588Z" hostname="localhost" tests="2" errors="0" failures="0" skipped="0" id="d53464e1" name="theInputElementSequenceOfTwoDocuments" package="http://www.daisy.org/ns/xprocspec" time="0.394">
<properties><property name="input: source" value="&lt;description xmlns=&#34;http://www.daisy.org/ns/xprocspec&#34; ...&gt;...&lt;/description&gt; (Base URI: file:/home/jostein/xprocspec/xprocspec/src/test/xprocspec/test.xprocspec)"/>

<property name="option: temp-dir" value="file:/tmp/xprocspec-20140408160629619/"/>


</properties>
<testcase name="theStepShouldExecuteSuccessfullyWithoutThrowingAnyErrors" classname="xprocspec" assertions="1" time="0" status="SUCCESS"><system-out>the step should execute successfully without throwing any errors: SUCCESS</system-out>
<system-err/></testcase><testcase name="thereShouldBeAtLeastOneTestAndNoneOfTheTestsShouldFail" classname="xprocspec" assertions="1" time="0" status="SUCCESS"><system-out>there should be at least one test, and none of the tests should fail: SUCCESS</system-out>
<system-err/></testcase></testsuite><testsuite timestamp="2014-04-08T14:07:00.6Z" hostname="localhost" tests="2" errors="0" failures="0" skipped="0" id="d53477e1" name="theOptionElement" package="http://www.daisy.org/ns/xprocspec" time="0.708">
<properties><property name="input: source" value="&lt;description xmlns=&#34;http://www.daisy.org/ns/xprocspec&#34; ...&gt;...&lt;/description&gt; (Base URI: file:/home/jostein/xprocspec/xprocspec/src/test/xprocspec/test.xprocspec)"/>

<property name="option: temp-dir" value="file:/tmp/xprocspec-20140408160629619/"/>


</properties>
<testcase name="theStepShouldExecuteSuccessfullyWithoutThrowingAnyErrors" classname="xprocspec" assertions="1" time="0" status="SUCCESS"><system-out>the step should execute successfully without throwing any errors: SUCCESS</system-out>
<system-err/></testcase><testcase name="thereShouldBeAtLeastOneTestAndNoneOfTheTestsShouldFail" classname="xprocspec" assertions="1" time="0" status="SUCCESS"><system-out>there should be at least one test, and none of the tests should fail: SUCCESS</system-out>
<system-err/></testcase></testsuite><testsuite timestamp="2014-04-08T14:07:00.613Z" hostname="localhost" tests="2" errors="0" failures="0" skipped="0" id="d53508e1" name="theParamElement" package="http://www.daisy.org/ns/xprocspec" time="0.734">
<properties><property name="input: source" value="&lt;description xmlns=&#34;http://www.daisy.org/ns/xprocspec&#34; ...&gt;...&lt;/description&gt; (Base URI: file:/home/jostein/xprocspec/xprocspec/src/test/xprocspec/test.xprocspec)"/>

<property name="option: temp-dir" value="file:/tmp/xprocspec-20140408160629619/"/>


</properties>
<testcase name="theStepShouldExecuteSuccessfullyWithoutThrowingAnyErrors" classname="xprocspec" assertions="1" time="0" status="SUCCESS"><system-out>the step should execute successfully without throwing any errors: SUCCESS</system-out>
<system-err/></testcase><testcase name="thereShouldBeAtLeastOneTestAndNoneOfTheTestsShouldFail" classname="xprocspec" assertions="1" time="0" status="SUCCESS"><system-out>there should be at least one test, and none of the tests should fail: SUCCESS</system-out>
<system-err/></testcase></testsuite><testsuite timestamp="2014-04-08T14:07:00.621Z" hostname="localhost" tests="2" errors="0" failures="0" skipped="0" id="d53539e1" name="theContextElement" package="http://www.daisy.org/ns/xprocspec" time="0.393">
<properties><property name="input: source" value="&lt;description xmlns=&#34;http://www.daisy.org/ns/xprocspec&#34; ...&gt;...&lt;/description&gt; (Base URI: file:/home/jostein/xprocspec/xprocspec/src/test/xprocspec/test.xprocspec)"/>

<property name="option: temp-dir" value="file:/tmp/xprocspec-20140408160629619/"/>


</properties>
<testcase name="theStepShouldExecuteSuccessfullyWithoutThrowingAnyErrors" classname="xprocspec" assertions="1" time="0" status="SUCCESS"><system-out>the step should execute successfully without throwing any errors: SUCCESS</system-out>
<system-err/></testcase><testcase name="thereShouldBeAtLeastOneTestAndNoneOfTheTestsShouldFail" classname="xprocspec" assertions="1" time="0" status="SUCCESS"><system-out>there should be at least one test, and none of the tests should fail: SUCCESS</system-out>
<system-err/></testcase></testsuite><testsuite timestamp="2014-04-08T14:07:00.633Z" hostname="localhost" tests="2" errors="0" failures="0" skipped="0" id="d53554e1" name="theExpectElement" package="http://www.daisy.org/ns/xprocspec" time="0.832">
<properties><property name="input: source" value="&lt;description xmlns=&#34;http://www.daisy.org/ns/xprocspec&#34; ...&gt;...&lt;/description&gt; (Base URI: file:/home/jostein/xprocspec/xprocspec/src/test/xprocspec/test.xprocspec)"/>

<property name="option: temp-dir" value="file:/tmp/xprocspec-20140408160629619/"/>


</properties>
<testcase name="theStepShouldExecuteSuccessfullyWithoutThrowingAnyErrors" classname="xprocspec" assertions="1" time="0" status="SUCCESS"><system-out>the step should execute successfully without throwing any errors: SUCCESS</system-out>
<system-err/></testcase><testcase name="thereShouldBeAtLeastOneTestAndNoneOfTheTestsShouldFail" classname="xprocspec" assertions="1" time="0" status="SUCCESS"><system-out>there should be at least one test, and none of the tests should fail: SUCCESS</system-out>
<system-err/></testcase></testsuite><testsuite timestamp="2014-04-08T14:07:00.649Z" hostname="localhost" tests="2" errors="0" failures="0" skipped="0" id="d53585e1" name="theDocumentElementAllTheDifferentTypesExceptErrors" package="http://www.daisy.org/ns/xprocspec" time="1.486">
<properties><property name="input: source" value="&lt;description xmlns=&#34;http://www.daisy.org/ns/xprocspec&#34; ...&gt;...&lt;/description&gt; (Base URI: file:/home/jostein/xprocspec/xprocspec/src/test/xprocspec/test.xprocspec)"/>

<property name="option: temp-dir" value="file:/tmp/xprocspec-20140408160629619/"/>


</properties>
<testcase name="theStepShouldExecuteSuccessfullyWithoutThrowingAnyErrors" classname="xprocspec" assertions="1" time="0" status="SUCCESS"><system-out>the step should execute successfully without throwing any errors: SUCCESS</system-out>
<system-err/></testcase><testcase name="thereShouldBeAtLeastOneTestAndNoneOfTheTestsShouldFail" classname="xprocspec" assertions="1" time="0" status="SUCCESS"><system-out>there should be at least one test, and none of the tests should fail: SUCCESS</system-out>
<system-err/></testcase></testsuite><testsuite timestamp="2014-04-08T14:07:00.657Z" hostname="localhost" tests="2" errors="0" failures="0" skipped="0" id="d53612e1" name="theDocumentElementTheErrorsType" package="http://www.daisy.org/ns/xprocspec" time="0.293">
<properties><property name="input: source" value="&lt;description xmlns=&#34;http://www.daisy.org/ns/xprocspec&#34; ...&gt;...&lt;/description&gt; (Base URI: file:/home/jostein/xprocspec/xprocspec/src/test/xprocspec/test.xprocspec)"/>

<property name="option: temp-dir" value="file:/tmp/xprocspec-20140408160629619/"/>

</properties>
<testcase name="theStepShouldExecuteSuccessfullyWithoutThrowingAnyErrors" classname="xprocspec" assertions="1" time="0" status="SUCCESS"><system-out>the step should execute successfully without throwing any errors: SUCCESS</system-out>
<system-err/></testcase><testcase name="thereShouldBeAtLeastOneTestAndNoneOfTheTestsShouldFail" classname="xprocspec" assertions="1" time="0" status="SUCCESS"><system-out>there should be at least one test, and none of the tests should fail: SUCCESS</system-out>
<system-err/></testcase></testsuite><testsuite timestamp="2014-04-08T14:07:00.665Z" hostname="localhost" tests="4" errors="0" failures="0" skipped="0" id="d53627e1" name="thePendingElement" package="http://www.daisy.org/ns/xprocspec" time="0.452">
<properties><property name="input: source" value="&lt;description xmlns=&#34;http://www.daisy.org/ns/xprocspec&#34; ...&gt;...&lt;/description&gt; (Base URI: file:/home/jostein/xprocspec/xprocspec/src/test/xprocspec/test.xprocspec)"/>

<property name="option: temp-dir" value="file:/tmp/xprocspec-20140408160629619/"/>


</properties>
<testcase name="theStepShouldExecuteSuccessfullyWithoutThrowingAnyErrors" classname="xprocspec" assertions="1" time="0" status="SUCCESS"><system-out>the step should execute successfully without throwing any errors: SUCCESS</system-out>
<system-err/></testcase><testcase name="thereShouldBeAtLeastOneTestAndNoneOfTheTestsShouldFail" classname="xprocspec" assertions="1" time="0" status="SUCCESS"><system-out>there should be at least one test, and none of the tests should fail: SUCCESS</system-out>
<system-err/></testcase><testcase name="oneOfTheTestCasesShouldBeSuccessfulTheStepShouldExecuteSuccessfully" classname="xprocspec" assertions="1" time="0" status="SUCCESS"><system-out>one of the test cases should be successful ('the step should execute successfully'): SUCCESS</system-out>
<system-err/></testcase><testcase name="otherThanTheExecuteSuccessfullyTestAllTestsShouldBeSkipped" classname="xprocspec" assertions="1" time="0" status="SUCCESS"><system-out>other than the 'execute successfully' test, all tests should be skipped: SUCCESS</system-out>
<system-err/></testcase></testsuite><testsuite timestamp="2014-04-08T14:07:00.673Z" hostname="localhost" tests="2" errors="0" failures="0" skipped="0" id="d53640e1" name="regressionTestsOnElementsInTheXprocNamespaceAllowAttributesFromOtherNamespaces" package="http://www.daisy.org/ns/xprocspec" time="0.312">
<properties><property name="input: source" value="&lt;description xmlns=&#34;http://www.daisy.org/ns/xprocspec&#34; ...&gt;...&lt;/description&gt; (Base URI: file:/home/jostein/xprocspec/xprocspec/src/test/xprocspec/test.xprocspec)"/>

<property name="option: temp-dir" value="file:/tmp/xprocspec-20140408160629619/"/>


</properties>
<testcase name="theStepShouldExecuteSuccessfullyWithoutThrowingAnyErrors" classname="xprocspec" assertions="1" time="0" status="SUCCESS"><system-out>the step should execute successfully without throwing any errors: SUCCESS</system-out>
<system-err/></testcase><testcase name="thereShouldBeAtLeastOneTestAndNoneOfTheTestsShouldFail" classname="xprocspec" assertions="1" time="0" status="SUCCESS"><system-out>there should be at least one test, and none of the tests should fail: SUCCESS</system-out>
<system-err/></testcase></testsuite><testsuite timestamp="2014-04-08T14:07:00.682Z" hostname="localhost" tests="2" errors="0" failures="0" skipped="0" id="d53651e1" name="regressionTestsAttributesOnXexpectxdocumenttype=inlineShouldNotBeDeleted" package="http://www.daisy.org/ns/xprocspec" time="0.426">
<properties><property name="input: source" value="&lt;description xmlns=&#34;http://www.daisy.org/ns/xprocspec&#34; ...&gt;...&lt;/description&gt; (Base URI: file:/home/jostein/xprocspec/xprocspec/src/test/xprocspec/test.xprocspec)"/>

<property name="option: temp-dir" value="file:/tmp/xprocspec-20140408160629619/"/>


</properties>
<testcase name="theStepShouldExecuteSuccessfullyWithoutThrowingAnyErrors" classname="xprocspec" assertions="1" time="0" status="SUCCESS"><system-out>the step should execute successfully without throwing any errors: SUCCESS</system-out>
<system-err/></testcase><testcase name="thereShouldBeAtLeastOneTestAndNoneOfTheTestsShouldFail" classname="xprocspec" assertions="1" time="0" status="SUCCESS"><system-out>there should be at least one test, and none of the tests should fail: SUCCESS</system-out>
<system-err/></testcase></testsuite></testsuites>