<?xml version="1.0" encoding="UTF-8"?><x:test-report xmlns:x="http://www.daisy.org/ns/xprocspec"><x:description xmlns:cx="http://xmlcalabash.com/ns/extensions" xmlns:c="http://www.w3.org/ns/xproc-step" xml:base="file:/home/jostein/xprocspec/src/test/xprocspec/test.xprocspec" test-base-uri="file:/home/jostein/xprocspec/src/test/xprocspec/test.xprocspec" script="file:/home/jostein/xprocspec/src/main/resources/content/xml/xproc/xprocspec.xpl" test-grammar="xprocspec" temp-dir="file:/tmp/xprocspec-20130822160259495/"><x:step-declaration><p:declare-step xmlns:p="http://www.w3.org/ns/xproc" xmlns:px="http://www.daisy.org/ns/xprocspec" xmlns:pxi="http://www.daisy.org/ns/xprocspec/xproc-internal/" xmlns:pkg="http://expath.org/ns/pkg" type="px:xprocspec" name="main" version="1.0" xpath-version="2.0" pkg:import-uri="http://www.daisy.org/ns/xprocspec/xprocspec.xpl" x:type="{http://www.daisy.org/ns/xprocspec}xprocspec"><p:input port="source" kind="document" sequence="false" primary="true"/><p:output port="result" kind="document" sequence="false" primary="false"><p:pipe port="result" step="report"/></p:output><p:output port="html" kind="document" sequence="false" primary="false"><p:pipe port="html" step="report"/></p:output><p:output port="junit" kind="document" sequence="false" primary="false"><p:pipe port="junit" step="report"/></p:output><p:option name="temp-dir" select="'file:/tmp/'"/></p:declare-step></x:step-declaration><x:scenario end-time="2013-08-22T14:03:00.586Z" label="the description element" start-time="2013-08-22T14:03:00.149Z"><x:call x:type="{http://www.daisy.org/ns/xprocspec}xprocspec" step="x:xprocspec"><x:option select="$temp-dir" name="temp-dir" value="file:/tmp/xprocspec-20130822160259495/"/><x:input port="source">
                <x:document xml:base="file:/home/jostein/xprocspec/src/test/xprocspec/test.xprocspec" type="inline"><p:declare-step xmlns:p="http://www.w3.org/ns/xproc" xmlns:pxi="http://www.daisy.org/ns/xprocspec/xproc-internal/" name="main" type="pxi:load" version="1.0">

    <p:output port="result"/>

    <p:option name="href" required="true"/>
    <p:option name="method" select="'xml'"/>

    <p:import href="logging-library.xpl"/>

    <p:declare-step type="pxi:load-text">
        <p:output port="result"/>
        <p:option name="href"/>
        <p:identity>
            <p:input port="source">
                <p:inline>
                    <c:request method="GET" override-content-type="text/plain; charset=utf-8"/>
                </p:inline>
            </p:input>
        </p:identity>
        <p:add-attribute match="c:request" attribute-name="href">
            <p:with-option name="attribute-value" select="$href"/>
        </p:add-attribute>
        <p:http-request/>
    </p:declare-step>

    <p:declare-step type="pxi:load-binary">
        <p:output port="result"/>
        <p:option name="href"/>
        <p:identity>
            <p:input port="source">
                <p:inline>
                    <c:request method="GET" override-content-type="binary/octet-stream"/>
                </p:inline>
            </p:input>
        </p:identity>
        <p:add-attribute match="c:request" attribute-name="href">
            <p:with-option name="attribute-value" select="$href"/>
        </p:add-attribute>
        <p:http-request/>
    </p:declare-step>

    <pxi:message>
        <p:input port="source">
            <p:inline>
                <doc/>
            </p:inline>
        </p:input>
        <p:with-option name="message" select="concat('loading &#34;',$href,'&#34;')"/>
    </pxi:message>
    <p:sink/>

    <p:choose>
        <!--<!-\- Force HTML -\->
    <p:when test="$method='html'">
        <px:html-load>
            <p:with-option name="href" select="$href"/>
        </px:html-load>
    </p:when>-->

        <!-- XML -->
        <p:when test="$method='xml'">
            <p:try>
                <p:group>
                    <p:load>
                        <p:with-option name="href" select="$href"/>
                    </p:load>
                </p:group>
                <p:catch>
                    <pxi:message>
                        <p:input port="source">
                            <p:empty/>
                        </p:input>
                        <p:with-option name="message" select="concat('unable to load ',$href,' as XML')"/>
                    </pxi:message>
                </p:catch>
            </p:try>
        </p:when>

        <!-- text -->
        <p:when test="$method='text'">
            <pxi:load-text>
                <p:with-option name="href" select="$href"/>
            </pxi:load-text>
        </p:when>

        <!--<!-\- HTML -\->
                <p:when test="$media-type='text/html' or $media-type='application/xhtml+xml'">
                    <px:html-load>
                        <p:with-option name="href" select="$href"/>
                    </px:html-load>
                </p:when>-->

        <!-- default to 'binary' -->
        <p:otherwise>
            <pxi:load-binary>
                <p:with-option name="href" select="$href"/>
            </pxi:load-binary>
        </p:otherwise>
    </p:choose>

</p:declare-step></x:document>
            </x:input></x:call><x:context label="the junit output port" id="context0">
            <x:document xml:base="file:/home/jostein/xprocspec/src/main/resources/content/xml/xproc/report/report.xpl" type="inline"><testsuites tests="3" failures="0" time="0.338" errors="0" name="description1"><testsuite timestamp="2013-08-22T14:03:00.506Z" hostname="localhost" tests="2" errors="0" failures="0" skipped="0" id="d2102e1" name="identity" package="http://example.net/ns" time="0.01">
<properties>

<property name="option: option" value="option-value"/>
<property name="option: option.required" value="option.required-value"/>

</properties>
<testcase name="theOptionOptionShouldHaveTheValueOptionvalue" classname="identity" assertions="1" time="0" status="SUCCESS"><system-out>the option 'option' should have the value 'option-value': SUCCESS</system-out>
<system-err/></testcase><testcase name="theOptionOptionRequiredShouldHaveTheValueOptionvalue" classname="identity" assertions="1" time="0" status="SUCCESS"><system-out>the option 'option.required' should have the value 'option-value': SUCCESS</system-out>
<system-err/></testcase></testsuite><testsuite timestamp="2013-08-22T14:03:00.524Z" hostname="localhost" tests="1" errors="0" failures="0" skipped="1" id="d2110e1" name="pendingScenario" time="0.001">
<properties>


</properties>
<testcase name="pendingScenario-pendingScenario" classname="pendingScenario" assertions="1" time="0"><skipped type="xprocspec.skip" message="Not implemented">Not implemented</skipped><system-out>pending scenario: SKIPPED</system-out></testcase></testsuite></testsuites></x:document>
        </x:context><x:expect label="there should be 3 tests" type="xpath" test="/*/@tests='3'" contextref="context0"/><x:expect label="one of the tests should be pending" type="xpath" test="sum(/*/testsuite/number(@skipped))=1" contextref="context0"/></x:scenario><x:output port="result"><x:document xml:base="file:/home/jostein/xprocspec/src/main/resources/content/xml/xproc/report/report.xpl" type="inline"><x:test-report><x:description><x:step-declaration><p:declare-step xmlns:p="http://www.w3.org/ns/xproc" xmlns:ex="http://example.net/ns"><p:input><p:inline>
            <source.document.primary.default/>
        </p:inline></p:input><p:input><p:inline>
            <source.document.secondary.sequence/>
        </p:inline></p:input><p:input><p:inline>
            <default>
                <default/>
                <default/>
            </default>
        </p:inline></p:input><p:input/><p:input/><p:output><p:pipe/></p:output><p:output><p:pipe/></p:output><p:output><p:pipe/></p:output><p:output><p:pipe/></p:output><p:output><p:pipe/></p:output><p:output><p:pipe/></p:output><p:option/><p:option/><p:option/></p:declare-step></x:step-declaration><x:scenario xmlns:e="http://example.net/ns"><x:call><x:option/><x:option/></x:call><x:context>
            <x:document>
                <c:options xmlns:ex="http://example.net/ns">
                    <c:option/>
                    <c:option/>
                    <c:option/>
                </c:options>
            </x:document>
        </x:context><x:expect/><x:expect/></x:scenario><x:output><x:document>
            <source.document.primary.default xmlns:ex="http://example.net/ns"/>
        </x:document></x:output><x:output><x:document>
            <source.document.secondary.sequence xmlns:ex="http://example.net/ns"/>
        </x:document></x:output><x:output><x:document><default xmlns:ex="http://example.net/ns"/></x:document><x:document><default xmlns:ex="http://example.net/ns"/></x:document></x:output><x:output><x:document><c:param-set xmlns:ex="http://example.net/ns"/></x:document><x:document><c:param-set/></x:document></x:output><x:output><x:document><c:param-set/></x:document></x:output><x:output><x:document>
                <c:options xmlns:ex="http://example.net/ns">
                    <c:option/>
                    <c:option/>
                    <c:option/>
                </c:options>
            </x:document></x:output><x:test-result>
                                                        <x:expected>/*/*[@name='option']/@value='option-value'</x:expected>
                                                    </x:test-result><x:test-result>
                                                        <x:expected>/*/*[@name='option.required']/@value='option.required-value'</x:expected>
                                                    </x:test-result></x:description><x:description><x:scenario xmlns:e="http://example.net/ns"/></x:description></x:test-report></x:document></x:output><x:output port="html"><x:document xml:base="file:/home/jostein/xprocspec/src/main/resources/content/xml/xproc/report/report-template.xhtml" type="inline"><html xmlns="http://www.w3.org/1999/xhtml"><head><title>Test Report for file:/home/jostein/xprocspec/src/test/xprocspec/tests/description-1.xprocspec (passed:2 / pending:1 / failed:0 / errors:0 / total:3)</title>
        <meta/>
        <style>/**/
/****************************************************************************/
/*  File:       test-report.css                                             */
/*  Author:     Jeni Tennsion                                               */
/*  URI:        http://xspec.googlecode.com/                                */
/*  Tags:                                                                   */
/*    Copyright (c) 2008, 2010 Jeni Tennsion (see end of file.)             */
/* ------------------------------------------------------------------------ */


/* test */

/* box model */

body {
	margin-right: 1em;
	margin-left: 10%;
	}

h1 {
	padding: 0.3em 0.5em 0.3em 0.5em;
	position: relative;
	}

h2 {
	padding: 0.1em 0.5em 0.2em 0.5em;
	}

h3 {
	padding-left: 0.6em;
	}

h4 {
	padding-left: 0.8em;
	}

p, table {
	margin-left: 5%;
	}

dd ul, dd ol {
	margin-left: 0%;
	}

li ul, li ol {
	margin-left: 5%;
	}

dl, ul, ol, blockquote {
	margin-left: 10%;
	}

dt {
  padding-top: 3px;
  padding-bottom: 3px;
	clear: both;
	}

dd p {
	margin-left: -5px;
	margin-top: 5px;
	clear: both;
	}

p.link {
	margin-top: 4px;
	margin-bottom: 0px;
	clear: both;
	}

tr td, td p, li, li p {
	margin-left: 0%;
	}

td:nth-child(2) {
	padding-left: 5%;
	}

.link img, dt img {
	vertical-align: middle;
	position: relative;
	top: -5px;
	}

img {
	position: relative;
	}

#xml-link {
	position: absolute;
	left: 5px;
	top: 5px;
	width: 10%;
	margin-left: 0%;
	}

#link-up {
	position: absolute;
	left: 93%;
	right: 2em;
	top: 0.3em;
	}

#link-top {
	position: absolute;
	left: 89%;
	right: 4em;
	top: 0.3em;
	}
	
.popup {
	display: block;
	visibility: hidden;
	float: right;
	position: absolute;
	top: 5px;
	left: -200px;
	z-index: 1;
	padding: 0.3em;
	width: 220px;
	}

.note {
	position: relative;
	}

.post {
	margin-left: 5%;
	padding-top: 1em;
	}
	
.example, .sidebar {
  margin-left: 5%;
  margin-top: 1em;
  margin-bottom: 1em;
  }

/*pre {
	padding-left: 5%;
	margin-left: 5%;
	}*/

/*dd pre, li pre {
	padding-left: 5%;
	}*/

/* fonts */
/* Oxygen  */
body, table {
    font-family:arial, helvetica, sans-serif;
    font-size:12px;
}
/* Oxygen  */

/*body {
	font-family: Verdana, arial, sans-serif;
	font-size: small;
	}*/	

/*h1, h2, h3, h4, h5, h6 {
	font-family: 'trebuchet MS', arial, sans-serif;
	}*/

h1 {
	font-size: 173%;
	font-weight: bold;
	}

h2 {
	font-size: 144%;
	font-weight: normal;
	}

h3 {
	font-size: 120%;
	font-weight: normal;
	}

h4 {
  font-size: 100%;
  font-weight: bold;
}

dt {
	font-weight: bold;
	}

a:link, a:visited, a:active, a:hover {
	font-weight: bold;
	}

a.offsite:link, a.offsite:visited, a.offsite:active, a.offsite:hover {
	font-weight: normal;
	}

/* suppress the normal italics */
address {
	font-style: normal;
	}

div.example, .sidebar {
  font-family: Verdana, arial, sans-serif;
  font-size: 100%;
  }


.note, .link {
	font-family: Verdana, arial, sans-serif;
	/*font-size: 83%;*/
	}

/*.example, .string, .rtf, .code, pre, code {
	font-family: "Lucida Console", "Courier New", monospace;*/
  /*font-size: 83%;*/
/*	}*/

.boolean {
	font-style: italic;
	}

#colophon, #xml-link {
	font-size: 69%;
	}

.question, .title {
	font-weight: bold;
	}

/* colours */
body {
	background-color: white;
	color: black;
	border: 0px none black;
	}

/* this is to make Navigator fill the entire line */
h1, h2 {
	border: 1px solid white;
	width: auto;
	}

h1 {
	/*background: #606;*/
	/*color: #6F6;*/
	}

h2 {
	color: #606;
	/*background: #CFC;*/
	}

hr {
	color: #606;
	background: white;
	}

img, a:link img, a:visited img, a:hover img, a:active img, #link-up img, #link-top img {
	border: 0px none white;
	background: transparent;
	}

/* OXYGEN */
a, a:visited {
    color:rgb(0, 0, 150);
    background-color:inherit;
    font-weight: bold;
}
a:link, a:visited {
    text-decoration:none; 
}
a:hover {
    text-decoration:underline;
}

/* OXYGEN */

a.img:hover, a.img:active {
	background: transparent;
	}

#colophon, #xml-link, .note {
	color: #666;
	}

#colophon a:link, #colophon a:visited, #colophon a:hover,
#xml-link a:link, #xml-link a:visited, #xml-link a:hover,
.note a:link, .note a:visited, .note a:hover {
	color: #969;
	background: transparent;
	}

#colophon a:hover, #xml-link a:hover, .note a:hover {
	background: #CFC;
	color: #969;
	}

.popup {
	background: white;
	border: 1px solid #606;
	}

.post {
	border-top: 2px solid #606;
	}
	
.example {
  border-top: 2px solid #606;
  border-bottom: 2px solid #606;
  }
  
.sidebar {
  border-top: 2px solid #090;
  border-bottom: 2px solid #090;
  }
  
.rng {
  border-left: 2px solid #666;
  }

.same {
  background-color: rgb(206, 239, 174);
}

.diff {
  background-color: #FCC;
}

.whitespace {
	font-style: italic;
	color: #999;
	background: white;
}

.ignored {
  font-style: italic;
  color: #999;
  background: white;
}

.hit {
}

.missed {
  background-color: #A33;
  color: white;
}

/* text */
ol ol li {
	list-style: lower-alpha;
	}

th {
	text-align: left;
	}

td {
	vertical-align: top;
	}

h1 {
	text-transform: uppercase;
	}

h2, h3 {
	/*text-transform: capitalize;*/
	}

.question {
	text-indent: -33px;
	}

.byline {
	text-align: right;
	}

#link-top, #link-up {
	text-align: right;
	}

a {
	text-decoration: none;
	}

table { width: 85%;
        /* border: collapse; */ }

th { text-align: left; }

.xspec tbody th { font-weight: normal; /*font-size: 0.8em;*/ border-top: 1px #666 solid; }
.xspec tbody td { /*font-size: 0.8em;*/ color: #666; }

.successful.label th, .successful.label td { background-color: #CFC; }
.pending.label th, .pending.label td { background-color: #DDD; color: #666; }
.failed.label th, .failed.label td { background-color: #FCC; }
.error.label th, .error.label td { background-color: #FAA; }
/*body &gt; table tbody .failed.label th:first-child:before {content:url(data:image/png;base64,iVBORw0KGgoAAAANSUhEUgAAAAwAAAAMCAYAAABWdVznAAAAGXRFWHRTb2Z0d2FyZQBBZG9iZSBJbWFnZVJlYWR5ccllPAAAA2ZpVFh0WE1MOmNvbS5hZG9iZS54bXAAAAAAADw/eHBhY2tldCBiZWdpbj0i77u/IiBpZD0iVzVNME1wQ2VoaUh6cmVTek5UY3prYzlkIj8+IDx4OnhtcG1ldGEgeG1sbnM6eD0iYWRvYmU6bnM6bWV0YS8iIHg6eG1wdGs9IkFkb2JlIFhNUCBDb3JlIDUuMy1jMDExIDY2LjE0NTY2MSwgMjAxMi8wMi8wNi0xNDo1NjoyNyAgICAgICAgIj4gPHJkZjpSREYgeG1sbnM6cmRmPSJodHRwOi8vd3d3LnczLm9yZy8xOTk5LzAyLzIyLXJkZi1zeW50YXgtbnMjIj4gPHJkZjpEZXNjcmlwdGlvbiByZGY6YWJvdXQ9IiIgeG1sbnM6eG1wTU09Imh0dHA6Ly9ucy5hZG9iZS5jb20veGFwLzEuMC9tbS8iIHhtbG5zOnN0UmVmPSJodHRwOi8vbnMuYWRvYmUuY29tL3hhcC8xLjAvc1R5cGUvUmVzb3VyY2VSZWYjIiB4bWxuczp4bXA9Imh0dHA6Ly9ucy5hZG9iZS5jb20veGFwLzEuMC8iIHhtcE1NOk9yaWdpbmFsRG9jdW1lbnRJRD0ieG1wLmRpZDpCQjU0NjU4QjIyQTNFMTExQkI5Rjk5QkQ4RkQ5RUJFQiIgeG1wTU06RG9jdW1lbnRJRD0ieG1wLmRpZDpEQTUyOTdBQUEzRDUxMUUxQTQwN0YzMUI0Nzg3NDU1RSIgeG1wTU06SW5zdGFuY2VJRD0ieG1wLmlpZDpEQTUyOTdBOUEzRDUxMUUxQTQwN0YzMUI0Nzg3NDU1RSIgeG1wOkNyZWF0b3JUb29sPSJBZG9iZSBQaG90b3Nob3AgQ1M2IChXaW5kb3dzKSI+IDx4bXBNTTpEZXJpdmVkRnJvbSBzdFJlZjppbnN0YW5jZUlEPSJ4bXAuaWlkOjQ4MTZDRTNCRDVBM0UxMTFBQTI2QTBCMjZENzg1Qzg5IiBzdFJlZjpkb2N1bWVudElEPSJ4bXAuZGlkOkJCNTQ2NThCMjJBM0UxMTFCQjlGOTlCRDhGRDlFQkVCIi8+IDwvcmRmOkRlc2NyaXB0aW9uPiA8L3JkZjpSREY+IDwveDp4bXBtZXRhPiA8P3hwYWNrZXQgZW5kPSJyIj8+aHNJrgAAAZ1JREFUeNpsUssrRGEU/907985YMDPNYlh4hbKZPMdgR3aysrGSSFIeKyUKpewoRTYkmcgCf4MsMI2FPDYGKeUZSoru4/uc82VC+W7fOeee+zvn/M45V1uuyCmVwDogq0hDklD6jy1dspNkdxokVrIzPFUh0/MD5OdXoJDwPFtu3d2ns6TTp9oggTlFZlmN0o4AHMmXfJGo0lmGzoE1OgmNHf5YA8rmN5HfM6wADmUuHphA9cIW/JX1yiek9DIlyijxkNjBzXYche19gNcHzfShoLUdVxtLuD/cYzCoMAzCwqYrhMDx9Chs20JRWzf4nMcXcDI3pYAqQHIAtWUJbpKursMMhpA+RiAEGzpc4X5XkDB4GjaHmiZik/PIa2rBEWVlSuW9Q+T3YndskBi46QpQFcLltchtbEZyZhxna4uKhmV9Ito/gtPNOG4P99WItdlIWARNXWOAv6AEr9cplel7/ggUleDlMqUSvNnCobHKxDsNnqs8XaWUZopp/XhxTkOR+HDVOveYUge9rNLyY9SU9v+vwXuUB2R0fQkwABfn/VKSjTLBAAAAAElFTkSuQmCC) " "}*/
/*body &gt; table tbody .error.label th:first-child:before {content:url(data:image/png;base64,iVBORw0KGgoAAAANSUhEUgAAAAwAAAAMCAYAAABWdVznAAAABmJLR0QAAAAAAAD5Q7t/AAAACXBIWXMAAAsTAAALEwEAmpwYAAAAB3RJTUUH3QcKER4AdkxvvQAAAdVJREFUKM89kM9KG0EAh7/JTHazZInEQwJ68KIWLx6Etj6EjxAobYSsD+BjCJ682EOp0FMueYmS0FMICF4i6tFNzJ/dyRh2Znoo6Xf+Pn7wEzc3Nx/W6/UvY8xJnudkWYa1Fu893nviOCaKIhuG4R/v/Ve1Xq9/bG1tnezs7JDnOVpr3t/fcc4hpaRSqVCpVORqtTp9e3v7rrTWn5vNJpPJhHK5zHg8JssyvPeEYcjR0RFpmlKr1ZjP5x9Li8VCbOR2u83BwQEvLy88PT1xfHzMxcUFQgjSNCXLskDlec5sNuPx8REpJZ1Oh+fnZ4QQnJ+fc319Tb/fZ29vD601SmvNdDplsVhwe3vLaDTi6uoKgCRJGAwGNBoNXl9fMcZQcs5hjGG1WpHnObVajQ3VahWtNcYYjDE451Cb+7z3JElCkiScnZ0hpaTX67G7u0u328V7/y+oVqsIITg8PKTT6dBqtRgOhzjnaLVa3N3dcX9/z3K5JI5jxOXlpSuKQqRpirWWh4eH//Plcpn9/X2cc2xvb1MqlQqllBpYa0/jOGYymdBsNsmyDOccURRRFAX1eh2lFGEY/lZBEHyx1v703n8KgkBEUYSUEu/9RkIIUQRB0A/D8NtflUT+nn4OS+0AAAAASUVORK5CYII=) " "}*/
.failed.label th:first-child:before, .failed.label td:first-child:before {content:url(data:image/png;base64,iVBORw0KGgoAAAANSUhEUgAAAAwAAAAMCAYAAABWdVznAAAAGXRFWHRTb2Z0d2FyZQBBZG9iZSBJbWFnZVJlYWR5ccllPAAAA2ZpVFh0WE1MOmNvbS5hZG9iZS54bXAAAAAAADw/eHBhY2tldCBiZWdpbj0i77u/IiBpZD0iVzVNME1wQ2VoaUh6cmVTek5UY3prYzlkIj8+IDx4OnhtcG1ldGEgeG1sbnM6eD0iYWRvYmU6bnM6bWV0YS8iIHg6eG1wdGs9IkFkb2JlIFhNUCBDb3JlIDUuMy1jMDExIDY2LjE0NTY2MSwgMjAxMi8wMi8wNi0xNDo1NjoyNyAgICAgICAgIj4gPHJkZjpSREYgeG1sbnM6cmRmPSJodHRwOi8vd3d3LnczLm9yZy8xOTk5LzAyLzIyLXJkZi1zeW50YXgtbnMjIj4gPHJkZjpEZXNjcmlwdGlvbiByZGY6YWJvdXQ9IiIgeG1sbnM6eG1wTU09Imh0dHA6Ly9ucy5hZG9iZS5jb20veGFwLzEuMC9tbS8iIHhtbG5zOnN0UmVmPSJodHRwOi8vbnMuYWRvYmUuY29tL3hhcC8xLjAvc1R5cGUvUmVzb3VyY2VSZWYjIiB4bWxuczp4bXA9Imh0dHA6Ly9ucy5hZG9iZS5jb20veGFwLzEuMC8iIHhtcE1NOk9yaWdpbmFsRG9jdW1lbnRJRD0ieG1wLmRpZDpCQjU0NjU4QjIyQTNFMTExQkI5Rjk5QkQ4RkQ5RUJFQiIgeG1wTU06RG9jdW1lbnRJRD0ieG1wLmRpZDpEQTUyOTdBQUEzRDUxMUUxQTQwN0YzMUI0Nzg3NDU1RSIgeG1wTU06SW5zdGFuY2VJRD0ieG1wLmlpZDpEQTUyOTdBOUEzRDUxMUUxQTQwN0YzMUI0Nzg3NDU1RSIgeG1wOkNyZWF0b3JUb29sPSJBZG9iZSBQaG90b3Nob3AgQ1M2IChXaW5kb3dzKSI+IDx4bXBNTTpEZXJpdmVkRnJvbSBzdFJlZjppbnN0YW5jZUlEPSJ4bXAuaWlkOjQ4MTZDRTNCRDVBM0UxMTFBQTI2QTBCMjZENzg1Qzg5IiBzdFJlZjpkb2N1bWVudElEPSJ4bXAuZGlkOkJCNTQ2NThCMjJBM0UxMTFCQjlGOTlCRDhGRDlFQkVCIi8+IDwvcmRmOkRlc2NyaXB0aW9uPiA8L3JkZjpSREY+IDwveDp4bXBtZXRhPiA8P3hwYWNrZXQgZW5kPSJyIj8+aHNJrgAAAZ1JREFUeNpsUssrRGEU/907985YMDPNYlh4hbKZPMdgR3aysrGSSFIeKyUKpewoRTYkmcgCf4MsMI2FPDYGKeUZSoru4/uc82VC+W7fOeee+zvn/M45V1uuyCmVwDogq0hDklD6jy1dspNkdxokVrIzPFUh0/MD5OdXoJDwPFtu3d2ns6TTp9oggTlFZlmN0o4AHMmXfJGo0lmGzoE1OgmNHf5YA8rmN5HfM6wADmUuHphA9cIW/JX1yiek9DIlyijxkNjBzXYche19gNcHzfShoLUdVxtLuD/cYzCoMAzCwqYrhMDx9Chs20JRWzf4nMcXcDI3pYAqQHIAtWUJbpKursMMhpA+RiAEGzpc4X5XkDB4GjaHmiZik/PIa2rBEWVlSuW9Q+T3YndskBi46QpQFcLltchtbEZyZhxna4uKhmV9Ito/gtPNOG4P99WItdlIWARNXWOAv6AEr9cplel7/ggUleDlMqUSvNnCobHKxDsNnqs8XaWUZopp/XhxTkOR+HDVOveYUge9rNLyY9SU9v+vwXuUB2R0fQkwABfn/VKSjTLBAAAAAElFTkSuQmCC) " "}
.error.label th:first-child:before, .error.label td:first-child:before {content:url(data:image/png;base64,iVBORw0KGgoAAAANSUhEUgAAAAwAAAAMCAYAAABWdVznAAAABmJLR0QAAAAAAAD5Q7t/AAAACXBIWXMAAAsTAAALEwEAmpwYAAAAB3RJTUUH3QcKER4AdkxvvQAAAdVJREFUKM89kM9KG0EAh7/JTHazZInEQwJ68KIWLx6Etj6EjxAobYSsD+BjCJ682EOp0FMueYmS0FMICF4i6tFNzJ/dyRh2Znoo6Xf+Pn7wEzc3Nx/W6/UvY8xJnudkWYa1Fu893nviOCaKIhuG4R/v/Ve1Xq9/bG1tnezs7JDnOVpr3t/fcc4hpaRSqVCpVORqtTp9e3v7rrTWn5vNJpPJhHK5zHg8JssyvPeEYcjR0RFpmlKr1ZjP5x9Li8VCbOR2u83BwQEvLy88PT1xfHzMxcUFQgjSNCXLskDlec5sNuPx8REpJZ1Oh+fnZ4QQnJ+fc319Tb/fZ29vD601SmvNdDplsVhwe3vLaDTi6uoKgCRJGAwGNBoNXl9fMcZQcs5hjGG1WpHnObVajQ3VahWtNcYYjDE451Cb+7z3JElCkiScnZ0hpaTX67G7u0u328V7/y+oVqsIITg8PKTT6dBqtRgOhzjnaLVa3N3dcX9/z3K5JI5jxOXlpSuKQqRpirWWh4eH//Plcpn9/X2cc2xvb1MqlQqllBpYa0/jOGYymdBsNsmyDOccURRRFAX1eh2lFGEY/lZBEHyx1v703n8KgkBEUYSUEu/9RkIIUQRB0A/D8NtflUT+nn4OS+0AAAAASUVORK5CYII=) " "}
.pending.label th:first-child:before, .pending.label td:first-child:before {content:url(data:image/png;base64,iVBORw0KGgoAAAANSUhEUgAAAAwAAAAMCAYAAABWdVznAAAAGXRFWHRTb2Z0d2FyZQBBZG9iZSBJbWFnZVJlYWR5ccllPAAAA2ZpVFh0WE1MOmNvbS5hZG9iZS54bXAAAAAAADw/eHBhY2tldCBiZWdpbj0i77u/IiBpZD0iVzVNME1wQ2VoaUh6cmVTek5UY3prYzlkIj8+IDx4OnhtcG1ldGEgeG1sbnM6eD0iYWRvYmU6bnM6bWV0YS8iIHg6eG1wdGs9IkFkb2JlIFhNUCBDb3JlIDUuMy1jMDExIDY2LjE0NTY2MSwgMjAxMi8wMi8wNi0xNDo1NjoyNyAgICAgICAgIj4gPHJkZjpSREYgeG1sbnM6cmRmPSJodHRwOi8vd3d3LnczLm9yZy8xOTk5LzAyLzIyLXJkZi1zeW50YXgtbnMjIj4gPHJkZjpEZXNjcmlwdGlvbiByZGY6YWJvdXQ9IiIgeG1sbnM6eG1wTU09Imh0dHA6Ly9ucy5hZG9iZS5jb20veGFwLzEuMC9tbS8iIHhtbG5zOnN0UmVmPSJodHRwOi8vbnMuYWRvYmUuY29tL3hhcC8xLjAvc1R5cGUvUmVzb3VyY2VSZWYjIiB4bWxuczp4bXA9Imh0dHA6Ly9ucy5hZG9iZS5jb20veGFwLzEuMC8iIHhtcE1NOk9yaWdpbmFsRG9jdW1lbnRJRD0ieG1wLmRpZDpCQjU0NjU4QjIyQTNFMTExQkI5Rjk5QkQ4RkQ5RUJFQiIgeG1wTU06RG9jdW1lbnRJRD0ieG1wLmRpZDpDODdDM0Y0QUEzRDUxMUUxQjk5N0MzQjVFRDMyQUE1MiIgeG1wTU06SW5zdGFuY2VJRD0ieG1wLmlpZDpDODdDM0Y0OUEzRDUxMUUxQjk5N0MzQjVFRDMyQUE1MiIgeG1wOkNyZWF0b3JUb29sPSJBZG9iZSBQaG90b3Nob3AgQ1M2IChXaW5kb3dzKSI+IDx4bXBNTTpEZXJpdmVkRnJvbSBzdFJlZjppbnN0YW5jZUlEPSJ4bXAuaWlkOjQ4MTZDRTNCRDVBM0UxMTFBQTI2QTBCMjZENzg1Qzg5IiBzdFJlZjpkb2N1bWVudElEPSJ4bXAuZGlkOkJCNTQ2NThCMjJBM0UxMTFCQjlGOTlCRDhGRDlFQkVCIi8+IDwvcmRmOkRlc2NyaXB0aW9uPiA8L3JkZjpSREY+IDwveDp4bXBtZXRhPiA8P3hwYWNrZXQgZW5kPSJyIj8+yj6RYgAAAPZJREFUeNp0kM8KgkAQxmc1E0Wfo3vQn5eRSDx4EUHwbTpEhx4lil7DiydBQUFXp5nAMNsGhpnd/X77za4Iw3CFiFcAWFMFDkXtKZ/UHhfUnB3HWdu2/REpAL2u631ZlicGdpZlwTAMSmBM0zS5bhgQLB5FU3AOUS4XvNn3vVKgAACCIMA0TbFpGsyyDJMkefdFUWAcx1hVFeZ5jlEUoed5qPEI7KDrOhiG8e6llNC27Zcz77FW+L6Pruv+WKtGIzfgR39umv/UHOJgAMlO/BPOXCQDD5p3r2ma8lvHNU9BcWPg0HXdhRZbOhRT8aSXVO9U/ZcAAwAsmjsSQcM0lwAAAABJRU5ErkJggg==) " ";}
.successful.label th:first-child:before, .successful.label td:first-child:before {content:url(data:image/png;base64,iVBORw0KGgoAAAANSUhEUgAAAAwAAAAMCAYAAABWdVznAAAAGXRFWHRTb2Z0d2FyZQBBZG9iZSBJbWFnZVJlYWR5ccllPAAAA2ZpVFh0WE1MOmNvbS5hZG9iZS54bXAAAAAAADw/eHBhY2tldCBiZWdpbj0i77u/IiBpZD0iVzVNME1wQ2VoaUh6cmVTek5UY3prYzlkIj8+IDx4OnhtcG1ldGEgeG1sbnM6eD0iYWRvYmU6bnM6bWV0YS8iIHg6eG1wdGs9IkFkb2JlIFhNUCBDb3JlIDUuMy1jMDExIDY2LjE0NTY2MSwgMjAxMi8wMi8wNi0xNDo1NjoyNyAgICAgICAgIj4gPHJkZjpSREYgeG1sbnM6cmRmPSJodHRwOi8vd3d3LnczLm9yZy8xOTk5LzAyLzIyLXJkZi1zeW50YXgtbnMjIj4gPHJkZjpEZXNjcmlwdGlvbiByZGY6YWJvdXQ9IiIgeG1sbnM6eG1wTU09Imh0dHA6Ly9ucy5hZG9iZS5jb20veGFwLzEuMC9tbS8iIHhtbG5zOnN0UmVmPSJodHRwOi8vbnMuYWRvYmUuY29tL3hhcC8xLjAvc1R5cGUvUmVzb3VyY2VSZWYjIiB4bWxuczp4bXA9Imh0dHA6Ly9ucy5hZG9iZS5jb20veGFwLzEuMC8iIHhtcE1NOk9yaWdpbmFsRG9jdW1lbnRJRD0ieG1wLmRpZDpCQjU0NjU4QjIyQTNFMTExQkI5Rjk5QkQ4RkQ5RUJFQiIgeG1wTU06RG9jdW1lbnRJRD0ieG1wLmRpZDpEMDVBNThBQUEzRDUxMUUxQjdCQkM2QUNBMTNBMDExNiIgeG1wTU06SW5zdGFuY2VJRD0ieG1wLmlpZDpEMDVBNThBOUEzRDUxMUUxQjdCQkM2QUNBMTNBMDExNiIgeG1wOkNyZWF0b3JUb29sPSJBZG9iZSBQaG90b3Nob3AgQ1M2IChXaW5kb3dzKSI+IDx4bXBNTTpEZXJpdmVkRnJvbSBzdFJlZjppbnN0YW5jZUlEPSJ4bXAuaWlkOjQ4MTZDRTNCRDVBM0UxMTFBQTI2QTBCMjZENzg1Qzg5IiBzdFJlZjpkb2N1bWVudElEPSJ4bXAuZGlkOkJCNTQ2NThCMjJBM0UxMTFCQjlGOTlCRDhGRDlFQkVCIi8+IDwvcmRmOkRlc2NyaXB0aW9uPiA8L3JkZjpSREY+IDwveDp4bXBtZXRhPiA8P3hwYWNrZXQgZW5kPSJyIj8+xJ3YrgAAAYBJREFUeNpsUrtKA1EQPZtdY4gEQiD4QCsLEVGX4CP4AykEq1hYiGghCDZ+gBZWVtrZ+EAjaGOhfoAkNiaKhYWICilMEQNqoYjZ5O4d5+6ucQuLM3funDNzD7OrLe229YBwSKAEnyAP/pyIbL5fcz5rcNiLtuqJSEz3ickn5ruE/vFmJ9/LYjvAldGWqA7bJkgPtoAHQrS5G6NdiwhFWCoxHOCgKUL+iurkCBVawyamE8d4qmSZ51clBZUlh+RG14JzEsJNcaTNLVwWd1B6vXXqkmGoYNeVUPnW3JNr4+YarPoncvebEAKNekAlokaY6N/A1NA+SBgY6Eijtz2Fs5sVWNWawysorWNJsO+q9QWzaxLTYwfojA3isZzDfSnrWvTsNiyp7pOrZURC7ejrTDEpcVpY9ab+NSioLZEiapZA5nwBxZcC8g9HeK7ccYM7TDnwmoU2vx6/NIJaUjc0b0u8YvJNle5HdJvlhbI0Y31ThqsjTGr0/+8hOOQ5nfsRYACtHiy+FDd82wAAAABJRU5ErkJggg==) " "}
/*.successful.label a:before {content:url(data:image/png;base64,iVBORw0KGgoAAAANSUhEUgAAAAwAAAAMCAYAAABWdVznAAAAGXRFWHRTb2Z0d2FyZQBBZG9iZSBJbWFnZVJlYWR5ccllPAAAA2ZpVFh0WE1MOmNvbS5hZG9iZS54bXAAAAAAADw/eHBhY2tldCBiZWdpbj0i77u/IiBpZD0iVzVNME1wQ2VoaUh6cmVTek5UY3prYzlkIj8+IDx4OnhtcG1ldGEgeG1sbnM6eD0iYWRvYmU6bnM6bWV0YS8iIHg6eG1wdGs9IkFkb2JlIFhNUCBDb3JlIDUuMy1jMDExIDY2LjE0NTY2MSwgMjAxMi8wMi8wNi0xNDo1NjoyNyAgICAgICAgIj4gPHJkZjpSREYgeG1sbnM6cmRmPSJodHRwOi8vd3d3LnczLm9yZy8xOTk5LzAyLzIyLXJkZi1zeW50YXgtbnMjIj4gPHJkZjpEZXNjcmlwdGlvbiByZGY6YWJvdXQ9IiIgeG1sbnM6eG1wTU09Imh0dHA6Ly9ucy5hZG9iZS5jb20veGFwLzEuMC9tbS8iIHhtbG5zOnN0UmVmPSJodHRwOi8vbnMuYWRvYmUuY29tL3hhcC8xLjAvc1R5cGUvUmVzb3VyY2VSZWYjIiB4bWxuczp4bXA9Imh0dHA6Ly9ucy5hZG9iZS5jb20veGFwLzEuMC8iIHhtcE1NOk9yaWdpbmFsRG9jdW1lbnRJRD0ieG1wLmRpZDpCQjU0NjU4QjIyQTNFMTExQkI5Rjk5QkQ4RkQ5RUJFQiIgeG1wTU06RG9jdW1lbnRJRD0ieG1wLmRpZDpEMDVBNThBQUEzRDUxMUUxQjdCQkM2QUNBMTNBMDExNiIgeG1wTU06SW5zdGFuY2VJRD0ieG1wLmlpZDpEMDVBNThBOUEzRDUxMUUxQjdCQkM2QUNBMTNBMDExNiIgeG1wOkNyZWF0b3JUb29sPSJBZG9iZSBQaG90b3Nob3AgQ1M2IChXaW5kb3dzKSI+IDx4bXBNTTpEZXJpdmVkRnJvbSBzdFJlZjppbnN0YW5jZUlEPSJ4bXAuaWlkOjQ4MTZDRTNCRDVBM0UxMTFBQTI2QTBCMjZENzg1Qzg5IiBzdFJlZjpkb2N1bWVudElEPSJ4bXAuZGlkOkJCNTQ2NThCMjJBM0UxMTFCQjlGOTlCRDhGRDlFQkVCIi8+IDwvcmRmOkRlc2NyaXB0aW9uPiA8L3JkZjpSREY+IDwveDp4bXBtZXRhPiA8P3hwYWNrZXQgZW5kPSJyIj8+xJ3YrgAAAYBJREFUeNpsUrtKA1EQPZtdY4gEQiD4QCsLEVGX4CP4AykEq1hYiGghCDZ+gBZWVtrZ+EAjaGOhfoAkNiaKhYWICilMEQNqoYjZ5O4d5+6ucQuLM3funDNzD7OrLe229YBwSKAEnyAP/pyIbL5fcz5rcNiLtuqJSEz3ickn5ruE/vFmJ9/LYjvAldGWqA7bJkgPtoAHQrS5G6NdiwhFWCoxHOCgKUL+iurkCBVawyamE8d4qmSZ51clBZUlh+RG14JzEsJNcaTNLVwWd1B6vXXqkmGoYNeVUPnW3JNr4+YarPoncvebEAKNekAlokaY6N/A1NA+SBgY6Eijtz2Fs5sVWNWawysorWNJsO+q9QWzaxLTYwfojA3isZzDfSnrWvTsNiyp7pOrZURC7ejrTDEpcVpY9ab+NSioLZEiapZA5nwBxZcC8g9HeK7ccYM7TDnwmoU2vx6/NIJaUjc0b0u8YvJNle5HdJvlhbI0Y31ThqsjTGr0/+8hOOQ5nfsRYACtHiy+FDd82wAAAABJRU5ErkJggg==) " "}*/

.xspecResult { width: 90%; table-layout: fixed; }

.xspecResult td,
.xspecResult th { width: 50%; }

/*.xspecResult pre { 
  margin-left: 0; 
  padding: 0.5em; 
  overflow: auto; 
  border: 1px #999 dotted;
}*/

span.scenario-totals {float: right; width: 14.5%; text-align: left}

/* OXYGEN */
span.scenario-totals {float: right; width: 34.5%; text-align: right}

h2.failed {
    background-color: #FCC;
}

h1, h2 {
    width: 86%;
    margin-left: 3%;
    
    font-size:1.4em;
    font-weight:bold;
    text-align:left;
    margin-top:1.4em;
    margin-bottom:0.7em;
    color:#333333;
    background-color:inherit;
}

h1 {
    font-size:1.7em;
}

body &gt; h1:first-child:before {
    content:"XSLT UNIT ";
}

body &gt; h2:first-of-type {
    font-size:1.7em;
}

div &gt; table &gt; tbody &gt; tr &gt; th:first-child {
    font-weight:bold;
}

div &gt; h3 {
    font-weight:bold;
    margin-left: 3%;
}

div &gt; h4 {
    font-weight:normal;
    margin-left: 4%;
}

th.result { text-align: center; }
/* OXYGEN */


/* ------------------------------------------------------------------------ */
/*  DO NOT ALTER OR REMOVE COPYRIGHT NOTICES OR THIS COMMENT.               */
/*                                                                          */
/*  Copyright (c) 2008, 2010 Jeni Tennsion                                  */
/*                                                                          */
/*  The contents of this file are subject to the MIT License (see the URI   */
/*  http://www.opensource.org/licenses/mit-license.php for details).        */
/*                                                                          */
/*  Permission is hereby granted, free of charge, to any person obtaining   */
/*  a copy of this software and associated documentation files (the         */
/*  "Software"), to deal in the Software without restriction, including     */
/*  without limitation the rights to use, copy, modify, merge, publish,     */
/*  distribute, sublicense, and/or sell copies of the Software, and to      */
/*  permit persons to whom the Software is furnished to do so, subject to   */
/*  the following conditions:                                               */
/*                                                                          */
/*  The above copyright notice and this permission notice shall be          */
/*  included in all copies or substantial portions of the Software.         */
/*                                                                          */
/*  THE SOFTWARE IS PROVIDED "AS IS", WITHOUT WARRANTY OF ANY KIND,         */
/*  EXPRESS OR IMPLIED, INCLUDING BUT NOT LIMITED TO THE WARRANTIES OF      */
/*  MERCHANTABILITY, FITNESS FOR A PARTICULAR PURPOSE AND NONINFRINGEMENT.  */
/*  IN NO EVENT SHALL THE AUTHORS OR COPYRIGHT HOLDERS BE LIABLE FOR ANY    */
/*  CLAIM, DAMAGES OR OTHER LIABILITY, WHETHER IN AN ACTION OF CONTRACT,    */
/*  TORT OR OTHERWISE, ARISING FROM, OUT OF OR IN CONNECTION WITH THE       */
/*  SOFTWARE OR THE USE OR OTHER DEALINGS IN THE SOFTWARE.                  */
/* ------------------------------------------------------------------------ */

.nobr { white-space: nowrap; }
.scenario-label { text-indent: 0px; }
.context-label { text-indent: 10px; }
.test-label { text-indent: 20px; }
.pending-label { text-indent: 30px; }


        /**/</style>
    </head><body><h1>Test Report</h1><p>Script: <a>file:/home/jostein/xprocspec/src/test/xprocspec/tests/description-1.xprocspec</a></p><p>Tested: 2013-08-22T16:03:00.567+02:00</p><h2>Contents</h2><table><col/><col/><col/><col/><col/><col/><thead><tr><th/><th>passed:2</th><th>pending:1</th><th>failed:0</th><th>errors:0</th><th>total:3</th></tr></thead><tbody><tr><th><a>ex:identity</a></th><th>2</th><th>0</th><th>0</th><th>0</th><th>2</th></tr><tr><th><a>Not calling: file:/home/jostein/xprocspec/src/test/xprocspec/steps/identity.xpl</a></th><th>0</th><th>1</th><th>0</th><th>0</th><th>1</th></tr></tbody></table><div><h2>Calling: <a>ex:identity</a><span>passed:2 / pending:0 / failed:0 / errors:0 / total:2</span></h2><table><col/><col/><tbody><tr><th>identity</th><th>passed:2 / pending:0 / failed:0 / errors:0 / total:2</th></tr><tr><th>the results</th><th>passed:2 / pending:0 / failed:0 / errors:0 / total:2</th></tr><tr><td>the option 'option' should have the value 'option-value'</td><td>Success</td></tr><tr><td>the option 'option.required' should have the value 'option-value'</td><td>Success</td></tr></tbody></table></div><div><h2>Not calling: <a>file:/home/jostein/xprocspec/src/test/xprocspec/steps/identity.xpl</a><span>passed:0 / pending:1 / failed:0 /
                                    errors:0 / total:1</span></h2><table><col/><col/><tbody><tr><th>pending scenario</th><th>passed:0 / pending:1 / failed:0 / errors:0 / total:1</th></tr><tr><td>Not implemented</td><td>Pending</td></tr></tbody></table></div><link/><script> </script><script>hljs.initHighlightingOnLoad();</script></body></html></x:document></x:output><x:output port="junit"><x:document xml:base="file:/home/jostein/xprocspec/src/main/resources/content/xml/xproc/report/report.xpl" type="inline"><testsuites><testsuite>
<properties>

<property/>
<property/>

</properties>
<testcase><system-out>the option 'option' should have the value 'option-value': SUCCESS</system-out>
<system-err/></testcase><testcase><system-out>the option 'option.required' should have the value 'option-value': SUCCESS</system-out>
<system-err/></testcase></testsuite><testsuite>
<properties>


</properties>
<testcase><skipped>Not implemented</skipped><system-out>pending scenario: SKIPPED</system-out></testcase></testsuite></testsuites></x:document></x:output><x:test-result contextref="context0" result="passed" test="/*/@tests='3'" label="there should be 3 tests" type="xpath">
                                                        <x:expected>/*/@tests='3'</x:expected>
                                                    </x:test-result><x:test-result contextref="context0" result="passed" test="sum(/*/testsuite/number(@skipped))=1" label="one of the tests should be pending" type="xpath">
                                                        <x:expected>sum(/*/testsuite/number(@skipped))=1</x:expected>
                                                    </x:test-result></x:description><x:description xmlns:cx="http://xmlcalabash.com/ns/extensions" xmlns:c="http://www.w3.org/ns/xproc-step" xml:base="file:/home/jostein/xprocspec/src/test/xprocspec/test.xprocspec" test-base-uri="file:/home/jostein/xprocspec/src/test/xprocspec/test.xprocspec" script="file:/home/jostein/xprocspec/src/main/resources/content/xml/xproc/xprocspec.xpl" test-grammar="xprocspec" temp-dir="file:/tmp/xprocspec-20130822160259495/"><x:step-declaration><p:declare-step xmlns:p="http://www.w3.org/ns/xproc" xmlns:px="http://www.daisy.org/ns/xprocspec" xmlns:pxi="http://www.daisy.org/ns/xprocspec/xproc-internal/" xmlns:pkg="http://expath.org/ns/pkg" type="px:xprocspec" name="main" version="1.0" xpath-version="2.0" pkg:import-uri="http://www.daisy.org/ns/xprocspec/xprocspec.xpl" x:type="{http://www.daisy.org/ns/xprocspec}xprocspec"><p:input port="source" kind="document" sequence="false" primary="true"/><p:output port="result" kind="document" sequence="false" primary="false"><p:pipe port="result" step="report"/></p:output><p:output port="html" kind="document" sequence="false" primary="false"><p:pipe port="html" step="report"/></p:output><p:output port="junit" kind="document" sequence="false" primary="false"><p:pipe port="junit" step="report"/></p:output><p:option name="temp-dir" select="'file:/tmp/'"/></p:declare-step></x:step-declaration><x:scenario end-time="2013-08-22T14:03:01.481Z" label="the import element - two imports" start-time="2013-08-22T14:03:00.81Z"><x:call x:type="{http://www.daisy.org/ns/xprocspec}xprocspec" step="x:xprocspec"><x:option select="$temp-dir" name="temp-dir" value="file:/tmp/xprocspec-20130822160259495/"/><x:input port="source">
                    <x:document xml:base="file:/home/jostein/xprocspec/src/test/xprocspec/test.xprocspec" type="inline"><p:declare-step xmlns:p="http://www.w3.org/ns/xproc" xmlns:pxi="http://www.daisy.org/ns/xprocspec/xproc-internal/" name="main" type="pxi:load" version="1.0">

    <p:output port="result"/>

    <p:option name="href" required="true"/>
    <p:option name="method" select="'xml'"/>

    <p:import href="logging-library.xpl"/>

    <p:declare-step type="pxi:load-text">
        <p:output port="result"/>
        <p:option name="href"/>
        <p:identity>
            <p:input port="source">
                <p:inline>
                    <c:request method="GET" override-content-type="text/plain; charset=utf-8"/>
                </p:inline>
            </p:input>
        </p:identity>
        <p:add-attribute match="c:request" attribute-name="href">
            <p:with-option name="attribute-value" select="$href"/>
        </p:add-attribute>
        <p:http-request/>
    </p:declare-step>

    <p:declare-step type="pxi:load-binary">
        <p:output port="result"/>
        <p:option name="href"/>
        <p:identity>
            <p:input port="source">
                <p:inline>
                    <c:request method="GET" override-content-type="binary/octet-stream"/>
                </p:inline>
            </p:input>
        </p:identity>
        <p:add-attribute match="c:request" attribute-name="href">
            <p:with-option name="attribute-value" select="$href"/>
        </p:add-attribute>
        <p:http-request/>
    </p:declare-step>

    <pxi:message>
        <p:input port="source">
            <p:inline>
                <doc/>
            </p:inline>
        </p:input>
        <p:with-option name="message" select="concat('loading &#34;',$href,'&#34;')"/>
    </pxi:message>
    <p:sink/>

    <p:choose>
        <!--<!-\- Force HTML -\->
    <p:when test="$method='html'">
        <px:html-load>
            <p:with-option name="href" select="$href"/>
        </px:html-load>
    </p:when>-->

        <!-- XML -->
        <p:when test="$method='xml'">
            <p:try>
                <p:group>
                    <p:load>
                        <p:with-option name="href" select="$href"/>
                    </p:load>
                </p:group>
                <p:catch>
                    <pxi:message>
                        <p:input port="source">
                            <p:empty/>
                        </p:input>
                        <p:with-option name="message" select="concat('unable to load ',$href,' as XML')"/>
                    </pxi:message>
                </p:catch>
            </p:try>
        </p:when>

        <!-- text -->
        <p:when test="$method='text'">
            <pxi:load-text>
                <p:with-option name="href" select="$href"/>
            </pxi:load-text>
        </p:when>

        <!--<!-\- HTML -\->
                <p:when test="$media-type='text/html' or $media-type='application/xhtml+xml'">
                    <px:html-load>
                        <p:with-option name="href" select="$href"/>
                    </px:html-load>
                </p:when>-->

        <!-- default to 'binary' -->
        <p:otherwise>
            <pxi:load-binary>
                <p:with-option name="href" select="$href"/>
            </pxi:load-binary>
        </p:otherwise>
    </p:choose>

</p:declare-step></x:document>
                </x:input></x:call><x:context label="the junit output port" id="context1">
                <x:document xml:base="file:/home/jostein/xprocspec/src/main/resources/content/xml/xproc/report/report.xpl" type="inline"><testsuites tests="3" failures="0" time="0.54" errors="0" name="import1"><testsuite timestamp="2013-08-22T14:03:01.368Z" hostname="localhost" tests="1" errors="0" failures="0" skipped="0" id="d3389e1" name="identity" package="http://example.net/ns" time="0.009">
<properties>

<property name="option: option.required" value="import 1a"/>

</properties>
<testcase name="theOptionOptionRequiredShouldHaveTheValueImport1a" classname="identity" assertions="1" time="0" status="SUCCESS"><system-out>the option 'option.required' should have the value 'import 1a': SUCCESS</system-out>
<system-err/></testcase></testsuite><testsuite timestamp="2013-08-22T14:03:01.38Z" hostname="localhost" tests="1" errors="0" failures="0" skipped="0" id="d3395e1" name="identity" package="http://example.net/ns" time="0.01">
<properties>

<property name="option: option.required" value="import 1b"/>

</properties>
<testcase name="theOptionOptionRequiredShouldHaveTheValueImport1b" classname="identity" assertions="1" time="0" status="SUCCESS"><system-out>the option 'option.required' should have the value 'import 1b': SUCCESS</system-out>
<system-err/></testcase></testsuite><testsuite timestamp="2013-08-22T14:03:01.393Z" hostname="localhost" tests="1" errors="0" failures="0" skipped="0" id="d3400e1" name="identity" package="http://example.net/ns" time="0.01">
<properties>

<property name="option: option.required" value="import 1"/>

</properties>
<testcase name="theOptionOptionRequiredShouldHaveTheValueImport1" classname="identity" assertions="1" time="0" status="SUCCESS"><system-out>the option 'option.required' should have the value 'import 1': SUCCESS</system-out>
<system-err/></testcase></testsuite></testsuites></x:document>
            </x:context><x:expect label="there should be 3 tests" type="xpath" test="/*/@tests='3'" contextref="context1"/></x:scenario><x:output port="result"><x:document xml:base="file:/home/jostein/xprocspec/src/main/resources/content/xml/xproc/report/report.xpl" type="inline"><x:test-report><x:description><x:step-declaration><p:declare-step xmlns:p="http://www.w3.org/ns/xproc" xmlns:ex="http://example.net/ns"><p:input><p:inline>
            <source.document.primary.default/>
        </p:inline></p:input><p:input><p:inline>
            <source.document.secondary.sequence/>
        </p:inline></p:input><p:input><p:inline>
            <default>
                <default/>
                <default/>
            </default>
        </p:inline></p:input><p:input/><p:input/><p:output><p:pipe/></p:output><p:output><p:pipe/></p:output><p:output><p:pipe/></p:output><p:output><p:pipe/></p:output><p:output><p:pipe/></p:output><p:output><p:pipe/></p:output><p:option/><p:option/><p:option/></p:declare-step></x:step-declaration><x:scenario xmlns:e="http://example.net/ns"><x:call><x:option/></x:call><x:context>
            <x:document>
                <c:options xmlns:ex="http://example.net/ns">
                    
                    <c:option/>
                    <c:option/>
                </c:options>
            </x:document>
        </x:context><x:expect/></x:scenario><x:output><x:document>
            <source.document.primary.default xmlns:ex="http://example.net/ns"/>
        </x:document></x:output><x:output><x:document>
            <source.document.secondary.sequence xmlns:ex="http://example.net/ns"/>
        </x:document></x:output><x:output><x:document><default xmlns:ex="http://example.net/ns"/></x:document><x:document><default xmlns:ex="http://example.net/ns"/></x:document></x:output><x:output><x:document><c:param-set xmlns:ex="http://example.net/ns"/></x:document><x:document><c:param-set/></x:document></x:output><x:output><x:document><c:param-set/></x:document></x:output><x:output><x:document>
                <c:options xmlns:ex="http://example.net/ns">
                    
                    <c:option/>
                    <c:option/>
                </c:options>
            </x:document></x:output><x:test-result>
                                                        <x:expected>/*/*[@name='option.required']/@value='import 1a'</x:expected>
                                                    </x:test-result></x:description><x:description><x:step-declaration><p:declare-step xmlns:p="http://www.w3.org/ns/xproc" xmlns:ex="http://example.net/ns"><p:input><p:inline>
            <source.document.primary.default/>
        </p:inline></p:input><p:input><p:inline>
            <source.document.secondary.sequence/>
        </p:inline></p:input><p:input><p:inline>
            <default>
                <default/>
                <default/>
            </default>
        </p:inline></p:input><p:input/><p:input/><p:output><p:pipe/></p:output><p:output><p:pipe/></p:output><p:output><p:pipe/></p:output><p:output><p:pipe/></p:output><p:output><p:pipe/></p:output><p:output><p:pipe/></p:output><p:option/><p:option/><p:option/></p:declare-step></x:step-declaration><x:scenario xmlns:e="http://example.net/ns"><x:call><x:option/></x:call><x:context>
            <x:document>
                <c:options xmlns:ex="http://example.net/ns">
                    
                    <c:option/>
                    <c:option/>
                </c:options>
            </x:document>
        </x:context><x:expect/></x:scenario><x:output><x:document>
            <source.document.primary.default xmlns:ex="http://example.net/ns"/>
        </x:document></x:output><x:output><x:document>
            <source.document.secondary.sequence xmlns:ex="http://example.net/ns"/>
        </x:document></x:output><x:output><x:document><default xmlns:ex="http://example.net/ns"/></x:document><x:document><default xmlns:ex="http://example.net/ns"/></x:document></x:output><x:output><x:document><c:param-set xmlns:ex="http://example.net/ns"/></x:document><x:document><c:param-set/></x:document></x:output><x:output><x:document><c:param-set/></x:document></x:output><x:output><x:document>
                <c:options xmlns:ex="http://example.net/ns">
                    
                    <c:option/>
                    <c:option/>
                </c:options>
            </x:document></x:output><x:test-result>
                                                        <x:expected>/*/*[@name='option.required']/@value='import 1b'</x:expected>
                                                    </x:test-result></x:description><x:description><x:step-declaration><p:declare-step xmlns:p="http://www.w3.org/ns/xproc" xmlns:ex="http://example.net/ns"><p:input><p:inline>
            <source.document.primary.default/>
        </p:inline></p:input><p:input><p:inline>
            <source.document.secondary.sequence/>
        </p:inline></p:input><p:input><p:inline>
            <default>
                <default/>
                <default/>
            </default>
        </p:inline></p:input><p:input/><p:input/><p:output><p:pipe/></p:output><p:output><p:pipe/></p:output><p:output><p:pipe/></p:output><p:output><p:pipe/></p:output><p:output><p:pipe/></p:output><p:output><p:pipe/></p:output><p:option/><p:option/><p:option/></p:declare-step></x:step-declaration><x:scenario xmlns:e="http://example.net/ns"><x:call><x:option/></x:call><x:context>
            <x:document>
                <c:options xmlns:ex="http://example.net/ns">
                    
                    <c:option/>
                    <c:option/>
                </c:options>
            </x:document>
        </x:context><x:expect/></x:scenario><x:output><x:document>
            <source.document.primary.default xmlns:ex="http://example.net/ns"/>
        </x:document></x:output><x:output><x:document>
            <source.document.secondary.sequence xmlns:ex="http://example.net/ns"/>
        </x:document></x:output><x:output><x:document><default xmlns:ex="http://example.net/ns"/></x:document><x:document><default xmlns:ex="http://example.net/ns"/></x:document></x:output><x:output><x:document><c:param-set xmlns:ex="http://example.net/ns"/></x:document><x:document><c:param-set/></x:document></x:output><x:output><x:document><c:param-set/></x:document></x:output><x:output><x:document>
                <c:options xmlns:ex="http://example.net/ns">
                    
                    <c:option/>
                    <c:option/>
                </c:options>
            </x:document></x:output><x:test-result>
                                                        <x:expected>/*/*[@name='option.required']/@value='import 1'</x:expected>
                                                    </x:test-result></x:description></x:test-report></x:document></x:output><x:output port="html"><x:document xml:base="file:/home/jostein/xprocspec/src/main/resources/content/xml/xproc/report/report-template.xhtml" type="inline"><html xmlns="http://www.w3.org/1999/xhtml"><head><title>Test Report for file:/home/jostein/xprocspec/src/test/xprocspec/tests/import-1.xprocspec (passed:3 / pending:0 / failed:0 / errors:0 / total:3)</title>
        <meta/>
        <style>/**/
/****************************************************************************/
/*  File:       test-report.css                                             */
/*  Author:     Jeni Tennsion                                               */
/*  URI:        http://xspec.googlecode.com/                                */
/*  Tags:                                                                   */
/*    Copyright (c) 2008, 2010 Jeni Tennsion (see end of file.)             */
/* ------------------------------------------------------------------------ */


/* test */

/* box model */

body {
	margin-right: 1em;
	margin-left: 10%;
	}

h1 {
	padding: 0.3em 0.5em 0.3em 0.5em;
	position: relative;
	}

h2 {
	padding: 0.1em 0.5em 0.2em 0.5em;
	}

h3 {
	padding-left: 0.6em;
	}

h4 {
	padding-left: 0.8em;
	}

p, table {
	margin-left: 5%;
	}

dd ul, dd ol {
	margin-left: 0%;
	}

li ul, li ol {
	margin-left: 5%;
	}

dl, ul, ol, blockquote {
	margin-left: 10%;
	}

dt {
  padding-top: 3px;
  padding-bottom: 3px;
	clear: both;
	}

dd p {
	margin-left: -5px;
	margin-top: 5px;
	clear: both;
	}

p.link {
	margin-top: 4px;
	margin-bottom: 0px;
	clear: both;
	}

tr td, td p, li, li p {
	margin-left: 0%;
	}

td:nth-child(2) {
	padding-left: 5%;
	}

.link img, dt img {
	vertical-align: middle;
	position: relative;
	top: -5px;
	}

img {
	position: relative;
	}

#xml-link {
	position: absolute;
	left: 5px;
	top: 5px;
	width: 10%;
	margin-left: 0%;
	}

#link-up {
	position: absolute;
	left: 93%;
	right: 2em;
	top: 0.3em;
	}

#link-top {
	position: absolute;
	left: 89%;
	right: 4em;
	top: 0.3em;
	}
	
.popup {
	display: block;
	visibility: hidden;
	float: right;
	position: absolute;
	top: 5px;
	left: -200px;
	z-index: 1;
	padding: 0.3em;
	width: 220px;
	}

.note {
	position: relative;
	}

.post {
	margin-left: 5%;
	padding-top: 1em;
	}
	
.example, .sidebar {
  margin-left: 5%;
  margin-top: 1em;
  margin-bottom: 1em;
  }

/*pre {
	padding-left: 5%;
	margin-left: 5%;
	}*/

/*dd pre, li pre {
	padding-left: 5%;
	}*/

/* fonts */
/* Oxygen  */
body, table {
    font-family:arial, helvetica, sans-serif;
    font-size:12px;
}
/* Oxygen  */

/*body {
	font-family: Verdana, arial, sans-serif;
	font-size: small;
	}*/	

/*h1, h2, h3, h4, h5, h6 {
	font-family: 'trebuchet MS', arial, sans-serif;
	}*/

h1 {
	font-size: 173%;
	font-weight: bold;
	}

h2 {
	font-size: 144%;
	font-weight: normal;
	}

h3 {
	font-size: 120%;
	font-weight: normal;
	}

h4 {
  font-size: 100%;
  font-weight: bold;
}

dt {
	font-weight: bold;
	}

a:link, a:visited, a:active, a:hover {
	font-weight: bold;
	}

a.offsite:link, a.offsite:visited, a.offsite:active, a.offsite:hover {
	font-weight: normal;
	}

/* suppress the normal italics */
address {
	font-style: normal;
	}

div.example, .sidebar {
  font-family: Verdana, arial, sans-serif;
  font-size: 100%;
  }


.note, .link {
	font-family: Verdana, arial, sans-serif;
	/*font-size: 83%;*/
	}

/*.example, .string, .rtf, .code, pre, code {
	font-family: "Lucida Console", "Courier New", monospace;*/
  /*font-size: 83%;*/
/*	}*/

.boolean {
	font-style: italic;
	}

#colophon, #xml-link {
	font-size: 69%;
	}

.question, .title {
	font-weight: bold;
	}

/* colours */
body {
	background-color: white;
	color: black;
	border: 0px none black;
	}

/* this is to make Navigator fill the entire line */
h1, h2 {
	border: 1px solid white;
	width: auto;
	}

h1 {
	/*background: #606;*/
	/*color: #6F6;*/
	}

h2 {
	color: #606;
	/*background: #CFC;*/
	}

hr {
	color: #606;
	background: white;
	}

img, a:link img, a:visited img, a:hover img, a:active img, #link-up img, #link-top img {
	border: 0px none white;
	background: transparent;
	}

/* OXYGEN */
a, a:visited {
    color:rgb(0, 0, 150);
    background-color:inherit;
    font-weight: bold;
}
a:link, a:visited {
    text-decoration:none; 
}
a:hover {
    text-decoration:underline;
}

/* OXYGEN */

a.img:hover, a.img:active {
	background: transparent;
	}

#colophon, #xml-link, .note {
	color: #666;
	}

#colophon a:link, #colophon a:visited, #colophon a:hover,
#xml-link a:link, #xml-link a:visited, #xml-link a:hover,
.note a:link, .note a:visited, .note a:hover {
	color: #969;
	background: transparent;
	}

#colophon a:hover, #xml-link a:hover, .note a:hover {
	background: #CFC;
	color: #969;
	}

.popup {
	background: white;
	border: 1px solid #606;
	}

.post {
	border-top: 2px solid #606;
	}
	
.example {
  border-top: 2px solid #606;
  border-bottom: 2px solid #606;
  }
  
.sidebar {
  border-top: 2px solid #090;
  border-bottom: 2px solid #090;
  }
  
.rng {
  border-left: 2px solid #666;
  }

.same {
  background-color: rgb(206, 239, 174);
}

.diff {
  background-color: #FCC;
}

.whitespace {
	font-style: italic;
	color: #999;
	background: white;
}

.ignored {
  font-style: italic;
  color: #999;
  background: white;
}

.hit {
}

.missed {
  background-color: #A33;
  color: white;
}

/* text */
ol ol li {
	list-style: lower-alpha;
	}

th {
	text-align: left;
	}

td {
	vertical-align: top;
	}

h1 {
	text-transform: uppercase;
	}

h2, h3 {
	/*text-transform: capitalize;*/
	}

.question {
	text-indent: -33px;
	}

.byline {
	text-align: right;
	}

#link-top, #link-up {
	text-align: right;
	}

a {
	text-decoration: none;
	}

table { width: 85%;
        /* border: collapse; */ }

th { text-align: left; }

.xspec tbody th { font-weight: normal; /*font-size: 0.8em;*/ border-top: 1px #666 solid; }
.xspec tbody td { /*font-size: 0.8em;*/ color: #666; }

.successful.label th, .successful.label td { background-color: #CFC; }
.pending.label th, .pending.label td { background-color: #DDD; color: #666; }
.failed.label th, .failed.label td { background-color: #FCC; }
.error.label th, .error.label td { background-color: #FAA; }
/*body &gt; table tbody .failed.label th:first-child:before {content:url(data:image/png;base64,iVBORw0KGgoAAAANSUhEUgAAAAwAAAAMCAYAAABWdVznAAAAGXRFWHRTb2Z0d2FyZQBBZG9iZSBJbWFnZVJlYWR5ccllPAAAA2ZpVFh0WE1MOmNvbS5hZG9iZS54bXAAAAAAADw/eHBhY2tldCBiZWdpbj0i77u/IiBpZD0iVzVNME1wQ2VoaUh6cmVTek5UY3prYzlkIj8+IDx4OnhtcG1ldGEgeG1sbnM6eD0iYWRvYmU6bnM6bWV0YS8iIHg6eG1wdGs9IkFkb2JlIFhNUCBDb3JlIDUuMy1jMDExIDY2LjE0NTY2MSwgMjAxMi8wMi8wNi0xNDo1NjoyNyAgICAgICAgIj4gPHJkZjpSREYgeG1sbnM6cmRmPSJodHRwOi8vd3d3LnczLm9yZy8xOTk5LzAyLzIyLXJkZi1zeW50YXgtbnMjIj4gPHJkZjpEZXNjcmlwdGlvbiByZGY6YWJvdXQ9IiIgeG1sbnM6eG1wTU09Imh0dHA6Ly9ucy5hZG9iZS5jb20veGFwLzEuMC9tbS8iIHhtbG5zOnN0UmVmPSJodHRwOi8vbnMuYWRvYmUuY29tL3hhcC8xLjAvc1R5cGUvUmVzb3VyY2VSZWYjIiB4bWxuczp4bXA9Imh0dHA6Ly9ucy5hZG9iZS5jb20veGFwLzEuMC8iIHhtcE1NOk9yaWdpbmFsRG9jdW1lbnRJRD0ieG1wLmRpZDpCQjU0NjU4QjIyQTNFMTExQkI5Rjk5QkQ4RkQ5RUJFQiIgeG1wTU06RG9jdW1lbnRJRD0ieG1wLmRpZDpEQTUyOTdBQUEzRDUxMUUxQTQwN0YzMUI0Nzg3NDU1RSIgeG1wTU06SW5zdGFuY2VJRD0ieG1wLmlpZDpEQTUyOTdBOUEzRDUxMUUxQTQwN0YzMUI0Nzg3NDU1RSIgeG1wOkNyZWF0b3JUb29sPSJBZG9iZSBQaG90b3Nob3AgQ1M2IChXaW5kb3dzKSI+IDx4bXBNTTpEZXJpdmVkRnJvbSBzdFJlZjppbnN0YW5jZUlEPSJ4bXAuaWlkOjQ4MTZDRTNCRDVBM0UxMTFBQTI2QTBCMjZENzg1Qzg5IiBzdFJlZjpkb2N1bWVudElEPSJ4bXAuZGlkOkJCNTQ2NThCMjJBM0UxMTFCQjlGOTlCRDhGRDlFQkVCIi8+IDwvcmRmOkRlc2NyaXB0aW9uPiA8L3JkZjpSREY+IDwveDp4bXBtZXRhPiA8P3hwYWNrZXQgZW5kPSJyIj8+aHNJrgAAAZ1JREFUeNpsUssrRGEU/907985YMDPNYlh4hbKZPMdgR3aysrGSSFIeKyUKpewoRTYkmcgCf4MsMI2FPDYGKeUZSoru4/uc82VC+W7fOeee+zvn/M45V1uuyCmVwDogq0hDklD6jy1dspNkdxokVrIzPFUh0/MD5OdXoJDwPFtu3d2ns6TTp9oggTlFZlmN0o4AHMmXfJGo0lmGzoE1OgmNHf5YA8rmN5HfM6wADmUuHphA9cIW/JX1yiek9DIlyijxkNjBzXYche19gNcHzfShoLUdVxtLuD/cYzCoMAzCwqYrhMDx9Chs20JRWzf4nMcXcDI3pYAqQHIAtWUJbpKursMMhpA+RiAEGzpc4X5XkDB4GjaHmiZik/PIa2rBEWVlSuW9Q+T3YndskBi46QpQFcLltchtbEZyZhxna4uKhmV9Ito/gtPNOG4P99WItdlIWARNXWOAv6AEr9cplel7/ggUleDlMqUSvNnCobHKxDsNnqs8XaWUZopp/XhxTkOR+HDVOveYUge9rNLyY9SU9v+vwXuUB2R0fQkwABfn/VKSjTLBAAAAAElFTkSuQmCC) " "}*/
/*body &gt; table tbody .error.label th:first-child:before {content:url(data:image/png;base64,iVBORw0KGgoAAAANSUhEUgAAAAwAAAAMCAYAAABWdVznAAAABmJLR0QAAAAAAAD5Q7t/AAAACXBIWXMAAAsTAAALEwEAmpwYAAAAB3RJTUUH3QcKER4AdkxvvQAAAdVJREFUKM89kM9KG0EAh7/JTHazZInEQwJ68KIWLx6Etj6EjxAobYSsD+BjCJ682EOp0FMueYmS0FMICF4i6tFNzJ/dyRh2Znoo6Xf+Pn7wEzc3Nx/W6/UvY8xJnudkWYa1Fu893nviOCaKIhuG4R/v/Ve1Xq9/bG1tnezs7JDnOVpr3t/fcc4hpaRSqVCpVORqtTp9e3v7rrTWn5vNJpPJhHK5zHg8JssyvPeEYcjR0RFpmlKr1ZjP5x9Li8VCbOR2u83BwQEvLy88PT1xfHzMxcUFQgjSNCXLskDlec5sNuPx8REpJZ1Oh+fnZ4QQnJ+fc319Tb/fZ29vD601SmvNdDplsVhwe3vLaDTi6uoKgCRJGAwGNBoNXl9fMcZQcs5hjGG1WpHnObVajQ3VahWtNcYYjDE451Cb+7z3JElCkiScnZ0hpaTX67G7u0u328V7/y+oVqsIITg8PKTT6dBqtRgOhzjnaLVa3N3dcX9/z3K5JI5jxOXlpSuKQqRpirWWh4eH//Plcpn9/X2cc2xvb1MqlQqllBpYa0/jOGYymdBsNsmyDOccURRRFAX1eh2lFGEY/lZBEHyx1v703n8KgkBEUYSUEu/9RkIIUQRB0A/D8NtflUT+nn4OS+0AAAAASUVORK5CYII=) " "}*/
.failed.label th:first-child:before, .failed.label td:first-child:before {content:url(data:image/png;base64,iVBORw0KGgoAAAANSUhEUgAAAAwAAAAMCAYAAABWdVznAAAAGXRFWHRTb2Z0d2FyZQBBZG9iZSBJbWFnZVJlYWR5ccllPAAAA2ZpVFh0WE1MOmNvbS5hZG9iZS54bXAAAAAAADw/eHBhY2tldCBiZWdpbj0i77u/IiBpZD0iVzVNME1wQ2VoaUh6cmVTek5UY3prYzlkIj8+IDx4OnhtcG1ldGEgeG1sbnM6eD0iYWRvYmU6bnM6bWV0YS8iIHg6eG1wdGs9IkFkb2JlIFhNUCBDb3JlIDUuMy1jMDExIDY2LjE0NTY2MSwgMjAxMi8wMi8wNi0xNDo1NjoyNyAgICAgICAgIj4gPHJkZjpSREYgeG1sbnM6cmRmPSJodHRwOi8vd3d3LnczLm9yZy8xOTk5LzAyLzIyLXJkZi1zeW50YXgtbnMjIj4gPHJkZjpEZXNjcmlwdGlvbiByZGY6YWJvdXQ9IiIgeG1sbnM6eG1wTU09Imh0dHA6Ly9ucy5hZG9iZS5jb20veGFwLzEuMC9tbS8iIHhtbG5zOnN0UmVmPSJodHRwOi8vbnMuYWRvYmUuY29tL3hhcC8xLjAvc1R5cGUvUmVzb3VyY2VSZWYjIiB4bWxuczp4bXA9Imh0dHA6Ly9ucy5hZG9iZS5jb20veGFwLzEuMC8iIHhtcE1NOk9yaWdpbmFsRG9jdW1lbnRJRD0ieG1wLmRpZDpCQjU0NjU4QjIyQTNFMTExQkI5Rjk5QkQ4RkQ5RUJFQiIgeG1wTU06RG9jdW1lbnRJRD0ieG1wLmRpZDpEQTUyOTdBQUEzRDUxMUUxQTQwN0YzMUI0Nzg3NDU1RSIgeG1wTU06SW5zdGFuY2VJRD0ieG1wLmlpZDpEQTUyOTdBOUEzRDUxMUUxQTQwN0YzMUI0Nzg3NDU1RSIgeG1wOkNyZWF0b3JUb29sPSJBZG9iZSBQaG90b3Nob3AgQ1M2IChXaW5kb3dzKSI+IDx4bXBNTTpEZXJpdmVkRnJvbSBzdFJlZjppbnN0YW5jZUlEPSJ4bXAuaWlkOjQ4MTZDRTNCRDVBM0UxMTFBQTI2QTBCMjZENzg1Qzg5IiBzdFJlZjpkb2N1bWVudElEPSJ4bXAuZGlkOkJCNTQ2NThCMjJBM0UxMTFCQjlGOTlCRDhGRDlFQkVCIi8+IDwvcmRmOkRlc2NyaXB0aW9uPiA8L3JkZjpSREY+IDwveDp4bXBtZXRhPiA8P3hwYWNrZXQgZW5kPSJyIj8+aHNJrgAAAZ1JREFUeNpsUssrRGEU/907985YMDPNYlh4hbKZPMdgR3aysrGSSFIeKyUKpewoRTYkmcgCf4MsMI2FPDYGKeUZSoru4/uc82VC+W7fOeee+zvn/M45V1uuyCmVwDogq0hDklD6jy1dspNkdxokVrIzPFUh0/MD5OdXoJDwPFtu3d2ns6TTp9oggTlFZlmN0o4AHMmXfJGo0lmGzoE1OgmNHf5YA8rmN5HfM6wADmUuHphA9cIW/JX1yiek9DIlyijxkNjBzXYche19gNcHzfShoLUdVxtLuD/cYzCoMAzCwqYrhMDx9Chs20JRWzf4nMcXcDI3pYAqQHIAtWUJbpKursMMhpA+RiAEGzpc4X5XkDB4GjaHmiZik/PIa2rBEWVlSuW9Q+T3YndskBi46QpQFcLltchtbEZyZhxna4uKhmV9Ito/gtPNOG4P99WItdlIWARNXWOAv6AEr9cplel7/ggUleDlMqUSvNnCobHKxDsNnqs8XaWUZopp/XhxTkOR+HDVOveYUge9rNLyY9SU9v+vwXuUB2R0fQkwABfn/VKSjTLBAAAAAElFTkSuQmCC) " "}
.error.label th:first-child:before, .error.label td:first-child:before {content:url(data:image/png;base64,iVBORw0KGgoAAAANSUhEUgAAAAwAAAAMCAYAAABWdVznAAAABmJLR0QAAAAAAAD5Q7t/AAAACXBIWXMAAAsTAAALEwEAmpwYAAAAB3RJTUUH3QcKER4AdkxvvQAAAdVJREFUKM89kM9KG0EAh7/JTHazZInEQwJ68KIWLx6Etj6EjxAobYSsD+BjCJ682EOp0FMueYmS0FMICF4i6tFNzJ/dyRh2Znoo6Xf+Pn7wEzc3Nx/W6/UvY8xJnudkWYa1Fu893nviOCaKIhuG4R/v/Ve1Xq9/bG1tnezs7JDnOVpr3t/fcc4hpaRSqVCpVORqtTp9e3v7rrTWn5vNJpPJhHK5zHg8JssyvPeEYcjR0RFpmlKr1ZjP5x9Li8VCbOR2u83BwQEvLy88PT1xfHzMxcUFQgjSNCXLskDlec5sNuPx8REpJZ1Oh+fnZ4QQnJ+fc319Tb/fZ29vD601SmvNdDplsVhwe3vLaDTi6uoKgCRJGAwGNBoNXl9fMcZQcs5hjGG1WpHnObVajQ3VahWtNcYYjDE451Cb+7z3JElCkiScnZ0hpaTX67G7u0u328V7/y+oVqsIITg8PKTT6dBqtRgOhzjnaLVa3N3dcX9/z3K5JI5jxOXlpSuKQqRpirWWh4eH//Plcpn9/X2cc2xvb1MqlQqllBpYa0/jOGYymdBsNsmyDOccURRRFAX1eh2lFGEY/lZBEHyx1v703n8KgkBEUYSUEu/9RkIIUQRB0A/D8NtflUT+nn4OS+0AAAAASUVORK5CYII=) " "}
.pending.label th:first-child:before, .pending.label td:first-child:before {content:url(data:image/png;base64,iVBORw0KGgoAAAANSUhEUgAAAAwAAAAMCAYAAABWdVznAAAAGXRFWHRTb2Z0d2FyZQBBZG9iZSBJbWFnZVJlYWR5ccllPAAAA2ZpVFh0WE1MOmNvbS5hZG9iZS54bXAAAAAAADw/eHBhY2tldCBiZWdpbj0i77u/IiBpZD0iVzVNME1wQ2VoaUh6cmVTek5UY3prYzlkIj8+IDx4OnhtcG1ldGEgeG1sbnM6eD0iYWRvYmU6bnM6bWV0YS8iIHg6eG1wdGs9IkFkb2JlIFhNUCBDb3JlIDUuMy1jMDExIDY2LjE0NTY2MSwgMjAxMi8wMi8wNi0xNDo1NjoyNyAgICAgICAgIj4gPHJkZjpSREYgeG1sbnM6cmRmPSJodHRwOi8vd3d3LnczLm9yZy8xOTk5LzAyLzIyLXJkZi1zeW50YXgtbnMjIj4gPHJkZjpEZXNjcmlwdGlvbiByZGY6YWJvdXQ9IiIgeG1sbnM6eG1wTU09Imh0dHA6Ly9ucy5hZG9iZS5jb20veGFwLzEuMC9tbS8iIHhtbG5zOnN0UmVmPSJodHRwOi8vbnMuYWRvYmUuY29tL3hhcC8xLjAvc1R5cGUvUmVzb3VyY2VSZWYjIiB4bWxuczp4bXA9Imh0dHA6Ly9ucy5hZG9iZS5jb20veGFwLzEuMC8iIHhtcE1NOk9yaWdpbmFsRG9jdW1lbnRJRD0ieG1wLmRpZDpCQjU0NjU4QjIyQTNFMTExQkI5Rjk5QkQ4RkQ5RUJFQiIgeG1wTU06RG9jdW1lbnRJRD0ieG1wLmRpZDpDODdDM0Y0QUEzRDUxMUUxQjk5N0MzQjVFRDMyQUE1MiIgeG1wTU06SW5zdGFuY2VJRD0ieG1wLmlpZDpDODdDM0Y0OUEzRDUxMUUxQjk5N0MzQjVFRDMyQUE1MiIgeG1wOkNyZWF0b3JUb29sPSJBZG9iZSBQaG90b3Nob3AgQ1M2IChXaW5kb3dzKSI+IDx4bXBNTTpEZXJpdmVkRnJvbSBzdFJlZjppbnN0YW5jZUlEPSJ4bXAuaWlkOjQ4MTZDRTNCRDVBM0UxMTFBQTI2QTBCMjZENzg1Qzg5IiBzdFJlZjpkb2N1bWVudElEPSJ4bXAuZGlkOkJCNTQ2NThCMjJBM0UxMTFCQjlGOTlCRDhGRDlFQkVCIi8+IDwvcmRmOkRlc2NyaXB0aW9uPiA8L3JkZjpSREY+IDwveDp4bXBtZXRhPiA8P3hwYWNrZXQgZW5kPSJyIj8+yj6RYgAAAPZJREFUeNp0kM8KgkAQxmc1E0Wfo3vQn5eRSDx4EUHwbTpEhx4lil7DiydBQUFXp5nAMNsGhpnd/X77za4Iw3CFiFcAWFMFDkXtKZ/UHhfUnB3HWdu2/REpAL2u631ZlicGdpZlwTAMSmBM0zS5bhgQLB5FU3AOUS4XvNn3vVKgAACCIMA0TbFpGsyyDJMkefdFUWAcx1hVFeZ5jlEUoed5qPEI7KDrOhiG8e6llNC27Zcz77FW+L6Pruv+WKtGIzfgR39umv/UHOJgAMlO/BPOXCQDD5p3r2ma8lvHNU9BcWPg0HXdhRZbOhRT8aSXVO9U/ZcAAwAsmjsSQcM0lwAAAABJRU5ErkJggg==) " ";}
.successful.label th:first-child:before, .successful.label td:first-child:before {content:url(data:image/png;base64,iVBORw0KGgoAAAANSUhEUgAAAAwAAAAMCAYAAABWdVznAAAAGXRFWHRTb2Z0d2FyZQBBZG9iZSBJbWFnZVJlYWR5ccllPAAAA2ZpVFh0WE1MOmNvbS5hZG9iZS54bXAAAAAAADw/eHBhY2tldCBiZWdpbj0i77u/IiBpZD0iVzVNME1wQ2VoaUh6cmVTek5UY3prYzlkIj8+IDx4OnhtcG1ldGEgeG1sbnM6eD0iYWRvYmU6bnM6bWV0YS8iIHg6eG1wdGs9IkFkb2JlIFhNUCBDb3JlIDUuMy1jMDExIDY2LjE0NTY2MSwgMjAxMi8wMi8wNi0xNDo1NjoyNyAgICAgICAgIj4gPHJkZjpSREYgeG1sbnM6cmRmPSJodHRwOi8vd3d3LnczLm9yZy8xOTk5LzAyLzIyLXJkZi1zeW50YXgtbnMjIj4gPHJkZjpEZXNjcmlwdGlvbiByZGY6YWJvdXQ9IiIgeG1sbnM6eG1wTU09Imh0dHA6Ly9ucy5hZG9iZS5jb20veGFwLzEuMC9tbS8iIHhtbG5zOnN0UmVmPSJodHRwOi8vbnMuYWRvYmUuY29tL3hhcC8xLjAvc1R5cGUvUmVzb3VyY2VSZWYjIiB4bWxuczp4bXA9Imh0dHA6Ly9ucy5hZG9iZS5jb20veGFwLzEuMC8iIHhtcE1NOk9yaWdpbmFsRG9jdW1lbnRJRD0ieG1wLmRpZDpCQjU0NjU4QjIyQTNFMTExQkI5Rjk5QkQ4RkQ5RUJFQiIgeG1wTU06RG9jdW1lbnRJRD0ieG1wLmRpZDpEMDVBNThBQUEzRDUxMUUxQjdCQkM2QUNBMTNBMDExNiIgeG1wTU06SW5zdGFuY2VJRD0ieG1wLmlpZDpEMDVBNThBOUEzRDUxMUUxQjdCQkM2QUNBMTNBMDExNiIgeG1wOkNyZWF0b3JUb29sPSJBZG9iZSBQaG90b3Nob3AgQ1M2IChXaW5kb3dzKSI+IDx4bXBNTTpEZXJpdmVkRnJvbSBzdFJlZjppbnN0YW5jZUlEPSJ4bXAuaWlkOjQ4MTZDRTNCRDVBM0UxMTFBQTI2QTBCMjZENzg1Qzg5IiBzdFJlZjpkb2N1bWVudElEPSJ4bXAuZGlkOkJCNTQ2NThCMjJBM0UxMTFCQjlGOTlCRDhGRDlFQkVCIi8+IDwvcmRmOkRlc2NyaXB0aW9uPiA8L3JkZjpSREY+IDwveDp4bXBtZXRhPiA8P3hwYWNrZXQgZW5kPSJyIj8+xJ3YrgAAAYBJREFUeNpsUrtKA1EQPZtdY4gEQiD4QCsLEVGX4CP4AykEq1hYiGghCDZ+gBZWVtrZ+EAjaGOhfoAkNiaKhYWICilMEQNqoYjZ5O4d5+6ucQuLM3funDNzD7OrLe229YBwSKAEnyAP/pyIbL5fcz5rcNiLtuqJSEz3ickn5ruE/vFmJ9/LYjvAldGWqA7bJkgPtoAHQrS5G6NdiwhFWCoxHOCgKUL+iurkCBVawyamE8d4qmSZ51clBZUlh+RG14JzEsJNcaTNLVwWd1B6vXXqkmGoYNeVUPnW3JNr4+YarPoncvebEAKNekAlokaY6N/A1NA+SBgY6Eijtz2Fs5sVWNWawysorWNJsO+q9QWzaxLTYwfojA3isZzDfSnrWvTsNiyp7pOrZURC7ejrTDEpcVpY9ab+NSioLZEiapZA5nwBxZcC8g9HeK7ccYM7TDnwmoU2vx6/NIJaUjc0b0u8YvJNle5HdJvlhbI0Y31ThqsjTGr0/+8hOOQ5nfsRYACtHiy+FDd82wAAAABJRU5ErkJggg==) " "}
/*.successful.label a:before {content:url(data:image/png;base64,iVBORw0KGgoAAAANSUhEUgAAAAwAAAAMCAYAAABWdVznAAAAGXRFWHRTb2Z0d2FyZQBBZG9iZSBJbWFnZVJlYWR5ccllPAAAA2ZpVFh0WE1MOmNvbS5hZG9iZS54bXAAAAAAADw/eHBhY2tldCBiZWdpbj0i77u/IiBpZD0iVzVNME1wQ2VoaUh6cmVTek5UY3prYzlkIj8+IDx4OnhtcG1ldGEgeG1sbnM6eD0iYWRvYmU6bnM6bWV0YS8iIHg6eG1wdGs9IkFkb2JlIFhNUCBDb3JlIDUuMy1jMDExIDY2LjE0NTY2MSwgMjAxMi8wMi8wNi0xNDo1NjoyNyAgICAgICAgIj4gPHJkZjpSREYgeG1sbnM6cmRmPSJodHRwOi8vd3d3LnczLm9yZy8xOTk5LzAyLzIyLXJkZi1zeW50YXgtbnMjIj4gPHJkZjpEZXNjcmlwdGlvbiByZGY6YWJvdXQ9IiIgeG1sbnM6eG1wTU09Imh0dHA6Ly9ucy5hZG9iZS5jb20veGFwLzEuMC9tbS8iIHhtbG5zOnN0UmVmPSJodHRwOi8vbnMuYWRvYmUuY29tL3hhcC8xLjAvc1R5cGUvUmVzb3VyY2VSZWYjIiB4bWxuczp4bXA9Imh0dHA6Ly9ucy5hZG9iZS5jb20veGFwLzEuMC8iIHhtcE1NOk9yaWdpbmFsRG9jdW1lbnRJRD0ieG1wLmRpZDpCQjU0NjU4QjIyQTNFMTExQkI5Rjk5QkQ4RkQ5RUJFQiIgeG1wTU06RG9jdW1lbnRJRD0ieG1wLmRpZDpEMDVBNThBQUEzRDUxMUUxQjdCQkM2QUNBMTNBMDExNiIgeG1wTU06SW5zdGFuY2VJRD0ieG1wLmlpZDpEMDVBNThBOUEzRDUxMUUxQjdCQkM2QUNBMTNBMDExNiIgeG1wOkNyZWF0b3JUb29sPSJBZG9iZSBQaG90b3Nob3AgQ1M2IChXaW5kb3dzKSI+IDx4bXBNTTpEZXJpdmVkRnJvbSBzdFJlZjppbnN0YW5jZUlEPSJ4bXAuaWlkOjQ4MTZDRTNCRDVBM0UxMTFBQTI2QTBCMjZENzg1Qzg5IiBzdFJlZjpkb2N1bWVudElEPSJ4bXAuZGlkOkJCNTQ2NThCMjJBM0UxMTFCQjlGOTlCRDhGRDlFQkVCIi8+IDwvcmRmOkRlc2NyaXB0aW9uPiA8L3JkZjpSREY+IDwveDp4bXBtZXRhPiA8P3hwYWNrZXQgZW5kPSJyIj8+xJ3YrgAAAYBJREFUeNpsUrtKA1EQPZtdY4gEQiD4QCsLEVGX4CP4AykEq1hYiGghCDZ+gBZWVtrZ+EAjaGOhfoAkNiaKhYWICilMEQNqoYjZ5O4d5+6ucQuLM3funDNzD7OrLe229YBwSKAEnyAP/pyIbL5fcz5rcNiLtuqJSEz3ickn5ruE/vFmJ9/LYjvAldGWqA7bJkgPtoAHQrS5G6NdiwhFWCoxHOCgKUL+iurkCBVawyamE8d4qmSZ51clBZUlh+RG14JzEsJNcaTNLVwWd1B6vXXqkmGoYNeVUPnW3JNr4+YarPoncvebEAKNekAlokaY6N/A1NA+SBgY6Eijtz2Fs5sVWNWawysorWNJsO+q9QWzaxLTYwfojA3isZzDfSnrWvTsNiyp7pOrZURC7ejrTDEpcVpY9ab+NSioLZEiapZA5nwBxZcC8g9HeK7ccYM7TDnwmoU2vx6/NIJaUjc0b0u8YvJNle5HdJvlhbI0Y31ThqsjTGr0/+8hOOQ5nfsRYACtHiy+FDd82wAAAABJRU5ErkJggg==) " "}*/

.xspecResult { width: 90%; table-layout: fixed; }

.xspecResult td,
.xspecResult th { width: 50%; }

/*.xspecResult pre { 
  margin-left: 0; 
  padding: 0.5em; 
  overflow: auto; 
  border: 1px #999 dotted;
}*/

span.scenario-totals {float: right; width: 14.5%; text-align: left}

/* OXYGEN */
span.scenario-totals {float: right; width: 34.5%; text-align: right}

h2.failed {
    background-color: #FCC;
}

h1, h2 {
    width: 86%;
    margin-left: 3%;
    
    font-size:1.4em;
    font-weight:bold;
    text-align:left;
    margin-top:1.4em;
    margin-bottom:0.7em;
    color:#333333;
    background-color:inherit;
}

h1 {
    font-size:1.7em;
}

body &gt; h1:first-child:before {
    content:"XSLT UNIT ";
}

body &gt; h2:first-of-type {
    font-size:1.7em;
}

div &gt; table &gt; tbody &gt; tr &gt; th:first-child {
    font-weight:bold;
}

div &gt; h3 {
    font-weight:bold;
    margin-left: 3%;
}

div &gt; h4 {
    font-weight:normal;
    margin-left: 4%;
}

th.result { text-align: center; }
/* OXYGEN */


/* ------------------------------------------------------------------------ */
/*  DO NOT ALTER OR REMOVE COPYRIGHT NOTICES OR THIS COMMENT.               */
/*                                                                          */
/*  Copyright (c) 2008, 2010 Jeni Tennsion                                  */
/*                                                                          */
/*  The contents of this file are subject to the MIT License (see the URI   */
/*  http://www.opensource.org/licenses/mit-license.php for details).        */
/*                                                                          */
/*  Permission is hereby granted, free of charge, to any person obtaining   */
/*  a copy of this software and associated documentation files (the         */
/*  "Software"), to deal in the Software without restriction, including     */
/*  without limitation the rights to use, copy, modify, merge, publish,     */
/*  distribute, sublicense, and/or sell copies of the Software, and to      */
/*  permit persons to whom the Software is furnished to do so, subject to   */
/*  the following conditions:                                               */
/*                                                                          */
/*  The above copyright notice and this permission notice shall be          */
/*  included in all copies or substantial portions of the Software.         */
/*                                                                          */
/*  THE SOFTWARE IS PROVIDED "AS IS", WITHOUT WARRANTY OF ANY KIND,         */
/*  EXPRESS OR IMPLIED, INCLUDING BUT NOT LIMITED TO THE WARRANTIES OF      */
/*  MERCHANTABILITY, FITNESS FOR A PARTICULAR PURPOSE AND NONINFRINGEMENT.  */
/*  IN NO EVENT SHALL THE AUTHORS OR COPYRIGHT HOLDERS BE LIABLE FOR ANY    */
/*  CLAIM, DAMAGES OR OTHER LIABILITY, WHETHER IN AN ACTION OF CONTRACT,    */
/*  TORT OR OTHERWISE, ARISING FROM, OUT OF OR IN CONNECTION WITH THE       */
/*  SOFTWARE OR THE USE OR OTHER DEALINGS IN THE SOFTWARE.                  */
/* ------------------------------------------------------------------------ */

.nobr { white-space: nowrap; }
.scenario-label { text-indent: 0px; }
.context-label { text-indent: 10px; }
.test-label { text-indent: 20px; }
.pending-label { text-indent: 30px; }


        /**/</style>
    </head><body><h1>Test Report</h1><p>Script: <a>file:/home/jostein/xprocspec/src/test/xprocspec/tests/import-1.xprocspec</a></p><p>Tested: 2013-08-22T16:03:01.457+02:00</p><h2>Contents</h2><table><col/><col/><col/><col/><col/><col/><thead><tr><th/><th>passed:3</th><th>pending:0</th><th>failed:0</th><th>errors:0</th><th>total:3</th></tr></thead><tbody><tr><th><a>ex:identity</a></th><th>3</th><th>0</th><th>0</th><th>0</th><th>3</th></tr></tbody></table><div><h2>Calling: <a>ex:identity</a><span>passed:3 / pending:0 / failed:0 / errors:0 / total:3</span></h2><table><col/><col/><tbody><tr><th>identity</th><th>passed:1 / pending:0 / failed:0 / errors:0 / total:1</th></tr><tr><th>the results</th><th>passed:1 / pending:0 / failed:0 / errors:0 / total:1</th></tr><tr><td>the option 'option.required' should have the value 'import 1a'</td><td>Success</td></tr><tr><th>identity</th><th>passed:1 / pending:0 / failed:0 / errors:0 / total:1</th></tr><tr><th>the results</th><th>passed:1 / pending:0 / failed:0 / errors:0 / total:1</th></tr><tr><td>the option 'option.required' should have the value 'import 1b'</td><td>Success</td></tr><tr><th>identity</th><th>passed:1 / pending:0 / failed:0 / errors:0 / total:1</th></tr><tr><th>the results</th><th>passed:1 / pending:0 / failed:0 / errors:0 / total:1</th></tr><tr><td>the option 'option.required' should have the value 'import 1'</td><td>Success</td></tr></tbody></table></div><link/><script> </script><script>hljs.initHighlightingOnLoad();</script></body></html></x:document></x:output><x:output port="junit"><x:document xml:base="file:/home/jostein/xprocspec/src/main/resources/content/xml/xproc/report/report.xpl" type="inline"><testsuites><testsuite>
<properties>

<property/>

</properties>
<testcase><system-out>the option 'option.required' should have the value 'import 1a': SUCCESS</system-out>
<system-err/></testcase></testsuite><testsuite>
<properties>

<property/>

</properties>
<testcase><system-out>the option 'option.required' should have the value 'import 1b': SUCCESS</system-out>
<system-err/></testcase></testsuite><testsuite>
<properties>

<property/>

</properties>
<testcase><system-out>the option 'option.required' should have the value 'import 1': SUCCESS</system-out>
<system-err/></testcase></testsuite></testsuites></x:document></x:output><x:test-result contextref="context1" result="passed" test="/*/@tests='3'" label="there should be 3 tests" type="xpath">
                                                        <x:expected>/*/@tests='3'</x:expected>
                                                    </x:test-result></x:description><x:description xmlns:cx="http://xmlcalabash.com/ns/extensions" xmlns:c="http://www.w3.org/ns/xproc-step" xml:base="file:/home/jostein/xprocspec/src/test/xprocspec/test.xprocspec" test-base-uri="file:/home/jostein/xprocspec/src/test/xprocspec/test.xprocspec" script="file:/home/jostein/xprocspec/src/main/resources/content/xml/xproc/xprocspec.xpl" test-grammar="xprocspec" temp-dir="file:/tmp/xprocspec-20130822160259495/"><x:step-declaration><p:declare-step xmlns:p="http://www.w3.org/ns/xproc" xmlns:px="http://www.daisy.org/ns/xprocspec" xmlns:pxi="http://www.daisy.org/ns/xprocspec/xproc-internal/" xmlns:pkg="http://expath.org/ns/pkg" type="px:xprocspec" name="main" version="1.0" xpath-version="2.0" pkg:import-uri="http://www.daisy.org/ns/xprocspec/xprocspec.xpl" x:type="{http://www.daisy.org/ns/xprocspec}xprocspec"><p:input port="source" kind="document" sequence="false" primary="true"/><p:output port="result" kind="document" sequence="false" primary="false"><p:pipe port="result" step="report"/></p:output><p:output port="html" kind="document" sequence="false" primary="false"><p:pipe port="html" step="report"/></p:output><p:output port="junit" kind="document" sequence="false" primary="false"><p:pipe port="junit" step="report"/></p:output><p:option name="temp-dir" select="'file:/tmp/'"/></p:declare-step></x:step-declaration><x:scenario end-time="2013-08-22T14:03:02.423Z" label="the import element - one import with one import" start-time="2013-08-22T14:03:01.709Z"><x:call x:type="{http://www.daisy.org/ns/xprocspec}xprocspec" step="x:xprocspec"><x:option select="$temp-dir" name="temp-dir" value="file:/tmp/xprocspec-20130822160259495/"/><x:input port="source">
                    <x:document xml:base="file:/home/jostein/xprocspec/src/test/xprocspec/test.xprocspec" type="inline"><p:declare-step xmlns:p="http://www.w3.org/ns/xproc" xmlns:pxi="http://www.daisy.org/ns/xprocspec/xproc-internal/" name="main" type="pxi:load" version="1.0">

    <p:output port="result"/>

    <p:option name="href" required="true"/>
    <p:option name="method" select="'xml'"/>

    <p:import href="logging-library.xpl"/>

    <p:declare-step type="pxi:load-text">
        <p:output port="result"/>
        <p:option name="href"/>
        <p:identity>
            <p:input port="source">
                <p:inline>
                    <c:request method="GET" override-content-type="text/plain; charset=utf-8"/>
                </p:inline>
            </p:input>
        </p:identity>
        <p:add-attribute match="c:request" attribute-name="href">
            <p:with-option name="attribute-value" select="$href"/>
        </p:add-attribute>
        <p:http-request/>
    </p:declare-step>

    <p:declare-step type="pxi:load-binary">
        <p:output port="result"/>
        <p:option name="href"/>
        <p:identity>
            <p:input port="source">
                <p:inline>
                    <c:request method="GET" override-content-type="binary/octet-stream"/>
                </p:inline>
            </p:input>
        </p:identity>
        <p:add-attribute match="c:request" attribute-name="href">
            <p:with-option name="attribute-value" select="$href"/>
        </p:add-attribute>
        <p:http-request/>
    </p:declare-step>

    <pxi:message>
        <p:input port="source">
            <p:inline>
                <doc/>
            </p:inline>
        </p:input>
        <p:with-option name="message" select="concat('loading &#34;',$href,'&#34;')"/>
    </pxi:message>
    <p:sink/>

    <p:choose>
        <!--<!-\- Force HTML -\->
    <p:when test="$method='html'">
        <px:html-load>
            <p:with-option name="href" select="$href"/>
        </px:html-load>
    </p:when>-->

        <!-- XML -->
        <p:when test="$method='xml'">
            <p:try>
                <p:group>
                    <p:load>
                        <p:with-option name="href" select="$href"/>
                    </p:load>
                </p:group>
                <p:catch>
                    <pxi:message>
                        <p:input port="source">
                            <p:empty/>
                        </p:input>
                        <p:with-option name="message" select="concat('unable to load ',$href,' as XML')"/>
                    </pxi:message>
                </p:catch>
            </p:try>
        </p:when>

        <!-- text -->
        <p:when test="$method='text'">
            <pxi:load-text>
                <p:with-option name="href" select="$href"/>
            </pxi:load-text>
        </p:when>

        <!--<!-\- HTML -\->
                <p:when test="$media-type='text/html' or $media-type='application/xhtml+xml'">
                    <px:html-load>
                        <p:with-option name="href" select="$href"/>
                    </px:html-load>
                </p:when>-->

        <!-- default to 'binary' -->
        <p:otherwise>
            <pxi:load-binary>
                <p:with-option name="href" select="$href"/>
            </pxi:load-binary>
        </p:otherwise>
    </p:choose>

</p:declare-step></x:document>
                </x:input></x:call><x:context label="the junit output port" id="context2">
                <x:document xml:base="file:/home/jostein/xprocspec/src/main/resources/content/xml/xproc/report/report.xpl" type="inline"><testsuites tests="3" failures="0" time="0.584" errors="0" name="import2"><testsuite timestamp="2013-08-22T14:03:02.312Z" hostname="localhost" tests="1" errors="0" failures="0" skipped="0" id="d4720e1" name="identity" package="http://example.net/ns" time="0.01">
<properties>

<property name="option: option.required" value="import 2b"/>

</properties>
<testcase name="theOptionOptionRequiredShouldHaveTheValueImport2b" classname="identity" assertions="1" time="0" status="SUCCESS"><system-out>the option 'option.required' should have the value 'import 2b': SUCCESS</system-out>
<system-err/></testcase></testsuite><testsuite timestamp="2013-08-22T14:03:02.324Z" hostname="localhost" tests="1" errors="0" failures="0" skipped="0" id="d4726e1" name="identity" package="http://example.net/ns" time="0.01">
<properties>

<property name="option: option.required" value="import 2a"/>

</properties>
<testcase name="theOptionOptionRequiredShouldHaveTheValueImport2a" classname="identity" assertions="1" time="0" status="SUCCESS"><system-out>the option 'option.required' should have the value 'import 2a': SUCCESS</system-out>
<system-err/></testcase></testsuite><testsuite timestamp="2013-08-22T14:03:02.337Z" hostname="localhost" tests="1" errors="0" failures="0" skipped="0" id="d4731e1" name="identity" package="http://example.net/ns" time="0.01">
<properties>

<property name="option: option.required" value="import 2"/>

</properties>
<testcase name="theOptionOptionRequiredShouldHaveTheValueImport2" classname="identity" assertions="1" time="0" status="SUCCESS"><system-out>the option 'option.required' should have the value 'import 2': SUCCESS</system-out>
<system-err/></testcase></testsuite></testsuites></x:document>
            </x:context><x:expect label="there should be 3 tests" type="xpath" test="/*/@tests='3'" contextref="context2"/></x:scenario><x:output port="result"><x:document xml:base="file:/home/jostein/xprocspec/src/main/resources/content/xml/xproc/report/report.xpl" type="inline"><x:test-report><x:description><x:step-declaration><p:declare-step xmlns:p="http://www.w3.org/ns/xproc" xmlns:ex="http://example.net/ns"><p:input><p:inline>
            <source.document.primary.default/>
        </p:inline></p:input><p:input><p:inline>
            <source.document.secondary.sequence/>
        </p:inline></p:input><p:input><p:inline>
            <default>
                <default/>
                <default/>
            </default>
        </p:inline></p:input><p:input/><p:input/><p:output><p:pipe/></p:output><p:output><p:pipe/></p:output><p:output><p:pipe/></p:output><p:output><p:pipe/></p:output><p:output><p:pipe/></p:output><p:output><p:pipe/></p:output><p:option/><p:option/><p:option/></p:declare-step></x:step-declaration><x:scenario xmlns:e="http://example.net/ns"><x:call><x:option/></x:call><x:context>
            <x:document>
                <c:options xmlns:ex="http://example.net/ns">
                    
                    <c:option/>
                    <c:option/>
                </c:options>
            </x:document>
        </x:context><x:expect/></x:scenario><x:output><x:document>
            <source.document.primary.default xmlns:ex="http://example.net/ns"/>
        </x:document></x:output><x:output><x:document>
            <source.document.secondary.sequence xmlns:ex="http://example.net/ns"/>
        </x:document></x:output><x:output><x:document><default xmlns:ex="http://example.net/ns"/></x:document><x:document><default xmlns:ex="http://example.net/ns"/></x:document></x:output><x:output><x:document><c:param-set xmlns:ex="http://example.net/ns"/></x:document><x:document><c:param-set/></x:document></x:output><x:output><x:document><c:param-set/></x:document></x:output><x:output><x:document>
                <c:options xmlns:ex="http://example.net/ns">
                    
                    <c:option/>
                    <c:option/>
                </c:options>
            </x:document></x:output><x:test-result>
                                                        <x:expected>/*/*[@name='option.required']/@value='import 2b'</x:expected>
                                                    </x:test-result></x:description><x:description><x:step-declaration><p:declare-step xmlns:p="http://www.w3.org/ns/xproc" xmlns:ex="http://example.net/ns"><p:input><p:inline>
            <source.document.primary.default/>
        </p:inline></p:input><p:input><p:inline>
            <source.document.secondary.sequence/>
        </p:inline></p:input><p:input><p:inline>
            <default>
                <default/>
                <default/>
            </default>
        </p:inline></p:input><p:input/><p:input/><p:output><p:pipe/></p:output><p:output><p:pipe/></p:output><p:output><p:pipe/></p:output><p:output><p:pipe/></p:output><p:output><p:pipe/></p:output><p:output><p:pipe/></p:output><p:option/><p:option/><p:option/></p:declare-step></x:step-declaration><x:scenario xmlns:e="http://example.net/ns"><x:call><x:option/></x:call><x:context>
            <x:document>
                <c:options xmlns:ex="http://example.net/ns">
                    
                    <c:option/>
                    <c:option/>
                </c:options>
            </x:document>
        </x:context><x:expect/></x:scenario><x:output><x:document>
            <source.document.primary.default xmlns:ex="http://example.net/ns"/>
        </x:document></x:output><x:output><x:document>
            <source.document.secondary.sequence xmlns:ex="http://example.net/ns"/>
        </x:document></x:output><x:output><x:document><default xmlns:ex="http://example.net/ns"/></x:document><x:document><default xmlns:ex="http://example.net/ns"/></x:document></x:output><x:output><x:document><c:param-set xmlns:ex="http://example.net/ns"/></x:document><x:document><c:param-set/></x:document></x:output><x:output><x:document><c:param-set/></x:document></x:output><x:output><x:document>
                <c:options xmlns:ex="http://example.net/ns">
                    
                    <c:option/>
                    <c:option/>
                </c:options>
            </x:document></x:output><x:test-result>
                                                        <x:expected>/*/*[@name='option.required']/@value='import 2a'</x:expected>
                                                    </x:test-result></x:description><x:description><x:step-declaration><p:declare-step xmlns:p="http://www.w3.org/ns/xproc" xmlns:ex="http://example.net/ns"><p:input><p:inline>
            <source.document.primary.default/>
        </p:inline></p:input><p:input><p:inline>
            <source.document.secondary.sequence/>
        </p:inline></p:input><p:input><p:inline>
            <default>
                <default/>
                <default/>
            </default>
        </p:inline></p:input><p:input/><p:input/><p:output><p:pipe/></p:output><p:output><p:pipe/></p:output><p:output><p:pipe/></p:output><p:output><p:pipe/></p:output><p:output><p:pipe/></p:output><p:output><p:pipe/></p:output><p:option/><p:option/><p:option/></p:declare-step></x:step-declaration><x:scenario xmlns:e="http://example.net/ns"><x:call><x:option/></x:call><x:context>
            <x:document>
                <c:options xmlns:ex="http://example.net/ns">
                    
                    <c:option/>
                    <c:option/>
                </c:options>
            </x:document>
        </x:context><x:expect/></x:scenario><x:output><x:document>
            <source.document.primary.default xmlns:ex="http://example.net/ns"/>
        </x:document></x:output><x:output><x:document>
            <source.document.secondary.sequence xmlns:ex="http://example.net/ns"/>
        </x:document></x:output><x:output><x:document><default xmlns:ex="http://example.net/ns"/></x:document><x:document><default xmlns:ex="http://example.net/ns"/></x:document></x:output><x:output><x:document><c:param-set xmlns:ex="http://example.net/ns"/></x:document><x:document><c:param-set/></x:document></x:output><x:output><x:document><c:param-set/></x:document></x:output><x:output><x:document>
                <c:options xmlns:ex="http://example.net/ns">
                    
                    <c:option/>
                    <c:option/>
                </c:options>
            </x:document></x:output><x:test-result>
                                                        <x:expected>/*/*[@name='option.required']/@value='import 2'</x:expected>
                                                    </x:test-result></x:description></x:test-report></x:document></x:output><x:output port="html"><x:document xml:base="file:/home/jostein/xprocspec/src/main/resources/content/xml/xproc/report/report-template.xhtml" type="inline"><html xmlns="http://www.w3.org/1999/xhtml"><head><title>Test Report for file:/home/jostein/xprocspec/src/test/xprocspec/tests/import-2.xprocspec (passed:3 / pending:0 / failed:0 / errors:0 / total:3)</title>
        <meta/>
        <style>/**/
/****************************************************************************/
/*  File:       test-report.css                                             */
/*  Author:     Jeni Tennsion                                               */
/*  URI:        http://xspec.googlecode.com/                                */
/*  Tags:                                                                   */
/*    Copyright (c) 2008, 2010 Jeni Tennsion (see end of file.)             */
/* ------------------------------------------------------------------------ */


/* test */

/* box model */

body {
	margin-right: 1em;
	margin-left: 10%;
	}

h1 {
	padding: 0.3em 0.5em 0.3em 0.5em;
	position: relative;
	}

h2 {
	padding: 0.1em 0.5em 0.2em 0.5em;
	}

h3 {
	padding-left: 0.6em;
	}

h4 {
	padding-left: 0.8em;
	}

p, table {
	margin-left: 5%;
	}

dd ul, dd ol {
	margin-left: 0%;
	}

li ul, li ol {
	margin-left: 5%;
	}

dl, ul, ol, blockquote {
	margin-left: 10%;
	}

dt {
  padding-top: 3px;
  padding-bottom: 3px;
	clear: both;
	}

dd p {
	margin-left: -5px;
	margin-top: 5px;
	clear: both;
	}

p.link {
	margin-top: 4px;
	margin-bottom: 0px;
	clear: both;
	}

tr td, td p, li, li p {
	margin-left: 0%;
	}

td:nth-child(2) {
	padding-left: 5%;
	}

.link img, dt img {
	vertical-align: middle;
	position: relative;
	top: -5px;
	}

img {
	position: relative;
	}

#xml-link {
	position: absolute;
	left: 5px;
	top: 5px;
	width: 10%;
	margin-left: 0%;
	}

#link-up {
	position: absolute;
	left: 93%;
	right: 2em;
	top: 0.3em;
	}

#link-top {
	position: absolute;
	left: 89%;
	right: 4em;
	top: 0.3em;
	}
	
.popup {
	display: block;
	visibility: hidden;
	float: right;
	position: absolute;
	top: 5px;
	left: -200px;
	z-index: 1;
	padding: 0.3em;
	width: 220px;
	}

.note {
	position: relative;
	}

.post {
	margin-left: 5%;
	padding-top: 1em;
	}
	
.example, .sidebar {
  margin-left: 5%;
  margin-top: 1em;
  margin-bottom: 1em;
  }

/*pre {
	padding-left: 5%;
	margin-left: 5%;
	}*/

/*dd pre, li pre {
	padding-left: 5%;
	}*/

/* fonts */
/* Oxygen  */
body, table {
    font-family:arial, helvetica, sans-serif;
    font-size:12px;
}
/* Oxygen  */

/*body {
	font-family: Verdana, arial, sans-serif;
	font-size: small;
	}*/	

/*h1, h2, h3, h4, h5, h6 {
	font-family: 'trebuchet MS', arial, sans-serif;
	}*/

h1 {
	font-size: 173%;
	font-weight: bold;
	}

h2 {
	font-size: 144%;
	font-weight: normal;
	}

h3 {
	font-size: 120%;
	font-weight: normal;
	}

h4 {
  font-size: 100%;
  font-weight: bold;
}

dt {
	font-weight: bold;
	}

a:link, a:visited, a:active, a:hover {
	font-weight: bold;
	}

a.offsite:link, a.offsite:visited, a.offsite:active, a.offsite:hover {
	font-weight: normal;
	}

/* suppress the normal italics */
address {
	font-style: normal;
	}

div.example, .sidebar {
  font-family: Verdana, arial, sans-serif;
  font-size: 100%;
  }


.note, .link {
	font-family: Verdana, arial, sans-serif;
	/*font-size: 83%;*/
	}

/*.example, .string, .rtf, .code, pre, code {
	font-family: "Lucida Console", "Courier New", monospace;*/
  /*font-size: 83%;*/
/*	}*/

.boolean {
	font-style: italic;
	}

#colophon, #xml-link {
	font-size: 69%;
	}

.question, .title {
	font-weight: bold;
	}

/* colours */
body {
	background-color: white;
	color: black;
	border: 0px none black;
	}

/* this is to make Navigator fill the entire line */
h1, h2 {
	border: 1px solid white;
	width: auto;
	}

h1 {
	/*background: #606;*/
	/*color: #6F6;*/
	}

h2 {
	color: #606;
	/*background: #CFC;*/
	}

hr {
	color: #606;
	background: white;
	}

img, a:link img, a:visited img, a:hover img, a:active img, #link-up img, #link-top img {
	border: 0px none white;
	background: transparent;
	}

/* OXYGEN */
a, a:visited {
    color:rgb(0, 0, 150);
    background-color:inherit;
    font-weight: bold;
}
a:link, a:visited {
    text-decoration:none; 
}
a:hover {
    text-decoration:underline;
}

/* OXYGEN */

a.img:hover, a.img:active {
	background: transparent;
	}

#colophon, #xml-link, .note {
	color: #666;
	}

#colophon a:link, #colophon a:visited, #colophon a:hover,
#xml-link a:link, #xml-link a:visited, #xml-link a:hover,
.note a:link, .note a:visited, .note a:hover {
	color: #969;
	background: transparent;
	}

#colophon a:hover, #xml-link a:hover, .note a:hover {
	background: #CFC;
	color: #969;
	}

.popup {
	background: white;
	border: 1px solid #606;
	}

.post {
	border-top: 2px solid #606;
	}
	
.example {
  border-top: 2px solid #606;
  border-bottom: 2px solid #606;
  }
  
.sidebar {
  border-top: 2px solid #090;
  border-bottom: 2px solid #090;
  }
  
.rng {
  border-left: 2px solid #666;
  }

.same {
  background-color: rgb(206, 239, 174);
}

.diff {
  background-color: #FCC;
}

.whitespace {
	font-style: italic;
	color: #999;
	background: white;
}

.ignored {
  font-style: italic;
  color: #999;
  background: white;
}

.hit {
}

.missed {
  background-color: #A33;
  color: white;
}

/* text */
ol ol li {
	list-style: lower-alpha;
	}

th {
	text-align: left;
	}

td {
	vertical-align: top;
	}

h1 {
	text-transform: uppercase;
	}

h2, h3 {
	/*text-transform: capitalize;*/
	}

.question {
	text-indent: -33px;
	}

.byline {
	text-align: right;
	}

#link-top, #link-up {
	text-align: right;
	}

a {
	text-decoration: none;
	}

table { width: 85%;
        /* border: collapse; */ }

th { text-align: left; }

.xspec tbody th { font-weight: normal; /*font-size: 0.8em;*/ border-top: 1px #666 solid; }
.xspec tbody td { /*font-size: 0.8em;*/ color: #666; }

.successful.label th, .successful.label td { background-color: #CFC; }
.pending.label th, .pending.label td { background-color: #DDD; color: #666; }
.failed.label th, .failed.label td { background-color: #FCC; }
.error.label th, .error.label td { background-color: #FAA; }
/*body &gt; table tbody .failed.label th:first-child:before {content:url(data:image/png;base64,iVBORw0KGgoAAAANSUhEUgAAAAwAAAAMCAYAAABWdVznAAAAGXRFWHRTb2Z0d2FyZQBBZG9iZSBJbWFnZVJlYWR5ccllPAAAA2ZpVFh0WE1MOmNvbS5hZG9iZS54bXAAAAAAADw/eHBhY2tldCBiZWdpbj0i77u/IiBpZD0iVzVNME1wQ2VoaUh6cmVTek5UY3prYzlkIj8+IDx4OnhtcG1ldGEgeG1sbnM6eD0iYWRvYmU6bnM6bWV0YS8iIHg6eG1wdGs9IkFkb2JlIFhNUCBDb3JlIDUuMy1jMDExIDY2LjE0NTY2MSwgMjAxMi8wMi8wNi0xNDo1NjoyNyAgICAgICAgIj4gPHJkZjpSREYgeG1sbnM6cmRmPSJodHRwOi8vd3d3LnczLm9yZy8xOTk5LzAyLzIyLXJkZi1zeW50YXgtbnMjIj4gPHJkZjpEZXNjcmlwdGlvbiByZGY6YWJvdXQ9IiIgeG1sbnM6eG1wTU09Imh0dHA6Ly9ucy5hZG9iZS5jb20veGFwLzEuMC9tbS8iIHhtbG5zOnN0UmVmPSJodHRwOi8vbnMuYWRvYmUuY29tL3hhcC8xLjAvc1R5cGUvUmVzb3VyY2VSZWYjIiB4bWxuczp4bXA9Imh0dHA6Ly9ucy5hZG9iZS5jb20veGFwLzEuMC8iIHhtcE1NOk9yaWdpbmFsRG9jdW1lbnRJRD0ieG1wLmRpZDpCQjU0NjU4QjIyQTNFMTExQkI5Rjk5QkQ4RkQ5RUJFQiIgeG1wTU06RG9jdW1lbnRJRD0ieG1wLmRpZDpEQTUyOTdBQUEzRDUxMUUxQTQwN0YzMUI0Nzg3NDU1RSIgeG1wTU06SW5zdGFuY2VJRD0ieG1wLmlpZDpEQTUyOTdBOUEzRDUxMUUxQTQwN0YzMUI0Nzg3NDU1RSIgeG1wOkNyZWF0b3JUb29sPSJBZG9iZSBQaG90b3Nob3AgQ1M2IChXaW5kb3dzKSI+IDx4bXBNTTpEZXJpdmVkRnJvbSBzdFJlZjppbnN0YW5jZUlEPSJ4bXAuaWlkOjQ4MTZDRTNCRDVBM0UxMTFBQTI2QTBCMjZENzg1Qzg5IiBzdFJlZjpkb2N1bWVudElEPSJ4bXAuZGlkOkJCNTQ2NThCMjJBM0UxMTFCQjlGOTlCRDhGRDlFQkVCIi8+IDwvcmRmOkRlc2NyaXB0aW9uPiA8L3JkZjpSREY+IDwveDp4bXBtZXRhPiA8P3hwYWNrZXQgZW5kPSJyIj8+aHNJrgAAAZ1JREFUeNpsUssrRGEU/907985YMDPNYlh4hbKZPMdgR3aysrGSSFIeKyUKpewoRTYkmcgCf4MsMI2FPDYGKeUZSoru4/uc82VC+W7fOeee+zvn/M45V1uuyCmVwDogq0hDklD6jy1dspNkdxokVrIzPFUh0/MD5OdXoJDwPFtu3d2ns6TTp9oggTlFZlmN0o4AHMmXfJGo0lmGzoE1OgmNHf5YA8rmN5HfM6wADmUuHphA9cIW/JX1yiek9DIlyijxkNjBzXYche19gNcHzfShoLUdVxtLuD/cYzCoMAzCwqYrhMDx9Chs20JRWzf4nMcXcDI3pYAqQHIAtWUJbpKursMMhpA+RiAEGzpc4X5XkDB4GjaHmiZik/PIa2rBEWVlSuW9Q+T3YndskBi46QpQFcLltchtbEZyZhxna4uKhmV9Ito/gtPNOG4P99WItdlIWARNXWOAv6AEr9cplel7/ggUleDlMqUSvNnCobHKxDsNnqs8XaWUZopp/XhxTkOR+HDVOveYUge9rNLyY9SU9v+vwXuUB2R0fQkwABfn/VKSjTLBAAAAAElFTkSuQmCC) " "}*/
/*body &gt; table tbody .error.label th:first-child:before {content:url(data:image/png;base64,iVBORw0KGgoAAAANSUhEUgAAAAwAAAAMCAYAAABWdVznAAAABmJLR0QAAAAAAAD5Q7t/AAAACXBIWXMAAAsTAAALEwEAmpwYAAAAB3RJTUUH3QcKER4AdkxvvQAAAdVJREFUKM89kM9KG0EAh7/JTHazZInEQwJ68KIWLx6Etj6EjxAobYSsD+BjCJ682EOp0FMueYmS0FMICF4i6tFNzJ/dyRh2Znoo6Xf+Pn7wEzc3Nx/W6/UvY8xJnudkWYa1Fu893nviOCaKIhuG4R/v/Ve1Xq9/bG1tnezs7JDnOVpr3t/fcc4hpaRSqVCpVORqtTp9e3v7rrTWn5vNJpPJhHK5zHg8JssyvPeEYcjR0RFpmlKr1ZjP5x9Li8VCbOR2u83BwQEvLy88PT1xfHzMxcUFQgjSNCXLskDlec5sNuPx8REpJZ1Oh+fnZ4QQnJ+fc319Tb/fZ29vD601SmvNdDplsVhwe3vLaDTi6uoKgCRJGAwGNBoNXl9fMcZQcs5hjGG1WpHnObVajQ3VahWtNcYYjDE451Cb+7z3JElCkiScnZ0hpaTX67G7u0u328V7/y+oVqsIITg8PKTT6dBqtRgOhzjnaLVa3N3dcX9/z3K5JI5jxOXlpSuKQqRpirWWh4eH//Plcpn9/X2cc2xvb1MqlQqllBpYa0/jOGYymdBsNsmyDOccURRRFAX1eh2lFGEY/lZBEHyx1v703n8KgkBEUYSUEu/9RkIIUQRB0A/D8NtflUT+nn4OS+0AAAAASUVORK5CYII=) " "}*/
.failed.label th:first-child:before, .failed.label td:first-child:before {content:url(data:image/png;base64,iVBORw0KGgoAAAANSUhEUgAAAAwAAAAMCAYAAABWdVznAAAAGXRFWHRTb2Z0d2FyZQBBZG9iZSBJbWFnZVJlYWR5ccllPAAAA2ZpVFh0WE1MOmNvbS5hZG9iZS54bXAAAAAAADw/eHBhY2tldCBiZWdpbj0i77u/IiBpZD0iVzVNME1wQ2VoaUh6cmVTek5UY3prYzlkIj8+IDx4OnhtcG1ldGEgeG1sbnM6eD0iYWRvYmU6bnM6bWV0YS8iIHg6eG1wdGs9IkFkb2JlIFhNUCBDb3JlIDUuMy1jMDExIDY2LjE0NTY2MSwgMjAxMi8wMi8wNi0xNDo1NjoyNyAgICAgICAgIj4gPHJkZjpSREYgeG1sbnM6cmRmPSJodHRwOi8vd3d3LnczLm9yZy8xOTk5LzAyLzIyLXJkZi1zeW50YXgtbnMjIj4gPHJkZjpEZXNjcmlwdGlvbiByZGY6YWJvdXQ9IiIgeG1sbnM6eG1wTU09Imh0dHA6Ly9ucy5hZG9iZS5jb20veGFwLzEuMC9tbS8iIHhtbG5zOnN0UmVmPSJodHRwOi8vbnMuYWRvYmUuY29tL3hhcC8xLjAvc1R5cGUvUmVzb3VyY2VSZWYjIiB4bWxuczp4bXA9Imh0dHA6Ly9ucy5hZG9iZS5jb20veGFwLzEuMC8iIHhtcE1NOk9yaWdpbmFsRG9jdW1lbnRJRD0ieG1wLmRpZDpCQjU0NjU4QjIyQTNFMTExQkI5Rjk5QkQ4RkQ5RUJFQiIgeG1wTU06RG9jdW1lbnRJRD0ieG1wLmRpZDpEQTUyOTdBQUEzRDUxMUUxQTQwN0YzMUI0Nzg3NDU1RSIgeG1wTU06SW5zdGFuY2VJRD0ieG1wLmlpZDpEQTUyOTdBOUEzRDUxMUUxQTQwN0YzMUI0Nzg3NDU1RSIgeG1wOkNyZWF0b3JUb29sPSJBZG9iZSBQaG90b3Nob3AgQ1M2IChXaW5kb3dzKSI+IDx4bXBNTTpEZXJpdmVkRnJvbSBzdFJlZjppbnN0YW5jZUlEPSJ4bXAuaWlkOjQ4MTZDRTNCRDVBM0UxMTFBQTI2QTBCMjZENzg1Qzg5IiBzdFJlZjpkb2N1bWVudElEPSJ4bXAuZGlkOkJCNTQ2NThCMjJBM0UxMTFCQjlGOTlCRDhGRDlFQkVCIi8+IDwvcmRmOkRlc2NyaXB0aW9uPiA8L3JkZjpSREY+IDwveDp4bXBtZXRhPiA8P3hwYWNrZXQgZW5kPSJyIj8+aHNJrgAAAZ1JREFUeNpsUssrRGEU/907985YMDPNYlh4hbKZPMdgR3aysrGSSFIeKyUKpewoRTYkmcgCf4MsMI2FPDYGKeUZSoru4/uc82VC+W7fOeee+zvn/M45V1uuyCmVwDogq0hDklD6jy1dspNkdxokVrIzPFUh0/MD5OdXoJDwPFtu3d2ns6TTp9oggTlFZlmN0o4AHMmXfJGo0lmGzoE1OgmNHf5YA8rmN5HfM6wADmUuHphA9cIW/JX1yiek9DIlyijxkNjBzXYche19gNcHzfShoLUdVxtLuD/cYzCoMAzCwqYrhMDx9Chs20JRWzf4nMcXcDI3pYAqQHIAtWUJbpKursMMhpA+RiAEGzpc4X5XkDB4GjaHmiZik/PIa2rBEWVlSuW9Q+T3YndskBi46QpQFcLltchtbEZyZhxna4uKhmV9Ito/gtPNOG4P99WItdlIWARNXWOAv6AEr9cplel7/ggUleDlMqUSvNnCobHKxDsNnqs8XaWUZopp/XhxTkOR+HDVOveYUge9rNLyY9SU9v+vwXuUB2R0fQkwABfn/VKSjTLBAAAAAElFTkSuQmCC) " "}
.error.label th:first-child:before, .error.label td:first-child:before {content:url(data:image/png;base64,iVBORw0KGgoAAAANSUhEUgAAAAwAAAAMCAYAAABWdVznAAAABmJLR0QAAAAAAAD5Q7t/AAAACXBIWXMAAAsTAAALEwEAmpwYAAAAB3RJTUUH3QcKER4AdkxvvQAAAdVJREFUKM89kM9KG0EAh7/JTHazZInEQwJ68KIWLx6Etj6EjxAobYSsD+BjCJ682EOp0FMueYmS0FMICF4i6tFNzJ/dyRh2Znoo6Xf+Pn7wEzc3Nx/W6/UvY8xJnudkWYa1Fu893nviOCaKIhuG4R/v/Ve1Xq9/bG1tnezs7JDnOVpr3t/fcc4hpaRSqVCpVORqtTp9e3v7rrTWn5vNJpPJhHK5zHg8JssyvPeEYcjR0RFpmlKr1ZjP5x9Li8VCbOR2u83BwQEvLy88PT1xfHzMxcUFQgjSNCXLskDlec5sNuPx8REpJZ1Oh+fnZ4QQnJ+fc319Tb/fZ29vD601SmvNdDplsVhwe3vLaDTi6uoKgCRJGAwGNBoNXl9fMcZQcs5hjGG1WpHnObVajQ3VahWtNcYYjDE451Cb+7z3JElCkiScnZ0hpaTX67G7u0u328V7/y+oVqsIITg8PKTT6dBqtRgOhzjnaLVa3N3dcX9/z3K5JI5jxOXlpSuKQqRpirWWh4eH//Plcpn9/X2cc2xvb1MqlQqllBpYa0/jOGYymdBsNsmyDOccURRRFAX1eh2lFGEY/lZBEHyx1v703n8KgkBEUYSUEu/9RkIIUQRB0A/D8NtflUT+nn4OS+0AAAAASUVORK5CYII=) " "}
.pending.label th:first-child:before, .pending.label td:first-child:before {content:url(data:image/png;base64,iVBORw0KGgoAAAANSUhEUgAAAAwAAAAMCAYAAABWdVznAAAAGXRFWHRTb2Z0d2FyZQBBZG9iZSBJbWFnZVJlYWR5ccllPAAAA2ZpVFh0WE1MOmNvbS5hZG9iZS54bXAAAAAAADw/eHBhY2tldCBiZWdpbj0i77u/IiBpZD0iVzVNME1wQ2VoaUh6cmVTek5UY3prYzlkIj8+IDx4OnhtcG1ldGEgeG1sbnM6eD0iYWRvYmU6bnM6bWV0YS8iIHg6eG1wdGs9IkFkb2JlIFhNUCBDb3JlIDUuMy1jMDExIDY2LjE0NTY2MSwgMjAxMi8wMi8wNi0xNDo1NjoyNyAgICAgICAgIj4gPHJkZjpSREYgeG1sbnM6cmRmPSJodHRwOi8vd3d3LnczLm9yZy8xOTk5LzAyLzIyLXJkZi1zeW50YXgtbnMjIj4gPHJkZjpEZXNjcmlwdGlvbiByZGY6YWJvdXQ9IiIgeG1sbnM6eG1wTU09Imh0dHA6Ly9ucy5hZG9iZS5jb20veGFwLzEuMC9tbS8iIHhtbG5zOnN0UmVmPSJodHRwOi8vbnMuYWRvYmUuY29tL3hhcC8xLjAvc1R5cGUvUmVzb3VyY2VSZWYjIiB4bWxuczp4bXA9Imh0dHA6Ly9ucy5hZG9iZS5jb20veGFwLzEuMC8iIHhtcE1NOk9yaWdpbmFsRG9jdW1lbnRJRD0ieG1wLmRpZDpCQjU0NjU4QjIyQTNFMTExQkI5Rjk5QkQ4RkQ5RUJFQiIgeG1wTU06RG9jdW1lbnRJRD0ieG1wLmRpZDpDODdDM0Y0QUEzRDUxMUUxQjk5N0MzQjVFRDMyQUE1MiIgeG1wTU06SW5zdGFuY2VJRD0ieG1wLmlpZDpDODdDM0Y0OUEzRDUxMUUxQjk5N0MzQjVFRDMyQUE1MiIgeG1wOkNyZWF0b3JUb29sPSJBZG9iZSBQaG90b3Nob3AgQ1M2IChXaW5kb3dzKSI+IDx4bXBNTTpEZXJpdmVkRnJvbSBzdFJlZjppbnN0YW5jZUlEPSJ4bXAuaWlkOjQ4MTZDRTNCRDVBM0UxMTFBQTI2QTBCMjZENzg1Qzg5IiBzdFJlZjpkb2N1bWVudElEPSJ4bXAuZGlkOkJCNTQ2NThCMjJBM0UxMTFCQjlGOTlCRDhGRDlFQkVCIi8+IDwvcmRmOkRlc2NyaXB0aW9uPiA8L3JkZjpSREY+IDwveDp4bXBtZXRhPiA8P3hwYWNrZXQgZW5kPSJyIj8+yj6RYgAAAPZJREFUeNp0kM8KgkAQxmc1E0Wfo3vQn5eRSDx4EUHwbTpEhx4lil7DiydBQUFXp5nAMNsGhpnd/X77za4Iw3CFiFcAWFMFDkXtKZ/UHhfUnB3HWdu2/REpAL2u631ZlicGdpZlwTAMSmBM0zS5bhgQLB5FU3AOUS4XvNn3vVKgAACCIMA0TbFpGsyyDJMkefdFUWAcx1hVFeZ5jlEUoed5qPEI7KDrOhiG8e6llNC27Zcz77FW+L6Pruv+WKtGIzfgR39umv/UHOJgAMlO/BPOXCQDD5p3r2ma8lvHNU9BcWPg0HXdhRZbOhRT8aSXVO9U/ZcAAwAsmjsSQcM0lwAAAABJRU5ErkJggg==) " ";}
.successful.label th:first-child:before, .successful.label td:first-child:before {content:url(data:image/png;base64,iVBORw0KGgoAAAANSUhEUgAAAAwAAAAMCAYAAABWdVznAAAAGXRFWHRTb2Z0d2FyZQBBZG9iZSBJbWFnZVJlYWR5ccllPAAAA2ZpVFh0WE1MOmNvbS5hZG9iZS54bXAAAAAAADw/eHBhY2tldCBiZWdpbj0i77u/IiBpZD0iVzVNME1wQ2VoaUh6cmVTek5UY3prYzlkIj8+IDx4OnhtcG1ldGEgeG1sbnM6eD0iYWRvYmU6bnM6bWV0YS8iIHg6eG1wdGs9IkFkb2JlIFhNUCBDb3JlIDUuMy1jMDExIDY2LjE0NTY2MSwgMjAxMi8wMi8wNi0xNDo1NjoyNyAgICAgICAgIj4gPHJkZjpSREYgeG1sbnM6cmRmPSJodHRwOi8vd3d3LnczLm9yZy8xOTk5LzAyLzIyLXJkZi1zeW50YXgtbnMjIj4gPHJkZjpEZXNjcmlwdGlvbiByZGY6YWJvdXQ9IiIgeG1sbnM6eG1wTU09Imh0dHA6Ly9ucy5hZG9iZS5jb20veGFwLzEuMC9tbS8iIHhtbG5zOnN0UmVmPSJodHRwOi8vbnMuYWRvYmUuY29tL3hhcC8xLjAvc1R5cGUvUmVzb3VyY2VSZWYjIiB4bWxuczp4bXA9Imh0dHA6Ly9ucy5hZG9iZS5jb20veGFwLzEuMC8iIHhtcE1NOk9yaWdpbmFsRG9jdW1lbnRJRD0ieG1wLmRpZDpCQjU0NjU4QjIyQTNFMTExQkI5Rjk5QkQ4RkQ5RUJFQiIgeG1wTU06RG9jdW1lbnRJRD0ieG1wLmRpZDpEMDVBNThBQUEzRDUxMUUxQjdCQkM2QUNBMTNBMDExNiIgeG1wTU06SW5zdGFuY2VJRD0ieG1wLmlpZDpEMDVBNThBOUEzRDUxMUUxQjdCQkM2QUNBMTNBMDExNiIgeG1wOkNyZWF0b3JUb29sPSJBZG9iZSBQaG90b3Nob3AgQ1M2IChXaW5kb3dzKSI+IDx4bXBNTTpEZXJpdmVkRnJvbSBzdFJlZjppbnN0YW5jZUlEPSJ4bXAuaWlkOjQ4MTZDRTNCRDVBM0UxMTFBQTI2QTBCMjZENzg1Qzg5IiBzdFJlZjpkb2N1bWVudElEPSJ4bXAuZGlkOkJCNTQ2NThCMjJBM0UxMTFCQjlGOTlCRDhGRDlFQkVCIi8+IDwvcmRmOkRlc2NyaXB0aW9uPiA8L3JkZjpSREY+IDwveDp4bXBtZXRhPiA8P3hwYWNrZXQgZW5kPSJyIj8+xJ3YrgAAAYBJREFUeNpsUrtKA1EQPZtdY4gEQiD4QCsLEVGX4CP4AykEq1hYiGghCDZ+gBZWVtrZ+EAjaGOhfoAkNiaKhYWICilMEQNqoYjZ5O4d5+6ucQuLM3funDNzD7OrLe229YBwSKAEnyAP/pyIbL5fcz5rcNiLtuqJSEz3ickn5ruE/vFmJ9/LYjvAldGWqA7bJkgPtoAHQrS5G6NdiwhFWCoxHOCgKUL+iurkCBVawyamE8d4qmSZ51clBZUlh+RG14JzEsJNcaTNLVwWd1B6vXXqkmGoYNeVUPnW3JNr4+YarPoncvebEAKNekAlokaY6N/A1NA+SBgY6Eijtz2Fs5sVWNWawysorWNJsO+q9QWzaxLTYwfojA3isZzDfSnrWvTsNiyp7pOrZURC7ejrTDEpcVpY9ab+NSioLZEiapZA5nwBxZcC8g9HeK7ccYM7TDnwmoU2vx6/NIJaUjc0b0u8YvJNle5HdJvlhbI0Y31ThqsjTGr0/+8hOOQ5nfsRYACtHiy+FDd82wAAAABJRU5ErkJggg==) " "}
/*.successful.label a:before {content:url(data:image/png;base64,iVBORw0KGgoAAAANSUhEUgAAAAwAAAAMCAYAAABWdVznAAAAGXRFWHRTb2Z0d2FyZQBBZG9iZSBJbWFnZVJlYWR5ccllPAAAA2ZpVFh0WE1MOmNvbS5hZG9iZS54bXAAAAAAADw/eHBhY2tldCBiZWdpbj0i77u/IiBpZD0iVzVNME1wQ2VoaUh6cmVTek5UY3prYzlkIj8+IDx4OnhtcG1ldGEgeG1sbnM6eD0iYWRvYmU6bnM6bWV0YS8iIHg6eG1wdGs9IkFkb2JlIFhNUCBDb3JlIDUuMy1jMDExIDY2LjE0NTY2MSwgMjAxMi8wMi8wNi0xNDo1NjoyNyAgICAgICAgIj4gPHJkZjpSREYgeG1sbnM6cmRmPSJodHRwOi8vd3d3LnczLm9yZy8xOTk5LzAyLzIyLXJkZi1zeW50YXgtbnMjIj4gPHJkZjpEZXNjcmlwdGlvbiByZGY6YWJvdXQ9IiIgeG1sbnM6eG1wTU09Imh0dHA6Ly9ucy5hZG9iZS5jb20veGFwLzEuMC9tbS8iIHhtbG5zOnN0UmVmPSJodHRwOi8vbnMuYWRvYmUuY29tL3hhcC8xLjAvc1R5cGUvUmVzb3VyY2VSZWYjIiB4bWxuczp4bXA9Imh0dHA6Ly9ucy5hZG9iZS5jb20veGFwLzEuMC8iIHhtcE1NOk9yaWdpbmFsRG9jdW1lbnRJRD0ieG1wLmRpZDpCQjU0NjU4QjIyQTNFMTExQkI5Rjk5QkQ4RkQ5RUJFQiIgeG1wTU06RG9jdW1lbnRJRD0ieG1wLmRpZDpEMDVBNThBQUEzRDUxMUUxQjdCQkM2QUNBMTNBMDExNiIgeG1wTU06SW5zdGFuY2VJRD0ieG1wLmlpZDpEMDVBNThBOUEzRDUxMUUxQjdCQkM2QUNBMTNBMDExNiIgeG1wOkNyZWF0b3JUb29sPSJBZG9iZSBQaG90b3Nob3AgQ1M2IChXaW5kb3dzKSI+IDx4bXBNTTpEZXJpdmVkRnJvbSBzdFJlZjppbnN0YW5jZUlEPSJ4bXAuaWlkOjQ4MTZDRTNCRDVBM0UxMTFBQTI2QTBCMjZENzg1Qzg5IiBzdFJlZjpkb2N1bWVudElEPSJ4bXAuZGlkOkJCNTQ2NThCMjJBM0UxMTFCQjlGOTlCRDhGRDlFQkVCIi8+IDwvcmRmOkRlc2NyaXB0aW9uPiA8L3JkZjpSREY+IDwveDp4bXBtZXRhPiA8P3hwYWNrZXQgZW5kPSJyIj8+xJ3YrgAAAYBJREFUeNpsUrtKA1EQPZtdY4gEQiD4QCsLEVGX4CP4AykEq1hYiGghCDZ+gBZWVtrZ+EAjaGOhfoAkNiaKhYWICilMEQNqoYjZ5O4d5+6ucQuLM3funDNzD7OrLe229YBwSKAEnyAP/pyIbL5fcz5rcNiLtuqJSEz3ickn5ruE/vFmJ9/LYjvAldGWqA7bJkgPtoAHQrS5G6NdiwhFWCoxHOCgKUL+iurkCBVawyamE8d4qmSZ51clBZUlh+RG14JzEsJNcaTNLVwWd1B6vXXqkmGoYNeVUPnW3JNr4+YarPoncvebEAKNekAlokaY6N/A1NA+SBgY6Eijtz2Fs5sVWNWawysorWNJsO+q9QWzaxLTYwfojA3isZzDfSnrWvTsNiyp7pOrZURC7ejrTDEpcVpY9ab+NSioLZEiapZA5nwBxZcC8g9HeK7ccYM7TDnwmoU2vx6/NIJaUjc0b0u8YvJNle5HdJvlhbI0Y31ThqsjTGr0/+8hOOQ5nfsRYACtHiy+FDd82wAAAABJRU5ErkJggg==) " "}*/

.xspecResult { width: 90%; table-layout: fixed; }

.xspecResult td,
.xspecResult th { width: 50%; }

/*.xspecResult pre { 
  margin-left: 0; 
  padding: 0.5em; 
  overflow: auto; 
  border: 1px #999 dotted;
}*/

span.scenario-totals {float: right; width: 14.5%; text-align: left}

/* OXYGEN */
span.scenario-totals {float: right; width: 34.5%; text-align: right}

h2.failed {
    background-color: #FCC;
}

h1, h2 {
    width: 86%;
    margin-left: 3%;
    
    font-size:1.4em;
    font-weight:bold;
    text-align:left;
    margin-top:1.4em;
    margin-bottom:0.7em;
    color:#333333;
    background-color:inherit;
}

h1 {
    font-size:1.7em;
}

body &gt; h1:first-child:before {
    content:"XSLT UNIT ";
}

body &gt; h2:first-of-type {
    font-size:1.7em;
}

div &gt; table &gt; tbody &gt; tr &gt; th:first-child {
    font-weight:bold;
}

div &gt; h3 {
    font-weight:bold;
    margin-left: 3%;
}

div &gt; h4 {
    font-weight:normal;
    margin-left: 4%;
}

th.result { text-align: center; }
/* OXYGEN */


/* ------------------------------------------------------------------------ */
/*  DO NOT ALTER OR REMOVE COPYRIGHT NOTICES OR THIS COMMENT.               */
/*                                                                          */
/*  Copyright (c) 2008, 2010 Jeni Tennsion                                  */
/*                                                                          */
/*  The contents of this file are subject to the MIT License (see the URI   */
/*  http://www.opensource.org/licenses/mit-license.php for details).        */
/*                                                                          */
/*  Permission is hereby granted, free of charge, to any person obtaining   */
/*  a copy of this software and associated documentation files (the         */
/*  "Software"), to deal in the Software without restriction, including     */
/*  without limitation the rights to use, copy, modify, merge, publish,     */
/*  distribute, sublicense, and/or sell copies of the Software, and to      */
/*  permit persons to whom the Software is furnished to do so, subject to   */
/*  the following conditions:                                               */
/*                                                                          */
/*  The above copyright notice and this permission notice shall be          */
/*  included in all copies or substantial portions of the Software.         */
/*                                                                          */
/*  THE SOFTWARE IS PROVIDED "AS IS", WITHOUT WARRANTY OF ANY KIND,         */
/*  EXPRESS OR IMPLIED, INCLUDING BUT NOT LIMITED TO THE WARRANTIES OF      */
/*  MERCHANTABILITY, FITNESS FOR A PARTICULAR PURPOSE AND NONINFRINGEMENT.  */
/*  IN NO EVENT SHALL THE AUTHORS OR COPYRIGHT HOLDERS BE LIABLE FOR ANY    */
/*  CLAIM, DAMAGES OR OTHER LIABILITY, WHETHER IN AN ACTION OF CONTRACT,    */
/*  TORT OR OTHERWISE, ARISING FROM, OUT OF OR IN CONNECTION WITH THE       */
/*  SOFTWARE OR THE USE OR OTHER DEALINGS IN THE SOFTWARE.                  */
/* ------------------------------------------------------------------------ */

.nobr { white-space: nowrap; }
.scenario-label { text-indent: 0px; }
.context-label { text-indent: 10px; }
.test-label { text-indent: 20px; }
.pending-label { text-indent: 30px; }


        /**/</style>
    </head><body><h1>Test Report</h1><p>Script: <a>file:/home/jostein/xprocspec/src/test/xprocspec/tests/import-2.xprocspec</a></p><p>Tested: 2013-08-22T16:03:02.394+02:00</p><h2>Contents</h2><table><col/><col/><col/><col/><col/><col/><thead><tr><th/><th>passed:3</th><th>pending:0</th><th>failed:0</th><th>errors:0</th><th>total:3</th></tr></thead><tbody><tr><th><a>ex:identity</a></th><th>3</th><th>0</th><th>0</th><th>0</th><th>3</th></tr></tbody></table><div><h2>Calling: <a>ex:identity</a><span>passed:3 / pending:0 / failed:0 / errors:0 / total:3</span></h2><table><col/><col/><tbody><tr><th>identity</th><th>passed:1 / pending:0 / failed:0 / errors:0 / total:1</th></tr><tr><th>the results</th><th>passed:1 / pending:0 / failed:0 / errors:0 / total:1</th></tr><tr><td>the option 'option.required' should have the value 'import 2b'</td><td>Success</td></tr><tr><th>identity</th><th>passed:1 / pending:0 / failed:0 / errors:0 / total:1</th></tr><tr><th>the results</th><th>passed:1 / pending:0 / failed:0 / errors:0 / total:1</th></tr><tr><td>the option 'option.required' should have the value 'import 2a'</td><td>Success</td></tr><tr><th>identity</th><th>passed:1 / pending:0 / failed:0 / errors:0 / total:1</th></tr><tr><th>the results</th><th>passed:1 / pending:0 / failed:0 / errors:0 / total:1</th></tr><tr><td>the option 'option.required' should have the value 'import 2'</td><td>Success</td></tr></tbody></table></div><link/><script> </script><script>hljs.initHighlightingOnLoad();</script></body></html></x:document></x:output><x:output port="junit"><x:document xml:base="file:/home/jostein/xprocspec/src/main/resources/content/xml/xproc/report/report.xpl" type="inline"><testsuites><testsuite>
<properties>

<property/>

</properties>
<testcase><system-out>the option 'option.required' should have the value 'import 2b': SUCCESS</system-out>
<system-err/></testcase></testsuite><testsuite>
<properties>

<property/>

</properties>
<testcase><system-out>the option 'option.required' should have the value 'import 2a': SUCCESS</system-out>
<system-err/></testcase></testsuite><testsuite>
<properties>

<property/>

</properties>
<testcase><system-out>the option 'option.required' should have the value 'import 2': SUCCESS</system-out>
<system-err/></testcase></testsuite></testsuites></x:document></x:output><x:test-result contextref="context2" result="passed" test="/*/@tests='3'" label="there should be 3 tests" type="xpath">
                                                        <x:expected>/*/@tests='3'</x:expected>
                                                    </x:test-result></x:description><x:description xmlns:cx="http://xmlcalabash.com/ns/extensions" xmlns:c="http://www.w3.org/ns/xproc-step" xml:base="file:/home/jostein/xprocspec/src/test/xprocspec/test.xprocspec" test-base-uri="file:/home/jostein/xprocspec/src/test/xprocspec/test.xprocspec" script="file:/home/jostein/xprocspec/src/main/resources/content/xml/xproc/xprocspec.xpl" test-grammar="xprocspec" temp-dir="file:/tmp/xprocspec-20130822160259495/"><x:step-declaration><p:declare-step xmlns:p="http://www.w3.org/ns/xproc" xmlns:px="http://www.daisy.org/ns/xprocspec" xmlns:pxi="http://www.daisy.org/ns/xprocspec/xproc-internal/" xmlns:pkg="http://expath.org/ns/pkg" type="px:xprocspec" name="main" version="1.0" xpath-version="2.0" pkg:import-uri="http://www.daisy.org/ns/xprocspec/xprocspec.xpl" x:type="{http://www.daisy.org/ns/xprocspec}xprocspec"><p:input port="source" kind="document" sequence="false" primary="true"/><p:output port="result" kind="document" sequence="false" primary="false"><p:pipe port="result" step="report"/></p:output><p:output port="html" kind="document" sequence="false" primary="false"><p:pipe port="html" step="report"/></p:output><p:output port="junit" kind="document" sequence="false" primary="false"><p:pipe port="junit" step="report"/></p:output><p:option name="temp-dir" select="'file:/tmp/'"/></p:declare-step></x:step-declaration><x:scenario end-time="2013-08-22T14:03:03.171Z" label="the import element - circular imports" start-time="2013-08-22T14:03:02.685Z"><x:call x:type="{http://www.daisy.org/ns/xprocspec}xprocspec" step="x:xprocspec"><x:option select="$temp-dir" name="temp-dir" value="file:/tmp/xprocspec-20130822160259495/"/><x:input port="source">
                    <x:document xml:base="file:/home/jostein/xprocspec/src/test/xprocspec/test.xprocspec" type="inline"><p:declare-step xmlns:p="http://www.w3.org/ns/xproc" xmlns:pxi="http://www.daisy.org/ns/xprocspec/xproc-internal/" name="main" type="pxi:load" version="1.0">

    <p:output port="result"/>

    <p:option name="href" required="true"/>
    <p:option name="method" select="'xml'"/>

    <p:import href="logging-library.xpl"/>

    <p:declare-step type="pxi:load-text">
        <p:output port="result"/>
        <p:option name="href"/>
        <p:identity>
            <p:input port="source">
                <p:inline>
                    <c:request method="GET" override-content-type="text/plain; charset=utf-8"/>
                </p:inline>
            </p:input>
        </p:identity>
        <p:add-attribute match="c:request" attribute-name="href">
            <p:with-option name="attribute-value" select="$href"/>
        </p:add-attribute>
        <p:http-request/>
    </p:declare-step>

    <p:declare-step type="pxi:load-binary">
        <p:output port="result"/>
        <p:option name="href"/>
        <p:identity>
            <p:input port="source">
                <p:inline>
                    <c:request method="GET" override-content-type="binary/octet-stream"/>
                </p:inline>
            </p:input>
        </p:identity>
        <p:add-attribute match="c:request" attribute-name="href">
            <p:with-option name="attribute-value" select="$href"/>
        </p:add-attribute>
        <p:http-request/>
    </p:declare-step>

    <pxi:message>
        <p:input port="source">
            <p:inline>
                <doc/>
            </p:inline>
        </p:input>
        <p:with-option name="message" select="concat('loading &#34;',$href,'&#34;')"/>
    </pxi:message>
    <p:sink/>

    <p:choose>
        <!--<!-\- Force HTML -\->
    <p:when test="$method='html'">
        <px:html-load>
            <p:with-option name="href" select="$href"/>
        </px:html-load>
    </p:when>-->

        <!-- XML -->
        <p:when test="$method='xml'">
            <p:try>
                <p:group>
                    <p:load>
                        <p:with-option name="href" select="$href"/>
                    </p:load>
                </p:group>
                <p:catch>
                    <pxi:message>
                        <p:input port="source">
                            <p:empty/>
                        </p:input>
                        <p:with-option name="message" select="concat('unable to load ',$href,' as XML')"/>
                    </pxi:message>
                </p:catch>
            </p:try>
        </p:when>

        <!-- text -->
        <p:when test="$method='text'">
            <pxi:load-text>
                <p:with-option name="href" select="$href"/>
            </pxi:load-text>
        </p:when>

        <!--<!-\- HTML -\->
                <p:when test="$media-type='text/html' or $media-type='application/xhtml+xml'">
                    <px:html-load>
                        <p:with-option name="href" select="$href"/>
                    </px:html-load>
                </p:when>-->

        <!-- default to 'binary' -->
        <p:otherwise>
            <pxi:load-binary>
                <p:with-option name="href" select="$href"/>
            </pxi:load-binary>
        </p:otherwise>
    </p:choose>

</p:declare-step></x:document>
                </x:input></x:call><x:context label="the junit output port" id="context3">
                <x:document xml:base="file:/home/jostein/xprocspec/src/main/resources/content/xml/xproc/report/report.xpl" type="inline"><testsuites tests="2" failures="0" time="0.394" errors="0" name="import3"><testsuite timestamp="2013-08-22T14:03:03.095Z" hostname="localhost" tests="1" errors="0" failures="0" skipped="0" id="d5768e1" name="identity" package="http://example.net/ns" time="0.01">
<properties>

<property name="option: option.required" value="import 3a"/>

</properties>
<testcase name="theOptionOptionRequiredShouldHaveTheValueImport3a" classname="identity" assertions="1" time="0" status="SUCCESS"><system-out>the option 'option.required' should have the value 'import 3a': SUCCESS</system-out>
<system-err/></testcase></testsuite><testsuite timestamp="2013-08-22T14:03:03.106Z" hostname="localhost" tests="1" errors="0" failures="0" skipped="0" id="d5774e1" name="identity" package="http://example.net/ns" time="0.01">
<properties>

<property name="option: option.required" value="import 3"/>

</properties>
<testcase name="theOptionOptionRequiredShouldHaveTheValueImport3" classname="identity" assertions="1" time="0" status="SUCCESS"><system-out>the option 'option.required' should have the value 'import 3': SUCCESS</system-out>
<system-err/></testcase></testsuite></testsuites></x:document>
            </x:context><x:expect label="there should be 2 tests" type="xpath" test="/*/@tests='2'" contextref="context3"/></x:scenario><x:output port="result"><x:document xml:base="file:/home/jostein/xprocspec/src/main/resources/content/xml/xproc/report/report.xpl" type="inline"><x:test-report><x:description><x:step-declaration><p:declare-step xmlns:p="http://www.w3.org/ns/xproc" xmlns:ex="http://example.net/ns"><p:input><p:inline>
            <source.document.primary.default/>
        </p:inline></p:input><p:input><p:inline>
            <source.document.secondary.sequence/>
        </p:inline></p:input><p:input><p:inline>
            <default>
                <default/>
                <default/>
            </default>
        </p:inline></p:input><p:input/><p:input/><p:output><p:pipe/></p:output><p:output><p:pipe/></p:output><p:output><p:pipe/></p:output><p:output><p:pipe/></p:output><p:output><p:pipe/></p:output><p:output><p:pipe/></p:output><p:option/><p:option/><p:option/></p:declare-step></x:step-declaration><x:scenario xmlns:e="http://example.net/ns"><x:call><x:option/></x:call><x:context>
            <x:document>
                <c:options xmlns:ex="http://example.net/ns">
                    
                    <c:option/>
                    <c:option/>
                </c:options>
            </x:document>
        </x:context><x:expect/></x:scenario><x:output><x:document>
            <source.document.primary.default xmlns:ex="http://example.net/ns"/>
        </x:document></x:output><x:output><x:document>
            <source.document.secondary.sequence xmlns:ex="http://example.net/ns"/>
        </x:document></x:output><x:output><x:document><default xmlns:ex="http://example.net/ns"/></x:document><x:document><default xmlns:ex="http://example.net/ns"/></x:document></x:output><x:output><x:document><c:param-set xmlns:ex="http://example.net/ns"/></x:document><x:document><c:param-set/></x:document></x:output><x:output><x:document><c:param-set/></x:document></x:output><x:output><x:document>
                <c:options xmlns:ex="http://example.net/ns">
                    
                    <c:option/>
                    <c:option/>
                </c:options>
            </x:document></x:output><x:test-result>
                                                        <x:expected>/*/*[@name='option.required']/@value='import 3a'</x:expected>
                                                    </x:test-result></x:description><x:description><x:step-declaration><p:declare-step xmlns:p="http://www.w3.org/ns/xproc" xmlns:ex="http://example.net/ns"><p:input><p:inline>
            <source.document.primary.default/>
        </p:inline></p:input><p:input><p:inline>
            <source.document.secondary.sequence/>
        </p:inline></p:input><p:input><p:inline>
            <default>
                <default/>
                <default/>
            </default>
        </p:inline></p:input><p:input/><p:input/><p:output><p:pipe/></p:output><p:output><p:pipe/></p:output><p:output><p:pipe/></p:output><p:output><p:pipe/></p:output><p:output><p:pipe/></p:output><p:output><p:pipe/></p:output><p:option/><p:option/><p:option/></p:declare-step></x:step-declaration><x:scenario xmlns:e="http://example.net/ns"><x:call><x:option/></x:call><x:context>
            <x:document>
                <c:options xmlns:ex="http://example.net/ns">
                    
                    <c:option/>
                    <c:option/>
                </c:options>
            </x:document>
        </x:context><x:expect/></x:scenario><x:output><x:document>
            <source.document.primary.default xmlns:ex="http://example.net/ns"/>
        </x:document></x:output><x:output><x:document>
            <source.document.secondary.sequence xmlns:ex="http://example.net/ns"/>
        </x:document></x:output><x:output><x:document><default xmlns:ex="http://example.net/ns"/></x:document><x:document><default xmlns:ex="http://example.net/ns"/></x:document></x:output><x:output><x:document><c:param-set xmlns:ex="http://example.net/ns"/></x:document><x:document><c:param-set/></x:document></x:output><x:output><x:document><c:param-set/></x:document></x:output><x:output><x:document>
                <c:options xmlns:ex="http://example.net/ns">
                    
                    <c:option/>
                    <c:option/>
                </c:options>
            </x:document></x:output><x:test-result>
                                                        <x:expected>/*/*[@name='option.required']/@value='import 3'</x:expected>
                                                    </x:test-result></x:description></x:test-report></x:document></x:output><x:output port="html"><x:document xml:base="file:/home/jostein/xprocspec/src/main/resources/content/xml/xproc/report/report-template.xhtml" type="inline"><html xmlns="http://www.w3.org/1999/xhtml"><head><title>Test Report for file:/home/jostein/xprocspec/src/test/xprocspec/tests/import-3.xprocspec (passed:2 / pending:0 / failed:0 / errors:0 / total:2)</title>
        <meta/>
        <style>/**/
/****************************************************************************/
/*  File:       test-report.css                                             */
/*  Author:     Jeni Tennsion                                               */
/*  URI:        http://xspec.googlecode.com/                                */
/*  Tags:                                                                   */
/*    Copyright (c) 2008, 2010 Jeni Tennsion (see end of file.)             */
/* ------------------------------------------------------------------------ */


/* test */

/* box model */

body {
	margin-right: 1em;
	margin-left: 10%;
	}

h1 {
	padding: 0.3em 0.5em 0.3em 0.5em;
	position: relative;
	}

h2 {
	padding: 0.1em 0.5em 0.2em 0.5em;
	}

h3 {
	padding-left: 0.6em;
	}

h4 {
	padding-left: 0.8em;
	}

p, table {
	margin-left: 5%;
	}

dd ul, dd ol {
	margin-left: 0%;
	}

li ul, li ol {
	margin-left: 5%;
	}

dl, ul, ol, blockquote {
	margin-left: 10%;
	}

dt {
  padding-top: 3px;
  padding-bottom: 3px;
	clear: both;
	}

dd p {
	margin-left: -5px;
	margin-top: 5px;
	clear: both;
	}

p.link {
	margin-top: 4px;
	margin-bottom: 0px;
	clear: both;
	}

tr td, td p, li, li p {
	margin-left: 0%;
	}

td:nth-child(2) {
	padding-left: 5%;
	}

.link img, dt img {
	vertical-align: middle;
	position: relative;
	top: -5px;
	}

img {
	position: relative;
	}

#xml-link {
	position: absolute;
	left: 5px;
	top: 5px;
	width: 10%;
	margin-left: 0%;
	}

#link-up {
	position: absolute;
	left: 93%;
	right: 2em;
	top: 0.3em;
	}

#link-top {
	position: absolute;
	left: 89%;
	right: 4em;
	top: 0.3em;
	}
	
.popup {
	display: block;
	visibility: hidden;
	float: right;
	position: absolute;
	top: 5px;
	left: -200px;
	z-index: 1;
	padding: 0.3em;
	width: 220px;
	}

.note {
	position: relative;
	}

.post {
	margin-left: 5%;
	padding-top: 1em;
	}
	
.example, .sidebar {
  margin-left: 5%;
  margin-top: 1em;
  margin-bottom: 1em;
  }

/*pre {
	padding-left: 5%;
	margin-left: 5%;
	}*/

/*dd pre, li pre {
	padding-left: 5%;
	}*/

/* fonts */
/* Oxygen  */
body, table {
    font-family:arial, helvetica, sans-serif;
    font-size:12px;
}
/* Oxygen  */

/*body {
	font-family: Verdana, arial, sans-serif;
	font-size: small;
	}*/	

/*h1, h2, h3, h4, h5, h6 {
	font-family: 'trebuchet MS', arial, sans-serif;
	}*/

h1 {
	font-size: 173%;
	font-weight: bold;
	}

h2 {
	font-size: 144%;
	font-weight: normal;
	}

h3 {
	font-size: 120%;
	font-weight: normal;
	}

h4 {
  font-size: 100%;
  font-weight: bold;
}

dt {
	font-weight: bold;
	}

a:link, a:visited, a:active, a:hover {
	font-weight: bold;
	}

a.offsite:link, a.offsite:visited, a.offsite:active, a.offsite:hover {
	font-weight: normal;
	}

/* suppress the normal italics */
address {
	font-style: normal;
	}

div.example, .sidebar {
  font-family: Verdana, arial, sans-serif;
  font-size: 100%;
  }


.note, .link {
	font-family: Verdana, arial, sans-serif;
	/*font-size: 83%;*/
	}

/*.example, .string, .rtf, .code, pre, code {
	font-family: "Lucida Console", "Courier New", monospace;*/
  /*font-size: 83%;*/
/*	}*/

.boolean {
	font-style: italic;
	}

#colophon, #xml-link {
	font-size: 69%;
	}

.question, .title {
	font-weight: bold;
	}

/* colours */
body {
	background-color: white;
	color: black;
	border: 0px none black;
	}

/* this is to make Navigator fill the entire line */
h1, h2 {
	border: 1px solid white;
	width: auto;
	}

h1 {
	/*background: #606;*/
	/*color: #6F6;*/
	}

h2 {
	color: #606;
	/*background: #CFC;*/
	}

hr {
	color: #606;
	background: white;
	}

img, a:link img, a:visited img, a:hover img, a:active img, #link-up img, #link-top img {
	border: 0px none white;
	background: transparent;
	}

/* OXYGEN */
a, a:visited {
    color:rgb(0, 0, 150);
    background-color:inherit;
    font-weight: bold;
}
a:link, a:visited {
    text-decoration:none; 
}
a:hover {
    text-decoration:underline;
}

/* OXYGEN */

a.img:hover, a.img:active {
	background: transparent;
	}

#colophon, #xml-link, .note {
	color: #666;
	}

#colophon a:link, #colophon a:visited, #colophon a:hover,
#xml-link a:link, #xml-link a:visited, #xml-link a:hover,
.note a:link, .note a:visited, .note a:hover {
	color: #969;
	background: transparent;
	}

#colophon a:hover, #xml-link a:hover, .note a:hover {
	background: #CFC;
	color: #969;
	}

.popup {
	background: white;
	border: 1px solid #606;
	}

.post {
	border-top: 2px solid #606;
	}
	
.example {
  border-top: 2px solid #606;
  border-bottom: 2px solid #606;
  }
  
.sidebar {
  border-top: 2px solid #090;
  border-bottom: 2px solid #090;
  }
  
.rng {
  border-left: 2px solid #666;
  }

.same {
  background-color: rgb(206, 239, 174);
}

.diff {
  background-color: #FCC;
}

.whitespace {
	font-style: italic;
	color: #999;
	background: white;
}

.ignored {
  font-style: italic;
  color: #999;
  background: white;
}

.hit {
}

.missed {
  background-color: #A33;
  color: white;
}

/* text */
ol ol li {
	list-style: lower-alpha;
	}

th {
	text-align: left;
	}

td {
	vertical-align: top;
	}

h1 {
	text-transform: uppercase;
	}

h2, h3 {
	/*text-transform: capitalize;*/
	}

.question {
	text-indent: -33px;
	}

.byline {
	text-align: right;
	}

#link-top, #link-up {
	text-align: right;
	}

a {
	text-decoration: none;
	}

table { width: 85%;
        /* border: collapse; */ }

th { text-align: left; }

.xspec tbody th { font-weight: normal; /*font-size: 0.8em;*/ border-top: 1px #666 solid; }
.xspec tbody td { /*font-size: 0.8em;*/ color: #666; }

.successful.label th, .successful.label td { background-color: #CFC; }
.pending.label th, .pending.label td { background-color: #DDD; color: #666; }
.failed.label th, .failed.label td { background-color: #FCC; }
.error.label th, .error.label td { background-color: #FAA; }
/*body &gt; table tbody .failed.label th:first-child:before {content:url(data:image/png;base64,iVBORw0KGgoAAAANSUhEUgAAAAwAAAAMCAYAAABWdVznAAAAGXRFWHRTb2Z0d2FyZQBBZG9iZSBJbWFnZVJlYWR5ccllPAAAA2ZpVFh0WE1MOmNvbS5hZG9iZS54bXAAAAAAADw/eHBhY2tldCBiZWdpbj0i77u/IiBpZD0iVzVNME1wQ2VoaUh6cmVTek5UY3prYzlkIj8+IDx4OnhtcG1ldGEgeG1sbnM6eD0iYWRvYmU6bnM6bWV0YS8iIHg6eG1wdGs9IkFkb2JlIFhNUCBDb3JlIDUuMy1jMDExIDY2LjE0NTY2MSwgMjAxMi8wMi8wNi0xNDo1NjoyNyAgICAgICAgIj4gPHJkZjpSREYgeG1sbnM6cmRmPSJodHRwOi8vd3d3LnczLm9yZy8xOTk5LzAyLzIyLXJkZi1zeW50YXgtbnMjIj4gPHJkZjpEZXNjcmlwdGlvbiByZGY6YWJvdXQ9IiIgeG1sbnM6eG1wTU09Imh0dHA6Ly9ucy5hZG9iZS5jb20veGFwLzEuMC9tbS8iIHhtbG5zOnN0UmVmPSJodHRwOi8vbnMuYWRvYmUuY29tL3hhcC8xLjAvc1R5cGUvUmVzb3VyY2VSZWYjIiB4bWxuczp4bXA9Imh0dHA6Ly9ucy5hZG9iZS5jb20veGFwLzEuMC8iIHhtcE1NOk9yaWdpbmFsRG9jdW1lbnRJRD0ieG1wLmRpZDpCQjU0NjU4QjIyQTNFMTExQkI5Rjk5QkQ4RkQ5RUJFQiIgeG1wTU06RG9jdW1lbnRJRD0ieG1wLmRpZDpEQTUyOTdBQUEzRDUxMUUxQTQwN0YzMUI0Nzg3NDU1RSIgeG1wTU06SW5zdGFuY2VJRD0ieG1wLmlpZDpEQTUyOTdBOUEzRDUxMUUxQTQwN0YzMUI0Nzg3NDU1RSIgeG1wOkNyZWF0b3JUb29sPSJBZG9iZSBQaG90b3Nob3AgQ1M2IChXaW5kb3dzKSI+IDx4bXBNTTpEZXJpdmVkRnJvbSBzdFJlZjppbnN0YW5jZUlEPSJ4bXAuaWlkOjQ4MTZDRTNCRDVBM0UxMTFBQTI2QTBCMjZENzg1Qzg5IiBzdFJlZjpkb2N1bWVudElEPSJ4bXAuZGlkOkJCNTQ2NThCMjJBM0UxMTFCQjlGOTlCRDhGRDlFQkVCIi8+IDwvcmRmOkRlc2NyaXB0aW9uPiA8L3JkZjpSREY+IDwveDp4bXBtZXRhPiA8P3hwYWNrZXQgZW5kPSJyIj8+aHNJrgAAAZ1JREFUeNpsUssrRGEU/907985YMDPNYlh4hbKZPMdgR3aysrGSSFIeKyUKpewoRTYkmcgCf4MsMI2FPDYGKeUZSoru4/uc82VC+W7fOeee+zvn/M45V1uuyCmVwDogq0hDklD6jy1dspNkdxokVrIzPFUh0/MD5OdXoJDwPFtu3d2ns6TTp9oggTlFZlmN0o4AHMmXfJGo0lmGzoE1OgmNHf5YA8rmN5HfM6wADmUuHphA9cIW/JX1yiek9DIlyijxkNjBzXYche19gNcHzfShoLUdVxtLuD/cYzCoMAzCwqYrhMDx9Chs20JRWzf4nMcXcDI3pYAqQHIAtWUJbpKursMMhpA+RiAEGzpc4X5XkDB4GjaHmiZik/PIa2rBEWVlSuW9Q+T3YndskBi46QpQFcLltchtbEZyZhxna4uKhmV9Ito/gtPNOG4P99WItdlIWARNXWOAv6AEr9cplel7/ggUleDlMqUSvNnCobHKxDsNnqs8XaWUZopp/XhxTkOR+HDVOveYUge9rNLyY9SU9v+vwXuUB2R0fQkwABfn/VKSjTLBAAAAAElFTkSuQmCC) " "}*/
/*body &gt; table tbody .error.label th:first-child:before {content:url(data:image/png;base64,iVBORw0KGgoAAAANSUhEUgAAAAwAAAAMCAYAAABWdVznAAAABmJLR0QAAAAAAAD5Q7t/AAAACXBIWXMAAAsTAAALEwEAmpwYAAAAB3RJTUUH3QcKER4AdkxvvQAAAdVJREFUKM89kM9KG0EAh7/JTHazZInEQwJ68KIWLx6Etj6EjxAobYSsD+BjCJ682EOp0FMueYmS0FMICF4i6tFNzJ/dyRh2Znoo6Xf+Pn7wEzc3Nx/W6/UvY8xJnudkWYa1Fu893nviOCaKIhuG4R/v/Ve1Xq9/bG1tnezs7JDnOVpr3t/fcc4hpaRSqVCpVORqtTp9e3v7rrTWn5vNJpPJhHK5zHg8JssyvPeEYcjR0RFpmlKr1ZjP5x9Li8VCbOR2u83BwQEvLy88PT1xfHzMxcUFQgjSNCXLskDlec5sNuPx8REpJZ1Oh+fnZ4QQnJ+fc319Tb/fZ29vD601SmvNdDplsVhwe3vLaDTi6uoKgCRJGAwGNBoNXl9fMcZQcs5hjGG1WpHnObVajQ3VahWtNcYYjDE451Cb+7z3JElCkiScnZ0hpaTX67G7u0u328V7/y+oVqsIITg8PKTT6dBqtRgOhzjnaLVa3N3dcX9/z3K5JI5jxOXlpSuKQqRpirWWh4eH//Plcpn9/X2cc2xvb1MqlQqllBpYa0/jOGYymdBsNsmyDOccURRRFAX1eh2lFGEY/lZBEHyx1v703n8KgkBEUYSUEu/9RkIIUQRB0A/D8NtflUT+nn4OS+0AAAAASUVORK5CYII=) " "}*/
.failed.label th:first-child:before, .failed.label td:first-child:before {content:url(data:image/png;base64,iVBORw0KGgoAAAANSUhEUgAAAAwAAAAMCAYAAABWdVznAAAAGXRFWHRTb2Z0d2FyZQBBZG9iZSBJbWFnZVJlYWR5ccllPAAAA2ZpVFh0WE1MOmNvbS5hZG9iZS54bXAAAAAAADw/eHBhY2tldCBiZWdpbj0i77u/IiBpZD0iVzVNME1wQ2VoaUh6cmVTek5UY3prYzlkIj8+IDx4OnhtcG1ldGEgeG1sbnM6eD0iYWRvYmU6bnM6bWV0YS8iIHg6eG1wdGs9IkFkb2JlIFhNUCBDb3JlIDUuMy1jMDExIDY2LjE0NTY2MSwgMjAxMi8wMi8wNi0xNDo1NjoyNyAgICAgICAgIj4gPHJkZjpSREYgeG1sbnM6cmRmPSJodHRwOi8vd3d3LnczLm9yZy8xOTk5LzAyLzIyLXJkZi1zeW50YXgtbnMjIj4gPHJkZjpEZXNjcmlwdGlvbiByZGY6YWJvdXQ9IiIgeG1sbnM6eG1wTU09Imh0dHA6Ly9ucy5hZG9iZS5jb20veGFwLzEuMC9tbS8iIHhtbG5zOnN0UmVmPSJodHRwOi8vbnMuYWRvYmUuY29tL3hhcC8xLjAvc1R5cGUvUmVzb3VyY2VSZWYjIiB4bWxuczp4bXA9Imh0dHA6Ly9ucy5hZG9iZS5jb20veGFwLzEuMC8iIHhtcE1NOk9yaWdpbmFsRG9jdW1lbnRJRD0ieG1wLmRpZDpCQjU0NjU4QjIyQTNFMTExQkI5Rjk5QkQ4RkQ5RUJFQiIgeG1wTU06RG9jdW1lbnRJRD0ieG1wLmRpZDpEQTUyOTdBQUEzRDUxMUUxQTQwN0YzMUI0Nzg3NDU1RSIgeG1wTU06SW5zdGFuY2VJRD0ieG1wLmlpZDpEQTUyOTdBOUEzRDUxMUUxQTQwN0YzMUI0Nzg3NDU1RSIgeG1wOkNyZWF0b3JUb29sPSJBZG9iZSBQaG90b3Nob3AgQ1M2IChXaW5kb3dzKSI+IDx4bXBNTTpEZXJpdmVkRnJvbSBzdFJlZjppbnN0YW5jZUlEPSJ4bXAuaWlkOjQ4MTZDRTNCRDVBM0UxMTFBQTI2QTBCMjZENzg1Qzg5IiBzdFJlZjpkb2N1bWVudElEPSJ4bXAuZGlkOkJCNTQ2NThCMjJBM0UxMTFCQjlGOTlCRDhGRDlFQkVCIi8+IDwvcmRmOkRlc2NyaXB0aW9uPiA8L3JkZjpSREY+IDwveDp4bXBtZXRhPiA8P3hwYWNrZXQgZW5kPSJyIj8+aHNJrgAAAZ1JREFUeNpsUssrRGEU/907985YMDPNYlh4hbKZPMdgR3aysrGSSFIeKyUKpewoRTYkmcgCf4MsMI2FPDYGKeUZSoru4/uc82VC+W7fOeee+zvn/M45V1uuyCmVwDogq0hDklD6jy1dspNkdxokVrIzPFUh0/MD5OdXoJDwPFtu3d2ns6TTp9oggTlFZlmN0o4AHMmXfJGo0lmGzoE1OgmNHf5YA8rmN5HfM6wADmUuHphA9cIW/JX1yiek9DIlyijxkNjBzXYche19gNcHzfShoLUdVxtLuD/cYzCoMAzCwqYrhMDx9Chs20JRWzf4nMcXcDI3pYAqQHIAtWUJbpKursMMhpA+RiAEGzpc4X5XkDB4GjaHmiZik/PIa2rBEWVlSuW9Q+T3YndskBi46QpQFcLltchtbEZyZhxna4uKhmV9Ito/gtPNOG4P99WItdlIWARNXWOAv6AEr9cplel7/ggUleDlMqUSvNnCobHKxDsNnqs8XaWUZopp/XhxTkOR+HDVOveYUge9rNLyY9SU9v+vwXuUB2R0fQkwABfn/VKSjTLBAAAAAElFTkSuQmCC) " "}
.error.label th:first-child:before, .error.label td:first-child:before {content:url(data:image/png;base64,iVBORw0KGgoAAAANSUhEUgAAAAwAAAAMCAYAAABWdVznAAAABmJLR0QAAAAAAAD5Q7t/AAAACXBIWXMAAAsTAAALEwEAmpwYAAAAB3RJTUUH3QcKER4AdkxvvQAAAdVJREFUKM89kM9KG0EAh7/JTHazZInEQwJ68KIWLx6Etj6EjxAobYSsD+BjCJ682EOp0FMueYmS0FMICF4i6tFNzJ/dyRh2Znoo6Xf+Pn7wEzc3Nx/W6/UvY8xJnudkWYa1Fu893nviOCaKIhuG4R/v/Ve1Xq9/bG1tnezs7JDnOVpr3t/fcc4hpaRSqVCpVORqtTp9e3v7rrTWn5vNJpPJhHK5zHg8JssyvPeEYcjR0RFpmlKr1ZjP5x9Li8VCbOR2u83BwQEvLy88PT1xfHzMxcUFQgjSNCXLskDlec5sNuPx8REpJZ1Oh+fnZ4QQnJ+fc319Tb/fZ29vD601SmvNdDplsVhwe3vLaDTi6uoKgCRJGAwGNBoNXl9fMcZQcs5hjGG1WpHnObVajQ3VahWtNcYYjDE451Cb+7z3JElCkiScnZ0hpaTX67G7u0u328V7/y+oVqsIITg8PKTT6dBqtRgOhzjnaLVa3N3dcX9/z3K5JI5jxOXlpSuKQqRpirWWh4eH//Plcpn9/X2cc2xvb1MqlQqllBpYa0/jOGYymdBsNsmyDOccURRRFAX1eh2lFGEY/lZBEHyx1v703n8KgkBEUYSUEu/9RkIIUQRB0A/D8NtflUT+nn4OS+0AAAAASUVORK5CYII=) " "}
.pending.label th:first-child:before, .pending.label td:first-child:before {content:url(data:image/png;base64,iVBORw0KGgoAAAANSUhEUgAAAAwAAAAMCAYAAABWdVznAAAAGXRFWHRTb2Z0d2FyZQBBZG9iZSBJbWFnZVJlYWR5ccllPAAAA2ZpVFh0WE1MOmNvbS5hZG9iZS54bXAAAAAAADw/eHBhY2tldCBiZWdpbj0i77u/IiBpZD0iVzVNME1wQ2VoaUh6cmVTek5UY3prYzlkIj8+IDx4OnhtcG1ldGEgeG1sbnM6eD0iYWRvYmU6bnM6bWV0YS8iIHg6eG1wdGs9IkFkb2JlIFhNUCBDb3JlIDUuMy1jMDExIDY2LjE0NTY2MSwgMjAxMi8wMi8wNi0xNDo1NjoyNyAgICAgICAgIj4gPHJkZjpSREYgeG1sbnM6cmRmPSJodHRwOi8vd3d3LnczLm9yZy8xOTk5LzAyLzIyLXJkZi1zeW50YXgtbnMjIj4gPHJkZjpEZXNjcmlwdGlvbiByZGY6YWJvdXQ9IiIgeG1sbnM6eG1wTU09Imh0dHA6Ly9ucy5hZG9iZS5jb20veGFwLzEuMC9tbS8iIHhtbG5zOnN0UmVmPSJodHRwOi8vbnMuYWRvYmUuY29tL3hhcC8xLjAvc1R5cGUvUmVzb3VyY2VSZWYjIiB4bWxuczp4bXA9Imh0dHA6Ly9ucy5hZG9iZS5jb20veGFwLzEuMC8iIHhtcE1NOk9yaWdpbmFsRG9jdW1lbnRJRD0ieG1wLmRpZDpCQjU0NjU4QjIyQTNFMTExQkI5Rjk5QkQ4RkQ5RUJFQiIgeG1wTU06RG9jdW1lbnRJRD0ieG1wLmRpZDpDODdDM0Y0QUEzRDUxMUUxQjk5N0MzQjVFRDMyQUE1MiIgeG1wTU06SW5zdGFuY2VJRD0ieG1wLmlpZDpDODdDM0Y0OUEzRDUxMUUxQjk5N0MzQjVFRDMyQUE1MiIgeG1wOkNyZWF0b3JUb29sPSJBZG9iZSBQaG90b3Nob3AgQ1M2IChXaW5kb3dzKSI+IDx4bXBNTTpEZXJpdmVkRnJvbSBzdFJlZjppbnN0YW5jZUlEPSJ4bXAuaWlkOjQ4MTZDRTNCRDVBM0UxMTFBQTI2QTBCMjZENzg1Qzg5IiBzdFJlZjpkb2N1bWVudElEPSJ4bXAuZGlkOkJCNTQ2NThCMjJBM0UxMTFCQjlGOTlCRDhGRDlFQkVCIi8+IDwvcmRmOkRlc2NyaXB0aW9uPiA8L3JkZjpSREY+IDwveDp4bXBtZXRhPiA8P3hwYWNrZXQgZW5kPSJyIj8+yj6RYgAAAPZJREFUeNp0kM8KgkAQxmc1E0Wfo3vQn5eRSDx4EUHwbTpEhx4lil7DiydBQUFXp5nAMNsGhpnd/X77za4Iw3CFiFcAWFMFDkXtKZ/UHhfUnB3HWdu2/REpAL2u631ZlicGdpZlwTAMSmBM0zS5bhgQLB5FU3AOUS4XvNn3vVKgAACCIMA0TbFpGsyyDJMkefdFUWAcx1hVFeZ5jlEUoed5qPEI7KDrOhiG8e6llNC27Zcz77FW+L6Pruv+WKtGIzfgR39umv/UHOJgAMlO/BPOXCQDD5p3r2ma8lvHNU9BcWPg0HXdhRZbOhRT8aSXVO9U/ZcAAwAsmjsSQcM0lwAAAABJRU5ErkJggg==) " ";}
.successful.label th:first-child:before, .successful.label td:first-child:before {content:url(data:image/png;base64,iVBORw0KGgoAAAANSUhEUgAAAAwAAAAMCAYAAABWdVznAAAAGXRFWHRTb2Z0d2FyZQBBZG9iZSBJbWFnZVJlYWR5ccllPAAAA2ZpVFh0WE1MOmNvbS5hZG9iZS54bXAAAAAAADw/eHBhY2tldCBiZWdpbj0i77u/IiBpZD0iVzVNME1wQ2VoaUh6cmVTek5UY3prYzlkIj8+IDx4OnhtcG1ldGEgeG1sbnM6eD0iYWRvYmU6bnM6bWV0YS8iIHg6eG1wdGs9IkFkb2JlIFhNUCBDb3JlIDUuMy1jMDExIDY2LjE0NTY2MSwgMjAxMi8wMi8wNi0xNDo1NjoyNyAgICAgICAgIj4gPHJkZjpSREYgeG1sbnM6cmRmPSJodHRwOi8vd3d3LnczLm9yZy8xOTk5LzAyLzIyLXJkZi1zeW50YXgtbnMjIj4gPHJkZjpEZXNjcmlwdGlvbiByZGY6YWJvdXQ9IiIgeG1sbnM6eG1wTU09Imh0dHA6Ly9ucy5hZG9iZS5jb20veGFwLzEuMC9tbS8iIHhtbG5zOnN0UmVmPSJodHRwOi8vbnMuYWRvYmUuY29tL3hhcC8xLjAvc1R5cGUvUmVzb3VyY2VSZWYjIiB4bWxuczp4bXA9Imh0dHA6Ly9ucy5hZG9iZS5jb20veGFwLzEuMC8iIHhtcE1NOk9yaWdpbmFsRG9jdW1lbnRJRD0ieG1wLmRpZDpCQjU0NjU4QjIyQTNFMTExQkI5Rjk5QkQ4RkQ5RUJFQiIgeG1wTU06RG9jdW1lbnRJRD0ieG1wLmRpZDpEMDVBNThBQUEzRDUxMUUxQjdCQkM2QUNBMTNBMDExNiIgeG1wTU06SW5zdGFuY2VJRD0ieG1wLmlpZDpEMDVBNThBOUEzRDUxMUUxQjdCQkM2QUNBMTNBMDExNiIgeG1wOkNyZWF0b3JUb29sPSJBZG9iZSBQaG90b3Nob3AgQ1M2IChXaW5kb3dzKSI+IDx4bXBNTTpEZXJpdmVkRnJvbSBzdFJlZjppbnN0YW5jZUlEPSJ4bXAuaWlkOjQ4MTZDRTNCRDVBM0UxMTFBQTI2QTBCMjZENzg1Qzg5IiBzdFJlZjpkb2N1bWVudElEPSJ4bXAuZGlkOkJCNTQ2NThCMjJBM0UxMTFCQjlGOTlCRDhGRDlFQkVCIi8+IDwvcmRmOkRlc2NyaXB0aW9uPiA8L3JkZjpSREY+IDwveDp4bXBtZXRhPiA8P3hwYWNrZXQgZW5kPSJyIj8+xJ3YrgAAAYBJREFUeNpsUrtKA1EQPZtdY4gEQiD4QCsLEVGX4CP4AykEq1hYiGghCDZ+gBZWVtrZ+EAjaGOhfoAkNiaKhYWICilMEQNqoYjZ5O4d5+6ucQuLM3funDNzD7OrLe229YBwSKAEnyAP/pyIbL5fcz5rcNiLtuqJSEz3ickn5ruE/vFmJ9/LYjvAldGWqA7bJkgPtoAHQrS5G6NdiwhFWCoxHOCgKUL+iurkCBVawyamE8d4qmSZ51clBZUlh+RG14JzEsJNcaTNLVwWd1B6vXXqkmGoYNeVUPnW3JNr4+YarPoncvebEAKNekAlokaY6N/A1NA+SBgY6Eijtz2Fs5sVWNWawysorWNJsO+q9QWzaxLTYwfojA3isZzDfSnrWvTsNiyp7pOrZURC7ejrTDEpcVpY9ab+NSioLZEiapZA5nwBxZcC8g9HeK7ccYM7TDnwmoU2vx6/NIJaUjc0b0u8YvJNle5HdJvlhbI0Y31ThqsjTGr0/+8hOOQ5nfsRYACtHiy+FDd82wAAAABJRU5ErkJggg==) " "}
/*.successful.label a:before {content:url(data:image/png;base64,iVBORw0KGgoAAAANSUhEUgAAAAwAAAAMCAYAAABWdVznAAAAGXRFWHRTb2Z0d2FyZQBBZG9iZSBJbWFnZVJlYWR5ccllPAAAA2ZpVFh0WE1MOmNvbS5hZG9iZS54bXAAAAAAADw/eHBhY2tldCBiZWdpbj0i77u/IiBpZD0iVzVNME1wQ2VoaUh6cmVTek5UY3prYzlkIj8+IDx4OnhtcG1ldGEgeG1sbnM6eD0iYWRvYmU6bnM6bWV0YS8iIHg6eG1wdGs9IkFkb2JlIFhNUCBDb3JlIDUuMy1jMDExIDY2LjE0NTY2MSwgMjAxMi8wMi8wNi0xNDo1NjoyNyAgICAgICAgIj4gPHJkZjpSREYgeG1sbnM6cmRmPSJodHRwOi8vd3d3LnczLm9yZy8xOTk5LzAyLzIyLXJkZi1zeW50YXgtbnMjIj4gPHJkZjpEZXNjcmlwdGlvbiByZGY6YWJvdXQ9IiIgeG1sbnM6eG1wTU09Imh0dHA6Ly9ucy5hZG9iZS5jb20veGFwLzEuMC9tbS8iIHhtbG5zOnN0UmVmPSJodHRwOi8vbnMuYWRvYmUuY29tL3hhcC8xLjAvc1R5cGUvUmVzb3VyY2VSZWYjIiB4bWxuczp4bXA9Imh0dHA6Ly9ucy5hZG9iZS5jb20veGFwLzEuMC8iIHhtcE1NOk9yaWdpbmFsRG9jdW1lbnRJRD0ieG1wLmRpZDpCQjU0NjU4QjIyQTNFMTExQkI5Rjk5QkQ4RkQ5RUJFQiIgeG1wTU06RG9jdW1lbnRJRD0ieG1wLmRpZDpEMDVBNThBQUEzRDUxMUUxQjdCQkM2QUNBMTNBMDExNiIgeG1wTU06SW5zdGFuY2VJRD0ieG1wLmlpZDpEMDVBNThBOUEzRDUxMUUxQjdCQkM2QUNBMTNBMDExNiIgeG1wOkNyZWF0b3JUb29sPSJBZG9iZSBQaG90b3Nob3AgQ1M2IChXaW5kb3dzKSI+IDx4bXBNTTpEZXJpdmVkRnJvbSBzdFJlZjppbnN0YW5jZUlEPSJ4bXAuaWlkOjQ4MTZDRTNCRDVBM0UxMTFBQTI2QTBCMjZENzg1Qzg5IiBzdFJlZjpkb2N1bWVudElEPSJ4bXAuZGlkOkJCNTQ2NThCMjJBM0UxMTFCQjlGOTlCRDhGRDlFQkVCIi8+IDwvcmRmOkRlc2NyaXB0aW9uPiA8L3JkZjpSREY+IDwveDp4bXBtZXRhPiA8P3hwYWNrZXQgZW5kPSJyIj8+xJ3YrgAAAYBJREFUeNpsUrtKA1EQPZtdY4gEQiD4QCsLEVGX4CP4AykEq1hYiGghCDZ+gBZWVtrZ+EAjaGOhfoAkNiaKhYWICilMEQNqoYjZ5O4d5+6ucQuLM3funDNzD7OrLe229YBwSKAEnyAP/pyIbL5fcz5rcNiLtuqJSEz3ickn5ruE/vFmJ9/LYjvAldGWqA7bJkgPtoAHQrS5G6NdiwhFWCoxHOCgKUL+iurkCBVawyamE8d4qmSZ51clBZUlh+RG14JzEsJNcaTNLVwWd1B6vXXqkmGoYNeVUPnW3JNr4+YarPoncvebEAKNekAlokaY6N/A1NA+SBgY6Eijtz2Fs5sVWNWawysorWNJsO+q9QWzaxLTYwfojA3isZzDfSnrWvTsNiyp7pOrZURC7ejrTDEpcVpY9ab+NSioLZEiapZA5nwBxZcC8g9HeK7ccYM7TDnwmoU2vx6/NIJaUjc0b0u8YvJNle5HdJvlhbI0Y31ThqsjTGr0/+8hOOQ5nfsRYACtHiy+FDd82wAAAABJRU5ErkJggg==) " "}*/

.xspecResult { width: 90%; table-layout: fixed; }

.xspecResult td,
.xspecResult th { width: 50%; }

/*.xspecResult pre { 
  margin-left: 0; 
  padding: 0.5em; 
  overflow: auto; 
  border: 1px #999 dotted;
}*/

span.scenario-totals {float: right; width: 14.5%; text-align: left}

/* OXYGEN */
span.scenario-totals {float: right; width: 34.5%; text-align: right}

h2.failed {
    background-color: #FCC;
}

h1, h2 {
    width: 86%;
    margin-left: 3%;
    
    font-size:1.4em;
    font-weight:bold;
    text-align:left;
    margin-top:1.4em;
    margin-bottom:0.7em;
    color:#333333;
    background-color:inherit;
}

h1 {
    font-size:1.7em;
}

body &gt; h1:first-child:before {
    content:"XSLT UNIT ";
}

body &gt; h2:first-of-type {
    font-size:1.7em;
}

div &gt; table &gt; tbody &gt; tr &gt; th:first-child {
    font-weight:bold;
}

div &gt; h3 {
    font-weight:bold;
    margin-left: 3%;
}

div &gt; h4 {
    font-weight:normal;
    margin-left: 4%;
}

th.result { text-align: center; }
/* OXYGEN */


/* ------------------------------------------------------------------------ */
/*  DO NOT ALTER OR REMOVE COPYRIGHT NOTICES OR THIS COMMENT.               */
/*                                                                          */
/*  Copyright (c) 2008, 2010 Jeni Tennsion                                  */
/*                                                                          */
/*  The contents of this file are subject to the MIT License (see the URI   */
/*  http://www.opensource.org/licenses/mit-license.php for details).        */
/*                                                                          */
/*  Permission is hereby granted, free of charge, to any person obtaining   */
/*  a copy of this software and associated documentation files (the         */
/*  "Software"), to deal in the Software without restriction, including     */
/*  without limitation the rights to use, copy, modify, merge, publish,     */
/*  distribute, sublicense, and/or sell copies of the Software, and to      */
/*  permit persons to whom the Software is furnished to do so, subject to   */
/*  the following conditions:                                               */
/*                                                                          */
/*  The above copyright notice and this permission notice shall be          */
/*  included in all copies or substantial portions of the Software.         */
/*                                                                          */
/*  THE SOFTWARE IS PROVIDED "AS IS", WITHOUT WARRANTY OF ANY KIND,         */
/*  EXPRESS OR IMPLIED, INCLUDING BUT NOT LIMITED TO THE WARRANTIES OF      */
/*  MERCHANTABILITY, FITNESS FOR A PARTICULAR PURPOSE AND NONINFRINGEMENT.  */
/*  IN NO EVENT SHALL THE AUTHORS OR COPYRIGHT HOLDERS BE LIABLE FOR ANY    */
/*  CLAIM, DAMAGES OR OTHER LIABILITY, WHETHER IN AN ACTION OF CONTRACT,    */
/*  TORT OR OTHERWISE, ARISING FROM, OUT OF OR IN CONNECTION WITH THE       */
/*  SOFTWARE OR THE USE OR OTHER DEALINGS IN THE SOFTWARE.                  */
/* ------------------------------------------------------------------------ */

.nobr { white-space: nowrap; }
.scenario-label { text-indent: 0px; }
.context-label { text-indent: 10px; }
.test-label { text-indent: 20px; }
.pending-label { text-indent: 30px; }


        /**/</style>
    </head><body><h1>Test Report</h1><p>Script: <a>file:/home/jostein/xprocspec/src/test/xprocspec/tests/import-3.xprocspec</a></p><p>Tested: 2013-08-22T16:03:03.151+02:00</p><h2>Contents</h2><table><col/><col/><col/><col/><col/><col/><thead><tr><th/><th>passed:2</th><th>pending:0</th><th>failed:0</th><th>errors:0</th><th>total:2</th></tr></thead><tbody><tr><th><a>ex:identity</a></th><th>2</th><th>0</th><th>0</th><th>0</th><th>2</th></tr></tbody></table><div><h2>Calling: <a>ex:identity</a><span>passed:2 / pending:0 / failed:0 / errors:0 / total:2</span></h2><table><col/><col/><tbody><tr><th>identity</th><th>passed:1 / pending:0 / failed:0 / errors:0 / total:1</th></tr><tr><th>the results</th><th>passed:1 / pending:0 / failed:0 / errors:0 / total:1</th></tr><tr><td>the option 'option.required' should have the value 'import 3a'</td><td>Success</td></tr><tr><th>identity</th><th>passed:1 / pending:0 / failed:0 / errors:0 / total:1</th></tr><tr><th>the results</th><th>passed:1 / pending:0 / failed:0 / errors:0 / total:1</th></tr><tr><td>the option 'option.required' should have the value 'import 3'</td><td>Success</td></tr></tbody></table></div><link/><script> </script><script>hljs.initHighlightingOnLoad();</script></body></html></x:document></x:output><x:output port="junit"><x:document xml:base="file:/home/jostein/xprocspec/src/main/resources/content/xml/xproc/report/report.xpl" type="inline"><testsuites><testsuite>
<properties>

<property/>

</properties>
<testcase><system-out>the option 'option.required' should have the value 'import 3a': SUCCESS</system-out>
<system-err/></testcase></testsuite><testsuite>
<properties>

<property/>

</properties>
<testcase><system-out>the option 'option.required' should have the value 'import 3': SUCCESS</system-out>
<system-err/></testcase></testsuite></testsuites></x:document></x:output><x:test-result contextref="context3" result="passed" test="/*/@tests='2'" label="there should be 2 tests" type="xpath">
                                                        <x:expected>/*/@tests='2'</x:expected>
                                                    </x:test-result></x:description><x:description xmlns:cx="http://xmlcalabash.com/ns/extensions" xmlns:c="http://www.w3.org/ns/xproc-step" xml:base="file:/home/jostein/xprocspec/src/test/xprocspec/test.xprocspec" test-base-uri="file:/home/jostein/xprocspec/src/test/xprocspec/test.xprocspec" script="file:/home/jostein/xprocspec/src/main/resources/content/xml/xproc/xprocspec.xpl" test-grammar="xprocspec" temp-dir="file:/tmp/xprocspec-20130822160259495/"><x:step-declaration><p:declare-step xmlns:p="http://www.w3.org/ns/xproc" xmlns:px="http://www.daisy.org/ns/xprocspec" xmlns:pxi="http://www.daisy.org/ns/xprocspec/xproc-internal/" xmlns:pkg="http://expath.org/ns/pkg" type="px:xprocspec" name="main" version="1.0" xpath-version="2.0" pkg:import-uri="http://www.daisy.org/ns/xprocspec/xprocspec.xpl" x:type="{http://www.daisy.org/ns/xprocspec}xprocspec"><p:input port="source" kind="document" sequence="false" primary="true"/><p:output port="result" kind="document" sequence="false" primary="false"><p:pipe port="result" step="report"/></p:output><p:output port="html" kind="document" sequence="false" primary="false"><p:pipe port="html" step="report"/></p:output><p:output port="junit" kind="document" sequence="false" primary="false"><p:pipe port="junit" step="report"/></p:output><p:option name="temp-dir" select="'file:/tmp/'"/></p:declare-step></x:step-declaration><x:scenario end-time="2013-08-22T14:03:03.821Z" label="the scenario element - with pending attribute" start-time="2013-08-22T14:03:03.392Z"><x:call x:type="{http://www.daisy.org/ns/xprocspec}xprocspec" step="x:xprocspec"><x:option select="$temp-dir" name="temp-dir" value="file:/tmp/xprocspec-20130822160259495/"/><x:input port="source">
                    <x:document xml:base="file:/home/jostein/xprocspec/src/test/xprocspec/test.xprocspec" type="inline"><p:declare-step xmlns:p="http://www.w3.org/ns/xproc" xmlns:pxi="http://www.daisy.org/ns/xprocspec/xproc-internal/" name="main" type="pxi:load" version="1.0">

    <p:output port="result"/>

    <p:option name="href" required="true"/>
    <p:option name="method" select="'xml'"/>

    <p:import href="logging-library.xpl"/>

    <p:declare-step type="pxi:load-text">
        <p:output port="result"/>
        <p:option name="href"/>
        <p:identity>
            <p:input port="source">
                <p:inline>
                    <c:request method="GET" override-content-type="text/plain; charset=utf-8"/>
                </p:inline>
            </p:input>
        </p:identity>
        <p:add-attribute match="c:request" attribute-name="href">
            <p:with-option name="attribute-value" select="$href"/>
        </p:add-attribute>
        <p:http-request/>
    </p:declare-step>

    <p:declare-step type="pxi:load-binary">
        <p:output port="result"/>
        <p:option name="href"/>
        <p:identity>
            <p:input port="source">
                <p:inline>
                    <c:request method="GET" override-content-type="binary/octet-stream"/>
                </p:inline>
            </p:input>
        </p:identity>
        <p:add-attribute match="c:request" attribute-name="href">
            <p:with-option name="attribute-value" select="$href"/>
        </p:add-attribute>
        <p:http-request/>
    </p:declare-step>

    <pxi:message>
        <p:input port="source">
            <p:inline>
                <doc/>
            </p:inline>
        </p:input>
        <p:with-option name="message" select="concat('loading &#34;',$href,'&#34;')"/>
    </pxi:message>
    <p:sink/>

    <p:choose>
        <!--<!-\- Force HTML -\->
    <p:when test="$method='html'">
        <px:html-load>
            <p:with-option name="href" select="$href"/>
        </px:html-load>
    </p:when>-->

        <!-- XML -->
        <p:when test="$method='xml'">
            <p:try>
                <p:group>
                    <p:load>
                        <p:with-option name="href" select="$href"/>
                    </p:load>
                </p:group>
                <p:catch>
                    <pxi:message>
                        <p:input port="source">
                            <p:empty/>
                        </p:input>
                        <p:with-option name="message" select="concat('unable to load ',$href,' as XML')"/>
                    </pxi:message>
                </p:catch>
            </p:try>
        </p:when>

        <!-- text -->
        <p:when test="$method='text'">
            <pxi:load-text>
                <p:with-option name="href" select="$href"/>
            </pxi:load-text>
        </p:when>

        <!--<!-\- HTML -\->
                <p:when test="$media-type='text/html' or $media-type='application/xhtml+xml'">
                    <px:html-load>
                        <p:with-option name="href" select="$href"/>
                    </px:html-load>
                </p:when>-->

        <!-- default to 'binary' -->
        <p:otherwise>
            <pxi:load-binary>
                <p:with-option name="href" select="$href"/>
            </pxi:load-binary>
        </p:otherwise>
    </p:choose>

</p:declare-step></x:document>
                </x:input></x:call><x:context label="the junit output port" id="context4">
                <x:document xml:base="file:/home/jostein/xprocspec/src/main/resources/content/xml/xproc/report/report.xpl" type="inline"><testsuites tests="2" failures="0" time="0.348" errors="0" name="scenario1"><testsuite timestamp="2013-08-22T14:03:03.756Z" hostname="localhost" tests="1" errors="0" failures="0" skipped="0" id="d6604e1" name="identity" package="http://example.net/ns" time="0.01">
<properties>

<property name="option: option" value="option-value"/>
<property name="option: option.required" value="option.required-value"/>

</properties>
<testcase name="theOptionOptionShouldHaveTheValueOptionvalue" classname="identity" assertions="1" time="0" status="SUCCESS"><system-out>the option 'option' should have the value 'option-value': SUCCESS</system-out>
<system-err/></testcase></testsuite><testsuite timestamp="2013-08-22T14:03:03.766Z" hostname="localhost" tests="1" errors="0" failures="0" skipped="1" id="d6610e1" name="pendingScenario" time="0.001">
<properties>


</properties>
<testcase name="pendingScenario-pendingScenario" classname="pendingScenario" assertions="1" time="0"><skipped type="xprocspec.skip" message="Not implemented">Not implemented</skipped><system-out>pending scenario: SKIPPED</system-out></testcase></testsuite></testsuites></x:document>
            </x:context><x:expect label="there should be 2 tests" type="xpath" test="/*/@tests='2'" contextref="context4"/><x:expect label="there should be a skipped test" type="xpath" test="/*/*/@skipped='1'" contextref="context4"/></x:scenario><x:output port="result"><x:document xml:base="file:/home/jostein/xprocspec/src/main/resources/content/xml/xproc/report/report.xpl" type="inline"><x:test-report><x:description><x:step-declaration><p:declare-step xmlns:p="http://www.w3.org/ns/xproc" xmlns:ex="http://example.net/ns"><p:input><p:inline>
            <source.document.primary.default/>
        </p:inline></p:input><p:input><p:inline>
            <source.document.secondary.sequence/>
        </p:inline></p:input><p:input><p:inline>
            <default>
                <default/>
                <default/>
            </default>
        </p:inline></p:input><p:input/><p:input/><p:output><p:pipe/></p:output><p:output><p:pipe/></p:output><p:output><p:pipe/></p:output><p:output><p:pipe/></p:output><p:output><p:pipe/></p:output><p:output><p:pipe/></p:output><p:option/><p:option/><p:option/></p:declare-step></x:step-declaration><x:scenario xmlns:e="http://example.net/ns"><x:call><x:option/><x:option/></x:call><x:context>
            <x:document>
                <c:options xmlns:ex="http://example.net/ns">
                    <c:option/>
                    <c:option/>
                    <c:option/>
                </c:options>
            </x:document>
        </x:context><x:expect/></x:scenario><x:output><x:document>
            <source.document.primary.default xmlns:ex="http://example.net/ns"/>
        </x:document></x:output><x:output><x:document>
            <source.document.secondary.sequence xmlns:ex="http://example.net/ns"/>
        </x:document></x:output><x:output><x:document><default xmlns:ex="http://example.net/ns"/></x:document><x:document><default xmlns:ex="http://example.net/ns"/></x:document></x:output><x:output><x:document><c:param-set xmlns:ex="http://example.net/ns"/></x:document><x:document><c:param-set/></x:document></x:output><x:output><x:document><c:param-set/></x:document></x:output><x:output><x:document>
                <c:options xmlns:ex="http://example.net/ns">
                    <c:option/>
                    <c:option/>
                    <c:option/>
                </c:options>
            </x:document></x:output><x:test-result>
                                                        <x:expected>/*/*[@name='option']/@value='option-value'</x:expected>
                                                    </x:test-result></x:description><x:description><x:scenario xmlns:e="http://example.net/ns"/></x:description></x:test-report></x:document></x:output><x:output port="html"><x:document xml:base="file:/home/jostein/xprocspec/src/main/resources/content/xml/xproc/report/report-template.xhtml" type="inline"><html xmlns="http://www.w3.org/1999/xhtml"><head><title>Test Report for file:/home/jostein/xprocspec/src/test/xprocspec/tests/scenario-1.xprocspec (passed:1 / pending:1 / failed:0 / errors:0 / total:2)</title>
        <meta/>
        <style>/**/
/****************************************************************************/
/*  File:       test-report.css                                             */
/*  Author:     Jeni Tennsion                                               */
/*  URI:        http://xspec.googlecode.com/                                */
/*  Tags:                                                                   */
/*    Copyright (c) 2008, 2010 Jeni Tennsion (see end of file.)             */
/* ------------------------------------------------------------------------ */


/* test */

/* box model */

body {
	margin-right: 1em;
	margin-left: 10%;
	}

h1 {
	padding: 0.3em 0.5em 0.3em 0.5em;
	position: relative;
	}

h2 {
	padding: 0.1em 0.5em 0.2em 0.5em;
	}

h3 {
	padding-left: 0.6em;
	}

h4 {
	padding-left: 0.8em;
	}

p, table {
	margin-left: 5%;
	}

dd ul, dd ol {
	margin-left: 0%;
	}

li ul, li ol {
	margin-left: 5%;
	}

dl, ul, ol, blockquote {
	margin-left: 10%;
	}

dt {
  padding-top: 3px;
  padding-bottom: 3px;
	clear: both;
	}

dd p {
	margin-left: -5px;
	margin-top: 5px;
	clear: both;
	}

p.link {
	margin-top: 4px;
	margin-bottom: 0px;
	clear: both;
	}

tr td, td p, li, li p {
	margin-left: 0%;
	}

td:nth-child(2) {
	padding-left: 5%;
	}

.link img, dt img {
	vertical-align: middle;
	position: relative;
	top: -5px;
	}

img {
	position: relative;
	}

#xml-link {
	position: absolute;
	left: 5px;
	top: 5px;
	width: 10%;
	margin-left: 0%;
	}

#link-up {
	position: absolute;
	left: 93%;
	right: 2em;
	top: 0.3em;
	}

#link-top {
	position: absolute;
	left: 89%;
	right: 4em;
	top: 0.3em;
	}
	
.popup {
	display: block;
	visibility: hidden;
	float: right;
	position: absolute;
	top: 5px;
	left: -200px;
	z-index: 1;
	padding: 0.3em;
	width: 220px;
	}

.note {
	position: relative;
	}

.post {
	margin-left: 5%;
	padding-top: 1em;
	}
	
.example, .sidebar {
  margin-left: 5%;
  margin-top: 1em;
  margin-bottom: 1em;
  }

/*pre {
	padding-left: 5%;
	margin-left: 5%;
	}*/

/*dd pre, li pre {
	padding-left: 5%;
	}*/

/* fonts */
/* Oxygen  */
body, table {
    font-family:arial, helvetica, sans-serif;
    font-size:12px;
}
/* Oxygen  */

/*body {
	font-family: Verdana, arial, sans-serif;
	font-size: small;
	}*/	

/*h1, h2, h3, h4, h5, h6 {
	font-family: 'trebuchet MS', arial, sans-serif;
	}*/

h1 {
	font-size: 173%;
	font-weight: bold;
	}

h2 {
	font-size: 144%;
	font-weight: normal;
	}

h3 {
	font-size: 120%;
	font-weight: normal;
	}

h4 {
  font-size: 100%;
  font-weight: bold;
}

dt {
	font-weight: bold;
	}

a:link, a:visited, a:active, a:hover {
	font-weight: bold;
	}

a.offsite:link, a.offsite:visited, a.offsite:active, a.offsite:hover {
	font-weight: normal;
	}

/* suppress the normal italics */
address {
	font-style: normal;
	}

div.example, .sidebar {
  font-family: Verdana, arial, sans-serif;
  font-size: 100%;
  }


.note, .link {
	font-family: Verdana, arial, sans-serif;
	/*font-size: 83%;*/
	}

/*.example, .string, .rtf, .code, pre, code {
	font-family: "Lucida Console", "Courier New", monospace;*/
  /*font-size: 83%;*/
/*	}*/

.boolean {
	font-style: italic;
	}

#colophon, #xml-link {
	font-size: 69%;
	}

.question, .title {
	font-weight: bold;
	}

/* colours */
body {
	background-color: white;
	color: black;
	border: 0px none black;
	}

/* this is to make Navigator fill the entire line */
h1, h2 {
	border: 1px solid white;
	width: auto;
	}

h1 {
	/*background: #606;*/
	/*color: #6F6;*/
	}

h2 {
	color: #606;
	/*background: #CFC;*/
	}

hr {
	color: #606;
	background: white;
	}

img, a:link img, a:visited img, a:hover img, a:active img, #link-up img, #link-top img {
	border: 0px none white;
	background: transparent;
	}

/* OXYGEN */
a, a:visited {
    color:rgb(0, 0, 150);
    background-color:inherit;
    font-weight: bold;
}
a:link, a:visited {
    text-decoration:none; 
}
a:hover {
    text-decoration:underline;
}

/* OXYGEN */

a.img:hover, a.img:active {
	background: transparent;
	}

#colophon, #xml-link, .note {
	color: #666;
	}

#colophon a:link, #colophon a:visited, #colophon a:hover,
#xml-link a:link, #xml-link a:visited, #xml-link a:hover,
.note a:link, .note a:visited, .note a:hover {
	color: #969;
	background: transparent;
	}

#colophon a:hover, #xml-link a:hover, .note a:hover {
	background: #CFC;
	color: #969;
	}

.popup {
	background: white;
	border: 1px solid #606;
	}

.post {
	border-top: 2px solid #606;
	}
	
.example {
  border-top: 2px solid #606;
  border-bottom: 2px solid #606;
  }
  
.sidebar {
  border-top: 2px solid #090;
  border-bottom: 2px solid #090;
  }
  
.rng {
  border-left: 2px solid #666;
  }

.same {
  background-color: rgb(206, 239, 174);
}

.diff {
  background-color: #FCC;
}

.whitespace {
	font-style: italic;
	color: #999;
	background: white;
}

.ignored {
  font-style: italic;
  color: #999;
  background: white;
}

.hit {
}

.missed {
  background-color: #A33;
  color: white;
}

/* text */
ol ol li {
	list-style: lower-alpha;
	}

th {
	text-align: left;
	}

td {
	vertical-align: top;
	}

h1 {
	text-transform: uppercase;
	}

h2, h3 {
	/*text-transform: capitalize;*/
	}

.question {
	text-indent: -33px;
	}

.byline {
	text-align: right;
	}

#link-top, #link-up {
	text-align: right;
	}

a {
	text-decoration: none;
	}

table { width: 85%;
        /* border: collapse; */ }

th { text-align: left; }

.xspec tbody th { font-weight: normal; /*font-size: 0.8em;*/ border-top: 1px #666 solid; }
.xspec tbody td { /*font-size: 0.8em;*/ color: #666; }

.successful.label th, .successful.label td { background-color: #CFC; }
.pending.label th, .pending.label td { background-color: #DDD; color: #666; }
.failed.label th, .failed.label td { background-color: #FCC; }
.error.label th, .error.label td { background-color: #FAA; }
/*body &gt; table tbody .failed.label th:first-child:before {content:url(data:image/png;base64,iVBORw0KGgoAAAANSUhEUgAAAAwAAAAMCAYAAABWdVznAAAAGXRFWHRTb2Z0d2FyZQBBZG9iZSBJbWFnZVJlYWR5ccllPAAAA2ZpVFh0WE1MOmNvbS5hZG9iZS54bXAAAAAAADw/eHBhY2tldCBiZWdpbj0i77u/IiBpZD0iVzVNME1wQ2VoaUh6cmVTek5UY3prYzlkIj8+IDx4OnhtcG1ldGEgeG1sbnM6eD0iYWRvYmU6bnM6bWV0YS8iIHg6eG1wdGs9IkFkb2JlIFhNUCBDb3JlIDUuMy1jMDExIDY2LjE0NTY2MSwgMjAxMi8wMi8wNi0xNDo1NjoyNyAgICAgICAgIj4gPHJkZjpSREYgeG1sbnM6cmRmPSJodHRwOi8vd3d3LnczLm9yZy8xOTk5LzAyLzIyLXJkZi1zeW50YXgtbnMjIj4gPHJkZjpEZXNjcmlwdGlvbiByZGY6YWJvdXQ9IiIgeG1sbnM6eG1wTU09Imh0dHA6Ly9ucy5hZG9iZS5jb20veGFwLzEuMC9tbS8iIHhtbG5zOnN0UmVmPSJodHRwOi8vbnMuYWRvYmUuY29tL3hhcC8xLjAvc1R5cGUvUmVzb3VyY2VSZWYjIiB4bWxuczp4bXA9Imh0dHA6Ly9ucy5hZG9iZS5jb20veGFwLzEuMC8iIHhtcE1NOk9yaWdpbmFsRG9jdW1lbnRJRD0ieG1wLmRpZDpCQjU0NjU4QjIyQTNFMTExQkI5Rjk5QkQ4RkQ5RUJFQiIgeG1wTU06RG9jdW1lbnRJRD0ieG1wLmRpZDpEQTUyOTdBQUEzRDUxMUUxQTQwN0YzMUI0Nzg3NDU1RSIgeG1wTU06SW5zdGFuY2VJRD0ieG1wLmlpZDpEQTUyOTdBOUEzRDUxMUUxQTQwN0YzMUI0Nzg3NDU1RSIgeG1wOkNyZWF0b3JUb29sPSJBZG9iZSBQaG90b3Nob3AgQ1M2IChXaW5kb3dzKSI+IDx4bXBNTTpEZXJpdmVkRnJvbSBzdFJlZjppbnN0YW5jZUlEPSJ4bXAuaWlkOjQ4MTZDRTNCRDVBM0UxMTFBQTI2QTBCMjZENzg1Qzg5IiBzdFJlZjpkb2N1bWVudElEPSJ4bXAuZGlkOkJCNTQ2NThCMjJBM0UxMTFCQjlGOTlCRDhGRDlFQkVCIi8+IDwvcmRmOkRlc2NyaXB0aW9uPiA8L3JkZjpSREY+IDwveDp4bXBtZXRhPiA8P3hwYWNrZXQgZW5kPSJyIj8+aHNJrgAAAZ1JREFUeNpsUssrRGEU/907985YMDPNYlh4hbKZPMdgR3aysrGSSFIeKyUKpewoRTYkmcgCf4MsMI2FPDYGKeUZSoru4/uc82VC+W7fOeee+zvn/M45V1uuyCmVwDogq0hDklD6jy1dspNkdxokVrIzPFUh0/MD5OdXoJDwPFtu3d2ns6TTp9oggTlFZlmN0o4AHMmXfJGo0lmGzoE1OgmNHf5YA8rmN5HfM6wADmUuHphA9cIW/JX1yiek9DIlyijxkNjBzXYche19gNcHzfShoLUdVxtLuD/cYzCoMAzCwqYrhMDx9Chs20JRWzf4nMcXcDI3pYAqQHIAtWUJbpKursMMhpA+RiAEGzpc4X5XkDB4GjaHmiZik/PIa2rBEWVlSuW9Q+T3YndskBi46QpQFcLltchtbEZyZhxna4uKhmV9Ito/gtPNOG4P99WItdlIWARNXWOAv6AEr9cplel7/ggUleDlMqUSvNnCobHKxDsNnqs8XaWUZopp/XhxTkOR+HDVOveYUge9rNLyY9SU9v+vwXuUB2R0fQkwABfn/VKSjTLBAAAAAElFTkSuQmCC) " "}*/
/*body &gt; table tbody .error.label th:first-child:before {content:url(data:image/png;base64,iVBORw0KGgoAAAANSUhEUgAAAAwAAAAMCAYAAABWdVznAAAABmJLR0QAAAAAAAD5Q7t/AAAACXBIWXMAAAsTAAALEwEAmpwYAAAAB3RJTUUH3QcKER4AdkxvvQAAAdVJREFUKM89kM9KG0EAh7/JTHazZInEQwJ68KIWLx6Etj6EjxAobYSsD+BjCJ682EOp0FMueYmS0FMICF4i6tFNzJ/dyRh2Znoo6Xf+Pn7wEzc3Nx/W6/UvY8xJnudkWYa1Fu893nviOCaKIhuG4R/v/Ve1Xq9/bG1tnezs7JDnOVpr3t/fcc4hpaRSqVCpVORqtTp9e3v7rrTWn5vNJpPJhHK5zHg8JssyvPeEYcjR0RFpmlKr1ZjP5x9Li8VCbOR2u83BwQEvLy88PT1xfHzMxcUFQgjSNCXLskDlec5sNuPx8REpJZ1Oh+fnZ4QQnJ+fc319Tb/fZ29vD601SmvNdDplsVhwe3vLaDTi6uoKgCRJGAwGNBoNXl9fMcZQcs5hjGG1WpHnObVajQ3VahWtNcYYjDE451Cb+7z3JElCkiScnZ0hpaTX67G7u0u328V7/y+oVqsIITg8PKTT6dBqtRgOhzjnaLVa3N3dcX9/z3K5JI5jxOXlpSuKQqRpirWWh4eH//Plcpn9/X2cc2xvb1MqlQqllBpYa0/jOGYymdBsNsmyDOccURRRFAX1eh2lFGEY/lZBEHyx1v703n8KgkBEUYSUEu/9RkIIUQRB0A/D8NtflUT+nn4OS+0AAAAASUVORK5CYII=) " "}*/
.failed.label th:first-child:before, .failed.label td:first-child:before {content:url(data:image/png;base64,iVBORw0KGgoAAAANSUhEUgAAAAwAAAAMCAYAAABWdVznAAAAGXRFWHRTb2Z0d2FyZQBBZG9iZSBJbWFnZVJlYWR5ccllPAAAA2ZpVFh0WE1MOmNvbS5hZG9iZS54bXAAAAAAADw/eHBhY2tldCBiZWdpbj0i77u/IiBpZD0iVzVNME1wQ2VoaUh6cmVTek5UY3prYzlkIj8+IDx4OnhtcG1ldGEgeG1sbnM6eD0iYWRvYmU6bnM6bWV0YS8iIHg6eG1wdGs9IkFkb2JlIFhNUCBDb3JlIDUuMy1jMDExIDY2LjE0NTY2MSwgMjAxMi8wMi8wNi0xNDo1NjoyNyAgICAgICAgIj4gPHJkZjpSREYgeG1sbnM6cmRmPSJodHRwOi8vd3d3LnczLm9yZy8xOTk5LzAyLzIyLXJkZi1zeW50YXgtbnMjIj4gPHJkZjpEZXNjcmlwdGlvbiByZGY6YWJvdXQ9IiIgeG1sbnM6eG1wTU09Imh0dHA6Ly9ucy5hZG9iZS5jb20veGFwLzEuMC9tbS8iIHhtbG5zOnN0UmVmPSJodHRwOi8vbnMuYWRvYmUuY29tL3hhcC8xLjAvc1R5cGUvUmVzb3VyY2VSZWYjIiB4bWxuczp4bXA9Imh0dHA6Ly9ucy5hZG9iZS5jb20veGFwLzEuMC8iIHhtcE1NOk9yaWdpbmFsRG9jdW1lbnRJRD0ieG1wLmRpZDpCQjU0NjU4QjIyQTNFMTExQkI5Rjk5QkQ4RkQ5RUJFQiIgeG1wTU06RG9jdW1lbnRJRD0ieG1wLmRpZDpEQTUyOTdBQUEzRDUxMUUxQTQwN0YzMUI0Nzg3NDU1RSIgeG1wTU06SW5zdGFuY2VJRD0ieG1wLmlpZDpEQTUyOTdBOUEzRDUxMUUxQTQwN0YzMUI0Nzg3NDU1RSIgeG1wOkNyZWF0b3JUb29sPSJBZG9iZSBQaG90b3Nob3AgQ1M2IChXaW5kb3dzKSI+IDx4bXBNTTpEZXJpdmVkRnJvbSBzdFJlZjppbnN0YW5jZUlEPSJ4bXAuaWlkOjQ4MTZDRTNCRDVBM0UxMTFBQTI2QTBCMjZENzg1Qzg5IiBzdFJlZjpkb2N1bWVudElEPSJ4bXAuZGlkOkJCNTQ2NThCMjJBM0UxMTFCQjlGOTlCRDhGRDlFQkVCIi8+IDwvcmRmOkRlc2NyaXB0aW9uPiA8L3JkZjpSREY+IDwveDp4bXBtZXRhPiA8P3hwYWNrZXQgZW5kPSJyIj8+aHNJrgAAAZ1JREFUeNpsUssrRGEU/907985YMDPNYlh4hbKZPMdgR3aysrGSSFIeKyUKpewoRTYkmcgCf4MsMI2FPDYGKeUZSoru4/uc82VC+W7fOeee+zvn/M45V1uuyCmVwDogq0hDklD6jy1dspNkdxokVrIzPFUh0/MD5OdXoJDwPFtu3d2ns6TTp9oggTlFZlmN0o4AHMmXfJGo0lmGzoE1OgmNHf5YA8rmN5HfM6wADmUuHphA9cIW/JX1yiek9DIlyijxkNjBzXYche19gNcHzfShoLUdVxtLuD/cYzCoMAzCwqYrhMDx9Chs20JRWzf4nMcXcDI3pYAqQHIAtWUJbpKursMMhpA+RiAEGzpc4X5XkDB4GjaHmiZik/PIa2rBEWVlSuW9Q+T3YndskBi46QpQFcLltchtbEZyZhxna4uKhmV9Ito/gtPNOG4P99WItdlIWARNXWOAv6AEr9cplel7/ggUleDlMqUSvNnCobHKxDsNnqs8XaWUZopp/XhxTkOR+HDVOveYUge9rNLyY9SU9v+vwXuUB2R0fQkwABfn/VKSjTLBAAAAAElFTkSuQmCC) " "}
.error.label th:first-child:before, .error.label td:first-child:before {content:url(data:image/png;base64,iVBORw0KGgoAAAANSUhEUgAAAAwAAAAMCAYAAABWdVznAAAABmJLR0QAAAAAAAD5Q7t/AAAACXBIWXMAAAsTAAALEwEAmpwYAAAAB3RJTUUH3QcKER4AdkxvvQAAAdVJREFUKM89kM9KG0EAh7/JTHazZInEQwJ68KIWLx6Etj6EjxAobYSsD+BjCJ682EOp0FMueYmS0FMICF4i6tFNzJ/dyRh2Znoo6Xf+Pn7wEzc3Nx/W6/UvY8xJnudkWYa1Fu893nviOCaKIhuG4R/v/Ve1Xq9/bG1tnezs7JDnOVpr3t/fcc4hpaRSqVCpVORqtTp9e3v7rrTWn5vNJpPJhHK5zHg8JssyvPeEYcjR0RFpmlKr1ZjP5x9Li8VCbOR2u83BwQEvLy88PT1xfHzMxcUFQgjSNCXLskDlec5sNuPx8REpJZ1Oh+fnZ4QQnJ+fc319Tb/fZ29vD601SmvNdDplsVhwe3vLaDTi6uoKgCRJGAwGNBoNXl9fMcZQcs5hjGG1WpHnObVajQ3VahWtNcYYjDE451Cb+7z3JElCkiScnZ0hpaTX67G7u0u328V7/y+oVqsIITg8PKTT6dBqtRgOhzjnaLVa3N3dcX9/z3K5JI5jxOXlpSuKQqRpirWWh4eH//Plcpn9/X2cc2xvb1MqlQqllBpYa0/jOGYymdBsNsmyDOccURRRFAX1eh2lFGEY/lZBEHyx1v703n8KgkBEUYSUEu/9RkIIUQRB0A/D8NtflUT+nn4OS+0AAAAASUVORK5CYII=) " "}
.pending.label th:first-child:before, .pending.label td:first-child:before {content:url(data:image/png;base64,iVBORw0KGgoAAAANSUhEUgAAAAwAAAAMCAYAAABWdVznAAAAGXRFWHRTb2Z0d2FyZQBBZG9iZSBJbWFnZVJlYWR5ccllPAAAA2ZpVFh0WE1MOmNvbS5hZG9iZS54bXAAAAAAADw/eHBhY2tldCBiZWdpbj0i77u/IiBpZD0iVzVNME1wQ2VoaUh6cmVTek5UY3prYzlkIj8+IDx4OnhtcG1ldGEgeG1sbnM6eD0iYWRvYmU6bnM6bWV0YS8iIHg6eG1wdGs9IkFkb2JlIFhNUCBDb3JlIDUuMy1jMDExIDY2LjE0NTY2MSwgMjAxMi8wMi8wNi0xNDo1NjoyNyAgICAgICAgIj4gPHJkZjpSREYgeG1sbnM6cmRmPSJodHRwOi8vd3d3LnczLm9yZy8xOTk5LzAyLzIyLXJkZi1zeW50YXgtbnMjIj4gPHJkZjpEZXNjcmlwdGlvbiByZGY6YWJvdXQ9IiIgeG1sbnM6eG1wTU09Imh0dHA6Ly9ucy5hZG9iZS5jb20veGFwLzEuMC9tbS8iIHhtbG5zOnN0UmVmPSJodHRwOi8vbnMuYWRvYmUuY29tL3hhcC8xLjAvc1R5cGUvUmVzb3VyY2VSZWYjIiB4bWxuczp4bXA9Imh0dHA6Ly9ucy5hZG9iZS5jb20veGFwLzEuMC8iIHhtcE1NOk9yaWdpbmFsRG9jdW1lbnRJRD0ieG1wLmRpZDpCQjU0NjU4QjIyQTNFMTExQkI5Rjk5QkQ4RkQ5RUJFQiIgeG1wTU06RG9jdW1lbnRJRD0ieG1wLmRpZDpDODdDM0Y0QUEzRDUxMUUxQjk5N0MzQjVFRDMyQUE1MiIgeG1wTU06SW5zdGFuY2VJRD0ieG1wLmlpZDpDODdDM0Y0OUEzRDUxMUUxQjk5N0MzQjVFRDMyQUE1MiIgeG1wOkNyZWF0b3JUb29sPSJBZG9iZSBQaG90b3Nob3AgQ1M2IChXaW5kb3dzKSI+IDx4bXBNTTpEZXJpdmVkRnJvbSBzdFJlZjppbnN0YW5jZUlEPSJ4bXAuaWlkOjQ4MTZDRTNCRDVBM0UxMTFBQTI2QTBCMjZENzg1Qzg5IiBzdFJlZjpkb2N1bWVudElEPSJ4bXAuZGlkOkJCNTQ2NThCMjJBM0UxMTFCQjlGOTlCRDhGRDlFQkVCIi8+IDwvcmRmOkRlc2NyaXB0aW9uPiA8L3JkZjpSREY+IDwveDp4bXBtZXRhPiA8P3hwYWNrZXQgZW5kPSJyIj8+yj6RYgAAAPZJREFUeNp0kM8KgkAQxmc1E0Wfo3vQn5eRSDx4EUHwbTpEhx4lil7DiydBQUFXp5nAMNsGhpnd/X77za4Iw3CFiFcAWFMFDkXtKZ/UHhfUnB3HWdu2/REpAL2u631ZlicGdpZlwTAMSmBM0zS5bhgQLB5FU3AOUS4XvNn3vVKgAACCIMA0TbFpGsyyDJMkefdFUWAcx1hVFeZ5jlEUoed5qPEI7KDrOhiG8e6llNC27Zcz77FW+L6Pruv+WKtGIzfgR39umv/UHOJgAMlO/BPOXCQDD5p3r2ma8lvHNU9BcWPg0HXdhRZbOhRT8aSXVO9U/ZcAAwAsmjsSQcM0lwAAAABJRU5ErkJggg==) " ";}
.successful.label th:first-child:before, .successful.label td:first-child:before {content:url(data:image/png;base64,iVBORw0KGgoAAAANSUhEUgAAAAwAAAAMCAYAAABWdVznAAAAGXRFWHRTb2Z0d2FyZQBBZG9iZSBJbWFnZVJlYWR5ccllPAAAA2ZpVFh0WE1MOmNvbS5hZG9iZS54bXAAAAAAADw/eHBhY2tldCBiZWdpbj0i77u/IiBpZD0iVzVNME1wQ2VoaUh6cmVTek5UY3prYzlkIj8+IDx4OnhtcG1ldGEgeG1sbnM6eD0iYWRvYmU6bnM6bWV0YS8iIHg6eG1wdGs9IkFkb2JlIFhNUCBDb3JlIDUuMy1jMDExIDY2LjE0NTY2MSwgMjAxMi8wMi8wNi0xNDo1NjoyNyAgICAgICAgIj4gPHJkZjpSREYgeG1sbnM6cmRmPSJodHRwOi8vd3d3LnczLm9yZy8xOTk5LzAyLzIyLXJkZi1zeW50YXgtbnMjIj4gPHJkZjpEZXNjcmlwdGlvbiByZGY6YWJvdXQ9IiIgeG1sbnM6eG1wTU09Imh0dHA6Ly9ucy5hZG9iZS5jb20veGFwLzEuMC9tbS8iIHhtbG5zOnN0UmVmPSJodHRwOi8vbnMuYWRvYmUuY29tL3hhcC8xLjAvc1R5cGUvUmVzb3VyY2VSZWYjIiB4bWxuczp4bXA9Imh0dHA6Ly9ucy5hZG9iZS5jb20veGFwLzEuMC8iIHhtcE1NOk9yaWdpbmFsRG9jdW1lbnRJRD0ieG1wLmRpZDpCQjU0NjU4QjIyQTNFMTExQkI5Rjk5QkQ4RkQ5RUJFQiIgeG1wTU06RG9jdW1lbnRJRD0ieG1wLmRpZDpEMDVBNThBQUEzRDUxMUUxQjdCQkM2QUNBMTNBMDExNiIgeG1wTU06SW5zdGFuY2VJRD0ieG1wLmlpZDpEMDVBNThBOUEzRDUxMUUxQjdCQkM2QUNBMTNBMDExNiIgeG1wOkNyZWF0b3JUb29sPSJBZG9iZSBQaG90b3Nob3AgQ1M2IChXaW5kb3dzKSI+IDx4bXBNTTpEZXJpdmVkRnJvbSBzdFJlZjppbnN0YW5jZUlEPSJ4bXAuaWlkOjQ4MTZDRTNCRDVBM0UxMTFBQTI2QTBCMjZENzg1Qzg5IiBzdFJlZjpkb2N1bWVudElEPSJ4bXAuZGlkOkJCNTQ2NThCMjJBM0UxMTFCQjlGOTlCRDhGRDlFQkVCIi8+IDwvcmRmOkRlc2NyaXB0aW9uPiA8L3JkZjpSREY+IDwveDp4bXBtZXRhPiA8P3hwYWNrZXQgZW5kPSJyIj8+xJ3YrgAAAYBJREFUeNpsUrtKA1EQPZtdY4gEQiD4QCsLEVGX4CP4AykEq1hYiGghCDZ+gBZWVtrZ+EAjaGOhfoAkNiaKhYWICilMEQNqoYjZ5O4d5+6ucQuLM3funDNzD7OrLe229YBwSKAEnyAP/pyIbL5fcz5rcNiLtuqJSEz3ickn5ruE/vFmJ9/LYjvAldGWqA7bJkgPtoAHQrS5G6NdiwhFWCoxHOCgKUL+iurkCBVawyamE8d4qmSZ51clBZUlh+RG14JzEsJNcaTNLVwWd1B6vXXqkmGoYNeVUPnW3JNr4+YarPoncvebEAKNekAlokaY6N/A1NA+SBgY6Eijtz2Fs5sVWNWawysorWNJsO+q9QWzaxLTYwfojA3isZzDfSnrWvTsNiyp7pOrZURC7ejrTDEpcVpY9ab+NSioLZEiapZA5nwBxZcC8g9HeK7ccYM7TDnwmoU2vx6/NIJaUjc0b0u8YvJNle5HdJvlhbI0Y31ThqsjTGr0/+8hOOQ5nfsRYACtHiy+FDd82wAAAABJRU5ErkJggg==) " "}
/*.successful.label a:before {content:url(data:image/png;base64,iVBORw0KGgoAAAANSUhEUgAAAAwAAAAMCAYAAABWdVznAAAAGXRFWHRTb2Z0d2FyZQBBZG9iZSBJbWFnZVJlYWR5ccllPAAAA2ZpVFh0WE1MOmNvbS5hZG9iZS54bXAAAAAAADw/eHBhY2tldCBiZWdpbj0i77u/IiBpZD0iVzVNME1wQ2VoaUh6cmVTek5UY3prYzlkIj8+IDx4OnhtcG1ldGEgeG1sbnM6eD0iYWRvYmU6bnM6bWV0YS8iIHg6eG1wdGs9IkFkb2JlIFhNUCBDb3JlIDUuMy1jMDExIDY2LjE0NTY2MSwgMjAxMi8wMi8wNi0xNDo1NjoyNyAgICAgICAgIj4gPHJkZjpSREYgeG1sbnM6cmRmPSJodHRwOi8vd3d3LnczLm9yZy8xOTk5LzAyLzIyLXJkZi1zeW50YXgtbnMjIj4gPHJkZjpEZXNjcmlwdGlvbiByZGY6YWJvdXQ9IiIgeG1sbnM6eG1wTU09Imh0dHA6Ly9ucy5hZG9iZS5jb20veGFwLzEuMC9tbS8iIHhtbG5zOnN0UmVmPSJodHRwOi8vbnMuYWRvYmUuY29tL3hhcC8xLjAvc1R5cGUvUmVzb3VyY2VSZWYjIiB4bWxuczp4bXA9Imh0dHA6Ly9ucy5hZG9iZS5jb20veGFwLzEuMC8iIHhtcE1NOk9yaWdpbmFsRG9jdW1lbnRJRD0ieG1wLmRpZDpCQjU0NjU4QjIyQTNFMTExQkI5Rjk5QkQ4RkQ5RUJFQiIgeG1wTU06RG9jdW1lbnRJRD0ieG1wLmRpZDpEMDVBNThBQUEzRDUxMUUxQjdCQkM2QUNBMTNBMDExNiIgeG1wTU06SW5zdGFuY2VJRD0ieG1wLmlpZDpEMDVBNThBOUEzRDUxMUUxQjdCQkM2QUNBMTNBMDExNiIgeG1wOkNyZWF0b3JUb29sPSJBZG9iZSBQaG90b3Nob3AgQ1M2IChXaW5kb3dzKSI+IDx4bXBNTTpEZXJpdmVkRnJvbSBzdFJlZjppbnN0YW5jZUlEPSJ4bXAuaWlkOjQ4MTZDRTNCRDVBM0UxMTFBQTI2QTBCMjZENzg1Qzg5IiBzdFJlZjpkb2N1bWVudElEPSJ4bXAuZGlkOkJCNTQ2NThCMjJBM0UxMTFCQjlGOTlCRDhGRDlFQkVCIi8+IDwvcmRmOkRlc2NyaXB0aW9uPiA8L3JkZjpSREY+IDwveDp4bXBtZXRhPiA8P3hwYWNrZXQgZW5kPSJyIj8+xJ3YrgAAAYBJREFUeNpsUrtKA1EQPZtdY4gEQiD4QCsLEVGX4CP4AykEq1hYiGghCDZ+gBZWVtrZ+EAjaGOhfoAkNiaKhYWICilMEQNqoYjZ5O4d5+6ucQuLM3funDNzD7OrLe229YBwSKAEnyAP/pyIbL5fcz5rcNiLtuqJSEz3ickn5ruE/vFmJ9/LYjvAldGWqA7bJkgPtoAHQrS5G6NdiwhFWCoxHOCgKUL+iurkCBVawyamE8d4qmSZ51clBZUlh+RG14JzEsJNcaTNLVwWd1B6vXXqkmGoYNeVUPnW3JNr4+YarPoncvebEAKNekAlokaY6N/A1NA+SBgY6Eijtz2Fs5sVWNWawysorWNJsO+q9QWzaxLTYwfojA3isZzDfSnrWvTsNiyp7pOrZURC7ejrTDEpcVpY9ab+NSioLZEiapZA5nwBxZcC8g9HeK7ccYM7TDnwmoU2vx6/NIJaUjc0b0u8YvJNle5HdJvlhbI0Y31ThqsjTGr0/+8hOOQ5nfsRYACtHiy+FDd82wAAAABJRU5ErkJggg==) " "}*/

.xspecResult { width: 90%; table-layout: fixed; }

.xspecResult td,
.xspecResult th { width: 50%; }

/*.xspecResult pre { 
  margin-left: 0; 
  padding: 0.5em; 
  overflow: auto; 
  border: 1px #999 dotted;
}*/

span.scenario-totals {float: right; width: 14.5%; text-align: left}

/* OXYGEN */
span.scenario-totals {float: right; width: 34.5%; text-align: right}

h2.failed {
    background-color: #FCC;
}

h1, h2 {
    width: 86%;
    margin-left: 3%;
    
    font-size:1.4em;
    font-weight:bold;
    text-align:left;
    margin-top:1.4em;
    margin-bottom:0.7em;
    color:#333333;
    background-color:inherit;
}

h1 {
    font-size:1.7em;
}

body &gt; h1:first-child:before {
    content:"XSLT UNIT ";
}

body &gt; h2:first-of-type {
    font-size:1.7em;
}

div &gt; table &gt; tbody &gt; tr &gt; th:first-child {
    font-weight:bold;
}

div &gt; h3 {
    font-weight:bold;
    margin-left: 3%;
}

div &gt; h4 {
    font-weight:normal;
    margin-left: 4%;
}

th.result { text-align: center; }
/* OXYGEN */


/* ------------------------------------------------------------------------ */
/*  DO NOT ALTER OR REMOVE COPYRIGHT NOTICES OR THIS COMMENT.               */
/*                                                                          */
/*  Copyright (c) 2008, 2010 Jeni Tennsion                                  */
/*                                                                          */
/*  The contents of this file are subject to the MIT License (see the URI   */
/*  http://www.opensource.org/licenses/mit-license.php for details).        */
/*                                                                          */
/*  Permission is hereby granted, free of charge, to any person obtaining   */
/*  a copy of this software and associated documentation files (the         */
/*  "Software"), to deal in the Software without restriction, including     */
/*  without limitation the rights to use, copy, modify, merge, publish,     */
/*  distribute, sublicense, and/or sell copies of the Software, and to      */
/*  permit persons to whom the Software is furnished to do so, subject to   */
/*  the following conditions:                                               */
/*                                                                          */
/*  The above copyright notice and this permission notice shall be          */
/*  included in all copies or substantial portions of the Software.         */
/*                                                                          */
/*  THE SOFTWARE IS PROVIDED "AS IS", WITHOUT WARRANTY OF ANY KIND,         */
/*  EXPRESS OR IMPLIED, INCLUDING BUT NOT LIMITED TO THE WARRANTIES OF      */
/*  MERCHANTABILITY, FITNESS FOR A PARTICULAR PURPOSE AND NONINFRINGEMENT.  */
/*  IN NO EVENT SHALL THE AUTHORS OR COPYRIGHT HOLDERS BE LIABLE FOR ANY    */
/*  CLAIM, DAMAGES OR OTHER LIABILITY, WHETHER IN AN ACTION OF CONTRACT,    */
/*  TORT OR OTHERWISE, ARISING FROM, OUT OF OR IN CONNECTION WITH THE       */
/*  SOFTWARE OR THE USE OR OTHER DEALINGS IN THE SOFTWARE.                  */
/* ------------------------------------------------------------------------ */

.nobr { white-space: nowrap; }
.scenario-label { text-indent: 0px; }
.context-label { text-indent: 10px; }
.test-label { text-indent: 20px; }
.pending-label { text-indent: 30px; }


        /**/</style>
    </head><body><h1>Test Report</h1><p>Script: <a>file:/home/jostein/xprocspec/src/test/xprocspec/tests/scenario-1.xprocspec</a></p><p>Tested: 2013-08-22T16:03:03.804+02:00</p><h2>Contents</h2><table><col/><col/><col/><col/><col/><col/><thead><tr><th/><th>passed:1</th><th>pending:1</th><th>failed:0</th><th>errors:0</th><th>total:2</th></tr></thead><tbody><tr><th><a>ex:identity</a></th><th>1</th><th>0</th><th>0</th><th>0</th><th>1</th></tr><tr><th><a>Not calling: file:/home/jostein/xprocspec/src/test/xprocspec/steps/identity.xpl</a></th><th>0</th><th>1</th><th>0</th><th>0</th><th>1</th></tr></tbody></table><div><h2>Calling: <a>ex:identity</a><span>passed:1 / pending:0 / failed:0 / errors:0 / total:1</span></h2><table><col/><col/><tbody><tr><th>identity</th><th>passed:1 / pending:0 / failed:0 / errors:0 / total:1</th></tr><tr><th>the results</th><th>passed:1 / pending:0 / failed:0 / errors:0 / total:1</th></tr><tr><td>the option 'option' should have the value 'option-value'</td><td>Success</td></tr></tbody></table></div><div><h2>Not calling: <a>file:/home/jostein/xprocspec/src/test/xprocspec/steps/identity.xpl</a><span>passed:0 / pending:1 / failed:0 /
                                    errors:0 / total:1</span></h2><table><col/><col/><tbody><tr><th>pending scenario</th><th>passed:0 / pending:1 / failed:0 / errors:0 / total:1</th></tr><tr><td>Not implemented</td><td>Pending</td></tr></tbody></table></div><link/><script> </script><script>hljs.initHighlightingOnLoad();</script></body></html></x:document></x:output><x:output port="junit"><x:document xml:base="file:/home/jostein/xprocspec/src/main/resources/content/xml/xproc/report/report.xpl" type="inline"><testsuites><testsuite>
<properties>

<property/>
<property/>

</properties>
<testcase><system-out>the option 'option' should have the value 'option-value': SUCCESS</system-out>
<system-err/></testcase></testsuite><testsuite>
<properties>


</properties>
<testcase><skipped>Not implemented</skipped><system-out>pending scenario: SKIPPED</system-out></testcase></testsuite></testsuites></x:document></x:output><x:test-result contextref="context4" result="passed" test="/*/@tests='2'" label="there should be 2 tests" type="xpath">
                                                        <x:expected>/*/@tests='2'</x:expected>
                                                    </x:test-result><x:test-result contextref="context4" result="passed" test="/*/*/@skipped='1'" label="there should be a skipped test" type="xpath">
                                                        <x:expected>/*/*/@skipped='1'</x:expected>
                                                    </x:test-result></x:description><x:description xmlns:cx="http://xmlcalabash.com/ns/extensions" xmlns:c="http://www.w3.org/ns/xproc-step" xml:base="file:/home/jostein/xprocspec/src/test/xprocspec/test.xprocspec" test-base-uri="file:/home/jostein/xprocspec/src/test/xprocspec/test.xprocspec" script="file:/home/jostein/xprocspec/src/main/resources/content/xml/xproc/xprocspec.xpl" test-grammar="xprocspec" temp-dir="file:/tmp/xprocspec-20130822160259495/"><x:step-declaration><p:declare-step xmlns:p="http://www.w3.org/ns/xproc" xmlns:px="http://www.daisy.org/ns/xprocspec" xmlns:pxi="http://www.daisy.org/ns/xprocspec/xproc-internal/" xmlns:pkg="http://expath.org/ns/pkg" type="px:xprocspec" name="main" version="1.0" xpath-version="2.0" pkg:import-uri="http://www.daisy.org/ns/xprocspec/xprocspec.xpl" x:type="{http://www.daisy.org/ns/xprocspec}xprocspec"><p:input port="source" kind="document" sequence="false" primary="true"/><p:output port="result" kind="document" sequence="false" primary="false"><p:pipe port="result" step="report"/></p:output><p:output port="html" kind="document" sequence="false" primary="false"><p:pipe port="html" step="report"/></p:output><p:output port="junit" kind="document" sequence="false" primary="false"><p:pipe port="junit" step="report"/></p:output><p:option name="temp-dir" select="'file:/tmp/'"/></p:declare-step></x:step-declaration><x:scenario end-time="2013-08-22T14:03:04.667Z" label="the scenario element - with two child scenarios, one of which has another child scenario" start-time="2013-08-22T14:03:04.038Z"><x:call x:type="{http://www.daisy.org/ns/xprocspec}xprocspec" step="x:xprocspec"><x:option select="$temp-dir" name="temp-dir" value="file:/tmp/xprocspec-20130822160259495/"/><x:input port="source">
                    <x:document xml:base="file:/home/jostein/xprocspec/src/test/xprocspec/test.xprocspec" type="inline"><p:declare-step xmlns:p="http://www.w3.org/ns/xproc" xmlns:pxi="http://www.daisy.org/ns/xprocspec/xproc-internal/" name="main" type="pxi:load" version="1.0">

    <p:output port="result"/>

    <p:option name="href" required="true"/>
    <p:option name="method" select="'xml'"/>

    <p:import href="logging-library.xpl"/>

    <p:declare-step type="pxi:load-text">
        <p:output port="result"/>
        <p:option name="href"/>
        <p:identity>
            <p:input port="source">
                <p:inline>
                    <c:request method="GET" override-content-type="text/plain; charset=utf-8"/>
                </p:inline>
            </p:input>
        </p:identity>
        <p:add-attribute match="c:request" attribute-name="href">
            <p:with-option name="attribute-value" select="$href"/>
        </p:add-attribute>
        <p:http-request/>
    </p:declare-step>

    <p:declare-step type="pxi:load-binary">
        <p:output port="result"/>
        <p:option name="href"/>
        <p:identity>
            <p:input port="source">
                <p:inline>
                    <c:request method="GET" override-content-type="binary/octet-stream"/>
                </p:inline>
            </p:input>
        </p:identity>
        <p:add-attribute match="c:request" attribute-name="href">
            <p:with-option name="attribute-value" select="$href"/>
        </p:add-attribute>
        <p:http-request/>
    </p:declare-step>

    <pxi:message>
        <p:input port="source">
            <p:inline>
                <doc/>
            </p:inline>
        </p:input>
        <p:with-option name="message" select="concat('loading &#34;',$href,'&#34;')"/>
    </pxi:message>
    <p:sink/>

    <p:choose>
        <!--<!-\- Force HTML -\->
    <p:when test="$method='html'">
        <px:html-load>
            <p:with-option name="href" select="$href"/>
        </px:html-load>
    </p:when>-->

        <!-- XML -->
        <p:when test="$method='xml'">
            <p:try>
                <p:group>
                    <p:load>
                        <p:with-option name="href" select="$href"/>
                    </p:load>
                </p:group>
                <p:catch>
                    <pxi:message>
                        <p:input port="source">
                            <p:empty/>
                        </p:input>
                        <p:with-option name="message" select="concat('unable to load ',$href,' as XML')"/>
                    </pxi:message>
                </p:catch>
            </p:try>
        </p:when>

        <!-- text -->
        <p:when test="$method='text'">
            <pxi:load-text>
                <p:with-option name="href" select="$href"/>
            </pxi:load-text>
        </p:when>

        <!--<!-\- HTML -\->
                <p:when test="$media-type='text/html' or $media-type='application/xhtml+xml'">
                    <px:html-load>
                        <p:with-option name="href" select="$href"/>
                    </px:html-load>
                </p:when>-->

        <!-- default to 'binary' -->
        <p:otherwise>
            <pxi:load-binary>
                <p:with-option name="href" select="$href"/>
            </pxi:load-binary>
        </p:otherwise>
    </p:choose>

</p:declare-step></x:document>
                </x:input></x:call><x:context label="the junit output port" id="context5">
                <x:document xml:base="file:/home/jostein/xprocspec/src/main/resources/content/xml/xproc/report/report.xpl" type="inline"><testsuites tests="3" failures="0" time="0.505" errors="0" name="scenario2"><testsuite timestamp="2013-08-22T14:03:04.56Z" hostname="localhost" tests="1" errors="0" failures="0" skipped="0" id="d7837e1" name="parentChild1" package="http://example.net/ns" time="0.01">
<properties>

<property name="option: option" value="option-value"/>
<property name="option: option.required" value="option.required-value"/>

</properties>
<testcase name="theOptionOptionShouldHaveTheValueOptionvalue" classname="identity" assertions="1" time="0" status="SUCCESS"><system-out>the option 'option' should have the value 'option-value': SUCCESS</system-out>
<system-err/></testcase></testsuite><testsuite timestamp="2013-08-22T14:03:04.571Z" hostname="localhost" tests="1" errors="0" failures="0" skipped="0" id="d7843e1" name="parentChild2Child2A" package="http://example.net/ns" time="0.01">
<properties>

<property name="option: option" value="option-value"/>
<property name="option: option.required" value="option.required-value"/>

</properties>
<testcase name="theOptionOptionShouldHaveTheValueOptionvalue" classname="identity" assertions="1" time="0" status="SUCCESS"><system-out>the option 'option' should have the value 'option-value': SUCCESS</system-out>
<system-err/></testcase></testsuite><testsuite timestamp="2013-08-22T14:03:04.592Z" hostname="localhost" tests="1" errors="0" failures="0" skipped="0" id="d7848e1" name="parentChild2Child2B" package="http://example.net/ns" time="0.01">
<properties>

<property name="option: option" value="option-value"/>
<property name="option: option.required" value="option.required-value"/>

</properties>
<testcase name="theOptionOptionShouldHaveTheValueOptionvalue" classname="identity" assertions="1" time="0" status="SUCCESS"><system-out>the option 'option' should have the value 'option-value': SUCCESS</system-out>
<system-err/></testcase></testsuite></testsuites></x:document>
            </x:context><x:expect label="there should be 3 tests" type="xpath" test="/*/@tests='3'" contextref="context5"/></x:scenario><x:output port="result"><x:document xml:base="file:/home/jostein/xprocspec/src/main/resources/content/xml/xproc/report/report.xpl" type="inline"><x:test-report><x:description><x:step-declaration><p:declare-step xmlns:p="http://www.w3.org/ns/xproc" xmlns:ex="http://example.net/ns"><p:input><p:inline>
            <source.document.primary.default/>
        </p:inline></p:input><p:input><p:inline>
            <source.document.secondary.sequence/>
        </p:inline></p:input><p:input><p:inline>
            <default>
                <default/>
                <default/>
            </default>
        </p:inline></p:input><p:input/><p:input/><p:output><p:pipe/></p:output><p:output><p:pipe/></p:output><p:output><p:pipe/></p:output><p:output><p:pipe/></p:output><p:output><p:pipe/></p:output><p:output><p:pipe/></p:output><p:option/><p:option/><p:option/></p:declare-step></x:step-declaration><x:scenario xmlns:e="http://example.net/ns"><x:call><x:option/><x:option/></x:call><x:context>
                <x:document>
                <c:options xmlns:ex="http://example.net/ns">
                    <c:option/>
                    <c:option/>
                    <c:option/>
                </c:options>
            </x:document>
            </x:context><x:expect/></x:scenario><x:output><x:document>
            <source.document.primary.default xmlns:ex="http://example.net/ns"/>
        </x:document></x:output><x:output><x:document>
            <source.document.secondary.sequence xmlns:ex="http://example.net/ns"/>
        </x:document></x:output><x:output><x:document><default xmlns:ex="http://example.net/ns"/></x:document><x:document><default xmlns:ex="http://example.net/ns"/></x:document></x:output><x:output><x:document><c:param-set xmlns:ex="http://example.net/ns"/></x:document><x:document><c:param-set/></x:document></x:output><x:output><x:document><c:param-set/></x:document></x:output><x:output><x:document>
                <c:options xmlns:ex="http://example.net/ns">
                    <c:option/>
                    <c:option/>
                    <c:option/>
                </c:options>
            </x:document></x:output><x:test-result>
                                                        <x:expected>/*/*[@name='option']/@value='option-value'</x:expected>
                                                    </x:test-result></x:description><x:description><x:step-declaration><p:declare-step xmlns:p="http://www.w3.org/ns/xproc" xmlns:ex="http://example.net/ns"><p:input><p:inline>
            <source.document.primary.default/>
        </p:inline></p:input><p:input><p:inline>
            <source.document.secondary.sequence/>
        </p:inline></p:input><p:input><p:inline>
            <default>
                <default/>
                <default/>
            </default>
        </p:inline></p:input><p:input/><p:input/><p:output><p:pipe/></p:output><p:output><p:pipe/></p:output><p:output><p:pipe/></p:output><p:output><p:pipe/></p:output><p:output><p:pipe/></p:output><p:output><p:pipe/></p:output><p:option/><p:option/><p:option/></p:declare-step></x:step-declaration><x:scenario xmlns:e="http://example.net/ns"><x:call><x:option/><x:option/></x:call><x:context>
                    <x:document>
                <c:options xmlns:ex="http://example.net/ns">
                    <c:option/>
                    <c:option/>
                    <c:option/>
                </c:options>
            </x:document>
                </x:context><x:expect/></x:scenario><x:output><x:document>
            <source.document.primary.default xmlns:ex="http://example.net/ns"/>
        </x:document></x:output><x:output><x:document>
            <source.document.secondary.sequence xmlns:ex="http://example.net/ns"/>
        </x:document></x:output><x:output><x:document><default xmlns:ex="http://example.net/ns"/></x:document><x:document><default xmlns:ex="http://example.net/ns"/></x:document></x:output><x:output><x:document><c:param-set xmlns:ex="http://example.net/ns"/></x:document><x:document><c:param-set/></x:document></x:output><x:output><x:document><c:param-set/></x:document></x:output><x:output><x:document>
                <c:options xmlns:ex="http://example.net/ns">
                    <c:option/>
                    <c:option/>
                    <c:option/>
                </c:options>
            </x:document></x:output><x:test-result>
                                                        <x:expected>/*/*[@name='option']/@value='option-value'</x:expected>
                                                    </x:test-result></x:description><x:description><x:step-declaration><p:declare-step xmlns:p="http://www.w3.org/ns/xproc" xmlns:ex="http://example.net/ns"><p:input><p:inline>
            <source.document.primary.default/>
        </p:inline></p:input><p:input><p:inline>
            <source.document.secondary.sequence/>
        </p:inline></p:input><p:input><p:inline>
            <default>
                <default/>
                <default/>
            </default>
        </p:inline></p:input><p:input/><p:input/><p:output><p:pipe/></p:output><p:output><p:pipe/></p:output><p:output><p:pipe/></p:output><p:output><p:pipe/></p:output><p:output><p:pipe/></p:output><p:output><p:pipe/></p:output><p:option/><p:option/><p:option/></p:declare-step></x:step-declaration><x:scenario xmlns:e="http://example.net/ns"><x:call><x:option/><x:option/></x:call><x:context>
                    <x:document>
                <c:options xmlns:ex="http://example.net/ns">
                    <c:option/>
                    <c:option/>
                    <c:option/>
                </c:options>
            </x:document>
                </x:context><x:expect/></x:scenario><x:output><x:document>
            <source.document.primary.default xmlns:ex="http://example.net/ns"/>
        </x:document></x:output><x:output><x:document>
            <source.document.secondary.sequence xmlns:ex="http://example.net/ns"/>
        </x:document></x:output><x:output><x:document><default xmlns:ex="http://example.net/ns"/></x:document><x:document><default xmlns:ex="http://example.net/ns"/></x:document></x:output><x:output><x:document><c:param-set xmlns:ex="http://example.net/ns"/></x:document><x:document><c:param-set/></x:document></x:output><x:output><x:document><c:param-set/></x:document></x:output><x:output><x:document>
                <c:options xmlns:ex="http://example.net/ns">
                    <c:option/>
                    <c:option/>
                    <c:option/>
                </c:options>
            </x:document></x:output><x:test-result>
                                                        <x:expected>/*/*[@name='option']/@value='option-value'</x:expected>
                                                    </x:test-result></x:description></x:test-report></x:document></x:output><x:output port="html"><x:document xml:base="file:/home/jostein/xprocspec/src/main/resources/content/xml/xproc/report/report-template.xhtml" type="inline"><html xmlns="http://www.w3.org/1999/xhtml"><head><title>Test Report for file:/home/jostein/xprocspec/src/test/xprocspec/tests/scenario-2.xprocspec (passed:3 / pending:0 / failed:0 / errors:0 / total:3)</title>
        <meta/>
        <style>/**/
/****************************************************************************/
/*  File:       test-report.css                                             */
/*  Author:     Jeni Tennsion                                               */
/*  URI:        http://xspec.googlecode.com/                                */
/*  Tags:                                                                   */
/*    Copyright (c) 2008, 2010 Jeni Tennsion (see end of file.)             */
/* ------------------------------------------------------------------------ */


/* test */

/* box model */

body {
	margin-right: 1em;
	margin-left: 10%;
	}

h1 {
	padding: 0.3em 0.5em 0.3em 0.5em;
	position: relative;
	}

h2 {
	padding: 0.1em 0.5em 0.2em 0.5em;
	}

h3 {
	padding-left: 0.6em;
	}

h4 {
	padding-left: 0.8em;
	}

p, table {
	margin-left: 5%;
	}

dd ul, dd ol {
	margin-left: 0%;
	}

li ul, li ol {
	margin-left: 5%;
	}

dl, ul, ol, blockquote {
	margin-left: 10%;
	}

dt {
  padding-top: 3px;
  padding-bottom: 3px;
	clear: both;
	}

dd p {
	margin-left: -5px;
	margin-top: 5px;
	clear: both;
	}

p.link {
	margin-top: 4px;
	margin-bottom: 0px;
	clear: both;
	}

tr td, td p, li, li p {
	margin-left: 0%;
	}

td:nth-child(2) {
	padding-left: 5%;
	}

.link img, dt img {
	vertical-align: middle;
	position: relative;
	top: -5px;
	}

img {
	position: relative;
	}

#xml-link {
	position: absolute;
	left: 5px;
	top: 5px;
	width: 10%;
	margin-left: 0%;
	}

#link-up {
	position: absolute;
	left: 93%;
	right: 2em;
	top: 0.3em;
	}

#link-top {
	position: absolute;
	left: 89%;
	right: 4em;
	top: 0.3em;
	}
	
.popup {
	display: block;
	visibility: hidden;
	float: right;
	position: absolute;
	top: 5px;
	left: -200px;
	z-index: 1;
	padding: 0.3em;
	width: 220px;
	}

.note {
	position: relative;
	}

.post {
	margin-left: 5%;
	padding-top: 1em;
	}
	
.example, .sidebar {
  margin-left: 5%;
  margin-top: 1em;
  margin-bottom: 1em;
  }

/*pre {
	padding-left: 5%;
	margin-left: 5%;
	}*/

/*dd pre, li pre {
	padding-left: 5%;
	}*/

/* fonts */
/* Oxygen  */
body, table {
    font-family:arial, helvetica, sans-serif;
    font-size:12px;
}
/* Oxygen  */

/*body {
	font-family: Verdana, arial, sans-serif;
	font-size: small;
	}*/	

/*h1, h2, h3, h4, h5, h6 {
	font-family: 'trebuchet MS', arial, sans-serif;
	}*/

h1 {
	font-size: 173%;
	font-weight: bold;
	}

h2 {
	font-size: 144%;
	font-weight: normal;
	}

h3 {
	font-size: 120%;
	font-weight: normal;
	}

h4 {
  font-size: 100%;
  font-weight: bold;
}

dt {
	font-weight: bold;
	}

a:link, a:visited, a:active, a:hover {
	font-weight: bold;
	}

a.offsite:link, a.offsite:visited, a.offsite:active, a.offsite:hover {
	font-weight: normal;
	}

/* suppress the normal italics */
address {
	font-style: normal;
	}

div.example, .sidebar {
  font-family: Verdana, arial, sans-serif;
  font-size: 100%;
  }


.note, .link {
	font-family: Verdana, arial, sans-serif;
	/*font-size: 83%;*/
	}

/*.example, .string, .rtf, .code, pre, code {
	font-family: "Lucida Console", "Courier New", monospace;*/
  /*font-size: 83%;*/
/*	}*/

.boolean {
	font-style: italic;
	}

#colophon, #xml-link {
	font-size: 69%;
	}

.question, .title {
	font-weight: bold;
	}

/* colours */
body {
	background-color: white;
	color: black;
	border: 0px none black;
	}

/* this is to make Navigator fill the entire line */
h1, h2 {
	border: 1px solid white;
	width: auto;
	}

h1 {
	/*background: #606;*/
	/*color: #6F6;*/
	}

h2 {
	color: #606;
	/*background: #CFC;*/
	}

hr {
	color: #606;
	background: white;
	}

img, a:link img, a:visited img, a:hover img, a:active img, #link-up img, #link-top img {
	border: 0px none white;
	background: transparent;
	}

/* OXYGEN */
a, a:visited {
    color:rgb(0, 0, 150);
    background-color:inherit;
    font-weight: bold;
}
a:link, a:visited {
    text-decoration:none; 
}
a:hover {
    text-decoration:underline;
}

/* OXYGEN */

a.img:hover, a.img:active {
	background: transparent;
	}

#colophon, #xml-link, .note {
	color: #666;
	}

#colophon a:link, #colophon a:visited, #colophon a:hover,
#xml-link a:link, #xml-link a:visited, #xml-link a:hover,
.note a:link, .note a:visited, .note a:hover {
	color: #969;
	background: transparent;
	}

#colophon a:hover, #xml-link a:hover, .note a:hover {
	background: #CFC;
	color: #969;
	}

.popup {
	background: white;
	border: 1px solid #606;
	}

.post {
	border-top: 2px solid #606;
	}
	
.example {
  border-top: 2px solid #606;
  border-bottom: 2px solid #606;
  }
  
.sidebar {
  border-top: 2px solid #090;
  border-bottom: 2px solid #090;
  }
  
.rng {
  border-left: 2px solid #666;
  }

.same {
  background-color: rgb(206, 239, 174);
}

.diff {
  background-color: #FCC;
}

.whitespace {
	font-style: italic;
	color: #999;
	background: white;
}

.ignored {
  font-style: italic;
  color: #999;
  background: white;
}

.hit {
}

.missed {
  background-color: #A33;
  color: white;
}

/* text */
ol ol li {
	list-style: lower-alpha;
	}

th {
	text-align: left;
	}

td {
	vertical-align: top;
	}

h1 {
	text-transform: uppercase;
	}

h2, h3 {
	/*text-transform: capitalize;*/
	}

.question {
	text-indent: -33px;
	}

.byline {
	text-align: right;
	}

#link-top, #link-up {
	text-align: right;
	}

a {
	text-decoration: none;
	}

table { width: 85%;
        /* border: collapse; */ }

th { text-align: left; }

.xspec tbody th { font-weight: normal; /*font-size: 0.8em;*/ border-top: 1px #666 solid; }
.xspec tbody td { /*font-size: 0.8em;*/ color: #666; }

.successful.label th, .successful.label td { background-color: #CFC; }
.pending.label th, .pending.label td { background-color: #DDD; color: #666; }
.failed.label th, .failed.label td { background-color: #FCC; }
.error.label th, .error.label td { background-color: #FAA; }
/*body &gt; table tbody .failed.label th:first-child:before {content:url(data:image/png;base64,iVBORw0KGgoAAAANSUhEUgAAAAwAAAAMCAYAAABWdVznAAAAGXRFWHRTb2Z0d2FyZQBBZG9iZSBJbWFnZVJlYWR5ccllPAAAA2ZpVFh0WE1MOmNvbS5hZG9iZS54bXAAAAAAADw/eHBhY2tldCBiZWdpbj0i77u/IiBpZD0iVzVNME1wQ2VoaUh6cmVTek5UY3prYzlkIj8+IDx4OnhtcG1ldGEgeG1sbnM6eD0iYWRvYmU6bnM6bWV0YS8iIHg6eG1wdGs9IkFkb2JlIFhNUCBDb3JlIDUuMy1jMDExIDY2LjE0NTY2MSwgMjAxMi8wMi8wNi0xNDo1NjoyNyAgICAgICAgIj4gPHJkZjpSREYgeG1sbnM6cmRmPSJodHRwOi8vd3d3LnczLm9yZy8xOTk5LzAyLzIyLXJkZi1zeW50YXgtbnMjIj4gPHJkZjpEZXNjcmlwdGlvbiByZGY6YWJvdXQ9IiIgeG1sbnM6eG1wTU09Imh0dHA6Ly9ucy5hZG9iZS5jb20veGFwLzEuMC9tbS8iIHhtbG5zOnN0UmVmPSJodHRwOi8vbnMuYWRvYmUuY29tL3hhcC8xLjAvc1R5cGUvUmVzb3VyY2VSZWYjIiB4bWxuczp4bXA9Imh0dHA6Ly9ucy5hZG9iZS5jb20veGFwLzEuMC8iIHhtcE1NOk9yaWdpbmFsRG9jdW1lbnRJRD0ieG1wLmRpZDpCQjU0NjU4QjIyQTNFMTExQkI5Rjk5QkQ4RkQ5RUJFQiIgeG1wTU06RG9jdW1lbnRJRD0ieG1wLmRpZDpEQTUyOTdBQUEzRDUxMUUxQTQwN0YzMUI0Nzg3NDU1RSIgeG1wTU06SW5zdGFuY2VJRD0ieG1wLmlpZDpEQTUyOTdBOUEzRDUxMUUxQTQwN0YzMUI0Nzg3NDU1RSIgeG1wOkNyZWF0b3JUb29sPSJBZG9iZSBQaG90b3Nob3AgQ1M2IChXaW5kb3dzKSI+IDx4bXBNTTpEZXJpdmVkRnJvbSBzdFJlZjppbnN0YW5jZUlEPSJ4bXAuaWlkOjQ4MTZDRTNCRDVBM0UxMTFBQTI2QTBCMjZENzg1Qzg5IiBzdFJlZjpkb2N1bWVudElEPSJ4bXAuZGlkOkJCNTQ2NThCMjJBM0UxMTFCQjlGOTlCRDhGRDlFQkVCIi8+IDwvcmRmOkRlc2NyaXB0aW9uPiA8L3JkZjpSREY+IDwveDp4bXBtZXRhPiA8P3hwYWNrZXQgZW5kPSJyIj8+aHNJrgAAAZ1JREFUeNpsUssrRGEU/907985YMDPNYlh4hbKZPMdgR3aysrGSSFIeKyUKpewoRTYkmcgCf4MsMI2FPDYGKeUZSoru4/uc82VC+W7fOeee+zvn/M45V1uuyCmVwDogq0hDklD6jy1dspNkdxokVrIzPFUh0/MD5OdXoJDwPFtu3d2ns6TTp9oggTlFZlmN0o4AHMmXfJGo0lmGzoE1OgmNHf5YA8rmN5HfM6wADmUuHphA9cIW/JX1yiek9DIlyijxkNjBzXYche19gNcHzfShoLUdVxtLuD/cYzCoMAzCwqYrhMDx9Chs20JRWzf4nMcXcDI3pYAqQHIAtWUJbpKursMMhpA+RiAEGzpc4X5XkDB4GjaHmiZik/PIa2rBEWVlSuW9Q+T3YndskBi46QpQFcLltchtbEZyZhxna4uKhmV9Ito/gtPNOG4P99WItdlIWARNXWOAv6AEr9cplel7/ggUleDlMqUSvNnCobHKxDsNnqs8XaWUZopp/XhxTkOR+HDVOveYUge9rNLyY9SU9v+vwXuUB2R0fQkwABfn/VKSjTLBAAAAAElFTkSuQmCC) " "}*/
/*body &gt; table tbody .error.label th:first-child:before {content:url(data:image/png;base64,iVBORw0KGgoAAAANSUhEUgAAAAwAAAAMCAYAAABWdVznAAAABmJLR0QAAAAAAAD5Q7t/AAAACXBIWXMAAAsTAAALEwEAmpwYAAAAB3RJTUUH3QcKER4AdkxvvQAAAdVJREFUKM89kM9KG0EAh7/JTHazZInEQwJ68KIWLx6Etj6EjxAobYSsD+BjCJ682EOp0FMueYmS0FMICF4i6tFNzJ/dyRh2Znoo6Xf+Pn7wEzc3Nx/W6/UvY8xJnudkWYa1Fu893nviOCaKIhuG4R/v/Ve1Xq9/bG1tnezs7JDnOVpr3t/fcc4hpaRSqVCpVORqtTp9e3v7rrTWn5vNJpPJhHK5zHg8JssyvPeEYcjR0RFpmlKr1ZjP5x9Li8VCbOR2u83BwQEvLy88PT1xfHzMxcUFQgjSNCXLskDlec5sNuPx8REpJZ1Oh+fnZ4QQnJ+fc319Tb/fZ29vD601SmvNdDplsVhwe3vLaDTi6uoKgCRJGAwGNBoNXl9fMcZQcs5hjGG1WpHnObVajQ3VahWtNcYYjDE451Cb+7z3JElCkiScnZ0hpaTX67G7u0u328V7/y+oVqsIITg8PKTT6dBqtRgOhzjnaLVa3N3dcX9/z3K5JI5jxOXlpSuKQqRpirWWh4eH//Plcpn9/X2cc2xvb1MqlQqllBpYa0/jOGYymdBsNsmyDOccURRRFAX1eh2lFGEY/lZBEHyx1v703n8KgkBEUYSUEu/9RkIIUQRB0A/D8NtflUT+nn4OS+0AAAAASUVORK5CYII=) " "}*/
.failed.label th:first-child:before, .failed.label td:first-child:before {content:url(data:image/png;base64,iVBORw0KGgoAAAANSUhEUgAAAAwAAAAMCAYAAABWdVznAAAAGXRFWHRTb2Z0d2FyZQBBZG9iZSBJbWFnZVJlYWR5ccllPAAAA2ZpVFh0WE1MOmNvbS5hZG9iZS54bXAAAAAAADw/eHBhY2tldCBiZWdpbj0i77u/IiBpZD0iVzVNME1wQ2VoaUh6cmVTek5UY3prYzlkIj8+IDx4OnhtcG1ldGEgeG1sbnM6eD0iYWRvYmU6bnM6bWV0YS8iIHg6eG1wdGs9IkFkb2JlIFhNUCBDb3JlIDUuMy1jMDExIDY2LjE0NTY2MSwgMjAxMi8wMi8wNi0xNDo1NjoyNyAgICAgICAgIj4gPHJkZjpSREYgeG1sbnM6cmRmPSJodHRwOi8vd3d3LnczLm9yZy8xOTk5LzAyLzIyLXJkZi1zeW50YXgtbnMjIj4gPHJkZjpEZXNjcmlwdGlvbiByZGY6YWJvdXQ9IiIgeG1sbnM6eG1wTU09Imh0dHA6Ly9ucy5hZG9iZS5jb20veGFwLzEuMC9tbS8iIHhtbG5zOnN0UmVmPSJodHRwOi8vbnMuYWRvYmUuY29tL3hhcC8xLjAvc1R5cGUvUmVzb3VyY2VSZWYjIiB4bWxuczp4bXA9Imh0dHA6Ly9ucy5hZG9iZS5jb20veGFwLzEuMC8iIHhtcE1NOk9yaWdpbmFsRG9jdW1lbnRJRD0ieG1wLmRpZDpCQjU0NjU4QjIyQTNFMTExQkI5Rjk5QkQ4RkQ5RUJFQiIgeG1wTU06RG9jdW1lbnRJRD0ieG1wLmRpZDpEQTUyOTdBQUEzRDUxMUUxQTQwN0YzMUI0Nzg3NDU1RSIgeG1wTU06SW5zdGFuY2VJRD0ieG1wLmlpZDpEQTUyOTdBOUEzRDUxMUUxQTQwN0YzMUI0Nzg3NDU1RSIgeG1wOkNyZWF0b3JUb29sPSJBZG9iZSBQaG90b3Nob3AgQ1M2IChXaW5kb3dzKSI+IDx4bXBNTTpEZXJpdmVkRnJvbSBzdFJlZjppbnN0YW5jZUlEPSJ4bXAuaWlkOjQ4MTZDRTNCRDVBM0UxMTFBQTI2QTBCMjZENzg1Qzg5IiBzdFJlZjpkb2N1bWVudElEPSJ4bXAuZGlkOkJCNTQ2NThCMjJBM0UxMTFCQjlGOTlCRDhGRDlFQkVCIi8+IDwvcmRmOkRlc2NyaXB0aW9uPiA8L3JkZjpSREY+IDwveDp4bXBtZXRhPiA8P3hwYWNrZXQgZW5kPSJyIj8+aHNJrgAAAZ1JREFUeNpsUssrRGEU/907985YMDPNYlh4hbKZPMdgR3aysrGSSFIeKyUKpewoRTYkmcgCf4MsMI2FPDYGKeUZSoru4/uc82VC+W7fOeee+zvn/M45V1uuyCmVwDogq0hDklD6jy1dspNkdxokVrIzPFUh0/MD5OdXoJDwPFtu3d2ns6TTp9oggTlFZlmN0o4AHMmXfJGo0lmGzoE1OgmNHf5YA8rmN5HfM6wADmUuHphA9cIW/JX1yiek9DIlyijxkNjBzXYche19gNcHzfShoLUdVxtLuD/cYzCoMAzCwqYrhMDx9Chs20JRWzf4nMcXcDI3pYAqQHIAtWUJbpKursMMhpA+RiAEGzpc4X5XkDB4GjaHmiZik/PIa2rBEWVlSuW9Q+T3YndskBi46QpQFcLltchtbEZyZhxna4uKhmV9Ito/gtPNOG4P99WItdlIWARNXWOAv6AEr9cplel7/ggUleDlMqUSvNnCobHKxDsNnqs8XaWUZopp/XhxTkOR+HDVOveYUge9rNLyY9SU9v+vwXuUB2R0fQkwABfn/VKSjTLBAAAAAElFTkSuQmCC) " "}
.error.label th:first-child:before, .error.label td:first-child:before {content:url(data:image/png;base64,iVBORw0KGgoAAAANSUhEUgAAAAwAAAAMCAYAAABWdVznAAAABmJLR0QAAAAAAAD5Q7t/AAAACXBIWXMAAAsTAAALEwEAmpwYAAAAB3RJTUUH3QcKER4AdkxvvQAAAdVJREFUKM89kM9KG0EAh7/JTHazZInEQwJ68KIWLx6Etj6EjxAobYSsD+BjCJ682EOp0FMueYmS0FMICF4i6tFNzJ/dyRh2Znoo6Xf+Pn7wEzc3Nx/W6/UvY8xJnudkWYa1Fu893nviOCaKIhuG4R/v/Ve1Xq9/bG1tnezs7JDnOVpr3t/fcc4hpaRSqVCpVORqtTp9e3v7rrTWn5vNJpPJhHK5zHg8JssyvPeEYcjR0RFpmlKr1ZjP5x9Li8VCbOR2u83BwQEvLy88PT1xfHzMxcUFQgjSNCXLskDlec5sNuPx8REpJZ1Oh+fnZ4QQnJ+fc319Tb/fZ29vD601SmvNdDplsVhwe3vLaDTi6uoKgCRJGAwGNBoNXl9fMcZQcs5hjGG1WpHnObVajQ3VahWtNcYYjDE451Cb+7z3JElCkiScnZ0hpaTX67G7u0u328V7/y+oVqsIITg8PKTT6dBqtRgOhzjnaLVa3N3dcX9/z3K5JI5jxOXlpSuKQqRpirWWh4eH//Plcpn9/X2cc2xvb1MqlQqllBpYa0/jOGYymdBsNsmyDOccURRRFAX1eh2lFGEY/lZBEHyx1v703n8KgkBEUYSUEu/9RkIIUQRB0A/D8NtflUT+nn4OS+0AAAAASUVORK5CYII=) " "}
.pending.label th:first-child:before, .pending.label td:first-child:before {content:url(data:image/png;base64,iVBORw0KGgoAAAANSUhEUgAAAAwAAAAMCAYAAABWdVznAAAAGXRFWHRTb2Z0d2FyZQBBZG9iZSBJbWFnZVJlYWR5ccllPAAAA2ZpVFh0WE1MOmNvbS5hZG9iZS54bXAAAAAAADw/eHBhY2tldCBiZWdpbj0i77u/IiBpZD0iVzVNME1wQ2VoaUh6cmVTek5UY3prYzlkIj8+IDx4OnhtcG1ldGEgeG1sbnM6eD0iYWRvYmU6bnM6bWV0YS8iIHg6eG1wdGs9IkFkb2JlIFhNUCBDb3JlIDUuMy1jMDExIDY2LjE0NTY2MSwgMjAxMi8wMi8wNi0xNDo1NjoyNyAgICAgICAgIj4gPHJkZjpSREYgeG1sbnM6cmRmPSJodHRwOi8vd3d3LnczLm9yZy8xOTk5LzAyLzIyLXJkZi1zeW50YXgtbnMjIj4gPHJkZjpEZXNjcmlwdGlvbiByZGY6YWJvdXQ9IiIgeG1sbnM6eG1wTU09Imh0dHA6Ly9ucy5hZG9iZS5jb20veGFwLzEuMC9tbS8iIHhtbG5zOnN0UmVmPSJodHRwOi8vbnMuYWRvYmUuY29tL3hhcC8xLjAvc1R5cGUvUmVzb3VyY2VSZWYjIiB4bWxuczp4bXA9Imh0dHA6Ly9ucy5hZG9iZS5jb20veGFwLzEuMC8iIHhtcE1NOk9yaWdpbmFsRG9jdW1lbnRJRD0ieG1wLmRpZDpCQjU0NjU4QjIyQTNFMTExQkI5Rjk5QkQ4RkQ5RUJFQiIgeG1wTU06RG9jdW1lbnRJRD0ieG1wLmRpZDpDODdDM0Y0QUEzRDUxMUUxQjk5N0MzQjVFRDMyQUE1MiIgeG1wTU06SW5zdGFuY2VJRD0ieG1wLmlpZDpDODdDM0Y0OUEzRDUxMUUxQjk5N0MzQjVFRDMyQUE1MiIgeG1wOkNyZWF0b3JUb29sPSJBZG9iZSBQaG90b3Nob3AgQ1M2IChXaW5kb3dzKSI+IDx4bXBNTTpEZXJpdmVkRnJvbSBzdFJlZjppbnN0YW5jZUlEPSJ4bXAuaWlkOjQ4MTZDRTNCRDVBM0UxMTFBQTI2QTBCMjZENzg1Qzg5IiBzdFJlZjpkb2N1bWVudElEPSJ4bXAuZGlkOkJCNTQ2NThCMjJBM0UxMTFCQjlGOTlCRDhGRDlFQkVCIi8+IDwvcmRmOkRlc2NyaXB0aW9uPiA8L3JkZjpSREY+IDwveDp4bXBtZXRhPiA8P3hwYWNrZXQgZW5kPSJyIj8+yj6RYgAAAPZJREFUeNp0kM8KgkAQxmc1E0Wfo3vQn5eRSDx4EUHwbTpEhx4lil7DiydBQUFXp5nAMNsGhpnd/X77za4Iw3CFiFcAWFMFDkXtKZ/UHhfUnB3HWdu2/REpAL2u631ZlicGdpZlwTAMSmBM0zS5bhgQLB5FU3AOUS4XvNn3vVKgAACCIMA0TbFpGsyyDJMkefdFUWAcx1hVFeZ5jlEUoed5qPEI7KDrOhiG8e6llNC27Zcz77FW+L6Pruv+WKtGIzfgR39umv/UHOJgAMlO/BPOXCQDD5p3r2ma8lvHNU9BcWPg0HXdhRZbOhRT8aSXVO9U/ZcAAwAsmjsSQcM0lwAAAABJRU5ErkJggg==) " ";}
.successful.label th:first-child:before, .successful.label td:first-child:before {content:url(data:image/png;base64,iVBORw0KGgoAAAANSUhEUgAAAAwAAAAMCAYAAABWdVznAAAAGXRFWHRTb2Z0d2FyZQBBZG9iZSBJbWFnZVJlYWR5ccllPAAAA2ZpVFh0WE1MOmNvbS5hZG9iZS54bXAAAAAAADw/eHBhY2tldCBiZWdpbj0i77u/IiBpZD0iVzVNME1wQ2VoaUh6cmVTek5UY3prYzlkIj8+IDx4OnhtcG1ldGEgeG1sbnM6eD0iYWRvYmU6bnM6bWV0YS8iIHg6eG1wdGs9IkFkb2JlIFhNUCBDb3JlIDUuMy1jMDExIDY2LjE0NTY2MSwgMjAxMi8wMi8wNi0xNDo1NjoyNyAgICAgICAgIj4gPHJkZjpSREYgeG1sbnM6cmRmPSJodHRwOi8vd3d3LnczLm9yZy8xOTk5LzAyLzIyLXJkZi1zeW50YXgtbnMjIj4gPHJkZjpEZXNjcmlwdGlvbiByZGY6YWJvdXQ9IiIgeG1sbnM6eG1wTU09Imh0dHA6Ly9ucy5hZG9iZS5jb20veGFwLzEuMC9tbS8iIHhtbG5zOnN0UmVmPSJodHRwOi8vbnMuYWRvYmUuY29tL3hhcC8xLjAvc1R5cGUvUmVzb3VyY2VSZWYjIiB4bWxuczp4bXA9Imh0dHA6Ly9ucy5hZG9iZS5jb20veGFwLzEuMC8iIHhtcE1NOk9yaWdpbmFsRG9jdW1lbnRJRD0ieG1wLmRpZDpCQjU0NjU4QjIyQTNFMTExQkI5Rjk5QkQ4RkQ5RUJFQiIgeG1wTU06RG9jdW1lbnRJRD0ieG1wLmRpZDpEMDVBNThBQUEzRDUxMUUxQjdCQkM2QUNBMTNBMDExNiIgeG1wTU06SW5zdGFuY2VJRD0ieG1wLmlpZDpEMDVBNThBOUEzRDUxMUUxQjdCQkM2QUNBMTNBMDExNiIgeG1wOkNyZWF0b3JUb29sPSJBZG9iZSBQaG90b3Nob3AgQ1M2IChXaW5kb3dzKSI+IDx4bXBNTTpEZXJpdmVkRnJvbSBzdFJlZjppbnN0YW5jZUlEPSJ4bXAuaWlkOjQ4MTZDRTNCRDVBM0UxMTFBQTI2QTBCMjZENzg1Qzg5IiBzdFJlZjpkb2N1bWVudElEPSJ4bXAuZGlkOkJCNTQ2NThCMjJBM0UxMTFCQjlGOTlCRDhGRDlFQkVCIi8+IDwvcmRmOkRlc2NyaXB0aW9uPiA8L3JkZjpSREY+IDwveDp4bXBtZXRhPiA8P3hwYWNrZXQgZW5kPSJyIj8+xJ3YrgAAAYBJREFUeNpsUrtKA1EQPZtdY4gEQiD4QCsLEVGX4CP4AykEq1hYiGghCDZ+gBZWVtrZ+EAjaGOhfoAkNiaKhYWICilMEQNqoYjZ5O4d5+6ucQuLM3funDNzD7OrLe229YBwSKAEnyAP/pyIbL5fcz5rcNiLtuqJSEz3ickn5ruE/vFmJ9/LYjvAldGWqA7bJkgPtoAHQrS5G6NdiwhFWCoxHOCgKUL+iurkCBVawyamE8d4qmSZ51clBZUlh+RG14JzEsJNcaTNLVwWd1B6vXXqkmGoYNeVUPnW3JNr4+YarPoncvebEAKNekAlokaY6N/A1NA+SBgY6Eijtz2Fs5sVWNWawysorWNJsO+q9QWzaxLTYwfojA3isZzDfSnrWvTsNiyp7pOrZURC7ejrTDEpcVpY9ab+NSioLZEiapZA5nwBxZcC8g9HeK7ccYM7TDnwmoU2vx6/NIJaUjc0b0u8YvJNle5HdJvlhbI0Y31ThqsjTGr0/+8hOOQ5nfsRYACtHiy+FDd82wAAAABJRU5ErkJggg==) " "}
/*.successful.label a:before {content:url(data:image/png;base64,iVBORw0KGgoAAAANSUhEUgAAAAwAAAAMCAYAAABWdVznAAAAGXRFWHRTb2Z0d2FyZQBBZG9iZSBJbWFnZVJlYWR5ccllPAAAA2ZpVFh0WE1MOmNvbS5hZG9iZS54bXAAAAAAADw/eHBhY2tldCBiZWdpbj0i77u/IiBpZD0iVzVNME1wQ2VoaUh6cmVTek5UY3prYzlkIj8+IDx4OnhtcG1ldGEgeG1sbnM6eD0iYWRvYmU6bnM6bWV0YS8iIHg6eG1wdGs9IkFkb2JlIFhNUCBDb3JlIDUuMy1jMDExIDY2LjE0NTY2MSwgMjAxMi8wMi8wNi0xNDo1NjoyNyAgICAgICAgIj4gPHJkZjpSREYgeG1sbnM6cmRmPSJodHRwOi8vd3d3LnczLm9yZy8xOTk5LzAyLzIyLXJkZi1zeW50YXgtbnMjIj4gPHJkZjpEZXNjcmlwdGlvbiByZGY6YWJvdXQ9IiIgeG1sbnM6eG1wTU09Imh0dHA6Ly9ucy5hZG9iZS5jb20veGFwLzEuMC9tbS8iIHhtbG5zOnN0UmVmPSJodHRwOi8vbnMuYWRvYmUuY29tL3hhcC8xLjAvc1R5cGUvUmVzb3VyY2VSZWYjIiB4bWxuczp4bXA9Imh0dHA6Ly9ucy5hZG9iZS5jb20veGFwLzEuMC8iIHhtcE1NOk9yaWdpbmFsRG9jdW1lbnRJRD0ieG1wLmRpZDpCQjU0NjU4QjIyQTNFMTExQkI5Rjk5QkQ4RkQ5RUJFQiIgeG1wTU06RG9jdW1lbnRJRD0ieG1wLmRpZDpEMDVBNThBQUEzRDUxMUUxQjdCQkM2QUNBMTNBMDExNiIgeG1wTU06SW5zdGFuY2VJRD0ieG1wLmlpZDpEMDVBNThBOUEzRDUxMUUxQjdCQkM2QUNBMTNBMDExNiIgeG1wOkNyZWF0b3JUb29sPSJBZG9iZSBQaG90b3Nob3AgQ1M2IChXaW5kb3dzKSI+IDx4bXBNTTpEZXJpdmVkRnJvbSBzdFJlZjppbnN0YW5jZUlEPSJ4bXAuaWlkOjQ4MTZDRTNCRDVBM0UxMTFBQTI2QTBCMjZENzg1Qzg5IiBzdFJlZjpkb2N1bWVudElEPSJ4bXAuZGlkOkJCNTQ2NThCMjJBM0UxMTFCQjlGOTlCRDhGRDlFQkVCIi8+IDwvcmRmOkRlc2NyaXB0aW9uPiA8L3JkZjpSREY+IDwveDp4bXBtZXRhPiA8P3hwYWNrZXQgZW5kPSJyIj8+xJ3YrgAAAYBJREFUeNpsUrtKA1EQPZtdY4gEQiD4QCsLEVGX4CP4AykEq1hYiGghCDZ+gBZWVtrZ+EAjaGOhfoAkNiaKhYWICilMEQNqoYjZ5O4d5+6ucQuLM3funDNzD7OrLe229YBwSKAEnyAP/pyIbL5fcz5rcNiLtuqJSEz3ickn5ruE/vFmJ9/LYjvAldGWqA7bJkgPtoAHQrS5G6NdiwhFWCoxHOCgKUL+iurkCBVawyamE8d4qmSZ51clBZUlh+RG14JzEsJNcaTNLVwWd1B6vXXqkmGoYNeVUPnW3JNr4+YarPoncvebEAKNekAlokaY6N/A1NA+SBgY6Eijtz2Fs5sVWNWawysorWNJsO+q9QWzaxLTYwfojA3isZzDfSnrWvTsNiyp7pOrZURC7ejrTDEpcVpY9ab+NSioLZEiapZA5nwBxZcC8g9HeK7ccYM7TDnwmoU2vx6/NIJaUjc0b0u8YvJNle5HdJvlhbI0Y31ThqsjTGr0/+8hOOQ5nfsRYACtHiy+FDd82wAAAABJRU5ErkJggg==) " "}*/

.xspecResult { width: 90%; table-layout: fixed; }

.xspecResult td,
.xspecResult th { width: 50%; }

/*.xspecResult pre { 
  margin-left: 0; 
  padding: 0.5em; 
  overflow: auto; 
  border: 1px #999 dotted;
}*/

span.scenario-totals {float: right; width: 14.5%; text-align: left}

/* OXYGEN */
span.scenario-totals {float: right; width: 34.5%; text-align: right}

h2.failed {
    background-color: #FCC;
}

h1, h2 {
    width: 86%;
    margin-left: 3%;
    
    font-size:1.4em;
    font-weight:bold;
    text-align:left;
    margin-top:1.4em;
    margin-bottom:0.7em;
    color:#333333;
    background-color:inherit;
}

h1 {
    font-size:1.7em;
}

body &gt; h1:first-child:before {
    content:"XSLT UNIT ";
}

body &gt; h2:first-of-type {
    font-size:1.7em;
}

div &gt; table &gt; tbody &gt; tr &gt; th:first-child {
    font-weight:bold;
}

div &gt; h3 {
    font-weight:bold;
    margin-left: 3%;
}

div &gt; h4 {
    font-weight:normal;
    margin-left: 4%;
}

th.result { text-align: center; }
/* OXYGEN */


/* ------------------------------------------------------------------------ */
/*  DO NOT ALTER OR REMOVE COPYRIGHT NOTICES OR THIS COMMENT.               */
/*                                                                          */
/*  Copyright (c) 2008, 2010 Jeni Tennsion                                  */
/*                                                                          */
/*  The contents of this file are subject to the MIT License (see the URI   */
/*  http://www.opensource.org/licenses/mit-license.php for details).        */
/*                                                                          */
/*  Permission is hereby granted, free of charge, to any person obtaining   */
/*  a copy of this software and associated documentation files (the         */
/*  "Software"), to deal in the Software without restriction, including     */
/*  without limitation the rights to use, copy, modify, merge, publish,     */
/*  distribute, sublicense, and/or sell copies of the Software, and to      */
/*  permit persons to whom the Software is furnished to do so, subject to   */
/*  the following conditions:                                               */
/*                                                                          */
/*  The above copyright notice and this permission notice shall be          */
/*  included in all copies or substantial portions of the Software.         */
/*                                                                          */
/*  THE SOFTWARE IS PROVIDED "AS IS", WITHOUT WARRANTY OF ANY KIND,         */
/*  EXPRESS OR IMPLIED, INCLUDING BUT NOT LIMITED TO THE WARRANTIES OF      */
/*  MERCHANTABILITY, FITNESS FOR A PARTICULAR PURPOSE AND NONINFRINGEMENT.  */
/*  IN NO EVENT SHALL THE AUTHORS OR COPYRIGHT HOLDERS BE LIABLE FOR ANY    */
/*  CLAIM, DAMAGES OR OTHER LIABILITY, WHETHER IN AN ACTION OF CONTRACT,    */
/*  TORT OR OTHERWISE, ARISING FROM, OUT OF OR IN CONNECTION WITH THE       */
/*  SOFTWARE OR THE USE OR OTHER DEALINGS IN THE SOFTWARE.                  */
/* ------------------------------------------------------------------------ */

.nobr { white-space: nowrap; }
.scenario-label { text-indent: 0px; }
.context-label { text-indent: 10px; }
.test-label { text-indent: 20px; }
.pending-label { text-indent: 30px; }


        /**/</style>
    </head><body><h1>Test Report</h1><p>Script: <a>file:/home/jostein/xprocspec/src/test/xprocspec/tests/scenario-2.xprocspec</a></p><p>Tested: 2013-08-22T16:03:04.642+02:00</p><h2>Contents</h2><table><col/><col/><col/><col/><col/><col/><thead><tr><th/><th>passed:3</th><th>pending:0</th><th>failed:0</th><th>errors:0</th><th>total:3</th></tr></thead><tbody><tr><th><a>ex:identity</a></th><th>3</th><th>0</th><th>0</th><th>0</th><th>3</th></tr></tbody></table><div><h2>Calling: <a>ex:identity</a><span>passed:3 / pending:0 / failed:0 / errors:0 / total:3</span></h2><table><col/><col/><tbody><tr><th>parent child 1</th><th>passed:1 / pending:0 / failed:0 / errors:0 / total:1</th></tr><tr><th>the results</th><th>passed:1 / pending:0 / failed:0 / errors:0 / total:1</th></tr><tr><td>the option 'option' should have the value 'option-value'</td><td>Success</td></tr><tr><th>parent child 2 child 2.a</th><th>passed:1 / pending:0 / failed:0 / errors:0 / total:1</th></tr><tr><th>the results</th><th>passed:1 / pending:0 / failed:0 / errors:0 / total:1</th></tr><tr><td>the option 'option' should have the value 'option-value'</td><td>Success</td></tr><tr><th>parent child 2 child 2.b</th><th>passed:1 / pending:0 / failed:0 / errors:0 / total:1</th></tr><tr><th>the results</th><th>passed:1 / pending:0 / failed:0 / errors:0 / total:1</th></tr><tr><td>the option 'option' should have the value 'option-value'</td><td>Success</td></tr></tbody></table></div><link/><script> </script><script>hljs.initHighlightingOnLoad();</script></body></html></x:document></x:output><x:output port="junit"><x:document xml:base="file:/home/jostein/xprocspec/src/main/resources/content/xml/xproc/report/report.xpl" type="inline"><testsuites><testsuite>
<properties>

<property/>
<property/>

</properties>
<testcase><system-out>the option 'option' should have the value 'option-value': SUCCESS</system-out>
<system-err/></testcase></testsuite><testsuite>
<properties>

<property/>
<property/>

</properties>
<testcase><system-out>the option 'option' should have the value 'option-value': SUCCESS</system-out>
<system-err/></testcase></testsuite><testsuite>
<properties>

<property/>
<property/>

</properties>
<testcase><system-out>the option 'option' should have the value 'option-value': SUCCESS</system-out>
<system-err/></testcase></testsuite></testsuites></x:document></x:output><x:test-result contextref="context5" result="passed" test="/*/@tests='3'" label="there should be 3 tests" type="xpath">
                                                        <x:expected>/*/@tests='3'</x:expected>
                                                    </x:test-result></x:description><x:description xmlns:cx="http://xmlcalabash.com/ns/extensions" xmlns:c="http://www.w3.org/ns/xproc-step" xml:base="file:/home/jostein/xprocspec/src/test/xprocspec/test.xprocspec" test-base-uri="file:/home/jostein/xprocspec/src/test/xprocspec/test.xprocspec" script="file:/home/jostein/xprocspec/src/main/resources/content/xml/xproc/xprocspec.xpl" test-grammar="xprocspec" temp-dir="file:/tmp/xprocspec-20130822160259495/"><x:step-declaration><p:declare-step xmlns:p="http://www.w3.org/ns/xproc" xmlns:px="http://www.daisy.org/ns/xprocspec" xmlns:pxi="http://www.daisy.org/ns/xprocspec/xproc-internal/" xmlns:pkg="http://expath.org/ns/pkg" type="px:xprocspec" name="main" version="1.0" xpath-version="2.0" pkg:import-uri="http://www.daisy.org/ns/xprocspec/xprocspec.xpl" x:type="{http://www.daisy.org/ns/xprocspec}xprocspec"><p:input port="source" kind="document" sequence="false" primary="true"/><p:output port="result" kind="document" sequence="false" primary="false"><p:pipe port="result" step="report"/></p:output><p:output port="html" kind="document" sequence="false" primary="false"><p:pipe port="html" step="report"/></p:output><p:output port="junit" kind="document" sequence="false" primary="false"><p:pipe port="junit" step="report"/></p:output><p:option name="temp-dir" select="'file:/tmp/'"/></p:declare-step></x:step-declaration><x:scenario end-time="2013-08-22T14:03:05.25Z" label="the call element - inherit from call elements in ancestor scenarios" start-time="2013-08-22T14:03:04.897Z"><x:call x:type="{http://www.daisy.org/ns/xprocspec}xprocspec" step="x:xprocspec"><x:option select="$temp-dir" name="temp-dir" value="file:/tmp/xprocspec-20130822160259495/"/><x:input port="source">
                    <x:document xml:base="file:/home/jostein/xprocspec/src/test/xprocspec/test.xprocspec" type="inline"><p:declare-step xmlns:p="http://www.w3.org/ns/xproc" xmlns:pxi="http://www.daisy.org/ns/xprocspec/xproc-internal/" name="main" type="pxi:load" version="1.0">

    <p:output port="result"/>

    <p:option name="href" required="true"/>
    <p:option name="method" select="'xml'"/>

    <p:import href="logging-library.xpl"/>

    <p:declare-step type="pxi:load-text">
        <p:output port="result"/>
        <p:option name="href"/>
        <p:identity>
            <p:input port="source">
                <p:inline>
                    <c:request method="GET" override-content-type="text/plain; charset=utf-8"/>
                </p:inline>
            </p:input>
        </p:identity>
        <p:add-attribute match="c:request" attribute-name="href">
            <p:with-option name="attribute-value" select="$href"/>
        </p:add-attribute>
        <p:http-request/>
    </p:declare-step>

    <p:declare-step type="pxi:load-binary">
        <p:output port="result"/>
        <p:option name="href"/>
        <p:identity>
            <p:input port="source">
                <p:inline>
                    <c:request method="GET" override-content-type="binary/octet-stream"/>
                </p:inline>
            </p:input>
        </p:identity>
        <p:add-attribute match="c:request" attribute-name="href">
            <p:with-option name="attribute-value" select="$href"/>
        </p:add-attribute>
        <p:http-request/>
    </p:declare-step>

    <pxi:message>
        <p:input port="source">
            <p:inline>
                <doc/>
            </p:inline>
        </p:input>
        <p:with-option name="message" select="concat('loading &#34;',$href,'&#34;')"/>
    </pxi:message>
    <p:sink/>

    <p:choose>
        <!--<!-\- Force HTML -\->
    <p:when test="$method='html'">
        <px:html-load>
            <p:with-option name="href" select="$href"/>
        </px:html-load>
    </p:when>-->

        <!-- XML -->
        <p:when test="$method='xml'">
            <p:try>
                <p:group>
                    <p:load>
                        <p:with-option name="href" select="$href"/>
                    </p:load>
                </p:group>
                <p:catch>
                    <pxi:message>
                        <p:input port="source">
                            <p:empty/>
                        </p:input>
                        <p:with-option name="message" select="concat('unable to load ',$href,' as XML')"/>
                    </pxi:message>
                </p:catch>
            </p:try>
        </p:when>

        <!-- text -->
        <p:when test="$method='text'">
            <pxi:load-text>
                <p:with-option name="href" select="$href"/>
            </pxi:load-text>
        </p:when>

        <!--<!-\- HTML -\->
                <p:when test="$media-type='text/html' or $media-type='application/xhtml+xml'">
                    <px:html-load>
                        <p:with-option name="href" select="$href"/>
                    </px:html-load>
                </p:when>-->

        <!-- default to 'binary' -->
        <p:otherwise>
            <pxi:load-binary>
                <p:with-option name="href" select="$href"/>
            </pxi:load-binary>
        </p:otherwise>
    </p:choose>

</p:declare-step></x:document>
                </x:input></x:call><x:context label="the junit output port" id="context6">
                <x:document xml:base="file:/home/jostein/xprocspec/src/main/resources/content/xml/xproc/report/report.xpl" type="inline"><testsuites tests="2" failures="1" time="0.28" errors="0" name="call1"><testsuite timestamp="2013-08-22T14:03:05.195Z" hostname="localhost" tests="2" errors="0" failures="1" skipped="0" id="d8599e1" name="xcallWithStepXcallWithOptionOptionXcallWithOptionRequiredOption" package="http://example.net/ns" time="0.01">
<properties>

<property name="option: option" value="option-value"/>

</properties>
<testcase name="theOptionOptionShouldHaveTheValueOptionvalue" classname="identity" assertions="1" time="0" status="SUCCESS"><system-out>the option 'option' should have the value 'option-value': SUCCESS</system-out>
<system-err/></testcase><testcase name="theOptionOptionRequiredShouldHaveTheValueOptionvalue" classname="identity" assertions="1" time="0" status="FAILED"><failure message="the option 'option.required' should have the value 'option-value'" type="xpath"/><system-out>the option 'option.required' should have the value 'option-value': FAILED</system-out>
<system-err>Expected:
/*/*[@name='option.required']/@value='option.required-value'

</system-err></testcase></testsuite></testsuites></x:document>
            </x:context><x:expect label="there should be 2 tests" type="xpath" test="/*/@tests='2'" contextref="context6"/></x:scenario><x:output port="result"><x:document xml:base="file:/home/jostein/xprocspec/src/main/resources/content/xml/xproc/report/report.xpl" type="inline"><x:test-report><x:description><x:step-declaration><p:declare-step xmlns:p="http://www.w3.org/ns/xproc" xmlns:ex="http://example.net/ns"><p:input><p:inline>
            <source.document.primary.default/>
        </p:inline></p:input><p:input><p:inline>
            <source.document.secondary.sequence/>
        </p:inline></p:input><p:input><p:inline>
            <default>
                <default/>
                <default/>
            </default>
        </p:inline></p:input><p:input/><p:input/><p:output><p:pipe/></p:output><p:output><p:pipe/></p:output><p:output><p:pipe/></p:output><p:output><p:pipe/></p:output><p:output><p:pipe/></p:output><p:output><p:pipe/></p:output><p:option/><p:option/><p:option/></p:declare-step></x:step-declaration><x:scenario xmlns:e="http://example.net/ns"><x:call><x:option/></x:call><x:context>
                    <x:document>
                <c:options xmlns:ex="http://example.net/ns">
                    <c:option/>
                    <c:option/>
                    <c:option/>
                </c:options>
            </x:document>
                </x:context><x:expect/><x:expect/></x:scenario><x:output><x:document>
            <source.document.primary.default xmlns:ex="http://example.net/ns"/>
        </x:document></x:output><x:output><x:document>
            <source.document.secondary.sequence xmlns:ex="http://example.net/ns"/>
        </x:document></x:output><x:output><x:document><default xmlns:ex="http://example.net/ns"/></x:document><x:document><default xmlns:ex="http://example.net/ns"/></x:document></x:output><x:output><x:document><c:param-set xmlns:ex="http://example.net/ns"/></x:document><x:document><c:param-set/></x:document></x:output><x:output><x:document><c:param-set/></x:document></x:output><x:output><x:document>
                <c:options xmlns:ex="http://example.net/ns">
                    <c:option/>
                    <c:option/>
                    <c:option/>
                </c:options>
            </x:document></x:output><x:test-result>
                                                        <x:expected>/*/*[@name='option']/@value='option-value'</x:expected>
                                                    </x:test-result><x:test-result>
                                                        <x:expected>/*/*[@name='option.required']/@value='option.required-value'</x:expected>
                                                    </x:test-result></x:description></x:test-report></x:document></x:output><x:output port="html"><x:document xml:base="file:/home/jostein/xprocspec/src/main/resources/content/xml/xproc/report/report-template.xhtml" type="inline"><html xmlns="http://www.w3.org/1999/xhtml"><head><title>Test Report for file:/home/jostein/xprocspec/src/test/xprocspec/tests/call-1.xprocspec (passed:1 / pending:0 / failed:1 / errors:0 / total:2)</title>
        <meta/>
        <style>/**/
/****************************************************************************/
/*  File:       test-report.css                                             */
/*  Author:     Jeni Tennsion                                               */
/*  URI:        http://xspec.googlecode.com/                                */
/*  Tags:                                                                   */
/*    Copyright (c) 2008, 2010 Jeni Tennsion (see end of file.)             */
/* ------------------------------------------------------------------------ */


/* test */

/* box model */

body {
	margin-right: 1em;
	margin-left: 10%;
	}

h1 {
	padding: 0.3em 0.5em 0.3em 0.5em;
	position: relative;
	}

h2 {
	padding: 0.1em 0.5em 0.2em 0.5em;
	}

h3 {
	padding-left: 0.6em;
	}

h4 {
	padding-left: 0.8em;
	}

p, table {
	margin-left: 5%;
	}

dd ul, dd ol {
	margin-left: 0%;
	}

li ul, li ol {
	margin-left: 5%;
	}

dl, ul, ol, blockquote {
	margin-left: 10%;
	}

dt {
  padding-top: 3px;
  padding-bottom: 3px;
	clear: both;
	}

dd p {
	margin-left: -5px;
	margin-top: 5px;
	clear: both;
	}

p.link {
	margin-top: 4px;
	margin-bottom: 0px;
	clear: both;
	}

tr td, td p, li, li p {
	margin-left: 0%;
	}

td:nth-child(2) {
	padding-left: 5%;
	}

.link img, dt img {
	vertical-align: middle;
	position: relative;
	top: -5px;
	}

img {
	position: relative;
	}

#xml-link {
	position: absolute;
	left: 5px;
	top: 5px;
	width: 10%;
	margin-left: 0%;
	}

#link-up {
	position: absolute;
	left: 93%;
	right: 2em;
	top: 0.3em;
	}

#link-top {
	position: absolute;
	left: 89%;
	right: 4em;
	top: 0.3em;
	}
	
.popup {
	display: block;
	visibility: hidden;
	float: right;
	position: absolute;
	top: 5px;
	left: -200px;
	z-index: 1;
	padding: 0.3em;
	width: 220px;
	}

.note {
	position: relative;
	}

.post {
	margin-left: 5%;
	padding-top: 1em;
	}
	
.example, .sidebar {
  margin-left: 5%;
  margin-top: 1em;
  margin-bottom: 1em;
  }

/*pre {
	padding-left: 5%;
	margin-left: 5%;
	}*/

/*dd pre, li pre {
	padding-left: 5%;
	}*/

/* fonts */
/* Oxygen  */
body, table {
    font-family:arial, helvetica, sans-serif;
    font-size:12px;
}
/* Oxygen  */

/*body {
	font-family: Verdana, arial, sans-serif;
	font-size: small;
	}*/	

/*h1, h2, h3, h4, h5, h6 {
	font-family: 'trebuchet MS', arial, sans-serif;
	}*/

h1 {
	font-size: 173%;
	font-weight: bold;
	}

h2 {
	font-size: 144%;
	font-weight: normal;
	}

h3 {
	font-size: 120%;
	font-weight: normal;
	}

h4 {
  font-size: 100%;
  font-weight: bold;
}

dt {
	font-weight: bold;
	}

a:link, a:visited, a:active, a:hover {
	font-weight: bold;
	}

a.offsite:link, a.offsite:visited, a.offsite:active, a.offsite:hover {
	font-weight: normal;
	}

/* suppress the normal italics */
address {
	font-style: normal;
	}

div.example, .sidebar {
  font-family: Verdana, arial, sans-serif;
  font-size: 100%;
  }


.note, .link {
	font-family: Verdana, arial, sans-serif;
	/*font-size: 83%;*/
	}

/*.example, .string, .rtf, .code, pre, code {
	font-family: "Lucida Console", "Courier New", monospace;*/
  /*font-size: 83%;*/
/*	}*/

.boolean {
	font-style: italic;
	}

#colophon, #xml-link {
	font-size: 69%;
	}

.question, .title {
	font-weight: bold;
	}

/* colours */
body {
	background-color: white;
	color: black;
	border: 0px none black;
	}

/* this is to make Navigator fill the entire line */
h1, h2 {
	border: 1px solid white;
	width: auto;
	}

h1 {
	/*background: #606;*/
	/*color: #6F6;*/
	}

h2 {
	color: #606;
	/*background: #CFC;*/
	}

hr {
	color: #606;
	background: white;
	}

img, a:link img, a:visited img, a:hover img, a:active img, #link-up img, #link-top img {
	border: 0px none white;
	background: transparent;
	}

/* OXYGEN */
a, a:visited {
    color:rgb(0, 0, 150);
    background-color:inherit;
    font-weight: bold;
}
a:link, a:visited {
    text-decoration:none; 
}
a:hover {
    text-decoration:underline;
}

/* OXYGEN */

a.img:hover, a.img:active {
	background: transparent;
	}

#colophon, #xml-link, .note {
	color: #666;
	}

#colophon a:link, #colophon a:visited, #colophon a:hover,
#xml-link a:link, #xml-link a:visited, #xml-link a:hover,
.note a:link, .note a:visited, .note a:hover {
	color: #969;
	background: transparent;
	}

#colophon a:hover, #xml-link a:hover, .note a:hover {
	background: #CFC;
	color: #969;
	}

.popup {
	background: white;
	border: 1px solid #606;
	}

.post {
	border-top: 2px solid #606;
	}
	
.example {
  border-top: 2px solid #606;
  border-bottom: 2px solid #606;
  }
  
.sidebar {
  border-top: 2px solid #090;
  border-bottom: 2px solid #090;
  }
  
.rng {
  border-left: 2px solid #666;
  }

.same {
  background-color: rgb(206, 239, 174);
}

.diff {
  background-color: #FCC;
}

.whitespace {
	font-style: italic;
	color: #999;
	background: white;
}

.ignored {
  font-style: italic;
  color: #999;
  background: white;
}

.hit {
}

.missed {
  background-color: #A33;
  color: white;
}

/* text */
ol ol li {
	list-style: lower-alpha;
	}

th {
	text-align: left;
	}

td {
	vertical-align: top;
	}

h1 {
	text-transform: uppercase;
	}

h2, h3 {
	/*text-transform: capitalize;*/
	}

.question {
	text-indent: -33px;
	}

.byline {
	text-align: right;
	}

#link-top, #link-up {
	text-align: right;
	}

a {
	text-decoration: none;
	}

table { width: 85%;
        /* border: collapse; */ }

th { text-align: left; }

.xspec tbody th { font-weight: normal; /*font-size: 0.8em;*/ border-top: 1px #666 solid; }
.xspec tbody td { /*font-size: 0.8em;*/ color: #666; }

.successful.label th, .successful.label td { background-color: #CFC; }
.pending.label th, .pending.label td { background-color: #DDD; color: #666; }
.failed.label th, .failed.label td { background-color: #FCC; }
.error.label th, .error.label td { background-color: #FAA; }
/*body &gt; table tbody .failed.label th:first-child:before {content:url(data:image/png;base64,iVBORw0KGgoAAAANSUhEUgAAAAwAAAAMCAYAAABWdVznAAAAGXRFWHRTb2Z0d2FyZQBBZG9iZSBJbWFnZVJlYWR5ccllPAAAA2ZpVFh0WE1MOmNvbS5hZG9iZS54bXAAAAAAADw/eHBhY2tldCBiZWdpbj0i77u/IiBpZD0iVzVNME1wQ2VoaUh6cmVTek5UY3prYzlkIj8+IDx4OnhtcG1ldGEgeG1sbnM6eD0iYWRvYmU6bnM6bWV0YS8iIHg6eG1wdGs9IkFkb2JlIFhNUCBDb3JlIDUuMy1jMDExIDY2LjE0NTY2MSwgMjAxMi8wMi8wNi0xNDo1NjoyNyAgICAgICAgIj4gPHJkZjpSREYgeG1sbnM6cmRmPSJodHRwOi8vd3d3LnczLm9yZy8xOTk5LzAyLzIyLXJkZi1zeW50YXgtbnMjIj4gPHJkZjpEZXNjcmlwdGlvbiByZGY6YWJvdXQ9IiIgeG1sbnM6eG1wTU09Imh0dHA6Ly9ucy5hZG9iZS5jb20veGFwLzEuMC9tbS8iIHhtbG5zOnN0UmVmPSJodHRwOi8vbnMuYWRvYmUuY29tL3hhcC8xLjAvc1R5cGUvUmVzb3VyY2VSZWYjIiB4bWxuczp4bXA9Imh0dHA6Ly9ucy5hZG9iZS5jb20veGFwLzEuMC8iIHhtcE1NOk9yaWdpbmFsRG9jdW1lbnRJRD0ieG1wLmRpZDpCQjU0NjU4QjIyQTNFMTExQkI5Rjk5QkQ4RkQ5RUJFQiIgeG1wTU06RG9jdW1lbnRJRD0ieG1wLmRpZDpEQTUyOTdBQUEzRDUxMUUxQTQwN0YzMUI0Nzg3NDU1RSIgeG1wTU06SW5zdGFuY2VJRD0ieG1wLmlpZDpEQTUyOTdBOUEzRDUxMUUxQTQwN0YzMUI0Nzg3NDU1RSIgeG1wOkNyZWF0b3JUb29sPSJBZG9iZSBQaG90b3Nob3AgQ1M2IChXaW5kb3dzKSI+IDx4bXBNTTpEZXJpdmVkRnJvbSBzdFJlZjppbnN0YW5jZUlEPSJ4bXAuaWlkOjQ4MTZDRTNCRDVBM0UxMTFBQTI2QTBCMjZENzg1Qzg5IiBzdFJlZjpkb2N1bWVudElEPSJ4bXAuZGlkOkJCNTQ2NThCMjJBM0UxMTFCQjlGOTlCRDhGRDlFQkVCIi8+IDwvcmRmOkRlc2NyaXB0aW9uPiA8L3JkZjpSREY+IDwveDp4bXBtZXRhPiA8P3hwYWNrZXQgZW5kPSJyIj8+aHNJrgAAAZ1JREFUeNpsUssrRGEU/907985YMDPNYlh4hbKZPMdgR3aysrGSSFIeKyUKpewoRTYkmcgCf4MsMI2FPDYGKeUZSoru4/uc82VC+W7fOeee+zvn/M45V1uuyCmVwDogq0hDklD6jy1dspNkdxokVrIzPFUh0/MD5OdXoJDwPFtu3d2ns6TTp9oggTlFZlmN0o4AHMmXfJGo0lmGzoE1OgmNHf5YA8rmN5HfM6wADmUuHphA9cIW/JX1yiek9DIlyijxkNjBzXYche19gNcHzfShoLUdVxtLuD/cYzCoMAzCwqYrhMDx9Chs20JRWzf4nMcXcDI3pYAqQHIAtWUJbpKursMMhpA+RiAEGzpc4X5XkDB4GjaHmiZik/PIa2rBEWVlSuW9Q+T3YndskBi46QpQFcLltchtbEZyZhxna4uKhmV9Ito/gtPNOG4P99WItdlIWARNXWOAv6AEr9cplel7/ggUleDlMqUSvNnCobHKxDsNnqs8XaWUZopp/XhxTkOR+HDVOveYUge9rNLyY9SU9v+vwXuUB2R0fQkwABfn/VKSjTLBAAAAAElFTkSuQmCC) " "}*/
/*body &gt; table tbody .error.label th:first-child:before {content:url(data:image/png;base64,iVBORw0KGgoAAAANSUhEUgAAAAwAAAAMCAYAAABWdVznAAAABmJLR0QAAAAAAAD5Q7t/AAAACXBIWXMAAAsTAAALEwEAmpwYAAAAB3RJTUUH3QcKER4AdkxvvQAAAdVJREFUKM89kM9KG0EAh7/JTHazZInEQwJ68KIWLx6Etj6EjxAobYSsD+BjCJ682EOp0FMueYmS0FMICF4i6tFNzJ/dyRh2Znoo6Xf+Pn7wEzc3Nx/W6/UvY8xJnudkWYa1Fu893nviOCaKIhuG4R/v/Ve1Xq9/bG1tnezs7JDnOVpr3t/fcc4hpaRSqVCpVORqtTp9e3v7rrTWn5vNJpPJhHK5zHg8JssyvPeEYcjR0RFpmlKr1ZjP5x9Li8VCbOR2u83BwQEvLy88PT1xfHzMxcUFQgjSNCXLskDlec5sNuPx8REpJZ1Oh+fnZ4QQnJ+fc319Tb/fZ29vD601SmvNdDplsVhwe3vLaDTi6uoKgCRJGAwGNBoNXl9fMcZQcs5hjGG1WpHnObVajQ3VahWtNcYYjDE451Cb+7z3JElCkiScnZ0hpaTX67G7u0u328V7/y+oVqsIITg8PKTT6dBqtRgOhzjnaLVa3N3dcX9/z3K5JI5jxOXlpSuKQqRpirWWh4eH//Plcpn9/X2cc2xvb1MqlQqllBpYa0/jOGYymdBsNsmyDOccURRRFAX1eh2lFGEY/lZBEHyx1v703n8KgkBEUYSUEu/9RkIIUQRB0A/D8NtflUT+nn4OS+0AAAAASUVORK5CYII=) " "}*/
.failed.label th:first-child:before, .failed.label td:first-child:before {content:url(data:image/png;base64,iVBORw0KGgoAAAANSUhEUgAAAAwAAAAMCAYAAABWdVznAAAAGXRFWHRTb2Z0d2FyZQBBZG9iZSBJbWFnZVJlYWR5ccllPAAAA2ZpVFh0WE1MOmNvbS5hZG9iZS54bXAAAAAAADw/eHBhY2tldCBiZWdpbj0i77u/IiBpZD0iVzVNME1wQ2VoaUh6cmVTek5UY3prYzlkIj8+IDx4OnhtcG1ldGEgeG1sbnM6eD0iYWRvYmU6bnM6bWV0YS8iIHg6eG1wdGs9IkFkb2JlIFhNUCBDb3JlIDUuMy1jMDExIDY2LjE0NTY2MSwgMjAxMi8wMi8wNi0xNDo1NjoyNyAgICAgICAgIj4gPHJkZjpSREYgeG1sbnM6cmRmPSJodHRwOi8vd3d3LnczLm9yZy8xOTk5LzAyLzIyLXJkZi1zeW50YXgtbnMjIj4gPHJkZjpEZXNjcmlwdGlvbiByZGY6YWJvdXQ9IiIgeG1sbnM6eG1wTU09Imh0dHA6Ly9ucy5hZG9iZS5jb20veGFwLzEuMC9tbS8iIHhtbG5zOnN0UmVmPSJodHRwOi8vbnMuYWRvYmUuY29tL3hhcC8xLjAvc1R5cGUvUmVzb3VyY2VSZWYjIiB4bWxuczp4bXA9Imh0dHA6Ly9ucy5hZG9iZS5jb20veGFwLzEuMC8iIHhtcE1NOk9yaWdpbmFsRG9jdW1lbnRJRD0ieG1wLmRpZDpCQjU0NjU4QjIyQTNFMTExQkI5Rjk5QkQ4RkQ5RUJFQiIgeG1wTU06RG9jdW1lbnRJRD0ieG1wLmRpZDpEQTUyOTdBQUEzRDUxMUUxQTQwN0YzMUI0Nzg3NDU1RSIgeG1wTU06SW5zdGFuY2VJRD0ieG1wLmlpZDpEQTUyOTdBOUEzRDUxMUUxQTQwN0YzMUI0Nzg3NDU1RSIgeG1wOkNyZWF0b3JUb29sPSJBZG9iZSBQaG90b3Nob3AgQ1M2IChXaW5kb3dzKSI+IDx4bXBNTTpEZXJpdmVkRnJvbSBzdFJlZjppbnN0YW5jZUlEPSJ4bXAuaWlkOjQ4MTZDRTNCRDVBM0UxMTFBQTI2QTBCMjZENzg1Qzg5IiBzdFJlZjpkb2N1bWVudElEPSJ4bXAuZGlkOkJCNTQ2NThCMjJBM0UxMTFCQjlGOTlCRDhGRDlFQkVCIi8+IDwvcmRmOkRlc2NyaXB0aW9uPiA8L3JkZjpSREY+IDwveDp4bXBtZXRhPiA8P3hwYWNrZXQgZW5kPSJyIj8+aHNJrgAAAZ1JREFUeNpsUssrRGEU/907985YMDPNYlh4hbKZPMdgR3aysrGSSFIeKyUKpewoRTYkmcgCf4MsMI2FPDYGKeUZSoru4/uc82VC+W7fOeee+zvn/M45V1uuyCmVwDogq0hDklD6jy1dspNkdxokVrIzPFUh0/MD5OdXoJDwPFtu3d2ns6TTp9oggTlFZlmN0o4AHMmXfJGo0lmGzoE1OgmNHf5YA8rmN5HfM6wADmUuHphA9cIW/JX1yiek9DIlyijxkNjBzXYche19gNcHzfShoLUdVxtLuD/cYzCoMAzCwqYrhMDx9Chs20JRWzf4nMcXcDI3pYAqQHIAtWUJbpKursMMhpA+RiAEGzpc4X5XkDB4GjaHmiZik/PIa2rBEWVlSuW9Q+T3YndskBi46QpQFcLltchtbEZyZhxna4uKhmV9Ito/gtPNOG4P99WItdlIWARNXWOAv6AEr9cplel7/ggUleDlMqUSvNnCobHKxDsNnqs8XaWUZopp/XhxTkOR+HDVOveYUge9rNLyY9SU9v+vwXuUB2R0fQkwABfn/VKSjTLBAAAAAElFTkSuQmCC) " "}
.error.label th:first-child:before, .error.label td:first-child:before {content:url(data:image/png;base64,iVBORw0KGgoAAAANSUhEUgAAAAwAAAAMCAYAAABWdVznAAAABmJLR0QAAAAAAAD5Q7t/AAAACXBIWXMAAAsTAAALEwEAmpwYAAAAB3RJTUUH3QcKER4AdkxvvQAAAdVJREFUKM89kM9KG0EAh7/JTHazZInEQwJ68KIWLx6Etj6EjxAobYSsD+BjCJ682EOp0FMueYmS0FMICF4i6tFNzJ/dyRh2Znoo6Xf+Pn7wEzc3Nx/W6/UvY8xJnudkWYa1Fu893nviOCaKIhuG4R/v/Ve1Xq9/bG1tnezs7JDnOVpr3t/fcc4hpaRSqVCpVORqtTp9e3v7rrTWn5vNJpPJhHK5zHg8JssyvPeEYcjR0RFpmlKr1ZjP5x9Li8VCbOR2u83BwQEvLy88PT1xfHzMxcUFQgjSNCXLskDlec5sNuPx8REpJZ1Oh+fnZ4QQnJ+fc319Tb/fZ29vD601SmvNdDplsVhwe3vLaDTi6uoKgCRJGAwGNBoNXl9fMcZQcs5hjGG1WpHnObVajQ3VahWtNcYYjDE451Cb+7z3JElCkiScnZ0hpaTX67G7u0u328V7/y+oVqsIITg8PKTT6dBqtRgOhzjnaLVa3N3dcX9/z3K5JI5jxOXlpSuKQqRpirWWh4eH//Plcpn9/X2cc2xvb1MqlQqllBpYa0/jOGYymdBsNsmyDOccURRRFAX1eh2lFGEY/lZBEHyx1v703n8KgkBEUYSUEu/9RkIIUQRB0A/D8NtflUT+nn4OS+0AAAAASUVORK5CYII=) " "}
.pending.label th:first-child:before, .pending.label td:first-child:before {content:url(data:image/png;base64,iVBORw0KGgoAAAANSUhEUgAAAAwAAAAMCAYAAABWdVznAAAAGXRFWHRTb2Z0d2FyZQBBZG9iZSBJbWFnZVJlYWR5ccllPAAAA2ZpVFh0WE1MOmNvbS5hZG9iZS54bXAAAAAAADw/eHBhY2tldCBiZWdpbj0i77u/IiBpZD0iVzVNME1wQ2VoaUh6cmVTek5UY3prYzlkIj8+IDx4OnhtcG1ldGEgeG1sbnM6eD0iYWRvYmU6bnM6bWV0YS8iIHg6eG1wdGs9IkFkb2JlIFhNUCBDb3JlIDUuMy1jMDExIDY2LjE0NTY2MSwgMjAxMi8wMi8wNi0xNDo1NjoyNyAgICAgICAgIj4gPHJkZjpSREYgeG1sbnM6cmRmPSJodHRwOi8vd3d3LnczLm9yZy8xOTk5LzAyLzIyLXJkZi1zeW50YXgtbnMjIj4gPHJkZjpEZXNjcmlwdGlvbiByZGY6YWJvdXQ9IiIgeG1sbnM6eG1wTU09Imh0dHA6Ly9ucy5hZG9iZS5jb20veGFwLzEuMC9tbS8iIHhtbG5zOnN0UmVmPSJodHRwOi8vbnMuYWRvYmUuY29tL3hhcC8xLjAvc1R5cGUvUmVzb3VyY2VSZWYjIiB4bWxuczp4bXA9Imh0dHA6Ly9ucy5hZG9iZS5jb20veGFwLzEuMC8iIHhtcE1NOk9yaWdpbmFsRG9jdW1lbnRJRD0ieG1wLmRpZDpCQjU0NjU4QjIyQTNFMTExQkI5Rjk5QkQ4RkQ5RUJFQiIgeG1wTU06RG9jdW1lbnRJRD0ieG1wLmRpZDpDODdDM0Y0QUEzRDUxMUUxQjk5N0MzQjVFRDMyQUE1MiIgeG1wTU06SW5zdGFuY2VJRD0ieG1wLmlpZDpDODdDM0Y0OUEzRDUxMUUxQjk5N0MzQjVFRDMyQUE1MiIgeG1wOkNyZWF0b3JUb29sPSJBZG9iZSBQaG90b3Nob3AgQ1M2IChXaW5kb3dzKSI+IDx4bXBNTTpEZXJpdmVkRnJvbSBzdFJlZjppbnN0YW5jZUlEPSJ4bXAuaWlkOjQ4MTZDRTNCRDVBM0UxMTFBQTI2QTBCMjZENzg1Qzg5IiBzdFJlZjpkb2N1bWVudElEPSJ4bXAuZGlkOkJCNTQ2NThCMjJBM0UxMTFCQjlGOTlCRDhGRDlFQkVCIi8+IDwvcmRmOkRlc2NyaXB0aW9uPiA8L3JkZjpSREY+IDwveDp4bXBtZXRhPiA8P3hwYWNrZXQgZW5kPSJyIj8+yj6RYgAAAPZJREFUeNp0kM8KgkAQxmc1E0Wfo3vQn5eRSDx4EUHwbTpEhx4lil7DiydBQUFXp5nAMNsGhpnd/X77za4Iw3CFiFcAWFMFDkXtKZ/UHhfUnB3HWdu2/REpAL2u631ZlicGdpZlwTAMSmBM0zS5bhgQLB5FU3AOUS4XvNn3vVKgAACCIMA0TbFpGsyyDJMkefdFUWAcx1hVFeZ5jlEUoed5qPEI7KDrOhiG8e6llNC27Zcz77FW+L6Pruv+WKtGIzfgR39umv/UHOJgAMlO/BPOXCQDD5p3r2ma8lvHNU9BcWPg0HXdhRZbOhRT8aSXVO9U/ZcAAwAsmjsSQcM0lwAAAABJRU5ErkJggg==) " ";}
.successful.label th:first-child:before, .successful.label td:first-child:before {content:url(data:image/png;base64,iVBORw0KGgoAAAANSUhEUgAAAAwAAAAMCAYAAABWdVznAAAAGXRFWHRTb2Z0d2FyZQBBZG9iZSBJbWFnZVJlYWR5ccllPAAAA2ZpVFh0WE1MOmNvbS5hZG9iZS54bXAAAAAAADw/eHBhY2tldCBiZWdpbj0i77u/IiBpZD0iVzVNME1wQ2VoaUh6cmVTek5UY3prYzlkIj8+IDx4OnhtcG1ldGEgeG1sbnM6eD0iYWRvYmU6bnM6bWV0YS8iIHg6eG1wdGs9IkFkb2JlIFhNUCBDb3JlIDUuMy1jMDExIDY2LjE0NTY2MSwgMjAxMi8wMi8wNi0xNDo1NjoyNyAgICAgICAgIj4gPHJkZjpSREYgeG1sbnM6cmRmPSJodHRwOi8vd3d3LnczLm9yZy8xOTk5LzAyLzIyLXJkZi1zeW50YXgtbnMjIj4gPHJkZjpEZXNjcmlwdGlvbiByZGY6YWJvdXQ9IiIgeG1sbnM6eG1wTU09Imh0dHA6Ly9ucy5hZG9iZS5jb20veGFwLzEuMC9tbS8iIHhtbG5zOnN0UmVmPSJodHRwOi8vbnMuYWRvYmUuY29tL3hhcC8xLjAvc1R5cGUvUmVzb3VyY2VSZWYjIiB4bWxuczp4bXA9Imh0dHA6Ly9ucy5hZG9iZS5jb20veGFwLzEuMC8iIHhtcE1NOk9yaWdpbmFsRG9jdW1lbnRJRD0ieG1wLmRpZDpCQjU0NjU4QjIyQTNFMTExQkI5Rjk5QkQ4RkQ5RUJFQiIgeG1wTU06RG9jdW1lbnRJRD0ieG1wLmRpZDpEMDVBNThBQUEzRDUxMUUxQjdCQkM2QUNBMTNBMDExNiIgeG1wTU06SW5zdGFuY2VJRD0ieG1wLmlpZDpEMDVBNThBOUEzRDUxMUUxQjdCQkM2QUNBMTNBMDExNiIgeG1wOkNyZWF0b3JUb29sPSJBZG9iZSBQaG90b3Nob3AgQ1M2IChXaW5kb3dzKSI+IDx4bXBNTTpEZXJpdmVkRnJvbSBzdFJlZjppbnN0YW5jZUlEPSJ4bXAuaWlkOjQ4MTZDRTNCRDVBM0UxMTFBQTI2QTBCMjZENzg1Qzg5IiBzdFJlZjpkb2N1bWVudElEPSJ4bXAuZGlkOkJCNTQ2NThCMjJBM0UxMTFCQjlGOTlCRDhGRDlFQkVCIi8+IDwvcmRmOkRlc2NyaXB0aW9uPiA8L3JkZjpSREY+IDwveDp4bXBtZXRhPiA8P3hwYWNrZXQgZW5kPSJyIj8+xJ3YrgAAAYBJREFUeNpsUrtKA1EQPZtdY4gEQiD4QCsLEVGX4CP4AykEq1hYiGghCDZ+gBZWVtrZ+EAjaGOhfoAkNiaKhYWICilMEQNqoYjZ5O4d5+6ucQuLM3funDNzD7OrLe229YBwSKAEnyAP/pyIbL5fcz5rcNiLtuqJSEz3ickn5ruE/vFmJ9/LYjvAldGWqA7bJkgPtoAHQrS5G6NdiwhFWCoxHOCgKUL+iurkCBVawyamE8d4qmSZ51clBZUlh+RG14JzEsJNcaTNLVwWd1B6vXXqkmGoYNeVUPnW3JNr4+YarPoncvebEAKNekAlokaY6N/A1NA+SBgY6Eijtz2Fs5sVWNWawysorWNJsO+q9QWzaxLTYwfojA3isZzDfSnrWvTsNiyp7pOrZURC7ejrTDEpcVpY9ab+NSioLZEiapZA5nwBxZcC8g9HeK7ccYM7TDnwmoU2vx6/NIJaUjc0b0u8YvJNle5HdJvlhbI0Y31ThqsjTGr0/+8hOOQ5nfsRYACtHiy+FDd82wAAAABJRU5ErkJggg==) " "}
/*.successful.label a:before {content:url(data:image/png;base64,iVBORw0KGgoAAAANSUhEUgAAAAwAAAAMCAYAAABWdVznAAAAGXRFWHRTb2Z0d2FyZQBBZG9iZSBJbWFnZVJlYWR5ccllPAAAA2ZpVFh0WE1MOmNvbS5hZG9iZS54bXAAAAAAADw/eHBhY2tldCBiZWdpbj0i77u/IiBpZD0iVzVNME1wQ2VoaUh6cmVTek5UY3prYzlkIj8+IDx4OnhtcG1ldGEgeG1sbnM6eD0iYWRvYmU6bnM6bWV0YS8iIHg6eG1wdGs9IkFkb2JlIFhNUCBDb3JlIDUuMy1jMDExIDY2LjE0NTY2MSwgMjAxMi8wMi8wNi0xNDo1NjoyNyAgICAgICAgIj4gPHJkZjpSREYgeG1sbnM6cmRmPSJodHRwOi8vd3d3LnczLm9yZy8xOTk5LzAyLzIyLXJkZi1zeW50YXgtbnMjIj4gPHJkZjpEZXNjcmlwdGlvbiByZGY6YWJvdXQ9IiIgeG1sbnM6eG1wTU09Imh0dHA6Ly9ucy5hZG9iZS5jb20veGFwLzEuMC9tbS8iIHhtbG5zOnN0UmVmPSJodHRwOi8vbnMuYWRvYmUuY29tL3hhcC8xLjAvc1R5cGUvUmVzb3VyY2VSZWYjIiB4bWxuczp4bXA9Imh0dHA6Ly9ucy5hZG9iZS5jb20veGFwLzEuMC8iIHhtcE1NOk9yaWdpbmFsRG9jdW1lbnRJRD0ieG1wLmRpZDpCQjU0NjU4QjIyQTNFMTExQkI5Rjk5QkQ4RkQ5RUJFQiIgeG1wTU06RG9jdW1lbnRJRD0ieG1wLmRpZDpEMDVBNThBQUEzRDUxMUUxQjdCQkM2QUNBMTNBMDExNiIgeG1wTU06SW5zdGFuY2VJRD0ieG1wLmlpZDpEMDVBNThBOUEzRDUxMUUxQjdCQkM2QUNBMTNBMDExNiIgeG1wOkNyZWF0b3JUb29sPSJBZG9iZSBQaG90b3Nob3AgQ1M2IChXaW5kb3dzKSI+IDx4bXBNTTpEZXJpdmVkRnJvbSBzdFJlZjppbnN0YW5jZUlEPSJ4bXAuaWlkOjQ4MTZDRTNCRDVBM0UxMTFBQTI2QTBCMjZENzg1Qzg5IiBzdFJlZjpkb2N1bWVudElEPSJ4bXAuZGlkOkJCNTQ2NThCMjJBM0UxMTFCQjlGOTlCRDhGRDlFQkVCIi8+IDwvcmRmOkRlc2NyaXB0aW9uPiA8L3JkZjpSREY+IDwveDp4bXBtZXRhPiA8P3hwYWNrZXQgZW5kPSJyIj8+xJ3YrgAAAYBJREFUeNpsUrtKA1EQPZtdY4gEQiD4QCsLEVGX4CP4AykEq1hYiGghCDZ+gBZWVtrZ+EAjaGOhfoAkNiaKhYWICilMEQNqoYjZ5O4d5+6ucQuLM3funDNzD7OrLe229YBwSKAEnyAP/pyIbL5fcz5rcNiLtuqJSEz3ickn5ruE/vFmJ9/LYjvAldGWqA7bJkgPtoAHQrS5G6NdiwhFWCoxHOCgKUL+iurkCBVawyamE8d4qmSZ51clBZUlh+RG14JzEsJNcaTNLVwWd1B6vXXqkmGoYNeVUPnW3JNr4+YarPoncvebEAKNekAlokaY6N/A1NA+SBgY6Eijtz2Fs5sVWNWawysorWNJsO+q9QWzaxLTYwfojA3isZzDfSnrWvTsNiyp7pOrZURC7ejrTDEpcVpY9ab+NSioLZEiapZA5nwBxZcC8g9HeK7ccYM7TDnwmoU2vx6/NIJaUjc0b0u8YvJNle5HdJvlhbI0Y31ThqsjTGr0/+8hOOQ5nfsRYACtHiy+FDd82wAAAABJRU5ErkJggg==) " "}*/

.xspecResult { width: 90%; table-layout: fixed; }

.xspecResult td,
.xspecResult th { width: 50%; }

/*.xspecResult pre { 
  margin-left: 0; 
  padding: 0.5em; 
  overflow: auto; 
  border: 1px #999 dotted;
}*/

span.scenario-totals {float: right; width: 14.5%; text-align: left}

/* OXYGEN */
span.scenario-totals {float: right; width: 34.5%; text-align: right}

h2.failed {
    background-color: #FCC;
}

h1, h2 {
    width: 86%;
    margin-left: 3%;
    
    font-size:1.4em;
    font-weight:bold;
    text-align:left;
    margin-top:1.4em;
    margin-bottom:0.7em;
    color:#333333;
    background-color:inherit;
}

h1 {
    font-size:1.7em;
}

body &gt; h1:first-child:before {
    content:"XSLT UNIT ";
}

body &gt; h2:first-of-type {
    font-size:1.7em;
}

div &gt; table &gt; tbody &gt; tr &gt; th:first-child {
    font-weight:bold;
}

div &gt; h3 {
    font-weight:bold;
    margin-left: 3%;
}

div &gt; h4 {
    font-weight:normal;
    margin-left: 4%;
}

th.result { text-align: center; }
/* OXYGEN */


/* ------------------------------------------------------------------------ */
/*  DO NOT ALTER OR REMOVE COPYRIGHT NOTICES OR THIS COMMENT.               */
/*                                                                          */
/*  Copyright (c) 2008, 2010 Jeni Tennsion                                  */
/*                                                                          */
/*  The contents of this file are subject to the MIT License (see the URI   */
/*  http://www.opensource.org/licenses/mit-license.php for details).        */
/*                                                                          */
/*  Permission is hereby granted, free of charge, to any person obtaining   */
/*  a copy of this software and associated documentation files (the         */
/*  "Software"), to deal in the Software without restriction, including     */
/*  without limitation the rights to use, copy, modify, merge, publish,     */
/*  distribute, sublicense, and/or sell copies of the Software, and to      */
/*  permit persons to whom the Software is furnished to do so, subject to   */
/*  the following conditions:                                               */
/*                                                                          */
/*  The above copyright notice and this permission notice shall be          */
/*  included in all copies or substantial portions of the Software.         */
/*                                                                          */
/*  THE SOFTWARE IS PROVIDED "AS IS", WITHOUT WARRANTY OF ANY KIND,         */
/*  EXPRESS OR IMPLIED, INCLUDING BUT NOT LIMITED TO THE WARRANTIES OF      */
/*  MERCHANTABILITY, FITNESS FOR A PARTICULAR PURPOSE AND NONINFRINGEMENT.  */
/*  IN NO EVENT SHALL THE AUTHORS OR COPYRIGHT HOLDERS BE LIABLE FOR ANY    */
/*  CLAIM, DAMAGES OR OTHER LIABILITY, WHETHER IN AN ACTION OF CONTRACT,    */
/*  TORT OR OTHERWISE, ARISING FROM, OUT OF OR IN CONNECTION WITH THE       */
/*  SOFTWARE OR THE USE OR OTHER DEALINGS IN THE SOFTWARE.                  */
/* ------------------------------------------------------------------------ */

.nobr { white-space: nowrap; }
.scenario-label { text-indent: 0px; }
.context-label { text-indent: 10px; }
.test-label { text-indent: 20px; }
.pending-label { text-indent: 30px; }


        /**/</style>
    </head><body><h1>Test Report</h1><p>Script: <a>file:/home/jostein/xprocspec/src/test/xprocspec/tests/call-1.xprocspec</a></p><p>Tested: 2013-08-22T16:03:05.234+02:00</p><h2>Contents</h2><table><col/><col/><col/><col/><col/><col/><thead><tr><th/><th>passed:1</th><th>pending:0</th><th>failed:1</th><th>errors:0</th><th>total:2</th></tr></thead><tbody><tr><th><a>ex:identity</a></th><th>1</th><th>0</th><th>1</th><th>0</th><th>2</th></tr></tbody></table><div><h2>Calling: <a>ex:identity</a><span>passed:1 / pending:0 / failed:1 / errors:0 / total:2</span></h2><table><col/><col/><tbody><tr><th>x:call with @step x:call with 'option' option x:call with 'option.required' option</th><th>passed:1 / pending:0 / failed:1 / errors:0 / total:2</th></tr><tr><th>the results</th><th>passed:1 / pending:0 / failed:1 / errors:0 / total:2</th></tr><tr><td>Was:</td></tr><tr><td><pre><code>
                &lt;c:options xmlns:ex="http://example.net/ns"&gt;
                    &lt;c:option name="option" value="option-value"/&gt;
                    &lt;c:option name="option.required" value="required"/&gt;
                    &lt;c:option name="option.default" value="default"/&gt;
                &lt;/c:options&gt;
            </code></pre></td></tr><tr><td>the option 'option' should have the value 'option-value'</td><td>Success</td></tr><tr><td>the option 'option.required' should have the value 'option-value'</td><td>Failed</td></tr><tr><td>Expected: <pre><code>/*/*[@name='option.required']/@value='option.required-value'</code></pre></td></tr></tbody></table></div><link/><script> </script><script>hljs.initHighlightingOnLoad();</script></body></html></x:document></x:output><x:output port="junit"><x:document xml:base="file:/home/jostein/xprocspec/src/main/resources/content/xml/xproc/report/report.xpl" type="inline"><testsuites><testsuite>
<properties>

<property/>

</properties>
<testcase><system-out>the option 'option' should have the value 'option-value': SUCCESS</system-out>
<system-err/></testcase><testcase><failure/><system-out>the option 'option.required' should have the value 'option-value': FAILED</system-out>
<system-err>Expected:
/*/*[@name='option.required']/@value='option.required-value'

</system-err></testcase></testsuite></testsuites></x:document></x:output><x:test-result contextref="context6" result="passed" test="/*/@tests='2'" label="there should be 2 tests" type="xpath">
                                                        <x:expected>/*/@tests='2'</x:expected>
                                                    </x:test-result></x:description><x:description xmlns:cx="http://xmlcalabash.com/ns/extensions" xmlns:c="http://www.w3.org/ns/xproc-step" xml:base="file:/home/jostein/xprocspec/src/test/xprocspec/test.xprocspec" test-base-uri="file:/home/jostein/xprocspec/src/test/xprocspec/test.xprocspec" script="file:/home/jostein/xprocspec/src/main/resources/content/xml/xproc/xprocspec.xpl" test-grammar="xprocspec" temp-dir="file:/tmp/xprocspec-20130822160259495/"><x:step-declaration><p:declare-step xmlns:p="http://www.w3.org/ns/xproc" xmlns:px="http://www.daisy.org/ns/xprocspec" xmlns:pxi="http://www.daisy.org/ns/xprocspec/xproc-internal/" xmlns:pkg="http://expath.org/ns/pkg" type="px:xprocspec" name="main" version="1.0" xpath-version="2.0" pkg:import-uri="http://www.daisy.org/ns/xprocspec/xprocspec.xpl" x:type="{http://www.daisy.org/ns/xprocspec}xprocspec"><p:input port="source" kind="document" sequence="false" primary="true"/><p:output port="result" kind="document" sequence="false" primary="false"><p:pipe port="result" step="report"/></p:output><p:output port="html" kind="document" sequence="false" primary="false"><p:pipe port="html" step="report"/></p:output><p:output port="junit" kind="document" sequence="false" primary="false"><p:pipe port="junit" step="report"/></p:output><p:option name="temp-dir" select="'file:/tmp/'"/></p:declare-step></x:step-declaration><x:scenario end-time="2013-08-22T14:03:05.717Z" label="the call element - step attribute pointing to step declared in an XProc library" start-time="2013-08-22T14:03:05.474Z"><x:call x:type="{http://www.daisy.org/ns/xprocspec}xprocspec" step="x:xprocspec"><x:option select="$temp-dir" name="temp-dir" value="file:/tmp/xprocspec-20130822160259495/"/><x:input port="source">
                    <x:document xml:base="file:/home/jostein/xprocspec/src/test/xprocspec/test.xprocspec" type="inline"><p:declare-step xmlns:p="http://www.w3.org/ns/xproc" xmlns:pxi="http://www.daisy.org/ns/xprocspec/xproc-internal/" name="main" type="pxi:load" version="1.0">

    <p:output port="result"/>

    <p:option name="href" required="true"/>
    <p:option name="method" select="'xml'"/>

    <p:import href="logging-library.xpl"/>

    <p:declare-step type="pxi:load-text">
        <p:output port="result"/>
        <p:option name="href"/>
        <p:identity>
            <p:input port="source">
                <p:inline>
                    <c:request method="GET" override-content-type="text/plain; charset=utf-8"/>
                </p:inline>
            </p:input>
        </p:identity>
        <p:add-attribute match="c:request" attribute-name="href">
            <p:with-option name="attribute-value" select="$href"/>
        </p:add-attribute>
        <p:http-request/>
    </p:declare-step>

    <p:declare-step type="pxi:load-binary">
        <p:output port="result"/>
        <p:option name="href"/>
        <p:identity>
            <p:input port="source">
                <p:inline>
                    <c:request method="GET" override-content-type="binary/octet-stream"/>
                </p:inline>
            </p:input>
        </p:identity>
        <p:add-attribute match="c:request" attribute-name="href">
            <p:with-option name="attribute-value" select="$href"/>
        </p:add-attribute>
        <p:http-request/>
    </p:declare-step>

    <pxi:message>
        <p:input port="source">
            <p:inline>
                <doc/>
            </p:inline>
        </p:input>
        <p:with-option name="message" select="concat('loading &#34;',$href,'&#34;')"/>
    </pxi:message>
    <p:sink/>

    <p:choose>
        <!--<!-\- Force HTML -\->
    <p:when test="$method='html'">
        <px:html-load>
            <p:with-option name="href" select="$href"/>
        </px:html-load>
    </p:when>-->

        <!-- XML -->
        <p:when test="$method='xml'">
            <p:try>
                <p:group>
                    <p:load>
                        <p:with-option name="href" select="$href"/>
                    </p:load>
                </p:group>
                <p:catch>
                    <pxi:message>
                        <p:input port="source">
                            <p:empty/>
                        </p:input>
                        <p:with-option name="message" select="concat('unable to load ',$href,' as XML')"/>
                    </pxi:message>
                </p:catch>
            </p:try>
        </p:when>

        <!-- text -->
        <p:when test="$method='text'">
            <pxi:load-text>
                <p:with-option name="href" select="$href"/>
            </pxi:load-text>
        </p:when>

        <!--<!-\- HTML -\->
                <p:when test="$media-type='text/html' or $media-type='application/xhtml+xml'">
                    <px:html-load>
                        <p:with-option name="href" select="$href"/>
                    </px:html-load>
                </p:when>-->

        <!-- default to 'binary' -->
        <p:otherwise>
            <pxi:load-binary>
                <p:with-option name="href" select="$href"/>
            </pxi:load-binary>
        </p:otherwise>
    </p:choose>

</p:declare-step></x:document>
                </x:input></x:call><x:context label="the junit output port" id="context7">
                <x:document xml:base="file:/home/jostein/xprocspec/src/main/resources/content/xml/xproc/report/report.xpl" type="inline"><testsuites tests="1" failures="0" time="0.181" errors="0" name="call2"><testsuite timestamp="2013-08-22T14:03:05.67Z" hostname="localhost" tests="1" errors="0" failures="0" skipped="0" id="d9191e1" name="identity" package="http://example.net/ns" time="0.002">
<properties>


</properties>
<testcase name="theContentsOfTheOutputElementShouldBeHelloWorld2" classname="identity-2" assertions="1" time="0" status="SUCCESS"><system-out>the contents of the output element should be 'Hello world! #2': SUCCESS</system-out>
<system-err/></testcase></testsuite></testsuites></x:document>
            </x:context><x:expect label="there should be 1 test" type="xpath" test="/*/@tests='1'" contextref="context7"/><x:expect label="the test should succeed" type="xpath" test="/*/@tests='1' and /*/@failures='0' and /*/@errors='0'" contextref="context7"/></x:scenario><x:output port="result"><x:document xml:base="file:/home/jostein/xprocspec/src/main/resources/content/xml/xproc/report/report.xpl" type="inline"><x:test-report><x:description><x:step-declaration><p:declare-step xmlns:p="http://www.w3.org/ns/xproc" xmlns:ex="http://example.net/ns"><p:input><p:inline>
                <doc>Hello world! #2</doc>
            </p:inline></p:input><p:output/></p:declare-step></x:step-declaration><x:scenario xmlns:e="http://example.net/ns"><x:call/><x:context>
            <x:document>
                <doc xmlns:ex="http://example.net/ns">Hello world! #2</doc>
            </x:document>
        </x:context><x:expect/></x:scenario><x:output><x:document>
                <doc xmlns:ex="http://example.net/ns">Hello world! #2</doc>
            </x:document></x:output><x:test-result>
                                                        <x:expected>/*/text()='Hello world! #2'</x:expected>
                                                    </x:test-result></x:description></x:test-report></x:document></x:output><x:output port="html"><x:document xml:base="file:/home/jostein/xprocspec/src/main/resources/content/xml/xproc/report/report-template.xhtml" type="inline"><html xmlns="http://www.w3.org/1999/xhtml"><head><title>Test Report for file:/home/jostein/xprocspec/src/test/xprocspec/tests/call-2.xprocspec (passed:1 / pending:0 / failed:0 / errors:0 / total:1)</title>
        <meta/>
        <style>/**/
/****************************************************************************/
/*  File:       test-report.css                                             */
/*  Author:     Jeni Tennsion                                               */
/*  URI:        http://xspec.googlecode.com/                                */
/*  Tags:                                                                   */
/*    Copyright (c) 2008, 2010 Jeni Tennsion (see end of file.)             */
/* ------------------------------------------------------------------------ */


/* test */

/* box model */

body {
	margin-right: 1em;
	margin-left: 10%;
	}

h1 {
	padding: 0.3em 0.5em 0.3em 0.5em;
	position: relative;
	}

h2 {
	padding: 0.1em 0.5em 0.2em 0.5em;
	}

h3 {
	padding-left: 0.6em;
	}

h4 {
	padding-left: 0.8em;
	}

p, table {
	margin-left: 5%;
	}

dd ul, dd ol {
	margin-left: 0%;
	}

li ul, li ol {
	margin-left: 5%;
	}

dl, ul, ol, blockquote {
	margin-left: 10%;
	}

dt {
  padding-top: 3px;
  padding-bottom: 3px;
	clear: both;
	}

dd p {
	margin-left: -5px;
	margin-top: 5px;
	clear: both;
	}

p.link {
	margin-top: 4px;
	margin-bottom: 0px;
	clear: both;
	}

tr td, td p, li, li p {
	margin-left: 0%;
	}

td:nth-child(2) {
	padding-left: 5%;
	}

.link img, dt img {
	vertical-align: middle;
	position: relative;
	top: -5px;
	}

img {
	position: relative;
	}

#xml-link {
	position: absolute;
	left: 5px;
	top: 5px;
	width: 10%;
	margin-left: 0%;
	}

#link-up {
	position: absolute;
	left: 93%;
	right: 2em;
	top: 0.3em;
	}

#link-top {
	position: absolute;
	left: 89%;
	right: 4em;
	top: 0.3em;
	}
	
.popup {
	display: block;
	visibility: hidden;
	float: right;
	position: absolute;
	top: 5px;
	left: -200px;
	z-index: 1;
	padding: 0.3em;
	width: 220px;
	}

.note {
	position: relative;
	}

.post {
	margin-left: 5%;
	padding-top: 1em;
	}
	
.example, .sidebar {
  margin-left: 5%;
  margin-top: 1em;
  margin-bottom: 1em;
  }

/*pre {
	padding-left: 5%;
	margin-left: 5%;
	}*/

/*dd pre, li pre {
	padding-left: 5%;
	}*/

/* fonts */
/* Oxygen  */
body, table {
    font-family:arial, helvetica, sans-serif;
    font-size:12px;
}
/* Oxygen  */

/*body {
	font-family: Verdana, arial, sans-serif;
	font-size: small;
	}*/	

/*h1, h2, h3, h4, h5, h6 {
	font-family: 'trebuchet MS', arial, sans-serif;
	}*/

h1 {
	font-size: 173%;
	font-weight: bold;
	}

h2 {
	font-size: 144%;
	font-weight: normal;
	}

h3 {
	font-size: 120%;
	font-weight: normal;
	}

h4 {
  font-size: 100%;
  font-weight: bold;
}

dt {
	font-weight: bold;
	}

a:link, a:visited, a:active, a:hover {
	font-weight: bold;
	}

a.offsite:link, a.offsite:visited, a.offsite:active, a.offsite:hover {
	font-weight: normal;
	}

/* suppress the normal italics */
address {
	font-style: normal;
	}

div.example, .sidebar {
  font-family: Verdana, arial, sans-serif;
  font-size: 100%;
  }


.note, .link {
	font-family: Verdana, arial, sans-serif;
	/*font-size: 83%;*/
	}

/*.example, .string, .rtf, .code, pre, code {
	font-family: "Lucida Console", "Courier New", monospace;*/
  /*font-size: 83%;*/
/*	}*/

.boolean {
	font-style: italic;
	}

#colophon, #xml-link {
	font-size: 69%;
	}

.question, .title {
	font-weight: bold;
	}

/* colours */
body {
	background-color: white;
	color: black;
	border: 0px none black;
	}

/* this is to make Navigator fill the entire line */
h1, h2 {
	border: 1px solid white;
	width: auto;
	}

h1 {
	/*background: #606;*/
	/*color: #6F6;*/
	}

h2 {
	color: #606;
	/*background: #CFC;*/
	}

hr {
	color: #606;
	background: white;
	}

img, a:link img, a:visited img, a:hover img, a:active img, #link-up img, #link-top img {
	border: 0px none white;
	background: transparent;
	}

/* OXYGEN */
a, a:visited {
    color:rgb(0, 0, 150);
    background-color:inherit;
    font-weight: bold;
}
a:link, a:visited {
    text-decoration:none; 
}
a:hover {
    text-decoration:underline;
}

/* OXYGEN */

a.img:hover, a.img:active {
	background: transparent;
	}

#colophon, #xml-link, .note {
	color: #666;
	}

#colophon a:link, #colophon a:visited, #colophon a:hover,
#xml-link a:link, #xml-link a:visited, #xml-link a:hover,
.note a:link, .note a:visited, .note a:hover {
	color: #969;
	background: transparent;
	}

#colophon a:hover, #xml-link a:hover, .note a:hover {
	background: #CFC;
	color: #969;
	}

.popup {
	background: white;
	border: 1px solid #606;
	}

.post {
	border-top: 2px solid #606;
	}
	
.example {
  border-top: 2px solid #606;
  border-bottom: 2px solid #606;
  }
  
.sidebar {
  border-top: 2px solid #090;
  border-bottom: 2px solid #090;
  }
  
.rng {
  border-left: 2px solid #666;
  }

.same {
  background-color: rgb(206, 239, 174);
}

.diff {
  background-color: #FCC;
}

.whitespace {
	font-style: italic;
	color: #999;
	background: white;
}

.ignored {
  font-style: italic;
  color: #999;
  background: white;
}

.hit {
}

.missed {
  background-color: #A33;
  color: white;
}

/* text */
ol ol li {
	list-style: lower-alpha;
	}

th {
	text-align: left;
	}

td {
	vertical-align: top;
	}

h1 {
	text-transform: uppercase;
	}

h2, h3 {
	/*text-transform: capitalize;*/
	}

.question {
	text-indent: -33px;
	}

.byline {
	text-align: right;
	}

#link-top, #link-up {
	text-align: right;
	}

a {
	text-decoration: none;
	}

table { width: 85%;
        /* border: collapse; */ }

th { text-align: left; }

.xspec tbody th { font-weight: normal; /*font-size: 0.8em;*/ border-top: 1px #666 solid; }
.xspec tbody td { /*font-size: 0.8em;*/ color: #666; }

.successful.label th, .successful.label td { background-color: #CFC; }
.pending.label th, .pending.label td { background-color: #DDD; color: #666; }
.failed.label th, .failed.label td { background-color: #FCC; }
.error.label th, .error.label td { background-color: #FAA; }
/*body &gt; table tbody .failed.label th:first-child:before {content:url(data:image/png;base64,iVBORw0KGgoAAAANSUhEUgAAAAwAAAAMCAYAAABWdVznAAAAGXRFWHRTb2Z0d2FyZQBBZG9iZSBJbWFnZVJlYWR5ccllPAAAA2ZpVFh0WE1MOmNvbS5hZG9iZS54bXAAAAAAADw/eHBhY2tldCBiZWdpbj0i77u/IiBpZD0iVzVNME1wQ2VoaUh6cmVTek5UY3prYzlkIj8+IDx4OnhtcG1ldGEgeG1sbnM6eD0iYWRvYmU6bnM6bWV0YS8iIHg6eG1wdGs9IkFkb2JlIFhNUCBDb3JlIDUuMy1jMDExIDY2LjE0NTY2MSwgMjAxMi8wMi8wNi0xNDo1NjoyNyAgICAgICAgIj4gPHJkZjpSREYgeG1sbnM6cmRmPSJodHRwOi8vd3d3LnczLm9yZy8xOTk5LzAyLzIyLXJkZi1zeW50YXgtbnMjIj4gPHJkZjpEZXNjcmlwdGlvbiByZGY6YWJvdXQ9IiIgeG1sbnM6eG1wTU09Imh0dHA6Ly9ucy5hZG9iZS5jb20veGFwLzEuMC9tbS8iIHhtbG5zOnN0UmVmPSJodHRwOi8vbnMuYWRvYmUuY29tL3hhcC8xLjAvc1R5cGUvUmVzb3VyY2VSZWYjIiB4bWxuczp4bXA9Imh0dHA6Ly9ucy5hZG9iZS5jb20veGFwLzEuMC8iIHhtcE1NOk9yaWdpbmFsRG9jdW1lbnRJRD0ieG1wLmRpZDpCQjU0NjU4QjIyQTNFMTExQkI5Rjk5QkQ4RkQ5RUJFQiIgeG1wTU06RG9jdW1lbnRJRD0ieG1wLmRpZDpEQTUyOTdBQUEzRDUxMUUxQTQwN0YzMUI0Nzg3NDU1RSIgeG1wTU06SW5zdGFuY2VJRD0ieG1wLmlpZDpEQTUyOTdBOUEzRDUxMUUxQTQwN0YzMUI0Nzg3NDU1RSIgeG1wOkNyZWF0b3JUb29sPSJBZG9iZSBQaG90b3Nob3AgQ1M2IChXaW5kb3dzKSI+IDx4bXBNTTpEZXJpdmVkRnJvbSBzdFJlZjppbnN0YW5jZUlEPSJ4bXAuaWlkOjQ4MTZDRTNCRDVBM0UxMTFBQTI2QTBCMjZENzg1Qzg5IiBzdFJlZjpkb2N1bWVudElEPSJ4bXAuZGlkOkJCNTQ2NThCMjJBM0UxMTFCQjlGOTlCRDhGRDlFQkVCIi8+IDwvcmRmOkRlc2NyaXB0aW9uPiA8L3JkZjpSREY+IDwveDp4bXBtZXRhPiA8P3hwYWNrZXQgZW5kPSJyIj8+aHNJrgAAAZ1JREFUeNpsUssrRGEU/907985YMDPNYlh4hbKZPMdgR3aysrGSSFIeKyUKpewoRTYkmcgCf4MsMI2FPDYGKeUZSoru4/uc82VC+W7fOeee+zvn/M45V1uuyCmVwDogq0hDklD6jy1dspNkdxokVrIzPFUh0/MD5OdXoJDwPFtu3d2ns6TTp9oggTlFZlmN0o4AHMmXfJGo0lmGzoE1OgmNHf5YA8rmN5HfM6wADmUuHphA9cIW/JX1yiek9DIlyijxkNjBzXYche19gNcHzfShoLUdVxtLuD/cYzCoMAzCwqYrhMDx9Chs20JRWzf4nMcXcDI3pYAqQHIAtWUJbpKursMMhpA+RiAEGzpc4X5XkDB4GjaHmiZik/PIa2rBEWVlSuW9Q+T3YndskBi46QpQFcLltchtbEZyZhxna4uKhmV9Ito/gtPNOG4P99WItdlIWARNXWOAv6AEr9cplel7/ggUleDlMqUSvNnCobHKxDsNnqs8XaWUZopp/XhxTkOR+HDVOveYUge9rNLyY9SU9v+vwXuUB2R0fQkwABfn/VKSjTLBAAAAAElFTkSuQmCC) " "}*/
/*body &gt; table tbody .error.label th:first-child:before {content:url(data:image/png;base64,iVBORw0KGgoAAAANSUhEUgAAAAwAAAAMCAYAAABWdVznAAAABmJLR0QAAAAAAAD5Q7t/AAAACXBIWXMAAAsTAAALEwEAmpwYAAAAB3RJTUUH3QcKER4AdkxvvQAAAdVJREFUKM89kM9KG0EAh7/JTHazZInEQwJ68KIWLx6Etj6EjxAobYSsD+BjCJ682EOp0FMueYmS0FMICF4i6tFNzJ/dyRh2Znoo6Xf+Pn7wEzc3Nx/W6/UvY8xJnudkWYa1Fu893nviOCaKIhuG4R/v/Ve1Xq9/bG1tnezs7JDnOVpr3t/fcc4hpaRSqVCpVORqtTp9e3v7rrTWn5vNJpPJhHK5zHg8JssyvPeEYcjR0RFpmlKr1ZjP5x9Li8VCbOR2u83BwQEvLy88PT1xfHzMxcUFQgjSNCXLskDlec5sNuPx8REpJZ1Oh+fnZ4QQnJ+fc319Tb/fZ29vD601SmvNdDplsVhwe3vLaDTi6uoKgCRJGAwGNBoNXl9fMcZQcs5hjGG1WpHnObVajQ3VahWtNcYYjDE451Cb+7z3JElCkiScnZ0hpaTX67G7u0u328V7/y+oVqsIITg8PKTT6dBqtRgOhzjnaLVa3N3dcX9/z3K5JI5jxOXlpSuKQqRpirWWh4eH//Plcpn9/X2cc2xvb1MqlQqllBpYa0/jOGYymdBsNsmyDOccURRRFAX1eh2lFGEY/lZBEHyx1v703n8KgkBEUYSUEu/9RkIIUQRB0A/D8NtflUT+nn4OS+0AAAAASUVORK5CYII=) " "}*/
.failed.label th:first-child:before, .failed.label td:first-child:before {content:url(data:image/png;base64,iVBORw0KGgoAAAANSUhEUgAAAAwAAAAMCAYAAABWdVznAAAAGXRFWHRTb2Z0d2FyZQBBZG9iZSBJbWFnZVJlYWR5ccllPAAAA2ZpVFh0WE1MOmNvbS5hZG9iZS54bXAAAAAAADw/eHBhY2tldCBiZWdpbj0i77u/IiBpZD0iVzVNME1wQ2VoaUh6cmVTek5UY3prYzlkIj8+IDx4OnhtcG1ldGEgeG1sbnM6eD0iYWRvYmU6bnM6bWV0YS8iIHg6eG1wdGs9IkFkb2JlIFhNUCBDb3JlIDUuMy1jMDExIDY2LjE0NTY2MSwgMjAxMi8wMi8wNi0xNDo1NjoyNyAgICAgICAgIj4gPHJkZjpSREYgeG1sbnM6cmRmPSJodHRwOi8vd3d3LnczLm9yZy8xOTk5LzAyLzIyLXJkZi1zeW50YXgtbnMjIj4gPHJkZjpEZXNjcmlwdGlvbiByZGY6YWJvdXQ9IiIgeG1sbnM6eG1wTU09Imh0dHA6Ly9ucy5hZG9iZS5jb20veGFwLzEuMC9tbS8iIHhtbG5zOnN0UmVmPSJodHRwOi8vbnMuYWRvYmUuY29tL3hhcC8xLjAvc1R5cGUvUmVzb3VyY2VSZWYjIiB4bWxuczp4bXA9Imh0dHA6Ly9ucy5hZG9iZS5jb20veGFwLzEuMC8iIHhtcE1NOk9yaWdpbmFsRG9jdW1lbnRJRD0ieG1wLmRpZDpCQjU0NjU4QjIyQTNFMTExQkI5Rjk5QkQ4RkQ5RUJFQiIgeG1wTU06RG9jdW1lbnRJRD0ieG1wLmRpZDpEQTUyOTdBQUEzRDUxMUUxQTQwN0YzMUI0Nzg3NDU1RSIgeG1wTU06SW5zdGFuY2VJRD0ieG1wLmlpZDpEQTUyOTdBOUEzRDUxMUUxQTQwN0YzMUI0Nzg3NDU1RSIgeG1wOkNyZWF0b3JUb29sPSJBZG9iZSBQaG90b3Nob3AgQ1M2IChXaW5kb3dzKSI+IDx4bXBNTTpEZXJpdmVkRnJvbSBzdFJlZjppbnN0YW5jZUlEPSJ4bXAuaWlkOjQ4MTZDRTNCRDVBM0UxMTFBQTI2QTBCMjZENzg1Qzg5IiBzdFJlZjpkb2N1bWVudElEPSJ4bXAuZGlkOkJCNTQ2NThCMjJBM0UxMTFCQjlGOTlCRDhGRDlFQkVCIi8+IDwvcmRmOkRlc2NyaXB0aW9uPiA8L3JkZjpSREY+IDwveDp4bXBtZXRhPiA8P3hwYWNrZXQgZW5kPSJyIj8+aHNJrgAAAZ1JREFUeNpsUssrRGEU/907985YMDPNYlh4hbKZPMdgR3aysrGSSFIeKyUKpewoRTYkmcgCf4MsMI2FPDYGKeUZSoru4/uc82VC+W7fOeee+zvn/M45V1uuyCmVwDogq0hDklD6jy1dspNkdxokVrIzPFUh0/MD5OdXoJDwPFtu3d2ns6TTp9oggTlFZlmN0o4AHMmXfJGo0lmGzoE1OgmNHf5YA8rmN5HfM6wADmUuHphA9cIW/JX1yiek9DIlyijxkNjBzXYche19gNcHzfShoLUdVxtLuD/cYzCoMAzCwqYrhMDx9Chs20JRWzf4nMcXcDI3pYAqQHIAtWUJbpKursMMhpA+RiAEGzpc4X5XkDB4GjaHmiZik/PIa2rBEWVlSuW9Q+T3YndskBi46QpQFcLltchtbEZyZhxna4uKhmV9Ito/gtPNOG4P99WItdlIWARNXWOAv6AEr9cplel7/ggUleDlMqUSvNnCobHKxDsNnqs8XaWUZopp/XhxTkOR+HDVOveYUge9rNLyY9SU9v+vwXuUB2R0fQkwABfn/VKSjTLBAAAAAElFTkSuQmCC) " "}
.error.label th:first-child:before, .error.label td:first-child:before {content:url(data:image/png;base64,iVBORw0KGgoAAAANSUhEUgAAAAwAAAAMCAYAAABWdVznAAAABmJLR0QAAAAAAAD5Q7t/AAAACXBIWXMAAAsTAAALEwEAmpwYAAAAB3RJTUUH3QcKER4AdkxvvQAAAdVJREFUKM89kM9KG0EAh7/JTHazZInEQwJ68KIWLx6Etj6EjxAobYSsD+BjCJ682EOp0FMueYmS0FMICF4i6tFNzJ/dyRh2Znoo6Xf+Pn7wEzc3Nx/W6/UvY8xJnudkWYa1Fu893nviOCaKIhuG4R/v/Ve1Xq9/bG1tnezs7JDnOVpr3t/fcc4hpaRSqVCpVORqtTp9e3v7rrTWn5vNJpPJhHK5zHg8JssyvPeEYcjR0RFpmlKr1ZjP5x9Li8VCbOR2u83BwQEvLy88PT1xfHzMxcUFQgjSNCXLskDlec5sNuPx8REpJZ1Oh+fnZ4QQnJ+fc319Tb/fZ29vD601SmvNdDplsVhwe3vLaDTi6uoKgCRJGAwGNBoNXl9fMcZQcs5hjGG1WpHnObVajQ3VahWtNcYYjDE451Cb+7z3JElCkiScnZ0hpaTX67G7u0u328V7/y+oVqsIITg8PKTT6dBqtRgOhzjnaLVa3N3dcX9/z3K5JI5jxOXlpSuKQqRpirWWh4eH//Plcpn9/X2cc2xvb1MqlQqllBpYa0/jOGYymdBsNsmyDOccURRRFAX1eh2lFGEY/lZBEHyx1v703n8KgkBEUYSUEu/9RkIIUQRB0A/D8NtflUT+nn4OS+0AAAAASUVORK5CYII=) " "}
.pending.label th:first-child:before, .pending.label td:first-child:before {content:url(data:image/png;base64,iVBORw0KGgoAAAANSUhEUgAAAAwAAAAMCAYAAABWdVznAAAAGXRFWHRTb2Z0d2FyZQBBZG9iZSBJbWFnZVJlYWR5ccllPAAAA2ZpVFh0WE1MOmNvbS5hZG9iZS54bXAAAAAAADw/eHBhY2tldCBiZWdpbj0i77u/IiBpZD0iVzVNME1wQ2VoaUh6cmVTek5UY3prYzlkIj8+IDx4OnhtcG1ldGEgeG1sbnM6eD0iYWRvYmU6bnM6bWV0YS8iIHg6eG1wdGs9IkFkb2JlIFhNUCBDb3JlIDUuMy1jMDExIDY2LjE0NTY2MSwgMjAxMi8wMi8wNi0xNDo1NjoyNyAgICAgICAgIj4gPHJkZjpSREYgeG1sbnM6cmRmPSJodHRwOi8vd3d3LnczLm9yZy8xOTk5LzAyLzIyLXJkZi1zeW50YXgtbnMjIj4gPHJkZjpEZXNjcmlwdGlvbiByZGY6YWJvdXQ9IiIgeG1sbnM6eG1wTU09Imh0dHA6Ly9ucy5hZG9iZS5jb20veGFwLzEuMC9tbS8iIHhtbG5zOnN0UmVmPSJodHRwOi8vbnMuYWRvYmUuY29tL3hhcC8xLjAvc1R5cGUvUmVzb3VyY2VSZWYjIiB4bWxuczp4bXA9Imh0dHA6Ly9ucy5hZG9iZS5jb20veGFwLzEuMC8iIHhtcE1NOk9yaWdpbmFsRG9jdW1lbnRJRD0ieG1wLmRpZDpCQjU0NjU4QjIyQTNFMTExQkI5Rjk5QkQ4RkQ5RUJFQiIgeG1wTU06RG9jdW1lbnRJRD0ieG1wLmRpZDpDODdDM0Y0QUEzRDUxMUUxQjk5N0MzQjVFRDMyQUE1MiIgeG1wTU06SW5zdGFuY2VJRD0ieG1wLmlpZDpDODdDM0Y0OUEzRDUxMUUxQjk5N0MzQjVFRDMyQUE1MiIgeG1wOkNyZWF0b3JUb29sPSJBZG9iZSBQaG90b3Nob3AgQ1M2IChXaW5kb3dzKSI+IDx4bXBNTTpEZXJpdmVkRnJvbSBzdFJlZjppbnN0YW5jZUlEPSJ4bXAuaWlkOjQ4MTZDRTNCRDVBM0UxMTFBQTI2QTBCMjZENzg1Qzg5IiBzdFJlZjpkb2N1bWVudElEPSJ4bXAuZGlkOkJCNTQ2NThCMjJBM0UxMTFCQjlGOTlCRDhGRDlFQkVCIi8+IDwvcmRmOkRlc2NyaXB0aW9uPiA8L3JkZjpSREY+IDwveDp4bXBtZXRhPiA8P3hwYWNrZXQgZW5kPSJyIj8+yj6RYgAAAPZJREFUeNp0kM8KgkAQxmc1E0Wfo3vQn5eRSDx4EUHwbTpEhx4lil7DiydBQUFXp5nAMNsGhpnd/X77za4Iw3CFiFcAWFMFDkXtKZ/UHhfUnB3HWdu2/REpAL2u631ZlicGdpZlwTAMSmBM0zS5bhgQLB5FU3AOUS4XvNn3vVKgAACCIMA0TbFpGsyyDJMkefdFUWAcx1hVFeZ5jlEUoed5qPEI7KDrOhiG8e6llNC27Zcz77FW+L6Pruv+WKtGIzfgR39umv/UHOJgAMlO/BPOXCQDD5p3r2ma8lvHNU9BcWPg0HXdhRZbOhRT8aSXVO9U/ZcAAwAsmjsSQcM0lwAAAABJRU5ErkJggg==) " ";}
.successful.label th:first-child:before, .successful.label td:first-child:before {content:url(data:image/png;base64,iVBORw0KGgoAAAANSUhEUgAAAAwAAAAMCAYAAABWdVznAAAAGXRFWHRTb2Z0d2FyZQBBZG9iZSBJbWFnZVJlYWR5ccllPAAAA2ZpVFh0WE1MOmNvbS5hZG9iZS54bXAAAAAAADw/eHBhY2tldCBiZWdpbj0i77u/IiBpZD0iVzVNME1wQ2VoaUh6cmVTek5UY3prYzlkIj8+IDx4OnhtcG1ldGEgeG1sbnM6eD0iYWRvYmU6bnM6bWV0YS8iIHg6eG1wdGs9IkFkb2JlIFhNUCBDb3JlIDUuMy1jMDExIDY2LjE0NTY2MSwgMjAxMi8wMi8wNi0xNDo1NjoyNyAgICAgICAgIj4gPHJkZjpSREYgeG1sbnM6cmRmPSJodHRwOi8vd3d3LnczLm9yZy8xOTk5LzAyLzIyLXJkZi1zeW50YXgtbnMjIj4gPHJkZjpEZXNjcmlwdGlvbiByZGY6YWJvdXQ9IiIgeG1sbnM6eG1wTU09Imh0dHA6Ly9ucy5hZG9iZS5jb20veGFwLzEuMC9tbS8iIHhtbG5zOnN0UmVmPSJodHRwOi8vbnMuYWRvYmUuY29tL3hhcC8xLjAvc1R5cGUvUmVzb3VyY2VSZWYjIiB4bWxuczp4bXA9Imh0dHA6Ly9ucy5hZG9iZS5jb20veGFwLzEuMC8iIHhtcE1NOk9yaWdpbmFsRG9jdW1lbnRJRD0ieG1wLmRpZDpCQjU0NjU4QjIyQTNFMTExQkI5Rjk5QkQ4RkQ5RUJFQiIgeG1wTU06RG9jdW1lbnRJRD0ieG1wLmRpZDpEMDVBNThBQUEzRDUxMUUxQjdCQkM2QUNBMTNBMDExNiIgeG1wTU06SW5zdGFuY2VJRD0ieG1wLmlpZDpEMDVBNThBOUEzRDUxMUUxQjdCQkM2QUNBMTNBMDExNiIgeG1wOkNyZWF0b3JUb29sPSJBZG9iZSBQaG90b3Nob3AgQ1M2IChXaW5kb3dzKSI+IDx4bXBNTTpEZXJpdmVkRnJvbSBzdFJlZjppbnN0YW5jZUlEPSJ4bXAuaWlkOjQ4MTZDRTNCRDVBM0UxMTFBQTI2QTBCMjZENzg1Qzg5IiBzdFJlZjpkb2N1bWVudElEPSJ4bXAuZGlkOkJCNTQ2NThCMjJBM0UxMTFCQjlGOTlCRDhGRDlFQkVCIi8+IDwvcmRmOkRlc2NyaXB0aW9uPiA8L3JkZjpSREY+IDwveDp4bXBtZXRhPiA8P3hwYWNrZXQgZW5kPSJyIj8+xJ3YrgAAAYBJREFUeNpsUrtKA1EQPZtdY4gEQiD4QCsLEVGX4CP4AykEq1hYiGghCDZ+gBZWVtrZ+EAjaGOhfoAkNiaKhYWICilMEQNqoYjZ5O4d5+6ucQuLM3funDNzD7OrLe229YBwSKAEnyAP/pyIbL5fcz5rcNiLtuqJSEz3ickn5ruE/vFmJ9/LYjvAldGWqA7bJkgPtoAHQrS5G6NdiwhFWCoxHOCgKUL+iurkCBVawyamE8d4qmSZ51clBZUlh+RG14JzEsJNcaTNLVwWd1B6vXXqkmGoYNeVUPnW3JNr4+YarPoncvebEAKNekAlokaY6N/A1NA+SBgY6Eijtz2Fs5sVWNWawysorWNJsO+q9QWzaxLTYwfojA3isZzDfSnrWvTsNiyp7pOrZURC7ejrTDEpcVpY9ab+NSioLZEiapZA5nwBxZcC8g9HeK7ccYM7TDnwmoU2vx6/NIJaUjc0b0u8YvJNle5HdJvlhbI0Y31ThqsjTGr0/+8hOOQ5nfsRYACtHiy+FDd82wAAAABJRU5ErkJggg==) " "}
/*.successful.label a:before {content:url(data:image/png;base64,iVBORw0KGgoAAAANSUhEUgAAAAwAAAAMCAYAAABWdVznAAAAGXRFWHRTb2Z0d2FyZQBBZG9iZSBJbWFnZVJlYWR5ccllPAAAA2ZpVFh0WE1MOmNvbS5hZG9iZS54bXAAAAAAADw/eHBhY2tldCBiZWdpbj0i77u/IiBpZD0iVzVNME1wQ2VoaUh6cmVTek5UY3prYzlkIj8+IDx4OnhtcG1ldGEgeG1sbnM6eD0iYWRvYmU6bnM6bWV0YS8iIHg6eG1wdGs9IkFkb2JlIFhNUCBDb3JlIDUuMy1jMDExIDY2LjE0NTY2MSwgMjAxMi8wMi8wNi0xNDo1NjoyNyAgICAgICAgIj4gPHJkZjpSREYgeG1sbnM6cmRmPSJodHRwOi8vd3d3LnczLm9yZy8xOTk5LzAyLzIyLXJkZi1zeW50YXgtbnMjIj4gPHJkZjpEZXNjcmlwdGlvbiByZGY6YWJvdXQ9IiIgeG1sbnM6eG1wTU09Imh0dHA6Ly9ucy5hZG9iZS5jb20veGFwLzEuMC9tbS8iIHhtbG5zOnN0UmVmPSJodHRwOi8vbnMuYWRvYmUuY29tL3hhcC8xLjAvc1R5cGUvUmVzb3VyY2VSZWYjIiB4bWxuczp4bXA9Imh0dHA6Ly9ucy5hZG9iZS5jb20veGFwLzEuMC8iIHhtcE1NOk9yaWdpbmFsRG9jdW1lbnRJRD0ieG1wLmRpZDpCQjU0NjU4QjIyQTNFMTExQkI5Rjk5QkQ4RkQ5RUJFQiIgeG1wTU06RG9jdW1lbnRJRD0ieG1wLmRpZDpEMDVBNThBQUEzRDUxMUUxQjdCQkM2QUNBMTNBMDExNiIgeG1wTU06SW5zdGFuY2VJRD0ieG1wLmlpZDpEMDVBNThBOUEzRDUxMUUxQjdCQkM2QUNBMTNBMDExNiIgeG1wOkNyZWF0b3JUb29sPSJBZG9iZSBQaG90b3Nob3AgQ1M2IChXaW5kb3dzKSI+IDx4bXBNTTpEZXJpdmVkRnJvbSBzdFJlZjppbnN0YW5jZUlEPSJ4bXAuaWlkOjQ4MTZDRTNCRDVBM0UxMTFBQTI2QTBCMjZENzg1Qzg5IiBzdFJlZjpkb2N1bWVudElEPSJ4bXAuZGlkOkJCNTQ2NThCMjJBM0UxMTFCQjlGOTlCRDhGRDlFQkVCIi8+IDwvcmRmOkRlc2NyaXB0aW9uPiA8L3JkZjpSREY+IDwveDp4bXBtZXRhPiA8P3hwYWNrZXQgZW5kPSJyIj8+xJ3YrgAAAYBJREFUeNpsUrtKA1EQPZtdY4gEQiD4QCsLEVGX4CP4AykEq1hYiGghCDZ+gBZWVtrZ+EAjaGOhfoAkNiaKhYWICilMEQNqoYjZ5O4d5+6ucQuLM3funDNzD7OrLe229YBwSKAEnyAP/pyIbL5fcz5rcNiLtuqJSEz3ickn5ruE/vFmJ9/LYjvAldGWqA7bJkgPtoAHQrS5G6NdiwhFWCoxHOCgKUL+iurkCBVawyamE8d4qmSZ51clBZUlh+RG14JzEsJNcaTNLVwWd1B6vXXqkmGoYNeVUPnW3JNr4+YarPoncvebEAKNekAlokaY6N/A1NA+SBgY6Eijtz2Fs5sVWNWawysorWNJsO+q9QWzaxLTYwfojA3isZzDfSnrWvTsNiyp7pOrZURC7ejrTDEpcVpY9ab+NSioLZEiapZA5nwBxZcC8g9HeK7ccYM7TDnwmoU2vx6/NIJaUjc0b0u8YvJNle5HdJvlhbI0Y31ThqsjTGr0/+8hOOQ5nfsRYACtHiy+FDd82wAAAABJRU5ErkJggg==) " "}*/

.xspecResult { width: 90%; table-layout: fixed; }

.xspecResult td,
.xspecResult th { width: 50%; }

/*.xspecResult pre { 
  margin-left: 0; 
  padding: 0.5em; 
  overflow: auto; 
  border: 1px #999 dotted;
}*/

span.scenario-totals {float: right; width: 14.5%; text-align: left}

/* OXYGEN */
span.scenario-totals {float: right; width: 34.5%; text-align: right}

h2.failed {
    background-color: #FCC;
}

h1, h2 {
    width: 86%;
    margin-left: 3%;
    
    font-size:1.4em;
    font-weight:bold;
    text-align:left;
    margin-top:1.4em;
    margin-bottom:0.7em;
    color:#333333;
    background-color:inherit;
}

h1 {
    font-size:1.7em;
}

body &gt; h1:first-child:before {
    content:"XSLT UNIT ";
}

body &gt; h2:first-of-type {
    font-size:1.7em;
}

div &gt; table &gt; tbody &gt; tr &gt; th:first-child {
    font-weight:bold;
}

div &gt; h3 {
    font-weight:bold;
    margin-left: 3%;
}

div &gt; h4 {
    font-weight:normal;
    margin-left: 4%;
}

th.result { text-align: center; }
/* OXYGEN */


/* ------------------------------------------------------------------------ */
/*  DO NOT ALTER OR REMOVE COPYRIGHT NOTICES OR THIS COMMENT.               */
/*                                                                          */
/*  Copyright (c) 2008, 2010 Jeni Tennsion                                  */
/*                                                                          */
/*  The contents of this file are subject to the MIT License (see the URI   */
/*  http://www.opensource.org/licenses/mit-license.php for details).        */
/*                                                                          */
/*  Permission is hereby granted, free of charge, to any person obtaining   */
/*  a copy of this software and associated documentation files (the         */
/*  "Software"), to deal in the Software without restriction, including     */
/*  without limitation the rights to use, copy, modify, merge, publish,     */
/*  distribute, sublicense, and/or sell copies of the Software, and to      */
/*  permit persons to whom the Software is furnished to do so, subject to   */
/*  the following conditions:                                               */
/*                                                                          */
/*  The above copyright notice and this permission notice shall be          */
/*  included in all copies or substantial portions of the Software.         */
/*                                                                          */
/*  THE SOFTWARE IS PROVIDED "AS IS", WITHOUT WARRANTY OF ANY KIND,         */
/*  EXPRESS OR IMPLIED, INCLUDING BUT NOT LIMITED TO THE WARRANTIES OF      */
/*  MERCHANTABILITY, FITNESS FOR A PARTICULAR PURPOSE AND NONINFRINGEMENT.  */
/*  IN NO EVENT SHALL THE AUTHORS OR COPYRIGHT HOLDERS BE LIABLE FOR ANY    */
/*  CLAIM, DAMAGES OR OTHER LIABILITY, WHETHER IN AN ACTION OF CONTRACT,    */
/*  TORT OR OTHERWISE, ARISING FROM, OUT OF OR IN CONNECTION WITH THE       */
/*  SOFTWARE OR THE USE OR OTHER DEALINGS IN THE SOFTWARE.                  */
/* ------------------------------------------------------------------------ */

.nobr { white-space: nowrap; }
.scenario-label { text-indent: 0px; }
.context-label { text-indent: 10px; }
.test-label { text-indent: 20px; }
.pending-label { text-indent: 30px; }


        /**/</style>
    </head><body><h1>Test Report</h1><p>Script: <a>file:/home/jostein/xprocspec/src/test/xprocspec/tests/call-2.xprocspec</a></p><p>Tested: 2013-08-22T16:03:05.705+02:00</p><h2>Contents</h2><table><col/><col/><col/><col/><col/><col/><thead><tr><th/><th>passed:1</th><th>pending:0</th><th>failed:0</th><th>errors:0</th><th>total:1</th></tr></thead><tbody><tr><th><a>ex:identity-2</a></th><th>1</th><th>0</th><th>0</th><th>0</th><th>1</th></tr></tbody></table><div><h2>Calling: <a>ex:identity-2</a><span>passed:1 / pending:0 / failed:0 / errors:0 / total:1</span></h2><table><col/><col/><tbody><tr><th>identity</th><th>passed:1 / pending:0 / failed:0 / errors:0 / total:1</th></tr><tr><th>the results</th><th>passed:1 / pending:0 / failed:0 / errors:0 / total:1</th></tr><tr><td>the contents of the output element should be 'Hello world! #2'</td><td>Success</td></tr></tbody></table></div><link/><script> </script><script>hljs.initHighlightingOnLoad();</script></body></html></x:document></x:output><x:output port="junit"><x:document xml:base="file:/home/jostein/xprocspec/src/main/resources/content/xml/xproc/report/report.xpl" type="inline"><testsuites><testsuite>
<properties>


</properties>
<testcase><system-out>the contents of the output element should be 'Hello world! #2': SUCCESS</system-out>
<system-err/></testcase></testsuite></testsuites></x:document></x:output><x:test-result contextref="context7" result="passed" test="/*/@tests='1'" label="there should be 1 test" type="xpath">
                                                        <x:expected>/*/@tests='1'</x:expected>
                                                    </x:test-result><x:test-result contextref="context7" result="passed" test="/*/@tests='1' and /*/@failures='0' and /*/@errors='0'" label="the test should succeed" type="xpath">
                                                        <x:expected>/*/@tests='1' and /*/@failures='0' and /*/@errors='0'</x:expected>
                                                    </x:test-result></x:description><x:description xmlns:cx="http://xmlcalabash.com/ns/extensions" xmlns:c="http://www.w3.org/ns/xproc-step" xml:base="file:/home/jostein/xprocspec/src/test/xprocspec/test.xprocspec" test-base-uri="file:/home/jostein/xprocspec/src/test/xprocspec/test.xprocspec" script="file:/home/jostein/xprocspec/src/main/resources/content/xml/xproc/xprocspec.xpl" test-grammar="xprocspec" temp-dir="file:/tmp/xprocspec-20130822160259495/"><x:step-declaration><p:declare-step xmlns:p="http://www.w3.org/ns/xproc" xmlns:px="http://www.daisy.org/ns/xprocspec" xmlns:pxi="http://www.daisy.org/ns/xprocspec/xproc-internal/" xmlns:pkg="http://expath.org/ns/pkg" type="px:xprocspec" name="main" version="1.0" xpath-version="2.0" pkg:import-uri="http://www.daisy.org/ns/xprocspec/xprocspec.xpl" x:type="{http://www.daisy.org/ns/xprocspec}xprocspec"><p:input port="source" kind="document" sequence="false" primary="true"/><p:output port="result" kind="document" sequence="false" primary="false"><p:pipe port="result" step="report"/></p:output><p:output port="html" kind="document" sequence="false" primary="false"><p:pipe port="html" step="report"/></p:output><p:output port="junit" kind="document" sequence="false" primary="false"><p:pipe port="junit" step="report"/></p:output><p:option name="temp-dir" select="'file:/tmp/'"/></p:declare-step></x:step-declaration><x:scenario end-time="2013-08-22T14:03:06.302Z" label="the call element - two different scenarios testing different steps in the same library" start-time="2013-08-22T14:03:05.934Z"><x:call x:type="{http://www.daisy.org/ns/xprocspec}xprocspec" step="x:xprocspec"><x:option select="$temp-dir" name="temp-dir" value="file:/tmp/xprocspec-20130822160259495/"/><x:input port="source">
                    <x:document xml:base="file:/home/jostein/xprocspec/src/test/xprocspec/test.xprocspec" type="inline"><p:declare-step xmlns:p="http://www.w3.org/ns/xproc" xmlns:pxi="http://www.daisy.org/ns/xprocspec/xproc-internal/" name="main" type="pxi:load" version="1.0">

    <p:output port="result"/>

    <p:option name="href" required="true"/>
    <p:option name="method" select="'xml'"/>

    <p:import href="logging-library.xpl"/>

    <p:declare-step type="pxi:load-text">
        <p:output port="result"/>
        <p:option name="href"/>
        <p:identity>
            <p:input port="source">
                <p:inline>
                    <c:request method="GET" override-content-type="text/plain; charset=utf-8"/>
                </p:inline>
            </p:input>
        </p:identity>
        <p:add-attribute match="c:request" attribute-name="href">
            <p:with-option name="attribute-value" select="$href"/>
        </p:add-attribute>
        <p:http-request/>
    </p:declare-step>

    <p:declare-step type="pxi:load-binary">
        <p:output port="result"/>
        <p:option name="href"/>
        <p:identity>
            <p:input port="source">
                <p:inline>
                    <c:request method="GET" override-content-type="binary/octet-stream"/>
                </p:inline>
            </p:input>
        </p:identity>
        <p:add-attribute match="c:request" attribute-name="href">
            <p:with-option name="attribute-value" select="$href"/>
        </p:add-attribute>
        <p:http-request/>
    </p:declare-step>

    <pxi:message>
        <p:input port="source">
            <p:inline>
                <doc/>
            </p:inline>
        </p:input>
        <p:with-option name="message" select="concat('loading &#34;',$href,'&#34;')"/>
    </pxi:message>
    <p:sink/>

    <p:choose>
        <!--<!-\- Force HTML -\->
    <p:when test="$method='html'">
        <px:html-load>
            <p:with-option name="href" select="$href"/>
        </px:html-load>
    </p:when>-->

        <!-- XML -->
        <p:when test="$method='xml'">
            <p:try>
                <p:group>
                    <p:load>
                        <p:with-option name="href" select="$href"/>
                    </p:load>
                </p:group>
                <p:catch>
                    <pxi:message>
                        <p:input port="source">
                            <p:empty/>
                        </p:input>
                        <p:with-option name="message" select="concat('unable to load ',$href,' as XML')"/>
                    </pxi:message>
                </p:catch>
            </p:try>
        </p:when>

        <!-- text -->
        <p:when test="$method='text'">
            <pxi:load-text>
                <p:with-option name="href" select="$href"/>
            </pxi:load-text>
        </p:when>

        <!--<!-\- HTML -\->
                <p:when test="$media-type='text/html' or $media-type='application/xhtml+xml'">
                    <px:html-load>
                        <p:with-option name="href" select="$href"/>
                    </px:html-load>
                </p:when>-->

        <!-- default to 'binary' -->
        <p:otherwise>
            <pxi:load-binary>
                <p:with-option name="href" select="$href"/>
            </pxi:load-binary>
        </p:otherwise>
    </p:choose>

</p:declare-step></x:document>
                </x:input></x:call><x:context label="the junit output port" id="context8">
                <x:document xml:base="file:/home/jostein/xprocspec/src/main/resources/content/xml/xproc/report/report.xpl" type="inline"><testsuites tests="2" failures="0" time="0.29" errors="0" name="call3"><testsuite timestamp="2013-08-22T14:03:06.239Z" hostname="localhost" tests="1" errors="0" failures="0" skipped="0" id="d9951e1" name="identity" package="http://example.net/ns" time="0.002">
<properties>


</properties>
<testcase name="theContentsOfTheOutputElementShouldBeHelloWorld1" classname="identity-1" assertions="1" time="0" status="SUCCESS"><system-out>the contents of the output element should be 'Hello world! #1': SUCCESS</system-out>
<system-err/></testcase></testsuite><testsuite timestamp="2013-08-22T14:03:06.25Z" hostname="localhost" tests="1" errors="0" failures="0" skipped="0" id="d9957e1" name="identity" package="http://example.net/ns" time="0.002">
<properties>


</properties>
<testcase name="theContentsOfTheOutputElementShouldBeHelloWorld2" classname="identity-2" assertions="1" time="0" status="SUCCESS"><system-out>the contents of the output element should be 'Hello world! #2': SUCCESS</system-out>
<system-err/></testcase></testsuite></testsuites></x:document>
            </x:context><x:expect label="there should be 2 tests" type="xpath" test="/*/@tests='2'" contextref="context8"/><x:expect label="the tests should succeed" type="xpath" test="/*/@tests='2' and /*/@failures='0' and /*/@errors='0'" contextref="context8"/></x:scenario><x:output port="result"><x:document xml:base="file:/home/jostein/xprocspec/src/main/resources/content/xml/xproc/report/report.xpl" type="inline"><x:test-report><x:description><x:step-declaration><p:declare-step xmlns:p="http://www.w3.org/ns/xproc" xmlns:ex="http://example.net/ns"><p:input><p:inline>
                <doc>Hello world! #1</doc>
            </p:inline></p:input><p:output/></p:declare-step></x:step-declaration><x:scenario xmlns:e="http://example.net/ns"><x:call/><x:context>
            <x:document>
                <doc xmlns:ex="http://example.net/ns">Hello world! #1</doc>
            </x:document>
        </x:context><x:expect/></x:scenario><x:output><x:document>
                <doc xmlns:ex="http://example.net/ns">Hello world! #1</doc>
            </x:document></x:output><x:test-result>
                                                        <x:expected>/*/text()='Hello world! #1'</x:expected>
                                                    </x:test-result></x:description><x:description><x:step-declaration><p:declare-step xmlns:p="http://www.w3.org/ns/xproc" xmlns:ex="http://example.net/ns"><p:input><p:inline>
                <doc>Hello world! #2</doc>
            </p:inline></p:input><p:output/></p:declare-step></x:step-declaration><x:scenario xmlns:e="http://example.net/ns"><x:call/><x:context>
            <x:document>
                <doc xmlns:ex="http://example.net/ns">Hello world! #2</doc>
            </x:document>
        </x:context><x:expect/></x:scenario><x:output><x:document>
                <doc xmlns:ex="http://example.net/ns">Hello world! #2</doc>
            </x:document></x:output><x:test-result>
                                                        <x:expected>/*/text()='Hello world! #2'</x:expected>
                                                    </x:test-result></x:description></x:test-report></x:document></x:output><x:output port="html"><x:document xml:base="file:/home/jostein/xprocspec/src/main/resources/content/xml/xproc/report/report-template.xhtml" type="inline"><html xmlns="http://www.w3.org/1999/xhtml"><head><title>Test Report for file:/home/jostein/xprocspec/src/test/xprocspec/tests/call-3.xprocspec (passed:2 / pending:0 / failed:0 / errors:0 / total:2)</title>
        <meta/>
        <style>/**/
/****************************************************************************/
/*  File:       test-report.css                                             */
/*  Author:     Jeni Tennsion                                               */
/*  URI:        http://xspec.googlecode.com/                                */
/*  Tags:                                                                   */
/*    Copyright (c) 2008, 2010 Jeni Tennsion (see end of file.)             */
/* ------------------------------------------------------------------------ */


/* test */

/* box model */

body {
	margin-right: 1em;
	margin-left: 10%;
	}

h1 {
	padding: 0.3em 0.5em 0.3em 0.5em;
	position: relative;
	}

h2 {
	padding: 0.1em 0.5em 0.2em 0.5em;
	}

h3 {
	padding-left: 0.6em;
	}

h4 {
	padding-left: 0.8em;
	}

p, table {
	margin-left: 5%;
	}

dd ul, dd ol {
	margin-left: 0%;
	}

li ul, li ol {
	margin-left: 5%;
	}

dl, ul, ol, blockquote {
	margin-left: 10%;
	}

dt {
  padding-top: 3px;
  padding-bottom: 3px;
	clear: both;
	}

dd p {
	margin-left: -5px;
	margin-top: 5px;
	clear: both;
	}

p.link {
	margin-top: 4px;
	margin-bottom: 0px;
	clear: both;
	}

tr td, td p, li, li p {
	margin-left: 0%;
	}

td:nth-child(2) {
	padding-left: 5%;
	}

.link img, dt img {
	vertical-align: middle;
	position: relative;
	top: -5px;
	}

img {
	position: relative;
	}

#xml-link {
	position: absolute;
	left: 5px;
	top: 5px;
	width: 10%;
	margin-left: 0%;
	}

#link-up {
	position: absolute;
	left: 93%;
	right: 2em;
	top: 0.3em;
	}

#link-top {
	position: absolute;
	left: 89%;
	right: 4em;
	top: 0.3em;
	}
	
.popup {
	display: block;
	visibility: hidden;
	float: right;
	position: absolute;
	top: 5px;
	left: -200px;
	z-index: 1;
	padding: 0.3em;
	width: 220px;
	}

.note {
	position: relative;
	}

.post {
	margin-left: 5%;
	padding-top: 1em;
	}
	
.example, .sidebar {
  margin-left: 5%;
  margin-top: 1em;
  margin-bottom: 1em;
  }

/*pre {
	padding-left: 5%;
	margin-left: 5%;
	}*/

/*dd pre, li pre {
	padding-left: 5%;
	}*/

/* fonts */
/* Oxygen  */
body, table {
    font-family:arial, helvetica, sans-serif;
    font-size:12px;
}
/* Oxygen  */

/*body {
	font-family: Verdana, arial, sans-serif;
	font-size: small;
	}*/	

/*h1, h2, h3, h4, h5, h6 {
	font-family: 'trebuchet MS', arial, sans-serif;
	}*/

h1 {
	font-size: 173%;
	font-weight: bold;
	}

h2 {
	font-size: 144%;
	font-weight: normal;
	}

h3 {
	font-size: 120%;
	font-weight: normal;
	}

h4 {
  font-size: 100%;
  font-weight: bold;
}

dt {
	font-weight: bold;
	}

a:link, a:visited, a:active, a:hover {
	font-weight: bold;
	}

a.offsite:link, a.offsite:visited, a.offsite:active, a.offsite:hover {
	font-weight: normal;
	}

/* suppress the normal italics */
address {
	font-style: normal;
	}

div.example, .sidebar {
  font-family: Verdana, arial, sans-serif;
  font-size: 100%;
  }


.note, .link {
	font-family: Verdana, arial, sans-serif;
	/*font-size: 83%;*/
	}

/*.example, .string, .rtf, .code, pre, code {
	font-family: "Lucida Console", "Courier New", monospace;*/
  /*font-size: 83%;*/
/*	}*/

.boolean {
	font-style: italic;
	}

#colophon, #xml-link {
	font-size: 69%;
	}

.question, .title {
	font-weight: bold;
	}

/* colours */
body {
	background-color: white;
	color: black;
	border: 0px none black;
	}

/* this is to make Navigator fill the entire line */
h1, h2 {
	border: 1px solid white;
	width: auto;
	}

h1 {
	/*background: #606;*/
	/*color: #6F6;*/
	}

h2 {
	color: #606;
	/*background: #CFC;*/
	}

hr {
	color: #606;
	background: white;
	}

img, a:link img, a:visited img, a:hover img, a:active img, #link-up img, #link-top img {
	border: 0px none white;
	background: transparent;
	}

/* OXYGEN */
a, a:visited {
    color:rgb(0, 0, 150);
    background-color:inherit;
    font-weight: bold;
}
a:link, a:visited {
    text-decoration:none; 
}
a:hover {
    text-decoration:underline;
}

/* OXYGEN */

a.img:hover, a.img:active {
	background: transparent;
	}

#colophon, #xml-link, .note {
	color: #666;
	}

#colophon a:link, #colophon a:visited, #colophon a:hover,
#xml-link a:link, #xml-link a:visited, #xml-link a:hover,
.note a:link, .note a:visited, .note a:hover {
	color: #969;
	background: transparent;
	}

#colophon a:hover, #xml-link a:hover, .note a:hover {
	background: #CFC;
	color: #969;
	}

.popup {
	background: white;
	border: 1px solid #606;
	}

.post {
	border-top: 2px solid #606;
	}
	
.example {
  border-top: 2px solid #606;
  border-bottom: 2px solid #606;
  }
  
.sidebar {
  border-top: 2px solid #090;
  border-bottom: 2px solid #090;
  }
  
.rng {
  border-left: 2px solid #666;
  }

.same {
  background-color: rgb(206, 239, 174);
}

.diff {
  background-color: #FCC;
}

.whitespace {
	font-style: italic;
	color: #999;
	background: white;
}

.ignored {
  font-style: italic;
  color: #999;
  background: white;
}

.hit {
}

.missed {
  background-color: #A33;
  color: white;
}

/* text */
ol ol li {
	list-style: lower-alpha;
	}

th {
	text-align: left;
	}

td {
	vertical-align: top;
	}

h1 {
	text-transform: uppercase;
	}

h2, h3 {
	/*text-transform: capitalize;*/
	}

.question {
	text-indent: -33px;
	}

.byline {
	text-align: right;
	}

#link-top, #link-up {
	text-align: right;
	}

a {
	text-decoration: none;
	}

table { width: 85%;
        /* border: collapse; */ }

th { text-align: left; }

.xspec tbody th { font-weight: normal; /*font-size: 0.8em;*/ border-top: 1px #666 solid; }
.xspec tbody td { /*font-size: 0.8em;*/ color: #666; }

.successful.label th, .successful.label td { background-color: #CFC; }
.pending.label th, .pending.label td { background-color: #DDD; color: #666; }
.failed.label th, .failed.label td { background-color: #FCC; }
.error.label th, .error.label td { background-color: #FAA; }
/*body &gt; table tbody .failed.label th:first-child:before {content:url(data:image/png;base64,iVBORw0KGgoAAAANSUhEUgAAAAwAAAAMCAYAAABWdVznAAAAGXRFWHRTb2Z0d2FyZQBBZG9iZSBJbWFnZVJlYWR5ccllPAAAA2ZpVFh0WE1MOmNvbS5hZG9iZS54bXAAAAAAADw/eHBhY2tldCBiZWdpbj0i77u/IiBpZD0iVzVNME1wQ2VoaUh6cmVTek5UY3prYzlkIj8+IDx4OnhtcG1ldGEgeG1sbnM6eD0iYWRvYmU6bnM6bWV0YS8iIHg6eG1wdGs9IkFkb2JlIFhNUCBDb3JlIDUuMy1jMDExIDY2LjE0NTY2MSwgMjAxMi8wMi8wNi0xNDo1NjoyNyAgICAgICAgIj4gPHJkZjpSREYgeG1sbnM6cmRmPSJodHRwOi8vd3d3LnczLm9yZy8xOTk5LzAyLzIyLXJkZi1zeW50YXgtbnMjIj4gPHJkZjpEZXNjcmlwdGlvbiByZGY6YWJvdXQ9IiIgeG1sbnM6eG1wTU09Imh0dHA6Ly9ucy5hZG9iZS5jb20veGFwLzEuMC9tbS8iIHhtbG5zOnN0UmVmPSJodHRwOi8vbnMuYWRvYmUuY29tL3hhcC8xLjAvc1R5cGUvUmVzb3VyY2VSZWYjIiB4bWxuczp4bXA9Imh0dHA6Ly9ucy5hZG9iZS5jb20veGFwLzEuMC8iIHhtcE1NOk9yaWdpbmFsRG9jdW1lbnRJRD0ieG1wLmRpZDpCQjU0NjU4QjIyQTNFMTExQkI5Rjk5QkQ4RkQ5RUJFQiIgeG1wTU06RG9jdW1lbnRJRD0ieG1wLmRpZDpEQTUyOTdBQUEzRDUxMUUxQTQwN0YzMUI0Nzg3NDU1RSIgeG1wTU06SW5zdGFuY2VJRD0ieG1wLmlpZDpEQTUyOTdBOUEzRDUxMUUxQTQwN0YzMUI0Nzg3NDU1RSIgeG1wOkNyZWF0b3JUb29sPSJBZG9iZSBQaG90b3Nob3AgQ1M2IChXaW5kb3dzKSI+IDx4bXBNTTpEZXJpdmVkRnJvbSBzdFJlZjppbnN0YW5jZUlEPSJ4bXAuaWlkOjQ4MTZDRTNCRDVBM0UxMTFBQTI2QTBCMjZENzg1Qzg5IiBzdFJlZjpkb2N1bWVudElEPSJ4bXAuZGlkOkJCNTQ2NThCMjJBM0UxMTFCQjlGOTlCRDhGRDlFQkVCIi8+IDwvcmRmOkRlc2NyaXB0aW9uPiA8L3JkZjpSREY+IDwveDp4bXBtZXRhPiA8P3hwYWNrZXQgZW5kPSJyIj8+aHNJrgAAAZ1JREFUeNpsUssrRGEU/907985YMDPNYlh4hbKZPMdgR3aysrGSSFIeKyUKpewoRTYkmcgCf4MsMI2FPDYGKeUZSoru4/uc82VC+W7fOeee+zvn/M45V1uuyCmVwDogq0hDklD6jy1dspNkdxokVrIzPFUh0/MD5OdXoJDwPFtu3d2ns6TTp9oggTlFZlmN0o4AHMmXfJGo0lmGzoE1OgmNHf5YA8rmN5HfM6wADmUuHphA9cIW/JX1yiek9DIlyijxkNjBzXYche19gNcHzfShoLUdVxtLuD/cYzCoMAzCwqYrhMDx9Chs20JRWzf4nMcXcDI3pYAqQHIAtWUJbpKursMMhpA+RiAEGzpc4X5XkDB4GjaHmiZik/PIa2rBEWVlSuW9Q+T3YndskBi46QpQFcLltchtbEZyZhxna4uKhmV9Ito/gtPNOG4P99WItdlIWARNXWOAv6AEr9cplel7/ggUleDlMqUSvNnCobHKxDsNnqs8XaWUZopp/XhxTkOR+HDVOveYUge9rNLyY9SU9v+vwXuUB2R0fQkwABfn/VKSjTLBAAAAAElFTkSuQmCC) " "}*/
/*body &gt; table tbody .error.label th:first-child:before {content:url(data:image/png;base64,iVBORw0KGgoAAAANSUhEUgAAAAwAAAAMCAYAAABWdVznAAAABmJLR0QAAAAAAAD5Q7t/AAAACXBIWXMAAAsTAAALEwEAmpwYAAAAB3RJTUUH3QcKER4AdkxvvQAAAdVJREFUKM89kM9KG0EAh7/JTHazZInEQwJ68KIWLx6Etj6EjxAobYSsD+BjCJ682EOp0FMueYmS0FMICF4i6tFNzJ/dyRh2Znoo6Xf+Pn7wEzc3Nx/W6/UvY8xJnudkWYa1Fu893nviOCaKIhuG4R/v/Ve1Xq9/bG1tnezs7JDnOVpr3t/fcc4hpaRSqVCpVORqtTp9e3v7rrTWn5vNJpPJhHK5zHg8JssyvPeEYcjR0RFpmlKr1ZjP5x9Li8VCbOR2u83BwQEvLy88PT1xfHzMxcUFQgjSNCXLskDlec5sNuPx8REpJZ1Oh+fnZ4QQnJ+fc319Tb/fZ29vD601SmvNdDplsVhwe3vLaDTi6uoKgCRJGAwGNBoNXl9fMcZQcs5hjGG1WpHnObVajQ3VahWtNcYYjDE451Cb+7z3JElCkiScnZ0hpaTX67G7u0u328V7/y+oVqsIITg8PKTT6dBqtRgOhzjnaLVa3N3dcX9/z3K5JI5jxOXlpSuKQqRpirWWh4eH//Plcpn9/X2cc2xvb1MqlQqllBpYa0/jOGYymdBsNsmyDOccURRRFAX1eh2lFGEY/lZBEHyx1v703n8KgkBEUYSUEu/9RkIIUQRB0A/D8NtflUT+nn4OS+0AAAAASUVORK5CYII=) " "}*/
.failed.label th:first-child:before, .failed.label td:first-child:before {content:url(data:image/png;base64,iVBORw0KGgoAAAANSUhEUgAAAAwAAAAMCAYAAABWdVznAAAAGXRFWHRTb2Z0d2FyZQBBZG9iZSBJbWFnZVJlYWR5ccllPAAAA2ZpVFh0WE1MOmNvbS5hZG9iZS54bXAAAAAAADw/eHBhY2tldCBiZWdpbj0i77u/IiBpZD0iVzVNME1wQ2VoaUh6cmVTek5UY3prYzlkIj8+IDx4OnhtcG1ldGEgeG1sbnM6eD0iYWRvYmU6bnM6bWV0YS8iIHg6eG1wdGs9IkFkb2JlIFhNUCBDb3JlIDUuMy1jMDExIDY2LjE0NTY2MSwgMjAxMi8wMi8wNi0xNDo1NjoyNyAgICAgICAgIj4gPHJkZjpSREYgeG1sbnM6cmRmPSJodHRwOi8vd3d3LnczLm9yZy8xOTk5LzAyLzIyLXJkZi1zeW50YXgtbnMjIj4gPHJkZjpEZXNjcmlwdGlvbiByZGY6YWJvdXQ9IiIgeG1sbnM6eG1wTU09Imh0dHA6Ly9ucy5hZG9iZS5jb20veGFwLzEuMC9tbS8iIHhtbG5zOnN0UmVmPSJodHRwOi8vbnMuYWRvYmUuY29tL3hhcC8xLjAvc1R5cGUvUmVzb3VyY2VSZWYjIiB4bWxuczp4bXA9Imh0dHA6Ly9ucy5hZG9iZS5jb20veGFwLzEuMC8iIHhtcE1NOk9yaWdpbmFsRG9jdW1lbnRJRD0ieG1wLmRpZDpCQjU0NjU4QjIyQTNFMTExQkI5Rjk5QkQ4RkQ5RUJFQiIgeG1wTU06RG9jdW1lbnRJRD0ieG1wLmRpZDpEQTUyOTdBQUEzRDUxMUUxQTQwN0YzMUI0Nzg3NDU1RSIgeG1wTU06SW5zdGFuY2VJRD0ieG1wLmlpZDpEQTUyOTdBOUEzRDUxMUUxQTQwN0YzMUI0Nzg3NDU1RSIgeG1wOkNyZWF0b3JUb29sPSJBZG9iZSBQaG90b3Nob3AgQ1M2IChXaW5kb3dzKSI+IDx4bXBNTTpEZXJpdmVkRnJvbSBzdFJlZjppbnN0YW5jZUlEPSJ4bXAuaWlkOjQ4MTZDRTNCRDVBM0UxMTFBQTI2QTBCMjZENzg1Qzg5IiBzdFJlZjpkb2N1bWVudElEPSJ4bXAuZGlkOkJCNTQ2NThCMjJBM0UxMTFCQjlGOTlCRDhGRDlFQkVCIi8+IDwvcmRmOkRlc2NyaXB0aW9uPiA8L3JkZjpSREY+IDwveDp4bXBtZXRhPiA8P3hwYWNrZXQgZW5kPSJyIj8+aHNJrgAAAZ1JREFUeNpsUssrRGEU/907985YMDPNYlh4hbKZPMdgR3aysrGSSFIeKyUKpewoRTYkmcgCf4MsMI2FPDYGKeUZSoru4/uc82VC+W7fOeee+zvn/M45V1uuyCmVwDogq0hDklD6jy1dspNkdxokVrIzPFUh0/MD5OdXoJDwPFtu3d2ns6TTp9oggTlFZlmN0o4AHMmXfJGo0lmGzoE1OgmNHf5YA8rmN5HfM6wADmUuHphA9cIW/JX1yiek9DIlyijxkNjBzXYche19gNcHzfShoLUdVxtLuD/cYzCoMAzCwqYrhMDx9Chs20JRWzf4nMcXcDI3pYAqQHIAtWUJbpKursMMhpA+RiAEGzpc4X5XkDB4GjaHmiZik/PIa2rBEWVlSuW9Q+T3YndskBi46QpQFcLltchtbEZyZhxna4uKhmV9Ito/gtPNOG4P99WItdlIWARNXWOAv6AEr9cplel7/ggUleDlMqUSvNnCobHKxDsNnqs8XaWUZopp/XhxTkOR+HDVOveYUge9rNLyY9SU9v+vwXuUB2R0fQkwABfn/VKSjTLBAAAAAElFTkSuQmCC) " "}
.error.label th:first-child:before, .error.label td:first-child:before {content:url(data:image/png;base64,iVBORw0KGgoAAAANSUhEUgAAAAwAAAAMCAYAAABWdVznAAAABmJLR0QAAAAAAAD5Q7t/AAAACXBIWXMAAAsTAAALEwEAmpwYAAAAB3RJTUUH3QcKER4AdkxvvQAAAdVJREFUKM89kM9KG0EAh7/JTHazZInEQwJ68KIWLx6Etj6EjxAobYSsD+BjCJ682EOp0FMueYmS0FMICF4i6tFNzJ/dyRh2Znoo6Xf+Pn7wEzc3Nx/W6/UvY8xJnudkWYa1Fu893nviOCaKIhuG4R/v/Ve1Xq9/bG1tnezs7JDnOVpr3t/fcc4hpaRSqVCpVORqtTp9e3v7rrTWn5vNJpPJhHK5zHg8JssyvPeEYcjR0RFpmlKr1ZjP5x9Li8VCbOR2u83BwQEvLy88PT1xfHzMxcUFQgjSNCXLskDlec5sNuPx8REpJZ1Oh+fnZ4QQnJ+fc319Tb/fZ29vD601SmvNdDplsVhwe3vLaDTi6uoKgCRJGAwGNBoNXl9fMcZQcs5hjGG1WpHnObVajQ3VahWtNcYYjDE451Cb+7z3JElCkiScnZ0hpaTX67G7u0u328V7/y+oVqsIITg8PKTT6dBqtRgOhzjnaLVa3N3dcX9/z3K5JI5jxOXlpSuKQqRpirWWh4eH//Plcpn9/X2cc2xvb1MqlQqllBpYa0/jOGYymdBsNsmyDOccURRRFAX1eh2lFGEY/lZBEHyx1v703n8KgkBEUYSUEu/9RkIIUQRB0A/D8NtflUT+nn4OS+0AAAAASUVORK5CYII=) " "}
.pending.label th:first-child:before, .pending.label td:first-child:before {content:url(data:image/png;base64,iVBORw0KGgoAAAANSUhEUgAAAAwAAAAMCAYAAABWdVznAAAAGXRFWHRTb2Z0d2FyZQBBZG9iZSBJbWFnZVJlYWR5ccllPAAAA2ZpVFh0WE1MOmNvbS5hZG9iZS54bXAAAAAAADw/eHBhY2tldCBiZWdpbj0i77u/IiBpZD0iVzVNME1wQ2VoaUh6cmVTek5UY3prYzlkIj8+IDx4OnhtcG1ldGEgeG1sbnM6eD0iYWRvYmU6bnM6bWV0YS8iIHg6eG1wdGs9IkFkb2JlIFhNUCBDb3JlIDUuMy1jMDExIDY2LjE0NTY2MSwgMjAxMi8wMi8wNi0xNDo1NjoyNyAgICAgICAgIj4gPHJkZjpSREYgeG1sbnM6cmRmPSJodHRwOi8vd3d3LnczLm9yZy8xOTk5LzAyLzIyLXJkZi1zeW50YXgtbnMjIj4gPHJkZjpEZXNjcmlwdGlvbiByZGY6YWJvdXQ9IiIgeG1sbnM6eG1wTU09Imh0dHA6Ly9ucy5hZG9iZS5jb20veGFwLzEuMC9tbS8iIHhtbG5zOnN0UmVmPSJodHRwOi8vbnMuYWRvYmUuY29tL3hhcC8xLjAvc1R5cGUvUmVzb3VyY2VSZWYjIiB4bWxuczp4bXA9Imh0dHA6Ly9ucy5hZG9iZS5jb20veGFwLzEuMC8iIHhtcE1NOk9yaWdpbmFsRG9jdW1lbnRJRD0ieG1wLmRpZDpCQjU0NjU4QjIyQTNFMTExQkI5Rjk5QkQ4RkQ5RUJFQiIgeG1wTU06RG9jdW1lbnRJRD0ieG1wLmRpZDpDODdDM0Y0QUEzRDUxMUUxQjk5N0MzQjVFRDMyQUE1MiIgeG1wTU06SW5zdGFuY2VJRD0ieG1wLmlpZDpDODdDM0Y0OUEzRDUxMUUxQjk5N0MzQjVFRDMyQUE1MiIgeG1wOkNyZWF0b3JUb29sPSJBZG9iZSBQaG90b3Nob3AgQ1M2IChXaW5kb3dzKSI+IDx4bXBNTTpEZXJpdmVkRnJvbSBzdFJlZjppbnN0YW5jZUlEPSJ4bXAuaWlkOjQ4MTZDRTNCRDVBM0UxMTFBQTI2QTBCMjZENzg1Qzg5IiBzdFJlZjpkb2N1bWVudElEPSJ4bXAuZGlkOkJCNTQ2NThCMjJBM0UxMTFCQjlGOTlCRDhGRDlFQkVCIi8+IDwvcmRmOkRlc2NyaXB0aW9uPiA8L3JkZjpSREY+IDwveDp4bXBtZXRhPiA8P3hwYWNrZXQgZW5kPSJyIj8+yj6RYgAAAPZJREFUeNp0kM8KgkAQxmc1E0Wfo3vQn5eRSDx4EUHwbTpEhx4lil7DiydBQUFXp5nAMNsGhpnd/X77za4Iw3CFiFcAWFMFDkXtKZ/UHhfUnB3HWdu2/REpAL2u631ZlicGdpZlwTAMSmBM0zS5bhgQLB5FU3AOUS4XvNn3vVKgAACCIMA0TbFpGsyyDJMkefdFUWAcx1hVFeZ5jlEUoed5qPEI7KDrOhiG8e6llNC27Zcz77FW+L6Pruv+WKtGIzfgR39umv/UHOJgAMlO/BPOXCQDD5p3r2ma8lvHNU9BcWPg0HXdhRZbOhRT8aSXVO9U/ZcAAwAsmjsSQcM0lwAAAABJRU5ErkJggg==) " ";}
.successful.label th:first-child:before, .successful.label td:first-child:before {content:url(data:image/png;base64,iVBORw0KGgoAAAANSUhEUgAAAAwAAAAMCAYAAABWdVznAAAAGXRFWHRTb2Z0d2FyZQBBZG9iZSBJbWFnZVJlYWR5ccllPAAAA2ZpVFh0WE1MOmNvbS5hZG9iZS54bXAAAAAAADw/eHBhY2tldCBiZWdpbj0i77u/IiBpZD0iVzVNME1wQ2VoaUh6cmVTek5UY3prYzlkIj8+IDx4OnhtcG1ldGEgeG1sbnM6eD0iYWRvYmU6bnM6bWV0YS8iIHg6eG1wdGs9IkFkb2JlIFhNUCBDb3JlIDUuMy1jMDExIDY2LjE0NTY2MSwgMjAxMi8wMi8wNi0xNDo1NjoyNyAgICAgICAgIj4gPHJkZjpSREYgeG1sbnM6cmRmPSJodHRwOi8vd3d3LnczLm9yZy8xOTk5LzAyLzIyLXJkZi1zeW50YXgtbnMjIj4gPHJkZjpEZXNjcmlwdGlvbiByZGY6YWJvdXQ9IiIgeG1sbnM6eG1wTU09Imh0dHA6Ly9ucy5hZG9iZS5jb20veGFwLzEuMC9tbS8iIHhtbG5zOnN0UmVmPSJodHRwOi8vbnMuYWRvYmUuY29tL3hhcC8xLjAvc1R5cGUvUmVzb3VyY2VSZWYjIiB4bWxuczp4bXA9Imh0dHA6Ly9ucy5hZG9iZS5jb20veGFwLzEuMC8iIHhtcE1NOk9yaWdpbmFsRG9jdW1lbnRJRD0ieG1wLmRpZDpCQjU0NjU4QjIyQTNFMTExQkI5Rjk5QkQ4RkQ5RUJFQiIgeG1wTU06RG9jdW1lbnRJRD0ieG1wLmRpZDpEMDVBNThBQUEzRDUxMUUxQjdCQkM2QUNBMTNBMDExNiIgeG1wTU06SW5zdGFuY2VJRD0ieG1wLmlpZDpEMDVBNThBOUEzRDUxMUUxQjdCQkM2QUNBMTNBMDExNiIgeG1wOkNyZWF0b3JUb29sPSJBZG9iZSBQaG90b3Nob3AgQ1M2IChXaW5kb3dzKSI+IDx4bXBNTTpEZXJpdmVkRnJvbSBzdFJlZjppbnN0YW5jZUlEPSJ4bXAuaWlkOjQ4MTZDRTNCRDVBM0UxMTFBQTI2QTBCMjZENzg1Qzg5IiBzdFJlZjpkb2N1bWVudElEPSJ4bXAuZGlkOkJCNTQ2NThCMjJBM0UxMTFCQjlGOTlCRDhGRDlFQkVCIi8+IDwvcmRmOkRlc2NyaXB0aW9uPiA8L3JkZjpSREY+IDwveDp4bXBtZXRhPiA8P3hwYWNrZXQgZW5kPSJyIj8+xJ3YrgAAAYBJREFUeNpsUrtKA1EQPZtdY4gEQiD4QCsLEVGX4CP4AykEq1hYiGghCDZ+gBZWVtrZ+EAjaGOhfoAkNiaKhYWICilMEQNqoYjZ5O4d5+6ucQuLM3funDNzD7OrLe229YBwSKAEnyAP/pyIbL5fcz5rcNiLtuqJSEz3ickn5ruE/vFmJ9/LYjvAldGWqA7bJkgPtoAHQrS5G6NdiwhFWCoxHOCgKUL+iurkCBVawyamE8d4qmSZ51clBZUlh+RG14JzEsJNcaTNLVwWd1B6vXXqkmGoYNeVUPnW3JNr4+YarPoncvebEAKNekAlokaY6N/A1NA+SBgY6Eijtz2Fs5sVWNWawysorWNJsO+q9QWzaxLTYwfojA3isZzDfSnrWvTsNiyp7pOrZURC7ejrTDEpcVpY9ab+NSioLZEiapZA5nwBxZcC8g9HeK7ccYM7TDnwmoU2vx6/NIJaUjc0b0u8YvJNle5HdJvlhbI0Y31ThqsjTGr0/+8hOOQ5nfsRYACtHiy+FDd82wAAAABJRU5ErkJggg==) " "}
/*.successful.label a:before {content:url(data:image/png;base64,iVBORw0KGgoAAAANSUhEUgAAAAwAAAAMCAYAAABWdVznAAAAGXRFWHRTb2Z0d2FyZQBBZG9iZSBJbWFnZVJlYWR5ccllPAAAA2ZpVFh0WE1MOmNvbS5hZG9iZS54bXAAAAAAADw/eHBhY2tldCBiZWdpbj0i77u/IiBpZD0iVzVNME1wQ2VoaUh6cmVTek5UY3prYzlkIj8+IDx4OnhtcG1ldGEgeG1sbnM6eD0iYWRvYmU6bnM6bWV0YS8iIHg6eG1wdGs9IkFkb2JlIFhNUCBDb3JlIDUuMy1jMDExIDY2LjE0NTY2MSwgMjAxMi8wMi8wNi0xNDo1NjoyNyAgICAgICAgIj4gPHJkZjpSREYgeG1sbnM6cmRmPSJodHRwOi8vd3d3LnczLm9yZy8xOTk5LzAyLzIyLXJkZi1zeW50YXgtbnMjIj4gPHJkZjpEZXNjcmlwdGlvbiByZGY6YWJvdXQ9IiIgeG1sbnM6eG1wTU09Imh0dHA6Ly9ucy5hZG9iZS5jb20veGFwLzEuMC9tbS8iIHhtbG5zOnN0UmVmPSJodHRwOi8vbnMuYWRvYmUuY29tL3hhcC8xLjAvc1R5cGUvUmVzb3VyY2VSZWYjIiB4bWxuczp4bXA9Imh0dHA6Ly9ucy5hZG9iZS5jb20veGFwLzEuMC8iIHhtcE1NOk9yaWdpbmFsRG9jdW1lbnRJRD0ieG1wLmRpZDpCQjU0NjU4QjIyQTNFMTExQkI5Rjk5QkQ4RkQ5RUJFQiIgeG1wTU06RG9jdW1lbnRJRD0ieG1wLmRpZDpEMDVBNThBQUEzRDUxMUUxQjdCQkM2QUNBMTNBMDExNiIgeG1wTU06SW5zdGFuY2VJRD0ieG1wLmlpZDpEMDVBNThBOUEzRDUxMUUxQjdCQkM2QUNBMTNBMDExNiIgeG1wOkNyZWF0b3JUb29sPSJBZG9iZSBQaG90b3Nob3AgQ1M2IChXaW5kb3dzKSI+IDx4bXBNTTpEZXJpdmVkRnJvbSBzdFJlZjppbnN0YW5jZUlEPSJ4bXAuaWlkOjQ4MTZDRTNCRDVBM0UxMTFBQTI2QTBCMjZENzg1Qzg5IiBzdFJlZjpkb2N1bWVudElEPSJ4bXAuZGlkOkJCNTQ2NThCMjJBM0UxMTFCQjlGOTlCRDhGRDlFQkVCIi8+IDwvcmRmOkRlc2NyaXB0aW9uPiA8L3JkZjpSREY+IDwveDp4bXBtZXRhPiA8P3hwYWNrZXQgZW5kPSJyIj8+xJ3YrgAAAYBJREFUeNpsUrtKA1EQPZtdY4gEQiD4QCsLEVGX4CP4AykEq1hYiGghCDZ+gBZWVtrZ+EAjaGOhfoAkNiaKhYWICilMEQNqoYjZ5O4d5+6ucQuLM3funDNzD7OrLe229YBwSKAEnyAP/pyIbL5fcz5rcNiLtuqJSEz3ickn5ruE/vFmJ9/LYjvAldGWqA7bJkgPtoAHQrS5G6NdiwhFWCoxHOCgKUL+iurkCBVawyamE8d4qmSZ51clBZUlh+RG14JzEsJNcaTNLVwWd1B6vXXqkmGoYNeVUPnW3JNr4+YarPoncvebEAKNekAlokaY6N/A1NA+SBgY6Eijtz2Fs5sVWNWawysorWNJsO+q9QWzaxLTYwfojA3isZzDfSnrWvTsNiyp7pOrZURC7ejrTDEpcVpY9ab+NSioLZEiapZA5nwBxZcC8g9HeK7ccYM7TDnwmoU2vx6/NIJaUjc0b0u8YvJNle5HdJvlhbI0Y31ThqsjTGr0/+8hOOQ5nfsRYACtHiy+FDd82wAAAABJRU5ErkJggg==) " "}*/

.xspecResult { width: 90%; table-layout: fixed; }

.xspecResult td,
.xspecResult th { width: 50%; }

/*.xspecResult pre { 
  margin-left: 0; 
  padding: 0.5em; 
  overflow: auto; 
  border: 1px #999 dotted;
}*/

span.scenario-totals {float: right; width: 14.5%; text-align: left}

/* OXYGEN */
span.scenario-totals {float: right; width: 34.5%; text-align: right}

h2.failed {
    background-color: #FCC;
}

h1, h2 {
    width: 86%;
    margin-left: 3%;
    
    font-size:1.4em;
    font-weight:bold;
    text-align:left;
    margin-top:1.4em;
    margin-bottom:0.7em;
    color:#333333;
    background-color:inherit;
}

h1 {
    font-size:1.7em;
}

body &gt; h1:first-child:before {
    content:"XSLT UNIT ";
}

body &gt; h2:first-of-type {
    font-size:1.7em;
}

div &gt; table &gt; tbody &gt; tr &gt; th:first-child {
    font-weight:bold;
}

div &gt; h3 {
    font-weight:bold;
    margin-left: 3%;
}

div &gt; h4 {
    font-weight:normal;
    margin-left: 4%;
}

th.result { text-align: center; }
/* OXYGEN */


/* ------------------------------------------------------------------------ */
/*  DO NOT ALTER OR REMOVE COPYRIGHT NOTICES OR THIS COMMENT.               */
/*                                                                          */
/*  Copyright (c) 2008, 2010 Jeni Tennsion                                  */
/*                                                                          */
/*  The contents of this file are subject to the MIT License (see the URI   */
/*  http://www.opensource.org/licenses/mit-license.php for details).        */
/*                                                                          */
/*  Permission is hereby granted, free of charge, to any person obtaining   */
/*  a copy of this software and associated documentation files (the         */
/*  "Software"), to deal in the Software without restriction, including     */
/*  without limitation the rights to use, copy, modify, merge, publish,     */
/*  distribute, sublicense, and/or sell copies of the Software, and to      */
/*  permit persons to whom the Software is furnished to do so, subject to   */
/*  the following conditions:                                               */
/*                                                                          */
/*  The above copyright notice and this permission notice shall be          */
/*  included in all copies or substantial portions of the Software.         */
/*                                                                          */
/*  THE SOFTWARE IS PROVIDED "AS IS", WITHOUT WARRANTY OF ANY KIND,         */
/*  EXPRESS OR IMPLIED, INCLUDING BUT NOT LIMITED TO THE WARRANTIES OF      */
/*  MERCHANTABILITY, FITNESS FOR A PARTICULAR PURPOSE AND NONINFRINGEMENT.  */
/*  IN NO EVENT SHALL THE AUTHORS OR COPYRIGHT HOLDERS BE LIABLE FOR ANY    */
/*  CLAIM, DAMAGES OR OTHER LIABILITY, WHETHER IN AN ACTION OF CONTRACT,    */
/*  TORT OR OTHERWISE, ARISING FROM, OUT OF OR IN CONNECTION WITH THE       */
/*  SOFTWARE OR THE USE OR OTHER DEALINGS IN THE SOFTWARE.                  */
/* ------------------------------------------------------------------------ */

.nobr { white-space: nowrap; }
.scenario-label { text-indent: 0px; }
.context-label { text-indent: 10px; }
.test-label { text-indent: 20px; }
.pending-label { text-indent: 30px; }


        /**/</style>
    </head><body><h1>Test Report</h1><p>Script: <a>file:/home/jostein/xprocspec/src/test/xprocspec/tests/call-3.xprocspec</a></p><p>Tested: 2013-08-22T16:03:06.285+02:00</p><h2>Contents</h2><table><col/><col/><col/><col/><col/><col/><thead><tr><th/><th>passed:2</th><th>pending:0</th><th>failed:0</th><th>errors:0</th><th>total:2</th></tr></thead><tbody><tr><th><a>ex:identity-1</a></th><th>1</th><th>0</th><th>0</th><th>0</th><th>1</th></tr><tr><th><a>ex:identity-2</a></th><th>1</th><th>0</th><th>0</th><th>0</th><th>1</th></tr></tbody></table><div><h2>Calling: <a>ex:identity-1</a><span>passed:1 / pending:0 / failed:0 / errors:0 / total:1</span></h2><table><col/><col/><tbody><tr><th>identity</th><th>passed:1 / pending:0 / failed:0 / errors:0 / total:1</th></tr><tr><th>the results</th><th>passed:1 / pending:0 / failed:0 / errors:0 / total:1</th></tr><tr><td>the contents of the output element should be 'Hello world! #1'</td><td>Success</td></tr></tbody></table></div><div><h2>Calling: <a>ex:identity-2</a><span>passed:1 / pending:0 / failed:0 / errors:0 / total:1</span></h2><table><col/><col/><tbody><tr><th>identity</th><th>passed:1 / pending:0 / failed:0 / errors:0 / total:1</th></tr><tr><th>the results</th><th>passed:1 / pending:0 / failed:0 / errors:0 / total:1</th></tr><tr><td>the contents of the output element should be 'Hello world! #2'</td><td>Success</td></tr></tbody></table></div><link/><script> </script><script>hljs.initHighlightingOnLoad();</script></body></html></x:document></x:output><x:output port="junit"><x:document xml:base="file:/home/jostein/xprocspec/src/main/resources/content/xml/xproc/report/report.xpl" type="inline"><testsuites><testsuite>
<properties>


</properties>
<testcase><system-out>the contents of the output element should be 'Hello world! #1': SUCCESS</system-out>
<system-err/></testcase></testsuite><testsuite>
<properties>


</properties>
<testcase><system-out>the contents of the output element should be 'Hello world! #2': SUCCESS</system-out>
<system-err/></testcase></testsuite></testsuites></x:document></x:output><x:test-result contextref="context8" result="passed" test="/*/@tests='2'" label="there should be 2 tests" type="xpath">
                                                        <x:expected>/*/@tests='2'</x:expected>
                                                    </x:test-result><x:test-result contextref="context8" result="passed" test="/*/@tests='2' and /*/@failures='0' and /*/@errors='0'" label="the tests should succeed" type="xpath">
                                                        <x:expected>/*/@tests='2' and /*/@failures='0' and /*/@errors='0'</x:expected>
                                                    </x:test-result></x:description><x:description xmlns:cx="http://xmlcalabash.com/ns/extensions" xmlns:c="http://www.w3.org/ns/xproc-step" xml:base="file:/home/jostein/xprocspec/src/test/xprocspec/test.xprocspec" test-base-uri="file:/home/jostein/xprocspec/src/test/xprocspec/test.xprocspec" script="file:/home/jostein/xprocspec/src/main/resources/content/xml/xproc/xprocspec.xpl" test-grammar="xprocspec" temp-dir="file:/tmp/xprocspec-20130822160259495/"><x:step-declaration><p:declare-step xmlns:p="http://www.w3.org/ns/xproc" xmlns:px="http://www.daisy.org/ns/xprocspec" xmlns:pxi="http://www.daisy.org/ns/xprocspec/xproc-internal/" xmlns:pkg="http://expath.org/ns/pkg" type="px:xprocspec" name="main" version="1.0" xpath-version="2.0" pkg:import-uri="http://www.daisy.org/ns/xprocspec/xprocspec.xpl" x:type="{http://www.daisy.org/ns/xprocspec}xprocspec"><p:input port="source" kind="document" sequence="false" primary="true"/><p:output port="result" kind="document" sequence="false" primary="false"><p:pipe port="result" step="report"/></p:output><p:output port="html" kind="document" sequence="false" primary="false"><p:pipe port="html" step="report"/></p:output><p:output port="junit" kind="document" sequence="false" primary="false"><p:pipe port="junit" step="report"/></p:output><p:option name="temp-dir" select="'file:/tmp/'"/></p:declare-step></x:step-declaration><x:scenario end-time="2013-08-22T14:03:06.914Z" label="the input element - empty sequence" start-time="2013-08-22T14:03:06.607Z"><x:call x:type="{http://www.daisy.org/ns/xprocspec}xprocspec" step="x:xprocspec"><x:option select="$temp-dir" name="temp-dir" value="file:/tmp/xprocspec-20130822160259495/"/><x:input port="source">
                    <x:document xml:base="file:/home/jostein/xprocspec/src/test/xprocspec/test.xprocspec" type="inline"><p:declare-step xmlns:p="http://www.w3.org/ns/xproc" xmlns:pxi="http://www.daisy.org/ns/xprocspec/xproc-internal/" name="main" type="pxi:load" version="1.0">

    <p:output port="result"/>

    <p:option name="href" required="true"/>
    <p:option name="method" select="'xml'"/>

    <p:import href="logging-library.xpl"/>

    <p:declare-step type="pxi:load-text">
        <p:output port="result"/>
        <p:option name="href"/>
        <p:identity>
            <p:input port="source">
                <p:inline>
                    <c:request method="GET" override-content-type="text/plain; charset=utf-8"/>
                </p:inline>
            </p:input>
        </p:identity>
        <p:add-attribute match="c:request" attribute-name="href">
            <p:with-option name="attribute-value" select="$href"/>
        </p:add-attribute>
        <p:http-request/>
    </p:declare-step>

    <p:declare-step type="pxi:load-binary">
        <p:output port="result"/>
        <p:option name="href"/>
        <p:identity>
            <p:input port="source">
                <p:inline>
                    <c:request method="GET" override-content-type="binary/octet-stream"/>
                </p:inline>
            </p:input>
        </p:identity>
        <p:add-attribute match="c:request" attribute-name="href">
            <p:with-option name="attribute-value" select="$href"/>
        </p:add-attribute>
        <p:http-request/>
    </p:declare-step>

    <pxi:message>
        <p:input port="source">
            <p:inline>
                <doc/>
            </p:inline>
        </p:input>
        <p:with-option name="message" select="concat('loading &#34;',$href,'&#34;')"/>
    </pxi:message>
    <p:sink/>

    <p:choose>
        <!--<!-\- Force HTML -\->
    <p:when test="$method='html'">
        <px:html-load>
            <p:with-option name="href" select="$href"/>
        </px:html-load>
    </p:when>-->

        <!-- XML -->
        <p:when test="$method='xml'">
            <p:try>
                <p:group>
                    <p:load>
                        <p:with-option name="href" select="$href"/>
                    </p:load>
                </p:group>
                <p:catch>
                    <pxi:message>
                        <p:input port="source">
                            <p:empty/>
                        </p:input>
                        <p:with-option name="message" select="concat('unable to load ',$href,' as XML')"/>
                    </pxi:message>
                </p:catch>
            </p:try>
        </p:when>

        <!-- text -->
        <p:when test="$method='text'">
            <pxi:load-text>
                <p:with-option name="href" select="$href"/>
            </pxi:load-text>
        </p:when>

        <!--<!-\- HTML -\->
                <p:when test="$media-type='text/html' or $media-type='application/xhtml+xml'">
                    <px:html-load>
                        <p:with-option name="href" select="$href"/>
                    </px:html-load>
                </p:when>-->

        <!-- default to 'binary' -->
        <p:otherwise>
            <pxi:load-binary>
                <p:with-option name="href" select="$href"/>
            </pxi:load-binary>
        </p:otherwise>
    </p:choose>

</p:declare-step></x:document>
                </x:input></x:call><x:context label="the junit output port" id="context9">
                <x:document xml:base="file:/home/jostein/xprocspec/src/main/resources/content/xml/xproc/report/report.xpl" type="inline"><testsuites tests="2" failures="0" time="0.235" errors="0" name="input1"><testsuite timestamp="2013-08-22T14:03:06.86Z" hostname="localhost" tests="2" errors="0" failures="0" skipped="0" id="d10659e1" name="identity" package="http://example.net/ns" time="0.009">
<properties><property name="input: source.document.secondary.sequence" value=""/>

<property name="option: option.required" value=""/>

</properties>
<testcase name="thereMustBeNoDocumentsOnTheInputPort" classname="identity" assertions="1" time="0" status="SUCCESS"><system-out>there must be no documents on the input port: SUCCESS</system-out>
<system-err/></testcase><testcase name="thereMustBeNoDocumentsOnTheOutputPort" classname="identity" assertions="1" time="0" status="SUCCESS"><system-out>there must be no documents on the output port: SUCCESS</system-out>
<system-err/></testcase></testsuite></testsuites></x:document>
            </x:context><x:expect label="all tests should succeed" type="xpath" test="not(/*/@tests='0') and /*/@failures='0' and /*/@errors='0'" contextref="context9"/></x:scenario><x:output port="result"><x:document xml:base="file:/home/jostein/xprocspec/src/main/resources/content/xml/xproc/report/report.xpl" type="inline"><x:test-report><x:description><x:step-declaration><p:declare-step xmlns:p="http://www.w3.org/ns/xproc" xmlns:ex="http://example.net/ns"><p:input><p:inline>
            <source.document.primary.default/>
        </p:inline></p:input><p:input><p:inline>
            <source.document.secondary.sequence/>
        </p:inline></p:input><p:input><p:inline>
            <default>
                <default/>
                <default/>
            </default>
        </p:inline></p:input><p:input/><p:input/><p:output><p:pipe/></p:output><p:output><p:pipe/></p:output><p:output><p:pipe/></p:output><p:output><p:pipe/></p:output><p:output><p:pipe/></p:output><p:output><p:pipe/></p:output><p:option/><p:option/><p:option/></p:declare-step></x:step-declaration><x:scenario xmlns:e="http://example.net/ns"><x:call><x:option/><x:input/></x:call><x:context>
            
        </x:context><x:expect/><x:context>
            
        </x:context><x:expect/></x:scenario><x:output><x:document>
            <source.document.primary.default xmlns:ex="http://example.net/ns"/>
        </x:document></x:output><x:output/><x:output><x:document><default xmlns:ex="http://example.net/ns"/></x:document><x:document><default xmlns:ex="http://example.net/ns"/></x:document></x:output><x:output><x:document><c:param-set xmlns:ex="http://example.net/ns"/></x:document><x:document><c:param-set/></x:document></x:output><x:output><x:document><c:param-set/></x:document></x:output><x:output><x:document>
                <c:options xmlns:ex="http://example.net/ns">
                    
                    <c:option/>
                    <c:option/>
                </c:options>
            </x:document></x:output><x:test-result>
                                                        <x:expected>At most 0 documents.</x:expected>
                                                    <x:was>0</x:was></x:test-result><x:test-result>
                                                        <x:expected>At most 0 documents.</x:expected>
                                                    <x:was>0</x:was></x:test-result></x:description></x:test-report></x:document></x:output><x:output port="html"><x:document xml:base="file:/home/jostein/xprocspec/src/main/resources/content/xml/xproc/report/report-template.xhtml" type="inline"><html xmlns="http://www.w3.org/1999/xhtml"><head><title>Test Report for file:/home/jostein/xprocspec/src/test/xprocspec/tests/input-1.xprocspec (passed:2 / pending:0 / failed:0 / errors:0 / total:2)</title>
        <meta/>
        <style>/**/
/****************************************************************************/
/*  File:       test-report.css                                             */
/*  Author:     Jeni Tennsion                                               */
/*  URI:        http://xspec.googlecode.com/                                */
/*  Tags:                                                                   */
/*    Copyright (c) 2008, 2010 Jeni Tennsion (see end of file.)             */
/* ------------------------------------------------------------------------ */


/* test */

/* box model */

body {
	margin-right: 1em;
	margin-left: 10%;
	}

h1 {
	padding: 0.3em 0.5em 0.3em 0.5em;
	position: relative;
	}

h2 {
	padding: 0.1em 0.5em 0.2em 0.5em;
	}

h3 {
	padding-left: 0.6em;
	}

h4 {
	padding-left: 0.8em;
	}

p, table {
	margin-left: 5%;
	}

dd ul, dd ol {
	margin-left: 0%;
	}

li ul, li ol {
	margin-left: 5%;
	}

dl, ul, ol, blockquote {
	margin-left: 10%;
	}

dt {
  padding-top: 3px;
  padding-bottom: 3px;
	clear: both;
	}

dd p {
	margin-left: -5px;
	margin-top: 5px;
	clear: both;
	}

p.link {
	margin-top: 4px;
	margin-bottom: 0px;
	clear: both;
	}

tr td, td p, li, li p {
	margin-left: 0%;
	}

td:nth-child(2) {
	padding-left: 5%;
	}

.link img, dt img {
	vertical-align: middle;
	position: relative;
	top: -5px;
	}

img {
	position: relative;
	}

#xml-link {
	position: absolute;
	left: 5px;
	top: 5px;
	width: 10%;
	margin-left: 0%;
	}

#link-up {
	position: absolute;
	left: 93%;
	right: 2em;
	top: 0.3em;
	}

#link-top {
	position: absolute;
	left: 89%;
	right: 4em;
	top: 0.3em;
	}
	
.popup {
	display: block;
	visibility: hidden;
	float: right;
	position: absolute;
	top: 5px;
	left: -200px;
	z-index: 1;
	padding: 0.3em;
	width: 220px;
	}

.note {
	position: relative;
	}

.post {
	margin-left: 5%;
	padding-top: 1em;
	}
	
.example, .sidebar {
  margin-left: 5%;
  margin-top: 1em;
  margin-bottom: 1em;
  }

/*pre {
	padding-left: 5%;
	margin-left: 5%;
	}*/

/*dd pre, li pre {
	padding-left: 5%;
	}*/

/* fonts */
/* Oxygen  */
body, table {
    font-family:arial, helvetica, sans-serif;
    font-size:12px;
}
/* Oxygen  */

/*body {
	font-family: Verdana, arial, sans-serif;
	font-size: small;
	}*/	

/*h1, h2, h3, h4, h5, h6 {
	font-family: 'trebuchet MS', arial, sans-serif;
	}*/

h1 {
	font-size: 173%;
	font-weight: bold;
	}

h2 {
	font-size: 144%;
	font-weight: normal;
	}

h3 {
	font-size: 120%;
	font-weight: normal;
	}

h4 {
  font-size: 100%;
  font-weight: bold;
}

dt {
	font-weight: bold;
	}

a:link, a:visited, a:active, a:hover {
	font-weight: bold;
	}

a.offsite:link, a.offsite:visited, a.offsite:active, a.offsite:hover {
	font-weight: normal;
	}

/* suppress the normal italics */
address {
	font-style: normal;
	}

div.example, .sidebar {
  font-family: Verdana, arial, sans-serif;
  font-size: 100%;
  }


.note, .link {
	font-family: Verdana, arial, sans-serif;
	/*font-size: 83%;*/
	}

/*.example, .string, .rtf, .code, pre, code {
	font-family: "Lucida Console", "Courier New", monospace;*/
  /*font-size: 83%;*/
/*	}*/

.boolean {
	font-style: italic;
	}

#colophon, #xml-link {
	font-size: 69%;
	}

.question, .title {
	font-weight: bold;
	}

/* colours */
body {
	background-color: white;
	color: black;
	border: 0px none black;
	}

/* this is to make Navigator fill the entire line */
h1, h2 {
	border: 1px solid white;
	width: auto;
	}

h1 {
	/*background: #606;*/
	/*color: #6F6;*/
	}

h2 {
	color: #606;
	/*background: #CFC;*/
	}

hr {
	color: #606;
	background: white;
	}

img, a:link img, a:visited img, a:hover img, a:active img, #link-up img, #link-top img {
	border: 0px none white;
	background: transparent;
	}

/* OXYGEN */
a, a:visited {
    color:rgb(0, 0, 150);
    background-color:inherit;
    font-weight: bold;
}
a:link, a:visited {
    text-decoration:none; 
}
a:hover {
    text-decoration:underline;
}

/* OXYGEN */

a.img:hover, a.img:active {
	background: transparent;
	}

#colophon, #xml-link, .note {
	color: #666;
	}

#colophon a:link, #colophon a:visited, #colophon a:hover,
#xml-link a:link, #xml-link a:visited, #xml-link a:hover,
.note a:link, .note a:visited, .note a:hover {
	color: #969;
	background: transparent;
	}

#colophon a:hover, #xml-link a:hover, .note a:hover {
	background: #CFC;
	color: #969;
	}

.popup {
	background: white;
	border: 1px solid #606;
	}

.post {
	border-top: 2px solid #606;
	}
	
.example {
  border-top: 2px solid #606;
  border-bottom: 2px solid #606;
  }
  
.sidebar {
  border-top: 2px solid #090;
  border-bottom: 2px solid #090;
  }
  
.rng {
  border-left: 2px solid #666;
  }

.same {
  background-color: rgb(206, 239, 174);
}

.diff {
  background-color: #FCC;
}

.whitespace {
	font-style: italic;
	color: #999;
	background: white;
}

.ignored {
  font-style: italic;
  color: #999;
  background: white;
}

.hit {
}

.missed {
  background-color: #A33;
  color: white;
}

/* text */
ol ol li {
	list-style: lower-alpha;
	}

th {
	text-align: left;
	}

td {
	vertical-align: top;
	}

h1 {
	text-transform: uppercase;
	}

h2, h3 {
	/*text-transform: capitalize;*/
	}

.question {
	text-indent: -33px;
	}

.byline {
	text-align: right;
	}

#link-top, #link-up {
	text-align: right;
	}

a {
	text-decoration: none;
	}

table { width: 85%;
        /* border: collapse; */ }

th { text-align: left; }

.xspec tbody th { font-weight: normal; /*font-size: 0.8em;*/ border-top: 1px #666 solid; }
.xspec tbody td { /*font-size: 0.8em;*/ color: #666; }

.successful.label th, .successful.label td { background-color: #CFC; }
.pending.label th, .pending.label td { background-color: #DDD; color: #666; }
.failed.label th, .failed.label td { background-color: #FCC; }
.error.label th, .error.label td { background-color: #FAA; }
/*body &gt; table tbody .failed.label th:first-child:before {content:url(data:image/png;base64,iVBORw0KGgoAAAANSUhEUgAAAAwAAAAMCAYAAABWdVznAAAAGXRFWHRTb2Z0d2FyZQBBZG9iZSBJbWFnZVJlYWR5ccllPAAAA2ZpVFh0WE1MOmNvbS5hZG9iZS54bXAAAAAAADw/eHBhY2tldCBiZWdpbj0i77u/IiBpZD0iVzVNME1wQ2VoaUh6cmVTek5UY3prYzlkIj8+IDx4OnhtcG1ldGEgeG1sbnM6eD0iYWRvYmU6bnM6bWV0YS8iIHg6eG1wdGs9IkFkb2JlIFhNUCBDb3JlIDUuMy1jMDExIDY2LjE0NTY2MSwgMjAxMi8wMi8wNi0xNDo1NjoyNyAgICAgICAgIj4gPHJkZjpSREYgeG1sbnM6cmRmPSJodHRwOi8vd3d3LnczLm9yZy8xOTk5LzAyLzIyLXJkZi1zeW50YXgtbnMjIj4gPHJkZjpEZXNjcmlwdGlvbiByZGY6YWJvdXQ9IiIgeG1sbnM6eG1wTU09Imh0dHA6Ly9ucy5hZG9iZS5jb20veGFwLzEuMC9tbS8iIHhtbG5zOnN0UmVmPSJodHRwOi8vbnMuYWRvYmUuY29tL3hhcC8xLjAvc1R5cGUvUmVzb3VyY2VSZWYjIiB4bWxuczp4bXA9Imh0dHA6Ly9ucy5hZG9iZS5jb20veGFwLzEuMC8iIHhtcE1NOk9yaWdpbmFsRG9jdW1lbnRJRD0ieG1wLmRpZDpCQjU0NjU4QjIyQTNFMTExQkI5Rjk5QkQ4RkQ5RUJFQiIgeG1wTU06RG9jdW1lbnRJRD0ieG1wLmRpZDpEQTUyOTdBQUEzRDUxMUUxQTQwN0YzMUI0Nzg3NDU1RSIgeG1wTU06SW5zdGFuY2VJRD0ieG1wLmlpZDpEQTUyOTdBOUEzRDUxMUUxQTQwN0YzMUI0Nzg3NDU1RSIgeG1wOkNyZWF0b3JUb29sPSJBZG9iZSBQaG90b3Nob3AgQ1M2IChXaW5kb3dzKSI+IDx4bXBNTTpEZXJpdmVkRnJvbSBzdFJlZjppbnN0YW5jZUlEPSJ4bXAuaWlkOjQ4MTZDRTNCRDVBM0UxMTFBQTI2QTBCMjZENzg1Qzg5IiBzdFJlZjpkb2N1bWVudElEPSJ4bXAuZGlkOkJCNTQ2NThCMjJBM0UxMTFCQjlGOTlCRDhGRDlFQkVCIi8+IDwvcmRmOkRlc2NyaXB0aW9uPiA8L3JkZjpSREY+IDwveDp4bXBtZXRhPiA8P3hwYWNrZXQgZW5kPSJyIj8+aHNJrgAAAZ1JREFUeNpsUssrRGEU/907985YMDPNYlh4hbKZPMdgR3aysrGSSFIeKyUKpewoRTYkmcgCf4MsMI2FPDYGKeUZSoru4/uc82VC+W7fOeee+zvn/M45V1uuyCmVwDogq0hDklD6jy1dspNkdxokVrIzPFUh0/MD5OdXoJDwPFtu3d2ns6TTp9oggTlFZlmN0o4AHMmXfJGo0lmGzoE1OgmNHf5YA8rmN5HfM6wADmUuHphA9cIW/JX1yiek9DIlyijxkNjBzXYche19gNcHzfShoLUdVxtLuD/cYzCoMAzCwqYrhMDx9Chs20JRWzf4nMcXcDI3pYAqQHIAtWUJbpKursMMhpA+RiAEGzpc4X5XkDB4GjaHmiZik/PIa2rBEWVlSuW9Q+T3YndskBi46QpQFcLltchtbEZyZhxna4uKhmV9Ito/gtPNOG4P99WItdlIWARNXWOAv6AEr9cplel7/ggUleDlMqUSvNnCobHKxDsNnqs8XaWUZopp/XhxTkOR+HDVOveYUge9rNLyY9SU9v+vwXuUB2R0fQkwABfn/VKSjTLBAAAAAElFTkSuQmCC) " "}*/
/*body &gt; table tbody .error.label th:first-child:before {content:url(data:image/png;base64,iVBORw0KGgoAAAANSUhEUgAAAAwAAAAMCAYAAABWdVznAAAABmJLR0QAAAAAAAD5Q7t/AAAACXBIWXMAAAsTAAALEwEAmpwYAAAAB3RJTUUH3QcKER4AdkxvvQAAAdVJREFUKM89kM9KG0EAh7/JTHazZInEQwJ68KIWLx6Etj6EjxAobYSsD+BjCJ682EOp0FMueYmS0FMICF4i6tFNzJ/dyRh2Znoo6Xf+Pn7wEzc3Nx/W6/UvY8xJnudkWYa1Fu893nviOCaKIhuG4R/v/Ve1Xq9/bG1tnezs7JDnOVpr3t/fcc4hpaRSqVCpVORqtTp9e3v7rrTWn5vNJpPJhHK5zHg8JssyvPeEYcjR0RFpmlKr1ZjP5x9Li8VCbOR2u83BwQEvLy88PT1xfHzMxcUFQgjSNCXLskDlec5sNuPx8REpJZ1Oh+fnZ4QQnJ+fc319Tb/fZ29vD601SmvNdDplsVhwe3vLaDTi6uoKgCRJGAwGNBoNXl9fMcZQcs5hjGG1WpHnObVajQ3VahWtNcYYjDE451Cb+7z3JElCkiScnZ0hpaTX67G7u0u328V7/y+oVqsIITg8PKTT6dBqtRgOhzjnaLVa3N3dcX9/z3K5JI5jxOXlpSuKQqRpirWWh4eH//Plcpn9/X2cc2xvb1MqlQqllBpYa0/jOGYymdBsNsmyDOccURRRFAX1eh2lFGEY/lZBEHyx1v703n8KgkBEUYSUEu/9RkIIUQRB0A/D8NtflUT+nn4OS+0AAAAASUVORK5CYII=) " "}*/
.failed.label th:first-child:before, .failed.label td:first-child:before {content:url(data:image/png;base64,iVBORw0KGgoAAAANSUhEUgAAAAwAAAAMCAYAAABWdVznAAAAGXRFWHRTb2Z0d2FyZQBBZG9iZSBJbWFnZVJlYWR5ccllPAAAA2ZpVFh0WE1MOmNvbS5hZG9iZS54bXAAAAAAADw/eHBhY2tldCBiZWdpbj0i77u/IiBpZD0iVzVNME1wQ2VoaUh6cmVTek5UY3prYzlkIj8+IDx4OnhtcG1ldGEgeG1sbnM6eD0iYWRvYmU6bnM6bWV0YS8iIHg6eG1wdGs9IkFkb2JlIFhNUCBDb3JlIDUuMy1jMDExIDY2LjE0NTY2MSwgMjAxMi8wMi8wNi0xNDo1NjoyNyAgICAgICAgIj4gPHJkZjpSREYgeG1sbnM6cmRmPSJodHRwOi8vd3d3LnczLm9yZy8xOTk5LzAyLzIyLXJkZi1zeW50YXgtbnMjIj4gPHJkZjpEZXNjcmlwdGlvbiByZGY6YWJvdXQ9IiIgeG1sbnM6eG1wTU09Imh0dHA6Ly9ucy5hZG9iZS5jb20veGFwLzEuMC9tbS8iIHhtbG5zOnN0UmVmPSJodHRwOi8vbnMuYWRvYmUuY29tL3hhcC8xLjAvc1R5cGUvUmVzb3VyY2VSZWYjIiB4bWxuczp4bXA9Imh0dHA6Ly9ucy5hZG9iZS5jb20veGFwLzEuMC8iIHhtcE1NOk9yaWdpbmFsRG9jdW1lbnRJRD0ieG1wLmRpZDpCQjU0NjU4QjIyQTNFMTExQkI5Rjk5QkQ4RkQ5RUJFQiIgeG1wTU06RG9jdW1lbnRJRD0ieG1wLmRpZDpEQTUyOTdBQUEzRDUxMUUxQTQwN0YzMUI0Nzg3NDU1RSIgeG1wTU06SW5zdGFuY2VJRD0ieG1wLmlpZDpEQTUyOTdBOUEzRDUxMUUxQTQwN0YzMUI0Nzg3NDU1RSIgeG1wOkNyZWF0b3JUb29sPSJBZG9iZSBQaG90b3Nob3AgQ1M2IChXaW5kb3dzKSI+IDx4bXBNTTpEZXJpdmVkRnJvbSBzdFJlZjppbnN0YW5jZUlEPSJ4bXAuaWlkOjQ4MTZDRTNCRDVBM0UxMTFBQTI2QTBCMjZENzg1Qzg5IiBzdFJlZjpkb2N1bWVudElEPSJ4bXAuZGlkOkJCNTQ2NThCMjJBM0UxMTFCQjlGOTlCRDhGRDlFQkVCIi8+IDwvcmRmOkRlc2NyaXB0aW9uPiA8L3JkZjpSREY+IDwveDp4bXBtZXRhPiA8P3hwYWNrZXQgZW5kPSJyIj8+aHNJrgAAAZ1JREFUeNpsUssrRGEU/907985YMDPNYlh4hbKZPMdgR3aysrGSSFIeKyUKpewoRTYkmcgCf4MsMI2FPDYGKeUZSoru4/uc82VC+W7fOeee+zvn/M45V1uuyCmVwDogq0hDklD6jy1dspNkdxokVrIzPFUh0/MD5OdXoJDwPFtu3d2ns6TTp9oggTlFZlmN0o4AHMmXfJGo0lmGzoE1OgmNHf5YA8rmN5HfM6wADmUuHphA9cIW/JX1yiek9DIlyijxkNjBzXYche19gNcHzfShoLUdVxtLuD/cYzCoMAzCwqYrhMDx9Chs20JRWzf4nMcXcDI3pYAqQHIAtWUJbpKursMMhpA+RiAEGzpc4X5XkDB4GjaHmiZik/PIa2rBEWVlSuW9Q+T3YndskBi46QpQFcLltchtbEZyZhxna4uKhmV9Ito/gtPNOG4P99WItdlIWARNXWOAv6AEr9cplel7/ggUleDlMqUSvNnCobHKxDsNnqs8XaWUZopp/XhxTkOR+HDVOveYUge9rNLyY9SU9v+vwXuUB2R0fQkwABfn/VKSjTLBAAAAAElFTkSuQmCC) " "}
.error.label th:first-child:before, .error.label td:first-child:before {content:url(data:image/png;base64,iVBORw0KGgoAAAANSUhEUgAAAAwAAAAMCAYAAABWdVznAAAABmJLR0QAAAAAAAD5Q7t/AAAACXBIWXMAAAsTAAALEwEAmpwYAAAAB3RJTUUH3QcKER4AdkxvvQAAAdVJREFUKM89kM9KG0EAh7/JTHazZInEQwJ68KIWLx6Etj6EjxAobYSsD+BjCJ682EOp0FMueYmS0FMICF4i6tFNzJ/dyRh2Znoo6Xf+Pn7wEzc3Nx/W6/UvY8xJnudkWYa1Fu893nviOCaKIhuG4R/v/Ve1Xq9/bG1tnezs7JDnOVpr3t/fcc4hpaRSqVCpVORqtTp9e3v7rrTWn5vNJpPJhHK5zHg8JssyvPeEYcjR0RFpmlKr1ZjP5x9Li8VCbOR2u83BwQEvLy88PT1xfHzMxcUFQgjSNCXLskDlec5sNuPx8REpJZ1Oh+fnZ4QQnJ+fc319Tb/fZ29vD601SmvNdDplsVhwe3vLaDTi6uoKgCRJGAwGNBoNXl9fMcZQcs5hjGG1WpHnObVajQ3VahWtNcYYjDE451Cb+7z3JElCkiScnZ0hpaTX67G7u0u328V7/y+oVqsIITg8PKTT6dBqtRgOhzjnaLVa3N3dcX9/z3K5JI5jxOXlpSuKQqRpirWWh4eH//Plcpn9/X2cc2xvb1MqlQqllBpYa0/jOGYymdBsNsmyDOccURRRFAX1eh2lFGEY/lZBEHyx1v703n8KgkBEUYSUEu/9RkIIUQRB0A/D8NtflUT+nn4OS+0AAAAASUVORK5CYII=) " "}
.pending.label th:first-child:before, .pending.label td:first-child:before {content:url(data:image/png;base64,iVBORw0KGgoAAAANSUhEUgAAAAwAAAAMCAYAAABWdVznAAAAGXRFWHRTb2Z0d2FyZQBBZG9iZSBJbWFnZVJlYWR5ccllPAAAA2ZpVFh0WE1MOmNvbS5hZG9iZS54bXAAAAAAADw/eHBhY2tldCBiZWdpbj0i77u/IiBpZD0iVzVNME1wQ2VoaUh6cmVTek5UY3prYzlkIj8+IDx4OnhtcG1ldGEgeG1sbnM6eD0iYWRvYmU6bnM6bWV0YS8iIHg6eG1wdGs9IkFkb2JlIFhNUCBDb3JlIDUuMy1jMDExIDY2LjE0NTY2MSwgMjAxMi8wMi8wNi0xNDo1NjoyNyAgICAgICAgIj4gPHJkZjpSREYgeG1sbnM6cmRmPSJodHRwOi8vd3d3LnczLm9yZy8xOTk5LzAyLzIyLXJkZi1zeW50YXgtbnMjIj4gPHJkZjpEZXNjcmlwdGlvbiByZGY6YWJvdXQ9IiIgeG1sbnM6eG1wTU09Imh0dHA6Ly9ucy5hZG9iZS5jb20veGFwLzEuMC9tbS8iIHhtbG5zOnN0UmVmPSJodHRwOi8vbnMuYWRvYmUuY29tL3hhcC8xLjAvc1R5cGUvUmVzb3VyY2VSZWYjIiB4bWxuczp4bXA9Imh0dHA6Ly9ucy5hZG9iZS5jb20veGFwLzEuMC8iIHhtcE1NOk9yaWdpbmFsRG9jdW1lbnRJRD0ieG1wLmRpZDpCQjU0NjU4QjIyQTNFMTExQkI5Rjk5QkQ4RkQ5RUJFQiIgeG1wTU06RG9jdW1lbnRJRD0ieG1wLmRpZDpDODdDM0Y0QUEzRDUxMUUxQjk5N0MzQjVFRDMyQUE1MiIgeG1wTU06SW5zdGFuY2VJRD0ieG1wLmlpZDpDODdDM0Y0OUEzRDUxMUUxQjk5N0MzQjVFRDMyQUE1MiIgeG1wOkNyZWF0b3JUb29sPSJBZG9iZSBQaG90b3Nob3AgQ1M2IChXaW5kb3dzKSI+IDx4bXBNTTpEZXJpdmVkRnJvbSBzdFJlZjppbnN0YW5jZUlEPSJ4bXAuaWlkOjQ4MTZDRTNCRDVBM0UxMTFBQTI2QTBCMjZENzg1Qzg5IiBzdFJlZjpkb2N1bWVudElEPSJ4bXAuZGlkOkJCNTQ2NThCMjJBM0UxMTFCQjlGOTlCRDhGRDlFQkVCIi8+IDwvcmRmOkRlc2NyaXB0aW9uPiA8L3JkZjpSREY+IDwveDp4bXBtZXRhPiA8P3hwYWNrZXQgZW5kPSJyIj8+yj6RYgAAAPZJREFUeNp0kM8KgkAQxmc1E0Wfo3vQn5eRSDx4EUHwbTpEhx4lil7DiydBQUFXp5nAMNsGhpnd/X77za4Iw3CFiFcAWFMFDkXtKZ/UHhfUnB3HWdu2/REpAL2u631ZlicGdpZlwTAMSmBM0zS5bhgQLB5FU3AOUS4XvNn3vVKgAACCIMA0TbFpGsyyDJMkefdFUWAcx1hVFeZ5jlEUoed5qPEI7KDrOhiG8e6llNC27Zcz77FW+L6Pruv+WKtGIzfgR39umv/UHOJgAMlO/BPOXCQDD5p3r2ma8lvHNU9BcWPg0HXdhRZbOhRT8aSXVO9U/ZcAAwAsmjsSQcM0lwAAAABJRU5ErkJggg==) " ";}
.successful.label th:first-child:before, .successful.label td:first-child:before {content:url(data:image/png;base64,iVBORw0KGgoAAAANSUhEUgAAAAwAAAAMCAYAAABWdVznAAAAGXRFWHRTb2Z0d2FyZQBBZG9iZSBJbWFnZVJlYWR5ccllPAAAA2ZpVFh0WE1MOmNvbS5hZG9iZS54bXAAAAAAADw/eHBhY2tldCBiZWdpbj0i77u/IiBpZD0iVzVNME1wQ2VoaUh6cmVTek5UY3prYzlkIj8+IDx4OnhtcG1ldGEgeG1sbnM6eD0iYWRvYmU6bnM6bWV0YS8iIHg6eG1wdGs9IkFkb2JlIFhNUCBDb3JlIDUuMy1jMDExIDY2LjE0NTY2MSwgMjAxMi8wMi8wNi0xNDo1NjoyNyAgICAgICAgIj4gPHJkZjpSREYgeG1sbnM6cmRmPSJodHRwOi8vd3d3LnczLm9yZy8xOTk5LzAyLzIyLXJkZi1zeW50YXgtbnMjIj4gPHJkZjpEZXNjcmlwdGlvbiByZGY6YWJvdXQ9IiIgeG1sbnM6eG1wTU09Imh0dHA6Ly9ucy5hZG9iZS5jb20veGFwLzEuMC9tbS8iIHhtbG5zOnN0UmVmPSJodHRwOi8vbnMuYWRvYmUuY29tL3hhcC8xLjAvc1R5cGUvUmVzb3VyY2VSZWYjIiB4bWxuczp4bXA9Imh0dHA6Ly9ucy5hZG9iZS5jb20veGFwLzEuMC8iIHhtcE1NOk9yaWdpbmFsRG9jdW1lbnRJRD0ieG1wLmRpZDpCQjU0NjU4QjIyQTNFMTExQkI5Rjk5QkQ4RkQ5RUJFQiIgeG1wTU06RG9jdW1lbnRJRD0ieG1wLmRpZDpEMDVBNThBQUEzRDUxMUUxQjdCQkM2QUNBMTNBMDExNiIgeG1wTU06SW5zdGFuY2VJRD0ieG1wLmlpZDpEMDVBNThBOUEzRDUxMUUxQjdCQkM2QUNBMTNBMDExNiIgeG1wOkNyZWF0b3JUb29sPSJBZG9iZSBQaG90b3Nob3AgQ1M2IChXaW5kb3dzKSI+IDx4bXBNTTpEZXJpdmVkRnJvbSBzdFJlZjppbnN0YW5jZUlEPSJ4bXAuaWlkOjQ4MTZDRTNCRDVBM0UxMTFBQTI2QTBCMjZENzg1Qzg5IiBzdFJlZjpkb2N1bWVudElEPSJ4bXAuZGlkOkJCNTQ2NThCMjJBM0UxMTFCQjlGOTlCRDhGRDlFQkVCIi8+IDwvcmRmOkRlc2NyaXB0aW9uPiA8L3JkZjpSREY+IDwveDp4bXBtZXRhPiA8P3hwYWNrZXQgZW5kPSJyIj8+xJ3YrgAAAYBJREFUeNpsUrtKA1EQPZtdY4gEQiD4QCsLEVGX4CP4AykEq1hYiGghCDZ+gBZWVtrZ+EAjaGOhfoAkNiaKhYWICilMEQNqoYjZ5O4d5+6ucQuLM3funDNzD7OrLe229YBwSKAEnyAP/pyIbL5fcz5rcNiLtuqJSEz3ickn5ruE/vFmJ9/LYjvAldGWqA7bJkgPtoAHQrS5G6NdiwhFWCoxHOCgKUL+iurkCBVawyamE8d4qmSZ51clBZUlh+RG14JzEsJNcaTNLVwWd1B6vXXqkmGoYNeVUPnW3JNr4+YarPoncvebEAKNekAlokaY6N/A1NA+SBgY6Eijtz2Fs5sVWNWawysorWNJsO+q9QWzaxLTYwfojA3isZzDfSnrWvTsNiyp7pOrZURC7ejrTDEpcVpY9ab+NSioLZEiapZA5nwBxZcC8g9HeK7ccYM7TDnwmoU2vx6/NIJaUjc0b0u8YvJNle5HdJvlhbI0Y31ThqsjTGr0/+8hOOQ5nfsRYACtHiy+FDd82wAAAABJRU5ErkJggg==) " "}
/*.successful.label a:before {content:url(data:image/png;base64,iVBORw0KGgoAAAANSUhEUgAAAAwAAAAMCAYAAABWdVznAAAAGXRFWHRTb2Z0d2FyZQBBZG9iZSBJbWFnZVJlYWR5ccllPAAAA2ZpVFh0WE1MOmNvbS5hZG9iZS54bXAAAAAAADw/eHBhY2tldCBiZWdpbj0i77u/IiBpZD0iVzVNME1wQ2VoaUh6cmVTek5UY3prYzlkIj8+IDx4OnhtcG1ldGEgeG1sbnM6eD0iYWRvYmU6bnM6bWV0YS8iIHg6eG1wdGs9IkFkb2JlIFhNUCBDb3JlIDUuMy1jMDExIDY2LjE0NTY2MSwgMjAxMi8wMi8wNi0xNDo1NjoyNyAgICAgICAgIj4gPHJkZjpSREYgeG1sbnM6cmRmPSJodHRwOi8vd3d3LnczLm9yZy8xOTk5LzAyLzIyLXJkZi1zeW50YXgtbnMjIj4gPHJkZjpEZXNjcmlwdGlvbiByZGY6YWJvdXQ9IiIgeG1sbnM6eG1wTU09Imh0dHA6Ly9ucy5hZG9iZS5jb20veGFwLzEuMC9tbS8iIHhtbG5zOnN0UmVmPSJodHRwOi8vbnMuYWRvYmUuY29tL3hhcC8xLjAvc1R5cGUvUmVzb3VyY2VSZWYjIiB4bWxuczp4bXA9Imh0dHA6Ly9ucy5hZG9iZS5jb20veGFwLzEuMC8iIHhtcE1NOk9yaWdpbmFsRG9jdW1lbnRJRD0ieG1wLmRpZDpCQjU0NjU4QjIyQTNFMTExQkI5Rjk5QkQ4RkQ5RUJFQiIgeG1wTU06RG9jdW1lbnRJRD0ieG1wLmRpZDpEMDVBNThBQUEzRDUxMUUxQjdCQkM2QUNBMTNBMDExNiIgeG1wTU06SW5zdGFuY2VJRD0ieG1wLmlpZDpEMDVBNThBOUEzRDUxMUUxQjdCQkM2QUNBMTNBMDExNiIgeG1wOkNyZWF0b3JUb29sPSJBZG9iZSBQaG90b3Nob3AgQ1M2IChXaW5kb3dzKSI+IDx4bXBNTTpEZXJpdmVkRnJvbSBzdFJlZjppbnN0YW5jZUlEPSJ4bXAuaWlkOjQ4MTZDRTNCRDVBM0UxMTFBQTI2QTBCMjZENzg1Qzg5IiBzdFJlZjpkb2N1bWVudElEPSJ4bXAuZGlkOkJCNTQ2NThCMjJBM0UxMTFCQjlGOTlCRDhGRDlFQkVCIi8+IDwvcmRmOkRlc2NyaXB0aW9uPiA8L3JkZjpSREY+IDwveDp4bXBtZXRhPiA8P3hwYWNrZXQgZW5kPSJyIj8+xJ3YrgAAAYBJREFUeNpsUrtKA1EQPZtdY4gEQiD4QCsLEVGX4CP4AykEq1hYiGghCDZ+gBZWVtrZ+EAjaGOhfoAkNiaKhYWICilMEQNqoYjZ5O4d5+6ucQuLM3funDNzD7OrLe229YBwSKAEnyAP/pyIbL5fcz5rcNiLtuqJSEz3ickn5ruE/vFmJ9/LYjvAldGWqA7bJkgPtoAHQrS5G6NdiwhFWCoxHOCgKUL+iurkCBVawyamE8d4qmSZ51clBZUlh+RG14JzEsJNcaTNLVwWd1B6vXXqkmGoYNeVUPnW3JNr4+YarPoncvebEAKNekAlokaY6N/A1NA+SBgY6Eijtz2Fs5sVWNWawysorWNJsO+q9QWzaxLTYwfojA3isZzDfSnrWvTsNiyp7pOrZURC7ejrTDEpcVpY9ab+NSioLZEiapZA5nwBxZcC8g9HeK7ccYM7TDnwmoU2vx6/NIJaUjc0b0u8YvJNle5HdJvlhbI0Y31ThqsjTGr0/+8hOOQ5nfsRYACtHiy+FDd82wAAAABJRU5ErkJggg==) " "}*/

.xspecResult { width: 90%; table-layout: fixed; }

.xspecResult td,
.xspecResult th { width: 50%; }

/*.xspecResult pre { 
  margin-left: 0; 
  padding: 0.5em; 
  overflow: auto; 
  border: 1px #999 dotted;
}*/

span.scenario-totals {float: right; width: 14.5%; text-align: left}

/* OXYGEN */
span.scenario-totals {float: right; width: 34.5%; text-align: right}

h2.failed {
    background-color: #FCC;
}

h1, h2 {
    width: 86%;
    margin-left: 3%;
    
    font-size:1.4em;
    font-weight:bold;
    text-align:left;
    margin-top:1.4em;
    margin-bottom:0.7em;
    color:#333333;
    background-color:inherit;
}

h1 {
    font-size:1.7em;
}

body &gt; h1:first-child:before {
    content:"XSLT UNIT ";
}

body &gt; h2:first-of-type {
    font-size:1.7em;
}

div &gt; table &gt; tbody &gt; tr &gt; th:first-child {
    font-weight:bold;
}

div &gt; h3 {
    font-weight:bold;
    margin-left: 3%;
}

div &gt; h4 {
    font-weight:normal;
    margin-left: 4%;
}

th.result { text-align: center; }
/* OXYGEN */


/* ------------------------------------------------------------------------ */
/*  DO NOT ALTER OR REMOVE COPYRIGHT NOTICES OR THIS COMMENT.               */
/*                                                                          */
/*  Copyright (c) 2008, 2010 Jeni Tennsion                                  */
/*                                                                          */
/*  The contents of this file are subject to the MIT License (see the URI   */
/*  http://www.opensource.org/licenses/mit-license.php for details).        */
/*                                                                          */
/*  Permission is hereby granted, free of charge, to any person obtaining   */
/*  a copy of this software and associated documentation files (the         */
/*  "Software"), to deal in the Software without restriction, including     */
/*  without limitation the rights to use, copy, modify, merge, publish,     */
/*  distribute, sublicense, and/or sell copies of the Software, and to      */
/*  permit persons to whom the Software is furnished to do so, subject to   */
/*  the following conditions:                                               */
/*                                                                          */
/*  The above copyright notice and this permission notice shall be          */
/*  included in all copies or substantial portions of the Software.         */
/*                                                                          */
/*  THE SOFTWARE IS PROVIDED "AS IS", WITHOUT WARRANTY OF ANY KIND,         */
/*  EXPRESS OR IMPLIED, INCLUDING BUT NOT LIMITED TO THE WARRANTIES OF      */
/*  MERCHANTABILITY, FITNESS FOR A PARTICULAR PURPOSE AND NONINFRINGEMENT.  */
/*  IN NO EVENT SHALL THE AUTHORS OR COPYRIGHT HOLDERS BE LIABLE FOR ANY    */
/*  CLAIM, DAMAGES OR OTHER LIABILITY, WHETHER IN AN ACTION OF CONTRACT,    */
/*  TORT OR OTHERWISE, ARISING FROM, OUT OF OR IN CONNECTION WITH THE       */
/*  SOFTWARE OR THE USE OR OTHER DEALINGS IN THE SOFTWARE.                  */
/* ------------------------------------------------------------------------ */

.nobr { white-space: nowrap; }
.scenario-label { text-indent: 0px; }
.context-label { text-indent: 10px; }
.test-label { text-indent: 20px; }
.pending-label { text-indent: 30px; }


        /**/</style>
    </head><body><h1>Test Report</h1><p>Script: <a>file:/home/jostein/xprocspec/src/test/xprocspec/tests/input-1.xprocspec</a></p><p>Tested: 2013-08-22T16:03:06.898+02:00</p><h2>Contents</h2><table><col/><col/><col/><col/><col/><col/><thead><tr><th/><th>passed:2</th><th>pending:0</th><th>failed:0</th><th>errors:0</th><th>total:2</th></tr></thead><tbody><tr><th><a>ex:identity</a></th><th>2</th><th>0</th><th>0</th><th>0</th><th>2</th></tr></tbody></table><div><h2>Calling: <a>ex:identity</a><span>passed:2 / pending:0 / failed:0 / errors:0 / total:2</span></h2><table><col/><col/><tbody><tr><th>identity</th><th>passed:2 / pending:0 / failed:0 / errors:0 / total:2</th></tr><tr><th>the input</th><th>passed:1 / pending:0 / failed:0 / errors:0 / total:1</th></tr><tr><td>there must be no documents on the input port</td><td>Success</td></tr><tr><th>the output</th><th>passed:1 / pending:0 / failed:0 / errors:0 / total:1</th></tr><tr><td>there must be no documents on the output port</td><td>Success</td></tr></tbody></table></div><link/><script> </script><script>hljs.initHighlightingOnLoad();</script></body></html></x:document></x:output><x:output port="junit"><x:document xml:base="file:/home/jostein/xprocspec/src/main/resources/content/xml/xproc/report/report.xpl" type="inline"><testsuites><testsuite>
<properties><property/>

<property/>

</properties>
<testcase><system-out>there must be no documents on the input port: SUCCESS</system-out>
<system-err/></testcase><testcase><system-out>there must be no documents on the output port: SUCCESS</system-out>
<system-err/></testcase></testsuite></testsuites></x:document></x:output><x:test-result contextref="context9" result="passed" test="not(/*/@tests='0') and /*/@failures='0' and /*/@errors='0'" label="all tests should succeed" type="xpath">
                                                        <x:expected>not(/*/@tests='0') and /*/@failures='0' and /*/@errors='0'</x:expected>
                                                    </x:test-result></x:description><x:description xmlns:cx="http://xmlcalabash.com/ns/extensions" xmlns:c="http://www.w3.org/ns/xproc-step" xml:base="file:/home/jostein/xprocspec/src/test/xprocspec/test.xprocspec" test-base-uri="file:/home/jostein/xprocspec/src/test/xprocspec/test.xprocspec" script="file:/home/jostein/xprocspec/src/main/resources/content/xml/xproc/xprocspec.xpl" test-grammar="xprocspec" temp-dir="file:/tmp/xprocspec-20130822160259495/"><x:step-declaration><p:declare-step xmlns:p="http://www.w3.org/ns/xproc" xmlns:px="http://www.daisy.org/ns/xprocspec" xmlns:pxi="http://www.daisy.org/ns/xprocspec/xproc-internal/" xmlns:pkg="http://expath.org/ns/pkg" type="px:xprocspec" name="main" version="1.0" xpath-version="2.0" pkg:import-uri="http://www.daisy.org/ns/xprocspec/xprocspec.xpl" x:type="{http://www.daisy.org/ns/xprocspec}xprocspec"><p:input port="source" kind="document" sequence="false" primary="true"/><p:output port="result" kind="document" sequence="false" primary="false"><p:pipe port="result" step="report"/></p:output><p:output port="html" kind="document" sequence="false" primary="false"><p:pipe port="html" step="report"/></p:output><p:output port="junit" kind="document" sequence="false" primary="false"><p:pipe port="junit" step="report"/></p:output><p:option name="temp-dir" select="'file:/tmp/'"/></p:declare-step></x:step-declaration><x:scenario end-time="2013-08-22T14:03:07.458Z" label="the input element - sequence of two documents" start-time="2013-08-22T14:03:07.137Z"><x:call x:type="{http://www.daisy.org/ns/xprocspec}xprocspec" step="x:xprocspec"><x:option select="$temp-dir" name="temp-dir" value="file:/tmp/xprocspec-20130822160259495/"/><x:input port="source">
                    <x:document xml:base="file:/home/jostein/xprocspec/src/test/xprocspec/test.xprocspec" type="inline"><p:declare-step xmlns:p="http://www.w3.org/ns/xproc" xmlns:pxi="http://www.daisy.org/ns/xprocspec/xproc-internal/" name="main" type="pxi:load" version="1.0">

    <p:output port="result"/>

    <p:option name="href" required="true"/>
    <p:option name="method" select="'xml'"/>

    <p:import href="logging-library.xpl"/>

    <p:declare-step type="pxi:load-text">
        <p:output port="result"/>
        <p:option name="href"/>
        <p:identity>
            <p:input port="source">
                <p:inline>
                    <c:request method="GET" override-content-type="text/plain; charset=utf-8"/>
                </p:inline>
            </p:input>
        </p:identity>
        <p:add-attribute match="c:request" attribute-name="href">
            <p:with-option name="attribute-value" select="$href"/>
        </p:add-attribute>
        <p:http-request/>
    </p:declare-step>

    <p:declare-step type="pxi:load-binary">
        <p:output port="result"/>
        <p:option name="href"/>
        <p:identity>
            <p:input port="source">
                <p:inline>
                    <c:request method="GET" override-content-type="binary/octet-stream"/>
                </p:inline>
            </p:input>
        </p:identity>
        <p:add-attribute match="c:request" attribute-name="href">
            <p:with-option name="attribute-value" select="$href"/>
        </p:add-attribute>
        <p:http-request/>
    </p:declare-step>

    <pxi:message>
        <p:input port="source">
            <p:inline>
                <doc/>
            </p:inline>
        </p:input>
        <p:with-option name="message" select="concat('loading &#34;',$href,'&#34;')"/>
    </pxi:message>
    <p:sink/>

    <p:choose>
        <!--<!-\- Force HTML -\->
    <p:when test="$method='html'">
        <px:html-load>
            <p:with-option name="href" select="$href"/>
        </px:html-load>
    </p:when>-->

        <!-- XML -->
        <p:when test="$method='xml'">
            <p:try>
                <p:group>
                    <p:load>
                        <p:with-option name="href" select="$href"/>
                    </p:load>
                </p:group>
                <p:catch>
                    <pxi:message>
                        <p:input port="source">
                            <p:empty/>
                        </p:input>
                        <p:with-option name="message" select="concat('unable to load ',$href,' as XML')"/>
                    </pxi:message>
                </p:catch>
            </p:try>
        </p:when>

        <!-- text -->
        <p:when test="$method='text'">
            <pxi:load-text>
                <p:with-option name="href" select="$href"/>
            </pxi:load-text>
        </p:when>

        <!--<!-\- HTML -\->
                <p:when test="$media-type='text/html' or $media-type='application/xhtml+xml'">
                    <px:html-load>
                        <p:with-option name="href" select="$href"/>
                    </px:html-load>
                </p:when>-->

        <!-- default to 'binary' -->
        <p:otherwise>
            <pxi:load-binary>
                <p:with-option name="href" select="$href"/>
            </pxi:load-binary>
        </p:otherwise>
    </p:choose>

</p:declare-step></x:document>
                </x:input></x:call><x:context label="the junit output port" id="context10">
                <x:document xml:base="file:/home/jostein/xprocspec/src/main/resources/content/xml/xproc/report/report.xpl" type="inline"><testsuites tests="2" failures="0" time="0.245" errors="0" name="input2"><testsuite timestamp="2013-08-22T14:03:07.4Z" hostname="localhost" tests="2" errors="0" failures="0" skipped="0" id="d11408e1" name="identity" package="http://example.net/ns" time="0.01">
<properties><property name="input: source.document.secondary.sequence" value="&lt;doc1 xmlns=&#34;&#34; .../&gt; (Base URI: file:/home/jostein/xprocspec/src/test/xprocspec/tests/input-2.xprocspec)&#xA;&lt;doc2 xmlns=&#34;&#34; .../&gt; (Base URI: file:/home/jostein/xprocspec/src/test/xprocspec/tests/input-2.xprocspec)"/>

<property name="option: option.required" value=""/>

</properties>
<testcase name="thereMustBeTwoDocumentsOnTheInputPort" classname="identity" assertions="1" time="0" status="SUCCESS"><system-out>there must be two documents on the input port: SUCCESS</system-out>
<system-err/></testcase><testcase name="thereMustBeTwoDocumentsOnTheOutputPort" classname="identity" assertions="1" time="0" status="SUCCESS"><system-out>there must be two documents on the output port: SUCCESS</system-out>
<system-err/></testcase></testsuite></testsuites></x:document>
            </x:context><x:expect label="all tests should succeed" type="xpath" test="not(/*/@tests='0') and /*/@failures='0' and /*/@errors='0'" contextref="context10"/></x:scenario><x:output port="result"><x:document xml:base="file:/home/jostein/xprocspec/src/main/resources/content/xml/xproc/report/report.xpl" type="inline"><x:test-report><x:description><x:step-declaration><p:declare-step xmlns:p="http://www.w3.org/ns/xproc" xmlns:ex="http://example.net/ns"><p:input><p:inline>
            <source.document.primary.default/>
        </p:inline></p:input><p:input><p:inline>
            <source.document.secondary.sequence/>
        </p:inline></p:input><p:input><p:inline>
            <default>
                <default/>
                <default/>
            </default>
        </p:inline></p:input><p:input/><p:input/><p:output><p:pipe/></p:output><p:output><p:pipe/></p:output><p:output><p:pipe/></p:output><p:output><p:pipe/></p:output><p:output><p:pipe/></p:output><p:output><p:pipe/></p:output><p:option/><p:option/><p:option/></p:declare-step></x:step-declaration><x:scenario xmlns:e="http://example.net/ns"><x:call><x:option/><x:input>
                <x:document>
                    <doc1/>
                </x:document>
                <x:document>
                    <doc2/>
                </x:document>
            </x:input></x:call><x:context>
            <x:document>
                    <doc1/>
                </x:document><x:document>
                    <doc2/>
                </x:document>
        </x:context><x:expect/><x:context>
            <x:document><doc1 xmlns:ex="http://example.net/ns"/></x:document><x:document><doc2 xmlns:ex="http://example.net/ns"/></x:document>
        </x:context><x:expect/></x:scenario><x:output><x:document>
            <source.document.primary.default xmlns:ex="http://example.net/ns"/>
        </x:document></x:output><x:output><x:document><doc1 xmlns:e="http://example.net/ns" xmlns:ex="http://example.net/ns"/></x:document><x:document><doc2 xmlns:e="http://example.net/ns" xmlns:ex="http://example.net/ns"/></x:document></x:output><x:output><x:document><default xmlns:ex="http://example.net/ns"/></x:document><x:document><default xmlns:ex="http://example.net/ns"/></x:document></x:output><x:output><x:document><c:param-set xmlns:ex="http://example.net/ns"/></x:document><x:document><c:param-set/></x:document></x:output><x:output><x:document><c:param-set/></x:document></x:output><x:output><x:document>
                <c:options xmlns:ex="http://example.net/ns">
                    
                    <c:option/>
                    <c:option/>
                </c:options>
            </x:document></x:output><x:test-result>
                                                        <x:expected>At least 2 and at most 2 documents.</x:expected>
                                                    <x:was>2</x:was></x:test-result><x:test-result>
                                                        <x:expected>At least 2 and at most 2 documents.</x:expected>
                                                    <x:was>2</x:was></x:test-result></x:description></x:test-report></x:document></x:output><x:output port="html"><x:document xml:base="file:/home/jostein/xprocspec/src/main/resources/content/xml/xproc/report/report-template.xhtml" type="inline"><html xmlns="http://www.w3.org/1999/xhtml"><head><title>Test Report for file:/home/jostein/xprocspec/src/test/xprocspec/tests/input-2.xprocspec (passed:2 / pending:0 / failed:0 / errors:0 / total:2)</title>
        <meta/>
        <style>/**/
/****************************************************************************/
/*  File:       test-report.css                                             */
/*  Author:     Jeni Tennsion                                               */
/*  URI:        http://xspec.googlecode.com/                                */
/*  Tags:                                                                   */
/*    Copyright (c) 2008, 2010 Jeni Tennsion (see end of file.)             */
/* ------------------------------------------------------------------------ */


/* test */

/* box model */

body {
	margin-right: 1em;
	margin-left: 10%;
	}

h1 {
	padding: 0.3em 0.5em 0.3em 0.5em;
	position: relative;
	}

h2 {
	padding: 0.1em 0.5em 0.2em 0.5em;
	}

h3 {
	padding-left: 0.6em;
	}

h4 {
	padding-left: 0.8em;
	}

p, table {
	margin-left: 5%;
	}

dd ul, dd ol {
	margin-left: 0%;
	}

li ul, li ol {
	margin-left: 5%;
	}

dl, ul, ol, blockquote {
	margin-left: 10%;
	}

dt {
  padding-top: 3px;
  padding-bottom: 3px;
	clear: both;
	}

dd p {
	margin-left: -5px;
	margin-top: 5px;
	clear: both;
	}

p.link {
	margin-top: 4px;
	margin-bottom: 0px;
	clear: both;
	}

tr td, td p, li, li p {
	margin-left: 0%;
	}

td:nth-child(2) {
	padding-left: 5%;
	}

.link img, dt img {
	vertical-align: middle;
	position: relative;
	top: -5px;
	}

img {
	position: relative;
	}

#xml-link {
	position: absolute;
	left: 5px;
	top: 5px;
	width: 10%;
	margin-left: 0%;
	}

#link-up {
	position: absolute;
	left: 93%;
	right: 2em;
	top: 0.3em;
	}

#link-top {
	position: absolute;
	left: 89%;
	right: 4em;
	top: 0.3em;
	}
	
.popup {
	display: block;
	visibility: hidden;
	float: right;
	position: absolute;
	top: 5px;
	left: -200px;
	z-index: 1;
	padding: 0.3em;
	width: 220px;
	}

.note {
	position: relative;
	}

.post {
	margin-left: 5%;
	padding-top: 1em;
	}
	
.example, .sidebar {
  margin-left: 5%;
  margin-top: 1em;
  margin-bottom: 1em;
  }

/*pre {
	padding-left: 5%;
	margin-left: 5%;
	}*/

/*dd pre, li pre {
	padding-left: 5%;
	}*/

/* fonts */
/* Oxygen  */
body, table {
    font-family:arial, helvetica, sans-serif;
    font-size:12px;
}
/* Oxygen  */

/*body {
	font-family: Verdana, arial, sans-serif;
	font-size: small;
	}*/	

/*h1, h2, h3, h4, h5, h6 {
	font-family: 'trebuchet MS', arial, sans-serif;
	}*/

h1 {
	font-size: 173%;
	font-weight: bold;
	}

h2 {
	font-size: 144%;
	font-weight: normal;
	}

h3 {
	font-size: 120%;
	font-weight: normal;
	}

h4 {
  font-size: 100%;
  font-weight: bold;
}

dt {
	font-weight: bold;
	}

a:link, a:visited, a:active, a:hover {
	font-weight: bold;
	}

a.offsite:link, a.offsite:visited, a.offsite:active, a.offsite:hover {
	font-weight: normal;
	}

/* suppress the normal italics */
address {
	font-style: normal;
	}

div.example, .sidebar {
  font-family: Verdana, arial, sans-serif;
  font-size: 100%;
  }


.note, .link {
	font-family: Verdana, arial, sans-serif;
	/*font-size: 83%;*/
	}

/*.example, .string, .rtf, .code, pre, code {
	font-family: "Lucida Console", "Courier New", monospace;*/
  /*font-size: 83%;*/
/*	}*/

.boolean {
	font-style: italic;
	}

#colophon, #xml-link {
	font-size: 69%;
	}

.question, .title {
	font-weight: bold;
	}

/* colours */
body {
	background-color: white;
	color: black;
	border: 0px none black;
	}

/* this is to make Navigator fill the entire line */
h1, h2 {
	border: 1px solid white;
	width: auto;
	}

h1 {
	/*background: #606;*/
	/*color: #6F6;*/
	}

h2 {
	color: #606;
	/*background: #CFC;*/
	}

hr {
	color: #606;
	background: white;
	}

img, a:link img, a:visited img, a:hover img, a:active img, #link-up img, #link-top img {
	border: 0px none white;
	background: transparent;
	}

/* OXYGEN */
a, a:visited {
    color:rgb(0, 0, 150);
    background-color:inherit;
    font-weight: bold;
}
a:link, a:visited {
    text-decoration:none; 
}
a:hover {
    text-decoration:underline;
}

/* OXYGEN */

a.img:hover, a.img:active {
	background: transparent;
	}

#colophon, #xml-link, .note {
	color: #666;
	}

#colophon a:link, #colophon a:visited, #colophon a:hover,
#xml-link a:link, #xml-link a:visited, #xml-link a:hover,
.note a:link, .note a:visited, .note a:hover {
	color: #969;
	background: transparent;
	}

#colophon a:hover, #xml-link a:hover, .note a:hover {
	background: #CFC;
	color: #969;
	}

.popup {
	background: white;
	border: 1px solid #606;
	}

.post {
	border-top: 2px solid #606;
	}
	
.example {
  border-top: 2px solid #606;
  border-bottom: 2px solid #606;
  }
  
.sidebar {
  border-top: 2px solid #090;
  border-bottom: 2px solid #090;
  }
  
.rng {
  border-left: 2px solid #666;
  }

.same {
  background-color: rgb(206, 239, 174);
}

.diff {
  background-color: #FCC;
}

.whitespace {
	font-style: italic;
	color: #999;
	background: white;
}

.ignored {
  font-style: italic;
  color: #999;
  background: white;
}

.hit {
}

.missed {
  background-color: #A33;
  color: white;
}

/* text */
ol ol li {
	list-style: lower-alpha;
	}

th {
	text-align: left;
	}

td {
	vertical-align: top;
	}

h1 {
	text-transform: uppercase;
	}

h2, h3 {
	/*text-transform: capitalize;*/
	}

.question {
	text-indent: -33px;
	}

.byline {
	text-align: right;
	}

#link-top, #link-up {
	text-align: right;
	}

a {
	text-decoration: none;
	}

table { width: 85%;
        /* border: collapse; */ }

th { text-align: left; }

.xspec tbody th { font-weight: normal; /*font-size: 0.8em;*/ border-top: 1px #666 solid; }
.xspec tbody td { /*font-size: 0.8em;*/ color: #666; }

.successful.label th, .successful.label td { background-color: #CFC; }
.pending.label th, .pending.label td { background-color: #DDD; color: #666; }
.failed.label th, .failed.label td { background-color: #FCC; }
.error.label th, .error.label td { background-color: #FAA; }
/*body &gt; table tbody .failed.label th:first-child:before {content:url(data:image/png;base64,iVBORw0KGgoAAAANSUhEUgAAAAwAAAAMCAYAAABWdVznAAAAGXRFWHRTb2Z0d2FyZQBBZG9iZSBJbWFnZVJlYWR5ccllPAAAA2ZpVFh0WE1MOmNvbS5hZG9iZS54bXAAAAAAADw/eHBhY2tldCBiZWdpbj0i77u/IiBpZD0iVzVNME1wQ2VoaUh6cmVTek5UY3prYzlkIj8+IDx4OnhtcG1ldGEgeG1sbnM6eD0iYWRvYmU6bnM6bWV0YS8iIHg6eG1wdGs9IkFkb2JlIFhNUCBDb3JlIDUuMy1jMDExIDY2LjE0NTY2MSwgMjAxMi8wMi8wNi0xNDo1NjoyNyAgICAgICAgIj4gPHJkZjpSREYgeG1sbnM6cmRmPSJodHRwOi8vd3d3LnczLm9yZy8xOTk5LzAyLzIyLXJkZi1zeW50YXgtbnMjIj4gPHJkZjpEZXNjcmlwdGlvbiByZGY6YWJvdXQ9IiIgeG1sbnM6eG1wTU09Imh0dHA6Ly9ucy5hZG9iZS5jb20veGFwLzEuMC9tbS8iIHhtbG5zOnN0UmVmPSJodHRwOi8vbnMuYWRvYmUuY29tL3hhcC8xLjAvc1R5cGUvUmVzb3VyY2VSZWYjIiB4bWxuczp4bXA9Imh0dHA6Ly9ucy5hZG9iZS5jb20veGFwLzEuMC8iIHhtcE1NOk9yaWdpbmFsRG9jdW1lbnRJRD0ieG1wLmRpZDpCQjU0NjU4QjIyQTNFMTExQkI5Rjk5QkQ4RkQ5RUJFQiIgeG1wTU06RG9jdW1lbnRJRD0ieG1wLmRpZDpEQTUyOTdBQUEzRDUxMUUxQTQwN0YzMUI0Nzg3NDU1RSIgeG1wTU06SW5zdGFuY2VJRD0ieG1wLmlpZDpEQTUyOTdBOUEzRDUxMUUxQTQwN0YzMUI0Nzg3NDU1RSIgeG1wOkNyZWF0b3JUb29sPSJBZG9iZSBQaG90b3Nob3AgQ1M2IChXaW5kb3dzKSI+IDx4bXBNTTpEZXJpdmVkRnJvbSBzdFJlZjppbnN0YW5jZUlEPSJ4bXAuaWlkOjQ4MTZDRTNCRDVBM0UxMTFBQTI2QTBCMjZENzg1Qzg5IiBzdFJlZjpkb2N1bWVudElEPSJ4bXAuZGlkOkJCNTQ2NThCMjJBM0UxMTFCQjlGOTlCRDhGRDlFQkVCIi8+IDwvcmRmOkRlc2NyaXB0aW9uPiA8L3JkZjpSREY+IDwveDp4bXBtZXRhPiA8P3hwYWNrZXQgZW5kPSJyIj8+aHNJrgAAAZ1JREFUeNpsUssrRGEU/907985YMDPNYlh4hbKZPMdgR3aysrGSSFIeKyUKpewoRTYkmcgCf4MsMI2FPDYGKeUZSoru4/uc82VC+W7fOeee+zvn/M45V1uuyCmVwDogq0hDklD6jy1dspNkdxokVrIzPFUh0/MD5OdXoJDwPFtu3d2ns6TTp9oggTlFZlmN0o4AHMmXfJGo0lmGzoE1OgmNHf5YA8rmN5HfM6wADmUuHphA9cIW/JX1yiek9DIlyijxkNjBzXYche19gNcHzfShoLUdVxtLuD/cYzCoMAzCwqYrhMDx9Chs20JRWzf4nMcXcDI3pYAqQHIAtWUJbpKursMMhpA+RiAEGzpc4X5XkDB4GjaHmiZik/PIa2rBEWVlSuW9Q+T3YndskBi46QpQFcLltchtbEZyZhxna4uKhmV9Ito/gtPNOG4P99WItdlIWARNXWOAv6AEr9cplel7/ggUleDlMqUSvNnCobHKxDsNnqs8XaWUZopp/XhxTkOR+HDVOveYUge9rNLyY9SU9v+vwXuUB2R0fQkwABfn/VKSjTLBAAAAAElFTkSuQmCC) " "}*/
/*body &gt; table tbody .error.label th:first-child:before {content:url(data:image/png;base64,iVBORw0KGgoAAAANSUhEUgAAAAwAAAAMCAYAAABWdVznAAAABmJLR0QAAAAAAAD5Q7t/AAAACXBIWXMAAAsTAAALEwEAmpwYAAAAB3RJTUUH3QcKER4AdkxvvQAAAdVJREFUKM89kM9KG0EAh7/JTHazZInEQwJ68KIWLx6Etj6EjxAobYSsD+BjCJ682EOp0FMueYmS0FMICF4i6tFNzJ/dyRh2Znoo6Xf+Pn7wEzc3Nx/W6/UvY8xJnudkWYa1Fu893nviOCaKIhuG4R/v/Ve1Xq9/bG1tnezs7JDnOVpr3t/fcc4hpaRSqVCpVORqtTp9e3v7rrTWn5vNJpPJhHK5zHg8JssyvPeEYcjR0RFpmlKr1ZjP5x9Li8VCbOR2u83BwQEvLy88PT1xfHzMxcUFQgjSNCXLskDlec5sNuPx8REpJZ1Oh+fnZ4QQnJ+fc319Tb/fZ29vD601SmvNdDplsVhwe3vLaDTi6uoKgCRJGAwGNBoNXl9fMcZQcs5hjGG1WpHnObVajQ3VahWtNcYYjDE451Cb+7z3JElCkiScnZ0hpaTX67G7u0u328V7/y+oVqsIITg8PKTT6dBqtRgOhzjnaLVa3N3dcX9/z3K5JI5jxOXlpSuKQqRpirWWh4eH//Plcpn9/X2cc2xvb1MqlQqllBpYa0/jOGYymdBsNsmyDOccURRRFAX1eh2lFGEY/lZBEHyx1v703n8KgkBEUYSUEu/9RkIIUQRB0A/D8NtflUT+nn4OS+0AAAAASUVORK5CYII=) " "}*/
.failed.label th:first-child:before, .failed.label td:first-child:before {content:url(data:image/png;base64,iVBORw0KGgoAAAANSUhEUgAAAAwAAAAMCAYAAABWdVznAAAAGXRFWHRTb2Z0d2FyZQBBZG9iZSBJbWFnZVJlYWR5ccllPAAAA2ZpVFh0WE1MOmNvbS5hZG9iZS54bXAAAAAAADw/eHBhY2tldCBiZWdpbj0i77u/IiBpZD0iVzVNME1wQ2VoaUh6cmVTek5UY3prYzlkIj8+IDx4OnhtcG1ldGEgeG1sbnM6eD0iYWRvYmU6bnM6bWV0YS8iIHg6eG1wdGs9IkFkb2JlIFhNUCBDb3JlIDUuMy1jMDExIDY2LjE0NTY2MSwgMjAxMi8wMi8wNi0xNDo1NjoyNyAgICAgICAgIj4gPHJkZjpSREYgeG1sbnM6cmRmPSJodHRwOi8vd3d3LnczLm9yZy8xOTk5LzAyLzIyLXJkZi1zeW50YXgtbnMjIj4gPHJkZjpEZXNjcmlwdGlvbiByZGY6YWJvdXQ9IiIgeG1sbnM6eG1wTU09Imh0dHA6Ly9ucy5hZG9iZS5jb20veGFwLzEuMC9tbS8iIHhtbG5zOnN0UmVmPSJodHRwOi8vbnMuYWRvYmUuY29tL3hhcC8xLjAvc1R5cGUvUmVzb3VyY2VSZWYjIiB4bWxuczp4bXA9Imh0dHA6Ly9ucy5hZG9iZS5jb20veGFwLzEuMC8iIHhtcE1NOk9yaWdpbmFsRG9jdW1lbnRJRD0ieG1wLmRpZDpCQjU0NjU4QjIyQTNFMTExQkI5Rjk5QkQ4RkQ5RUJFQiIgeG1wTU06RG9jdW1lbnRJRD0ieG1wLmRpZDpEQTUyOTdBQUEzRDUxMUUxQTQwN0YzMUI0Nzg3NDU1RSIgeG1wTU06SW5zdGFuY2VJRD0ieG1wLmlpZDpEQTUyOTdBOUEzRDUxMUUxQTQwN0YzMUI0Nzg3NDU1RSIgeG1wOkNyZWF0b3JUb29sPSJBZG9iZSBQaG90b3Nob3AgQ1M2IChXaW5kb3dzKSI+IDx4bXBNTTpEZXJpdmVkRnJvbSBzdFJlZjppbnN0YW5jZUlEPSJ4bXAuaWlkOjQ4MTZDRTNCRDVBM0UxMTFBQTI2QTBCMjZENzg1Qzg5IiBzdFJlZjpkb2N1bWVudElEPSJ4bXAuZGlkOkJCNTQ2NThCMjJBM0UxMTFCQjlGOTlCRDhGRDlFQkVCIi8+IDwvcmRmOkRlc2NyaXB0aW9uPiA8L3JkZjpSREY+IDwveDp4bXBtZXRhPiA8P3hwYWNrZXQgZW5kPSJyIj8+aHNJrgAAAZ1JREFUeNpsUssrRGEU/907985YMDPNYlh4hbKZPMdgR3aysrGSSFIeKyUKpewoRTYkmcgCf4MsMI2FPDYGKeUZSoru4/uc82VC+W7fOeee+zvn/M45V1uuyCmVwDogq0hDklD6jy1dspNkdxokVrIzPFUh0/MD5OdXoJDwPFtu3d2ns6TTp9oggTlFZlmN0o4AHMmXfJGo0lmGzoE1OgmNHf5YA8rmN5HfM6wADmUuHphA9cIW/JX1yiek9DIlyijxkNjBzXYche19gNcHzfShoLUdVxtLuD/cYzCoMAzCwqYrhMDx9Chs20JRWzf4nMcXcDI3pYAqQHIAtWUJbpKursMMhpA+RiAEGzpc4X5XkDB4GjaHmiZik/PIa2rBEWVlSuW9Q+T3YndskBi46QpQFcLltchtbEZyZhxna4uKhmV9Ito/gtPNOG4P99WItdlIWARNXWOAv6AEr9cplel7/ggUleDlMqUSvNnCobHKxDsNnqs8XaWUZopp/XhxTkOR+HDVOveYUge9rNLyY9SU9v+vwXuUB2R0fQkwABfn/VKSjTLBAAAAAElFTkSuQmCC) " "}
.error.label th:first-child:before, .error.label td:first-child:before {content:url(data:image/png;base64,iVBORw0KGgoAAAANSUhEUgAAAAwAAAAMCAYAAABWdVznAAAABmJLR0QAAAAAAAD5Q7t/AAAACXBIWXMAAAsTAAALEwEAmpwYAAAAB3RJTUUH3QcKER4AdkxvvQAAAdVJREFUKM89kM9KG0EAh7/JTHazZInEQwJ68KIWLx6Etj6EjxAobYSsD+BjCJ682EOp0FMueYmS0FMICF4i6tFNzJ/dyRh2Znoo6Xf+Pn7wEzc3Nx/W6/UvY8xJnudkWYa1Fu893nviOCaKIhuG4R/v/Ve1Xq9/bG1tnezs7JDnOVpr3t/fcc4hpaRSqVCpVORqtTp9e3v7rrTWn5vNJpPJhHK5zHg8JssyvPeEYcjR0RFpmlKr1ZjP5x9Li8VCbOR2u83BwQEvLy88PT1xfHzMxcUFQgjSNCXLskDlec5sNuPx8REpJZ1Oh+fnZ4QQnJ+fc319Tb/fZ29vD601SmvNdDplsVhwe3vLaDTi6uoKgCRJGAwGNBoNXl9fMcZQcs5hjGG1WpHnObVajQ3VahWtNcYYjDE451Cb+7z3JElCkiScnZ0hpaTX67G7u0u328V7/y+oVqsIITg8PKTT6dBqtRgOhzjnaLVa3N3dcX9/z3K5JI5jxOXlpSuKQqRpirWWh4eH//Plcpn9/X2cc2xvb1MqlQqllBpYa0/jOGYymdBsNsmyDOccURRRFAX1eh2lFGEY/lZBEHyx1v703n8KgkBEUYSUEu/9RkIIUQRB0A/D8NtflUT+nn4OS+0AAAAASUVORK5CYII=) " "}
.pending.label th:first-child:before, .pending.label td:first-child:before {content:url(data:image/png;base64,iVBORw0KGgoAAAANSUhEUgAAAAwAAAAMCAYAAABWdVznAAAAGXRFWHRTb2Z0d2FyZQBBZG9iZSBJbWFnZVJlYWR5ccllPAAAA2ZpVFh0WE1MOmNvbS5hZG9iZS54bXAAAAAAADw/eHBhY2tldCBiZWdpbj0i77u/IiBpZD0iVzVNME1wQ2VoaUh6cmVTek5UY3prYzlkIj8+IDx4OnhtcG1ldGEgeG1sbnM6eD0iYWRvYmU6bnM6bWV0YS8iIHg6eG1wdGs9IkFkb2JlIFhNUCBDb3JlIDUuMy1jMDExIDY2LjE0NTY2MSwgMjAxMi8wMi8wNi0xNDo1NjoyNyAgICAgICAgIj4gPHJkZjpSREYgeG1sbnM6cmRmPSJodHRwOi8vd3d3LnczLm9yZy8xOTk5LzAyLzIyLXJkZi1zeW50YXgtbnMjIj4gPHJkZjpEZXNjcmlwdGlvbiByZGY6YWJvdXQ9IiIgeG1sbnM6eG1wTU09Imh0dHA6Ly9ucy5hZG9iZS5jb20veGFwLzEuMC9tbS8iIHhtbG5zOnN0UmVmPSJodHRwOi8vbnMuYWRvYmUuY29tL3hhcC8xLjAvc1R5cGUvUmVzb3VyY2VSZWYjIiB4bWxuczp4bXA9Imh0dHA6Ly9ucy5hZG9iZS5jb20veGFwLzEuMC8iIHhtcE1NOk9yaWdpbmFsRG9jdW1lbnRJRD0ieG1wLmRpZDpCQjU0NjU4QjIyQTNFMTExQkI5Rjk5QkQ4RkQ5RUJFQiIgeG1wTU06RG9jdW1lbnRJRD0ieG1wLmRpZDpDODdDM0Y0QUEzRDUxMUUxQjk5N0MzQjVFRDMyQUE1MiIgeG1wTU06SW5zdGFuY2VJRD0ieG1wLmlpZDpDODdDM0Y0OUEzRDUxMUUxQjk5N0MzQjVFRDMyQUE1MiIgeG1wOkNyZWF0b3JUb29sPSJBZG9iZSBQaG90b3Nob3AgQ1M2IChXaW5kb3dzKSI+IDx4bXBNTTpEZXJpdmVkRnJvbSBzdFJlZjppbnN0YW5jZUlEPSJ4bXAuaWlkOjQ4MTZDRTNCRDVBM0UxMTFBQTI2QTBCMjZENzg1Qzg5IiBzdFJlZjpkb2N1bWVudElEPSJ4bXAuZGlkOkJCNTQ2NThCMjJBM0UxMTFCQjlGOTlCRDhGRDlFQkVCIi8+IDwvcmRmOkRlc2NyaXB0aW9uPiA8L3JkZjpSREY+IDwveDp4bXBtZXRhPiA8P3hwYWNrZXQgZW5kPSJyIj8+yj6RYgAAAPZJREFUeNp0kM8KgkAQxmc1E0Wfo3vQn5eRSDx4EUHwbTpEhx4lil7DiydBQUFXp5nAMNsGhpnd/X77za4Iw3CFiFcAWFMFDkXtKZ/UHhfUnB3HWdu2/REpAL2u631ZlicGdpZlwTAMSmBM0zS5bhgQLB5FU3AOUS4XvNn3vVKgAACCIMA0TbFpGsyyDJMkefdFUWAcx1hVFeZ5jlEUoed5qPEI7KDrOhiG8e6llNC27Zcz77FW+L6Pruv+WKtGIzfgR39umv/UHOJgAMlO/BPOXCQDD5p3r2ma8lvHNU9BcWPg0HXdhRZbOhRT8aSXVO9U/ZcAAwAsmjsSQcM0lwAAAABJRU5ErkJggg==) " ";}
.successful.label th:first-child:before, .successful.label td:first-child:before {content:url(data:image/png;base64,iVBORw0KGgoAAAANSUhEUgAAAAwAAAAMCAYAAABWdVznAAAAGXRFWHRTb2Z0d2FyZQBBZG9iZSBJbWFnZVJlYWR5ccllPAAAA2ZpVFh0WE1MOmNvbS5hZG9iZS54bXAAAAAAADw/eHBhY2tldCBiZWdpbj0i77u/IiBpZD0iVzVNME1wQ2VoaUh6cmVTek5UY3prYzlkIj8+IDx4OnhtcG1ldGEgeG1sbnM6eD0iYWRvYmU6bnM6bWV0YS8iIHg6eG1wdGs9IkFkb2JlIFhNUCBDb3JlIDUuMy1jMDExIDY2LjE0NTY2MSwgMjAxMi8wMi8wNi0xNDo1NjoyNyAgICAgICAgIj4gPHJkZjpSREYgeG1sbnM6cmRmPSJodHRwOi8vd3d3LnczLm9yZy8xOTk5LzAyLzIyLXJkZi1zeW50YXgtbnMjIj4gPHJkZjpEZXNjcmlwdGlvbiByZGY6YWJvdXQ9IiIgeG1sbnM6eG1wTU09Imh0dHA6Ly9ucy5hZG9iZS5jb20veGFwLzEuMC9tbS8iIHhtbG5zOnN0UmVmPSJodHRwOi8vbnMuYWRvYmUuY29tL3hhcC8xLjAvc1R5cGUvUmVzb3VyY2VSZWYjIiB4bWxuczp4bXA9Imh0dHA6Ly9ucy5hZG9iZS5jb20veGFwLzEuMC8iIHhtcE1NOk9yaWdpbmFsRG9jdW1lbnRJRD0ieG1wLmRpZDpCQjU0NjU4QjIyQTNFMTExQkI5Rjk5QkQ4RkQ5RUJFQiIgeG1wTU06RG9jdW1lbnRJRD0ieG1wLmRpZDpEMDVBNThBQUEzRDUxMUUxQjdCQkM2QUNBMTNBMDExNiIgeG1wTU06SW5zdGFuY2VJRD0ieG1wLmlpZDpEMDVBNThBOUEzRDUxMUUxQjdCQkM2QUNBMTNBMDExNiIgeG1wOkNyZWF0b3JUb29sPSJBZG9iZSBQaG90b3Nob3AgQ1M2IChXaW5kb3dzKSI+IDx4bXBNTTpEZXJpdmVkRnJvbSBzdFJlZjppbnN0YW5jZUlEPSJ4bXAuaWlkOjQ4MTZDRTNCRDVBM0UxMTFBQTI2QTBCMjZENzg1Qzg5IiBzdFJlZjpkb2N1bWVudElEPSJ4bXAuZGlkOkJCNTQ2NThCMjJBM0UxMTFCQjlGOTlCRDhGRDlFQkVCIi8+IDwvcmRmOkRlc2NyaXB0aW9uPiA8L3JkZjpSREY+IDwveDp4bXBtZXRhPiA8P3hwYWNrZXQgZW5kPSJyIj8+xJ3YrgAAAYBJREFUeNpsUrtKA1EQPZtdY4gEQiD4QCsLEVGX4CP4AykEq1hYiGghCDZ+gBZWVtrZ+EAjaGOhfoAkNiaKhYWICilMEQNqoYjZ5O4d5+6ucQuLM3funDNzD7OrLe229YBwSKAEnyAP/pyIbL5fcz5rcNiLtuqJSEz3ickn5ruE/vFmJ9/LYjvAldGWqA7bJkgPtoAHQrS5G6NdiwhFWCoxHOCgKUL+iurkCBVawyamE8d4qmSZ51clBZUlh+RG14JzEsJNcaTNLVwWd1B6vXXqkmGoYNeVUPnW3JNr4+YarPoncvebEAKNekAlokaY6N/A1NA+SBgY6Eijtz2Fs5sVWNWawysorWNJsO+q9QWzaxLTYwfojA3isZzDfSnrWvTsNiyp7pOrZURC7ejrTDEpcVpY9ab+NSioLZEiapZA5nwBxZcC8g9HeK7ccYM7TDnwmoU2vx6/NIJaUjc0b0u8YvJNle5HdJvlhbI0Y31ThqsjTGr0/+8hOOQ5nfsRYACtHiy+FDd82wAAAABJRU5ErkJggg==) " "}
/*.successful.label a:before {content:url(data:image/png;base64,iVBORw0KGgoAAAANSUhEUgAAAAwAAAAMCAYAAABWdVznAAAAGXRFWHRTb2Z0d2FyZQBBZG9iZSBJbWFnZVJlYWR5ccllPAAAA2ZpVFh0WE1MOmNvbS5hZG9iZS54bXAAAAAAADw/eHBhY2tldCBiZWdpbj0i77u/IiBpZD0iVzVNME1wQ2VoaUh6cmVTek5UY3prYzlkIj8+IDx4OnhtcG1ldGEgeG1sbnM6eD0iYWRvYmU6bnM6bWV0YS8iIHg6eG1wdGs9IkFkb2JlIFhNUCBDb3JlIDUuMy1jMDExIDY2LjE0NTY2MSwgMjAxMi8wMi8wNi0xNDo1NjoyNyAgICAgICAgIj4gPHJkZjpSREYgeG1sbnM6cmRmPSJodHRwOi8vd3d3LnczLm9yZy8xOTk5LzAyLzIyLXJkZi1zeW50YXgtbnMjIj4gPHJkZjpEZXNjcmlwdGlvbiByZGY6YWJvdXQ9IiIgeG1sbnM6eG1wTU09Imh0dHA6Ly9ucy5hZG9iZS5jb20veGFwLzEuMC9tbS8iIHhtbG5zOnN0UmVmPSJodHRwOi8vbnMuYWRvYmUuY29tL3hhcC8xLjAvc1R5cGUvUmVzb3VyY2VSZWYjIiB4bWxuczp4bXA9Imh0dHA6Ly9ucy5hZG9iZS5jb20veGFwLzEuMC8iIHhtcE1NOk9yaWdpbmFsRG9jdW1lbnRJRD0ieG1wLmRpZDpCQjU0NjU4QjIyQTNFMTExQkI5Rjk5QkQ4RkQ5RUJFQiIgeG1wTU06RG9jdW1lbnRJRD0ieG1wLmRpZDpEMDVBNThBQUEzRDUxMUUxQjdCQkM2QUNBMTNBMDExNiIgeG1wTU06SW5zdGFuY2VJRD0ieG1wLmlpZDpEMDVBNThBOUEzRDUxMUUxQjdCQkM2QUNBMTNBMDExNiIgeG1wOkNyZWF0b3JUb29sPSJBZG9iZSBQaG90b3Nob3AgQ1M2IChXaW5kb3dzKSI+IDx4bXBNTTpEZXJpdmVkRnJvbSBzdFJlZjppbnN0YW5jZUlEPSJ4bXAuaWlkOjQ4MTZDRTNCRDVBM0UxMTFBQTI2QTBCMjZENzg1Qzg5IiBzdFJlZjpkb2N1bWVudElEPSJ4bXAuZGlkOkJCNTQ2NThCMjJBM0UxMTFCQjlGOTlCRDhGRDlFQkVCIi8+IDwvcmRmOkRlc2NyaXB0aW9uPiA8L3JkZjpSREY+IDwveDp4bXBtZXRhPiA8P3hwYWNrZXQgZW5kPSJyIj8+xJ3YrgAAAYBJREFUeNpsUrtKA1EQPZtdY4gEQiD4QCsLEVGX4CP4AykEq1hYiGghCDZ+gBZWVtrZ+EAjaGOhfoAkNiaKhYWICilMEQNqoYjZ5O4d5+6ucQuLM3funDNzD7OrLe229YBwSKAEnyAP/pyIbL5fcz5rcNiLtuqJSEz3ickn5ruE/vFmJ9/LYjvAldGWqA7bJkgPtoAHQrS5G6NdiwhFWCoxHOCgKUL+iurkCBVawyamE8d4qmSZ51clBZUlh+RG14JzEsJNcaTNLVwWd1B6vXXqkmGoYNeVUPnW3JNr4+YarPoncvebEAKNekAlokaY6N/A1NA+SBgY6Eijtz2Fs5sVWNWawysorWNJsO+q9QWzaxLTYwfojA3isZzDfSnrWvTsNiyp7pOrZURC7ejrTDEpcVpY9ab+NSioLZEiapZA5nwBxZcC8g9HeK7ccYM7TDnwmoU2vx6/NIJaUjc0b0u8YvJNle5HdJvlhbI0Y31ThqsjTGr0/+8hOOQ5nfsRYACtHiy+FDd82wAAAABJRU5ErkJggg==) " "}*/

.xspecResult { width: 90%; table-layout: fixed; }

.xspecResult td,
.xspecResult th { width: 50%; }

/*.xspecResult pre { 
  margin-left: 0; 
  padding: 0.5em; 
  overflow: auto; 
  border: 1px #999 dotted;
}*/

span.scenario-totals {float: right; width: 14.5%; text-align: left}

/* OXYGEN */
span.scenario-totals {float: right; width: 34.5%; text-align: right}

h2.failed {
    background-color: #FCC;
}

h1, h2 {
    width: 86%;
    margin-left: 3%;
    
    font-size:1.4em;
    font-weight:bold;
    text-align:left;
    margin-top:1.4em;
    margin-bottom:0.7em;
    color:#333333;
    background-color:inherit;
}

h1 {
    font-size:1.7em;
}

body &gt; h1:first-child:before {
    content:"XSLT UNIT ";
}

body &gt; h2:first-of-type {
    font-size:1.7em;
}

div &gt; table &gt; tbody &gt; tr &gt; th:first-child {
    font-weight:bold;
}

div &gt; h3 {
    font-weight:bold;
    margin-left: 3%;
}

div &gt; h4 {
    font-weight:normal;
    margin-left: 4%;
}

th.result { text-align: center; }
/* OXYGEN */


/* ------------------------------------------------------------------------ */
/*  DO NOT ALTER OR REMOVE COPYRIGHT NOTICES OR THIS COMMENT.               */
/*                                                                          */
/*  Copyright (c) 2008, 2010 Jeni Tennsion                                  */
/*                                                                          */
/*  The contents of this file are subject to the MIT License (see the URI   */
/*  http://www.opensource.org/licenses/mit-license.php for details).        */
/*                                                                          */
/*  Permission is hereby granted, free of charge, to any person obtaining   */
/*  a copy of this software and associated documentation files (the         */
/*  "Software"), to deal in the Software without restriction, including     */
/*  without limitation the rights to use, copy, modify, merge, publish,     */
/*  distribute, sublicense, and/or sell copies of the Software, and to      */
/*  permit persons to whom the Software is furnished to do so, subject to   */
/*  the following conditions:                                               */
/*                                                                          */
/*  The above copyright notice and this permission notice shall be          */
/*  included in all copies or substantial portions of the Software.         */
/*                                                                          */
/*  THE SOFTWARE IS PROVIDED "AS IS", WITHOUT WARRANTY OF ANY KIND,         */
/*  EXPRESS OR IMPLIED, INCLUDING BUT NOT LIMITED TO THE WARRANTIES OF      */
/*  MERCHANTABILITY, FITNESS FOR A PARTICULAR PURPOSE AND NONINFRINGEMENT.  */
/*  IN NO EVENT SHALL THE AUTHORS OR COPYRIGHT HOLDERS BE LIABLE FOR ANY    */
/*  CLAIM, DAMAGES OR OTHER LIABILITY, WHETHER IN AN ACTION OF CONTRACT,    */
/*  TORT OR OTHERWISE, ARISING FROM, OUT OF OR IN CONNECTION WITH THE       */
/*  SOFTWARE OR THE USE OR OTHER DEALINGS IN THE SOFTWARE.                  */
/* ------------------------------------------------------------------------ */

.nobr { white-space: nowrap; }
.scenario-label { text-indent: 0px; }
.context-label { text-indent: 10px; }
.test-label { text-indent: 20px; }
.pending-label { text-indent: 30px; }


        /**/</style>
    </head><body><h1>Test Report</h1><p>Script: <a>file:/home/jostein/xprocspec/src/test/xprocspec/tests/input-2.xprocspec</a></p><p>Tested: 2013-08-22T16:03:07.441+02:00</p><h2>Contents</h2><table><col/><col/><col/><col/><col/><col/><thead><tr><th/><th>passed:2</th><th>pending:0</th><th>failed:0</th><th>errors:0</th><th>total:2</th></tr></thead><tbody><tr><th><a>ex:identity</a></th><th>2</th><th>0</th><th>0</th><th>0</th><th>2</th></tr></tbody></table><div><h2>Calling: <a>ex:identity</a><span>passed:2 / pending:0 / failed:0 / errors:0 / total:2</span></h2><table><col/><col/><tbody><tr><th>identity</th><th>passed:2 / pending:0 / failed:0 / errors:0 / total:2</th></tr><tr><th>the input</th><th>passed:1 / pending:0 / failed:0 / errors:0 / total:1</th></tr><tr><td>there must be two documents on the input port</td><td>Success</td></tr><tr><th>the output</th><th>passed:1 / pending:0 / failed:0 / errors:0 / total:1</th></tr><tr><td>there must be two documents on the output port</td><td>Success</td></tr></tbody></table></div><link/><script> </script><script>hljs.initHighlightingOnLoad();</script></body></html></x:document></x:output><x:output port="junit"><x:document xml:base="file:/home/jostein/xprocspec/src/main/resources/content/xml/xproc/report/report.xpl" type="inline"><testsuites><testsuite>
<properties><property/>

<property/>

</properties>
<testcase><system-out>there must be two documents on the input port: SUCCESS</system-out>
<system-err/></testcase><testcase><system-out>there must be two documents on the output port: SUCCESS</system-out>
<system-err/></testcase></testsuite></testsuites></x:document></x:output><x:test-result contextref="context10" result="passed" test="not(/*/@tests='0') and /*/@failures='0' and /*/@errors='0'" label="all tests should succeed" type="xpath">
                                                        <x:expected>not(/*/@tests='0') and /*/@failures='0' and /*/@errors='0'</x:expected>
                                                    </x:test-result></x:description><x:description xmlns:cx="http://xmlcalabash.com/ns/extensions" xmlns:c="http://www.w3.org/ns/xproc-step" xml:base="file:/home/jostein/xprocspec/src/test/xprocspec/test.xprocspec" test-base-uri="file:/home/jostein/xprocspec/src/test/xprocspec/test.xprocspec" script="file:/home/jostein/xprocspec/src/main/resources/content/xml/xproc/xprocspec.xpl" test-grammar="xprocspec" temp-dir="file:/tmp/xprocspec-20130822160259495/"><x:step-declaration><p:declare-step xmlns:p="http://www.w3.org/ns/xproc" xmlns:px="http://www.daisy.org/ns/xprocspec" xmlns:pxi="http://www.daisy.org/ns/xprocspec/xproc-internal/" xmlns:pkg="http://expath.org/ns/pkg" type="px:xprocspec" name="main" version="1.0" xpath-version="2.0" pkg:import-uri="http://www.daisy.org/ns/xprocspec/xprocspec.xpl" x:type="{http://www.daisy.org/ns/xprocspec}xprocspec"><p:input port="source" kind="document" sequence="false" primary="true"/><p:output port="result" kind="document" sequence="false" primary="false"><p:pipe port="result" step="report"/></p:output><p:output port="html" kind="document" sequence="false" primary="false"><p:pipe port="html" step="report"/></p:output><p:output port="junit" kind="document" sequence="false" primary="false"><p:pipe port="junit" step="report"/></p:output><p:option name="temp-dir" select="'file:/tmp/'"/></p:declare-step></x:step-declaration><x:scenario end-time="2013-08-22T14:03:07.686Z" pending="Not implemented" label="the option element" start-time="2013-08-22T14:03:07.685Z"><x:call x:type="{http://www.daisy.org/ns/xprocspec}xprocspec" step="x:xprocspec"><x:option select="$temp-dir" name="temp-dir" value=""/><x:input port="source">
                
            </x:input></x:call><x:context label="the result document" pending="Not implemented" id="context11">
            
        </x:context><x:expect type="xpath" label="base-uri(.) should be either the xprocspec document or the test directory depending on the base-uri attribute" test="false()" pending="Not implemented" contextref="context11"/><x:expect type="xpath" label="base-uri(/*) should be either the xprocspec document or the test directory depending on the base-uri attribute" test="false()" pending="Not implemented" contextref="context11"/><x:expect type="xpath" label="the context document (/) should be the xprocspec document" test="false()" pending="Not implemented" contextref="context11"/><x:expect type="xpath" label="the context element (.) should be the x:option element" test="false()" pending="Not implemented" contextref="context11"/></x:scenario>
                                                    <x:test-result contextref="context11" result="skipped" pending="Not implemented" test="false()" label="base-uri(.) should be either the xprocspec document or the test directory depending on the base-uri attribute" type="xpath"/>
                                                
                                                    <x:test-result contextref="context11" result="skipped" pending="Not implemented" test="false()" label="base-uri(/*) should be either the xprocspec document or the test directory depending on the base-uri attribute" type="xpath"/>
                                                
                                                    <x:test-result contextref="context11" result="skipped" pending="Not implemented" test="false()" label="the context document (/) should be the xprocspec document" type="xpath"/>
                                                
                                                    <x:test-result contextref="context11" result="skipped" pending="Not implemented" test="false()" label="the context element (.) should be the x:option element" type="xpath"/>
                                                </x:description><x:description xmlns:cx="http://xmlcalabash.com/ns/extensions" xmlns:c="http://www.w3.org/ns/xproc-step" xml:base="file:/home/jostein/xprocspec/src/test/xprocspec/test.xprocspec" test-base-uri="file:/home/jostein/xprocspec/src/test/xprocspec/test.xprocspec" script="file:/home/jostein/xprocspec/src/main/resources/content/xml/xproc/xprocspec.xpl" test-grammar="xprocspec" temp-dir="file:/tmp/xprocspec-20130822160259495/"><x:step-declaration><p:declare-step xmlns:p="http://www.w3.org/ns/xproc" xmlns:px="http://www.daisy.org/ns/xprocspec" xmlns:pxi="http://www.daisy.org/ns/xprocspec/xproc-internal/" xmlns:pkg="http://expath.org/ns/pkg" type="px:xprocspec" name="main" version="1.0" xpath-version="2.0" pkg:import-uri="http://www.daisy.org/ns/xprocspec/xprocspec.xpl" x:type="{http://www.daisy.org/ns/xprocspec}xprocspec"><p:input port="source" kind="document" sequence="false" primary="true"/><p:output port="result" kind="document" sequence="false" primary="false"><p:pipe port="result" step="report"/></p:output><p:output port="html" kind="document" sequence="false" primary="false"><p:pipe port="html" step="report"/></p:output><p:output port="junit" kind="document" sequence="false" primary="false"><p:pipe port="junit" step="report"/></p:output><p:option name="temp-dir" select="'file:/tmp/'"/></p:declare-step></x:step-declaration><x:scenario end-time="2013-08-22T14:03:07.902Z" pending="Not implemented" label="the param element" start-time="2013-08-22T14:03:07.901Z"><x:call x:type="{http://www.daisy.org/ns/xprocspec}xprocspec" step="x:xprocspec"><x:option select="$temp-dir" name="temp-dir" value=""/><x:input port="source">
                
            </x:input></x:call><x:context label="the result document" pending="Not implemented" id="context12">
            
        </x:context><x:expect type="xpath" label="base-uri(.) should be either the xprocspec document or the test directory depending on the base-uri attribute" test="false()" pending="Not implemented" contextref="context12"/><x:expect type="xpath" label="base-uri(/*) should be either the xprocspec document or the test directory depending on the base-uri attribute" test="false()" pending="Not implemented" contextref="context12"/><x:expect type="xpath" label="the context document (/) should be the xprocspec document" test="false()" pending="Not implemented" contextref="context12"/><x:expect type="xpath" label="the context element (.) should be the x:option element" test="false()" pending="Not implemented" contextref="context12"/><x:expect type="xpath" label="test that x:document with port='name of primary or secondary parameter port' returns a single c:param-set" test="false()" pending="Not implemented" contextref="context12"/></x:scenario>
                                                    <x:test-result contextref="context12" result="skipped" pending="Not implemented" test="false()" label="base-uri(.) should be either the xprocspec document or the test directory depending on the base-uri attribute" type="xpath"/>
                                                
                                                    <x:test-result contextref="context12" result="skipped" pending="Not implemented" test="false()" label="base-uri(/*) should be either the xprocspec document or the test directory depending on the base-uri attribute" type="xpath"/>
                                                
                                                    <x:test-result contextref="context12" result="skipped" pending="Not implemented" test="false()" label="the context document (/) should be the xprocspec document" type="xpath"/>
                                                
                                                    <x:test-result contextref="context12" result="skipped" pending="Not implemented" test="false()" label="the context element (.) should be the x:option element" type="xpath"/>
                                                
                                                    <x:test-result contextref="context12" result="skipped" pending="Not implemented" test="false()" label="test that x:document with port='name of primary or secondary parameter port' returns a single c:param-set" type="xpath"/>
                                                </x:description><x:description xmlns:cx="http://xmlcalabash.com/ns/extensions" xmlns:c="http://www.w3.org/ns/xproc-step" xml:base="file:/home/jostein/xprocspec/src/test/xprocspec/test.xprocspec" test-base-uri="file:/home/jostein/xprocspec/src/test/xprocspec/test.xprocspec" script="file:/home/jostein/xprocspec/src/main/resources/content/xml/xproc/xprocspec.xpl" test-grammar="xprocspec" temp-dir="file:/tmp/xprocspec-20130822160259495/"><x:step-declaration><p:declare-step xmlns:p="http://www.w3.org/ns/xproc" xmlns:px="http://www.daisy.org/ns/xprocspec" xmlns:pxi="http://www.daisy.org/ns/xprocspec/xproc-internal/" xmlns:pkg="http://expath.org/ns/pkg" type="px:xprocspec" name="main" version="1.0" xpath-version="2.0" pkg:import-uri="http://www.daisy.org/ns/xprocspec/xprocspec.xpl" x:type="{http://www.daisy.org/ns/xprocspec}xprocspec"><p:input port="source" kind="document" sequence="false" primary="true"/><p:output port="result" kind="document" sequence="false" primary="false"><p:pipe port="result" step="report"/></p:output><p:output port="html" kind="document" sequence="false" primary="false"><p:pipe port="html" step="report"/></p:output><p:output port="junit" kind="document" sequence="false" primary="false"><p:pipe port="junit" step="report"/></p:output><p:option name="temp-dir" select="'file:/tmp/'"/></p:declare-step></x:step-declaration><x:scenario end-time="2013-08-22T14:03:08.183Z" pending="Not implemented" label="the context element" start-time="2013-08-22T14:03:08.182Z"><x:call x:type="{http://www.daisy.org/ns/xprocspec}xprocspec" step="x:xprocspec"><x:option select="$temp-dir" name="temp-dir" value=""/></x:call></x:scenario></x:description><x:description xmlns:cx="http://xmlcalabash.com/ns/extensions" xmlns:c="http://www.w3.org/ns/xproc-step" xml:base="file:/home/jostein/xprocspec/src/test/xprocspec/test.xprocspec" test-base-uri="file:/home/jostein/xprocspec/src/test/xprocspec/test.xprocspec" script="file:/home/jostein/xprocspec/src/main/resources/content/xml/xproc/xprocspec.xpl" test-grammar="xprocspec" temp-dir="file:/tmp/xprocspec-20130822160259495/"><x:step-declaration><p:declare-step xmlns:p="http://www.w3.org/ns/xproc" xmlns:px="http://www.daisy.org/ns/xprocspec" xmlns:pxi="http://www.daisy.org/ns/xprocspec/xproc-internal/" xmlns:pkg="http://expath.org/ns/pkg" type="px:xprocspec" name="main" version="1.0" xpath-version="2.0" pkg:import-uri="http://www.daisy.org/ns/xprocspec/xprocspec.xpl" x:type="{http://www.daisy.org/ns/xprocspec}xprocspec"><p:input port="source" kind="document" sequence="false" primary="true"/><p:output port="result" kind="document" sequence="false" primary="false"><p:pipe port="result" step="report"/></p:output><p:output port="html" kind="document" sequence="false" primary="false"><p:pipe port="html" step="report"/></p:output><p:output port="junit" kind="document" sequence="false" primary="false"><p:pipe port="junit" step="report"/></p:output><p:option name="temp-dir" select="'file:/tmp/'"/></p:declare-step></x:step-declaration><x:scenario end-time="2013-08-22T14:03:08.397Z" pending="Not implemented" label="the expect element" start-time="2013-08-22T14:03:08.396Z"><x:call x:type="{http://www.daisy.org/ns/xprocspec}xprocspec" step="x:xprocspec"><x:option select="$temp-dir" name="temp-dir" value=""/></x:call></x:scenario></x:description><x:description xmlns:cx="http://xmlcalabash.com/ns/extensions" xmlns:c="http://www.w3.org/ns/xproc-step" xml:base="file:/home/jostein/xprocspec/src/test/xprocspec/test.xprocspec" test-base-uri="file:/home/jostein/xprocspec/src/test/xprocspec/test.xprocspec" script="file:/home/jostein/xprocspec/src/main/resources/content/xml/xproc/xprocspec.xpl" test-grammar="xprocspec" temp-dir="file:/tmp/xprocspec-20130822160259495/"><x:step-declaration><p:declare-step xmlns:p="http://www.w3.org/ns/xproc" xmlns:px="http://www.daisy.org/ns/xprocspec" xmlns:pxi="http://www.daisy.org/ns/xprocspec/xproc-internal/" xmlns:pkg="http://expath.org/ns/pkg" type="px:xprocspec" name="main" version="1.0" xpath-version="2.0" pkg:import-uri="http://www.daisy.org/ns/xprocspec/xprocspec.xpl" x:type="{http://www.daisy.org/ns/xprocspec}xprocspec"><p:input port="source" kind="document" sequence="false" primary="true"/><p:output port="result" kind="document" sequence="false" primary="false"><p:pipe port="result" step="report"/></p:output><p:output port="html" kind="document" sequence="false" primary="false"><p:pipe port="html" step="report"/></p:output><p:output port="junit" kind="document" sequence="false" primary="false"><p:pipe port="junit" step="report"/></p:output><p:option name="temp-dir" select="'file:/tmp/'"/></p:declare-step></x:step-declaration><x:scenario end-time="2013-08-22T14:03:08.611Z" pending="Not implemented" label="the document element" start-time="2013-08-22T14:03:08.61Z"><x:call x:type="{http://www.daisy.org/ns/xprocspec}xprocspec" step="x:xprocspec"><x:option select="$temp-dir" name="temp-dir" value=""/></x:call></x:scenario></x:description><x:description xmlns:cx="http://xmlcalabash.com/ns/extensions" xmlns:c="http://www.w3.org/ns/xproc-step" xml:base="file:/home/jostein/xprocspec/src/test/xprocspec/test.xprocspec" test-base-uri="file:/home/jostein/xprocspec/src/test/xprocspec/test.xprocspec" script="file:/home/jostein/xprocspec/src/main/resources/content/xml/xproc/xprocspec.xpl" test-grammar="xprocspec" temp-dir="file:/tmp/xprocspec-20130822160259495/"><x:step-declaration><p:declare-step xmlns:p="http://www.w3.org/ns/xproc" xmlns:px="http://www.daisy.org/ns/xprocspec" xmlns:pxi="http://www.daisy.org/ns/xprocspec/xproc-internal/" xmlns:pkg="http://expath.org/ns/pkg" type="px:xprocspec" name="main" version="1.0" xpath-version="2.0" pkg:import-uri="http://www.daisy.org/ns/xprocspec/xprocspec.xpl" x:type="{http://www.daisy.org/ns/xprocspec}xprocspec"><p:input port="source" kind="document" sequence="false" primary="true"/><p:output port="result" kind="document" sequence="false" primary="false"><p:pipe port="result" step="report"/></p:output><p:output port="html" kind="document" sequence="false" primary="false"><p:pipe port="html" step="report"/></p:output><p:output port="junit" kind="document" sequence="false" primary="false"><p:pipe port="junit" step="report"/></p:output><p:option name="temp-dir" select="'file:/tmp/'"/></p:declare-step></x:step-declaration><x:scenario end-time="2013-08-22T14:03:08.823Z" pending="Not implemented" label="the pending element" start-time="2013-08-22T14:03:08.823Z"><x:call x:type="{http://www.daisy.org/ns/xprocspec}xprocspec" step="x:xprocspec"><x:option select="$temp-dir" name="temp-dir" value=""/></x:call></x:scenario></x:description></x:test-report>