<?xml version="1.0" encoding="UTF-8"?><testsuites tests="18" failures="0" time="6.793" errors="0" name="test"><testsuite timestamp="2013-07-17T16:03:36.432Z" hostname="localhost" tests="2" errors="0" failures="0" skipped="0" id="d3966e1" name="theDescriptionElement" package="http://www.daisy.org/ns/xprocspec" time="0.575">
<properties><property name="input: source" value="&lt;declare-step xmlns=&#34;http://www.w3.org/ns/xproc&#34; ...&gt;...&lt;/declare-step&gt; (Base URI: file:/home/jostein/xprocspec/src/test/xprocspec/test.xprocspec)"/>

<property name="option: temp-dir" value="file:/tmp/xprocspec-20130717180330003/"/>

</properties>
<testcase name="thereShouldBe3Tests" classname="xprocspec" assertions="1" time="0" status="SUCCESS"><system-out>there should be 3 tests: SUCCESS</system-out>
<system-err/></testcase><testcase name="oneOfTheTestsShouldBePending" classname="xprocspec" assertions="1" time="0" status="SUCCESS"><system-out>one of the tests should be pending: SUCCESS</system-out>
<system-err/></testcase></testsuite><testsuite timestamp="2013-07-17T16:03:36.45Z" hostname="localhost" tests="1" errors="0" failures="0" skipped="1" id="d3978e1" name="theImportElementTwoImports" time="0.001">
<properties>


</properties>
<testcase name="pendingScenario-theImportElementTwoImports" classname="pendingScenario" assertions="1" time="0"><skipped type="xprocspec.skip" message="Not implemented">Not implemented</skipped><system-out>the import element - two imports: SKIPPED</system-out></testcase></testsuite><testsuite timestamp="2013-07-17T16:03:36.463Z" hostname="localhost" tests="1" errors="0" failures="0" skipped="1" id="d3981e1" name="theImportElementOneImportWithOneImport" time="0.001">
<properties>


</properties>
<testcase name="pendingScenario-theImportElementOneImportWithOneImport" classname="pendingScenario" assertions="1" time="0"><skipped type="xprocspec.skip" message="Not implemented">Not implemented</skipped><system-out>the import element - one import with one import: SKIPPED</system-out></testcase></testsuite><testsuite timestamp="2013-07-17T16:03:36.476Z" hostname="localhost" tests="1" errors="0" failures="0" skipped="1" id="d3984e1" name="theImportElementCircularImports" time="0.001">
<properties>


</properties>
<testcase name="pendingScenario-theImportElementCircularImports" classname="pendingScenario" assertions="1" time="0"><skipped type="xprocspec.skip" message="Not implemented">Not implemented</skipped><system-out>the import element - circular imports: SKIPPED</system-out></testcase></testsuite><testsuite timestamp="2013-07-17T16:03:36.489Z" hostname="localhost" tests="1" errors="0" failures="0" skipped="1" id="d3987e1" name="theScenarioElementWithPendingAttribute" time="0.001">
<properties>


</properties>
<testcase name="pendingScenario-theScenarioElementWithPendingAttribute" classname="pendingScenario" assertions="1" time="0"><skipped type="xprocspec.skip" message="Not implemented">Not implemented</skipped><system-out>the scenario element - with pending attribute: SKIPPED</system-out></testcase></testsuite><testsuite timestamp="2013-07-17T16:03:36.504Z" hostname="localhost" tests="1" errors="0" failures="0" skipped="1" id="d3990e1" name="theScenarioElementWithTwoChildScenariosOneOfWhichHasAnotherChildScenario" time="0.002">
<properties>


</properties>
<testcase name="pendingScenario-theScenarioElementWithTwoChildScenariosOneOfWhichHasAnotherChildScenario" classname="pendingScenario" assertions="1" time="0"><skipped type="xprocspec.skip" message="Not implemented">Not implemented</skipped><system-out>the scenario element - with two child scenarios, one of which has another child scenario: SKIPPED</system-out></testcase></testsuite><testsuite timestamp="2013-07-17T16:03:36.517Z" hostname="localhost" tests="1" errors="0" failures="0" skipped="1" id="d3993e1" name="theCallElementInheritFromCallElementsInAncestorScenarios" time="0.002">
<properties>


</properties>
<testcase name="pendingScenario-theCallElementInheritFromCallElementsInAncestorScenarios" classname="pendingScenario" assertions="1" time="0"><skipped type="xprocspec.skip" message="Not implemented">Not implemented</skipped><system-out>the call element - inherit from call elements in ancestor scenarios: SKIPPED</system-out></testcase></testsuite><testsuite timestamp="2013-07-17T16:03:36.534Z" hostname="localhost" tests="1" errors="0" failures="0" skipped="1" id="d3996e1" name="theCallElementStepAttributePointingToStepDeclaredInXProcLibrary" time="0.001">
<properties>


</properties>
<testcase name="pendingScenario-theCallElementStepAttributePointingToStepDeclaredInXProcLibrary" classname="pendingScenario" assertions="1" time="0"><skipped type="xprocspec.skip" message="Not implemented">Not implemented</skipped><system-out>the call element - step attribute pointing to step declared in XProc library: SKIPPED</system-out></testcase></testsuite><testsuite timestamp="2013-07-17T16:03:36.549Z" hostname="localhost" tests="1" errors="0" failures="0" skipped="1" id="d3999e1" name="theCallElementTwoDifferentScenariosTestingDifferentSteps" time="0.001">
<properties>


</properties>
<testcase name="pendingScenario-theCallElementTwoDifferentScenariosTestingDifferentSteps" classname="pendingScenario" assertions="1" time="0"><skipped type="xprocspec.skip" message="Not implemented">Not implemented</skipped><system-out>the call element - two different scenarios testing different steps: SKIPPED</system-out></testcase></testsuite><testsuite timestamp="2013-07-17T16:03:36.564Z" hostname="localhost" tests="1" errors="0" failures="0" skipped="1" id="d4002e1" name="theInputElementEmptySequence" time="0.001">
<properties>


</properties>
<testcase name="pendingScenario-theInputElementEmptySequence" classname="pendingScenario" assertions="1" time="0"><skipped type="xprocspec.skip" message="Not implemented">Not implemented</skipped><system-out>the input element - empty sequence: SKIPPED</system-out></testcase></testsuite><testsuite timestamp="2013-07-17T16:03:36.575Z" hostname="localhost" tests="1" errors="0" failures="0" skipped="1" id="d4005e1" name="theInputElementSequenceOfTwoDocuments" time="0.001">
<properties>


</properties>
<testcase name="pendingScenario-theInputElementSequenceOfTwoDocuments" classname="pendingScenario" assertions="1" time="0"><skipped type="xprocspec.skip" message="Not implemented">Not implemented</skipped><system-out>the input element - sequence of two documents: SKIPPED</system-out></testcase></testsuite><testsuite timestamp="2013-07-17T16:03:36.587Z" hostname="localhost" tests="1" errors="0" failures="0" skipped="1" id="d4008e1" name="theOptionElement" time="0.001">
<properties>


</properties>
<testcase name="pendingScenario-theOptionElement" classname="pendingScenario" assertions="1" time="0"><skipped type="xprocspec.skip" message="Not implemented">Not implemented</skipped><system-out>the option element: SKIPPED</system-out></testcase></testsuite><testsuite timestamp="2013-07-17T16:03:36.6Z" hostname="localhost" tests="1" errors="0" failures="0" skipped="1" id="d4019e1" name="theParamElement" time="0.001">
<properties>


</properties>
<testcase name="pendingScenario-theParamElement" classname="pendingScenario" assertions="1" time="0"><skipped type="xprocspec.skip" message="Not implemented">Not implemented</skipped><system-out>the param element: SKIPPED</system-out></testcase></testsuite><testsuite timestamp="2013-07-17T16:03:36.61Z" hostname="localhost" tests="1" errors="0" failures="0" skipped="1" id="d4032e1" name="theContextElement" time="0.001">
<properties>


</properties>
<testcase name="pendingScenario-theContextElement" classname="pendingScenario" assertions="1" time="0"><skipped type="xprocspec.skip" message="Not implemented">Not implemented</skipped><system-out>the context element: SKIPPED</system-out></testcase></testsuite><testsuite timestamp="2013-07-17T16:03:36.619Z" hostname="localhost" tests="1" errors="0" failures="0" skipped="1" id="d4035e1" name="theExpectElement" time="0.001">
<properties>


</properties>
<testcase name="pendingScenario-theExpectElement" classname="pendingScenario" assertions="1" time="0"><skipped type="xprocspec.skip" message="Not implemented">Not implemented</skipped><system-out>the expect element: SKIPPED</system-out></testcase></testsuite><testsuite timestamp="2013-07-17T16:03:36.629Z" hostname="localhost" tests="1" errors="0" failures="0" skipped="1" id="d4038e1" name="theDocumentElement" time="0.002">
<properties>


</properties>
<testcase name="pendingScenario-theDocumentElement" classname="pendingScenario" assertions="1" time="0"><skipped type="xprocspec.skip" message="Not implemented">Not implemented</skipped><system-out>the document element: SKIPPED</system-out></testcase></testsuite><testsuite timestamp="2013-07-17T16:03:36.642Z" hostname="localhost" tests="1" errors="0" failures="0" skipped="1" id="d4041e1" name="thePendingElement" time="0.002">
<properties>


</properties>
<testcase name="pendingScenario-thePendingElement" classname="pendingScenario" assertions="1" time="0"><skipped type="xprocspec.skip" message="Not implemented">Not implemented</skipped><system-out>the pending element: SKIPPED</system-out></testcase></testsuite></testsuites>