<x:test-report xmlns:x="http://www.daisy.org/ns/xprocspec"><x:description xmlns:cx="http://xmlcalabash.com/ns/extensions" xmlns:c="http://www.w3.org/ns/xproc-step" xml:base="file:/home/jostein/xprocspec/src/test/xprocspec/test.xprocspec" test-base-uri="file:/home/jostein/xprocspec/src/test/xprocspec/test.xprocspec" script="file:/home/jostein/xprocspec/src/main/resources/content/xml/xproc/xprocspec.xpl" test-grammar="xprocspec" temp-dir="file:/tmp/xprocspec-20130902141648008/"><x:step-declaration><p:declare-step xmlns:p="http://www.w3.org/ns/xproc" xmlns:px="http://www.daisy.org/ns/xprocspec" xmlns:pxi="http://www.daisy.org/ns/xprocspec/xproc-internal/" xmlns:pkg="http://expath.org/ns/pkg" type="px:xprocspec" name="main" version="1.0" xpath-version="2.0" pkg:import-uri="http://www.daisy.org/ns/xprocspec/xprocspec.xpl" x:type="{http://www.daisy.org/ns/xprocspec}xprocspec"><p:input port="source" kind="document" sequence="false" primary="true"/><p:output port="result" kind="document" sequence="false" primary="false"><p:pipe port="result" step="report"/></p:output><p:output port="html" kind="document" sequence="false" primary="false"><p:pipe port="html" step="report"/></p:output><p:output port="junit" kind="document" sequence="false" primary="false"><p:pipe port="junit" step="report"/></p:output><p:option name="temp-dir" select="'file:/tmp/'"/></p:declare-step></x:step-declaration><x:scenario end-time="2013-09-02T12:16:49.972Z" label="the description element" start-time="2013-09-02T12:16:49.246Z"><x:call x:type="{http://www.daisy.org/ns/xprocspec}xprocspec" step="x:xprocspec"><x:option select="$temp-dir" name="temp-dir" value="file:/tmp/xprocspec-20130902141648008/"/><x:input port="source">
                <x:document xml:base="file:/home/jostein/xprocspec/src/test/xprocspec/test.xprocspec" type="inline"><?xml-model href="http://www.daisy.org/ns/xprocspec/xprocspec.rng" type="application/xml" schematypens="http://relaxng.org/ns/structure/1.0"?><x:description xmlns:e="http://example.net/ns" script="../steps/identity.xpl">

    <x:scenario label="identity">
        <x:call step="e:identity">
            <x:option name="option" select="'option-value'"/>
            <x:option name="option.required" select="'option.required-value'"/>
        </x:call>
        <x:context label="the results">
            <x:document type="port" port="options"/>
        </x:context>
        <x:expect type="xpath" label="the option 'option' should have the value 'option-value'" test="/*/*[@name='option']/@value='option-value'"/>
        <x:expect type="xpath" label="the option 'option.required' should have the value 'option-value'" test="/*/*[@name='option.required']/@value='option.required-value'"/>
    </x:scenario>

    <x:scenario label="pending scenario" pending=""/>

</x:description></x:document>
            </x:input></x:call>
                                                <x:context label="errors" id="errors">
                                                    
                                                </x:context>
                                            
                                                <x:expect type="count" label="the step should execute successfully without throwing any errors" max="0" contextref="errors"/>
                                            <x:context label="the junit output port" id="context0">
            <x:document xml:base="file:/home/jostein/xprocspec/src/main/resources/content/xml/xproc/report/report.xpl" type="inline"><testsuites tests="4" failures="0" time="0.608" errors="0" name="description1"><testsuite timestamp="2013-09-02T12:16:49.871Z" hostname="localhost" tests="3" errors="0" failures="0" skipped="0" id="d4213e1" name="identity" package="http://example.net/ns" time="0.009">
<properties>

<property name="option: option" value="option-value"/>
<property name="option: option.required" value="option.required-value"/>

</properties>
<testcase name="theStepShouldExecuteSuccessfullyWithoutThrowingAnyErrors" classname="identity" assertions="1" time="0" status="SUCCESS"><system-out>the step should execute successfully without throwing any errors: SUCCESS</system-out>
<system-err/></testcase><testcase name="theOptionOptionShouldHaveTheValueOptionvalue" classname="identity" assertions="1" time="0" status="SUCCESS"><system-out>the option 'option' should have the value 'option-value': SUCCESS</system-out>
<system-err/></testcase><testcase name="theOptionOptionRequiredShouldHaveTheValueOptionvalue" classname="identity" assertions="1" time="0" status="SUCCESS"><system-out>the option 'option.required' should have the value 'option-value': SUCCESS</system-out>
<system-err/></testcase></testsuite><testsuite timestamp="2013-09-02T12:16:49.88Z" hostname="localhost" tests="1" errors="0" failures="0" skipped="1" id="d4223e1" name="pendingScenario" time="0.001">
<properties>


</properties>
<testcase name="pendingScenario-pendingScenario" classname="pendingScenario" assertions="1" time="0"><skipped type="xprocspec.skip" message="Not implemented">Not implemented</skipped><system-out>pending scenario: SKIPPED</system-out></testcase></testsuite></testsuites></x:document>
        </x:context><x:expect label="there should be at least one test, and none of the tests should fail" type="xpath" test="not(/*/@tests='0') and /*/@failures='0' and /*/@errors='0'" contextref="context0"/><x:expect label="one of the tests should be pending" type="xpath" test="sum(/*/testsuite/number(@skipped))=1" contextref="context0"/></x:scenario><x:output port="result"><x:document xml:base="file:/home/jostein/xprocspec/src/main/resources/content/xml/xproc/report/report.xpl" type="inline"><x:test-report><x:description><x:step-declaration><p:declare-step xmlns:p="http://www.w3.org/ns/xproc" xmlns:ex="http://example.net/ns"><p:input><p:inline>
            <source.document.primary.default/>
        </p:inline></p:input><p:input><p:inline>
            <source.document.secondary.sequence/>
        </p:inline></p:input><p:input><p:inline>
            <default>
                <default/>
                <default/>
            </default>
        </p:inline></p:input><p:input/><p:output><p:pipe/></p:output><p:output><p:pipe/></p:output><p:output><p:pipe/></p:output><p:output><p:pipe/></p:output><p:output><p:pipe/></p:output><p:option/><p:option/><p:option/></p:declare-step></x:step-declaration><x:scenario xmlns:e="http://example.net/ns"><x:call><x:option/><x:option/></x:call>
                                                <x:context>
                                                    
                                                </x:context>
                                            
                                                <x:expect/>
                                            <x:context>
            <x:document>
                <c:options xmlns:ex="http://example.net/ns">
                    <c:option/>
                    <c:option/>
                    <c:option/>
                </c:options>
            </x:document>
        </x:context><x:expect/><x:expect/></x:scenario><x:output><x:document>
            <source.document.primary.default xmlns:ex="http://example.net/ns"/>
        </x:document></x:output><x:output><x:document>
            <source.document.secondary.sequence xmlns:ex="http://example.net/ns"/>
        </x:document></x:output><x:output><x:document><default xmlns:ex="http://example.net/ns"/></x:document><x:document><default xmlns:ex="http://example.net/ns"/></x:document></x:output><x:output><x:document><c:param-set/></x:document></x:output><x:output><x:document>
                <c:options xmlns:ex="http://example.net/ns">
                    <c:option/>
                    <c:option/>
                    <c:option/>
                </c:options>
            </x:document></x:output><x:test-result>
                                                        <x:expected>At most 0 documents.</x:expected>
                                                    <x:was>0</x:was></x:test-result><x:test-result>
                                                        <x:expected>XPath: true()
Value: </x:expected>
                                                    
                                                        <x:was>XPath: /*/*[@name='option']/@value='option-value'
Value: </x:was>
                                                    </x:test-result><x:test-result>
                                                        <x:expected>XPath: true()
Value: </x:expected>
                                                    
                                                        <x:was>XPath: /*/*[@name='option.required']/@value='option.required-value'
Value: </x:was>
                                                    </x:test-result></x:description><x:description><x:scenario xmlns:e="http://example.net/ns"/></x:description></x:test-report></x:document></x:output><x:output port="html"><x:document xml:base="file:/home/jostein/xprocspec/src/main/resources/content/xml/xproc/report/report-template.xhtml" type="inline"><html xmlns="http://www.w3.org/1999/xhtml"><head><title>Test Report for file:/home/jostein/xprocspec/src/test/xprocspec/tests/description-1.xprocspec (passed:3 / pending:1 / failed:0 / errors:0 / total:4)</title>
        <meta/>
        <style>/**/
/****************************************************************************/
/*  File:       test-report.css                                             */
/*  Author:     Jeni Tennsion                                               */
/*  URI:        http://xspec.googlecode.com/                                */
/*  Tags:                                                                   */
/*    Copyright (c) 2008, 2010 Jeni Tennsion (see end of file.)             */
/* ------------------------------------------------------------------------ */


/* test */

/* box model */

body {
	margin-right: 1em;
	/*margin-left: 10%;*/
	}

h1 {
	padding: 0.3em 0.5em 0.3em 0.5em;
	position: relative;
	}

h2 {
	padding: 0.1em 0.5em 0.2em 0.5em;
	}

h3 {
	padding-left: 0.6em;
	}

h4 {
	padding-left: 0.8em;
	}

p, table {
	/*margin-left: 5%;*/
	}

dd ul, dd ol {
	margin-left: 0%;
	}

li ul, li ol {
	/*margin-left: 5%;*/
	}

dl, ul, ol, blockquote {
	/*margin-left: 10%;*/
	}

dt {
  padding-top: 3px;
  padding-bottom: 3px;
	clear: both;
	}

dd p {
	/*margin-left: -5px;*/
	margin-top: 5px;
	clear: both;
	}

p.link {
	margin-top: 4px;
	margin-bottom: 0px;
	clear: both;
	}

tr td, td p, li, li p {
	margin-left: 0%;
	}

td:nth-child(2) {
	padding-left: 5%;
	}

.link img, dt img {
	vertical-align: middle;
	position: relative;
	top: -5px;
	}

img {
	position: relative;
	}

#xml-link {
	position: absolute;
	left: 5px;
	top: 5px;
	width: 10%;
	margin-left: 0%;
	}

#link-up {
	position: absolute;
	left: 93%;
	right: 2em;
	top: 0.3em;
	}

#link-top {
	position: absolute;
	left: 89%;
	right: 4em;
	top: 0.3em;
	}
	
.popup {
	display: block;
	visibility: hidden;
	float: right;
	position: absolute;
	top: 5px;
	left: -200px;
	z-index: 1;
	padding: 0.3em;
	width: 220px;
	}

.note {
	position: relative;
	}

.post {
	/*margin-left: 5%;*/
	padding-top: 1em;
	}
	
.example, .sidebar {
  /*margin-left: 5%;*/
  margin-top: 1em;
  margin-bottom: 1em;
  }

/*pre {
	padding-left: 5%;
	margin-left: 5%;
	}*/

/*dd pre, li pre {
	padding-left: 5%;
	}*/

/* fonts */
/* Oxygen  */
body, table {
    font-family:arial, helvetica, sans-serif;
    font-size:12px;
}
/* Oxygen  */

/*body {
	font-family: Verdana, arial, sans-serif;
	font-size: small;
	}*/	

/*h1, h2, h3, h4, h5, h6 {
	font-family: 'trebuchet MS', arial, sans-serif;
	}*/

h1 {
	font-size: 173%;
	font-weight: bold;
	}

h2 {
	font-size: 144%;
	font-weight: normal;
	}

h3 {
	font-size: 120%;
	font-weight: normal;
	}

h4 {
  font-size: 100%;
  font-weight: bold;
}

dt {
	font-weight: bold;
	}

a:link, a:visited, a:active, a:hover {
	font-weight: bold;
	}

a.offsite:link, a.offsite:visited, a.offsite:active, a.offsite:hover {
	font-weight: normal;
	}

/* suppress the normal italics */
address {
	font-style: normal;
	}

div.example, .sidebar {
  font-family: Verdana, arial, sans-serif;
  font-size: 100%;
  }


.note, .link {
	font-family: Verdana, arial, sans-serif;
	/*font-size: 83%;*/
	}

/*.example, .string, .rtf, .code, pre, code {
	font-family: "Lucida Console", "Courier New", monospace;*/
  /*font-size: 83%;*/
/*	}*/

.boolean {
	font-style: italic;
	}

#colophon, #xml-link {
	font-size: 69%;
	}

.question, .title {
	font-weight: bold;
	}

/* colours */
body {
	background-color: white;
	color: black;
	border: 0px none black;
	}

/* this is to make Navigator fill the entire line */
h1, h2 {
	border: 1px solid white;
	width: auto;
	}

h1 {
	/*background: #606;*/
	/*color: #6F6;*/
	}

h2 {
	color: #606;
	/*background: #CFC;*/
	}

hr {
	color: #606;
	background: white;
	}

img, a:link img, a:visited img, a:hover img, a:active img, #link-up img, #link-top img {
	border: 0px none white;
	background: transparent;
	}

/* OXYGEN */
a, a:visited {
    color:rgb(0, 0, 150);
    background-color:inherit;
    font-weight: bold;
}
a:link, a:visited {
    text-decoration:none; 
}
a:hover {
    text-decoration:underline;
}

/* OXYGEN */

a.img:hover, a.img:active {
	background: transparent;
	}

#colophon, #xml-link, .note {
	color: #666;
	}

#colophon a:link, #colophon a:visited, #colophon a:hover,
#xml-link a:link, #xml-link a:visited, #xml-link a:hover,
.note a:link, .note a:visited, .note a:hover {
	color: #969;
	background: transparent;
	}

#colophon a:hover, #xml-link a:hover, .note a:hover {
	background: #CFC;
	color: #969;
	}

.popup {
	background: white;
	border: 1px solid #606;
	}

.post {
	border-top: 2px solid #606;
	}
	
.example {
  border-top: 2px solid #606;
  border-bottom: 2px solid #606;
  }
  
.sidebar {
  border-top: 2px solid #090;
  border-bottom: 2px solid #090;
  }
  
.rng {
  border-left: 2px solid #666;
  }

.same {
  background-color: rgb(206, 239, 174);
}

.diff {
  background-color: #FCC;
}

.whitespace {
	font-style: italic;
	color: #999;
	background: white;
}

.ignored {
  font-style: italic;
  color: #999;
  background: white;
}

.hit {
}

.missed {
  background-color: #A33;
  color: white;
}

/* text */
ol ol li {
	list-style: lower-alpha;
	}

th {
	text-align: left;
	}

td {
	vertical-align: top;
	}

h1 {
	text-transform: uppercase;
	}

h2, h3 {
	/*text-transform: capitalize;*/
	}

.question {
	text-indent: -33px;
	}

.byline {
	text-align: right;
	}

#link-top, #link-up {
	text-align: right;
	}

a {
	text-decoration: none;
	}

table { width: 85%;
        /* border: collapse; */ }

th { text-align: left; }

.xspec tbody th { font-weight: normal; /*font-size: 0.8em;*/ border-top: 1px #666 solid; }
.xspec tbody td { /*font-size: 0.8em;*/ color: #666; }

.successful.label th, .successful.label td { background-color: #CFC; }
.pending.label th, .pending.label td { background-color: #DDD; color: #666; }
.failed.label th, .failed.label td { background-color: #FCC; }
.error.label th, .error.label td { background-color: #FAA; }
/*body &gt; table tbody .failed.label th:first-child:before {content:url(data:image/png;base64,iVBORw0KGgoAAAANSUhEUgAAAAwAAAAMCAYAAABWdVznAAAAGXRFWHRTb2Z0d2FyZQBBZG9iZSBJbWFnZVJlYWR5ccllPAAAA2ZpVFh0WE1MOmNvbS5hZG9iZS54bXAAAAAAADw/eHBhY2tldCBiZWdpbj0i77u/IiBpZD0iVzVNME1wQ2VoaUh6cmVTek5UY3prYzlkIj8+IDx4OnhtcG1ldGEgeG1sbnM6eD0iYWRvYmU6bnM6bWV0YS8iIHg6eG1wdGs9IkFkb2JlIFhNUCBDb3JlIDUuMy1jMDExIDY2LjE0NTY2MSwgMjAxMi8wMi8wNi0xNDo1NjoyNyAgICAgICAgIj4gPHJkZjpSREYgeG1sbnM6cmRmPSJodHRwOi8vd3d3LnczLm9yZy8xOTk5LzAyLzIyLXJkZi1zeW50YXgtbnMjIj4gPHJkZjpEZXNjcmlwdGlvbiByZGY6YWJvdXQ9IiIgeG1sbnM6eG1wTU09Imh0dHA6Ly9ucy5hZG9iZS5jb20veGFwLzEuMC9tbS8iIHhtbG5zOnN0UmVmPSJodHRwOi8vbnMuYWRvYmUuY29tL3hhcC8xLjAvc1R5cGUvUmVzb3VyY2VSZWYjIiB4bWxuczp4bXA9Imh0dHA6Ly9ucy5hZG9iZS5jb20veGFwLzEuMC8iIHhtcE1NOk9yaWdpbmFsRG9jdW1lbnRJRD0ieG1wLmRpZDpCQjU0NjU4QjIyQTNFMTExQkI5Rjk5QkQ4RkQ5RUJFQiIgeG1wTU06RG9jdW1lbnRJRD0ieG1wLmRpZDpEQTUyOTdBQUEzRDUxMUUxQTQwN0YzMUI0Nzg3NDU1RSIgeG1wTU06SW5zdGFuY2VJRD0ieG1wLmlpZDpEQTUyOTdBOUEzRDUxMUUxQTQwN0YzMUI0Nzg3NDU1RSIgeG1wOkNyZWF0b3JUb29sPSJBZG9iZSBQaG90b3Nob3AgQ1M2IChXaW5kb3dzKSI+IDx4bXBNTTpEZXJpdmVkRnJvbSBzdFJlZjppbnN0YW5jZUlEPSJ4bXAuaWlkOjQ4MTZDRTNCRDVBM0UxMTFBQTI2QTBCMjZENzg1Qzg5IiBzdFJlZjpkb2N1bWVudElEPSJ4bXAuZGlkOkJCNTQ2NThCMjJBM0UxMTFCQjlGOTlCRDhGRDlFQkVCIi8+IDwvcmRmOkRlc2NyaXB0aW9uPiA8L3JkZjpSREY+IDwveDp4bXBtZXRhPiA8P3hwYWNrZXQgZW5kPSJyIj8+aHNJrgAAAZ1JREFUeNpsUssrRGEU/907985YMDPNYlh4hbKZPMdgR3aysrGSSFIeKyUKpewoRTYkmcgCf4MsMI2FPDYGKeUZSoru4/uc82VC+W7fOeee+zvn/M45V1uuyCmVwDogq0hDklD6jy1dspNkdxokVrIzPFUh0/MD5OdXoJDwPFtu3d2ns6TTp9oggTlFZlmN0o4AHMmXfJGo0lmGzoE1OgmNHf5YA8rmN5HfM6wADmUuHphA9cIW/JX1yiek9DIlyijxkNjBzXYche19gNcHzfShoLUdVxtLuD/cYzCoMAzCwqYrhMDx9Chs20JRWzf4nMcXcDI3pYAqQHIAtWUJbpKursMMhpA+RiAEGzpc4X5XkDB4GjaHmiZik/PIa2rBEWVlSuW9Q+T3YndskBi46QpQFcLltchtbEZyZhxna4uKhmV9Ito/gtPNOG4P99WItdlIWARNXWOAv6AEr9cplel7/ggUleDlMqUSvNnCobHKxDsNnqs8XaWUZopp/XhxTkOR+HDVOveYUge9rNLyY9SU9v+vwXuUB2R0fQkwABfn/VKSjTLBAAAAAElFTkSuQmCC) " "}*/
/*body &gt; table tbody .error.label th:first-child:before {content:url(data:image/png;base64,iVBORw0KGgoAAAANSUhEUgAAAAwAAAAMCAYAAABWdVznAAAABmJLR0QAAAAAAAD5Q7t/AAAACXBIWXMAAAsTAAALEwEAmpwYAAAAB3RJTUUH3QcKER4AdkxvvQAAAdVJREFUKM89kM9KG0EAh7/JTHazZInEQwJ68KIWLx6Etj6EjxAobYSsD+BjCJ682EOp0FMueYmS0FMICF4i6tFNzJ/dyRh2Znoo6Xf+Pn7wEzc3Nx/W6/UvY8xJnudkWYa1Fu893nviOCaKIhuG4R/v/Ve1Xq9/bG1tnezs7JDnOVpr3t/fcc4hpaRSqVCpVORqtTp9e3v7rrTWn5vNJpPJhHK5zHg8JssyvPeEYcjR0RFpmlKr1ZjP5x9Li8VCbOR2u83BwQEvLy88PT1xfHzMxcUFQgjSNCXLskDlec5sNuPx8REpJZ1Oh+fnZ4QQnJ+fc319Tb/fZ29vD601SmvNdDplsVhwe3vLaDTi6uoKgCRJGAwGNBoNXl9fMcZQcs5hjGG1WpHnObVajQ3VahWtNcYYjDE451Cb+7z3JElCkiScnZ0hpaTX67G7u0u328V7/y+oVqsIITg8PKTT6dBqtRgOhzjnaLVa3N3dcX9/z3K5JI5jxOXlpSuKQqRpirWWh4eH//Plcpn9/X2cc2xvb1MqlQqllBpYa0/jOGYymdBsNsmyDOccURRRFAX1eh2lFGEY/lZBEHyx1v703n8KgkBEUYSUEu/9RkIIUQRB0A/D8NtflUT+nn4OS+0AAAAASUVORK5CYII=) " "}*/
.failed.label th:first-child:before, .failed.label td:first-child:before {content:url(data:image/png;base64,iVBORw0KGgoAAAANSUhEUgAAAAwAAAAMCAYAAABWdVznAAAAGXRFWHRTb2Z0d2FyZQBBZG9iZSBJbWFnZVJlYWR5ccllPAAAA2ZpVFh0WE1MOmNvbS5hZG9iZS54bXAAAAAAADw/eHBhY2tldCBiZWdpbj0i77u/IiBpZD0iVzVNME1wQ2VoaUh6cmVTek5UY3prYzlkIj8+IDx4OnhtcG1ldGEgeG1sbnM6eD0iYWRvYmU6bnM6bWV0YS8iIHg6eG1wdGs9IkFkb2JlIFhNUCBDb3JlIDUuMy1jMDExIDY2LjE0NTY2MSwgMjAxMi8wMi8wNi0xNDo1NjoyNyAgICAgICAgIj4gPHJkZjpSREYgeG1sbnM6cmRmPSJodHRwOi8vd3d3LnczLm9yZy8xOTk5LzAyLzIyLXJkZi1zeW50YXgtbnMjIj4gPHJkZjpEZXNjcmlwdGlvbiByZGY6YWJvdXQ9IiIgeG1sbnM6eG1wTU09Imh0dHA6Ly9ucy5hZG9iZS5jb20veGFwLzEuMC9tbS8iIHhtbG5zOnN0UmVmPSJodHRwOi8vbnMuYWRvYmUuY29tL3hhcC8xLjAvc1R5cGUvUmVzb3VyY2VSZWYjIiB4bWxuczp4bXA9Imh0dHA6Ly9ucy5hZG9iZS5jb20veGFwLzEuMC8iIHhtcE1NOk9yaWdpbmFsRG9jdW1lbnRJRD0ieG1wLmRpZDpCQjU0NjU4QjIyQTNFMTExQkI5Rjk5QkQ4RkQ5RUJFQiIgeG1wTU06RG9jdW1lbnRJRD0ieG1wLmRpZDpEQTUyOTdBQUEzRDUxMUUxQTQwN0YzMUI0Nzg3NDU1RSIgeG1wTU06SW5zdGFuY2VJRD0ieG1wLmlpZDpEQTUyOTdBOUEzRDUxMUUxQTQwN0YzMUI0Nzg3NDU1RSIgeG1wOkNyZWF0b3JUb29sPSJBZG9iZSBQaG90b3Nob3AgQ1M2IChXaW5kb3dzKSI+IDx4bXBNTTpEZXJpdmVkRnJvbSBzdFJlZjppbnN0YW5jZUlEPSJ4bXAuaWlkOjQ4MTZDRTNCRDVBM0UxMTFBQTI2QTBCMjZENzg1Qzg5IiBzdFJlZjpkb2N1bWVudElEPSJ4bXAuZGlkOkJCNTQ2NThCMjJBM0UxMTFCQjlGOTlCRDhGRDlFQkVCIi8+IDwvcmRmOkRlc2NyaXB0aW9uPiA8L3JkZjpSREY+IDwveDp4bXBtZXRhPiA8P3hwYWNrZXQgZW5kPSJyIj8+aHNJrgAAAZ1JREFUeNpsUssrRGEU/907985YMDPNYlh4hbKZPMdgR3aysrGSSFIeKyUKpewoRTYkmcgCf4MsMI2FPDYGKeUZSoru4/uc82VC+W7fOeee+zvn/M45V1uuyCmVwDogq0hDklD6jy1dspNkdxokVrIzPFUh0/MD5OdXoJDwPFtu3d2ns6TTp9oggTlFZlmN0o4AHMmXfJGo0lmGzoE1OgmNHf5YA8rmN5HfM6wADmUuHphA9cIW/JX1yiek9DIlyijxkNjBzXYche19gNcHzfShoLUdVxtLuD/cYzCoMAzCwqYrhMDx9Chs20JRWzf4nMcXcDI3pYAqQHIAtWUJbpKursMMhpA+RiAEGzpc4X5XkDB4GjaHmiZik/PIa2rBEWVlSuW9Q+T3YndskBi46QpQFcLltchtbEZyZhxna4uKhmV9Ito/gtPNOG4P99WItdlIWARNXWOAv6AEr9cplel7/ggUleDlMqUSvNnCobHKxDsNnqs8XaWUZopp/XhxTkOR+HDVOveYUge9rNLyY9SU9v+vwXuUB2R0fQkwABfn/VKSjTLBAAAAAElFTkSuQmCC) " "}
.error.label th:first-child:before, .error.label td:first-child:before {content:url(data:image/png;base64,iVBORw0KGgoAAAANSUhEUgAAAAwAAAAMCAYAAABWdVznAAAABmJLR0QAAAAAAAD5Q7t/AAAACXBIWXMAAAsTAAALEwEAmpwYAAAAB3RJTUUH3QcKER4AdkxvvQAAAdVJREFUKM89kM9KG0EAh7/JTHazZInEQwJ68KIWLx6Etj6EjxAobYSsD+BjCJ682EOp0FMueYmS0FMICF4i6tFNzJ/dyRh2Znoo6Xf+Pn7wEzc3Nx/W6/UvY8xJnudkWYa1Fu893nviOCaKIhuG4R/v/Ve1Xq9/bG1tnezs7JDnOVpr3t/fcc4hpaRSqVCpVORqtTp9e3v7rrTWn5vNJpPJhHK5zHg8JssyvPeEYcjR0RFpmlKr1ZjP5x9Li8VCbOR2u83BwQEvLy88PT1xfHzMxcUFQgjSNCXLskDlec5sNuPx8REpJZ1Oh+fnZ4QQnJ+fc319Tb/fZ29vD601SmvNdDplsVhwe3vLaDTi6uoKgCRJGAwGNBoNXl9fMcZQcs5hjGG1WpHnObVajQ3VahWtNcYYjDE451Cb+7z3JElCkiScnZ0hpaTX67G7u0u328V7/y+oVqsIITg8PKTT6dBqtRgOhzjnaLVa3N3dcX9/z3K5JI5jxOXlpSuKQqRpirWWh4eH//Plcpn9/X2cc2xvb1MqlQqllBpYa0/jOGYymdBsNsmyDOccURRRFAX1eh2lFGEY/lZBEHyx1v703n8KgkBEUYSUEu/9RkIIUQRB0A/D8NtflUT+nn4OS+0AAAAASUVORK5CYII=) " "}
.pending.label th:first-child:before, .pending.label td:first-child:before {content:url(data:image/png;base64,iVBORw0KGgoAAAANSUhEUgAAAAwAAAAMCAYAAABWdVznAAAAGXRFWHRTb2Z0d2FyZQBBZG9iZSBJbWFnZVJlYWR5ccllPAAAA2ZpVFh0WE1MOmNvbS5hZG9iZS54bXAAAAAAADw/eHBhY2tldCBiZWdpbj0i77u/IiBpZD0iVzVNME1wQ2VoaUh6cmVTek5UY3prYzlkIj8+IDx4OnhtcG1ldGEgeG1sbnM6eD0iYWRvYmU6bnM6bWV0YS8iIHg6eG1wdGs9IkFkb2JlIFhNUCBDb3JlIDUuMy1jMDExIDY2LjE0NTY2MSwgMjAxMi8wMi8wNi0xNDo1NjoyNyAgICAgICAgIj4gPHJkZjpSREYgeG1sbnM6cmRmPSJodHRwOi8vd3d3LnczLm9yZy8xOTk5LzAyLzIyLXJkZi1zeW50YXgtbnMjIj4gPHJkZjpEZXNjcmlwdGlvbiByZGY6YWJvdXQ9IiIgeG1sbnM6eG1wTU09Imh0dHA6Ly9ucy5hZG9iZS5jb20veGFwLzEuMC9tbS8iIHhtbG5zOnN0UmVmPSJodHRwOi8vbnMuYWRvYmUuY29tL3hhcC8xLjAvc1R5cGUvUmVzb3VyY2VSZWYjIiB4bWxuczp4bXA9Imh0dHA6Ly9ucy5hZG9iZS5jb20veGFwLzEuMC8iIHhtcE1NOk9yaWdpbmFsRG9jdW1lbnRJRD0ieG1wLmRpZDpCQjU0NjU4QjIyQTNFMTExQkI5Rjk5QkQ4RkQ5RUJFQiIgeG1wTU06RG9jdW1lbnRJRD0ieG1wLmRpZDpDODdDM0Y0QUEzRDUxMUUxQjk5N0MzQjVFRDMyQUE1MiIgeG1wTU06SW5zdGFuY2VJRD0ieG1wLmlpZDpDODdDM0Y0OUEzRDUxMUUxQjk5N0MzQjVFRDMyQUE1MiIgeG1wOkNyZWF0b3JUb29sPSJBZG9iZSBQaG90b3Nob3AgQ1M2IChXaW5kb3dzKSI+IDx4bXBNTTpEZXJpdmVkRnJvbSBzdFJlZjppbnN0YW5jZUlEPSJ4bXAuaWlkOjQ4MTZDRTNCRDVBM0UxMTFBQTI2QTBCMjZENzg1Qzg5IiBzdFJlZjpkb2N1bWVudElEPSJ4bXAuZGlkOkJCNTQ2NThCMjJBM0UxMTFCQjlGOTlCRDhGRDlFQkVCIi8+IDwvcmRmOkRlc2NyaXB0aW9uPiA8L3JkZjpSREY+IDwveDp4bXBtZXRhPiA8P3hwYWNrZXQgZW5kPSJyIj8+yj6RYgAAAPZJREFUeNp0kM8KgkAQxmc1E0Wfo3vQn5eRSDx4EUHwbTpEhx4lil7DiydBQUFXp5nAMNsGhpnd/X77za4Iw3CFiFcAWFMFDkXtKZ/UHhfUnB3HWdu2/REpAL2u631ZlicGdpZlwTAMSmBM0zS5bhgQLB5FU3AOUS4XvNn3vVKgAACCIMA0TbFpGsyyDJMkefdFUWAcx1hVFeZ5jlEUoed5qPEI7KDrOhiG8e6llNC27Zcz77FW+L6Pruv+WKtGIzfgR39umv/UHOJgAMlO/BPOXCQDD5p3r2ma8lvHNU9BcWPg0HXdhRZbOhRT8aSXVO9U/ZcAAwAsmjsSQcM0lwAAAABJRU5ErkJggg==) " ";}
.successful.label th:first-child:before, .successful.label td:first-child:before {content:url(data:image/png;base64,iVBORw0KGgoAAAANSUhEUgAAAAwAAAAMCAYAAABWdVznAAAAGXRFWHRTb2Z0d2FyZQBBZG9iZSBJbWFnZVJlYWR5ccllPAAAA2ZpVFh0WE1MOmNvbS5hZG9iZS54bXAAAAAAADw/eHBhY2tldCBiZWdpbj0i77u/IiBpZD0iVzVNME1wQ2VoaUh6cmVTek5UY3prYzlkIj8+IDx4OnhtcG1ldGEgeG1sbnM6eD0iYWRvYmU6bnM6bWV0YS8iIHg6eG1wdGs9IkFkb2JlIFhNUCBDb3JlIDUuMy1jMDExIDY2LjE0NTY2MSwgMjAxMi8wMi8wNi0xNDo1NjoyNyAgICAgICAgIj4gPHJkZjpSREYgeG1sbnM6cmRmPSJodHRwOi8vd3d3LnczLm9yZy8xOTk5LzAyLzIyLXJkZi1zeW50YXgtbnMjIj4gPHJkZjpEZXNjcmlwdGlvbiByZGY6YWJvdXQ9IiIgeG1sbnM6eG1wTU09Imh0dHA6Ly9ucy5hZG9iZS5jb20veGFwLzEuMC9tbS8iIHhtbG5zOnN0UmVmPSJodHRwOi8vbnMuYWRvYmUuY29tL3hhcC8xLjAvc1R5cGUvUmVzb3VyY2VSZWYjIiB4bWxuczp4bXA9Imh0dHA6Ly9ucy5hZG9iZS5jb20veGFwLzEuMC8iIHhtcE1NOk9yaWdpbmFsRG9jdW1lbnRJRD0ieG1wLmRpZDpCQjU0NjU4QjIyQTNFMTExQkI5Rjk5QkQ4RkQ5RUJFQiIgeG1wTU06RG9jdW1lbnRJRD0ieG1wLmRpZDpEMDVBNThBQUEzRDUxMUUxQjdCQkM2QUNBMTNBMDExNiIgeG1wTU06SW5zdGFuY2VJRD0ieG1wLmlpZDpEMDVBNThBOUEzRDUxMUUxQjdCQkM2QUNBMTNBMDExNiIgeG1wOkNyZWF0b3JUb29sPSJBZG9iZSBQaG90b3Nob3AgQ1M2IChXaW5kb3dzKSI+IDx4bXBNTTpEZXJpdmVkRnJvbSBzdFJlZjppbnN0YW5jZUlEPSJ4bXAuaWlkOjQ4MTZDRTNCRDVBM0UxMTFBQTI2QTBCMjZENzg1Qzg5IiBzdFJlZjpkb2N1bWVudElEPSJ4bXAuZGlkOkJCNTQ2NThCMjJBM0UxMTFCQjlGOTlCRDhGRDlFQkVCIi8+IDwvcmRmOkRlc2NyaXB0aW9uPiA8L3JkZjpSREY+IDwveDp4bXBtZXRhPiA8P3hwYWNrZXQgZW5kPSJyIj8+xJ3YrgAAAYBJREFUeNpsUrtKA1EQPZtdY4gEQiD4QCsLEVGX4CP4AykEq1hYiGghCDZ+gBZWVtrZ+EAjaGOhfoAkNiaKhYWICilMEQNqoYjZ5O4d5+6ucQuLM3funDNzD7OrLe229YBwSKAEnyAP/pyIbL5fcz5rcNiLtuqJSEz3ickn5ruE/vFmJ9/LYjvAldGWqA7bJkgPtoAHQrS5G6NdiwhFWCoxHOCgKUL+iurkCBVawyamE8d4qmSZ51clBZUlh+RG14JzEsJNcaTNLVwWd1B6vXXqkmGoYNeVUPnW3JNr4+YarPoncvebEAKNekAlokaY6N/A1NA+SBgY6Eijtz2Fs5sVWNWawysorWNJsO+q9QWzaxLTYwfojA3isZzDfSnrWvTsNiyp7pOrZURC7ejrTDEpcVpY9ab+NSioLZEiapZA5nwBxZcC8g9HeK7ccYM7TDnwmoU2vx6/NIJaUjc0b0u8YvJNle5HdJvlhbI0Y31ThqsjTGr0/+8hOOQ5nfsRYACtHiy+FDd82wAAAABJRU5ErkJggg==) " "}
/*.successful.label a:before {content:url(data:image/png;base64,iVBORw0KGgoAAAANSUhEUgAAAAwAAAAMCAYAAABWdVznAAAAGXRFWHRTb2Z0d2FyZQBBZG9iZSBJbWFnZVJlYWR5ccllPAAAA2ZpVFh0WE1MOmNvbS5hZG9iZS54bXAAAAAAADw/eHBhY2tldCBiZWdpbj0i77u/IiBpZD0iVzVNME1wQ2VoaUh6cmVTek5UY3prYzlkIj8+IDx4OnhtcG1ldGEgeG1sbnM6eD0iYWRvYmU6bnM6bWV0YS8iIHg6eG1wdGs9IkFkb2JlIFhNUCBDb3JlIDUuMy1jMDExIDY2LjE0NTY2MSwgMjAxMi8wMi8wNi0xNDo1NjoyNyAgICAgICAgIj4gPHJkZjpSREYgeG1sbnM6cmRmPSJodHRwOi8vd3d3LnczLm9yZy8xOTk5LzAyLzIyLXJkZi1zeW50YXgtbnMjIj4gPHJkZjpEZXNjcmlwdGlvbiByZGY6YWJvdXQ9IiIgeG1sbnM6eG1wTU09Imh0dHA6Ly9ucy5hZG9iZS5jb20veGFwLzEuMC9tbS8iIHhtbG5zOnN0UmVmPSJodHRwOi8vbnMuYWRvYmUuY29tL3hhcC8xLjAvc1R5cGUvUmVzb3VyY2VSZWYjIiB4bWxuczp4bXA9Imh0dHA6Ly9ucy5hZG9iZS5jb20veGFwLzEuMC8iIHhtcE1NOk9yaWdpbmFsRG9jdW1lbnRJRD0ieG1wLmRpZDpCQjU0NjU4QjIyQTNFMTExQkI5Rjk5QkQ4RkQ5RUJFQiIgeG1wTU06RG9jdW1lbnRJRD0ieG1wLmRpZDpEMDVBNThBQUEzRDUxMUUxQjdCQkM2QUNBMTNBMDExNiIgeG1wTU06SW5zdGFuY2VJRD0ieG1wLmlpZDpEMDVBNThBOUEzRDUxMUUxQjdCQkM2QUNBMTNBMDExNiIgeG1wOkNyZWF0b3JUb29sPSJBZG9iZSBQaG90b3Nob3AgQ1M2IChXaW5kb3dzKSI+IDx4bXBNTTpEZXJpdmVkRnJvbSBzdFJlZjppbnN0YW5jZUlEPSJ4bXAuaWlkOjQ4MTZDRTNCRDVBM0UxMTFBQTI2QTBCMjZENzg1Qzg5IiBzdFJlZjpkb2N1bWVudElEPSJ4bXAuZGlkOkJCNTQ2NThCMjJBM0UxMTFCQjlGOTlCRDhGRDlFQkVCIi8+IDwvcmRmOkRlc2NyaXB0aW9uPiA8L3JkZjpSREY+IDwveDp4bXBtZXRhPiA8P3hwYWNrZXQgZW5kPSJyIj8+xJ3YrgAAAYBJREFUeNpsUrtKA1EQPZtdY4gEQiD4QCsLEVGX4CP4AykEq1hYiGghCDZ+gBZWVtrZ+EAjaGOhfoAkNiaKhYWICilMEQNqoYjZ5O4d5+6ucQuLM3funDNzD7OrLe229YBwSKAEnyAP/pyIbL5fcz5rcNiLtuqJSEz3ickn5ruE/vFmJ9/LYjvAldGWqA7bJkgPtoAHQrS5G6NdiwhFWCoxHOCgKUL+iurkCBVawyamE8d4qmSZ51clBZUlh+RG14JzEsJNcaTNLVwWd1B6vXXqkmGoYNeVUPnW3JNr4+YarPoncvebEAKNekAlokaY6N/A1NA+SBgY6Eijtz2Fs5sVWNWawysorWNJsO+q9QWzaxLTYwfojA3isZzDfSnrWvTsNiyp7pOrZURC7ejrTDEpcVpY9ab+NSioLZEiapZA5nwBxZcC8g9HeK7ccYM7TDnwmoU2vx6/NIJaUjc0b0u8YvJNle5HdJvlhbI0Y31ThqsjTGr0/+8hOOQ5nfsRYACtHiy+FDd82wAAAABJRU5ErkJggg==) " "}*/

.xspecResult { width: 90%; table-layout: fixed; }

.xspecResult td,
.xspecResult th { width: 50%; }

/*.xspecResult pre { 
  margin-left: 0; 
  padding: 0.5em; 
  overflow: auto; 
  border: 1px #999 dotted;
}*/

span.scenario-totals {float: right; width: 14.5%; text-align: left}

/* OXYGEN */
span.scenario-totals {float: right; width: 34.5%; text-align: right}

h2.failed {
    background-color: #FCC;
}

h1, h2 {
    width: 86%;
    /*margin-left: 3%;*/
    
    font-size:1.4em;
    font-weight:bold;
    text-align:left;
    margin-top:1.4em;
    margin-bottom:0.7em;
    color:#333333;
    background-color:inherit;
}

h1 {
    font-size:1.7em;
}

body &gt; h1:first-child:before {
    content:"XSLT UNIT ";
}

body &gt; h2:first-of-type {
    font-size:1.7em;
}

div &gt; table &gt; tbody &gt; tr &gt; th:first-child {
    font-weight:bold;
}

div &gt; h3 {
    font-weight:bold;
    /*margin-left: 3%;*/
}

div &gt; h4 {
    font-weight:normal;
    /*margin-left: 4%;*/
}

th.result { text-align: center; }
/* OXYGEN */


/* ------------------------------------------------------------------------ */
/*  DO NOT ALTER OR REMOVE COPYRIGHT NOTICES OR THIS COMMENT.               */
/*                                                                          */
/*  Copyright (c) 2008, 2010 Jeni Tennsion                                  */
/*                                                                          */
/*  The contents of this file are subject to the MIT License (see the URI   */
/*  http://www.opensource.org/licenses/mit-license.php for details).        */
/*                                                                          */
/*  Permission is hereby granted, free of charge, to any person obtaining   */
/*  a copy of this software and associated documentation files (the         */
/*  "Software"), to deal in the Software without restriction, including     */
/*  without limitation the rights to use, copy, modify, merge, publish,     */
/*  distribute, sublicense, and/or sell copies of the Software, and to      */
/*  permit persons to whom the Software is furnished to do so, subject to   */
/*  the following conditions:                                               */
/*                                                                          */
/*  The above copyright notice and this permission notice shall be          */
/*  included in all copies or substantial portions of the Software.         */
/*                                                                          */
/*  THE SOFTWARE IS PROVIDED "AS IS", WITHOUT WARRANTY OF ANY KIND,         */
/*  EXPRESS OR IMPLIED, INCLUDING BUT NOT LIMITED TO THE WARRANTIES OF      */
/*  MERCHANTABILITY, FITNESS FOR A PARTICULAR PURPOSE AND NONINFRINGEMENT.  */
/*  IN NO EVENT SHALL THE AUTHORS OR COPYRIGHT HOLDERS BE LIABLE FOR ANY    */
/*  CLAIM, DAMAGES OR OTHER LIABILITY, WHETHER IN AN ACTION OF CONTRACT,    */
/*  TORT OR OTHERWISE, ARISING FROM, OUT OF OR IN CONNECTION WITH THE       */
/*  SOFTWARE OR THE USE OR OTHER DEALINGS IN THE SOFTWARE.                  */
/* ------------------------------------------------------------------------ */

.nobr { white-space: nowrap; }
.scenario-label { text-indent: 0px; }
.context-label { text-indent: 10px; }
.test-label { text-indent: 20px; }
.pending-label { text-indent: 30px; }


        /**/</style>
    </head><body><h1>Test Report</h1><p>Script: <a>file:/home/jostein/xprocspec/src/test/xprocspec/tests/description-1.xprocspec</a></p><p>Tested: 2013-09-02T14:16:49.931+02:00</p><h2>Contents</h2><table><col/><col/><col/><col/><col/><col/><thead><tr><th/><th>passed:3</th><th>pending:1</th><th>failed:0</th><th>errors:0</th><th>total:4</th></tr></thead><tbody><tr><th><a>ex:identity</a></th><th>3</th><th>0</th><th>0</th><th>0</th><th>3</th></tr><tr><th><a>Not calling: file:/home/jostein/xprocspec/src/test/xprocspec/steps/identity.xpl</a></th><th>0</th><th>1</th><th>0</th><th>0</th><th>1</th></tr></tbody></table><div><h2>Calling: <a>ex:identity</a><span>passed:3 / pending:0 /
                                        failed:0 / errors:0 / total:3</span></h2><table><col/><col/><tbody><tr><th>identity</th><th>passed:3 / pending:0 / failed:0 / errors:0 / total:3</th></tr><tr><th>errors</th><th>passed:1 / pending:0 / failed:0 / errors:0 / total:1</th></tr><tr><td>the step should execute successfully without throwing any errors</td><td>Success</td></tr><tr><th>the results</th><th>passed:2 / pending:0 / failed:0 / errors:0 / total:2</th></tr><tr><td>the option 'option' should have the value 'option-value'</td><td>Success</td></tr><tr><td>the option 'option.required' should have the value 'option-value'</td><td>Success</td></tr></tbody></table></div><div><h2>Not calling: <a>file:/home/jostein/xprocspec/src/test/xprocspec/steps/identity.xpl</a><span>passed:0 / pending:1 / failed:0 /
                                    errors:0 / total:1</span></h2><table><col/><col/><tbody><tr><th>pending scenario</th><th>passed:0 / pending:1 / failed:0 / errors:0 / total:1</th></tr><tr><td>Not implemented</td><td>Pending</td></tr></tbody></table></div><h2>Execution log</h2><table><thead><tr><th>Time</th><th>Severity</th><th>Message</th></tr></thead><tbody><tr><td>0.000</td><td>INFO</td><td><code><pre>#### file:/home/jostein/xprocspec/src/test/xprocspec/tests/description-1.xprocspec ####</pre></code></td></tr><tr><td>0.006</td><td>INFO</td><td><code><pre> * temporary directory: file:/tmp/xprocspec-20130902141648008/</pre></code></td></tr><tr><td>0.012</td><td>INFO</td><td><code><pre>preprocessing...</pre></code></td></tr><tr><td>0.032</td><td>INFO</td><td><code><pre> * checking for imports</pre></code></td></tr><tr><td>0.039</td><td>INFO</td><td><code><pre> * checking file:/home/jostein/xprocspec/src/test/xprocspec/tests/description-1.xprocspec for imports</pre></code></td></tr><tr><td>0.045</td><td>INFO</td><td><code><pre> * extracting step declarations from file:/home/jostein/xprocspec/src/test/xprocspec/steps/identity.xpl</pre></code></td></tr><tr><td>0.052</td><td>INFO</td><td><code><pre> * tests reference 1 step</pre></code></td></tr><tr><td>0.058</td><td>INFO</td><td><code><pre>   * step: e:identity</pre></code></td></tr><tr><td>0.063</td><td>INFO</td><td><code><pre> * trying to load: file:/home/jostein/xprocspec/src/test/xprocspec/steps/identity.xpl</pre></code></td></tr><tr><td>0.070</td><td>INFO</td><td><code><pre>   * success!</pre></code></td></tr><tr><td>0.078</td><td>INFO</td><td><code><pre> * trying to extract the step declaration for {http://example.net/ns}identity from file:/home/jostein/xprocspec/src/test/xprocspec/steps/identity.xpl</pre></code></td></tr><tr><td>0.091</td><td>INFO</td><td><code><pre> * creating a new x:description document for each x:scenario element with inferred inputs, options and parameters</pre></code></td></tr><tr><td>0.107</td><td>INFO</td><td><code><pre> * validating output grammar</pre></code></td></tr><tr><td>0.121</td><td>INFO</td><td><code><pre> * validating output grammar</pre></code></td></tr><tr><td>0.132</td><td>INFO</td><td><code><pre>compiling...</pre></code></td></tr><tr><td>0.141</td><td>INFO</td><td><code><pre> * created directory using Calabash's cxf:mkdir</pre></code></td></tr><tr><td>0.147</td><td>INFO</td><td><code><pre> * converting test 'test1' to XProc</pre></code></td></tr><tr><td>0.161</td><td>INFO</td><td><code><pre>   * done</pre></code></td></tr><tr><td>0.168</td><td>INFO</td><td><code><pre> * validating output grammar for file:/home/jostein/xprocspec/src/test/xprocspec/tests/description-1.xprocspec</pre></code></td></tr><tr><td>0.181</td><td>INFO</td><td><code><pre>   * done!</pre></code></td></tr><tr><td>0.189</td><td>INFO</td><td><code><pre> * converting test 'test2' to XProc</pre></code></td></tr><tr><td>0.201</td><td>INFO</td><td><code><pre>   * done</pre></code></td></tr><tr><td>0.207</td><td>INFO</td><td><code><pre> * validating output grammar for file:/home/jostein/xprocspec/src/test/xprocspec/tests/description-1.xprocspec</pre></code></td></tr><tr><td>0.220</td><td>INFO</td><td><code><pre>   * done!</pre></code></td></tr><tr><td>0.227</td><td>INFO</td><td><code><pre> * using as temporary directory: file:/tmp/xprocspec-20130902141648008/xprocspec-2013090214164939/</pre></code></td></tr><tr><td>0.233</td><td>INFO</td><td><code><pre>storing...</pre></code></td></tr><tr><td>0.243</td><td>INFO</td><td><code><pre>running...</pre></code></td></tr><tr><td>0.252</td><td>INFO</td><td><code><pre>   * loading 'file:/tmp/xprocspec-20130902141648008/test1.xpl'</pre></code></td></tr><tr><td>0.320</td><td>INFO</td><td><code><pre>   * loading 'file:/tmp/xprocspec-20130902141648008/test2.xpl'</pre></code></td></tr><tr><td>0.368</td><td>INFO</td><td><code><pre>evaluating...</pre></code></td></tr><tr><td>0.382</td><td>INFO</td><td><code><pre> * evaluating scenario 'identity' (file:/home/jostein/xprocspec/src/test/xprocspec/tests/description-1.xprocspec)</pre></code></td></tr><tr><td>0.389</td><td>INFO</td><td><code><pre>   * resolving x:document elements...</pre></code></td></tr><tr><td>0.399</td><td>INFO</td><td><code><pre>    * no errors occured</pre></code></td></tr><tr><td>0.425</td><td>INFO</td><td><code><pre>   * grouping x:expect elements with their x:context...</pre></code></td></tr><tr><td>0.435</td><td>INFO</td><td><code><pre>   * evaluating each context/expect group...</pre></code></td></tr><tr><td>0.443</td><td>INFO</td><td><code><pre>     * setting context to 'errors'</pre></code></td></tr><tr><td>0.450</td><td>INFO</td><td><code><pre>       * testing assertion 'the step should execute successfully without throwing any errors'</pre></code></td></tr><tr><td>0.458</td><td>INFO</td><td><code><pre>         * is document count assertion</pre></code></td></tr><tr><td>0.466</td><td>INFO</td><td><code><pre>         * assertion passed</pre></code></td></tr><tr><td>0.475</td><td>INFO</td><td><code><pre>     * setting context to 'the results'</pre></code></td></tr><tr><td>0.482</td><td>INFO</td><td><code><pre>       * testing assertion 'the option 'option' should have the value 'option-value''</pre></code></td></tr><tr><td>0.490</td><td>INFO</td><td><code><pre>         * is xpath assertion</pre></code></td></tr><tr><td>0.498</td><td>INFO</td><td><code><pre>           * evaluating against context item #1</pre></code></td></tr><tr><td>0.506</td><td>INFO</td><td><code><pre>             * success</pre></code></td></tr><tr><td>0.514</td><td>INFO</td><td><code><pre>         * assertion passed</pre></code></td></tr><tr><td>0.524</td><td>INFO</td><td><code><pre>       * testing assertion 'the option 'option.required' should have the value 'option-value''</pre></code></td></tr><tr><td>0.532</td><td>INFO</td><td><code><pre>         * is xpath assertion</pre></code></td></tr><tr><td>0.540</td><td>INFO</td><td><code><pre>           * evaluating against context item #1</pre></code></td></tr><tr><td>0.548</td><td>INFO</td><td><code><pre>             * success</pre></code></td></tr><tr><td>0.557</td><td>INFO</td><td><code><pre>         * assertion passed</pre></code></td></tr><tr><td>0.582</td><td>INFO</td><td><code><pre> * skipping scenario 'pending scenario' (file:/home/jostein/xprocspec/src/test/xprocspec/tests/description-1.xprocspec)</pre></code></td></tr><tr><td>0.599</td><td>INFO</td><td><code><pre>reporting...</pre></code></td></tr></tbody></table><link/><script> </script><script>hljs.initHighlightingOnLoad();</script></body></html></x:document></x:output><x:output port="junit"><x:document xml:base="file:/home/jostein/xprocspec/src/main/resources/content/xml/xproc/report/report.xpl" type="inline"><testsuites><testsuite>
<properties>

<property/>
<property/>

</properties>
<testcase><system-out>the step should execute successfully without throwing any errors: SUCCESS</system-out>
<system-err/></testcase><testcase><system-out>the option 'option' should have the value 'option-value': SUCCESS</system-out>
<system-err/></testcase><testcase><system-out>the option 'option.required' should have the value 'option-value': SUCCESS</system-out>
<system-err/></testcase></testsuite><testsuite>
<properties>


</properties>
<testcase><skipped>Not implemented</skipped><system-out>pending scenario: SKIPPED</system-out></testcase></testsuite></testsuites></x:document></x:output><x:test-result contextref="errors" result="passed" max="0" label="the step should execute successfully without throwing any errors" type="count">
                                                        <x:expected>At most 0 documents.</x:expected>
                                                    <x:was>0</x:was></x:test-result><x:test-result contextref="context0" result="passed" test="not(/*/@tests='0') and /*/@failures='0' and /*/@errors='0'" label="there should be at least one test, and none of the tests should fail" type="xpath">
                                                        <x:expected>XPath: true()
Value: </x:expected>
                                                    
                                                        <x:was>XPath: not(/*/@tests='0') and /*/@failures='0' and /*/@errors='0'
Value: </x:was>
                                                    </x:test-result><x:test-result contextref="context0" result="passed" test="sum(/*/testsuite/number(@skipped))=1" label="one of the tests should be pending" type="xpath">
                                                        <x:expected>XPath: true()
Value: </x:expected>
                                                    
                                                        <x:was>XPath: sum(/*/testsuite/number(@skipped))=1
Value: </x:was>
                                                    </x:test-result></x:description><x:description xmlns:cx="http://xmlcalabash.com/ns/extensions" xmlns:c="http://www.w3.org/ns/xproc-step" xml:base="file:/home/jostein/xprocspec/src/test/xprocspec/test.xprocspec" test-base-uri="file:/home/jostein/xprocspec/src/test/xprocspec/test.xprocspec" script="file:/home/jostein/xprocspec/src/main/resources/content/xml/xproc/xprocspec.xpl" test-grammar="xprocspec" temp-dir="file:/tmp/xprocspec-20130902141648008/"><x:step-declaration><p:declare-step xmlns:p="http://www.w3.org/ns/xproc" xmlns:px="http://www.daisy.org/ns/xprocspec" xmlns:pxi="http://www.daisy.org/ns/xprocspec/xproc-internal/" xmlns:pkg="http://expath.org/ns/pkg" type="px:xprocspec" name="main" version="1.0" xpath-version="2.0" pkg:import-uri="http://www.daisy.org/ns/xprocspec/xprocspec.xpl" x:type="{http://www.daisy.org/ns/xprocspec}xprocspec"><p:input port="source" kind="document" sequence="false" primary="true"/><p:output port="result" kind="document" sequence="false" primary="false"><p:pipe port="result" step="report"/></p:output><p:output port="html" kind="document" sequence="false" primary="false"><p:pipe port="html" step="report"/></p:output><p:output port="junit" kind="document" sequence="false" primary="false"><p:pipe port="junit" step="report"/></p:output><p:option name="temp-dir" select="'file:/tmp/'"/></p:declare-step></x:step-declaration><x:scenario end-time="2013-09-02T12:16:51.564Z" label="the import element - two imports" start-time="2013-09-02T12:16:50.252Z"><x:call x:type="{http://www.daisy.org/ns/xprocspec}xprocspec" step="x:xprocspec"><x:option select="$temp-dir" name="temp-dir" value="file:/tmp/xprocspec-20130902141648008/"/><x:input port="source">
                    <x:document xml:base="file:/home/jostein/xprocspec/src/test/xprocspec/test.xprocspec" type="inline"><?xml-model href="http://www.daisy.org/ns/xprocspec/xprocspec.rng" type="application/xml" schematypens="http://relaxng.org/ns/structure/1.0"?><x:description xmlns:e="http://example.net/ns" script="../steps/identity.xpl">
    
    <x:import href="import-1a.xprocspec"/>
    <x:import href="import-1b.xprocspec"/>
    
    <x:scenario label="identity">
        <x:call step="e:identity">
            <x:option name="option.required" select="'import 1'"/>
        </x:call>
        <x:context label="the results">
            <x:document type="port" port="options"/>
        </x:context>
        <x:expect type="xpath" label="the option 'option.required' should have the value 'import 1'" test="/*/*[@name='option.required']/@value='import 1'"/>
    </x:scenario>
    
</x:description></x:document>
                </x:input></x:call>
                                                <x:context label="errors" id="errors">
                                                    
                                                </x:context>
                                            
                                                <x:expect type="count" label="the step should execute successfully without throwing any errors" max="0" contextref="errors"/>
                                            <x:context label="the junit output port" id="context1">
                <x:document xml:base="file:/home/jostein/xprocspec/src/main/resources/content/xml/xproc/report/report.xpl" type="inline"><testsuites tests="6" failures="0" time="1.136" errors="0" name="import1"><testsuite timestamp="2013-09-02T12:16:51.404Z" hostname="localhost" tests="2" errors="0" failures="0" skipped="0" id="d7034e1" name="identity" package="http://example.net/ns" time="0.008">
<properties>

<property name="option: option.required" value="import 1a"/>

</properties>
<testcase name="theStepShouldExecuteSuccessfullyWithoutThrowingAnyErrors" classname="identity" assertions="1" time="0" status="SUCCESS"><system-out>the step should execute successfully without throwing any errors: SUCCESS</system-out>
<system-err/></testcase><testcase name="theOptionOptionRequiredShouldHaveTheValueImport1a" classname="identity" assertions="1" time="0" status="SUCCESS"><system-out>the option 'option.required' should have the value 'import 1a': SUCCESS</system-out>
<system-err/></testcase></testsuite><testsuite timestamp="2013-09-02T12:16:51.414Z" hostname="localhost" tests="2" errors="0" failures="0" skipped="0" id="d7042e1" name="identity" package="http://example.net/ns" time="0.008">
<properties>

<property name="option: option.required" value="import 1b"/>

</properties>
<testcase name="theStepShouldExecuteSuccessfullyWithoutThrowingAnyErrors" classname="identity" assertions="1" time="0" status="SUCCESS"><system-out>the step should execute successfully without throwing any errors: SUCCESS</system-out>
<system-err/></testcase><testcase name="theOptionOptionRequiredShouldHaveTheValueImport1b" classname="identity" assertions="1" time="0" status="SUCCESS"><system-out>the option 'option.required' should have the value 'import 1b': SUCCESS</system-out>
<system-err/></testcase></testsuite><testsuite timestamp="2013-09-02T12:16:51.424Z" hostname="localhost" tests="2" errors="0" failures="0" skipped="0" id="d7049e1" name="identity" package="http://example.net/ns" time="0.01">
<properties>

<property name="option: option.required" value="import 1"/>

</properties>
<testcase name="theStepShouldExecuteSuccessfullyWithoutThrowingAnyErrors" classname="identity" assertions="1" time="0" status="SUCCESS"><system-out>the step should execute successfully without throwing any errors: SUCCESS</system-out>
<system-err/></testcase><testcase name="theOptionOptionRequiredShouldHaveTheValueImport1" classname="identity" assertions="1" time="0" status="SUCCESS"><system-out>the option 'option.required' should have the value 'import 1': SUCCESS</system-out>
<system-err/></testcase></testsuite></testsuites></x:document>
            </x:context><x:expect label="there should be at least one test, and none of the tests should fail" type="xpath" test="not(/*/@tests='0') and /*/@failures='0' and /*/@errors='0'" contextref="context1"/></x:scenario><x:output port="result"><x:document xml:base="file:/home/jostein/xprocspec/src/main/resources/content/xml/xproc/report/report.xpl" type="inline"><x:test-report><x:description><x:step-declaration><p:declare-step xmlns:p="http://www.w3.org/ns/xproc" xmlns:ex="http://example.net/ns"><p:input><p:inline>
            <source.document.primary.default/>
        </p:inline></p:input><p:input><p:inline>
            <source.document.secondary.sequence/>
        </p:inline></p:input><p:input><p:inline>
            <default>
                <default/>
                <default/>
            </default>
        </p:inline></p:input><p:input/><p:output><p:pipe/></p:output><p:output><p:pipe/></p:output><p:output><p:pipe/></p:output><p:output><p:pipe/></p:output><p:output><p:pipe/></p:output><p:option/><p:option/><p:option/></p:declare-step></x:step-declaration><x:scenario xmlns:e="http://example.net/ns"><x:call><x:option/></x:call>
                                                <x:context>
                                                    
                                                </x:context>
                                            
                                                <x:expect/>
                                            <x:context>
            <x:document>
                <c:options xmlns:ex="http://example.net/ns">
                    
                    <c:option/>
                    <c:option/>
                </c:options>
            </x:document>
        </x:context><x:expect/></x:scenario><x:output><x:document>
            <source.document.primary.default xmlns:ex="http://example.net/ns"/>
        </x:document></x:output><x:output><x:document>
            <source.document.secondary.sequence xmlns:ex="http://example.net/ns"/>
        </x:document></x:output><x:output><x:document><default xmlns:ex="http://example.net/ns"/></x:document><x:document><default xmlns:ex="http://example.net/ns"/></x:document></x:output><x:output><x:document><c:param-set/></x:document></x:output><x:output><x:document>
                <c:options xmlns:ex="http://example.net/ns">
                    
                    <c:option/>
                    <c:option/>
                </c:options>
            </x:document></x:output><x:test-result>
                                                        <x:expected>At most 0 documents.</x:expected>
                                                    <x:was>0</x:was></x:test-result><x:test-result>
                                                        <x:expected>XPath: true()
Value: </x:expected>
                                                    
                                                        <x:was>XPath: /*/*[@name='option.required']/@value='import 1a'
Value: </x:was>
                                                    </x:test-result></x:description><x:description><x:step-declaration><p:declare-step xmlns:p="http://www.w3.org/ns/xproc" xmlns:ex="http://example.net/ns"><p:input><p:inline>
            <source.document.primary.default/>
        </p:inline></p:input><p:input><p:inline>
            <source.document.secondary.sequence/>
        </p:inline></p:input><p:input><p:inline>
            <default>
                <default/>
                <default/>
            </default>
        </p:inline></p:input><p:input/><p:output><p:pipe/></p:output><p:output><p:pipe/></p:output><p:output><p:pipe/></p:output><p:output><p:pipe/></p:output><p:output><p:pipe/></p:output><p:option/><p:option/><p:option/></p:declare-step></x:step-declaration><x:scenario xmlns:e="http://example.net/ns"><x:call><x:option/></x:call>
                                                <x:context>
                                                    
                                                </x:context>
                                            
                                                <x:expect/>
                                            <x:context>
            <x:document>
                <c:options xmlns:ex="http://example.net/ns">
                    
                    <c:option/>
                    <c:option/>
                </c:options>
            </x:document>
        </x:context><x:expect/></x:scenario><x:output><x:document>
            <source.document.primary.default xmlns:ex="http://example.net/ns"/>
        </x:document></x:output><x:output><x:document>
            <source.document.secondary.sequence xmlns:ex="http://example.net/ns"/>
        </x:document></x:output><x:output><x:document><default xmlns:ex="http://example.net/ns"/></x:document><x:document><default xmlns:ex="http://example.net/ns"/></x:document></x:output><x:output><x:document><c:param-set/></x:document></x:output><x:output><x:document>
                <c:options xmlns:ex="http://example.net/ns">
                    
                    <c:option/>
                    <c:option/>
                </c:options>
            </x:document></x:output><x:test-result>
                                                        <x:expected>At most 0 documents.</x:expected>
                                                    <x:was>0</x:was></x:test-result><x:test-result>
                                                        <x:expected>XPath: true()
Value: </x:expected>
                                                    
                                                        <x:was>XPath: /*/*[@name='option.required']/@value='import 1b'
Value: </x:was>
                                                    </x:test-result></x:description><x:description><x:step-declaration><p:declare-step xmlns:p="http://www.w3.org/ns/xproc" xmlns:ex="http://example.net/ns"><p:input><p:inline>
            <source.document.primary.default/>
        </p:inline></p:input><p:input><p:inline>
            <source.document.secondary.sequence/>
        </p:inline></p:input><p:input><p:inline>
            <default>
                <default/>
                <default/>
            </default>
        </p:inline></p:input><p:input/><p:output><p:pipe/></p:output><p:output><p:pipe/></p:output><p:output><p:pipe/></p:output><p:output><p:pipe/></p:output><p:output><p:pipe/></p:output><p:option/><p:option/><p:option/></p:declare-step></x:step-declaration><x:scenario xmlns:e="http://example.net/ns"><x:call><x:option/></x:call>
                                                <x:context>
                                                    
                                                </x:context>
                                            
                                                <x:expect/>
                                            <x:context>
            <x:document>
                <c:options xmlns:ex="http://example.net/ns">
                    
                    <c:option/>
                    <c:option/>
                </c:options>
            </x:document>
        </x:context><x:expect/></x:scenario><x:output><x:document>
            <source.document.primary.default xmlns:ex="http://example.net/ns"/>
        </x:document></x:output><x:output><x:document>
            <source.document.secondary.sequence xmlns:ex="http://example.net/ns"/>
        </x:document></x:output><x:output><x:document><default xmlns:ex="http://example.net/ns"/></x:document><x:document><default xmlns:ex="http://example.net/ns"/></x:document></x:output><x:output><x:document><c:param-set/></x:document></x:output><x:output><x:document>
                <c:options xmlns:ex="http://example.net/ns">
                    
                    <c:option/>
                    <c:option/>
                </c:options>
            </x:document></x:output><x:test-result>
                                                        <x:expected>At most 0 documents.</x:expected>
                                                    <x:was>0</x:was></x:test-result><x:test-result>
                                                        <x:expected>XPath: true()
Value: </x:expected>
                                                    
                                                        <x:was>XPath: /*/*[@name='option.required']/@value='import 1'
Value: </x:was>
                                                    </x:test-result></x:description></x:test-report></x:document></x:output><x:output port="html"><x:document xml:base="file:/home/jostein/xprocspec/src/main/resources/content/xml/xproc/report/report-template.xhtml" type="inline"><html xmlns="http://www.w3.org/1999/xhtml"><head><title>Test Report for file:/home/jostein/xprocspec/src/test/xprocspec/tests/import-1.xprocspec (passed:6 / pending:0 / failed:0 / errors:0 / total:6)</title>
        <meta/>
        <style>/**/
/****************************************************************************/
/*  File:       test-report.css                                             */
/*  Author:     Jeni Tennsion                                               */
/*  URI:        http://xspec.googlecode.com/                                */
/*  Tags:                                                                   */
/*    Copyright (c) 2008, 2010 Jeni Tennsion (see end of file.)             */
/* ------------------------------------------------------------------------ */


/* test */

/* box model */

body {
	margin-right: 1em;
	/*margin-left: 10%;*/
	}

h1 {
	padding: 0.3em 0.5em 0.3em 0.5em;
	position: relative;
	}

h2 {
	padding: 0.1em 0.5em 0.2em 0.5em;
	}

h3 {
	padding-left: 0.6em;
	}

h4 {
	padding-left: 0.8em;
	}

p, table {
	/*margin-left: 5%;*/
	}

dd ul, dd ol {
	margin-left: 0%;
	}

li ul, li ol {
	/*margin-left: 5%;*/
	}

dl, ul, ol, blockquote {
	/*margin-left: 10%;*/
	}

dt {
  padding-top: 3px;
  padding-bottom: 3px;
	clear: both;
	}

dd p {
	/*margin-left: -5px;*/
	margin-top: 5px;
	clear: both;
	}

p.link {
	margin-top: 4px;
	margin-bottom: 0px;
	clear: both;
	}

tr td, td p, li, li p {
	margin-left: 0%;
	}

td:nth-child(2) {
	padding-left: 5%;
	}

.link img, dt img {
	vertical-align: middle;
	position: relative;
	top: -5px;
	}

img {
	position: relative;
	}

#xml-link {
	position: absolute;
	left: 5px;
	top: 5px;
	width: 10%;
	margin-left: 0%;
	}

#link-up {
	position: absolute;
	left: 93%;
	right: 2em;
	top: 0.3em;
	}

#link-top {
	position: absolute;
	left: 89%;
	right: 4em;
	top: 0.3em;
	}
	
.popup {
	display: block;
	visibility: hidden;
	float: right;
	position: absolute;
	top: 5px;
	left: -200px;
	z-index: 1;
	padding: 0.3em;
	width: 220px;
	}

.note {
	position: relative;
	}

.post {
	/*margin-left: 5%;*/
	padding-top: 1em;
	}
	
.example, .sidebar {
  /*margin-left: 5%;*/
  margin-top: 1em;
  margin-bottom: 1em;
  }

/*pre {
	padding-left: 5%;
	margin-left: 5%;
	}*/

/*dd pre, li pre {
	padding-left: 5%;
	}*/

/* fonts */
/* Oxygen  */
body, table {
    font-family:arial, helvetica, sans-serif;
    font-size:12px;
}
/* Oxygen  */

/*body {
	font-family: Verdana, arial, sans-serif;
	font-size: small;
	}*/	

/*h1, h2, h3, h4, h5, h6 {
	font-family: 'trebuchet MS', arial, sans-serif;
	}*/

h1 {
	font-size: 173%;
	font-weight: bold;
	}

h2 {
	font-size: 144%;
	font-weight: normal;
	}

h3 {
	font-size: 120%;
	font-weight: normal;
	}

h4 {
  font-size: 100%;
  font-weight: bold;
}

dt {
	font-weight: bold;
	}

a:link, a:visited, a:active, a:hover {
	font-weight: bold;
	}

a.offsite:link, a.offsite:visited, a.offsite:active, a.offsite:hover {
	font-weight: normal;
	}

/* suppress the normal italics */
address {
	font-style: normal;
	}

div.example, .sidebar {
  font-family: Verdana, arial, sans-serif;
  font-size: 100%;
  }


.note, .link {
	font-family: Verdana, arial, sans-serif;
	/*font-size: 83%;*/
	}

/*.example, .string, .rtf, .code, pre, code {
	font-family: "Lucida Console", "Courier New", monospace;*/
  /*font-size: 83%;*/
/*	}*/

.boolean {
	font-style: italic;
	}

#colophon, #xml-link {
	font-size: 69%;
	}

.question, .title {
	font-weight: bold;
	}

/* colours */
body {
	background-color: white;
	color: black;
	border: 0px none black;
	}

/* this is to make Navigator fill the entire line */
h1, h2 {
	border: 1px solid white;
	width: auto;
	}

h1 {
	/*background: #606;*/
	/*color: #6F6;*/
	}

h2 {
	color: #606;
	/*background: #CFC;*/
	}

hr {
	color: #606;
	background: white;
	}

img, a:link img, a:visited img, a:hover img, a:active img, #link-up img, #link-top img {
	border: 0px none white;
	background: transparent;
	}

/* OXYGEN */
a, a:visited {
    color:rgb(0, 0, 150);
    background-color:inherit;
    font-weight: bold;
}
a:link, a:visited {
    text-decoration:none; 
}
a:hover {
    text-decoration:underline;
}

/* OXYGEN */

a.img:hover, a.img:active {
	background: transparent;
	}

#colophon, #xml-link, .note {
	color: #666;
	}

#colophon a:link, #colophon a:visited, #colophon a:hover,
#xml-link a:link, #xml-link a:visited, #xml-link a:hover,
.note a:link, .note a:visited, .note a:hover {
	color: #969;
	background: transparent;
	}

#colophon a:hover, #xml-link a:hover, .note a:hover {
	background: #CFC;
	color: #969;
	}

.popup {
	background: white;
	border: 1px solid #606;
	}

.post {
	border-top: 2px solid #606;
	}
	
.example {
  border-top: 2px solid #606;
  border-bottom: 2px solid #606;
  }
  
.sidebar {
  border-top: 2px solid #090;
  border-bottom: 2px solid #090;
  }
  
.rng {
  border-left: 2px solid #666;
  }

.same {
  background-color: rgb(206, 239, 174);
}

.diff {
  background-color: #FCC;
}

.whitespace {
	font-style: italic;
	color: #999;
	background: white;
}

.ignored {
  font-style: italic;
  color: #999;
  background: white;
}

.hit {
}

.missed {
  background-color: #A33;
  color: white;
}

/* text */
ol ol li {
	list-style: lower-alpha;
	}

th {
	text-align: left;
	}

td {
	vertical-align: top;
	}

h1 {
	text-transform: uppercase;
	}

h2, h3 {
	/*text-transform: capitalize;*/
	}

.question {
	text-indent: -33px;
	}

.byline {
	text-align: right;
	}

#link-top, #link-up {
	text-align: right;
	}

a {
	text-decoration: none;
	}

table { width: 85%;
        /* border: collapse; */ }

th { text-align: left; }

.xspec tbody th { font-weight: normal; /*font-size: 0.8em;*/ border-top: 1px #666 solid; }
.xspec tbody td { /*font-size: 0.8em;*/ color: #666; }

.successful.label th, .successful.label td { background-color: #CFC; }
.pending.label th, .pending.label td { background-color: #DDD; color: #666; }
.failed.label th, .failed.label td { background-color: #FCC; }
.error.label th, .error.label td { background-color: #FAA; }
/*body &gt; table tbody .failed.label th:first-child:before {content:url(data:image/png;base64,iVBORw0KGgoAAAANSUhEUgAAAAwAAAAMCAYAAABWdVznAAAAGXRFWHRTb2Z0d2FyZQBBZG9iZSBJbWFnZVJlYWR5ccllPAAAA2ZpVFh0WE1MOmNvbS5hZG9iZS54bXAAAAAAADw/eHBhY2tldCBiZWdpbj0i77u/IiBpZD0iVzVNME1wQ2VoaUh6cmVTek5UY3prYzlkIj8+IDx4OnhtcG1ldGEgeG1sbnM6eD0iYWRvYmU6bnM6bWV0YS8iIHg6eG1wdGs9IkFkb2JlIFhNUCBDb3JlIDUuMy1jMDExIDY2LjE0NTY2MSwgMjAxMi8wMi8wNi0xNDo1NjoyNyAgICAgICAgIj4gPHJkZjpSREYgeG1sbnM6cmRmPSJodHRwOi8vd3d3LnczLm9yZy8xOTk5LzAyLzIyLXJkZi1zeW50YXgtbnMjIj4gPHJkZjpEZXNjcmlwdGlvbiByZGY6YWJvdXQ9IiIgeG1sbnM6eG1wTU09Imh0dHA6Ly9ucy5hZG9iZS5jb20veGFwLzEuMC9tbS8iIHhtbG5zOnN0UmVmPSJodHRwOi8vbnMuYWRvYmUuY29tL3hhcC8xLjAvc1R5cGUvUmVzb3VyY2VSZWYjIiB4bWxuczp4bXA9Imh0dHA6Ly9ucy5hZG9iZS5jb20veGFwLzEuMC8iIHhtcE1NOk9yaWdpbmFsRG9jdW1lbnRJRD0ieG1wLmRpZDpCQjU0NjU4QjIyQTNFMTExQkI5Rjk5QkQ4RkQ5RUJFQiIgeG1wTU06RG9jdW1lbnRJRD0ieG1wLmRpZDpEQTUyOTdBQUEzRDUxMUUxQTQwN0YzMUI0Nzg3NDU1RSIgeG1wTU06SW5zdGFuY2VJRD0ieG1wLmlpZDpEQTUyOTdBOUEzRDUxMUUxQTQwN0YzMUI0Nzg3NDU1RSIgeG1wOkNyZWF0b3JUb29sPSJBZG9iZSBQaG90b3Nob3AgQ1M2IChXaW5kb3dzKSI+IDx4bXBNTTpEZXJpdmVkRnJvbSBzdFJlZjppbnN0YW5jZUlEPSJ4bXAuaWlkOjQ4MTZDRTNCRDVBM0UxMTFBQTI2QTBCMjZENzg1Qzg5IiBzdFJlZjpkb2N1bWVudElEPSJ4bXAuZGlkOkJCNTQ2NThCMjJBM0UxMTFCQjlGOTlCRDhGRDlFQkVCIi8+IDwvcmRmOkRlc2NyaXB0aW9uPiA8L3JkZjpSREY+IDwveDp4bXBtZXRhPiA8P3hwYWNrZXQgZW5kPSJyIj8+aHNJrgAAAZ1JREFUeNpsUssrRGEU/907985YMDPNYlh4hbKZPMdgR3aysrGSSFIeKyUKpewoRTYkmcgCf4MsMI2FPDYGKeUZSoru4/uc82VC+W7fOeee+zvn/M45V1uuyCmVwDogq0hDklD6jy1dspNkdxokVrIzPFUh0/MD5OdXoJDwPFtu3d2ns6TTp9oggTlFZlmN0o4AHMmXfJGo0lmGzoE1OgmNHf5YA8rmN5HfM6wADmUuHphA9cIW/JX1yiek9DIlyijxkNjBzXYche19gNcHzfShoLUdVxtLuD/cYzCoMAzCwqYrhMDx9Chs20JRWzf4nMcXcDI3pYAqQHIAtWUJbpKursMMhpA+RiAEGzpc4X5XkDB4GjaHmiZik/PIa2rBEWVlSuW9Q+T3YndskBi46QpQFcLltchtbEZyZhxna4uKhmV9Ito/gtPNOG4P99WItdlIWARNXWOAv6AEr9cplel7/ggUleDlMqUSvNnCobHKxDsNnqs8XaWUZopp/XhxTkOR+HDVOveYUge9rNLyY9SU9v+vwXuUB2R0fQkwABfn/VKSjTLBAAAAAElFTkSuQmCC) " "}*/
/*body &gt; table tbody .error.label th:first-child:before {content:url(data:image/png;base64,iVBORw0KGgoAAAANSUhEUgAAAAwAAAAMCAYAAABWdVznAAAABmJLR0QAAAAAAAD5Q7t/AAAACXBIWXMAAAsTAAALEwEAmpwYAAAAB3RJTUUH3QcKER4AdkxvvQAAAdVJREFUKM89kM9KG0EAh7/JTHazZInEQwJ68KIWLx6Etj6EjxAobYSsD+BjCJ682EOp0FMueYmS0FMICF4i6tFNzJ/dyRh2Znoo6Xf+Pn7wEzc3Nx/W6/UvY8xJnudkWYa1Fu893nviOCaKIhuG4R/v/Ve1Xq9/bG1tnezs7JDnOVpr3t/fcc4hpaRSqVCpVORqtTp9e3v7rrTWn5vNJpPJhHK5zHg8JssyvPeEYcjR0RFpmlKr1ZjP5x9Li8VCbOR2u83BwQEvLy88PT1xfHzMxcUFQgjSNCXLskDlec5sNuPx8REpJZ1Oh+fnZ4QQnJ+fc319Tb/fZ29vD601SmvNdDplsVhwe3vLaDTi6uoKgCRJGAwGNBoNXl9fMcZQcs5hjGG1WpHnObVajQ3VahWtNcYYjDE451Cb+7z3JElCkiScnZ0hpaTX67G7u0u328V7/y+oVqsIITg8PKTT6dBqtRgOhzjnaLVa3N3dcX9/z3K5JI5jxOXlpSuKQqRpirWWh4eH//Plcpn9/X2cc2xvb1MqlQqllBpYa0/jOGYymdBsNsmyDOccURRRFAX1eh2lFGEY/lZBEHyx1v703n8KgkBEUYSUEu/9RkIIUQRB0A/D8NtflUT+nn4OS+0AAAAASUVORK5CYII=) " "}*/
.failed.label th:first-child:before, .failed.label td:first-child:before {content:url(data:image/png;base64,iVBORw0KGgoAAAANSUhEUgAAAAwAAAAMCAYAAABWdVznAAAAGXRFWHRTb2Z0d2FyZQBBZG9iZSBJbWFnZVJlYWR5ccllPAAAA2ZpVFh0WE1MOmNvbS5hZG9iZS54bXAAAAAAADw/eHBhY2tldCBiZWdpbj0i77u/IiBpZD0iVzVNME1wQ2VoaUh6cmVTek5UY3prYzlkIj8+IDx4OnhtcG1ldGEgeG1sbnM6eD0iYWRvYmU6bnM6bWV0YS8iIHg6eG1wdGs9IkFkb2JlIFhNUCBDb3JlIDUuMy1jMDExIDY2LjE0NTY2MSwgMjAxMi8wMi8wNi0xNDo1NjoyNyAgICAgICAgIj4gPHJkZjpSREYgeG1sbnM6cmRmPSJodHRwOi8vd3d3LnczLm9yZy8xOTk5LzAyLzIyLXJkZi1zeW50YXgtbnMjIj4gPHJkZjpEZXNjcmlwdGlvbiByZGY6YWJvdXQ9IiIgeG1sbnM6eG1wTU09Imh0dHA6Ly9ucy5hZG9iZS5jb20veGFwLzEuMC9tbS8iIHhtbG5zOnN0UmVmPSJodHRwOi8vbnMuYWRvYmUuY29tL3hhcC8xLjAvc1R5cGUvUmVzb3VyY2VSZWYjIiB4bWxuczp4bXA9Imh0dHA6Ly9ucy5hZG9iZS5jb20veGFwLzEuMC8iIHhtcE1NOk9yaWdpbmFsRG9jdW1lbnRJRD0ieG1wLmRpZDpCQjU0NjU4QjIyQTNFMTExQkI5Rjk5QkQ4RkQ5RUJFQiIgeG1wTU06RG9jdW1lbnRJRD0ieG1wLmRpZDpEQTUyOTdBQUEzRDUxMUUxQTQwN0YzMUI0Nzg3NDU1RSIgeG1wTU06SW5zdGFuY2VJRD0ieG1wLmlpZDpEQTUyOTdBOUEzRDUxMUUxQTQwN0YzMUI0Nzg3NDU1RSIgeG1wOkNyZWF0b3JUb29sPSJBZG9iZSBQaG90b3Nob3AgQ1M2IChXaW5kb3dzKSI+IDx4bXBNTTpEZXJpdmVkRnJvbSBzdFJlZjppbnN0YW5jZUlEPSJ4bXAuaWlkOjQ4MTZDRTNCRDVBM0UxMTFBQTI2QTBCMjZENzg1Qzg5IiBzdFJlZjpkb2N1bWVudElEPSJ4bXAuZGlkOkJCNTQ2NThCMjJBM0UxMTFCQjlGOTlCRDhGRDlFQkVCIi8+IDwvcmRmOkRlc2NyaXB0aW9uPiA8L3JkZjpSREY+IDwveDp4bXBtZXRhPiA8P3hwYWNrZXQgZW5kPSJyIj8+aHNJrgAAAZ1JREFUeNpsUssrRGEU/907985YMDPNYlh4hbKZPMdgR3aysrGSSFIeKyUKpewoRTYkmcgCf4MsMI2FPDYGKeUZSoru4/uc82VC+W7fOeee+zvn/M45V1uuyCmVwDogq0hDklD6jy1dspNkdxokVrIzPFUh0/MD5OdXoJDwPFtu3d2ns6TTp9oggTlFZlmN0o4AHMmXfJGo0lmGzoE1OgmNHf5YA8rmN5HfM6wADmUuHphA9cIW/JX1yiek9DIlyijxkNjBzXYche19gNcHzfShoLUdVxtLuD/cYzCoMAzCwqYrhMDx9Chs20JRWzf4nMcXcDI3pYAqQHIAtWUJbpKursMMhpA+RiAEGzpc4X5XkDB4GjaHmiZik/PIa2rBEWVlSuW9Q+T3YndskBi46QpQFcLltchtbEZyZhxna4uKhmV9Ito/gtPNOG4P99WItdlIWARNXWOAv6AEr9cplel7/ggUleDlMqUSvNnCobHKxDsNnqs8XaWUZopp/XhxTkOR+HDVOveYUge9rNLyY9SU9v+vwXuUB2R0fQkwABfn/VKSjTLBAAAAAElFTkSuQmCC) " "}
.error.label th:first-child:before, .error.label td:first-child:before {content:url(data:image/png;base64,iVBORw0KGgoAAAANSUhEUgAAAAwAAAAMCAYAAABWdVznAAAABmJLR0QAAAAAAAD5Q7t/AAAACXBIWXMAAAsTAAALEwEAmpwYAAAAB3RJTUUH3QcKER4AdkxvvQAAAdVJREFUKM89kM9KG0EAh7/JTHazZInEQwJ68KIWLx6Etj6EjxAobYSsD+BjCJ682EOp0FMueYmS0FMICF4i6tFNzJ/dyRh2Znoo6Xf+Pn7wEzc3Nx/W6/UvY8xJnudkWYa1Fu893nviOCaKIhuG4R/v/Ve1Xq9/bG1tnezs7JDnOVpr3t/fcc4hpaRSqVCpVORqtTp9e3v7rrTWn5vNJpPJhHK5zHg8JssyvPeEYcjR0RFpmlKr1ZjP5x9Li8VCbOR2u83BwQEvLy88PT1xfHzMxcUFQgjSNCXLskDlec5sNuPx8REpJZ1Oh+fnZ4QQnJ+fc319Tb/fZ29vD601SmvNdDplsVhwe3vLaDTi6uoKgCRJGAwGNBoNXl9fMcZQcs5hjGG1WpHnObVajQ3VahWtNcYYjDE451Cb+7z3JElCkiScnZ0hpaTX67G7u0u328V7/y+oVqsIITg8PKTT6dBqtRgOhzjnaLVa3N3dcX9/z3K5JI5jxOXlpSuKQqRpirWWh4eH//Plcpn9/X2cc2xvb1MqlQqllBpYa0/jOGYymdBsNsmyDOccURRRFAX1eh2lFGEY/lZBEHyx1v703n8KgkBEUYSUEu/9RkIIUQRB0A/D8NtflUT+nn4OS+0AAAAASUVORK5CYII=) " "}
.pending.label th:first-child:before, .pending.label td:first-child:before {content:url(data:image/png;base64,iVBORw0KGgoAAAANSUhEUgAAAAwAAAAMCAYAAABWdVznAAAAGXRFWHRTb2Z0d2FyZQBBZG9iZSBJbWFnZVJlYWR5ccllPAAAA2ZpVFh0WE1MOmNvbS5hZG9iZS54bXAAAAAAADw/eHBhY2tldCBiZWdpbj0i77u/IiBpZD0iVzVNME1wQ2VoaUh6cmVTek5UY3prYzlkIj8+IDx4OnhtcG1ldGEgeG1sbnM6eD0iYWRvYmU6bnM6bWV0YS8iIHg6eG1wdGs9IkFkb2JlIFhNUCBDb3JlIDUuMy1jMDExIDY2LjE0NTY2MSwgMjAxMi8wMi8wNi0xNDo1NjoyNyAgICAgICAgIj4gPHJkZjpSREYgeG1sbnM6cmRmPSJodHRwOi8vd3d3LnczLm9yZy8xOTk5LzAyLzIyLXJkZi1zeW50YXgtbnMjIj4gPHJkZjpEZXNjcmlwdGlvbiByZGY6YWJvdXQ9IiIgeG1sbnM6eG1wTU09Imh0dHA6Ly9ucy5hZG9iZS5jb20veGFwLzEuMC9tbS8iIHhtbG5zOnN0UmVmPSJodHRwOi8vbnMuYWRvYmUuY29tL3hhcC8xLjAvc1R5cGUvUmVzb3VyY2VSZWYjIiB4bWxuczp4bXA9Imh0dHA6Ly9ucy5hZG9iZS5jb20veGFwLzEuMC8iIHhtcE1NOk9yaWdpbmFsRG9jdW1lbnRJRD0ieG1wLmRpZDpCQjU0NjU4QjIyQTNFMTExQkI5Rjk5QkQ4RkQ5RUJFQiIgeG1wTU06RG9jdW1lbnRJRD0ieG1wLmRpZDpDODdDM0Y0QUEzRDUxMUUxQjk5N0MzQjVFRDMyQUE1MiIgeG1wTU06SW5zdGFuY2VJRD0ieG1wLmlpZDpDODdDM0Y0OUEzRDUxMUUxQjk5N0MzQjVFRDMyQUE1MiIgeG1wOkNyZWF0b3JUb29sPSJBZG9iZSBQaG90b3Nob3AgQ1M2IChXaW5kb3dzKSI+IDx4bXBNTTpEZXJpdmVkRnJvbSBzdFJlZjppbnN0YW5jZUlEPSJ4bXAuaWlkOjQ4MTZDRTNCRDVBM0UxMTFBQTI2QTBCMjZENzg1Qzg5IiBzdFJlZjpkb2N1bWVudElEPSJ4bXAuZGlkOkJCNTQ2NThCMjJBM0UxMTFCQjlGOTlCRDhGRDlFQkVCIi8+IDwvcmRmOkRlc2NyaXB0aW9uPiA8L3JkZjpSREY+IDwveDp4bXBtZXRhPiA8P3hwYWNrZXQgZW5kPSJyIj8+yj6RYgAAAPZJREFUeNp0kM8KgkAQxmc1E0Wfo3vQn5eRSDx4EUHwbTpEhx4lil7DiydBQUFXp5nAMNsGhpnd/X77za4Iw3CFiFcAWFMFDkXtKZ/UHhfUnB3HWdu2/REpAL2u631ZlicGdpZlwTAMSmBM0zS5bhgQLB5FU3AOUS4XvNn3vVKgAACCIMA0TbFpGsyyDJMkefdFUWAcx1hVFeZ5jlEUoed5qPEI7KDrOhiG8e6llNC27Zcz77FW+L6Pruv+WKtGIzfgR39umv/UHOJgAMlO/BPOXCQDD5p3r2ma8lvHNU9BcWPg0HXdhRZbOhRT8aSXVO9U/ZcAAwAsmjsSQcM0lwAAAABJRU5ErkJggg==) " ";}
.successful.label th:first-child:before, .successful.label td:first-child:before {content:url(data:image/png;base64,iVBORw0KGgoAAAANSUhEUgAAAAwAAAAMCAYAAABWdVznAAAAGXRFWHRTb2Z0d2FyZQBBZG9iZSBJbWFnZVJlYWR5ccllPAAAA2ZpVFh0WE1MOmNvbS5hZG9iZS54bXAAAAAAADw/eHBhY2tldCBiZWdpbj0i77u/IiBpZD0iVzVNME1wQ2VoaUh6cmVTek5UY3prYzlkIj8+IDx4OnhtcG1ldGEgeG1sbnM6eD0iYWRvYmU6bnM6bWV0YS8iIHg6eG1wdGs9IkFkb2JlIFhNUCBDb3JlIDUuMy1jMDExIDY2LjE0NTY2MSwgMjAxMi8wMi8wNi0xNDo1NjoyNyAgICAgICAgIj4gPHJkZjpSREYgeG1sbnM6cmRmPSJodHRwOi8vd3d3LnczLm9yZy8xOTk5LzAyLzIyLXJkZi1zeW50YXgtbnMjIj4gPHJkZjpEZXNjcmlwdGlvbiByZGY6YWJvdXQ9IiIgeG1sbnM6eG1wTU09Imh0dHA6Ly9ucy5hZG9iZS5jb20veGFwLzEuMC9tbS8iIHhtbG5zOnN0UmVmPSJodHRwOi8vbnMuYWRvYmUuY29tL3hhcC8xLjAvc1R5cGUvUmVzb3VyY2VSZWYjIiB4bWxuczp4bXA9Imh0dHA6Ly9ucy5hZG9iZS5jb20veGFwLzEuMC8iIHhtcE1NOk9yaWdpbmFsRG9jdW1lbnRJRD0ieG1wLmRpZDpCQjU0NjU4QjIyQTNFMTExQkI5Rjk5QkQ4RkQ5RUJFQiIgeG1wTU06RG9jdW1lbnRJRD0ieG1wLmRpZDpEMDVBNThBQUEzRDUxMUUxQjdCQkM2QUNBMTNBMDExNiIgeG1wTU06SW5zdGFuY2VJRD0ieG1wLmlpZDpEMDVBNThBOUEzRDUxMUUxQjdCQkM2QUNBMTNBMDExNiIgeG1wOkNyZWF0b3JUb29sPSJBZG9iZSBQaG90b3Nob3AgQ1M2IChXaW5kb3dzKSI+IDx4bXBNTTpEZXJpdmVkRnJvbSBzdFJlZjppbnN0YW5jZUlEPSJ4bXAuaWlkOjQ4MTZDRTNCRDVBM0UxMTFBQTI2QTBCMjZENzg1Qzg5IiBzdFJlZjpkb2N1bWVudElEPSJ4bXAuZGlkOkJCNTQ2NThCMjJBM0UxMTFCQjlGOTlCRDhGRDlFQkVCIi8+IDwvcmRmOkRlc2NyaXB0aW9uPiA8L3JkZjpSREY+IDwveDp4bXBtZXRhPiA8P3hwYWNrZXQgZW5kPSJyIj8+xJ3YrgAAAYBJREFUeNpsUrtKA1EQPZtdY4gEQiD4QCsLEVGX4CP4AykEq1hYiGghCDZ+gBZWVtrZ+EAjaGOhfoAkNiaKhYWICilMEQNqoYjZ5O4d5+6ucQuLM3funDNzD7OrLe229YBwSKAEnyAP/pyIbL5fcz5rcNiLtuqJSEz3ickn5ruE/vFmJ9/LYjvAldGWqA7bJkgPtoAHQrS5G6NdiwhFWCoxHOCgKUL+iurkCBVawyamE8d4qmSZ51clBZUlh+RG14JzEsJNcaTNLVwWd1B6vXXqkmGoYNeVUPnW3JNr4+YarPoncvebEAKNekAlokaY6N/A1NA+SBgY6Eijtz2Fs5sVWNWawysorWNJsO+q9QWzaxLTYwfojA3isZzDfSnrWvTsNiyp7pOrZURC7ejrTDEpcVpY9ab+NSioLZEiapZA5nwBxZcC8g9HeK7ccYM7TDnwmoU2vx6/NIJaUjc0b0u8YvJNle5HdJvlhbI0Y31ThqsjTGr0/+8hOOQ5nfsRYACtHiy+FDd82wAAAABJRU5ErkJggg==) " "}
/*.successful.label a:before {content:url(data:image/png;base64,iVBORw0KGgoAAAANSUhEUgAAAAwAAAAMCAYAAABWdVznAAAAGXRFWHRTb2Z0d2FyZQBBZG9iZSBJbWFnZVJlYWR5ccllPAAAA2ZpVFh0WE1MOmNvbS5hZG9iZS54bXAAAAAAADw/eHBhY2tldCBiZWdpbj0i77u/IiBpZD0iVzVNME1wQ2VoaUh6cmVTek5UY3prYzlkIj8+IDx4OnhtcG1ldGEgeG1sbnM6eD0iYWRvYmU6bnM6bWV0YS8iIHg6eG1wdGs9IkFkb2JlIFhNUCBDb3JlIDUuMy1jMDExIDY2LjE0NTY2MSwgMjAxMi8wMi8wNi0xNDo1NjoyNyAgICAgICAgIj4gPHJkZjpSREYgeG1sbnM6cmRmPSJodHRwOi8vd3d3LnczLm9yZy8xOTk5LzAyLzIyLXJkZi1zeW50YXgtbnMjIj4gPHJkZjpEZXNjcmlwdGlvbiByZGY6YWJvdXQ9IiIgeG1sbnM6eG1wTU09Imh0dHA6Ly9ucy5hZG9iZS5jb20veGFwLzEuMC9tbS8iIHhtbG5zOnN0UmVmPSJodHRwOi8vbnMuYWRvYmUuY29tL3hhcC8xLjAvc1R5cGUvUmVzb3VyY2VSZWYjIiB4bWxuczp4bXA9Imh0dHA6Ly9ucy5hZG9iZS5jb20veGFwLzEuMC8iIHhtcE1NOk9yaWdpbmFsRG9jdW1lbnRJRD0ieG1wLmRpZDpCQjU0NjU4QjIyQTNFMTExQkI5Rjk5QkQ4RkQ5RUJFQiIgeG1wTU06RG9jdW1lbnRJRD0ieG1wLmRpZDpEMDVBNThBQUEzRDUxMUUxQjdCQkM2QUNBMTNBMDExNiIgeG1wTU06SW5zdGFuY2VJRD0ieG1wLmlpZDpEMDVBNThBOUEzRDUxMUUxQjdCQkM2QUNBMTNBMDExNiIgeG1wOkNyZWF0b3JUb29sPSJBZG9iZSBQaG90b3Nob3AgQ1M2IChXaW5kb3dzKSI+IDx4bXBNTTpEZXJpdmVkRnJvbSBzdFJlZjppbnN0YW5jZUlEPSJ4bXAuaWlkOjQ4MTZDRTNCRDVBM0UxMTFBQTI2QTBCMjZENzg1Qzg5IiBzdFJlZjpkb2N1bWVudElEPSJ4bXAuZGlkOkJCNTQ2NThCMjJBM0UxMTFCQjlGOTlCRDhGRDlFQkVCIi8+IDwvcmRmOkRlc2NyaXB0aW9uPiA8L3JkZjpSREY+IDwveDp4bXBtZXRhPiA8P3hwYWNrZXQgZW5kPSJyIj8+xJ3YrgAAAYBJREFUeNpsUrtKA1EQPZtdY4gEQiD4QCsLEVGX4CP4AykEq1hYiGghCDZ+gBZWVtrZ+EAjaGOhfoAkNiaKhYWICilMEQNqoYjZ5O4d5+6ucQuLM3funDNzD7OrLe229YBwSKAEnyAP/pyIbL5fcz5rcNiLtuqJSEz3ickn5ruE/vFmJ9/LYjvAldGWqA7bJkgPtoAHQrS5G6NdiwhFWCoxHOCgKUL+iurkCBVawyamE8d4qmSZ51clBZUlh+RG14JzEsJNcaTNLVwWd1B6vXXqkmGoYNeVUPnW3JNr4+YarPoncvebEAKNekAlokaY6N/A1NA+SBgY6Eijtz2Fs5sVWNWawysorWNJsO+q9QWzaxLTYwfojA3isZzDfSnrWvTsNiyp7pOrZURC7ejrTDEpcVpY9ab+NSioLZEiapZA5nwBxZcC8g9HeK7ccYM7TDnwmoU2vx6/NIJaUjc0b0u8YvJNle5HdJvlhbI0Y31ThqsjTGr0/+8hOOQ5nfsRYACtHiy+FDd82wAAAABJRU5ErkJggg==) " "}*/

.xspecResult { width: 90%; table-layout: fixed; }

.xspecResult td,
.xspecResult th { width: 50%; }

/*.xspecResult pre { 
  margin-left: 0; 
  padding: 0.5em; 
  overflow: auto; 
  border: 1px #999 dotted;
}*/

span.scenario-totals {float: right; width: 14.5%; text-align: left}

/* OXYGEN */
span.scenario-totals {float: right; width: 34.5%; text-align: right}

h2.failed {
    background-color: #FCC;
}

h1, h2 {
    width: 86%;
    /*margin-left: 3%;*/
    
    font-size:1.4em;
    font-weight:bold;
    text-align:left;
    margin-top:1.4em;
    margin-bottom:0.7em;
    color:#333333;
    background-color:inherit;
}

h1 {
    font-size:1.7em;
}

body &gt; h1:first-child:before {
    content:"XSLT UNIT ";
}

body &gt; h2:first-of-type {
    font-size:1.7em;
}

div &gt; table &gt; tbody &gt; tr &gt; th:first-child {
    font-weight:bold;
}

div &gt; h3 {
    font-weight:bold;
    /*margin-left: 3%;*/
}

div &gt; h4 {
    font-weight:normal;
    /*margin-left: 4%;*/
}

th.result { text-align: center; }
/* OXYGEN */


/* ------------------------------------------------------------------------ */
/*  DO NOT ALTER OR REMOVE COPYRIGHT NOTICES OR THIS COMMENT.               */
/*                                                                          */
/*  Copyright (c) 2008, 2010 Jeni Tennsion                                  */
/*                                                                          */
/*  The contents of this file are subject to the MIT License (see the URI   */
/*  http://www.opensource.org/licenses/mit-license.php for details).        */
/*                                                                          */
/*  Permission is hereby granted, free of charge, to any person obtaining   */
/*  a copy of this software and associated documentation files (the         */
/*  "Software"), to deal in the Software without restriction, including     */
/*  without limitation the rights to use, copy, modify, merge, publish,     */
/*  distribute, sublicense, and/or sell copies of the Software, and to      */
/*  permit persons to whom the Software is furnished to do so, subject to   */
/*  the following conditions:                                               */
/*                                                                          */
/*  The above copyright notice and this permission notice shall be          */
/*  included in all copies or substantial portions of the Software.         */
/*                                                                          */
/*  THE SOFTWARE IS PROVIDED "AS IS", WITHOUT WARRANTY OF ANY KIND,         */
/*  EXPRESS OR IMPLIED, INCLUDING BUT NOT LIMITED TO THE WARRANTIES OF      */
/*  MERCHANTABILITY, FITNESS FOR A PARTICULAR PURPOSE AND NONINFRINGEMENT.  */
/*  IN NO EVENT SHALL THE AUTHORS OR COPYRIGHT HOLDERS BE LIABLE FOR ANY    */
/*  CLAIM, DAMAGES OR OTHER LIABILITY, WHETHER IN AN ACTION OF CONTRACT,    */
/*  TORT OR OTHERWISE, ARISING FROM, OUT OF OR IN CONNECTION WITH THE       */
/*  SOFTWARE OR THE USE OR OTHER DEALINGS IN THE SOFTWARE.                  */
/* ------------------------------------------------------------------------ */

.nobr { white-space: nowrap; }
.scenario-label { text-indent: 0px; }
.context-label { text-indent: 10px; }
.test-label { text-indent: 20px; }
.pending-label { text-indent: 30px; }


        /**/</style>
    </head><body><h1>Test Report</h1><p>Script: <a>file:/home/jostein/xprocspec/src/test/xprocspec/tests/import-1.xprocspec</a></p><p>Tested: 2013-09-02T14:16:51.504+02:00</p><h2>Contents</h2><table><col/><col/><col/><col/><col/><col/><thead><tr><th/><th>passed:6</th><th>pending:0</th><th>failed:0</th><th>errors:0</th><th>total:6</th></tr></thead><tbody><tr><th><a>ex:identity</a></th><th>6</th><th>0</th><th>0</th><th>0</th><th>6</th></tr></tbody></table><div><h2>Calling: <a>ex:identity</a><span>passed:6 / pending:0 /
                                        failed:0 / errors:0 / total:6</span></h2><table><col/><col/><tbody><tr><th>identity</th><th>passed:2 / pending:0 / failed:0 / errors:0 / total:2</th></tr><tr><th>errors</th><th>passed:1 / pending:0 / failed:0 / errors:0 / total:1</th></tr><tr><td>the step should execute successfully without throwing any errors</td><td>Success</td></tr><tr><th>the results</th><th>passed:1 / pending:0 / failed:0 / errors:0 / total:1</th></tr><tr><td>the option 'option.required' should have the value 'import 1a'</td><td>Success</td></tr><tr><th>identity</th><th>passed:2 / pending:0 / failed:0 / errors:0 / total:2</th></tr><tr><th>errors</th><th>passed:1 / pending:0 / failed:0 / errors:0 / total:1</th></tr><tr><td>the step should execute successfully without throwing any errors</td><td>Success</td></tr><tr><th>the results</th><th>passed:1 / pending:0 / failed:0 / errors:0 / total:1</th></tr><tr><td>the option 'option.required' should have the value 'import 1b'</td><td>Success</td></tr><tr><th>identity</th><th>passed:2 / pending:0 / failed:0 / errors:0 / total:2</th></tr><tr><th>errors</th><th>passed:1 / pending:0 / failed:0 / errors:0 / total:1</th></tr><tr><td>the step should execute successfully without throwing any errors</td><td>Success</td></tr><tr><th>the results</th><th>passed:1 / pending:0 / failed:0 / errors:0 / total:1</th></tr><tr><td>the option 'option.required' should have the value 'import 1'</td><td>Success</td></tr></tbody></table></div><h2>Execution log</h2><table><thead><tr><th>Time</th><th>Severity</th><th>Message</th></tr></thead><tbody><tr><td>0.000</td><td>INFO</td><td><code><pre>#### file:/home/jostein/xprocspec/src/test/xprocspec/tests/import-1.xprocspec ####</pre></code></td></tr><tr><td>0.004</td><td>INFO</td><td><code><pre> * temporary directory: file:/tmp/xprocspec-20130902141648008/</pre></code></td></tr><tr><td>0.009</td><td>INFO</td><td><code><pre>preprocessing...</pre></code></td></tr><tr><td>0.028</td><td>INFO</td><td><code><pre> * checking for imports</pre></code></td></tr><tr><td>0.034</td><td>INFO</td><td><code><pre> * checking file:/home/jostein/xprocspec/src/test/xprocspec/tests/import-1.xprocspec for imports</pre></code></td></tr><tr><td>0.040</td><td>INFO</td><td><code><pre> * importing: file:/home/jostein/xprocspec/src/test/xprocspec/tests/import-1a.xprocspec</pre></code></td></tr><tr><td>0.075</td><td>INFO</td><td><code><pre> * checking file:/home/jostein/xprocspec/src/test/xprocspec/tests/import-1a.xprocspec for imports</pre></code></td></tr><tr><td>0.082</td><td>INFO</td><td><code><pre> * importing: file:/home/jostein/xprocspec/src/test/xprocspec/tests/import-1b.xprocspec</pre></code></td></tr><tr><td>0.098</td><td>INFO</td><td><code><pre> * checking file:/home/jostein/xprocspec/src/test/xprocspec/tests/import-1b.xprocspec for imports</pre></code></td></tr><tr><td>0.104</td><td>INFO</td><td><code><pre> * extracting step declarations from file:/home/jostein/xprocspec/src/test/xprocspec/steps/identity.xpl</pre></code></td></tr><tr><td>0.111</td><td>INFO</td><td><code><pre> * tests reference 1 step</pre></code></td></tr><tr><td>0.117</td><td>INFO</td><td><code><pre>   * step: e:identity</pre></code></td></tr><tr><td>0.122</td><td>INFO</td><td><code><pre> * trying to load: file:/home/jostein/xprocspec/src/test/xprocspec/steps/identity.xpl</pre></code></td></tr><tr><td>0.129</td><td>INFO</td><td><code><pre>   * success!</pre></code></td></tr><tr><td>0.137</td><td>INFO</td><td><code><pre> * trying to extract the step declaration for {http://example.net/ns}identity from file:/home/jostein/xprocspec/src/test/xprocspec/steps/identity.xpl</pre></code></td></tr><tr><td>0.150</td><td>INFO</td><td><code><pre> * creating a new x:description document for each x:scenario element with inferred inputs, options and parameters</pre></code></td></tr><tr><td>0.170</td><td>INFO</td><td><code><pre> * validating output grammar</pre></code></td></tr><tr><td>0.185</td><td>INFO</td><td><code><pre> * validating output grammar</pre></code></td></tr><tr><td>0.199</td><td>INFO</td><td><code><pre> * validating output grammar</pre></code></td></tr><tr><td>0.211</td><td>INFO</td><td><code><pre>compiling...</pre></code></td></tr><tr><td>0.220</td><td>INFO</td><td><code><pre> * created directory using Calabash's cxf:mkdir</pre></code></td></tr><tr><td>0.226</td><td>INFO</td><td><code><pre> * converting test 'test1' to XProc</pre></code></td></tr><tr><td>0.240</td><td>INFO</td><td><code><pre>   * done</pre></code></td></tr><tr><td>0.248</td><td>INFO</td><td><code><pre> * validating output grammar for file:/home/jostein/xprocspec/src/test/xprocspec/tests/import-1.xprocspec</pre></code></td></tr><tr><td>0.261</td><td>INFO</td><td><code><pre>   * done!</pre></code></td></tr><tr><td>0.269</td><td>INFO</td><td><code><pre> * converting test 'test2' to XProc</pre></code></td></tr><tr><td>0.282</td><td>INFO</td><td><code><pre>   * done</pre></code></td></tr><tr><td>0.289</td><td>INFO</td><td><code><pre> * validating output grammar for file:/home/jostein/xprocspec/src/test/xprocspec/tests/import-1.xprocspec</pre></code></td></tr><tr><td>0.302</td><td>INFO</td><td><code><pre>   * done!</pre></code></td></tr><tr><td>0.310</td><td>INFO</td><td><code><pre> * converting test 'test3' to XProc</pre></code></td></tr><tr><td>0.324</td><td>INFO</td><td><code><pre>   * done</pre></code></td></tr><tr><td>0.332</td><td>INFO</td><td><code><pre> * validating output grammar for file:/home/jostein/xprocspec/src/test/xprocspec/tests/import-1.xprocspec</pre></code></td></tr><tr><td>0.345</td><td>INFO</td><td><code><pre>   * done!</pre></code></td></tr><tr><td>0.353</td><td>INFO</td><td><code><pre> * using as temporary directory: file:/tmp/xprocspec-20130902141648008/xprocspec-20130902141650475/</pre></code></td></tr><tr><td>0.360</td><td>INFO</td><td><code><pre>storing...</pre></code></td></tr><tr><td>0.374</td><td>INFO</td><td><code><pre>running...</pre></code></td></tr><tr><td>0.383</td><td>INFO</td><td><code><pre>   * loading 'file:/tmp/xprocspec-20130902141648008/test1.xpl'</pre></code></td></tr><tr><td>0.449</td><td>INFO</td><td><code><pre>   * loading 'file:/tmp/xprocspec-20130902141648008/test2.xpl'</pre></code></td></tr><tr><td>0.513</td><td>INFO</td><td><code><pre>   * loading 'file:/tmp/xprocspec-20130902141648008/test3.xpl'</pre></code></td></tr><tr><td>0.586</td><td>INFO</td><td><code><pre>evaluating...</pre></code></td></tr><tr><td>0.602</td><td>INFO</td><td><code><pre> * evaluating scenario 'identity' (file:/home/jostein/xprocspec/src/test/xprocspec/tests/import-1.xprocspec)</pre></code></td></tr><tr><td>0.611</td><td>INFO</td><td><code><pre>   * resolving x:document elements...</pre></code></td></tr><tr><td>0.622</td><td>INFO</td><td><code><pre>    * no errors occured</pre></code></td></tr><tr><td>0.648</td><td>INFO</td><td><code><pre>   * grouping x:expect elements with their x:context...</pre></code></td></tr><tr><td>0.658</td><td>INFO</td><td><code><pre>   * evaluating each context/expect group...</pre></code></td></tr><tr><td>0.666</td><td>INFO</td><td><code><pre>     * setting context to 'errors'</pre></code></td></tr><tr><td>0.674</td><td>INFO</td><td><code><pre>       * testing assertion 'the step should execute successfully without throwing any errors'</pre></code></td></tr><tr><td>0.683</td><td>INFO</td><td><code><pre>         * is document count assertion</pre></code></td></tr><tr><td>0.691</td><td>INFO</td><td><code><pre>         * assertion passed</pre></code></td></tr><tr><td>0.700</td><td>INFO</td><td><code><pre>     * setting context to 'the results'</pre></code></td></tr><tr><td>0.709</td><td>INFO</td><td><code><pre>       * testing assertion 'the option 'option.required' should have the value 'import 1a''</pre></code></td></tr><tr><td>0.717</td><td>INFO</td><td><code><pre>         * is xpath assertion</pre></code></td></tr><tr><td>0.725</td><td>INFO</td><td><code><pre>           * evaluating against context item #1</pre></code></td></tr><tr><td>0.733</td><td>INFO</td><td><code><pre>             * success</pre></code></td></tr><tr><td>0.742</td><td>INFO</td><td><code><pre>         * assertion passed</pre></code></td></tr><tr><td>0.767</td><td>INFO</td><td><code><pre> * evaluating scenario 'identity' (file:/home/jostein/xprocspec/src/test/xprocspec/tests/import-1.xprocspec)</pre></code></td></tr><tr><td>0.776</td><td>INFO</td><td><code><pre>   * resolving x:document elements...</pre></code></td></tr><tr><td>0.786</td><td>INFO</td><td><code><pre>    * no errors occured</pre></code></td></tr><tr><td>0.813</td><td>INFO</td><td><code><pre>   * grouping x:expect elements with their x:context...</pre></code></td></tr><tr><td>0.823</td><td>INFO</td><td><code><pre>   * evaluating each context/expect group...</pre></code></td></tr><tr><td>0.832</td><td>INFO</td><td><code><pre>     * setting context to 'errors'</pre></code></td></tr><tr><td>0.841</td><td>INFO</td><td><code><pre>       * testing assertion 'the step should execute successfully without throwing any errors'</pre></code></td></tr><tr><td>0.850</td><td>INFO</td><td><code><pre>         * is document count assertion</pre></code></td></tr><tr><td>0.859</td><td>INFO</td><td><code><pre>         * assertion passed</pre></code></td></tr><tr><td>0.870</td><td>INFO</td><td><code><pre>     * setting context to 'the results'</pre></code></td></tr><tr><td>0.879</td><td>INFO</td><td><code><pre>       * testing assertion 'the option 'option.required' should have the value 'import 1b''</pre></code></td></tr><tr><td>0.888</td><td>INFO</td><td><code><pre>         * is xpath assertion</pre></code></td></tr><tr><td>0.897</td><td>INFO</td><td><code><pre>           * evaluating against context item #1</pre></code></td></tr><tr><td>0.907</td><td>INFO</td><td><code><pre>             * success</pre></code></td></tr><tr><td>0.917</td><td>INFO</td><td><code><pre>         * assertion passed</pre></code></td></tr><tr><td>0.940</td><td>INFO</td><td><code><pre> * evaluating scenario 'identity' (file:/home/jostein/xprocspec/src/test/xprocspec/tests/import-1.xprocspec)</pre></code></td></tr><tr><td>0.950</td><td>INFO</td><td><code><pre>   * resolving x:document elements...</pre></code></td></tr><tr><td>0.961</td><td>INFO</td><td><code><pre>    * no errors occured</pre></code></td></tr><tr><td>0.989</td><td>INFO</td><td><code><pre>   * grouping x:expect elements with their x:context...</pre></code></td></tr><tr><td>0.999</td><td>INFO</td><td><code><pre>   * evaluating each context/expect group...</pre></code></td></tr><tr><td>1.009</td><td>INFO</td><td><code><pre>     * setting context to 'errors'</pre></code></td></tr><tr><td>1.019</td><td>INFO</td><td><code><pre>       * testing assertion 'the step should execute successfully without throwing any errors'</pre></code></td></tr><tr><td>1.029</td><td>INFO</td><td><code><pre>         * is document count assertion</pre></code></td></tr><tr><td>1.039</td><td>INFO</td><td><code><pre>         * assertion passed</pre></code></td></tr><tr><td>1.049</td><td>INFO</td><td><code><pre>     * setting context to 'the results'</pre></code></td></tr><tr><td>1.059</td><td>INFO</td><td><code><pre>       * testing assertion 'the option 'option.required' should have the value 'import 1''</pre></code></td></tr><tr><td>1.069</td><td>INFO</td><td><code><pre>         * is xpath assertion</pre></code></td></tr><tr><td>1.080</td><td>INFO</td><td><code><pre>           * evaluating against context item #1</pre></code></td></tr><tr><td>1.090</td><td>INFO</td><td><code><pre>             * success</pre></code></td></tr><tr><td>1.101</td><td>INFO</td><td><code><pre>         * assertion passed</pre></code></td></tr><tr><td>1.125</td><td>INFO</td><td><code><pre>reporting...</pre></code></td></tr></tbody></table><link/><script> </script><script>hljs.initHighlightingOnLoad();</script></body></html></x:document></x:output><x:output port="junit"><x:document xml:base="file:/home/jostein/xprocspec/src/main/resources/content/xml/xproc/report/report.xpl" type="inline"><testsuites><testsuite>
<properties>

<property/>

</properties>
<testcase><system-out>the step should execute successfully without throwing any errors: SUCCESS</system-out>
<system-err/></testcase><testcase><system-out>the option 'option.required' should have the value 'import 1a': SUCCESS</system-out>
<system-err/></testcase></testsuite><testsuite>
<properties>

<property/>

</properties>
<testcase><system-out>the step should execute successfully without throwing any errors: SUCCESS</system-out>
<system-err/></testcase><testcase><system-out>the option 'option.required' should have the value 'import 1b': SUCCESS</system-out>
<system-err/></testcase></testsuite><testsuite>
<properties>

<property/>

</properties>
<testcase><system-out>the step should execute successfully without throwing any errors: SUCCESS</system-out>
<system-err/></testcase><testcase><system-out>the option 'option.required' should have the value 'import 1': SUCCESS</system-out>
<system-err/></testcase></testsuite></testsuites></x:document></x:output><x:test-result contextref="errors" result="passed" max="0" label="the step should execute successfully without throwing any errors" type="count">
                                                        <x:expected>At most 0 documents.</x:expected>
                                                    <x:was>0</x:was></x:test-result><x:test-result contextref="context1" result="passed" test="not(/*/@tests='0') and /*/@failures='0' and /*/@errors='0'" label="there should be at least one test, and none of the tests should fail" type="xpath">
                                                        <x:expected>XPath: true()
Value: </x:expected>
                                                    
                                                        <x:was>XPath: not(/*/@tests='0') and /*/@failures='0' and /*/@errors='0'
Value: </x:was>
                                                    </x:test-result></x:description><x:description xmlns:cx="http://xmlcalabash.com/ns/extensions" xmlns:c="http://www.w3.org/ns/xproc-step" xml:base="file:/home/jostein/xprocspec/src/test/xprocspec/test.xprocspec" test-base-uri="file:/home/jostein/xprocspec/src/test/xprocspec/test.xprocspec" script="file:/home/jostein/xprocspec/src/main/resources/content/xml/xproc/xprocspec.xpl" test-grammar="xprocspec" temp-dir="file:/tmp/xprocspec-20130902141648008/"><x:step-declaration><p:declare-step xmlns:p="http://www.w3.org/ns/xproc" xmlns:px="http://www.daisy.org/ns/xprocspec" xmlns:pxi="http://www.daisy.org/ns/xprocspec/xproc-internal/" xmlns:pkg="http://expath.org/ns/pkg" type="px:xprocspec" name="main" version="1.0" xpath-version="2.0" pkg:import-uri="http://www.daisy.org/ns/xprocspec/xprocspec.xpl" x:type="{http://www.daisy.org/ns/xprocspec}xprocspec"><p:input port="source" kind="document" sequence="false" primary="true"/><p:output port="result" kind="document" sequence="false" primary="false"><p:pipe port="result" step="report"/></p:output><p:output port="html" kind="document" sequence="false" primary="false"><p:pipe port="html" step="report"/></p:output><p:output port="junit" kind="document" sequence="false" primary="false"><p:pipe port="junit" step="report"/></p:output><p:option name="temp-dir" select="'file:/tmp/'"/></p:declare-step></x:step-declaration><x:scenario end-time="2013-09-02T12:16:53.186Z" label="the import element - one import with one import" start-time="2013-09-02T12:16:51.876Z"><x:call x:type="{http://www.daisy.org/ns/xprocspec}xprocspec" step="x:xprocspec"><x:option select="$temp-dir" name="temp-dir" value="file:/tmp/xprocspec-20130902141648008/"/><x:input port="source">
                    <x:document xml:base="file:/home/jostein/xprocspec/src/test/xprocspec/test.xprocspec" type="inline"><?xml-model href="http://www.daisy.org/ns/xprocspec/xprocspec.rng" type="application/xml" schematypens="http://relaxng.org/ns/structure/1.0"?><x:description xmlns:e="http://example.net/ns" script="../steps/identity.xpl">
    
    <x:import href="import-2a.xprocspec"/>
    
    <x:scenario label="identity">
        <x:call step="e:identity">
            <x:option name="option.required" select="'import 2'"/>
        </x:call>
        <x:context label="the results">
            <x:document type="port" port="options"/>
        </x:context>
        <x:expect type="xpath" label="the option 'option.required' should have the value 'import 2'" test="/*/*[@name='option.required']/@value='import 2'"/>
    </x:scenario>
    
</x:description></x:document>
                </x:input></x:call>
                                                <x:context label="errors" id="errors">
                                                    
                                                </x:context>
                                            
                                                <x:expect type="count" label="the step should execute successfully without throwing any errors" max="0" contextref="errors"/>
                                            <x:context label="the junit output port" id="context2">
                <x:document xml:base="file:/home/jostein/xprocspec/src/main/resources/content/xml/xproc/report/report.xpl" type="inline"><testsuites tests="6" failures="0" time="1.109" errors="0" name="import2"><testsuite timestamp="2013-09-02T12:16:53.001Z" hostname="localhost" tests="2" errors="0" failures="0" skipped="0" id="d9965e1" name="identity" package="http://example.net/ns" time="0.008">
<properties>

<property name="option: option.required" value="import 2b"/>

</properties>
<testcase name="theStepShouldExecuteSuccessfullyWithoutThrowingAnyErrors" classname="identity" assertions="1" time="0" status="SUCCESS"><system-out>the step should execute successfully without throwing any errors: SUCCESS</system-out>
<system-err/></testcase><testcase name="theOptionOptionRequiredShouldHaveTheValueImport2b" classname="identity" assertions="1" time="0" status="SUCCESS"><system-out>the option 'option.required' should have the value 'import 2b': SUCCESS</system-out>
<system-err/></testcase></testsuite><testsuite timestamp="2013-09-02T12:16:53.011Z" hostname="localhost" tests="2" errors="0" failures="0" skipped="0" id="d9973e1" name="identity" package="http://example.net/ns" time="0.008">
<properties>

<property name="option: option.required" value="import 2a"/>

</properties>
<testcase name="theStepShouldExecuteSuccessfullyWithoutThrowingAnyErrors" classname="identity" assertions="1" time="0" status="SUCCESS"><system-out>the step should execute successfully without throwing any errors: SUCCESS</system-out>
<system-err/></testcase><testcase name="theOptionOptionRequiredShouldHaveTheValueImport2a" classname="identity" assertions="1" time="0" status="SUCCESS"><system-out>the option 'option.required' should have the value 'import 2a': SUCCESS</system-out>
<system-err/></testcase></testsuite><testsuite timestamp="2013-09-02T12:16:53.022Z" hostname="localhost" tests="2" errors="0" failures="0" skipped="0" id="d9980e1" name="identity" package="http://example.net/ns" time="0.008">
<properties>

<property name="option: option.required" value="import 2"/>

</properties>
<testcase name="theStepShouldExecuteSuccessfullyWithoutThrowingAnyErrors" classname="identity" assertions="1" time="0" status="SUCCESS"><system-out>the step should execute successfully without throwing any errors: SUCCESS</system-out>
<system-err/></testcase><testcase name="theOptionOptionRequiredShouldHaveTheValueImport2" classname="identity" assertions="1" time="0" status="SUCCESS"><system-out>the option 'option.required' should have the value 'import 2': SUCCESS</system-out>
<system-err/></testcase></testsuite></testsuites></x:document>
            </x:context><x:expect label="there should be at least one test, and none of the tests should fail" type="xpath" test="not(/*/@tests='0') and /*/@failures='0' and /*/@errors='0'" contextref="context2"/></x:scenario><x:output port="result"><x:document xml:base="file:/home/jostein/xprocspec/src/main/resources/content/xml/xproc/report/report.xpl" type="inline"><x:test-report><x:description><x:step-declaration><p:declare-step xmlns:p="http://www.w3.org/ns/xproc" xmlns:ex="http://example.net/ns"><p:input><p:inline>
            <source.document.primary.default/>
        </p:inline></p:input><p:input><p:inline>
            <source.document.secondary.sequence/>
        </p:inline></p:input><p:input><p:inline>
            <default>
                <default/>
                <default/>
            </default>
        </p:inline></p:input><p:input/><p:output><p:pipe/></p:output><p:output><p:pipe/></p:output><p:output><p:pipe/></p:output><p:output><p:pipe/></p:output><p:output><p:pipe/></p:output><p:option/><p:option/><p:option/></p:declare-step></x:step-declaration><x:scenario xmlns:e="http://example.net/ns"><x:call><x:option/></x:call>
                                                <x:context>
                                                    
                                                </x:context>
                                            
                                                <x:expect/>
                                            <x:context>
            <x:document>
                <c:options xmlns:ex="http://example.net/ns">
                    
                    <c:option/>
                    <c:option/>
                </c:options>
            </x:document>
        </x:context><x:expect/></x:scenario><x:output><x:document>
            <source.document.primary.default xmlns:ex="http://example.net/ns"/>
        </x:document></x:output><x:output><x:document>
            <source.document.secondary.sequence xmlns:ex="http://example.net/ns"/>
        </x:document></x:output><x:output><x:document><default xmlns:ex="http://example.net/ns"/></x:document><x:document><default xmlns:ex="http://example.net/ns"/></x:document></x:output><x:output><x:document><c:param-set/></x:document></x:output><x:output><x:document>
                <c:options xmlns:ex="http://example.net/ns">
                    
                    <c:option/>
                    <c:option/>
                </c:options>
            </x:document></x:output><x:test-result>
                                                        <x:expected>At most 0 documents.</x:expected>
                                                    <x:was>0</x:was></x:test-result><x:test-result>
                                                        <x:expected>XPath: true()
Value: </x:expected>
                                                    
                                                        <x:was>XPath: /*/*[@name='option.required']/@value='import 2b'
Value: </x:was>
                                                    </x:test-result></x:description><x:description><x:step-declaration><p:declare-step xmlns:p="http://www.w3.org/ns/xproc" xmlns:ex="http://example.net/ns"><p:input><p:inline>
            <source.document.primary.default/>
        </p:inline></p:input><p:input><p:inline>
            <source.document.secondary.sequence/>
        </p:inline></p:input><p:input><p:inline>
            <default>
                <default/>
                <default/>
            </default>
        </p:inline></p:input><p:input/><p:output><p:pipe/></p:output><p:output><p:pipe/></p:output><p:output><p:pipe/></p:output><p:output><p:pipe/></p:output><p:output><p:pipe/></p:output><p:option/><p:option/><p:option/></p:declare-step></x:step-declaration><x:scenario xmlns:e="http://example.net/ns"><x:call><x:option/></x:call>
                                                <x:context>
                                                    
                                                </x:context>
                                            
                                                <x:expect/>
                                            <x:context>
            <x:document>
                <c:options xmlns:ex="http://example.net/ns">
                    
                    <c:option/>
                    <c:option/>
                </c:options>
            </x:document>
        </x:context><x:expect/></x:scenario><x:output><x:document>
            <source.document.primary.default xmlns:ex="http://example.net/ns"/>
        </x:document></x:output><x:output><x:document>
            <source.document.secondary.sequence xmlns:ex="http://example.net/ns"/>
        </x:document></x:output><x:output><x:document><default xmlns:ex="http://example.net/ns"/></x:document><x:document><default xmlns:ex="http://example.net/ns"/></x:document></x:output><x:output><x:document><c:param-set/></x:document></x:output><x:output><x:document>
                <c:options xmlns:ex="http://example.net/ns">
                    
                    <c:option/>
                    <c:option/>
                </c:options>
            </x:document></x:output><x:test-result>
                                                        <x:expected>At most 0 documents.</x:expected>
                                                    <x:was>0</x:was></x:test-result><x:test-result>
                                                        <x:expected>XPath: true()
Value: </x:expected>
                                                    
                                                        <x:was>XPath: /*/*[@name='option.required']/@value='import 2a'
Value: </x:was>
                                                    </x:test-result></x:description><x:description><x:step-declaration><p:declare-step xmlns:p="http://www.w3.org/ns/xproc" xmlns:ex="http://example.net/ns"><p:input><p:inline>
            <source.document.primary.default/>
        </p:inline></p:input><p:input><p:inline>
            <source.document.secondary.sequence/>
        </p:inline></p:input><p:input><p:inline>
            <default>
                <default/>
                <default/>
            </default>
        </p:inline></p:input><p:input/><p:output><p:pipe/></p:output><p:output><p:pipe/></p:output><p:output><p:pipe/></p:output><p:output><p:pipe/></p:output><p:output><p:pipe/></p:output><p:option/><p:option/><p:option/></p:declare-step></x:step-declaration><x:scenario xmlns:e="http://example.net/ns"><x:call><x:option/></x:call>
                                                <x:context>
                                                    
                                                </x:context>
                                            
                                                <x:expect/>
                                            <x:context>
            <x:document>
                <c:options xmlns:ex="http://example.net/ns">
                    
                    <c:option/>
                    <c:option/>
                </c:options>
            </x:document>
        </x:context><x:expect/></x:scenario><x:output><x:document>
            <source.document.primary.default xmlns:ex="http://example.net/ns"/>
        </x:document></x:output><x:output><x:document>
            <source.document.secondary.sequence xmlns:ex="http://example.net/ns"/>
        </x:document></x:output><x:output><x:document><default xmlns:ex="http://example.net/ns"/></x:document><x:document><default xmlns:ex="http://example.net/ns"/></x:document></x:output><x:output><x:document><c:param-set/></x:document></x:output><x:output><x:document>
                <c:options xmlns:ex="http://example.net/ns">
                    
                    <c:option/>
                    <c:option/>
                </c:options>
            </x:document></x:output><x:test-result>
                                                        <x:expected>At most 0 documents.</x:expected>
                                                    <x:was>0</x:was></x:test-result><x:test-result>
                                                        <x:expected>XPath: true()
Value: </x:expected>
                                                    
                                                        <x:was>XPath: /*/*[@name='option.required']/@value='import 2'
Value: </x:was>
                                                    </x:test-result></x:description></x:test-report></x:document></x:output><x:output port="html"><x:document xml:base="file:/home/jostein/xprocspec/src/main/resources/content/xml/xproc/report/report-template.xhtml" type="inline"><html xmlns="http://www.w3.org/1999/xhtml"><head><title>Test Report for file:/home/jostein/xprocspec/src/test/xprocspec/tests/import-2.xprocspec (passed:6 / pending:0 / failed:0 / errors:0 / total:6)</title>
        <meta/>
        <style>/**/
/****************************************************************************/
/*  File:       test-report.css                                             */
/*  Author:     Jeni Tennsion                                               */
/*  URI:        http://xspec.googlecode.com/                                */
/*  Tags:                                                                   */
/*    Copyright (c) 2008, 2010 Jeni Tennsion (see end of file.)             */
/* ------------------------------------------------------------------------ */


/* test */

/* box model */

body {
	margin-right: 1em;
	/*margin-left: 10%;*/
	}

h1 {
	padding: 0.3em 0.5em 0.3em 0.5em;
	position: relative;
	}

h2 {
	padding: 0.1em 0.5em 0.2em 0.5em;
	}

h3 {
	padding-left: 0.6em;
	}

h4 {
	padding-left: 0.8em;
	}

p, table {
	/*margin-left: 5%;*/
	}

dd ul, dd ol {
	margin-left: 0%;
	}

li ul, li ol {
	/*margin-left: 5%;*/
	}

dl, ul, ol, blockquote {
	/*margin-left: 10%;*/
	}

dt {
  padding-top: 3px;
  padding-bottom: 3px;
	clear: both;
	}

dd p {
	/*margin-left: -5px;*/
	margin-top: 5px;
	clear: both;
	}

p.link {
	margin-top: 4px;
	margin-bottom: 0px;
	clear: both;
	}

tr td, td p, li, li p {
	margin-left: 0%;
	}

td:nth-child(2) {
	padding-left: 5%;
	}

.link img, dt img {
	vertical-align: middle;
	position: relative;
	top: -5px;
	}

img {
	position: relative;
	}

#xml-link {
	position: absolute;
	left: 5px;
	top: 5px;
	width: 10%;
	margin-left: 0%;
	}

#link-up {
	position: absolute;
	left: 93%;
	right: 2em;
	top: 0.3em;
	}

#link-top {
	position: absolute;
	left: 89%;
	right: 4em;
	top: 0.3em;
	}
	
.popup {
	display: block;
	visibility: hidden;
	float: right;
	position: absolute;
	top: 5px;
	left: -200px;
	z-index: 1;
	padding: 0.3em;
	width: 220px;
	}

.note {
	position: relative;
	}

.post {
	/*margin-left: 5%;*/
	padding-top: 1em;
	}
	
.example, .sidebar {
  /*margin-left: 5%;*/
  margin-top: 1em;
  margin-bottom: 1em;
  }

/*pre {
	padding-left: 5%;
	margin-left: 5%;
	}*/

/*dd pre, li pre {
	padding-left: 5%;
	}*/

/* fonts */
/* Oxygen  */
body, table {
    font-family:arial, helvetica, sans-serif;
    font-size:12px;
}
/* Oxygen  */

/*body {
	font-family: Verdana, arial, sans-serif;
	font-size: small;
	}*/	

/*h1, h2, h3, h4, h5, h6 {
	font-family: 'trebuchet MS', arial, sans-serif;
	}*/

h1 {
	font-size: 173%;
	font-weight: bold;
	}

h2 {
	font-size: 144%;
	font-weight: normal;
	}

h3 {
	font-size: 120%;
	font-weight: normal;
	}

h4 {
  font-size: 100%;
  font-weight: bold;
}

dt {
	font-weight: bold;
	}

a:link, a:visited, a:active, a:hover {
	font-weight: bold;
	}

a.offsite:link, a.offsite:visited, a.offsite:active, a.offsite:hover {
	font-weight: normal;
	}

/* suppress the normal italics */
address {
	font-style: normal;
	}

div.example, .sidebar {
  font-family: Verdana, arial, sans-serif;
  font-size: 100%;
  }


.note, .link {
	font-family: Verdana, arial, sans-serif;
	/*font-size: 83%;*/
	}

/*.example, .string, .rtf, .code, pre, code {
	font-family: "Lucida Console", "Courier New", monospace;*/
  /*font-size: 83%;*/
/*	}*/

.boolean {
	font-style: italic;
	}

#colophon, #xml-link {
	font-size: 69%;
	}

.question, .title {
	font-weight: bold;
	}

/* colours */
body {
	background-color: white;
	color: black;
	border: 0px none black;
	}

/* this is to make Navigator fill the entire line */
h1, h2 {
	border: 1px solid white;
	width: auto;
	}

h1 {
	/*background: #606;*/
	/*color: #6F6;*/
	}

h2 {
	color: #606;
	/*background: #CFC;*/
	}

hr {
	color: #606;
	background: white;
	}

img, a:link img, a:visited img, a:hover img, a:active img, #link-up img, #link-top img {
	border: 0px none white;
	background: transparent;
	}

/* OXYGEN */
a, a:visited {
    color:rgb(0, 0, 150);
    background-color:inherit;
    font-weight: bold;
}
a:link, a:visited {
    text-decoration:none; 
}
a:hover {
    text-decoration:underline;
}

/* OXYGEN */

a.img:hover, a.img:active {
	background: transparent;
	}

#colophon, #xml-link, .note {
	color: #666;
	}

#colophon a:link, #colophon a:visited, #colophon a:hover,
#xml-link a:link, #xml-link a:visited, #xml-link a:hover,
.note a:link, .note a:visited, .note a:hover {
	color: #969;
	background: transparent;
	}

#colophon a:hover, #xml-link a:hover, .note a:hover {
	background: #CFC;
	color: #969;
	}

.popup {
	background: white;
	border: 1px solid #606;
	}

.post {
	border-top: 2px solid #606;
	}
	
.example {
  border-top: 2px solid #606;
  border-bottom: 2px solid #606;
  }
  
.sidebar {
  border-top: 2px solid #090;
  border-bottom: 2px solid #090;
  }
  
.rng {
  border-left: 2px solid #666;
  }

.same {
  background-color: rgb(206, 239, 174);
}

.diff {
  background-color: #FCC;
}

.whitespace {
	font-style: italic;
	color: #999;
	background: white;
}

.ignored {
  font-style: italic;
  color: #999;
  background: white;
}

.hit {
}

.missed {
  background-color: #A33;
  color: white;
}

/* text */
ol ol li {
	list-style: lower-alpha;
	}

th {
	text-align: left;
	}

td {
	vertical-align: top;
	}

h1 {
	text-transform: uppercase;
	}

h2, h3 {
	/*text-transform: capitalize;*/
	}

.question {
	text-indent: -33px;
	}

.byline {
	text-align: right;
	}

#link-top, #link-up {
	text-align: right;
	}

a {
	text-decoration: none;
	}

table { width: 85%;
        /* border: collapse; */ }

th { text-align: left; }

.xspec tbody th { font-weight: normal; /*font-size: 0.8em;*/ border-top: 1px #666 solid; }
.xspec tbody td { /*font-size: 0.8em;*/ color: #666; }

.successful.label th, .successful.label td { background-color: #CFC; }
.pending.label th, .pending.label td { background-color: #DDD; color: #666; }
.failed.label th, .failed.label td { background-color: #FCC; }
.error.label th, .error.label td { background-color: #FAA; }
/*body &gt; table tbody .failed.label th:first-child:before {content:url(data:image/png;base64,iVBORw0KGgoAAAANSUhEUgAAAAwAAAAMCAYAAABWdVznAAAAGXRFWHRTb2Z0d2FyZQBBZG9iZSBJbWFnZVJlYWR5ccllPAAAA2ZpVFh0WE1MOmNvbS5hZG9iZS54bXAAAAAAADw/eHBhY2tldCBiZWdpbj0i77u/IiBpZD0iVzVNME1wQ2VoaUh6cmVTek5UY3prYzlkIj8+IDx4OnhtcG1ldGEgeG1sbnM6eD0iYWRvYmU6bnM6bWV0YS8iIHg6eG1wdGs9IkFkb2JlIFhNUCBDb3JlIDUuMy1jMDExIDY2LjE0NTY2MSwgMjAxMi8wMi8wNi0xNDo1NjoyNyAgICAgICAgIj4gPHJkZjpSREYgeG1sbnM6cmRmPSJodHRwOi8vd3d3LnczLm9yZy8xOTk5LzAyLzIyLXJkZi1zeW50YXgtbnMjIj4gPHJkZjpEZXNjcmlwdGlvbiByZGY6YWJvdXQ9IiIgeG1sbnM6eG1wTU09Imh0dHA6Ly9ucy5hZG9iZS5jb20veGFwLzEuMC9tbS8iIHhtbG5zOnN0UmVmPSJodHRwOi8vbnMuYWRvYmUuY29tL3hhcC8xLjAvc1R5cGUvUmVzb3VyY2VSZWYjIiB4bWxuczp4bXA9Imh0dHA6Ly9ucy5hZG9iZS5jb20veGFwLzEuMC8iIHhtcE1NOk9yaWdpbmFsRG9jdW1lbnRJRD0ieG1wLmRpZDpCQjU0NjU4QjIyQTNFMTExQkI5Rjk5QkQ4RkQ5RUJFQiIgeG1wTU06RG9jdW1lbnRJRD0ieG1wLmRpZDpEQTUyOTdBQUEzRDUxMUUxQTQwN0YzMUI0Nzg3NDU1RSIgeG1wTU06SW5zdGFuY2VJRD0ieG1wLmlpZDpEQTUyOTdBOUEzRDUxMUUxQTQwN0YzMUI0Nzg3NDU1RSIgeG1wOkNyZWF0b3JUb29sPSJBZG9iZSBQaG90b3Nob3AgQ1M2IChXaW5kb3dzKSI+IDx4bXBNTTpEZXJpdmVkRnJvbSBzdFJlZjppbnN0YW5jZUlEPSJ4bXAuaWlkOjQ4MTZDRTNCRDVBM0UxMTFBQTI2QTBCMjZENzg1Qzg5IiBzdFJlZjpkb2N1bWVudElEPSJ4bXAuZGlkOkJCNTQ2NThCMjJBM0UxMTFCQjlGOTlCRDhGRDlFQkVCIi8+IDwvcmRmOkRlc2NyaXB0aW9uPiA8L3JkZjpSREY+IDwveDp4bXBtZXRhPiA8P3hwYWNrZXQgZW5kPSJyIj8+aHNJrgAAAZ1JREFUeNpsUssrRGEU/907985YMDPNYlh4hbKZPMdgR3aysrGSSFIeKyUKpewoRTYkmcgCf4MsMI2FPDYGKeUZSoru4/uc82VC+W7fOeee+zvn/M45V1uuyCmVwDogq0hDklD6jy1dspNkdxokVrIzPFUh0/MD5OdXoJDwPFtu3d2ns6TTp9oggTlFZlmN0o4AHMmXfJGo0lmGzoE1OgmNHf5YA8rmN5HfM6wADmUuHphA9cIW/JX1yiek9DIlyijxkNjBzXYche19gNcHzfShoLUdVxtLuD/cYzCoMAzCwqYrhMDx9Chs20JRWzf4nMcXcDI3pYAqQHIAtWUJbpKursMMhpA+RiAEGzpc4X5XkDB4GjaHmiZik/PIa2rBEWVlSuW9Q+T3YndskBi46QpQFcLltchtbEZyZhxna4uKhmV9Ito/gtPNOG4P99WItdlIWARNXWOAv6AEr9cplel7/ggUleDlMqUSvNnCobHKxDsNnqs8XaWUZopp/XhxTkOR+HDVOveYUge9rNLyY9SU9v+vwXuUB2R0fQkwABfn/VKSjTLBAAAAAElFTkSuQmCC) " "}*/
/*body &gt; table tbody .error.label th:first-child:before {content:url(data:image/png;base64,iVBORw0KGgoAAAANSUhEUgAAAAwAAAAMCAYAAABWdVznAAAABmJLR0QAAAAAAAD5Q7t/AAAACXBIWXMAAAsTAAALEwEAmpwYAAAAB3RJTUUH3QcKER4AdkxvvQAAAdVJREFUKM89kM9KG0EAh7/JTHazZInEQwJ68KIWLx6Etj6EjxAobYSsD+BjCJ682EOp0FMueYmS0FMICF4i6tFNzJ/dyRh2Znoo6Xf+Pn7wEzc3Nx/W6/UvY8xJnudkWYa1Fu893nviOCaKIhuG4R/v/Ve1Xq9/bG1tnezs7JDnOVpr3t/fcc4hpaRSqVCpVORqtTp9e3v7rrTWn5vNJpPJhHK5zHg8JssyvPeEYcjR0RFpmlKr1ZjP5x9Li8VCbOR2u83BwQEvLy88PT1xfHzMxcUFQgjSNCXLskDlec5sNuPx8REpJZ1Oh+fnZ4QQnJ+fc319Tb/fZ29vD601SmvNdDplsVhwe3vLaDTi6uoKgCRJGAwGNBoNXl9fMcZQcs5hjGG1WpHnObVajQ3VahWtNcYYjDE451Cb+7z3JElCkiScnZ0hpaTX67G7u0u328V7/y+oVqsIITg8PKTT6dBqtRgOhzjnaLVa3N3dcX9/z3K5JI5jxOXlpSuKQqRpirWWh4eH//Plcpn9/X2cc2xvb1MqlQqllBpYa0/jOGYymdBsNsmyDOccURRRFAX1eh2lFGEY/lZBEHyx1v703n8KgkBEUYSUEu/9RkIIUQRB0A/D8NtflUT+nn4OS+0AAAAASUVORK5CYII=) " "}*/
.failed.label th:first-child:before, .failed.label td:first-child:before {content:url(data:image/png;base64,iVBORw0KGgoAAAANSUhEUgAAAAwAAAAMCAYAAABWdVznAAAAGXRFWHRTb2Z0d2FyZQBBZG9iZSBJbWFnZVJlYWR5ccllPAAAA2ZpVFh0WE1MOmNvbS5hZG9iZS54bXAAAAAAADw/eHBhY2tldCBiZWdpbj0i77u/IiBpZD0iVzVNME1wQ2VoaUh6cmVTek5UY3prYzlkIj8+IDx4OnhtcG1ldGEgeG1sbnM6eD0iYWRvYmU6bnM6bWV0YS8iIHg6eG1wdGs9IkFkb2JlIFhNUCBDb3JlIDUuMy1jMDExIDY2LjE0NTY2MSwgMjAxMi8wMi8wNi0xNDo1NjoyNyAgICAgICAgIj4gPHJkZjpSREYgeG1sbnM6cmRmPSJodHRwOi8vd3d3LnczLm9yZy8xOTk5LzAyLzIyLXJkZi1zeW50YXgtbnMjIj4gPHJkZjpEZXNjcmlwdGlvbiByZGY6YWJvdXQ9IiIgeG1sbnM6eG1wTU09Imh0dHA6Ly9ucy5hZG9iZS5jb20veGFwLzEuMC9tbS8iIHhtbG5zOnN0UmVmPSJodHRwOi8vbnMuYWRvYmUuY29tL3hhcC8xLjAvc1R5cGUvUmVzb3VyY2VSZWYjIiB4bWxuczp4bXA9Imh0dHA6Ly9ucy5hZG9iZS5jb20veGFwLzEuMC8iIHhtcE1NOk9yaWdpbmFsRG9jdW1lbnRJRD0ieG1wLmRpZDpCQjU0NjU4QjIyQTNFMTExQkI5Rjk5QkQ4RkQ5RUJFQiIgeG1wTU06RG9jdW1lbnRJRD0ieG1wLmRpZDpEQTUyOTdBQUEzRDUxMUUxQTQwN0YzMUI0Nzg3NDU1RSIgeG1wTU06SW5zdGFuY2VJRD0ieG1wLmlpZDpEQTUyOTdBOUEzRDUxMUUxQTQwN0YzMUI0Nzg3NDU1RSIgeG1wOkNyZWF0b3JUb29sPSJBZG9iZSBQaG90b3Nob3AgQ1M2IChXaW5kb3dzKSI+IDx4bXBNTTpEZXJpdmVkRnJvbSBzdFJlZjppbnN0YW5jZUlEPSJ4bXAuaWlkOjQ4MTZDRTNCRDVBM0UxMTFBQTI2QTBCMjZENzg1Qzg5IiBzdFJlZjpkb2N1bWVudElEPSJ4bXAuZGlkOkJCNTQ2NThCMjJBM0UxMTFCQjlGOTlCRDhGRDlFQkVCIi8+IDwvcmRmOkRlc2NyaXB0aW9uPiA8L3JkZjpSREY+IDwveDp4bXBtZXRhPiA8P3hwYWNrZXQgZW5kPSJyIj8+aHNJrgAAAZ1JREFUeNpsUssrRGEU/907985YMDPNYlh4hbKZPMdgR3aysrGSSFIeKyUKpewoRTYkmcgCf4MsMI2FPDYGKeUZSoru4/uc82VC+W7fOeee+zvn/M45V1uuyCmVwDogq0hDklD6jy1dspNkdxokVrIzPFUh0/MD5OdXoJDwPFtu3d2ns6TTp9oggTlFZlmN0o4AHMmXfJGo0lmGzoE1OgmNHf5YA8rmN5HfM6wADmUuHphA9cIW/JX1yiek9DIlyijxkNjBzXYche19gNcHzfShoLUdVxtLuD/cYzCoMAzCwqYrhMDx9Chs20JRWzf4nMcXcDI3pYAqQHIAtWUJbpKursMMhpA+RiAEGzpc4X5XkDB4GjaHmiZik/PIa2rBEWVlSuW9Q+T3YndskBi46QpQFcLltchtbEZyZhxna4uKhmV9Ito/gtPNOG4P99WItdlIWARNXWOAv6AEr9cplel7/ggUleDlMqUSvNnCobHKxDsNnqs8XaWUZopp/XhxTkOR+HDVOveYUge9rNLyY9SU9v+vwXuUB2R0fQkwABfn/VKSjTLBAAAAAElFTkSuQmCC) " "}
.error.label th:first-child:before, .error.label td:first-child:before {content:url(data:image/png;base64,iVBORw0KGgoAAAANSUhEUgAAAAwAAAAMCAYAAABWdVznAAAABmJLR0QAAAAAAAD5Q7t/AAAACXBIWXMAAAsTAAALEwEAmpwYAAAAB3RJTUUH3QcKER4AdkxvvQAAAdVJREFUKM89kM9KG0EAh7/JTHazZInEQwJ68KIWLx6Etj6EjxAobYSsD+BjCJ682EOp0FMueYmS0FMICF4i6tFNzJ/dyRh2Znoo6Xf+Pn7wEzc3Nx/W6/UvY8xJnudkWYa1Fu893nviOCaKIhuG4R/v/Ve1Xq9/bG1tnezs7JDnOVpr3t/fcc4hpaRSqVCpVORqtTp9e3v7rrTWn5vNJpPJhHK5zHg8JssyvPeEYcjR0RFpmlKr1ZjP5x9Li8VCbOR2u83BwQEvLy88PT1xfHzMxcUFQgjSNCXLskDlec5sNuPx8REpJZ1Oh+fnZ4QQnJ+fc319Tb/fZ29vD601SmvNdDplsVhwe3vLaDTi6uoKgCRJGAwGNBoNXl9fMcZQcs5hjGG1WpHnObVajQ3VahWtNcYYjDE451Cb+7z3JElCkiScnZ0hpaTX67G7u0u328V7/y+oVqsIITg8PKTT6dBqtRgOhzjnaLVa3N3dcX9/z3K5JI5jxOXlpSuKQqRpirWWh4eH//Plcpn9/X2cc2xvb1MqlQqllBpYa0/jOGYymdBsNsmyDOccURRRFAX1eh2lFGEY/lZBEHyx1v703n8KgkBEUYSUEu/9RkIIUQRB0A/D8NtflUT+nn4OS+0AAAAASUVORK5CYII=) " "}
.pending.label th:first-child:before, .pending.label td:first-child:before {content:url(data:image/png;base64,iVBORw0KGgoAAAANSUhEUgAAAAwAAAAMCAYAAABWdVznAAAAGXRFWHRTb2Z0d2FyZQBBZG9iZSBJbWFnZVJlYWR5ccllPAAAA2ZpVFh0WE1MOmNvbS5hZG9iZS54bXAAAAAAADw/eHBhY2tldCBiZWdpbj0i77u/IiBpZD0iVzVNME1wQ2VoaUh6cmVTek5UY3prYzlkIj8+IDx4OnhtcG1ldGEgeG1sbnM6eD0iYWRvYmU6bnM6bWV0YS8iIHg6eG1wdGs9IkFkb2JlIFhNUCBDb3JlIDUuMy1jMDExIDY2LjE0NTY2MSwgMjAxMi8wMi8wNi0xNDo1NjoyNyAgICAgICAgIj4gPHJkZjpSREYgeG1sbnM6cmRmPSJodHRwOi8vd3d3LnczLm9yZy8xOTk5LzAyLzIyLXJkZi1zeW50YXgtbnMjIj4gPHJkZjpEZXNjcmlwdGlvbiByZGY6YWJvdXQ9IiIgeG1sbnM6eG1wTU09Imh0dHA6Ly9ucy5hZG9iZS5jb20veGFwLzEuMC9tbS8iIHhtbG5zOnN0UmVmPSJodHRwOi8vbnMuYWRvYmUuY29tL3hhcC8xLjAvc1R5cGUvUmVzb3VyY2VSZWYjIiB4bWxuczp4bXA9Imh0dHA6Ly9ucy5hZG9iZS5jb20veGFwLzEuMC8iIHhtcE1NOk9yaWdpbmFsRG9jdW1lbnRJRD0ieG1wLmRpZDpCQjU0NjU4QjIyQTNFMTExQkI5Rjk5QkQ4RkQ5RUJFQiIgeG1wTU06RG9jdW1lbnRJRD0ieG1wLmRpZDpDODdDM0Y0QUEzRDUxMUUxQjk5N0MzQjVFRDMyQUE1MiIgeG1wTU06SW5zdGFuY2VJRD0ieG1wLmlpZDpDODdDM0Y0OUEzRDUxMUUxQjk5N0MzQjVFRDMyQUE1MiIgeG1wOkNyZWF0b3JUb29sPSJBZG9iZSBQaG90b3Nob3AgQ1M2IChXaW5kb3dzKSI+IDx4bXBNTTpEZXJpdmVkRnJvbSBzdFJlZjppbnN0YW5jZUlEPSJ4bXAuaWlkOjQ4MTZDRTNCRDVBM0UxMTFBQTI2QTBCMjZENzg1Qzg5IiBzdFJlZjpkb2N1bWVudElEPSJ4bXAuZGlkOkJCNTQ2NThCMjJBM0UxMTFCQjlGOTlCRDhGRDlFQkVCIi8+IDwvcmRmOkRlc2NyaXB0aW9uPiA8L3JkZjpSREY+IDwveDp4bXBtZXRhPiA8P3hwYWNrZXQgZW5kPSJyIj8+yj6RYgAAAPZJREFUeNp0kM8KgkAQxmc1E0Wfo3vQn5eRSDx4EUHwbTpEhx4lil7DiydBQUFXp5nAMNsGhpnd/X77za4Iw3CFiFcAWFMFDkXtKZ/UHhfUnB3HWdu2/REpAL2u631ZlicGdpZlwTAMSmBM0zS5bhgQLB5FU3AOUS4XvNn3vVKgAACCIMA0TbFpGsyyDJMkefdFUWAcx1hVFeZ5jlEUoed5qPEI7KDrOhiG8e6llNC27Zcz77FW+L6Pruv+WKtGIzfgR39umv/UHOJgAMlO/BPOXCQDD5p3r2ma8lvHNU9BcWPg0HXdhRZbOhRT8aSXVO9U/ZcAAwAsmjsSQcM0lwAAAABJRU5ErkJggg==) " ";}
.successful.label th:first-child:before, .successful.label td:first-child:before {content:url(data:image/png;base64,iVBORw0KGgoAAAANSUhEUgAAAAwAAAAMCAYAAABWdVznAAAAGXRFWHRTb2Z0d2FyZQBBZG9iZSBJbWFnZVJlYWR5ccllPAAAA2ZpVFh0WE1MOmNvbS5hZG9iZS54bXAAAAAAADw/eHBhY2tldCBiZWdpbj0i77u/IiBpZD0iVzVNME1wQ2VoaUh6cmVTek5UY3prYzlkIj8+IDx4OnhtcG1ldGEgeG1sbnM6eD0iYWRvYmU6bnM6bWV0YS8iIHg6eG1wdGs9IkFkb2JlIFhNUCBDb3JlIDUuMy1jMDExIDY2LjE0NTY2MSwgMjAxMi8wMi8wNi0xNDo1NjoyNyAgICAgICAgIj4gPHJkZjpSREYgeG1sbnM6cmRmPSJodHRwOi8vd3d3LnczLm9yZy8xOTk5LzAyLzIyLXJkZi1zeW50YXgtbnMjIj4gPHJkZjpEZXNjcmlwdGlvbiByZGY6YWJvdXQ9IiIgeG1sbnM6eG1wTU09Imh0dHA6Ly9ucy5hZG9iZS5jb20veGFwLzEuMC9tbS8iIHhtbG5zOnN0UmVmPSJodHRwOi8vbnMuYWRvYmUuY29tL3hhcC8xLjAvc1R5cGUvUmVzb3VyY2VSZWYjIiB4bWxuczp4bXA9Imh0dHA6Ly9ucy5hZG9iZS5jb20veGFwLzEuMC8iIHhtcE1NOk9yaWdpbmFsRG9jdW1lbnRJRD0ieG1wLmRpZDpCQjU0NjU4QjIyQTNFMTExQkI5Rjk5QkQ4RkQ5RUJFQiIgeG1wTU06RG9jdW1lbnRJRD0ieG1wLmRpZDpEMDVBNThBQUEzRDUxMUUxQjdCQkM2QUNBMTNBMDExNiIgeG1wTU06SW5zdGFuY2VJRD0ieG1wLmlpZDpEMDVBNThBOUEzRDUxMUUxQjdCQkM2QUNBMTNBMDExNiIgeG1wOkNyZWF0b3JUb29sPSJBZG9iZSBQaG90b3Nob3AgQ1M2IChXaW5kb3dzKSI+IDx4bXBNTTpEZXJpdmVkRnJvbSBzdFJlZjppbnN0YW5jZUlEPSJ4bXAuaWlkOjQ4MTZDRTNCRDVBM0UxMTFBQTI2QTBCMjZENzg1Qzg5IiBzdFJlZjpkb2N1bWVudElEPSJ4bXAuZGlkOkJCNTQ2NThCMjJBM0UxMTFCQjlGOTlCRDhGRDlFQkVCIi8+IDwvcmRmOkRlc2NyaXB0aW9uPiA8L3JkZjpSREY+IDwveDp4bXBtZXRhPiA8P3hwYWNrZXQgZW5kPSJyIj8+xJ3YrgAAAYBJREFUeNpsUrtKA1EQPZtdY4gEQiD4QCsLEVGX4CP4AykEq1hYiGghCDZ+gBZWVtrZ+EAjaGOhfoAkNiaKhYWICilMEQNqoYjZ5O4d5+6ucQuLM3funDNzD7OrLe229YBwSKAEnyAP/pyIbL5fcz5rcNiLtuqJSEz3ickn5ruE/vFmJ9/LYjvAldGWqA7bJkgPtoAHQrS5G6NdiwhFWCoxHOCgKUL+iurkCBVawyamE8d4qmSZ51clBZUlh+RG14JzEsJNcaTNLVwWd1B6vXXqkmGoYNeVUPnW3JNr4+YarPoncvebEAKNekAlokaY6N/A1NA+SBgY6Eijtz2Fs5sVWNWawysorWNJsO+q9QWzaxLTYwfojA3isZzDfSnrWvTsNiyp7pOrZURC7ejrTDEpcVpY9ab+NSioLZEiapZA5nwBxZcC8g9HeK7ccYM7TDnwmoU2vx6/NIJaUjc0b0u8YvJNle5HdJvlhbI0Y31ThqsjTGr0/+8hOOQ5nfsRYACtHiy+FDd82wAAAABJRU5ErkJggg==) " "}
/*.successful.label a:before {content:url(data:image/png;base64,iVBORw0KGgoAAAANSUhEUgAAAAwAAAAMCAYAAABWdVznAAAAGXRFWHRTb2Z0d2FyZQBBZG9iZSBJbWFnZVJlYWR5ccllPAAAA2ZpVFh0WE1MOmNvbS5hZG9iZS54bXAAAAAAADw/eHBhY2tldCBiZWdpbj0i77u/IiBpZD0iVzVNME1wQ2VoaUh6cmVTek5UY3prYzlkIj8+IDx4OnhtcG1ldGEgeG1sbnM6eD0iYWRvYmU6bnM6bWV0YS8iIHg6eG1wdGs9IkFkb2JlIFhNUCBDb3JlIDUuMy1jMDExIDY2LjE0NTY2MSwgMjAxMi8wMi8wNi0xNDo1NjoyNyAgICAgICAgIj4gPHJkZjpSREYgeG1sbnM6cmRmPSJodHRwOi8vd3d3LnczLm9yZy8xOTk5LzAyLzIyLXJkZi1zeW50YXgtbnMjIj4gPHJkZjpEZXNjcmlwdGlvbiByZGY6YWJvdXQ9IiIgeG1sbnM6eG1wTU09Imh0dHA6Ly9ucy5hZG9iZS5jb20veGFwLzEuMC9tbS8iIHhtbG5zOnN0UmVmPSJodHRwOi8vbnMuYWRvYmUuY29tL3hhcC8xLjAvc1R5cGUvUmVzb3VyY2VSZWYjIiB4bWxuczp4bXA9Imh0dHA6Ly9ucy5hZG9iZS5jb20veGFwLzEuMC8iIHhtcE1NOk9yaWdpbmFsRG9jdW1lbnRJRD0ieG1wLmRpZDpCQjU0NjU4QjIyQTNFMTExQkI5Rjk5QkQ4RkQ5RUJFQiIgeG1wTU06RG9jdW1lbnRJRD0ieG1wLmRpZDpEMDVBNThBQUEzRDUxMUUxQjdCQkM2QUNBMTNBMDExNiIgeG1wTU06SW5zdGFuY2VJRD0ieG1wLmlpZDpEMDVBNThBOUEzRDUxMUUxQjdCQkM2QUNBMTNBMDExNiIgeG1wOkNyZWF0b3JUb29sPSJBZG9iZSBQaG90b3Nob3AgQ1M2IChXaW5kb3dzKSI+IDx4bXBNTTpEZXJpdmVkRnJvbSBzdFJlZjppbnN0YW5jZUlEPSJ4bXAuaWlkOjQ4MTZDRTNCRDVBM0UxMTFBQTI2QTBCMjZENzg1Qzg5IiBzdFJlZjpkb2N1bWVudElEPSJ4bXAuZGlkOkJCNTQ2NThCMjJBM0UxMTFCQjlGOTlCRDhGRDlFQkVCIi8+IDwvcmRmOkRlc2NyaXB0aW9uPiA8L3JkZjpSREY+IDwveDp4bXBtZXRhPiA8P3hwYWNrZXQgZW5kPSJyIj8+xJ3YrgAAAYBJREFUeNpsUrtKA1EQPZtdY4gEQiD4QCsLEVGX4CP4AykEq1hYiGghCDZ+gBZWVtrZ+EAjaGOhfoAkNiaKhYWICilMEQNqoYjZ5O4d5+6ucQuLM3funDNzD7OrLe229YBwSKAEnyAP/pyIbL5fcz5rcNiLtuqJSEz3ickn5ruE/vFmJ9/LYjvAldGWqA7bJkgPtoAHQrS5G6NdiwhFWCoxHOCgKUL+iurkCBVawyamE8d4qmSZ51clBZUlh+RG14JzEsJNcaTNLVwWd1B6vXXqkmGoYNeVUPnW3JNr4+YarPoncvebEAKNekAlokaY6N/A1NA+SBgY6Eijtz2Fs5sVWNWawysorWNJsO+q9QWzaxLTYwfojA3isZzDfSnrWvTsNiyp7pOrZURC7ejrTDEpcVpY9ab+NSioLZEiapZA5nwBxZcC8g9HeK7ccYM7TDnwmoU2vx6/NIJaUjc0b0u8YvJNle5HdJvlhbI0Y31ThqsjTGr0/+8hOOQ5nfsRYACtHiy+FDd82wAAAABJRU5ErkJggg==) " "}*/

.xspecResult { width: 90%; table-layout: fixed; }

.xspecResult td,
.xspecResult th { width: 50%; }

/*.xspecResult pre { 
  margin-left: 0; 
  padding: 0.5em; 
  overflow: auto; 
  border: 1px #999 dotted;
}*/

span.scenario-totals {float: right; width: 14.5%; text-align: left}

/* OXYGEN */
span.scenario-totals {float: right; width: 34.5%; text-align: right}

h2.failed {
    background-color: #FCC;
}

h1, h2 {
    width: 86%;
    /*margin-left: 3%;*/
    
    font-size:1.4em;
    font-weight:bold;
    text-align:left;
    margin-top:1.4em;
    margin-bottom:0.7em;
    color:#333333;
    background-color:inherit;
}

h1 {
    font-size:1.7em;
}

body &gt; h1:first-child:before {
    content:"XSLT UNIT ";
}

body &gt; h2:first-of-type {
    font-size:1.7em;
}

div &gt; table &gt; tbody &gt; tr &gt; th:first-child {
    font-weight:bold;
}

div &gt; h3 {
    font-weight:bold;
    /*margin-left: 3%;*/
}

div &gt; h4 {
    font-weight:normal;
    /*margin-left: 4%;*/
}

th.result { text-align: center; }
/* OXYGEN */


/* ------------------------------------------------------------------------ */
/*  DO NOT ALTER OR REMOVE COPYRIGHT NOTICES OR THIS COMMENT.               */
/*                                                                          */
/*  Copyright (c) 2008, 2010 Jeni Tennsion                                  */
/*                                                                          */
/*  The contents of this file are subject to the MIT License (see the URI   */
/*  http://www.opensource.org/licenses/mit-license.php for details).        */
/*                                                                          */
/*  Permission is hereby granted, free of charge, to any person obtaining   */
/*  a copy of this software and associated documentation files (the         */
/*  "Software"), to deal in the Software without restriction, including     */
/*  without limitation the rights to use, copy, modify, merge, publish,     */
/*  distribute, sublicense, and/or sell copies of the Software, and to      */
/*  permit persons to whom the Software is furnished to do so, subject to   */
/*  the following conditions:                                               */
/*                                                                          */
/*  The above copyright notice and this permission notice shall be          */
/*  included in all copies or substantial portions of the Software.         */
/*                                                                          */
/*  THE SOFTWARE IS PROVIDED "AS IS", WITHOUT WARRANTY OF ANY KIND,         */
/*  EXPRESS OR IMPLIED, INCLUDING BUT NOT LIMITED TO THE WARRANTIES OF      */
/*  MERCHANTABILITY, FITNESS FOR A PARTICULAR PURPOSE AND NONINFRINGEMENT.  */
/*  IN NO EVENT SHALL THE AUTHORS OR COPYRIGHT HOLDERS BE LIABLE FOR ANY    */
/*  CLAIM, DAMAGES OR OTHER LIABILITY, WHETHER IN AN ACTION OF CONTRACT,    */
/*  TORT OR OTHERWISE, ARISING FROM, OUT OF OR IN CONNECTION WITH THE       */
/*  SOFTWARE OR THE USE OR OTHER DEALINGS IN THE SOFTWARE.                  */
/* ------------------------------------------------------------------------ */

.nobr { white-space: nowrap; }
.scenario-label { text-indent: 0px; }
.context-label { text-indent: 10px; }
.test-label { text-indent: 20px; }
.pending-label { text-indent: 30px; }


        /**/</style>
    </head><body><h1>Test Report</h1><p>Script: <a>file:/home/jostein/xprocspec/src/test/xprocspec/tests/import-2.xprocspec</a></p><p>Tested: 2013-09-02T14:16:53.117+02:00</p><h2>Contents</h2><table><col/><col/><col/><col/><col/><col/><thead><tr><th/><th>passed:6</th><th>pending:0</th><th>failed:0</th><th>errors:0</th><th>total:6</th></tr></thead><tbody><tr><th><a>ex:identity</a></th><th>6</th><th>0</th><th>0</th><th>0</th><th>6</th></tr></tbody></table><div><h2>Calling: <a>ex:identity</a><span>passed:6 / pending:0 /
                                        failed:0 / errors:0 / total:6</span></h2><table><col/><col/><tbody><tr><th>identity</th><th>passed:2 / pending:0 / failed:0 / errors:0 / total:2</th></tr><tr><th>errors</th><th>passed:1 / pending:0 / failed:0 / errors:0 / total:1</th></tr><tr><td>the step should execute successfully without throwing any errors</td><td>Success</td></tr><tr><th>the results</th><th>passed:1 / pending:0 / failed:0 / errors:0 / total:1</th></tr><tr><td>the option 'option.required' should have the value 'import 2b'</td><td>Success</td></tr><tr><th>identity</th><th>passed:2 / pending:0 / failed:0 / errors:0 / total:2</th></tr><tr><th>errors</th><th>passed:1 / pending:0 / failed:0 / errors:0 / total:1</th></tr><tr><td>the step should execute successfully without throwing any errors</td><td>Success</td></tr><tr><th>the results</th><th>passed:1 / pending:0 / failed:0 / errors:0 / total:1</th></tr><tr><td>the option 'option.required' should have the value 'import 2a'</td><td>Success</td></tr><tr><th>identity</th><th>passed:2 / pending:0 / failed:0 / errors:0 / total:2</th></tr><tr><th>errors</th><th>passed:1 / pending:0 / failed:0 / errors:0 / total:1</th></tr><tr><td>the step should execute successfully without throwing any errors</td><td>Success</td></tr><tr><th>the results</th><th>passed:1 / pending:0 / failed:0 / errors:0 / total:1</th></tr><tr><td>the option 'option.required' should have the value 'import 2'</td><td>Success</td></tr></tbody></table></div><h2>Execution log</h2><table><thead><tr><th>Time</th><th>Severity</th><th>Message</th></tr></thead><tbody><tr><td>0.000</td><td>INFO</td><td><code><pre>#### file:/home/jostein/xprocspec/src/test/xprocspec/tests/import-2.xprocspec ####</pre></code></td></tr><tr><td>0.006</td><td>INFO</td><td><code><pre> * temporary directory: file:/tmp/xprocspec-20130902141648008/</pre></code></td></tr><tr><td>0.011</td><td>INFO</td><td><code><pre>preprocessing...</pre></code></td></tr><tr><td>0.030</td><td>INFO</td><td><code><pre> * checking for imports</pre></code></td></tr><tr><td>0.037</td><td>INFO</td><td><code><pre> * checking file:/home/jostein/xprocspec/src/test/xprocspec/tests/import-2.xprocspec for imports</pre></code></td></tr><tr><td>0.042</td><td>INFO</td><td><code><pre> * importing: file:/home/jostein/xprocspec/src/test/xprocspec/tests/import-2a.xprocspec</pre></code></td></tr><tr><td>0.056</td><td>INFO</td><td><code><pre> * checking file:/home/jostein/xprocspec/src/test/xprocspec/tests/import-2a.xprocspec for imports</pre></code></td></tr><tr><td>0.062</td><td>INFO</td><td><code><pre> * importing: file:/home/jostein/xprocspec/src/test/xprocspec/tests/import-2b.xprocspec</pre></code></td></tr><tr><td>0.075</td><td>INFO</td><td><code><pre> * checking file:/home/jostein/xprocspec/src/test/xprocspec/tests/import-2b.xprocspec for imports</pre></code></td></tr><tr><td>0.082</td><td>INFO</td><td><code><pre> * extracting step declarations from file:/home/jostein/xprocspec/src/test/xprocspec/steps/identity.xpl</pre></code></td></tr><tr><td>0.090</td><td>INFO</td><td><code><pre> * tests reference 1 step</pre></code></td></tr><tr><td>0.095</td><td>INFO</td><td><code><pre>   * step: e:identity</pre></code></td></tr><tr><td>0.101</td><td>INFO</td><td><code><pre> * trying to load: file:/home/jostein/xprocspec/src/test/xprocspec/steps/identity.xpl</pre></code></td></tr><tr><td>0.108</td><td>INFO</td><td><code><pre>   * success!</pre></code></td></tr><tr><td>0.116</td><td>INFO</td><td><code><pre> * trying to extract the step declaration for {http://example.net/ns}identity from file:/home/jostein/xprocspec/src/test/xprocspec/steps/identity.xpl</pre></code></td></tr><tr><td>0.129</td><td>INFO</td><td><code><pre> * creating a new x:description document for each x:scenario element with inferred inputs, options and parameters</pre></code></td></tr><tr><td>0.149</td><td>INFO</td><td><code><pre> * validating output grammar</pre></code></td></tr><tr><td>0.164</td><td>INFO</td><td><code><pre> * validating output grammar</pre></code></td></tr><tr><td>0.176</td><td>INFO</td><td><code><pre> * validating output grammar</pre></code></td></tr><tr><td>0.189</td><td>INFO</td><td><code><pre>compiling...</pre></code></td></tr><tr><td>0.198</td><td>INFO</td><td><code><pre> * created directory using Calabash's cxf:mkdir</pre></code></td></tr><tr><td>0.204</td><td>INFO</td><td><code><pre> * converting test 'test1' to XProc</pre></code></td></tr><tr><td>0.219</td><td>INFO</td><td><code><pre>   * done</pre></code></td></tr><tr><td>0.226</td><td>INFO</td><td><code><pre> * validating output grammar for file:/home/jostein/xprocspec/src/test/xprocspec/tests/import-2.xprocspec</pre></code></td></tr><tr><td>0.240</td><td>INFO</td><td><code><pre>   * done!</pre></code></td></tr><tr><td>0.247</td><td>INFO</td><td><code><pre> * converting test 'test2' to XProc</pre></code></td></tr><tr><td>0.260</td><td>INFO</td><td><code><pre>   * done</pre></code></td></tr><tr><td>0.268</td><td>INFO</td><td><code><pre> * validating output grammar for file:/home/jostein/xprocspec/src/test/xprocspec/tests/import-2.xprocspec</pre></code></td></tr><tr><td>0.281</td><td>INFO</td><td><code><pre>   * done!</pre></code></td></tr><tr><td>0.289</td><td>INFO</td><td><code><pre> * converting test 'test3' to XProc</pre></code></td></tr><tr><td>0.302</td><td>INFO</td><td><code><pre>   * done</pre></code></td></tr><tr><td>0.310</td><td>INFO</td><td><code><pre> * validating output grammar for file:/home/jostein/xprocspec/src/test/xprocspec/tests/import-2.xprocspec</pre></code></td></tr><tr><td>0.323</td><td>INFO</td><td><code><pre>   * done!</pre></code></td></tr><tr><td>0.331</td><td>INFO</td><td><code><pre> * using as temporary directory: file:/tmp/xprocspec-20130902141648008/xprocspec-20130902141652077/</pre></code></td></tr><tr><td>0.338</td><td>INFO</td><td><code><pre>storing...</pre></code></td></tr><tr><td>0.352</td><td>INFO</td><td><code><pre>running...</pre></code></td></tr><tr><td>0.361</td><td>INFO</td><td><code><pre>   * loading 'file:/tmp/xprocspec-20130902141648008/test1.xpl'</pre></code></td></tr><tr><td>0.425</td><td>INFO</td><td><code><pre>   * loading 'file:/tmp/xprocspec-20130902141648008/test2.xpl'</pre></code></td></tr><tr><td>0.489</td><td>INFO</td><td><code><pre>   * loading 'file:/tmp/xprocspec-20130902141648008/test3.xpl'</pre></code></td></tr><tr><td>0.550</td><td>INFO</td><td><code><pre>evaluating...</pre></code></td></tr><tr><td>0.564</td><td>INFO</td><td><code><pre> * evaluating scenario 'identity' (file:/home/jostein/xprocspec/src/test/xprocspec/tests/import-2.xprocspec)</pre></code></td></tr><tr><td>0.572</td><td>INFO</td><td><code><pre>   * resolving x:document elements...</pre></code></td></tr><tr><td>0.582</td><td>INFO</td><td><code><pre>    * no errors occured</pre></code></td></tr><tr><td>0.609</td><td>INFO</td><td><code><pre>   * grouping x:expect elements with their x:context...</pre></code></td></tr><tr><td>0.619</td><td>INFO</td><td><code><pre>   * evaluating each context/expect group...</pre></code></td></tr><tr><td>0.627</td><td>INFO</td><td><code><pre>     * setting context to 'errors'</pre></code></td></tr><tr><td>0.635</td><td>INFO</td><td><code><pre>       * testing assertion 'the step should execute successfully without throwing any errors'</pre></code></td></tr><tr><td>0.643</td><td>INFO</td><td><code><pre>         * is document count assertion</pre></code></td></tr><tr><td>0.651</td><td>INFO</td><td><code><pre>         * assertion passed</pre></code></td></tr><tr><td>0.660</td><td>INFO</td><td><code><pre>     * setting context to 'the results'</pre></code></td></tr><tr><td>0.669</td><td>INFO</td><td><code><pre>       * testing assertion 'the option 'option.required' should have the value 'import 2b''</pre></code></td></tr><tr><td>0.677</td><td>INFO</td><td><code><pre>         * is xpath assertion</pre></code></td></tr><tr><td>0.685</td><td>INFO</td><td><code><pre>           * evaluating against context item #1</pre></code></td></tr><tr><td>0.694</td><td>INFO</td><td><code><pre>             * success</pre></code></td></tr><tr><td>0.704</td><td>INFO</td><td><code><pre>         * assertion passed</pre></code></td></tr><tr><td>0.729</td><td>INFO</td><td><code><pre> * evaluating scenario 'identity' (file:/home/jostein/xprocspec/src/test/xprocspec/tests/import-2.xprocspec)</pre></code></td></tr><tr><td>0.738</td><td>INFO</td><td><code><pre>   * resolving x:document elements...</pre></code></td></tr><tr><td>0.748</td><td>INFO</td><td><code><pre>    * no errors occured</pre></code></td></tr><tr><td>0.775</td><td>INFO</td><td><code><pre>   * grouping x:expect elements with their x:context...</pre></code></td></tr><tr><td>0.785</td><td>INFO</td><td><code><pre>   * evaluating each context/expect group...</pre></code></td></tr><tr><td>0.794</td><td>INFO</td><td><code><pre>     * setting context to 'errors'</pre></code></td></tr><tr><td>0.803</td><td>INFO</td><td><code><pre>       * testing assertion 'the step should execute successfully without throwing any errors'</pre></code></td></tr><tr><td>0.812</td><td>INFO</td><td><code><pre>         * is document count assertion</pre></code></td></tr><tr><td>0.821</td><td>INFO</td><td><code><pre>         * assertion passed</pre></code></td></tr><tr><td>0.831</td><td>INFO</td><td><code><pre>     * setting context to 'the results'</pre></code></td></tr><tr><td>0.840</td><td>INFO</td><td><code><pre>       * testing assertion 'the option 'option.required' should have the value 'import 2a''</pre></code></td></tr><tr><td>0.849</td><td>INFO</td><td><code><pre>         * is xpath assertion</pre></code></td></tr><tr><td>0.857</td><td>INFO</td><td><code><pre>           * evaluating against context item #1</pre></code></td></tr><tr><td>0.867</td><td>INFO</td><td><code><pre>             * success</pre></code></td></tr><tr><td>0.877</td><td>INFO</td><td><code><pre>         * assertion passed</pre></code></td></tr><tr><td>0.900</td><td>INFO</td><td><code><pre> * evaluating scenario 'identity' (file:/home/jostein/xprocspec/src/test/xprocspec/tests/import-2.xprocspec)</pre></code></td></tr><tr><td>0.910</td><td>INFO</td><td><code><pre>   * resolving x:document elements...</pre></code></td></tr><tr><td>0.922</td><td>INFO</td><td><code><pre>    * no errors occured</pre></code></td></tr><tr><td>0.951</td><td>INFO</td><td><code><pre>   * grouping x:expect elements with their x:context...</pre></code></td></tr><tr><td>0.962</td><td>INFO</td><td><code><pre>   * evaluating each context/expect group...</pre></code></td></tr><tr><td>0.973</td><td>INFO</td><td><code><pre>     * setting context to 'errors'</pre></code></td></tr><tr><td>0.984</td><td>INFO</td><td><code><pre>       * testing assertion 'the step should execute successfully without throwing any errors'</pre></code></td></tr><tr><td>0.995</td><td>INFO</td><td><code><pre>         * is document count assertion</pre></code></td></tr><tr><td>1.006</td><td>INFO</td><td><code><pre>         * assertion passed</pre></code></td></tr><tr><td>1.017</td><td>INFO</td><td><code><pre>     * setting context to 'the results'</pre></code></td></tr><tr><td>1.028</td><td>INFO</td><td><code><pre>       * testing assertion 'the option 'option.required' should have the value 'import 2''</pre></code></td></tr><tr><td>1.038</td><td>INFO</td><td><code><pre>         * is xpath assertion</pre></code></td></tr><tr><td>1.049</td><td>INFO</td><td><code><pre>           * evaluating against context item #1</pre></code></td></tr><tr><td>1.060</td><td>INFO</td><td><code><pre>             * success</pre></code></td></tr><tr><td>1.072</td><td>INFO</td><td><code><pre>         * assertion passed</pre></code></td></tr><tr><td>1.097</td><td>INFO</td><td><code><pre>reporting...</pre></code></td></tr></tbody></table><link/><script> </script><script>hljs.initHighlightingOnLoad();</script></body></html></x:document></x:output><x:output port="junit"><x:document xml:base="file:/home/jostein/xprocspec/src/main/resources/content/xml/xproc/report/report.xpl" type="inline"><testsuites><testsuite>
<properties>

<property/>

</properties>
<testcase><system-out>the step should execute successfully without throwing any errors: SUCCESS</system-out>
<system-err/></testcase><testcase><system-out>the option 'option.required' should have the value 'import 2b': SUCCESS</system-out>
<system-err/></testcase></testsuite><testsuite>
<properties>

<property/>

</properties>
<testcase><system-out>the step should execute successfully without throwing any errors: SUCCESS</system-out>
<system-err/></testcase><testcase><system-out>the option 'option.required' should have the value 'import 2a': SUCCESS</system-out>
<system-err/></testcase></testsuite><testsuite>
<properties>

<property/>

</properties>
<testcase><system-out>the step should execute successfully without throwing any errors: SUCCESS</system-out>
<system-err/></testcase><testcase><system-out>the option 'option.required' should have the value 'import 2': SUCCESS</system-out>
<system-err/></testcase></testsuite></testsuites></x:document></x:output><x:test-result contextref="errors" result="passed" max="0" label="the step should execute successfully without throwing any errors" type="count">
                                                        <x:expected>At most 0 documents.</x:expected>
                                                    <x:was>0</x:was></x:test-result><x:test-result contextref="context2" result="passed" test="not(/*/@tests='0') and /*/@failures='0' and /*/@errors='0'" label="there should be at least one test, and none of the tests should fail" type="xpath">
                                                        <x:expected>XPath: true()
Value: </x:expected>
                                                    
                                                        <x:was>XPath: not(/*/@tests='0') and /*/@failures='0' and /*/@errors='0'
Value: </x:was>
                                                    </x:test-result></x:description><x:description xmlns:cx="http://xmlcalabash.com/ns/extensions" xmlns:c="http://www.w3.org/ns/xproc-step" xml:base="file:/home/jostein/xprocspec/src/test/xprocspec/test.xprocspec" test-base-uri="file:/home/jostein/xprocspec/src/test/xprocspec/test.xprocspec" script="file:/home/jostein/xprocspec/src/main/resources/content/xml/xproc/xprocspec.xpl" test-grammar="xprocspec" temp-dir="file:/tmp/xprocspec-20130902141648008/"><x:step-declaration><p:declare-step xmlns:p="http://www.w3.org/ns/xproc" xmlns:px="http://www.daisy.org/ns/xprocspec" xmlns:pxi="http://www.daisy.org/ns/xprocspec/xproc-internal/" xmlns:pkg="http://expath.org/ns/pkg" type="px:xprocspec" name="main" version="1.0" xpath-version="2.0" pkg:import-uri="http://www.daisy.org/ns/xprocspec/xprocspec.xpl" x:type="{http://www.daisy.org/ns/xprocspec}xprocspec"><p:input port="source" kind="document" sequence="false" primary="true"/><p:output port="result" kind="document" sequence="false" primary="false"><p:pipe port="result" step="report"/></p:output><p:output port="html" kind="document" sequence="false" primary="false"><p:pipe port="html" step="report"/></p:output><p:output port="junit" kind="document" sequence="false" primary="false"><p:pipe port="junit" step="report"/></p:output><p:option name="temp-dir" select="'file:/tmp/'"/></p:declare-step></x:step-declaration><x:scenario end-time="2013-09-02T12:16:54.388Z" label="the import element - circular imports" start-time="2013-09-02T12:16:53.501Z"><x:call x:type="{http://www.daisy.org/ns/xprocspec}xprocspec" step="x:xprocspec"><x:option select="$temp-dir" name="temp-dir" value="file:/tmp/xprocspec-20130902141648008/"/><x:input port="source">
                    <x:document xml:base="file:/home/jostein/xprocspec/src/test/xprocspec/test.xprocspec" type="inline"><?xml-model href="http://www.daisy.org/ns/xprocspec/xprocspec.rng" type="application/xml" schematypens="http://relaxng.org/ns/structure/1.0"?><x:description xmlns:e="http://example.net/ns" script="../steps/identity.xpl">

    <x:import href="import-3a.xprocspec"/>
    
    <x:scenario label="identity">
        <x:call step="e:identity">
            <x:option name="option.required" select="'import 3'"/>
        </x:call>
        <x:context label="the results">
            <x:document type="port" port="options"/>
        </x:context>
        <x:expect type="xpath" label="the option 'option.required' should have the value 'import 3'" test="/*/*[@name='option.required']/@value='import 3'"/>
    </x:scenario>

</x:description></x:document>
                </x:input></x:call>
                                                <x:context label="errors" id="errors">
                                                    
                                                </x:context>
                                            
                                                <x:expect type="count" label="the step should execute successfully without throwing any errors" max="0" contextref="errors"/>
                                            <x:context label="the junit output port" id="context3">
                <x:document xml:base="file:/home/jostein/xprocspec/src/main/resources/content/xml/xproc/report/report.xpl" type="inline"><testsuites tests="4" failures="0" time="0.75" errors="0" name="import3"><testsuite timestamp="2013-09-02T12:16:54.265Z" hostname="localhost" tests="2" errors="0" failures="0" skipped="0" id="d12214e1" name="identity" package="http://example.net/ns" time="0.008">
<properties>

<property name="option: option.required" value="import 3a"/>

</properties>
<testcase name="theStepShouldExecuteSuccessfullyWithoutThrowingAnyErrors" classname="identity" assertions="1" time="0" status="SUCCESS"><system-out>the step should execute successfully without throwing any errors: SUCCESS</system-out>
<system-err/></testcase><testcase name="theOptionOptionRequiredShouldHaveTheValueImport3a" classname="identity" assertions="1" time="0" status="SUCCESS"><system-out>the option 'option.required' should have the value 'import 3a': SUCCESS</system-out>
<system-err/></testcase></testsuite><testsuite timestamp="2013-09-02T12:16:54.276Z" hostname="localhost" tests="2" errors="0" failures="0" skipped="0" id="d12222e1" name="identity" package="http://example.net/ns" time="0.007">
<properties>

<property name="option: option.required" value="import 3"/>

</properties>
<testcase name="theStepShouldExecuteSuccessfullyWithoutThrowingAnyErrors" classname="identity" assertions="1" time="0" status="SUCCESS"><system-out>the step should execute successfully without throwing any errors: SUCCESS</system-out>
<system-err/></testcase><testcase name="theOptionOptionRequiredShouldHaveTheValueImport3" classname="identity" assertions="1" time="0" status="SUCCESS"><system-out>the option 'option.required' should have the value 'import 3': SUCCESS</system-out>
<system-err/></testcase></testsuite></testsuites></x:document>
            </x:context><x:expect label="there should be at least one test, and none of the tests should fail" type="xpath" test="not(/*/@tests='0') and /*/@failures='0' and /*/@errors='0'" contextref="context3"/></x:scenario><x:output port="result"><x:document xml:base="file:/home/jostein/xprocspec/src/main/resources/content/xml/xproc/report/report.xpl" type="inline"><x:test-report><x:description><x:step-declaration><p:declare-step xmlns:p="http://www.w3.org/ns/xproc" xmlns:ex="http://example.net/ns"><p:input><p:inline>
            <source.document.primary.default/>
        </p:inline></p:input><p:input><p:inline>
            <source.document.secondary.sequence/>
        </p:inline></p:input><p:input><p:inline>
            <default>
                <default/>
                <default/>
            </default>
        </p:inline></p:input><p:input/><p:output><p:pipe/></p:output><p:output><p:pipe/></p:output><p:output><p:pipe/></p:output><p:output><p:pipe/></p:output><p:output><p:pipe/></p:output><p:option/><p:option/><p:option/></p:declare-step></x:step-declaration><x:scenario xmlns:e="http://example.net/ns"><x:call><x:option/></x:call>
                                                <x:context>
                                                    
                                                </x:context>
                                            
                                                <x:expect/>
                                            <x:context>
            <x:document>
                <c:options xmlns:ex="http://example.net/ns">
                    
                    <c:option/>
                    <c:option/>
                </c:options>
            </x:document>
        </x:context><x:expect/></x:scenario><x:output><x:document>
            <source.document.primary.default xmlns:ex="http://example.net/ns"/>
        </x:document></x:output><x:output><x:document>
            <source.document.secondary.sequence xmlns:ex="http://example.net/ns"/>
        </x:document></x:output><x:output><x:document><default xmlns:ex="http://example.net/ns"/></x:document><x:document><default xmlns:ex="http://example.net/ns"/></x:document></x:output><x:output><x:document><c:param-set/></x:document></x:output><x:output><x:document>
                <c:options xmlns:ex="http://example.net/ns">
                    
                    <c:option/>
                    <c:option/>
                </c:options>
            </x:document></x:output><x:test-result>
                                                        <x:expected>At most 0 documents.</x:expected>
                                                    <x:was>0</x:was></x:test-result><x:test-result>
                                                        <x:expected>XPath: true()
Value: </x:expected>
                                                    
                                                        <x:was>XPath: /*/*[@name='option.required']/@value='import 3a'
Value: </x:was>
                                                    </x:test-result></x:description><x:description><x:step-declaration><p:declare-step xmlns:p="http://www.w3.org/ns/xproc" xmlns:ex="http://example.net/ns"><p:input><p:inline>
            <source.document.primary.default/>
        </p:inline></p:input><p:input><p:inline>
            <source.document.secondary.sequence/>
        </p:inline></p:input><p:input><p:inline>
            <default>
                <default/>
                <default/>
            </default>
        </p:inline></p:input><p:input/><p:output><p:pipe/></p:output><p:output><p:pipe/></p:output><p:output><p:pipe/></p:output><p:output><p:pipe/></p:output><p:output><p:pipe/></p:output><p:option/><p:option/><p:option/></p:declare-step></x:step-declaration><x:scenario xmlns:e="http://example.net/ns"><x:call><x:option/></x:call>
                                                <x:context>
                                                    
                                                </x:context>
                                            
                                                <x:expect/>
                                            <x:context>
            <x:document>
                <c:options xmlns:ex="http://example.net/ns">
                    
                    <c:option/>
                    <c:option/>
                </c:options>
            </x:document>
        </x:context><x:expect/></x:scenario><x:output><x:document>
            <source.document.primary.default xmlns:ex="http://example.net/ns"/>
        </x:document></x:output><x:output><x:document>
            <source.document.secondary.sequence xmlns:ex="http://example.net/ns"/>
        </x:document></x:output><x:output><x:document><default xmlns:ex="http://example.net/ns"/></x:document><x:document><default xmlns:ex="http://example.net/ns"/></x:document></x:output><x:output><x:document><c:param-set/></x:document></x:output><x:output><x:document>
                <c:options xmlns:ex="http://example.net/ns">
                    
                    <c:option/>
                    <c:option/>
                </c:options>
            </x:document></x:output><x:test-result>
                                                        <x:expected>At most 0 documents.</x:expected>
                                                    <x:was>0</x:was></x:test-result><x:test-result>
                                                        <x:expected>XPath: true()
Value: </x:expected>
                                                    
                                                        <x:was>XPath: /*/*[@name='option.required']/@value='import 3'
Value: </x:was>
                                                    </x:test-result></x:description></x:test-report></x:document></x:output><x:output port="html"><x:document xml:base="file:/home/jostein/xprocspec/src/main/resources/content/xml/xproc/report/report-template.xhtml" type="inline"><html xmlns="http://www.w3.org/1999/xhtml"><head><title>Test Report for file:/home/jostein/xprocspec/src/test/xprocspec/tests/import-3.xprocspec (passed:4 / pending:0 / failed:0 / errors:0 / total:4)</title>
        <meta/>
        <style>/**/
/****************************************************************************/
/*  File:       test-report.css                                             */
/*  Author:     Jeni Tennsion                                               */
/*  URI:        http://xspec.googlecode.com/                                */
/*  Tags:                                                                   */
/*    Copyright (c) 2008, 2010 Jeni Tennsion (see end of file.)             */
/* ------------------------------------------------------------------------ */


/* test */

/* box model */

body {
	margin-right: 1em;
	/*margin-left: 10%;*/
	}

h1 {
	padding: 0.3em 0.5em 0.3em 0.5em;
	position: relative;
	}

h2 {
	padding: 0.1em 0.5em 0.2em 0.5em;
	}

h3 {
	padding-left: 0.6em;
	}

h4 {
	padding-left: 0.8em;
	}

p, table {
	/*margin-left: 5%;*/
	}

dd ul, dd ol {
	margin-left: 0%;
	}

li ul, li ol {
	/*margin-left: 5%;*/
	}

dl, ul, ol, blockquote {
	/*margin-left: 10%;*/
	}

dt {
  padding-top: 3px;
  padding-bottom: 3px;
	clear: both;
	}

dd p {
	/*margin-left: -5px;*/
	margin-top: 5px;
	clear: both;
	}

p.link {
	margin-top: 4px;
	margin-bottom: 0px;
	clear: both;
	}

tr td, td p, li, li p {
	margin-left: 0%;
	}

td:nth-child(2) {
	padding-left: 5%;
	}

.link img, dt img {
	vertical-align: middle;
	position: relative;
	top: -5px;
	}

img {
	position: relative;
	}

#xml-link {
	position: absolute;
	left: 5px;
	top: 5px;
	width: 10%;
	margin-left: 0%;
	}

#link-up {
	position: absolute;
	left: 93%;
	right: 2em;
	top: 0.3em;
	}

#link-top {
	position: absolute;
	left: 89%;
	right: 4em;
	top: 0.3em;
	}
	
.popup {
	display: block;
	visibility: hidden;
	float: right;
	position: absolute;
	top: 5px;
	left: -200px;
	z-index: 1;
	padding: 0.3em;
	width: 220px;
	}

.note {
	position: relative;
	}

.post {
	/*margin-left: 5%;*/
	padding-top: 1em;
	}
	
.example, .sidebar {
  /*margin-left: 5%;*/
  margin-top: 1em;
  margin-bottom: 1em;
  }

/*pre {
	padding-left: 5%;
	margin-left: 5%;
	}*/

/*dd pre, li pre {
	padding-left: 5%;
	}*/

/* fonts */
/* Oxygen  */
body, table {
    font-family:arial, helvetica, sans-serif;
    font-size:12px;
}
/* Oxygen  */

/*body {
	font-family: Verdana, arial, sans-serif;
	font-size: small;
	}*/	

/*h1, h2, h3, h4, h5, h6 {
	font-family: 'trebuchet MS', arial, sans-serif;
	}*/

h1 {
	font-size: 173%;
	font-weight: bold;
	}

h2 {
	font-size: 144%;
	font-weight: normal;
	}

h3 {
	font-size: 120%;
	font-weight: normal;
	}

h4 {
  font-size: 100%;
  font-weight: bold;
}

dt {
	font-weight: bold;
	}

a:link, a:visited, a:active, a:hover {
	font-weight: bold;
	}

a.offsite:link, a.offsite:visited, a.offsite:active, a.offsite:hover {
	font-weight: normal;
	}

/* suppress the normal italics */
address {
	font-style: normal;
	}

div.example, .sidebar {
  font-family: Verdana, arial, sans-serif;
  font-size: 100%;
  }


.note, .link {
	font-family: Verdana, arial, sans-serif;
	/*font-size: 83%;*/
	}

/*.example, .string, .rtf, .code, pre, code {
	font-family: "Lucida Console", "Courier New", monospace;*/
  /*font-size: 83%;*/
/*	}*/

.boolean {
	font-style: italic;
	}

#colophon, #xml-link {
	font-size: 69%;
	}

.question, .title {
	font-weight: bold;
	}

/* colours */
body {
	background-color: white;
	color: black;
	border: 0px none black;
	}

/* this is to make Navigator fill the entire line */
h1, h2 {
	border: 1px solid white;
	width: auto;
	}

h1 {
	/*background: #606;*/
	/*color: #6F6;*/
	}

h2 {
	color: #606;
	/*background: #CFC;*/
	}

hr {
	color: #606;
	background: white;
	}

img, a:link img, a:visited img, a:hover img, a:active img, #link-up img, #link-top img {
	border: 0px none white;
	background: transparent;
	}

/* OXYGEN */
a, a:visited {
    color:rgb(0, 0, 150);
    background-color:inherit;
    font-weight: bold;
}
a:link, a:visited {
    text-decoration:none; 
}
a:hover {
    text-decoration:underline;
}

/* OXYGEN */

a.img:hover, a.img:active {
	background: transparent;
	}

#colophon, #xml-link, .note {
	color: #666;
	}

#colophon a:link, #colophon a:visited, #colophon a:hover,
#xml-link a:link, #xml-link a:visited, #xml-link a:hover,
.note a:link, .note a:visited, .note a:hover {
	color: #969;
	background: transparent;
	}

#colophon a:hover, #xml-link a:hover, .note a:hover {
	background: #CFC;
	color: #969;
	}

.popup {
	background: white;
	border: 1px solid #606;
	}

.post {
	border-top: 2px solid #606;
	}
	
.example {
  border-top: 2px solid #606;
  border-bottom: 2px solid #606;
  }
  
.sidebar {
  border-top: 2px solid #090;
  border-bottom: 2px solid #090;
  }
  
.rng {
  border-left: 2px solid #666;
  }

.same {
  background-color: rgb(206, 239, 174);
}

.diff {
  background-color: #FCC;
}

.whitespace {
	font-style: italic;
	color: #999;
	background: white;
}

.ignored {
  font-style: italic;
  color: #999;
  background: white;
}

.hit {
}

.missed {
  background-color: #A33;
  color: white;
}

/* text */
ol ol li {
	list-style: lower-alpha;
	}

th {
	text-align: left;
	}

td {
	vertical-align: top;
	}

h1 {
	text-transform: uppercase;
	}

h2, h3 {
	/*text-transform: capitalize;*/
	}

.question {
	text-indent: -33px;
	}

.byline {
	text-align: right;
	}

#link-top, #link-up {
	text-align: right;
	}

a {
	text-decoration: none;
	}

table { width: 85%;
        /* border: collapse; */ }

th { text-align: left; }

.xspec tbody th { font-weight: normal; /*font-size: 0.8em;*/ border-top: 1px #666 solid; }
.xspec tbody td { /*font-size: 0.8em;*/ color: #666; }

.successful.label th, .successful.label td { background-color: #CFC; }
.pending.label th, .pending.label td { background-color: #DDD; color: #666; }
.failed.label th, .failed.label td { background-color: #FCC; }
.error.label th, .error.label td { background-color: #FAA; }
/*body &gt; table tbody .failed.label th:first-child:before {content:url(data:image/png;base64,iVBORw0KGgoAAAANSUhEUgAAAAwAAAAMCAYAAABWdVznAAAAGXRFWHRTb2Z0d2FyZQBBZG9iZSBJbWFnZVJlYWR5ccllPAAAA2ZpVFh0WE1MOmNvbS5hZG9iZS54bXAAAAAAADw/eHBhY2tldCBiZWdpbj0i77u/IiBpZD0iVzVNME1wQ2VoaUh6cmVTek5UY3prYzlkIj8+IDx4OnhtcG1ldGEgeG1sbnM6eD0iYWRvYmU6bnM6bWV0YS8iIHg6eG1wdGs9IkFkb2JlIFhNUCBDb3JlIDUuMy1jMDExIDY2LjE0NTY2MSwgMjAxMi8wMi8wNi0xNDo1NjoyNyAgICAgICAgIj4gPHJkZjpSREYgeG1sbnM6cmRmPSJodHRwOi8vd3d3LnczLm9yZy8xOTk5LzAyLzIyLXJkZi1zeW50YXgtbnMjIj4gPHJkZjpEZXNjcmlwdGlvbiByZGY6YWJvdXQ9IiIgeG1sbnM6eG1wTU09Imh0dHA6Ly9ucy5hZG9iZS5jb20veGFwLzEuMC9tbS8iIHhtbG5zOnN0UmVmPSJodHRwOi8vbnMuYWRvYmUuY29tL3hhcC8xLjAvc1R5cGUvUmVzb3VyY2VSZWYjIiB4bWxuczp4bXA9Imh0dHA6Ly9ucy5hZG9iZS5jb20veGFwLzEuMC8iIHhtcE1NOk9yaWdpbmFsRG9jdW1lbnRJRD0ieG1wLmRpZDpCQjU0NjU4QjIyQTNFMTExQkI5Rjk5QkQ4RkQ5RUJFQiIgeG1wTU06RG9jdW1lbnRJRD0ieG1wLmRpZDpEQTUyOTdBQUEzRDUxMUUxQTQwN0YzMUI0Nzg3NDU1RSIgeG1wTU06SW5zdGFuY2VJRD0ieG1wLmlpZDpEQTUyOTdBOUEzRDUxMUUxQTQwN0YzMUI0Nzg3NDU1RSIgeG1wOkNyZWF0b3JUb29sPSJBZG9iZSBQaG90b3Nob3AgQ1M2IChXaW5kb3dzKSI+IDx4bXBNTTpEZXJpdmVkRnJvbSBzdFJlZjppbnN0YW5jZUlEPSJ4bXAuaWlkOjQ4MTZDRTNCRDVBM0UxMTFBQTI2QTBCMjZENzg1Qzg5IiBzdFJlZjpkb2N1bWVudElEPSJ4bXAuZGlkOkJCNTQ2NThCMjJBM0UxMTFCQjlGOTlCRDhGRDlFQkVCIi8+IDwvcmRmOkRlc2NyaXB0aW9uPiA8L3JkZjpSREY+IDwveDp4bXBtZXRhPiA8P3hwYWNrZXQgZW5kPSJyIj8+aHNJrgAAAZ1JREFUeNpsUssrRGEU/907985YMDPNYlh4hbKZPMdgR3aysrGSSFIeKyUKpewoRTYkmcgCf4MsMI2FPDYGKeUZSoru4/uc82VC+W7fOeee+zvn/M45V1uuyCmVwDogq0hDklD6jy1dspNkdxokVrIzPFUh0/MD5OdXoJDwPFtu3d2ns6TTp9oggTlFZlmN0o4AHMmXfJGo0lmGzoE1OgmNHf5YA8rmN5HfM6wADmUuHphA9cIW/JX1yiek9DIlyijxkNjBzXYche19gNcHzfShoLUdVxtLuD/cYzCoMAzCwqYrhMDx9Chs20JRWzf4nMcXcDI3pYAqQHIAtWUJbpKursMMhpA+RiAEGzpc4X5XkDB4GjaHmiZik/PIa2rBEWVlSuW9Q+T3YndskBi46QpQFcLltchtbEZyZhxna4uKhmV9Ito/gtPNOG4P99WItdlIWARNXWOAv6AEr9cplel7/ggUleDlMqUSvNnCobHKxDsNnqs8XaWUZopp/XhxTkOR+HDVOveYUge9rNLyY9SU9v+vwXuUB2R0fQkwABfn/VKSjTLBAAAAAElFTkSuQmCC) " "}*/
/*body &gt; table tbody .error.label th:first-child:before {content:url(data:image/png;base64,iVBORw0KGgoAAAANSUhEUgAAAAwAAAAMCAYAAABWdVznAAAABmJLR0QAAAAAAAD5Q7t/AAAACXBIWXMAAAsTAAALEwEAmpwYAAAAB3RJTUUH3QcKER4AdkxvvQAAAdVJREFUKM89kM9KG0EAh7/JTHazZInEQwJ68KIWLx6Etj6EjxAobYSsD+BjCJ682EOp0FMueYmS0FMICF4i6tFNzJ/dyRh2Znoo6Xf+Pn7wEzc3Nx/W6/UvY8xJnudkWYa1Fu893nviOCaKIhuG4R/v/Ve1Xq9/bG1tnezs7JDnOVpr3t/fcc4hpaRSqVCpVORqtTp9e3v7rrTWn5vNJpPJhHK5zHg8JssyvPeEYcjR0RFpmlKr1ZjP5x9Li8VCbOR2u83BwQEvLy88PT1xfHzMxcUFQgjSNCXLskDlec5sNuPx8REpJZ1Oh+fnZ4QQnJ+fc319Tb/fZ29vD601SmvNdDplsVhwe3vLaDTi6uoKgCRJGAwGNBoNXl9fMcZQcs5hjGG1WpHnObVajQ3VahWtNcYYjDE451Cb+7z3JElCkiScnZ0hpaTX67G7u0u328V7/y+oVqsIITg8PKTT6dBqtRgOhzjnaLVa3N3dcX9/z3K5JI5jxOXlpSuKQqRpirWWh4eH//Plcpn9/X2cc2xvb1MqlQqllBpYa0/jOGYymdBsNsmyDOccURRRFAX1eh2lFGEY/lZBEHyx1v703n8KgkBEUYSUEu/9RkIIUQRB0A/D8NtflUT+nn4OS+0AAAAASUVORK5CYII=) " "}*/
.failed.label th:first-child:before, .failed.label td:first-child:before {content:url(data:image/png;base64,iVBORw0KGgoAAAANSUhEUgAAAAwAAAAMCAYAAABWdVznAAAAGXRFWHRTb2Z0d2FyZQBBZG9iZSBJbWFnZVJlYWR5ccllPAAAA2ZpVFh0WE1MOmNvbS5hZG9iZS54bXAAAAAAADw/eHBhY2tldCBiZWdpbj0i77u/IiBpZD0iVzVNME1wQ2VoaUh6cmVTek5UY3prYzlkIj8+IDx4OnhtcG1ldGEgeG1sbnM6eD0iYWRvYmU6bnM6bWV0YS8iIHg6eG1wdGs9IkFkb2JlIFhNUCBDb3JlIDUuMy1jMDExIDY2LjE0NTY2MSwgMjAxMi8wMi8wNi0xNDo1NjoyNyAgICAgICAgIj4gPHJkZjpSREYgeG1sbnM6cmRmPSJodHRwOi8vd3d3LnczLm9yZy8xOTk5LzAyLzIyLXJkZi1zeW50YXgtbnMjIj4gPHJkZjpEZXNjcmlwdGlvbiByZGY6YWJvdXQ9IiIgeG1sbnM6eG1wTU09Imh0dHA6Ly9ucy5hZG9iZS5jb20veGFwLzEuMC9tbS8iIHhtbG5zOnN0UmVmPSJodHRwOi8vbnMuYWRvYmUuY29tL3hhcC8xLjAvc1R5cGUvUmVzb3VyY2VSZWYjIiB4bWxuczp4bXA9Imh0dHA6Ly9ucy5hZG9iZS5jb20veGFwLzEuMC8iIHhtcE1NOk9yaWdpbmFsRG9jdW1lbnRJRD0ieG1wLmRpZDpCQjU0NjU4QjIyQTNFMTExQkI5Rjk5QkQ4RkQ5RUJFQiIgeG1wTU06RG9jdW1lbnRJRD0ieG1wLmRpZDpEQTUyOTdBQUEzRDUxMUUxQTQwN0YzMUI0Nzg3NDU1RSIgeG1wTU06SW5zdGFuY2VJRD0ieG1wLmlpZDpEQTUyOTdBOUEzRDUxMUUxQTQwN0YzMUI0Nzg3NDU1RSIgeG1wOkNyZWF0b3JUb29sPSJBZG9iZSBQaG90b3Nob3AgQ1M2IChXaW5kb3dzKSI+IDx4bXBNTTpEZXJpdmVkRnJvbSBzdFJlZjppbnN0YW5jZUlEPSJ4bXAuaWlkOjQ4MTZDRTNCRDVBM0UxMTFBQTI2QTBCMjZENzg1Qzg5IiBzdFJlZjpkb2N1bWVudElEPSJ4bXAuZGlkOkJCNTQ2NThCMjJBM0UxMTFCQjlGOTlCRDhGRDlFQkVCIi8+IDwvcmRmOkRlc2NyaXB0aW9uPiA8L3JkZjpSREY+IDwveDp4bXBtZXRhPiA8P3hwYWNrZXQgZW5kPSJyIj8+aHNJrgAAAZ1JREFUeNpsUssrRGEU/907985YMDPNYlh4hbKZPMdgR3aysrGSSFIeKyUKpewoRTYkmcgCf4MsMI2FPDYGKeUZSoru4/uc82VC+W7fOeee+zvn/M45V1uuyCmVwDogq0hDklD6jy1dspNkdxokVrIzPFUh0/MD5OdXoJDwPFtu3d2ns6TTp9oggTlFZlmN0o4AHMmXfJGo0lmGzoE1OgmNHf5YA8rmN5HfM6wADmUuHphA9cIW/JX1yiek9DIlyijxkNjBzXYche19gNcHzfShoLUdVxtLuD/cYzCoMAzCwqYrhMDx9Chs20JRWzf4nMcXcDI3pYAqQHIAtWUJbpKursMMhpA+RiAEGzpc4X5XkDB4GjaHmiZik/PIa2rBEWVlSuW9Q+T3YndskBi46QpQFcLltchtbEZyZhxna4uKhmV9Ito/gtPNOG4P99WItdlIWARNXWOAv6AEr9cplel7/ggUleDlMqUSvNnCobHKxDsNnqs8XaWUZopp/XhxTkOR+HDVOveYUge9rNLyY9SU9v+vwXuUB2R0fQkwABfn/VKSjTLBAAAAAElFTkSuQmCC) " "}
.error.label th:first-child:before, .error.label td:first-child:before {content:url(data:image/png;base64,iVBORw0KGgoAAAANSUhEUgAAAAwAAAAMCAYAAABWdVznAAAABmJLR0QAAAAAAAD5Q7t/AAAACXBIWXMAAAsTAAALEwEAmpwYAAAAB3RJTUUH3QcKER4AdkxvvQAAAdVJREFUKM89kM9KG0EAh7/JTHazZInEQwJ68KIWLx6Etj6EjxAobYSsD+BjCJ682EOp0FMueYmS0FMICF4i6tFNzJ/dyRh2Znoo6Xf+Pn7wEzc3Nx/W6/UvY8xJnudkWYa1Fu893nviOCaKIhuG4R/v/Ve1Xq9/bG1tnezs7JDnOVpr3t/fcc4hpaRSqVCpVORqtTp9e3v7rrTWn5vNJpPJhHK5zHg8JssyvPeEYcjR0RFpmlKr1ZjP5x9Li8VCbOR2u83BwQEvLy88PT1xfHzMxcUFQgjSNCXLskDlec5sNuPx8REpJZ1Oh+fnZ4QQnJ+fc319Tb/fZ29vD601SmvNdDplsVhwe3vLaDTi6uoKgCRJGAwGNBoNXl9fMcZQcs5hjGG1WpHnObVajQ3VahWtNcYYjDE451Cb+7z3JElCkiScnZ0hpaTX67G7u0u328V7/y+oVqsIITg8PKTT6dBqtRgOhzjnaLVa3N3dcX9/z3K5JI5jxOXlpSuKQqRpirWWh4eH//Plcpn9/X2cc2xvb1MqlQqllBpYa0/jOGYymdBsNsmyDOccURRRFAX1eh2lFGEY/lZBEHyx1v703n8KgkBEUYSUEu/9RkIIUQRB0A/D8NtflUT+nn4OS+0AAAAASUVORK5CYII=) " "}
.pending.label th:first-child:before, .pending.label td:first-child:before {content:url(data:image/png;base64,iVBORw0KGgoAAAANSUhEUgAAAAwAAAAMCAYAAABWdVznAAAAGXRFWHRTb2Z0d2FyZQBBZG9iZSBJbWFnZVJlYWR5ccllPAAAA2ZpVFh0WE1MOmNvbS5hZG9iZS54bXAAAAAAADw/eHBhY2tldCBiZWdpbj0i77u/IiBpZD0iVzVNME1wQ2VoaUh6cmVTek5UY3prYzlkIj8+IDx4OnhtcG1ldGEgeG1sbnM6eD0iYWRvYmU6bnM6bWV0YS8iIHg6eG1wdGs9IkFkb2JlIFhNUCBDb3JlIDUuMy1jMDExIDY2LjE0NTY2MSwgMjAxMi8wMi8wNi0xNDo1NjoyNyAgICAgICAgIj4gPHJkZjpSREYgeG1sbnM6cmRmPSJodHRwOi8vd3d3LnczLm9yZy8xOTk5LzAyLzIyLXJkZi1zeW50YXgtbnMjIj4gPHJkZjpEZXNjcmlwdGlvbiByZGY6YWJvdXQ9IiIgeG1sbnM6eG1wTU09Imh0dHA6Ly9ucy5hZG9iZS5jb20veGFwLzEuMC9tbS8iIHhtbG5zOnN0UmVmPSJodHRwOi8vbnMuYWRvYmUuY29tL3hhcC8xLjAvc1R5cGUvUmVzb3VyY2VSZWYjIiB4bWxuczp4bXA9Imh0dHA6Ly9ucy5hZG9iZS5jb20veGFwLzEuMC8iIHhtcE1NOk9yaWdpbmFsRG9jdW1lbnRJRD0ieG1wLmRpZDpCQjU0NjU4QjIyQTNFMTExQkI5Rjk5QkQ4RkQ5RUJFQiIgeG1wTU06RG9jdW1lbnRJRD0ieG1wLmRpZDpDODdDM0Y0QUEzRDUxMUUxQjk5N0MzQjVFRDMyQUE1MiIgeG1wTU06SW5zdGFuY2VJRD0ieG1wLmlpZDpDODdDM0Y0OUEzRDUxMUUxQjk5N0MzQjVFRDMyQUE1MiIgeG1wOkNyZWF0b3JUb29sPSJBZG9iZSBQaG90b3Nob3AgQ1M2IChXaW5kb3dzKSI+IDx4bXBNTTpEZXJpdmVkRnJvbSBzdFJlZjppbnN0YW5jZUlEPSJ4bXAuaWlkOjQ4MTZDRTNCRDVBM0UxMTFBQTI2QTBCMjZENzg1Qzg5IiBzdFJlZjpkb2N1bWVudElEPSJ4bXAuZGlkOkJCNTQ2NThCMjJBM0UxMTFCQjlGOTlCRDhGRDlFQkVCIi8+IDwvcmRmOkRlc2NyaXB0aW9uPiA8L3JkZjpSREY+IDwveDp4bXBtZXRhPiA8P3hwYWNrZXQgZW5kPSJyIj8+yj6RYgAAAPZJREFUeNp0kM8KgkAQxmc1E0Wfo3vQn5eRSDx4EUHwbTpEhx4lil7DiydBQUFXp5nAMNsGhpnd/X77za4Iw3CFiFcAWFMFDkXtKZ/UHhfUnB3HWdu2/REpAL2u631ZlicGdpZlwTAMSmBM0zS5bhgQLB5FU3AOUS4XvNn3vVKgAACCIMA0TbFpGsyyDJMkefdFUWAcx1hVFeZ5jlEUoed5qPEI7KDrOhiG8e6llNC27Zcz77FW+L6Pruv+WKtGIzfgR39umv/UHOJgAMlO/BPOXCQDD5p3r2ma8lvHNU9BcWPg0HXdhRZbOhRT8aSXVO9U/ZcAAwAsmjsSQcM0lwAAAABJRU5ErkJggg==) " ";}
.successful.label th:first-child:before, .successful.label td:first-child:before {content:url(data:image/png;base64,iVBORw0KGgoAAAANSUhEUgAAAAwAAAAMCAYAAABWdVznAAAAGXRFWHRTb2Z0d2FyZQBBZG9iZSBJbWFnZVJlYWR5ccllPAAAA2ZpVFh0WE1MOmNvbS5hZG9iZS54bXAAAAAAADw/eHBhY2tldCBiZWdpbj0i77u/IiBpZD0iVzVNME1wQ2VoaUh6cmVTek5UY3prYzlkIj8+IDx4OnhtcG1ldGEgeG1sbnM6eD0iYWRvYmU6bnM6bWV0YS8iIHg6eG1wdGs9IkFkb2JlIFhNUCBDb3JlIDUuMy1jMDExIDY2LjE0NTY2MSwgMjAxMi8wMi8wNi0xNDo1NjoyNyAgICAgICAgIj4gPHJkZjpSREYgeG1sbnM6cmRmPSJodHRwOi8vd3d3LnczLm9yZy8xOTk5LzAyLzIyLXJkZi1zeW50YXgtbnMjIj4gPHJkZjpEZXNjcmlwdGlvbiByZGY6YWJvdXQ9IiIgeG1sbnM6eG1wTU09Imh0dHA6Ly9ucy5hZG9iZS5jb20veGFwLzEuMC9tbS8iIHhtbG5zOnN0UmVmPSJodHRwOi8vbnMuYWRvYmUuY29tL3hhcC8xLjAvc1R5cGUvUmVzb3VyY2VSZWYjIiB4bWxuczp4bXA9Imh0dHA6Ly9ucy5hZG9iZS5jb20veGFwLzEuMC8iIHhtcE1NOk9yaWdpbmFsRG9jdW1lbnRJRD0ieG1wLmRpZDpCQjU0NjU4QjIyQTNFMTExQkI5Rjk5QkQ4RkQ5RUJFQiIgeG1wTU06RG9jdW1lbnRJRD0ieG1wLmRpZDpEMDVBNThBQUEzRDUxMUUxQjdCQkM2QUNBMTNBMDExNiIgeG1wTU06SW5zdGFuY2VJRD0ieG1wLmlpZDpEMDVBNThBOUEzRDUxMUUxQjdCQkM2QUNBMTNBMDExNiIgeG1wOkNyZWF0b3JUb29sPSJBZG9iZSBQaG90b3Nob3AgQ1M2IChXaW5kb3dzKSI+IDx4bXBNTTpEZXJpdmVkRnJvbSBzdFJlZjppbnN0YW5jZUlEPSJ4bXAuaWlkOjQ4MTZDRTNCRDVBM0UxMTFBQTI2QTBCMjZENzg1Qzg5IiBzdFJlZjpkb2N1bWVudElEPSJ4bXAuZGlkOkJCNTQ2NThCMjJBM0UxMTFCQjlGOTlCRDhGRDlFQkVCIi8+IDwvcmRmOkRlc2NyaXB0aW9uPiA8L3JkZjpSREY+IDwveDp4bXBtZXRhPiA8P3hwYWNrZXQgZW5kPSJyIj8+xJ3YrgAAAYBJREFUeNpsUrtKA1EQPZtdY4gEQiD4QCsLEVGX4CP4AykEq1hYiGghCDZ+gBZWVtrZ+EAjaGOhfoAkNiaKhYWICilMEQNqoYjZ5O4d5+6ucQuLM3funDNzD7OrLe229YBwSKAEnyAP/pyIbL5fcz5rcNiLtuqJSEz3ickn5ruE/vFmJ9/LYjvAldGWqA7bJkgPtoAHQrS5G6NdiwhFWCoxHOCgKUL+iurkCBVawyamE8d4qmSZ51clBZUlh+RG14JzEsJNcaTNLVwWd1B6vXXqkmGoYNeVUPnW3JNr4+YarPoncvebEAKNekAlokaY6N/A1NA+SBgY6Eijtz2Fs5sVWNWawysorWNJsO+q9QWzaxLTYwfojA3isZzDfSnrWvTsNiyp7pOrZURC7ejrTDEpcVpY9ab+NSioLZEiapZA5nwBxZcC8g9HeK7ccYM7TDnwmoU2vx6/NIJaUjc0b0u8YvJNle5HdJvlhbI0Y31ThqsjTGr0/+8hOOQ5nfsRYACtHiy+FDd82wAAAABJRU5ErkJggg==) " "}
/*.successful.label a:before {content:url(data:image/png;base64,iVBORw0KGgoAAAANSUhEUgAAAAwAAAAMCAYAAABWdVznAAAAGXRFWHRTb2Z0d2FyZQBBZG9iZSBJbWFnZVJlYWR5ccllPAAAA2ZpVFh0WE1MOmNvbS5hZG9iZS54bXAAAAAAADw/eHBhY2tldCBiZWdpbj0i77u/IiBpZD0iVzVNME1wQ2VoaUh6cmVTek5UY3prYzlkIj8+IDx4OnhtcG1ldGEgeG1sbnM6eD0iYWRvYmU6bnM6bWV0YS8iIHg6eG1wdGs9IkFkb2JlIFhNUCBDb3JlIDUuMy1jMDExIDY2LjE0NTY2MSwgMjAxMi8wMi8wNi0xNDo1NjoyNyAgICAgICAgIj4gPHJkZjpSREYgeG1sbnM6cmRmPSJodHRwOi8vd3d3LnczLm9yZy8xOTk5LzAyLzIyLXJkZi1zeW50YXgtbnMjIj4gPHJkZjpEZXNjcmlwdGlvbiByZGY6YWJvdXQ9IiIgeG1sbnM6eG1wTU09Imh0dHA6Ly9ucy5hZG9iZS5jb20veGFwLzEuMC9tbS8iIHhtbG5zOnN0UmVmPSJodHRwOi8vbnMuYWRvYmUuY29tL3hhcC8xLjAvc1R5cGUvUmVzb3VyY2VSZWYjIiB4bWxuczp4bXA9Imh0dHA6Ly9ucy5hZG9iZS5jb20veGFwLzEuMC8iIHhtcE1NOk9yaWdpbmFsRG9jdW1lbnRJRD0ieG1wLmRpZDpCQjU0NjU4QjIyQTNFMTExQkI5Rjk5QkQ4RkQ5RUJFQiIgeG1wTU06RG9jdW1lbnRJRD0ieG1wLmRpZDpEMDVBNThBQUEzRDUxMUUxQjdCQkM2QUNBMTNBMDExNiIgeG1wTU06SW5zdGFuY2VJRD0ieG1wLmlpZDpEMDVBNThBOUEzRDUxMUUxQjdCQkM2QUNBMTNBMDExNiIgeG1wOkNyZWF0b3JUb29sPSJBZG9iZSBQaG90b3Nob3AgQ1M2IChXaW5kb3dzKSI+IDx4bXBNTTpEZXJpdmVkRnJvbSBzdFJlZjppbnN0YW5jZUlEPSJ4bXAuaWlkOjQ4MTZDRTNCRDVBM0UxMTFBQTI2QTBCMjZENzg1Qzg5IiBzdFJlZjpkb2N1bWVudElEPSJ4bXAuZGlkOkJCNTQ2NThCMjJBM0UxMTFCQjlGOTlCRDhGRDlFQkVCIi8+IDwvcmRmOkRlc2NyaXB0aW9uPiA8L3JkZjpSREY+IDwveDp4bXBtZXRhPiA8P3hwYWNrZXQgZW5kPSJyIj8+xJ3YrgAAAYBJREFUeNpsUrtKA1EQPZtdY4gEQiD4QCsLEVGX4CP4AykEq1hYiGghCDZ+gBZWVtrZ+EAjaGOhfoAkNiaKhYWICilMEQNqoYjZ5O4d5+6ucQuLM3funDNzD7OrLe229YBwSKAEnyAP/pyIbL5fcz5rcNiLtuqJSEz3ickn5ruE/vFmJ9/LYjvAldGWqA7bJkgPtoAHQrS5G6NdiwhFWCoxHOCgKUL+iurkCBVawyamE8d4qmSZ51clBZUlh+RG14JzEsJNcaTNLVwWd1B6vXXqkmGoYNeVUPnW3JNr4+YarPoncvebEAKNekAlokaY6N/A1NA+SBgY6Eijtz2Fs5sVWNWawysorWNJsO+q9QWzaxLTYwfojA3isZzDfSnrWvTsNiyp7pOrZURC7ejrTDEpcVpY9ab+NSioLZEiapZA5nwBxZcC8g9HeK7ccYM7TDnwmoU2vx6/NIJaUjc0b0u8YvJNle5HdJvlhbI0Y31ThqsjTGr0/+8hOOQ5nfsRYACtHiy+FDd82wAAAABJRU5ErkJggg==) " "}*/

.xspecResult { width: 90%; table-layout: fixed; }

.xspecResult td,
.xspecResult th { width: 50%; }

/*.xspecResult pre { 
  margin-left: 0; 
  padding: 0.5em; 
  overflow: auto; 
  border: 1px #999 dotted;
}*/

span.scenario-totals {float: right; width: 14.5%; text-align: left}

/* OXYGEN */
span.scenario-totals {float: right; width: 34.5%; text-align: right}

h2.failed {
    background-color: #FCC;
}

h1, h2 {
    width: 86%;
    /*margin-left: 3%;*/
    
    font-size:1.4em;
    font-weight:bold;
    text-align:left;
    margin-top:1.4em;
    margin-bottom:0.7em;
    color:#333333;
    background-color:inherit;
}

h1 {
    font-size:1.7em;
}

body &gt; h1:first-child:before {
    content:"XSLT UNIT ";
}

body &gt; h2:first-of-type {
    font-size:1.7em;
}

div &gt; table &gt; tbody &gt; tr &gt; th:first-child {
    font-weight:bold;
}

div &gt; h3 {
    font-weight:bold;
    /*margin-left: 3%;*/
}

div &gt; h4 {
    font-weight:normal;
    /*margin-left: 4%;*/
}

th.result { text-align: center; }
/* OXYGEN */


/* ------------------------------------------------------------------------ */
/*  DO NOT ALTER OR REMOVE COPYRIGHT NOTICES OR THIS COMMENT.               */
/*                                                                          */
/*  Copyright (c) 2008, 2010 Jeni Tennsion                                  */
/*                                                                          */
/*  The contents of this file are subject to the MIT License (see the URI   */
/*  http://www.opensource.org/licenses/mit-license.php for details).        */
/*                                                                          */
/*  Permission is hereby granted, free of charge, to any person obtaining   */
/*  a copy of this software and associated documentation files (the         */
/*  "Software"), to deal in the Software without restriction, including     */
/*  without limitation the rights to use, copy, modify, merge, publish,     */
/*  distribute, sublicense, and/or sell copies of the Software, and to      */
/*  permit persons to whom the Software is furnished to do so, subject to   */
/*  the following conditions:                                               */
/*                                                                          */
/*  The above copyright notice and this permission notice shall be          */
/*  included in all copies or substantial portions of the Software.         */
/*                                                                          */
/*  THE SOFTWARE IS PROVIDED "AS IS", WITHOUT WARRANTY OF ANY KIND,         */
/*  EXPRESS OR IMPLIED, INCLUDING BUT NOT LIMITED TO THE WARRANTIES OF      */
/*  MERCHANTABILITY, FITNESS FOR A PARTICULAR PURPOSE AND NONINFRINGEMENT.  */
/*  IN NO EVENT SHALL THE AUTHORS OR COPYRIGHT HOLDERS BE LIABLE FOR ANY    */
/*  CLAIM, DAMAGES OR OTHER LIABILITY, WHETHER IN AN ACTION OF CONTRACT,    */
/*  TORT OR OTHERWISE, ARISING FROM, OUT OF OR IN CONNECTION WITH THE       */
/*  SOFTWARE OR THE USE OR OTHER DEALINGS IN THE SOFTWARE.                  */
/* ------------------------------------------------------------------------ */

.nobr { white-space: nowrap; }
.scenario-label { text-indent: 0px; }
.context-label { text-indent: 10px; }
.test-label { text-indent: 20px; }
.pending-label { text-indent: 30px; }


        /**/</style>
    </head><body><h1>Test Report</h1><p>Script: <a>file:/home/jostein/xprocspec/src/test/xprocspec/tests/import-3.xprocspec</a></p><p>Tested: 2013-09-02T14:16:54.341+02:00</p><h2>Contents</h2><table><col/><col/><col/><col/><col/><col/><thead><tr><th/><th>passed:4</th><th>pending:0</th><th>failed:0</th><th>errors:0</th><th>total:4</th></tr></thead><tbody><tr><th><a>ex:identity</a></th><th>4</th><th>0</th><th>0</th><th>0</th><th>4</th></tr></tbody></table><div><h2>Calling: <a>ex:identity</a><span>passed:4 / pending:0 /
                                        failed:0 / errors:0 / total:4</span></h2><table><col/><col/><tbody><tr><th>identity</th><th>passed:2 / pending:0 / failed:0 / errors:0 / total:2</th></tr><tr><th>errors</th><th>passed:1 / pending:0 / failed:0 / errors:0 / total:1</th></tr><tr><td>the step should execute successfully without throwing any errors</td><td>Success</td></tr><tr><th>the results</th><th>passed:1 / pending:0 / failed:0 / errors:0 / total:1</th></tr><tr><td>the option 'option.required' should have the value 'import 3a'</td><td>Success</td></tr><tr><th>identity</th><th>passed:2 / pending:0 / failed:0 / errors:0 / total:2</th></tr><tr><th>errors</th><th>passed:1 / pending:0 / failed:0 / errors:0 / total:1</th></tr><tr><td>the step should execute successfully without throwing any errors</td><td>Success</td></tr><tr><th>the results</th><th>passed:1 / pending:0 / failed:0 / errors:0 / total:1</th></tr><tr><td>the option 'option.required' should have the value 'import 3'</td><td>Success</td></tr></tbody></table></div><h2>Execution log</h2><table><thead><tr><th>Time</th><th>Severity</th><th>Message</th></tr></thead><tbody><tr><td>0.000</td><td>INFO</td><td><code><pre>#### file:/home/jostein/xprocspec/src/test/xprocspec/tests/import-3.xprocspec ####</pre></code></td></tr><tr><td>0.005</td><td>INFO</td><td><code><pre> * temporary directory: file:/tmp/xprocspec-20130902141648008/</pre></code></td></tr><tr><td>0.009</td><td>INFO</td><td><code><pre>preprocessing...</pre></code></td></tr><tr><td>0.029</td><td>INFO</td><td><code><pre> * checking for imports</pre></code></td></tr><tr><td>0.035</td><td>INFO</td><td><code><pre> * checking file:/home/jostein/xprocspec/src/test/xprocspec/tests/import-3.xprocspec for imports</pre></code></td></tr><tr><td>0.040</td><td>INFO</td><td><code><pre> * importing: file:/home/jostein/xprocspec/src/test/xprocspec/tests/import-3a.xprocspec</pre></code></td></tr><tr><td>0.054</td><td>INFO</td><td><code><pre> * checking file:/home/jostein/xprocspec/src/test/xprocspec/tests/import-3a.xprocspec for imports</pre></code></td></tr><tr><td>0.060</td><td>INFO</td><td><code><pre> * skipping circular import: file:/home/jostein/xprocspec/src/test/xprocspec/tests/import-3.xprocspec</pre></code></td></tr><tr><td>0.066</td><td>INFO</td><td><code><pre> * extracting step declarations from file:/home/jostein/xprocspec/src/test/xprocspec/steps/identity.xpl</pre></code></td></tr><tr><td>0.073</td><td>INFO</td><td><code><pre> * tests reference 1 step</pre></code></td></tr><tr><td>0.078</td><td>INFO</td><td><code><pre>   * step: e:identity</pre></code></td></tr><tr><td>0.084</td><td>INFO</td><td><code><pre> * trying to load: file:/home/jostein/xprocspec/src/test/xprocspec/steps/identity.xpl</pre></code></td></tr><tr><td>0.090</td><td>INFO</td><td><code><pre>   * success!</pre></code></td></tr><tr><td>0.099</td><td>INFO</td><td><code><pre> * trying to extract the step declaration for {http://example.net/ns}identity from file:/home/jostein/xprocspec/src/test/xprocspec/steps/identity.xpl</pre></code></td></tr><tr><td>0.112</td><td>INFO</td><td><code><pre> * creating a new x:description document for each x:scenario element with inferred inputs, options and parameters</pre></code></td></tr><tr><td>0.129</td><td>INFO</td><td><code><pre> * validating output grammar</pre></code></td></tr><tr><td>0.143</td><td>INFO</td><td><code><pre> * validating output grammar</pre></code></td></tr><tr><td>0.155</td><td>INFO</td><td><code><pre>compiling...</pre></code></td></tr><tr><td>0.163</td><td>INFO</td><td><code><pre> * created directory using Calabash's cxf:mkdir</pre></code></td></tr><tr><td>0.170</td><td>INFO</td><td><code><pre> * converting test 'test1' to XProc</pre></code></td></tr><tr><td>0.184</td><td>INFO</td><td><code><pre>   * done</pre></code></td></tr><tr><td>0.191</td><td>INFO</td><td><code><pre> * validating output grammar for file:/home/jostein/xprocspec/src/test/xprocspec/tests/import-3.xprocspec</pre></code></td></tr><tr><td>0.205</td><td>INFO</td><td><code><pre>   * done!</pre></code></td></tr><tr><td>0.212</td><td>INFO</td><td><code><pre> * converting test 'test2' to XProc</pre></code></td></tr><tr><td>0.225</td><td>INFO</td><td><code><pre>   * done</pre></code></td></tr><tr><td>0.232</td><td>INFO</td><td><code><pre> * validating output grammar for file:/home/jostein/xprocspec/src/test/xprocspec/tests/import-3.xprocspec</pre></code></td></tr><tr><td>0.246</td><td>INFO</td><td><code><pre>   * done!</pre></code></td></tr><tr><td>0.253</td><td>INFO</td><td><code><pre> * using as temporary directory: file:/tmp/xprocspec-20130902141648008/xprocspec-20130902141653666/</pre></code></td></tr><tr><td>0.259</td><td>INFO</td><td><code><pre>storing...</pre></code></td></tr><tr><td>0.271</td><td>INFO</td><td><code><pre>running...</pre></code></td></tr><tr><td>0.280</td><td>INFO</td><td><code><pre>   * loading 'file:/tmp/xprocspec-20130902141648008/test1.xpl'</pre></code></td></tr><tr><td>0.343</td><td>INFO</td><td><code><pre>   * loading 'file:/tmp/xprocspec-20130902141648008/test2.xpl'</pre></code></td></tr><tr><td>0.405</td><td>INFO</td><td><code><pre>evaluating...</pre></code></td></tr><tr><td>0.418</td><td>INFO</td><td><code><pre> * evaluating scenario 'identity' (file:/home/jostein/xprocspec/src/test/xprocspec/tests/import-3.xprocspec)</pre></code></td></tr><tr><td>0.425</td><td>INFO</td><td><code><pre>   * resolving x:document elements...</pre></code></td></tr><tr><td>0.435</td><td>INFO</td><td><code><pre>    * no errors occured</pre></code></td></tr><tr><td>0.461</td><td>INFO</td><td><code><pre>   * grouping x:expect elements with their x:context...</pre></code></td></tr><tr><td>0.471</td><td>INFO</td><td><code><pre>   * evaluating each context/expect group...</pre></code></td></tr><tr><td>0.478</td><td>INFO</td><td><code><pre>     * setting context to 'errors'</pre></code></td></tr><tr><td>0.486</td><td>INFO</td><td><code><pre>       * testing assertion 'the step should execute successfully without throwing any errors'</pre></code></td></tr><tr><td>0.494</td><td>INFO</td><td><code><pre>         * is document count assertion</pre></code></td></tr><tr><td>0.501</td><td>INFO</td><td><code><pre>         * assertion passed</pre></code></td></tr><tr><td>0.510</td><td>INFO</td><td><code><pre>     * setting context to 'the results'</pre></code></td></tr><tr><td>0.518</td><td>INFO</td><td><code><pre>       * testing assertion 'the option 'option.required' should have the value 'import 3a''</pre></code></td></tr><tr><td>0.525</td><td>INFO</td><td><code><pre>         * is xpath assertion</pre></code></td></tr><tr><td>0.534</td><td>INFO</td><td><code><pre>           * evaluating against context item #1</pre></code></td></tr><tr><td>0.542</td><td>INFO</td><td><code><pre>             * success</pre></code></td></tr><tr><td>0.550</td><td>INFO</td><td><code><pre>         * assertion passed</pre></code></td></tr><tr><td>0.575</td><td>INFO</td><td><code><pre> * evaluating scenario 'identity' (file:/home/jostein/xprocspec/src/test/xprocspec/tests/import-3.xprocspec)</pre></code></td></tr><tr><td>0.584</td><td>INFO</td><td><code><pre>   * resolving x:document elements...</pre></code></td></tr><tr><td>0.594</td><td>INFO</td><td><code><pre>    * no errors occured</pre></code></td></tr><tr><td>0.620</td><td>INFO</td><td><code><pre>   * grouping x:expect elements with their x:context...</pre></code></td></tr><tr><td>0.629</td><td>INFO</td><td><code><pre>   * evaluating each context/expect group...</pre></code></td></tr><tr><td>0.638</td><td>INFO</td><td><code><pre>     * setting context to 'errors'</pre></code></td></tr><tr><td>0.646</td><td>INFO</td><td><code><pre>       * testing assertion 'the step should execute successfully without throwing any errors'</pre></code></td></tr><tr><td>0.655</td><td>INFO</td><td><code><pre>         * is document count assertion</pre></code></td></tr><tr><td>0.663</td><td>INFO</td><td><code><pre>         * assertion passed</pre></code></td></tr><tr><td>0.673</td><td>INFO</td><td><code><pre>     * setting context to 'the results'</pre></code></td></tr><tr><td>0.682</td><td>INFO</td><td><code><pre>       * testing assertion 'the option 'option.required' should have the value 'import 3''</pre></code></td></tr><tr><td>0.691</td><td>INFO</td><td><code><pre>         * is xpath assertion</pre></code></td></tr><tr><td>0.699</td><td>INFO</td><td><code><pre>           * evaluating against context item #1</pre></code></td></tr><tr><td>0.708</td><td>INFO</td><td><code><pre>             * success</pre></code></td></tr><tr><td>0.717</td><td>INFO</td><td><code><pre>         * assertion passed</pre></code></td></tr><tr><td>0.740</td><td>INFO</td><td><code><pre>reporting...</pre></code></td></tr></tbody></table><link/><script> </script><script>hljs.initHighlightingOnLoad();</script></body></html></x:document></x:output><x:output port="junit"><x:document xml:base="file:/home/jostein/xprocspec/src/main/resources/content/xml/xproc/report/report.xpl" type="inline"><testsuites><testsuite>
<properties>

<property/>

</properties>
<testcase><system-out>the step should execute successfully without throwing any errors: SUCCESS</system-out>
<system-err/></testcase><testcase><system-out>the option 'option.required' should have the value 'import 3a': SUCCESS</system-out>
<system-err/></testcase></testsuite><testsuite>
<properties>

<property/>

</properties>
<testcase><system-out>the step should execute successfully without throwing any errors: SUCCESS</system-out>
<system-err/></testcase><testcase><system-out>the option 'option.required' should have the value 'import 3': SUCCESS</system-out>
<system-err/></testcase></testsuite></testsuites></x:document></x:output><x:test-result contextref="errors" result="passed" max="0" label="the step should execute successfully without throwing any errors" type="count">
                                                        <x:expected>At most 0 documents.</x:expected>
                                                    <x:was>0</x:was></x:test-result><x:test-result contextref="context3" result="passed" test="not(/*/@tests='0') and /*/@failures='0' and /*/@errors='0'" label="there should be at least one test, and none of the tests should fail" type="xpath">
                                                        <x:expected>XPath: true()
Value: </x:expected>
                                                    
                                                        <x:was>XPath: not(/*/@tests='0') and /*/@failures='0' and /*/@errors='0'
Value: </x:was>
                                                    </x:test-result></x:description><x:description xmlns:cx="http://xmlcalabash.com/ns/extensions" xmlns:c="http://www.w3.org/ns/xproc-step" xml:base="file:/home/jostein/xprocspec/src/test/xprocspec/test.xprocspec" test-base-uri="file:/home/jostein/xprocspec/src/test/xprocspec/test.xprocspec" script="file:/home/jostein/xprocspec/src/main/resources/content/xml/xproc/xprocspec.xpl" test-grammar="xprocspec" temp-dir="file:/tmp/xprocspec-20130902141648008/"><x:step-declaration><p:declare-step xmlns:p="http://www.w3.org/ns/xproc" xmlns:px="http://www.daisy.org/ns/xprocspec" xmlns:pxi="http://www.daisy.org/ns/xprocspec/xproc-internal/" xmlns:pkg="http://expath.org/ns/pkg" type="px:xprocspec" name="main" version="1.0" xpath-version="2.0" pkg:import-uri="http://www.daisy.org/ns/xprocspec/xprocspec.xpl" x:type="{http://www.daisy.org/ns/xprocspec}xprocspec"><p:input port="source" kind="document" sequence="false" primary="true"/><p:output port="result" kind="document" sequence="false" primary="false"><p:pipe port="result" step="report"/></p:output><p:output port="html" kind="document" sequence="false" primary="false"><p:pipe port="html" step="report"/></p:output><p:output port="junit" kind="document" sequence="false" primary="false"><p:pipe port="junit" step="report"/></p:output><p:option name="temp-dir" select="'file:/tmp/'"/></p:declare-step></x:step-declaration><x:scenario end-time="2013-09-02T12:16:55.353Z" label="the scenario element - with pending attribute" start-time="2013-09-02T12:16:54.666Z"><x:call x:type="{http://www.daisy.org/ns/xprocspec}xprocspec" step="x:xprocspec"><x:option select="$temp-dir" name="temp-dir" value="file:/tmp/xprocspec-20130902141648008/"/><x:input port="source">
                    <x:document xml:base="file:/home/jostein/xprocspec/src/test/xprocspec/test.xprocspec" type="inline"><?xml-model href="http://www.daisy.org/ns/xprocspec/xprocspec.rng" type="application/xml" schematypens="http://relaxng.org/ns/structure/1.0"?><x:description xmlns:e="http://example.net/ns" script="../steps/identity.xpl">

    <x:scenario label="identity">
        <x:call step="e:identity">
            <x:option name="option" select="'option-value'"/>
            <x:option name="option.required" select="'option.required-value'"/>
        </x:call>
        <x:context label="the results">
            <x:document type="port" port="options"/>
        </x:context>
        <x:expect type="xpath" label="the option 'option' should have the value 'option-value'" test="/*/*[@name='option']/@value='option-value'"/>
    </x:scenario>

    <x:scenario label="pending scenario" pending=""/>

</x:description></x:document>
                </x:input></x:call>
                                                <x:context label="errors" id="errors">
                                                    
                                                </x:context>
                                            
                                                <x:expect type="count" label="the step should execute successfully without throwing any errors" max="0" contextref="errors"/>
                                            <x:context label="the junit output port" id="context4">
                <x:document xml:base="file:/home/jostein/xprocspec/src/main/resources/content/xml/xproc/report/report.xpl" type="inline"><testsuites tests="3" failures="0" time="0.578" errors="0" name="scenario1"><testsuite timestamp="2013-09-02T12:16:55.258Z" hostname="localhost" tests="2" errors="0" failures="0" skipped="0" id="d13876e1" name="identity" package="http://example.net/ns" time="0.009">
<properties>

<property name="option: option" value="option-value"/>
<property name="option: option.required" value="option.required-value"/>

</properties>
<testcase name="theStepShouldExecuteSuccessfullyWithoutThrowingAnyErrors" classname="identity" assertions="1" time="0" status="SUCCESS"><system-out>the step should execute successfully without throwing any errors: SUCCESS</system-out>
<system-err/></testcase><testcase name="theOptionOptionShouldHaveTheValueOptionvalue" classname="identity" assertions="1" time="0" status="SUCCESS"><system-out>the option 'option' should have the value 'option-value': SUCCESS</system-out>
<system-err/></testcase></testsuite><testsuite timestamp="2013-09-02T12:16:55.267Z" hostname="localhost" tests="1" errors="0" failures="0" skipped="1" id="d13884e1" name="pendingScenario" time="0">
<properties>


</properties>
<testcase name="pendingScenario-pendingScenario" classname="pendingScenario" assertions="1" time="0"><skipped type="xprocspec.skip" message="Not implemented">Not implemented</skipped><system-out>pending scenario: SKIPPED</system-out></testcase></testsuite></testsuites></x:document>
            </x:context><x:expect label="there should be at least one test, and none of the tests should fail" type="xpath" test="not(/*/@tests='0') and /*/@failures='0' and /*/@errors='0'" contextref="context4"/><x:expect label="there should be a skipped test" type="xpath" test="/*/*/@skipped='1'" contextref="context4"/></x:scenario><x:output port="result"><x:document xml:base="file:/home/jostein/xprocspec/src/main/resources/content/xml/xproc/report/report.xpl" type="inline"><x:test-report><x:description><x:step-declaration><p:declare-step xmlns:p="http://www.w3.org/ns/xproc" xmlns:ex="http://example.net/ns"><p:input><p:inline>
            <source.document.primary.default/>
        </p:inline></p:input><p:input><p:inline>
            <source.document.secondary.sequence/>
        </p:inline></p:input><p:input><p:inline>
            <default>
                <default/>
                <default/>
            </default>
        </p:inline></p:input><p:input/><p:output><p:pipe/></p:output><p:output><p:pipe/></p:output><p:output><p:pipe/></p:output><p:output><p:pipe/></p:output><p:output><p:pipe/></p:output><p:option/><p:option/><p:option/></p:declare-step></x:step-declaration><x:scenario xmlns:e="http://example.net/ns"><x:call><x:option/><x:option/></x:call>
                                                <x:context>
                                                    
                                                </x:context>
                                            
                                                <x:expect/>
                                            <x:context>
            <x:document>
                <c:options xmlns:ex="http://example.net/ns">
                    <c:option/>
                    <c:option/>
                    <c:option/>
                </c:options>
            </x:document>
        </x:context><x:expect/></x:scenario><x:output><x:document>
            <source.document.primary.default xmlns:ex="http://example.net/ns"/>
        </x:document></x:output><x:output><x:document>
            <source.document.secondary.sequence xmlns:ex="http://example.net/ns"/>
        </x:document></x:output><x:output><x:document><default xmlns:ex="http://example.net/ns"/></x:document><x:document><default xmlns:ex="http://example.net/ns"/></x:document></x:output><x:output><x:document><c:param-set/></x:document></x:output><x:output><x:document>
                <c:options xmlns:ex="http://example.net/ns">
                    <c:option/>
                    <c:option/>
                    <c:option/>
                </c:options>
            </x:document></x:output><x:test-result>
                                                        <x:expected>At most 0 documents.</x:expected>
                                                    <x:was>0</x:was></x:test-result><x:test-result>
                                                        <x:expected>XPath: true()
Value: </x:expected>
                                                    
                                                        <x:was>XPath: /*/*[@name='option']/@value='option-value'
Value: </x:was>
                                                    </x:test-result></x:description><x:description><x:scenario xmlns:e="http://example.net/ns"/></x:description></x:test-report></x:document></x:output><x:output port="html"><x:document xml:base="file:/home/jostein/xprocspec/src/main/resources/content/xml/xproc/report/report-template.xhtml" type="inline"><html xmlns="http://www.w3.org/1999/xhtml"><head><title>Test Report for file:/home/jostein/xprocspec/src/test/xprocspec/tests/scenario-1.xprocspec (passed:2 / pending:1 / failed:0 / errors:0 / total:3)</title>
        <meta/>
        <style>/**/
/****************************************************************************/
/*  File:       test-report.css                                             */
/*  Author:     Jeni Tennsion                                               */
/*  URI:        http://xspec.googlecode.com/                                */
/*  Tags:                                                                   */
/*    Copyright (c) 2008, 2010 Jeni Tennsion (see end of file.)             */
/* ------------------------------------------------------------------------ */


/* test */

/* box model */

body {
	margin-right: 1em;
	/*margin-left: 10%;*/
	}

h1 {
	padding: 0.3em 0.5em 0.3em 0.5em;
	position: relative;
	}

h2 {
	padding: 0.1em 0.5em 0.2em 0.5em;
	}

h3 {
	padding-left: 0.6em;
	}

h4 {
	padding-left: 0.8em;
	}

p, table {
	/*margin-left: 5%;*/
	}

dd ul, dd ol {
	margin-left: 0%;
	}

li ul, li ol {
	/*margin-left: 5%;*/
	}

dl, ul, ol, blockquote {
	/*margin-left: 10%;*/
	}

dt {
  padding-top: 3px;
  padding-bottom: 3px;
	clear: both;
	}

dd p {
	/*margin-left: -5px;*/
	margin-top: 5px;
	clear: both;
	}

p.link {
	margin-top: 4px;
	margin-bottom: 0px;
	clear: both;
	}

tr td, td p, li, li p {
	margin-left: 0%;
	}

td:nth-child(2) {
	padding-left: 5%;
	}

.link img, dt img {
	vertical-align: middle;
	position: relative;
	top: -5px;
	}

img {
	position: relative;
	}

#xml-link {
	position: absolute;
	left: 5px;
	top: 5px;
	width: 10%;
	margin-left: 0%;
	}

#link-up {
	position: absolute;
	left: 93%;
	right: 2em;
	top: 0.3em;
	}

#link-top {
	position: absolute;
	left: 89%;
	right: 4em;
	top: 0.3em;
	}
	
.popup {
	display: block;
	visibility: hidden;
	float: right;
	position: absolute;
	top: 5px;
	left: -200px;
	z-index: 1;
	padding: 0.3em;
	width: 220px;
	}

.note {
	position: relative;
	}

.post {
	/*margin-left: 5%;*/
	padding-top: 1em;
	}
	
.example, .sidebar {
  /*margin-left: 5%;*/
  margin-top: 1em;
  margin-bottom: 1em;
  }

/*pre {
	padding-left: 5%;
	margin-left: 5%;
	}*/

/*dd pre, li pre {
	padding-left: 5%;
	}*/

/* fonts */
/* Oxygen  */
body, table {
    font-family:arial, helvetica, sans-serif;
    font-size:12px;
}
/* Oxygen  */

/*body {
	font-family: Verdana, arial, sans-serif;
	font-size: small;
	}*/	

/*h1, h2, h3, h4, h5, h6 {
	font-family: 'trebuchet MS', arial, sans-serif;
	}*/

h1 {
	font-size: 173%;
	font-weight: bold;
	}

h2 {
	font-size: 144%;
	font-weight: normal;
	}

h3 {
	font-size: 120%;
	font-weight: normal;
	}

h4 {
  font-size: 100%;
  font-weight: bold;
}

dt {
	font-weight: bold;
	}

a:link, a:visited, a:active, a:hover {
	font-weight: bold;
	}

a.offsite:link, a.offsite:visited, a.offsite:active, a.offsite:hover {
	font-weight: normal;
	}

/* suppress the normal italics */
address {
	font-style: normal;
	}

div.example, .sidebar {
  font-family: Verdana, arial, sans-serif;
  font-size: 100%;
  }


.note, .link {
	font-family: Verdana, arial, sans-serif;
	/*font-size: 83%;*/
	}

/*.example, .string, .rtf, .code, pre, code {
	font-family: "Lucida Console", "Courier New", monospace;*/
  /*font-size: 83%;*/
/*	}*/

.boolean {
	font-style: italic;
	}

#colophon, #xml-link {
	font-size: 69%;
	}

.question, .title {
	font-weight: bold;
	}

/* colours */
body {
	background-color: white;
	color: black;
	border: 0px none black;
	}

/* this is to make Navigator fill the entire line */
h1, h2 {
	border: 1px solid white;
	width: auto;
	}

h1 {
	/*background: #606;*/
	/*color: #6F6;*/
	}

h2 {
	color: #606;
	/*background: #CFC;*/
	}

hr {
	color: #606;
	background: white;
	}

img, a:link img, a:visited img, a:hover img, a:active img, #link-up img, #link-top img {
	border: 0px none white;
	background: transparent;
	}

/* OXYGEN */
a, a:visited {
    color:rgb(0, 0, 150);
    background-color:inherit;
    font-weight: bold;
}
a:link, a:visited {
    text-decoration:none; 
}
a:hover {
    text-decoration:underline;
}

/* OXYGEN */

a.img:hover, a.img:active {
	background: transparent;
	}

#colophon, #xml-link, .note {
	color: #666;
	}

#colophon a:link, #colophon a:visited, #colophon a:hover,
#xml-link a:link, #xml-link a:visited, #xml-link a:hover,
.note a:link, .note a:visited, .note a:hover {
	color: #969;
	background: transparent;
	}

#colophon a:hover, #xml-link a:hover, .note a:hover {
	background: #CFC;
	color: #969;
	}

.popup {
	background: white;
	border: 1px solid #606;
	}

.post {
	border-top: 2px solid #606;
	}
	
.example {
  border-top: 2px solid #606;
  border-bottom: 2px solid #606;
  }
  
.sidebar {
  border-top: 2px solid #090;
  border-bottom: 2px solid #090;
  }
  
.rng {
  border-left: 2px solid #666;
  }

.same {
  background-color: rgb(206, 239, 174);
}

.diff {
  background-color: #FCC;
}

.whitespace {
	font-style: italic;
	color: #999;
	background: white;
}

.ignored {
  font-style: italic;
  color: #999;
  background: white;
}

.hit {
}

.missed {
  background-color: #A33;
  color: white;
}

/* text */
ol ol li {
	list-style: lower-alpha;
	}

th {
	text-align: left;
	}

td {
	vertical-align: top;
	}

h1 {
	text-transform: uppercase;
	}

h2, h3 {
	/*text-transform: capitalize;*/
	}

.question {
	text-indent: -33px;
	}

.byline {
	text-align: right;
	}

#link-top, #link-up {
	text-align: right;
	}

a {
	text-decoration: none;
	}

table { width: 85%;
        /* border: collapse; */ }

th { text-align: left; }

.xspec tbody th { font-weight: normal; /*font-size: 0.8em;*/ border-top: 1px #666 solid; }
.xspec tbody td { /*font-size: 0.8em;*/ color: #666; }

.successful.label th, .successful.label td { background-color: #CFC; }
.pending.label th, .pending.label td { background-color: #DDD; color: #666; }
.failed.label th, .failed.label td { background-color: #FCC; }
.error.label th, .error.label td { background-color: #FAA; }
/*body &gt; table tbody .failed.label th:first-child:before {content:url(data:image/png;base64,iVBORw0KGgoAAAANSUhEUgAAAAwAAAAMCAYAAABWdVznAAAAGXRFWHRTb2Z0d2FyZQBBZG9iZSBJbWFnZVJlYWR5ccllPAAAA2ZpVFh0WE1MOmNvbS5hZG9iZS54bXAAAAAAADw/eHBhY2tldCBiZWdpbj0i77u/IiBpZD0iVzVNME1wQ2VoaUh6cmVTek5UY3prYzlkIj8+IDx4OnhtcG1ldGEgeG1sbnM6eD0iYWRvYmU6bnM6bWV0YS8iIHg6eG1wdGs9IkFkb2JlIFhNUCBDb3JlIDUuMy1jMDExIDY2LjE0NTY2MSwgMjAxMi8wMi8wNi0xNDo1NjoyNyAgICAgICAgIj4gPHJkZjpSREYgeG1sbnM6cmRmPSJodHRwOi8vd3d3LnczLm9yZy8xOTk5LzAyLzIyLXJkZi1zeW50YXgtbnMjIj4gPHJkZjpEZXNjcmlwdGlvbiByZGY6YWJvdXQ9IiIgeG1sbnM6eG1wTU09Imh0dHA6Ly9ucy5hZG9iZS5jb20veGFwLzEuMC9tbS8iIHhtbG5zOnN0UmVmPSJodHRwOi8vbnMuYWRvYmUuY29tL3hhcC8xLjAvc1R5cGUvUmVzb3VyY2VSZWYjIiB4bWxuczp4bXA9Imh0dHA6Ly9ucy5hZG9iZS5jb20veGFwLzEuMC8iIHhtcE1NOk9yaWdpbmFsRG9jdW1lbnRJRD0ieG1wLmRpZDpCQjU0NjU4QjIyQTNFMTExQkI5Rjk5QkQ4RkQ5RUJFQiIgeG1wTU06RG9jdW1lbnRJRD0ieG1wLmRpZDpEQTUyOTdBQUEzRDUxMUUxQTQwN0YzMUI0Nzg3NDU1RSIgeG1wTU06SW5zdGFuY2VJRD0ieG1wLmlpZDpEQTUyOTdBOUEzRDUxMUUxQTQwN0YzMUI0Nzg3NDU1RSIgeG1wOkNyZWF0b3JUb29sPSJBZG9iZSBQaG90b3Nob3AgQ1M2IChXaW5kb3dzKSI+IDx4bXBNTTpEZXJpdmVkRnJvbSBzdFJlZjppbnN0YW5jZUlEPSJ4bXAuaWlkOjQ4MTZDRTNCRDVBM0UxMTFBQTI2QTBCMjZENzg1Qzg5IiBzdFJlZjpkb2N1bWVudElEPSJ4bXAuZGlkOkJCNTQ2NThCMjJBM0UxMTFCQjlGOTlCRDhGRDlFQkVCIi8+IDwvcmRmOkRlc2NyaXB0aW9uPiA8L3JkZjpSREY+IDwveDp4bXBtZXRhPiA8P3hwYWNrZXQgZW5kPSJyIj8+aHNJrgAAAZ1JREFUeNpsUssrRGEU/907985YMDPNYlh4hbKZPMdgR3aysrGSSFIeKyUKpewoRTYkmcgCf4MsMI2FPDYGKeUZSoru4/uc82VC+W7fOeee+zvn/M45V1uuyCmVwDogq0hDklD6jy1dspNkdxokVrIzPFUh0/MD5OdXoJDwPFtu3d2ns6TTp9oggTlFZlmN0o4AHMmXfJGo0lmGzoE1OgmNHf5YA8rmN5HfM6wADmUuHphA9cIW/JX1yiek9DIlyijxkNjBzXYche19gNcHzfShoLUdVxtLuD/cYzCoMAzCwqYrhMDx9Chs20JRWzf4nMcXcDI3pYAqQHIAtWUJbpKursMMhpA+RiAEGzpc4X5XkDB4GjaHmiZik/PIa2rBEWVlSuW9Q+T3YndskBi46QpQFcLltchtbEZyZhxna4uKhmV9Ito/gtPNOG4P99WItdlIWARNXWOAv6AEr9cplel7/ggUleDlMqUSvNnCobHKxDsNnqs8XaWUZopp/XhxTkOR+HDVOveYUge9rNLyY9SU9v+vwXuUB2R0fQkwABfn/VKSjTLBAAAAAElFTkSuQmCC) " "}*/
/*body &gt; table tbody .error.label th:first-child:before {content:url(data:image/png;base64,iVBORw0KGgoAAAANSUhEUgAAAAwAAAAMCAYAAABWdVznAAAABmJLR0QAAAAAAAD5Q7t/AAAACXBIWXMAAAsTAAALEwEAmpwYAAAAB3RJTUUH3QcKER4AdkxvvQAAAdVJREFUKM89kM9KG0EAh7/JTHazZInEQwJ68KIWLx6Etj6EjxAobYSsD+BjCJ682EOp0FMueYmS0FMICF4i6tFNzJ/dyRh2Znoo6Xf+Pn7wEzc3Nx/W6/UvY8xJnudkWYa1Fu893nviOCaKIhuG4R/v/Ve1Xq9/bG1tnezs7JDnOVpr3t/fcc4hpaRSqVCpVORqtTp9e3v7rrTWn5vNJpPJhHK5zHg8JssyvPeEYcjR0RFpmlKr1ZjP5x9Li8VCbOR2u83BwQEvLy88PT1xfHzMxcUFQgjSNCXLskDlec5sNuPx8REpJZ1Oh+fnZ4QQnJ+fc319Tb/fZ29vD601SmvNdDplsVhwe3vLaDTi6uoKgCRJGAwGNBoNXl9fMcZQcs5hjGG1WpHnObVajQ3VahWtNcYYjDE451Cb+7z3JElCkiScnZ0hpaTX67G7u0u328V7/y+oVqsIITg8PKTT6dBqtRgOhzjnaLVa3N3dcX9/z3K5JI5jxOXlpSuKQqRpirWWh4eH//Plcpn9/X2cc2xvb1MqlQqllBpYa0/jOGYymdBsNsmyDOccURRRFAX1eh2lFGEY/lZBEHyx1v703n8KgkBEUYSUEu/9RkIIUQRB0A/D8NtflUT+nn4OS+0AAAAASUVORK5CYII=) " "}*/
.failed.label th:first-child:before, .failed.label td:first-child:before {content:url(data:image/png;base64,iVBORw0KGgoAAAANSUhEUgAAAAwAAAAMCAYAAABWdVznAAAAGXRFWHRTb2Z0d2FyZQBBZG9iZSBJbWFnZVJlYWR5ccllPAAAA2ZpVFh0WE1MOmNvbS5hZG9iZS54bXAAAAAAADw/eHBhY2tldCBiZWdpbj0i77u/IiBpZD0iVzVNME1wQ2VoaUh6cmVTek5UY3prYzlkIj8+IDx4OnhtcG1ldGEgeG1sbnM6eD0iYWRvYmU6bnM6bWV0YS8iIHg6eG1wdGs9IkFkb2JlIFhNUCBDb3JlIDUuMy1jMDExIDY2LjE0NTY2MSwgMjAxMi8wMi8wNi0xNDo1NjoyNyAgICAgICAgIj4gPHJkZjpSREYgeG1sbnM6cmRmPSJodHRwOi8vd3d3LnczLm9yZy8xOTk5LzAyLzIyLXJkZi1zeW50YXgtbnMjIj4gPHJkZjpEZXNjcmlwdGlvbiByZGY6YWJvdXQ9IiIgeG1sbnM6eG1wTU09Imh0dHA6Ly9ucy5hZG9iZS5jb20veGFwLzEuMC9tbS8iIHhtbG5zOnN0UmVmPSJodHRwOi8vbnMuYWRvYmUuY29tL3hhcC8xLjAvc1R5cGUvUmVzb3VyY2VSZWYjIiB4bWxuczp4bXA9Imh0dHA6Ly9ucy5hZG9iZS5jb20veGFwLzEuMC8iIHhtcE1NOk9yaWdpbmFsRG9jdW1lbnRJRD0ieG1wLmRpZDpCQjU0NjU4QjIyQTNFMTExQkI5Rjk5QkQ4RkQ5RUJFQiIgeG1wTU06RG9jdW1lbnRJRD0ieG1wLmRpZDpEQTUyOTdBQUEzRDUxMUUxQTQwN0YzMUI0Nzg3NDU1RSIgeG1wTU06SW5zdGFuY2VJRD0ieG1wLmlpZDpEQTUyOTdBOUEzRDUxMUUxQTQwN0YzMUI0Nzg3NDU1RSIgeG1wOkNyZWF0b3JUb29sPSJBZG9iZSBQaG90b3Nob3AgQ1M2IChXaW5kb3dzKSI+IDx4bXBNTTpEZXJpdmVkRnJvbSBzdFJlZjppbnN0YW5jZUlEPSJ4bXAuaWlkOjQ4MTZDRTNCRDVBM0UxMTFBQTI2QTBCMjZENzg1Qzg5IiBzdFJlZjpkb2N1bWVudElEPSJ4bXAuZGlkOkJCNTQ2NThCMjJBM0UxMTFCQjlGOTlCRDhGRDlFQkVCIi8+IDwvcmRmOkRlc2NyaXB0aW9uPiA8L3JkZjpSREY+IDwveDp4bXBtZXRhPiA8P3hwYWNrZXQgZW5kPSJyIj8+aHNJrgAAAZ1JREFUeNpsUssrRGEU/907985YMDPNYlh4hbKZPMdgR3aysrGSSFIeKyUKpewoRTYkmcgCf4MsMI2FPDYGKeUZSoru4/uc82VC+W7fOeee+zvn/M45V1uuyCmVwDogq0hDklD6jy1dspNkdxokVrIzPFUh0/MD5OdXoJDwPFtu3d2ns6TTp9oggTlFZlmN0o4AHMmXfJGo0lmGzoE1OgmNHf5YA8rmN5HfM6wADmUuHphA9cIW/JX1yiek9DIlyijxkNjBzXYche19gNcHzfShoLUdVxtLuD/cYzCoMAzCwqYrhMDx9Chs20JRWzf4nMcXcDI3pYAqQHIAtWUJbpKursMMhpA+RiAEGzpc4X5XkDB4GjaHmiZik/PIa2rBEWVlSuW9Q+T3YndskBi46QpQFcLltchtbEZyZhxna4uKhmV9Ito/gtPNOG4P99WItdlIWARNXWOAv6AEr9cplel7/ggUleDlMqUSvNnCobHKxDsNnqs8XaWUZopp/XhxTkOR+HDVOveYUge9rNLyY9SU9v+vwXuUB2R0fQkwABfn/VKSjTLBAAAAAElFTkSuQmCC) " "}
.error.label th:first-child:before, .error.label td:first-child:before {content:url(data:image/png;base64,iVBORw0KGgoAAAANSUhEUgAAAAwAAAAMCAYAAABWdVznAAAABmJLR0QAAAAAAAD5Q7t/AAAACXBIWXMAAAsTAAALEwEAmpwYAAAAB3RJTUUH3QcKER4AdkxvvQAAAdVJREFUKM89kM9KG0EAh7/JTHazZInEQwJ68KIWLx6Etj6EjxAobYSsD+BjCJ682EOp0FMueYmS0FMICF4i6tFNzJ/dyRh2Znoo6Xf+Pn7wEzc3Nx/W6/UvY8xJnudkWYa1Fu893nviOCaKIhuG4R/v/Ve1Xq9/bG1tnezs7JDnOVpr3t/fcc4hpaRSqVCpVORqtTp9e3v7rrTWn5vNJpPJhHK5zHg8JssyvPeEYcjR0RFpmlKr1ZjP5x9Li8VCbOR2u83BwQEvLy88PT1xfHzMxcUFQgjSNCXLskDlec5sNuPx8REpJZ1Oh+fnZ4QQnJ+fc319Tb/fZ29vD601SmvNdDplsVhwe3vLaDTi6uoKgCRJGAwGNBoNXl9fMcZQcs5hjGG1WpHnObVajQ3VahWtNcYYjDE451Cb+7z3JElCkiScnZ0hpaTX67G7u0u328V7/y+oVqsIITg8PKTT6dBqtRgOhzjnaLVa3N3dcX9/z3K5JI5jxOXlpSuKQqRpirWWh4eH//Plcpn9/X2cc2xvb1MqlQqllBpYa0/jOGYymdBsNsmyDOccURRRFAX1eh2lFGEY/lZBEHyx1v703n8KgkBEUYSUEu/9RkIIUQRB0A/D8NtflUT+nn4OS+0AAAAASUVORK5CYII=) " "}
.pending.label th:first-child:before, .pending.label td:first-child:before {content:url(data:image/png;base64,iVBORw0KGgoAAAANSUhEUgAAAAwAAAAMCAYAAABWdVznAAAAGXRFWHRTb2Z0d2FyZQBBZG9iZSBJbWFnZVJlYWR5ccllPAAAA2ZpVFh0WE1MOmNvbS5hZG9iZS54bXAAAAAAADw/eHBhY2tldCBiZWdpbj0i77u/IiBpZD0iVzVNME1wQ2VoaUh6cmVTek5UY3prYzlkIj8+IDx4OnhtcG1ldGEgeG1sbnM6eD0iYWRvYmU6bnM6bWV0YS8iIHg6eG1wdGs9IkFkb2JlIFhNUCBDb3JlIDUuMy1jMDExIDY2LjE0NTY2MSwgMjAxMi8wMi8wNi0xNDo1NjoyNyAgICAgICAgIj4gPHJkZjpSREYgeG1sbnM6cmRmPSJodHRwOi8vd3d3LnczLm9yZy8xOTk5LzAyLzIyLXJkZi1zeW50YXgtbnMjIj4gPHJkZjpEZXNjcmlwdGlvbiByZGY6YWJvdXQ9IiIgeG1sbnM6eG1wTU09Imh0dHA6Ly9ucy5hZG9iZS5jb20veGFwLzEuMC9tbS8iIHhtbG5zOnN0UmVmPSJodHRwOi8vbnMuYWRvYmUuY29tL3hhcC8xLjAvc1R5cGUvUmVzb3VyY2VSZWYjIiB4bWxuczp4bXA9Imh0dHA6Ly9ucy5hZG9iZS5jb20veGFwLzEuMC8iIHhtcE1NOk9yaWdpbmFsRG9jdW1lbnRJRD0ieG1wLmRpZDpCQjU0NjU4QjIyQTNFMTExQkI5Rjk5QkQ4RkQ5RUJFQiIgeG1wTU06RG9jdW1lbnRJRD0ieG1wLmRpZDpDODdDM0Y0QUEzRDUxMUUxQjk5N0MzQjVFRDMyQUE1MiIgeG1wTU06SW5zdGFuY2VJRD0ieG1wLmlpZDpDODdDM0Y0OUEzRDUxMUUxQjk5N0MzQjVFRDMyQUE1MiIgeG1wOkNyZWF0b3JUb29sPSJBZG9iZSBQaG90b3Nob3AgQ1M2IChXaW5kb3dzKSI+IDx4bXBNTTpEZXJpdmVkRnJvbSBzdFJlZjppbnN0YW5jZUlEPSJ4bXAuaWlkOjQ4MTZDRTNCRDVBM0UxMTFBQTI2QTBCMjZENzg1Qzg5IiBzdFJlZjpkb2N1bWVudElEPSJ4bXAuZGlkOkJCNTQ2NThCMjJBM0UxMTFCQjlGOTlCRDhGRDlFQkVCIi8+IDwvcmRmOkRlc2NyaXB0aW9uPiA8L3JkZjpSREY+IDwveDp4bXBtZXRhPiA8P3hwYWNrZXQgZW5kPSJyIj8+yj6RYgAAAPZJREFUeNp0kM8KgkAQxmc1E0Wfo3vQn5eRSDx4EUHwbTpEhx4lil7DiydBQUFXp5nAMNsGhpnd/X77za4Iw3CFiFcAWFMFDkXtKZ/UHhfUnB3HWdu2/REpAL2u631ZlicGdpZlwTAMSmBM0zS5bhgQLB5FU3AOUS4XvNn3vVKgAACCIMA0TbFpGsyyDJMkefdFUWAcx1hVFeZ5jlEUoed5qPEI7KDrOhiG8e6llNC27Zcz77FW+L6Pruv+WKtGIzfgR39umv/UHOJgAMlO/BPOXCQDD5p3r2ma8lvHNU9BcWPg0HXdhRZbOhRT8aSXVO9U/ZcAAwAsmjsSQcM0lwAAAABJRU5ErkJggg==) " ";}
.successful.label th:first-child:before, .successful.label td:first-child:before {content:url(data:image/png;base64,iVBORw0KGgoAAAANSUhEUgAAAAwAAAAMCAYAAABWdVznAAAAGXRFWHRTb2Z0d2FyZQBBZG9iZSBJbWFnZVJlYWR5ccllPAAAA2ZpVFh0WE1MOmNvbS5hZG9iZS54bXAAAAAAADw/eHBhY2tldCBiZWdpbj0i77u/IiBpZD0iVzVNME1wQ2VoaUh6cmVTek5UY3prYzlkIj8+IDx4OnhtcG1ldGEgeG1sbnM6eD0iYWRvYmU6bnM6bWV0YS8iIHg6eG1wdGs9IkFkb2JlIFhNUCBDb3JlIDUuMy1jMDExIDY2LjE0NTY2MSwgMjAxMi8wMi8wNi0xNDo1NjoyNyAgICAgICAgIj4gPHJkZjpSREYgeG1sbnM6cmRmPSJodHRwOi8vd3d3LnczLm9yZy8xOTk5LzAyLzIyLXJkZi1zeW50YXgtbnMjIj4gPHJkZjpEZXNjcmlwdGlvbiByZGY6YWJvdXQ9IiIgeG1sbnM6eG1wTU09Imh0dHA6Ly9ucy5hZG9iZS5jb20veGFwLzEuMC9tbS8iIHhtbG5zOnN0UmVmPSJodHRwOi8vbnMuYWRvYmUuY29tL3hhcC8xLjAvc1R5cGUvUmVzb3VyY2VSZWYjIiB4bWxuczp4bXA9Imh0dHA6Ly9ucy5hZG9iZS5jb20veGFwLzEuMC8iIHhtcE1NOk9yaWdpbmFsRG9jdW1lbnRJRD0ieG1wLmRpZDpCQjU0NjU4QjIyQTNFMTExQkI5Rjk5QkQ4RkQ5RUJFQiIgeG1wTU06RG9jdW1lbnRJRD0ieG1wLmRpZDpEMDVBNThBQUEzRDUxMUUxQjdCQkM2QUNBMTNBMDExNiIgeG1wTU06SW5zdGFuY2VJRD0ieG1wLmlpZDpEMDVBNThBOUEzRDUxMUUxQjdCQkM2QUNBMTNBMDExNiIgeG1wOkNyZWF0b3JUb29sPSJBZG9iZSBQaG90b3Nob3AgQ1M2IChXaW5kb3dzKSI+IDx4bXBNTTpEZXJpdmVkRnJvbSBzdFJlZjppbnN0YW5jZUlEPSJ4bXAuaWlkOjQ4MTZDRTNCRDVBM0UxMTFBQTI2QTBCMjZENzg1Qzg5IiBzdFJlZjpkb2N1bWVudElEPSJ4bXAuZGlkOkJCNTQ2NThCMjJBM0UxMTFCQjlGOTlCRDhGRDlFQkVCIi8+IDwvcmRmOkRlc2NyaXB0aW9uPiA8L3JkZjpSREY+IDwveDp4bXBtZXRhPiA8P3hwYWNrZXQgZW5kPSJyIj8+xJ3YrgAAAYBJREFUeNpsUrtKA1EQPZtdY4gEQiD4QCsLEVGX4CP4AykEq1hYiGghCDZ+gBZWVtrZ+EAjaGOhfoAkNiaKhYWICilMEQNqoYjZ5O4d5+6ucQuLM3funDNzD7OrLe229YBwSKAEnyAP/pyIbL5fcz5rcNiLtuqJSEz3ickn5ruE/vFmJ9/LYjvAldGWqA7bJkgPtoAHQrS5G6NdiwhFWCoxHOCgKUL+iurkCBVawyamE8d4qmSZ51clBZUlh+RG14JzEsJNcaTNLVwWd1B6vXXqkmGoYNeVUPnW3JNr4+YarPoncvebEAKNekAlokaY6N/A1NA+SBgY6Eijtz2Fs5sVWNWawysorWNJsO+q9QWzaxLTYwfojA3isZzDfSnrWvTsNiyp7pOrZURC7ejrTDEpcVpY9ab+NSioLZEiapZA5nwBxZcC8g9HeK7ccYM7TDnwmoU2vx6/NIJaUjc0b0u8YvJNle5HdJvlhbI0Y31ThqsjTGr0/+8hOOQ5nfsRYACtHiy+FDd82wAAAABJRU5ErkJggg==) " "}
/*.successful.label a:before {content:url(data:image/png;base64,iVBORw0KGgoAAAANSUhEUgAAAAwAAAAMCAYAAABWdVznAAAAGXRFWHRTb2Z0d2FyZQBBZG9iZSBJbWFnZVJlYWR5ccllPAAAA2ZpVFh0WE1MOmNvbS5hZG9iZS54bXAAAAAAADw/eHBhY2tldCBiZWdpbj0i77u/IiBpZD0iVzVNME1wQ2VoaUh6cmVTek5UY3prYzlkIj8+IDx4OnhtcG1ldGEgeG1sbnM6eD0iYWRvYmU6bnM6bWV0YS8iIHg6eG1wdGs9IkFkb2JlIFhNUCBDb3JlIDUuMy1jMDExIDY2LjE0NTY2MSwgMjAxMi8wMi8wNi0xNDo1NjoyNyAgICAgICAgIj4gPHJkZjpSREYgeG1sbnM6cmRmPSJodHRwOi8vd3d3LnczLm9yZy8xOTk5LzAyLzIyLXJkZi1zeW50YXgtbnMjIj4gPHJkZjpEZXNjcmlwdGlvbiByZGY6YWJvdXQ9IiIgeG1sbnM6eG1wTU09Imh0dHA6Ly9ucy5hZG9iZS5jb20veGFwLzEuMC9tbS8iIHhtbG5zOnN0UmVmPSJodHRwOi8vbnMuYWRvYmUuY29tL3hhcC8xLjAvc1R5cGUvUmVzb3VyY2VSZWYjIiB4bWxuczp4bXA9Imh0dHA6Ly9ucy5hZG9iZS5jb20veGFwLzEuMC8iIHhtcE1NOk9yaWdpbmFsRG9jdW1lbnRJRD0ieG1wLmRpZDpCQjU0NjU4QjIyQTNFMTExQkI5Rjk5QkQ4RkQ5RUJFQiIgeG1wTU06RG9jdW1lbnRJRD0ieG1wLmRpZDpEMDVBNThBQUEzRDUxMUUxQjdCQkM2QUNBMTNBMDExNiIgeG1wTU06SW5zdGFuY2VJRD0ieG1wLmlpZDpEMDVBNThBOUEzRDUxMUUxQjdCQkM2QUNBMTNBMDExNiIgeG1wOkNyZWF0b3JUb29sPSJBZG9iZSBQaG90b3Nob3AgQ1M2IChXaW5kb3dzKSI+IDx4bXBNTTpEZXJpdmVkRnJvbSBzdFJlZjppbnN0YW5jZUlEPSJ4bXAuaWlkOjQ4MTZDRTNCRDVBM0UxMTFBQTI2QTBCMjZENzg1Qzg5IiBzdFJlZjpkb2N1bWVudElEPSJ4bXAuZGlkOkJCNTQ2NThCMjJBM0UxMTFCQjlGOTlCRDhGRDlFQkVCIi8+IDwvcmRmOkRlc2NyaXB0aW9uPiA8L3JkZjpSREY+IDwveDp4bXBtZXRhPiA8P3hwYWNrZXQgZW5kPSJyIj8+xJ3YrgAAAYBJREFUeNpsUrtKA1EQPZtdY4gEQiD4QCsLEVGX4CP4AykEq1hYiGghCDZ+gBZWVtrZ+EAjaGOhfoAkNiaKhYWICilMEQNqoYjZ5O4d5+6ucQuLM3funDNzD7OrLe229YBwSKAEnyAP/pyIbL5fcz5rcNiLtuqJSEz3ickn5ruE/vFmJ9/LYjvAldGWqA7bJkgPtoAHQrS5G6NdiwhFWCoxHOCgKUL+iurkCBVawyamE8d4qmSZ51clBZUlh+RG14JzEsJNcaTNLVwWd1B6vXXqkmGoYNeVUPnW3JNr4+YarPoncvebEAKNekAlokaY6N/A1NA+SBgY6Eijtz2Fs5sVWNWawysorWNJsO+q9QWzaxLTYwfojA3isZzDfSnrWvTsNiyp7pOrZURC7ejrTDEpcVpY9ab+NSioLZEiapZA5nwBxZcC8g9HeK7ccYM7TDnwmoU2vx6/NIJaUjc0b0u8YvJNle5HdJvlhbI0Y31ThqsjTGr0/+8hOOQ5nfsRYACtHiy+FDd82wAAAABJRU5ErkJggg==) " "}*/

.xspecResult { width: 90%; table-layout: fixed; }

.xspecResult td,
.xspecResult th { width: 50%; }

/*.xspecResult pre { 
  margin-left: 0; 
  padding: 0.5em; 
  overflow: auto; 
  border: 1px #999 dotted;
}*/

span.scenario-totals {float: right; width: 14.5%; text-align: left}

/* OXYGEN */
span.scenario-totals {float: right; width: 34.5%; text-align: right}

h2.failed {
    background-color: #FCC;
}

h1, h2 {
    width: 86%;
    /*margin-left: 3%;*/
    
    font-size:1.4em;
    font-weight:bold;
    text-align:left;
    margin-top:1.4em;
    margin-bottom:0.7em;
    color:#333333;
    background-color:inherit;
}

h1 {
    font-size:1.7em;
}

body &gt; h1:first-child:before {
    content:"XSLT UNIT ";
}

body &gt; h2:first-of-type {
    font-size:1.7em;
}

div &gt; table &gt; tbody &gt; tr &gt; th:first-child {
    font-weight:bold;
}

div &gt; h3 {
    font-weight:bold;
    /*margin-left: 3%;*/
}

div &gt; h4 {
    font-weight:normal;
    /*margin-left: 4%;*/
}

th.result { text-align: center; }
/* OXYGEN */


/* ------------------------------------------------------------------------ */
/*  DO NOT ALTER OR REMOVE COPYRIGHT NOTICES OR THIS COMMENT.               */
/*                                                                          */
/*  Copyright (c) 2008, 2010 Jeni Tennsion                                  */
/*                                                                          */
/*  The contents of this file are subject to the MIT License (see the URI   */
/*  http://www.opensource.org/licenses/mit-license.php for details).        */
/*                                                                          */
/*  Permission is hereby granted, free of charge, to any person obtaining   */
/*  a copy of this software and associated documentation files (the         */
/*  "Software"), to deal in the Software without restriction, including     */
/*  without limitation the rights to use, copy, modify, merge, publish,     */
/*  distribute, sublicense, and/or sell copies of the Software, and to      */
/*  permit persons to whom the Software is furnished to do so, subject to   */
/*  the following conditions:                                               */
/*                                                                          */
/*  The above copyright notice and this permission notice shall be          */
/*  included in all copies or substantial portions of the Software.         */
/*                                                                          */
/*  THE SOFTWARE IS PROVIDED "AS IS", WITHOUT WARRANTY OF ANY KIND,         */
/*  EXPRESS OR IMPLIED, INCLUDING BUT NOT LIMITED TO THE WARRANTIES OF      */
/*  MERCHANTABILITY, FITNESS FOR A PARTICULAR PURPOSE AND NONINFRINGEMENT.  */
/*  IN NO EVENT SHALL THE AUTHORS OR COPYRIGHT HOLDERS BE LIABLE FOR ANY    */
/*  CLAIM, DAMAGES OR OTHER LIABILITY, WHETHER IN AN ACTION OF CONTRACT,    */
/*  TORT OR OTHERWISE, ARISING FROM, OUT OF OR IN CONNECTION WITH THE       */
/*  SOFTWARE OR THE USE OR OTHER DEALINGS IN THE SOFTWARE.                  */
/* ------------------------------------------------------------------------ */

.nobr { white-space: nowrap; }
.scenario-label { text-indent: 0px; }
.context-label { text-indent: 10px; }
.test-label { text-indent: 20px; }
.pending-label { text-indent: 30px; }


        /**/</style>
    </head><body><h1>Test Report</h1><p>Script: <a>file:/home/jostein/xprocspec/src/test/xprocspec/tests/scenario-1.xprocspec</a></p><p>Tested: 2013-09-02T14:16:55.315+02:00</p><h2>Contents</h2><table><col/><col/><col/><col/><col/><col/><thead><tr><th/><th>passed:2</th><th>pending:1</th><th>failed:0</th><th>errors:0</th><th>total:3</th></tr></thead><tbody><tr><th><a>ex:identity</a></th><th>2</th><th>0</th><th>0</th><th>0</th><th>2</th></tr><tr><th><a>Not calling: file:/home/jostein/xprocspec/src/test/xprocspec/steps/identity.xpl</a></th><th>0</th><th>1</th><th>0</th><th>0</th><th>1</th></tr></tbody></table><div><h2>Calling: <a>ex:identity</a><span>passed:2 / pending:0 /
                                        failed:0 / errors:0 / total:2</span></h2><table><col/><col/><tbody><tr><th>identity</th><th>passed:2 / pending:0 / failed:0 / errors:0 / total:2</th></tr><tr><th>errors</th><th>passed:1 / pending:0 / failed:0 / errors:0 / total:1</th></tr><tr><td>the step should execute successfully without throwing any errors</td><td>Success</td></tr><tr><th>the results</th><th>passed:1 / pending:0 / failed:0 / errors:0 / total:1</th></tr><tr><td>the option 'option' should have the value 'option-value'</td><td>Success</td></tr></tbody></table></div><div><h2>Not calling: <a>file:/home/jostein/xprocspec/src/test/xprocspec/steps/identity.xpl</a><span>passed:0 / pending:1 / failed:0 /
                                    errors:0 / total:1</span></h2><table><col/><col/><tbody><tr><th>pending scenario</th><th>passed:0 / pending:1 / failed:0 / errors:0 / total:1</th></tr><tr><td>Not implemented</td><td>Pending</td></tr></tbody></table></div><h2>Execution log</h2><table><thead><tr><th>Time</th><th>Severity</th><th>Message</th></tr></thead><tbody><tr><td>0.000</td><td>INFO</td><td><code><pre>#### file:/home/jostein/xprocspec/src/test/xprocspec/tests/scenario-1.xprocspec ####</pre></code></td></tr><tr><td>0.005</td><td>INFO</td><td><code><pre> * temporary directory: file:/tmp/xprocspec-20130902141648008/</pre></code></td></tr><tr><td>0.011</td><td>INFO</td><td><code><pre>preprocessing...</pre></code></td></tr><tr><td>0.031</td><td>INFO</td><td><code><pre> * checking for imports</pre></code></td></tr><tr><td>0.038</td><td>INFO</td><td><code><pre> * checking file:/home/jostein/xprocspec/src/test/xprocspec/tests/scenario-1.xprocspec for imports</pre></code></td></tr><tr><td>0.044</td><td>INFO</td><td><code><pre> * extracting step declarations from file:/home/jostein/xprocspec/src/test/xprocspec/steps/identity.xpl</pre></code></td></tr><tr><td>0.051</td><td>INFO</td><td><code><pre> * tests reference 1 step</pre></code></td></tr><tr><td>0.056</td><td>INFO</td><td><code><pre>   * step: e:identity</pre></code></td></tr><tr><td>0.062</td><td>INFO</td><td><code><pre> * trying to load: file:/home/jostein/xprocspec/src/test/xprocspec/steps/identity.xpl</pre></code></td></tr><tr><td>0.068</td><td>INFO</td><td><code><pre>   * success!</pre></code></td></tr><tr><td>0.076</td><td>INFO</td><td><code><pre> * trying to extract the step declaration for {http://example.net/ns}identity from file:/home/jostein/xprocspec/src/test/xprocspec/steps/identity.xpl</pre></code></td></tr><tr><td>0.089</td><td>INFO</td><td><code><pre> * creating a new x:description document for each x:scenario element with inferred inputs, options and parameters</pre></code></td></tr><tr><td>0.104</td><td>INFO</td><td><code><pre> * validating output grammar</pre></code></td></tr><tr><td>0.117</td><td>INFO</td><td><code><pre> * validating output grammar</pre></code></td></tr><tr><td>0.128</td><td>INFO</td><td><code><pre>compiling...</pre></code></td></tr><tr><td>0.136</td><td>INFO</td><td><code><pre> * created directory using Calabash's cxf:mkdir</pre></code></td></tr><tr><td>0.142</td><td>INFO</td><td><code><pre> * converting test 'test1' to XProc</pre></code></td></tr><tr><td>0.156</td><td>INFO</td><td><code><pre>   * done</pre></code></td></tr><tr><td>0.163</td><td>INFO</td><td><code><pre> * validating output grammar for file:/home/jostein/xprocspec/src/test/xprocspec/tests/scenario-1.xprocspec</pre></code></td></tr><tr><td>0.177</td><td>INFO</td><td><code><pre>   * done!</pre></code></td></tr><tr><td>0.184</td><td>INFO</td><td><code><pre> * converting test 'test2' to XProc</pre></code></td></tr><tr><td>0.196</td><td>INFO</td><td><code><pre>   * done</pre></code></td></tr><tr><td>0.203</td><td>INFO</td><td><code><pre> * validating output grammar for file:/home/jostein/xprocspec/src/test/xprocspec/tests/scenario-1.xprocspec</pre></code></td></tr><tr><td>0.216</td><td>INFO</td><td><code><pre>   * done!</pre></code></td></tr><tr><td>0.223</td><td>INFO</td><td><code><pre> * using as temporary directory: file:/tmp/xprocspec-20130902141648008/xprocspec-20130902141654807/</pre></code></td></tr><tr><td>0.229</td><td>INFO</td><td><code><pre>storing...</pre></code></td></tr><tr><td>0.239</td><td>INFO</td><td><code><pre>running...</pre></code></td></tr><tr><td>0.247</td><td>INFO</td><td><code><pre>   * loading 'file:/tmp/xprocspec-20130902141648008/test1.xpl'</pre></code></td></tr><tr><td>0.313</td><td>INFO</td><td><code><pre>   * loading 'file:/tmp/xprocspec-20130902141648008/test2.xpl'</pre></code></td></tr><tr><td>0.382</td><td>INFO</td><td><code><pre>evaluating...</pre></code></td></tr><tr><td>0.395</td><td>INFO</td><td><code><pre> * evaluating scenario 'identity' (file:/home/jostein/xprocspec/src/test/xprocspec/tests/scenario-1.xprocspec)</pre></code></td></tr><tr><td>0.403</td><td>INFO</td><td><code><pre>   * resolving x:document elements...</pre></code></td></tr><tr><td>0.413</td><td>INFO</td><td><code><pre>    * no errors occured</pre></code></td></tr><tr><td>0.438</td><td>INFO</td><td><code><pre>   * grouping x:expect elements with their x:context...</pre></code></td></tr><tr><td>0.447</td><td>INFO</td><td><code><pre>   * evaluating each context/expect group...</pre></code></td></tr><tr><td>0.455</td><td>INFO</td><td><code><pre>     * setting context to 'errors'</pre></code></td></tr><tr><td>0.462</td><td>INFO</td><td><code><pre>       * testing assertion 'the step should execute successfully without throwing any errors'</pre></code></td></tr><tr><td>0.469</td><td>INFO</td><td><code><pre>         * is document count assertion</pre></code></td></tr><tr><td>0.477</td><td>INFO</td><td><code><pre>         * assertion passed</pre></code></td></tr><tr><td>0.485</td><td>INFO</td><td><code><pre>     * setting context to 'the results'</pre></code></td></tr><tr><td>0.493</td><td>INFO</td><td><code><pre>       * testing assertion 'the option 'option' should have the value 'option-value''</pre></code></td></tr><tr><td>0.501</td><td>INFO</td><td><code><pre>         * is xpath assertion</pre></code></td></tr><tr><td>0.509</td><td>INFO</td><td><code><pre>           * evaluating against context item #1</pre></code></td></tr><tr><td>0.517</td><td>INFO</td><td><code><pre>             * success</pre></code></td></tr><tr><td>0.525</td><td>INFO</td><td><code><pre>         * assertion passed</pre></code></td></tr><tr><td>0.550</td><td>INFO</td><td><code><pre> * skipping scenario 'pending scenario' (file:/home/jostein/xprocspec/src/test/xprocspec/tests/scenario-1.xprocspec)</pre></code></td></tr><tr><td>0.568</td><td>INFO</td><td><code><pre>reporting...</pre></code></td></tr></tbody></table><link/><script> </script><script>hljs.initHighlightingOnLoad();</script></body></html></x:document></x:output><x:output port="junit"><x:document xml:base="file:/home/jostein/xprocspec/src/main/resources/content/xml/xproc/report/report.xpl" type="inline"><testsuites><testsuite>
<properties>

<property/>
<property/>

</properties>
<testcase><system-out>the step should execute successfully without throwing any errors: SUCCESS</system-out>
<system-err/></testcase><testcase><system-out>the option 'option' should have the value 'option-value': SUCCESS</system-out>
<system-err/></testcase></testsuite><testsuite>
<properties>


</properties>
<testcase><skipped>Not implemented</skipped><system-out>pending scenario: SKIPPED</system-out></testcase></testsuite></testsuites></x:document></x:output><x:test-result contextref="errors" result="passed" max="0" label="the step should execute successfully without throwing any errors" type="count">
                                                        <x:expected>At most 0 documents.</x:expected>
                                                    <x:was>0</x:was></x:test-result><x:test-result contextref="context4" result="passed" test="not(/*/@tests='0') and /*/@failures='0' and /*/@errors='0'" label="there should be at least one test, and none of the tests should fail" type="xpath">
                                                        <x:expected>XPath: true()
Value: </x:expected>
                                                    
                                                        <x:was>XPath: not(/*/@tests='0') and /*/@failures='0' and /*/@errors='0'
Value: </x:was>
                                                    </x:test-result><x:test-result contextref="context4" result="passed" test="/*/*/@skipped='1'" label="there should be a skipped test" type="xpath">
                                                        <x:expected>XPath: true()
Value: </x:expected>
                                                    
                                                        <x:was>XPath: /*/*/@skipped='1'
Value: </x:was>
                                                    </x:test-result></x:description><x:description xmlns:cx="http://xmlcalabash.com/ns/extensions" xmlns:c="http://www.w3.org/ns/xproc-step" xml:base="file:/home/jostein/xprocspec/src/test/xprocspec/test.xprocspec" test-base-uri="file:/home/jostein/xprocspec/src/test/xprocspec/test.xprocspec" script="file:/home/jostein/xprocspec/src/main/resources/content/xml/xproc/xprocspec.xpl" test-grammar="xprocspec" temp-dir="file:/tmp/xprocspec-20130902141648008/"><x:step-declaration><p:declare-step xmlns:p="http://www.w3.org/ns/xproc" xmlns:px="http://www.daisy.org/ns/xprocspec" xmlns:pxi="http://www.daisy.org/ns/xprocspec/xproc-internal/" xmlns:pkg="http://expath.org/ns/pkg" type="px:xprocspec" name="main" version="1.0" xpath-version="2.0" pkg:import-uri="http://www.daisy.org/ns/xprocspec/xprocspec.xpl" x:type="{http://www.daisy.org/ns/xprocspec}xprocspec"><p:input port="source" kind="document" sequence="false" primary="true"/><p:output port="result" kind="document" sequence="false" primary="false"><p:pipe port="result" step="report"/></p:output><p:output port="html" kind="document" sequence="false" primary="false"><p:pipe port="html" step="report"/></p:output><p:output port="junit" kind="document" sequence="false" primary="false"><p:pipe port="junit" step="report"/></p:output><p:option name="temp-dir" select="'file:/tmp/'"/></p:declare-step></x:step-declaration><x:scenario end-time="2013-09-02T12:16:56.874Z" label="the scenario element - with two child scenarios, one of which has another child scenario" start-time="2013-09-02T12:16:55.623Z"><x:call x:type="{http://www.daisy.org/ns/xprocspec}xprocspec" step="x:xprocspec"><x:option select="$temp-dir" name="temp-dir" value="file:/tmp/xprocspec-20130902141648008/"/><x:input port="source">
                    <x:document xml:base="file:/home/jostein/xprocspec/src/test/xprocspec/test.xprocspec" type="inline"><?xml-model href="http://www.daisy.org/ns/xprocspec/xprocspec.rng" type="application/xml" schematypens="http://relaxng.org/ns/structure/1.0"?><x:description xmlns:e="http://example.net/ns" script="../steps/identity.xpl">
    
    <x:scenario label="parent">
        <x:call step="e:identity">
            <x:option name="option" select="'option-value'"/>
            <x:option name="option.required" select="'option.required-value'"/>
        </x:call>
        
        <x:scenario label="child 1">
            <x:call/>
            <x:context label="the results">
                <x:document type="port" port="options"/>
            </x:context>
            <x:expect type="xpath" label="the option 'option' should have the value 'option-value'" test="/*/*[@name='option']/@value='option-value'"/>
        </x:scenario>
        
        <x:scenario label="child 2">
            <x:call/>
            
            <x:scenario label="child 2.a">
                <x:call/>
                <x:context label="the results">
                    <x:document type="port" port="options"/>
                </x:context>
                <x:expect type="xpath" label="the option 'option' should have the value 'option-value'" test="/*/*[@name='option']/@value='option-value'"/>
            </x:scenario>
            
            <x:scenario label="child 2.b">
                <x:call/>
                <x:context label="the results">
                    <x:document type="port" port="options"/>
                </x:context>
                <x:expect type="xpath" label="the option 'option' should have the value 'option-value'" test="/*/*[@name='option']/@value='option-value'"/>
            </x:scenario>
        </x:scenario>
        
    </x:scenario>
    
</x:description></x:document>
                </x:input></x:call>
                                                <x:context label="errors" id="errors">
                                                    
                                                </x:context>
                                            
                                                <x:expect type="count" label="the step should execute successfully without throwing any errors" max="0" contextref="errors"/>
                                            <x:context label="the junit output port" id="context5">
                <x:document xml:base="file:/home/jostein/xprocspec/src/main/resources/content/xml/xproc/report/report.xpl" type="inline"><testsuites tests="6" failures="0" time="1.074" errors="0" name="scenario2"><testsuite timestamp="2013-09-02T12:16:56.711Z" hostname="localhost" tests="2" errors="0" failures="0" skipped="0" id="d16587e1" name="parentChild1" package="http://example.net/ns" time="0.008">
<properties>

<property name="option: option" value="option-value"/>
<property name="option: option.required" value="option.required-value"/>

</properties>
<testcase name="theStepShouldExecuteSuccessfullyWithoutThrowingAnyErrors" classname="identity" assertions="1" time="0" status="SUCCESS"><system-out>the step should execute successfully without throwing any errors: SUCCESS</system-out>
<system-err/></testcase><testcase name="theOptionOptionShouldHaveTheValueOptionvalue" classname="identity" assertions="1" time="0" status="SUCCESS"><system-out>the option 'option' should have the value 'option-value': SUCCESS</system-out>
<system-err/></testcase></testsuite><testsuite timestamp="2013-09-02T12:16:56.721Z" hostname="localhost" tests="2" errors="0" failures="0" skipped="0" id="d16595e1" name="parentChild2Child2A" package="http://example.net/ns" time="0.009">
<properties>

<property name="option: option" value="option-value"/>
<property name="option: option.required" value="option.required-value"/>

</properties>
<testcase name="theStepShouldExecuteSuccessfullyWithoutThrowingAnyErrors" classname="identity" assertions="1" time="0" status="SUCCESS"><system-out>the step should execute successfully without throwing any errors: SUCCESS</system-out>
<system-err/></testcase><testcase name="theOptionOptionShouldHaveTheValueOptionvalue" classname="identity" assertions="1" time="0" status="SUCCESS"><system-out>the option 'option' should have the value 'option-value': SUCCESS</system-out>
<system-err/></testcase></testsuite><testsuite timestamp="2013-09-02T12:16:56.732Z" hostname="localhost" tests="2" errors="0" failures="0" skipped="0" id="d16602e1" name="parentChild2Child2B" package="http://example.net/ns" time="0.008">
<properties>

<property name="option: option" value="option-value"/>
<property name="option: option.required" value="option.required-value"/>

</properties>
<testcase name="theStepShouldExecuteSuccessfullyWithoutThrowingAnyErrors" classname="identity" assertions="1" time="0" status="SUCCESS"><system-out>the step should execute successfully without throwing any errors: SUCCESS</system-out>
<system-err/></testcase><testcase name="theOptionOptionShouldHaveTheValueOptionvalue" classname="identity" assertions="1" time="0" status="SUCCESS"><system-out>the option 'option' should have the value 'option-value': SUCCESS</system-out>
<system-err/></testcase></testsuite></testsuites></x:document>
            </x:context><x:expect label="there should be at least one test, and none of the tests should fail" type="xpath" test="not(/*/@tests='0') and /*/@failures='0' and /*/@errors='0'" contextref="context5"/></x:scenario><x:output port="result"><x:document xml:base="file:/home/jostein/xprocspec/src/main/resources/content/xml/xproc/report/report.xpl" type="inline"><x:test-report><x:description><x:step-declaration><p:declare-step xmlns:p="http://www.w3.org/ns/xproc" xmlns:ex="http://example.net/ns"><p:input><p:inline>
            <source.document.primary.default/>
        </p:inline></p:input><p:input><p:inline>
            <source.document.secondary.sequence/>
        </p:inline></p:input><p:input><p:inline>
            <default>
                <default/>
                <default/>
            </default>
        </p:inline></p:input><p:input/><p:output><p:pipe/></p:output><p:output><p:pipe/></p:output><p:output><p:pipe/></p:output><p:output><p:pipe/></p:output><p:output><p:pipe/></p:output><p:option/><p:option/><p:option/></p:declare-step></x:step-declaration><x:scenario xmlns:e="http://example.net/ns"><x:call><x:option/><x:option/></x:call>
                                                <x:context>
                                                    
                                                </x:context>
                                            
                                                <x:expect/>
                                            <x:context>
                <x:document>
                <c:options xmlns:ex="http://example.net/ns">
                    <c:option/>
                    <c:option/>
                    <c:option/>
                </c:options>
            </x:document>
            </x:context><x:expect/></x:scenario><x:output><x:document>
            <source.document.primary.default xmlns:ex="http://example.net/ns"/>
        </x:document></x:output><x:output><x:document>
            <source.document.secondary.sequence xmlns:ex="http://example.net/ns"/>
        </x:document></x:output><x:output><x:document><default xmlns:ex="http://example.net/ns"/></x:document><x:document><default xmlns:ex="http://example.net/ns"/></x:document></x:output><x:output><x:document><c:param-set/></x:document></x:output><x:output><x:document>
                <c:options xmlns:ex="http://example.net/ns">
                    <c:option/>
                    <c:option/>
                    <c:option/>
                </c:options>
            </x:document></x:output><x:test-result>
                                                        <x:expected>At most 0 documents.</x:expected>
                                                    <x:was>0</x:was></x:test-result><x:test-result>
                                                        <x:expected>XPath: true()
Value: </x:expected>
                                                    
                                                        <x:was>XPath: /*/*[@name='option']/@value='option-value'
Value: </x:was>
                                                    </x:test-result></x:description><x:description><x:step-declaration><p:declare-step xmlns:p="http://www.w3.org/ns/xproc" xmlns:ex="http://example.net/ns"><p:input><p:inline>
            <source.document.primary.default/>
        </p:inline></p:input><p:input><p:inline>
            <source.document.secondary.sequence/>
        </p:inline></p:input><p:input><p:inline>
            <default>
                <default/>
                <default/>
            </default>
        </p:inline></p:input><p:input/><p:output><p:pipe/></p:output><p:output><p:pipe/></p:output><p:output><p:pipe/></p:output><p:output><p:pipe/></p:output><p:output><p:pipe/></p:output><p:option/><p:option/><p:option/></p:declare-step></x:step-declaration><x:scenario xmlns:e="http://example.net/ns"><x:call><x:option/><x:option/></x:call>
                                                <x:context>
                                                    
                                                </x:context>
                                            
                                                <x:expect/>
                                            <x:context>
                    <x:document>
                <c:options xmlns:ex="http://example.net/ns">
                    <c:option/>
                    <c:option/>
                    <c:option/>
                </c:options>
            </x:document>
                </x:context><x:expect/></x:scenario><x:output><x:document>
            <source.document.primary.default xmlns:ex="http://example.net/ns"/>
        </x:document></x:output><x:output><x:document>
            <source.document.secondary.sequence xmlns:ex="http://example.net/ns"/>
        </x:document></x:output><x:output><x:document><default xmlns:ex="http://example.net/ns"/></x:document><x:document><default xmlns:ex="http://example.net/ns"/></x:document></x:output><x:output><x:document><c:param-set/></x:document></x:output><x:output><x:document>
                <c:options xmlns:ex="http://example.net/ns">
                    <c:option/>
                    <c:option/>
                    <c:option/>
                </c:options>
            </x:document></x:output><x:test-result>
                                                        <x:expected>At most 0 documents.</x:expected>
                                                    <x:was>0</x:was></x:test-result><x:test-result>
                                                        <x:expected>XPath: true()
Value: </x:expected>
                                                    
                                                        <x:was>XPath: /*/*[@name='option']/@value='option-value'
Value: </x:was>
                                                    </x:test-result></x:description><x:description><x:step-declaration><p:declare-step xmlns:p="http://www.w3.org/ns/xproc" xmlns:ex="http://example.net/ns"><p:input><p:inline>
            <source.document.primary.default/>
        </p:inline></p:input><p:input><p:inline>
            <source.document.secondary.sequence/>
        </p:inline></p:input><p:input><p:inline>
            <default>
                <default/>
                <default/>
            </default>
        </p:inline></p:input><p:input/><p:output><p:pipe/></p:output><p:output><p:pipe/></p:output><p:output><p:pipe/></p:output><p:output><p:pipe/></p:output><p:output><p:pipe/></p:output><p:option/><p:option/><p:option/></p:declare-step></x:step-declaration><x:scenario xmlns:e="http://example.net/ns"><x:call><x:option/><x:option/></x:call>
                                                <x:context>
                                                    
                                                </x:context>
                                            
                                                <x:expect/>
                                            <x:context>
                    <x:document>
                <c:options xmlns:ex="http://example.net/ns">
                    <c:option/>
                    <c:option/>
                    <c:option/>
                </c:options>
            </x:document>
                </x:context><x:expect/></x:scenario><x:output><x:document>
            <source.document.primary.default xmlns:ex="http://example.net/ns"/>
        </x:document></x:output><x:output><x:document>
            <source.document.secondary.sequence xmlns:ex="http://example.net/ns"/>
        </x:document></x:output><x:output><x:document><default xmlns:ex="http://example.net/ns"/></x:document><x:document><default xmlns:ex="http://example.net/ns"/></x:document></x:output><x:output><x:document><c:param-set/></x:document></x:output><x:output><x:document>
                <c:options xmlns:ex="http://example.net/ns">
                    <c:option/>
                    <c:option/>
                    <c:option/>
                </c:options>
            </x:document></x:output><x:test-result>
                                                        <x:expected>At most 0 documents.</x:expected>
                                                    <x:was>0</x:was></x:test-result><x:test-result>
                                                        <x:expected>XPath: true()
Value: </x:expected>
                                                    
                                                        <x:was>XPath: /*/*[@name='option']/@value='option-value'
Value: </x:was>
                                                    </x:test-result></x:description></x:test-report></x:document></x:output><x:output port="html"><x:document xml:base="file:/home/jostein/xprocspec/src/main/resources/content/xml/xproc/report/report-template.xhtml" type="inline"><html xmlns="http://www.w3.org/1999/xhtml"><head><title>Test Report for file:/home/jostein/xprocspec/src/test/xprocspec/tests/scenario-2.xprocspec (passed:6 / pending:0 / failed:0 / errors:0 / total:6)</title>
        <meta/>
        <style>/**/
/****************************************************************************/
/*  File:       test-report.css                                             */
/*  Author:     Jeni Tennsion                                               */
/*  URI:        http://xspec.googlecode.com/                                */
/*  Tags:                                                                   */
/*    Copyright (c) 2008, 2010 Jeni Tennsion (see end of file.)             */
/* ------------------------------------------------------------------------ */


/* test */

/* box model */

body {
	margin-right: 1em;
	/*margin-left: 10%;*/
	}

h1 {
	padding: 0.3em 0.5em 0.3em 0.5em;
	position: relative;
	}

h2 {
	padding: 0.1em 0.5em 0.2em 0.5em;
	}

h3 {
	padding-left: 0.6em;
	}

h4 {
	padding-left: 0.8em;
	}

p, table {
	/*margin-left: 5%;*/
	}

dd ul, dd ol {
	margin-left: 0%;
	}

li ul, li ol {
	/*margin-left: 5%;*/
	}

dl, ul, ol, blockquote {
	/*margin-left: 10%;*/
	}

dt {
  padding-top: 3px;
  padding-bottom: 3px;
	clear: both;
	}

dd p {
	/*margin-left: -5px;*/
	margin-top: 5px;
	clear: both;
	}

p.link {
	margin-top: 4px;
	margin-bottom: 0px;
	clear: both;
	}

tr td, td p, li, li p {
	margin-left: 0%;
	}

td:nth-child(2) {
	padding-left: 5%;
	}

.link img, dt img {
	vertical-align: middle;
	position: relative;
	top: -5px;
	}

img {
	position: relative;
	}

#xml-link {
	position: absolute;
	left: 5px;
	top: 5px;
	width: 10%;
	margin-left: 0%;
	}

#link-up {
	position: absolute;
	left: 93%;
	right: 2em;
	top: 0.3em;
	}

#link-top {
	position: absolute;
	left: 89%;
	right: 4em;
	top: 0.3em;
	}
	
.popup {
	display: block;
	visibility: hidden;
	float: right;
	position: absolute;
	top: 5px;
	left: -200px;
	z-index: 1;
	padding: 0.3em;
	width: 220px;
	}

.note {
	position: relative;
	}

.post {
	/*margin-left: 5%;*/
	padding-top: 1em;
	}
	
.example, .sidebar {
  /*margin-left: 5%;*/
  margin-top: 1em;
  margin-bottom: 1em;
  }

/*pre {
	padding-left: 5%;
	margin-left: 5%;
	}*/

/*dd pre, li pre {
	padding-left: 5%;
	}*/

/* fonts */
/* Oxygen  */
body, table {
    font-family:arial, helvetica, sans-serif;
    font-size:12px;
}
/* Oxygen  */

/*body {
	font-family: Verdana, arial, sans-serif;
	font-size: small;
	}*/	

/*h1, h2, h3, h4, h5, h6 {
	font-family: 'trebuchet MS', arial, sans-serif;
	}*/

h1 {
	font-size: 173%;
	font-weight: bold;
	}

h2 {
	font-size: 144%;
	font-weight: normal;
	}

h3 {
	font-size: 120%;
	font-weight: normal;
	}

h4 {
  font-size: 100%;
  font-weight: bold;
}

dt {
	font-weight: bold;
	}

a:link, a:visited, a:active, a:hover {
	font-weight: bold;
	}

a.offsite:link, a.offsite:visited, a.offsite:active, a.offsite:hover {
	font-weight: normal;
	}

/* suppress the normal italics */
address {
	font-style: normal;
	}

div.example, .sidebar {
  font-family: Verdana, arial, sans-serif;
  font-size: 100%;
  }


.note, .link {
	font-family: Verdana, arial, sans-serif;
	/*font-size: 83%;*/
	}

/*.example, .string, .rtf, .code, pre, code {
	font-family: "Lucida Console", "Courier New", monospace;*/
  /*font-size: 83%;*/
/*	}*/

.boolean {
	font-style: italic;
	}

#colophon, #xml-link {
	font-size: 69%;
	}

.question, .title {
	font-weight: bold;
	}

/* colours */
body {
	background-color: white;
	color: black;
	border: 0px none black;
	}

/* this is to make Navigator fill the entire line */
h1, h2 {
	border: 1px solid white;
	width: auto;
	}

h1 {
	/*background: #606;*/
	/*color: #6F6;*/
	}

h2 {
	color: #606;
	/*background: #CFC;*/
	}

hr {
	color: #606;
	background: white;
	}

img, a:link img, a:visited img, a:hover img, a:active img, #link-up img, #link-top img {
	border: 0px none white;
	background: transparent;
	}

/* OXYGEN */
a, a:visited {
    color:rgb(0, 0, 150);
    background-color:inherit;
    font-weight: bold;
}
a:link, a:visited {
    text-decoration:none; 
}
a:hover {
    text-decoration:underline;
}

/* OXYGEN */

a.img:hover, a.img:active {
	background: transparent;
	}

#colophon, #xml-link, .note {
	color: #666;
	}

#colophon a:link, #colophon a:visited, #colophon a:hover,
#xml-link a:link, #xml-link a:visited, #xml-link a:hover,
.note a:link, .note a:visited, .note a:hover {
	color: #969;
	background: transparent;
	}

#colophon a:hover, #xml-link a:hover, .note a:hover {
	background: #CFC;
	color: #969;
	}

.popup {
	background: white;
	border: 1px solid #606;
	}

.post {
	border-top: 2px solid #606;
	}
	
.example {
  border-top: 2px solid #606;
  border-bottom: 2px solid #606;
  }
  
.sidebar {
  border-top: 2px solid #090;
  border-bottom: 2px solid #090;
  }
  
.rng {
  border-left: 2px solid #666;
  }

.same {
  background-color: rgb(206, 239, 174);
}

.diff {
  background-color: #FCC;
}

.whitespace {
	font-style: italic;
	color: #999;
	background: white;
}

.ignored {
  font-style: italic;
  color: #999;
  background: white;
}

.hit {
}

.missed {
  background-color: #A33;
  color: white;
}

/* text */
ol ol li {
	list-style: lower-alpha;
	}

th {
	text-align: left;
	}

td {
	vertical-align: top;
	}

h1 {
	text-transform: uppercase;
	}

h2, h3 {
	/*text-transform: capitalize;*/
	}

.question {
	text-indent: -33px;
	}

.byline {
	text-align: right;
	}

#link-top, #link-up {
	text-align: right;
	}

a {
	text-decoration: none;
	}

table { width: 85%;
        /* border: collapse; */ }

th { text-align: left; }

.xspec tbody th { font-weight: normal; /*font-size: 0.8em;*/ border-top: 1px #666 solid; }
.xspec tbody td { /*font-size: 0.8em;*/ color: #666; }

.successful.label th, .successful.label td { background-color: #CFC; }
.pending.label th, .pending.label td { background-color: #DDD; color: #666; }
.failed.label th, .failed.label td { background-color: #FCC; }
.error.label th, .error.label td { background-color: #FAA; }
/*body &gt; table tbody .failed.label th:first-child:before {content:url(data:image/png;base64,iVBORw0KGgoAAAANSUhEUgAAAAwAAAAMCAYAAABWdVznAAAAGXRFWHRTb2Z0d2FyZQBBZG9iZSBJbWFnZVJlYWR5ccllPAAAA2ZpVFh0WE1MOmNvbS5hZG9iZS54bXAAAAAAADw/eHBhY2tldCBiZWdpbj0i77u/IiBpZD0iVzVNME1wQ2VoaUh6cmVTek5UY3prYzlkIj8+IDx4OnhtcG1ldGEgeG1sbnM6eD0iYWRvYmU6bnM6bWV0YS8iIHg6eG1wdGs9IkFkb2JlIFhNUCBDb3JlIDUuMy1jMDExIDY2LjE0NTY2MSwgMjAxMi8wMi8wNi0xNDo1NjoyNyAgICAgICAgIj4gPHJkZjpSREYgeG1sbnM6cmRmPSJodHRwOi8vd3d3LnczLm9yZy8xOTk5LzAyLzIyLXJkZi1zeW50YXgtbnMjIj4gPHJkZjpEZXNjcmlwdGlvbiByZGY6YWJvdXQ9IiIgeG1sbnM6eG1wTU09Imh0dHA6Ly9ucy5hZG9iZS5jb20veGFwLzEuMC9tbS8iIHhtbG5zOnN0UmVmPSJodHRwOi8vbnMuYWRvYmUuY29tL3hhcC8xLjAvc1R5cGUvUmVzb3VyY2VSZWYjIiB4bWxuczp4bXA9Imh0dHA6Ly9ucy5hZG9iZS5jb20veGFwLzEuMC8iIHhtcE1NOk9yaWdpbmFsRG9jdW1lbnRJRD0ieG1wLmRpZDpCQjU0NjU4QjIyQTNFMTExQkI5Rjk5QkQ4RkQ5RUJFQiIgeG1wTU06RG9jdW1lbnRJRD0ieG1wLmRpZDpEQTUyOTdBQUEzRDUxMUUxQTQwN0YzMUI0Nzg3NDU1RSIgeG1wTU06SW5zdGFuY2VJRD0ieG1wLmlpZDpEQTUyOTdBOUEzRDUxMUUxQTQwN0YzMUI0Nzg3NDU1RSIgeG1wOkNyZWF0b3JUb29sPSJBZG9iZSBQaG90b3Nob3AgQ1M2IChXaW5kb3dzKSI+IDx4bXBNTTpEZXJpdmVkRnJvbSBzdFJlZjppbnN0YW5jZUlEPSJ4bXAuaWlkOjQ4MTZDRTNCRDVBM0UxMTFBQTI2QTBCMjZENzg1Qzg5IiBzdFJlZjpkb2N1bWVudElEPSJ4bXAuZGlkOkJCNTQ2NThCMjJBM0UxMTFCQjlGOTlCRDhGRDlFQkVCIi8+IDwvcmRmOkRlc2NyaXB0aW9uPiA8L3JkZjpSREY+IDwveDp4bXBtZXRhPiA8P3hwYWNrZXQgZW5kPSJyIj8+aHNJrgAAAZ1JREFUeNpsUssrRGEU/907985YMDPNYlh4hbKZPMdgR3aysrGSSFIeKyUKpewoRTYkmcgCf4MsMI2FPDYGKeUZSoru4/uc82VC+W7fOeee+zvn/M45V1uuyCmVwDogq0hDklD6jy1dspNkdxokVrIzPFUh0/MD5OdXoJDwPFtu3d2ns6TTp9oggTlFZlmN0o4AHMmXfJGo0lmGzoE1OgmNHf5YA8rmN5HfM6wADmUuHphA9cIW/JX1yiek9DIlyijxkNjBzXYche19gNcHzfShoLUdVxtLuD/cYzCoMAzCwqYrhMDx9Chs20JRWzf4nMcXcDI3pYAqQHIAtWUJbpKursMMhpA+RiAEGzpc4X5XkDB4GjaHmiZik/PIa2rBEWVlSuW9Q+T3YndskBi46QpQFcLltchtbEZyZhxna4uKhmV9Ito/gtPNOG4P99WItdlIWARNXWOAv6AEr9cplel7/ggUleDlMqUSvNnCobHKxDsNnqs8XaWUZopp/XhxTkOR+HDVOveYUge9rNLyY9SU9v+vwXuUB2R0fQkwABfn/VKSjTLBAAAAAElFTkSuQmCC) " "}*/
/*body &gt; table tbody .error.label th:first-child:before {content:url(data:image/png;base64,iVBORw0KGgoAAAANSUhEUgAAAAwAAAAMCAYAAABWdVznAAAABmJLR0QAAAAAAAD5Q7t/AAAACXBIWXMAAAsTAAALEwEAmpwYAAAAB3RJTUUH3QcKER4AdkxvvQAAAdVJREFUKM89kM9KG0EAh7/JTHazZInEQwJ68KIWLx6Etj6EjxAobYSsD+BjCJ682EOp0FMueYmS0FMICF4i6tFNzJ/dyRh2Znoo6Xf+Pn7wEzc3Nx/W6/UvY8xJnudkWYa1Fu893nviOCaKIhuG4R/v/Ve1Xq9/bG1tnezs7JDnOVpr3t/fcc4hpaRSqVCpVORqtTp9e3v7rrTWn5vNJpPJhHK5zHg8JssyvPeEYcjR0RFpmlKr1ZjP5x9Li8VCbOR2u83BwQEvLy88PT1xfHzMxcUFQgjSNCXLskDlec5sNuPx8REpJZ1Oh+fnZ4QQnJ+fc319Tb/fZ29vD601SmvNdDplsVhwe3vLaDTi6uoKgCRJGAwGNBoNXl9fMcZQcs5hjGG1WpHnObVajQ3VahWtNcYYjDE451Cb+7z3JElCkiScnZ0hpaTX67G7u0u328V7/y+oVqsIITg8PKTT6dBqtRgOhzjnaLVa3N3dcX9/z3K5JI5jxOXlpSuKQqRpirWWh4eH//Plcpn9/X2cc2xvb1MqlQqllBpYa0/jOGYymdBsNsmyDOccURRRFAX1eh2lFGEY/lZBEHyx1v703n8KgkBEUYSUEu/9RkIIUQRB0A/D8NtflUT+nn4OS+0AAAAASUVORK5CYII=) " "}*/
.failed.label th:first-child:before, .failed.label td:first-child:before {content:url(data:image/png;base64,iVBORw0KGgoAAAANSUhEUgAAAAwAAAAMCAYAAABWdVznAAAAGXRFWHRTb2Z0d2FyZQBBZG9iZSBJbWFnZVJlYWR5ccllPAAAA2ZpVFh0WE1MOmNvbS5hZG9iZS54bXAAAAAAADw/eHBhY2tldCBiZWdpbj0i77u/IiBpZD0iVzVNME1wQ2VoaUh6cmVTek5UY3prYzlkIj8+IDx4OnhtcG1ldGEgeG1sbnM6eD0iYWRvYmU6bnM6bWV0YS8iIHg6eG1wdGs9IkFkb2JlIFhNUCBDb3JlIDUuMy1jMDExIDY2LjE0NTY2MSwgMjAxMi8wMi8wNi0xNDo1NjoyNyAgICAgICAgIj4gPHJkZjpSREYgeG1sbnM6cmRmPSJodHRwOi8vd3d3LnczLm9yZy8xOTk5LzAyLzIyLXJkZi1zeW50YXgtbnMjIj4gPHJkZjpEZXNjcmlwdGlvbiByZGY6YWJvdXQ9IiIgeG1sbnM6eG1wTU09Imh0dHA6Ly9ucy5hZG9iZS5jb20veGFwLzEuMC9tbS8iIHhtbG5zOnN0UmVmPSJodHRwOi8vbnMuYWRvYmUuY29tL3hhcC8xLjAvc1R5cGUvUmVzb3VyY2VSZWYjIiB4bWxuczp4bXA9Imh0dHA6Ly9ucy5hZG9iZS5jb20veGFwLzEuMC8iIHhtcE1NOk9yaWdpbmFsRG9jdW1lbnRJRD0ieG1wLmRpZDpCQjU0NjU4QjIyQTNFMTExQkI5Rjk5QkQ4RkQ5RUJFQiIgeG1wTU06RG9jdW1lbnRJRD0ieG1wLmRpZDpEQTUyOTdBQUEzRDUxMUUxQTQwN0YzMUI0Nzg3NDU1RSIgeG1wTU06SW5zdGFuY2VJRD0ieG1wLmlpZDpEQTUyOTdBOUEzRDUxMUUxQTQwN0YzMUI0Nzg3NDU1RSIgeG1wOkNyZWF0b3JUb29sPSJBZG9iZSBQaG90b3Nob3AgQ1M2IChXaW5kb3dzKSI+IDx4bXBNTTpEZXJpdmVkRnJvbSBzdFJlZjppbnN0YW5jZUlEPSJ4bXAuaWlkOjQ4MTZDRTNCRDVBM0UxMTFBQTI2QTBCMjZENzg1Qzg5IiBzdFJlZjpkb2N1bWVudElEPSJ4bXAuZGlkOkJCNTQ2NThCMjJBM0UxMTFCQjlGOTlCRDhGRDlFQkVCIi8+IDwvcmRmOkRlc2NyaXB0aW9uPiA8L3JkZjpSREY+IDwveDp4bXBtZXRhPiA8P3hwYWNrZXQgZW5kPSJyIj8+aHNJrgAAAZ1JREFUeNpsUssrRGEU/907985YMDPNYlh4hbKZPMdgR3aysrGSSFIeKyUKpewoRTYkmcgCf4MsMI2FPDYGKeUZSoru4/uc82VC+W7fOeee+zvn/M45V1uuyCmVwDogq0hDklD6jy1dspNkdxokVrIzPFUh0/MD5OdXoJDwPFtu3d2ns6TTp9oggTlFZlmN0o4AHMmXfJGo0lmGzoE1OgmNHf5YA8rmN5HfM6wADmUuHphA9cIW/JX1yiek9DIlyijxkNjBzXYche19gNcHzfShoLUdVxtLuD/cYzCoMAzCwqYrhMDx9Chs20JRWzf4nMcXcDI3pYAqQHIAtWUJbpKursMMhpA+RiAEGzpc4X5XkDB4GjaHmiZik/PIa2rBEWVlSuW9Q+T3YndskBi46QpQFcLltchtbEZyZhxna4uKhmV9Ito/gtPNOG4P99WItdlIWARNXWOAv6AEr9cplel7/ggUleDlMqUSvNnCobHKxDsNnqs8XaWUZopp/XhxTkOR+HDVOveYUge9rNLyY9SU9v+vwXuUB2R0fQkwABfn/VKSjTLBAAAAAElFTkSuQmCC) " "}
.error.label th:first-child:before, .error.label td:first-child:before {content:url(data:image/png;base64,iVBORw0KGgoAAAANSUhEUgAAAAwAAAAMCAYAAABWdVznAAAABmJLR0QAAAAAAAD5Q7t/AAAACXBIWXMAAAsTAAALEwEAmpwYAAAAB3RJTUUH3QcKER4AdkxvvQAAAdVJREFUKM89kM9KG0EAh7/JTHazZInEQwJ68KIWLx6Etj6EjxAobYSsD+BjCJ682EOp0FMueYmS0FMICF4i6tFNzJ/dyRh2Znoo6Xf+Pn7wEzc3Nx/W6/UvY8xJnudkWYa1Fu893nviOCaKIhuG4R/v/Ve1Xq9/bG1tnezs7JDnOVpr3t/fcc4hpaRSqVCpVORqtTp9e3v7rrTWn5vNJpPJhHK5zHg8JssyvPeEYcjR0RFpmlKr1ZjP5x9Li8VCbOR2u83BwQEvLy88PT1xfHzMxcUFQgjSNCXLskDlec5sNuPx8REpJZ1Oh+fnZ4QQnJ+fc319Tb/fZ29vD601SmvNdDplsVhwe3vLaDTi6uoKgCRJGAwGNBoNXl9fMcZQcs5hjGG1WpHnObVajQ3VahWtNcYYjDE451Cb+7z3JElCkiScnZ0hpaTX67G7u0u328V7/y+oVqsIITg8PKTT6dBqtRgOhzjnaLVa3N3dcX9/z3K5JI5jxOXlpSuKQqRpirWWh4eH//Plcpn9/X2cc2xvb1MqlQqllBpYa0/jOGYymdBsNsmyDOccURRRFAX1eh2lFGEY/lZBEHyx1v703n8KgkBEUYSUEu/9RkIIUQRB0A/D8NtflUT+nn4OS+0AAAAASUVORK5CYII=) " "}
.pending.label th:first-child:before, .pending.label td:first-child:before {content:url(data:image/png;base64,iVBORw0KGgoAAAANSUhEUgAAAAwAAAAMCAYAAABWdVznAAAAGXRFWHRTb2Z0d2FyZQBBZG9iZSBJbWFnZVJlYWR5ccllPAAAA2ZpVFh0WE1MOmNvbS5hZG9iZS54bXAAAAAAADw/eHBhY2tldCBiZWdpbj0i77u/IiBpZD0iVzVNME1wQ2VoaUh6cmVTek5UY3prYzlkIj8+IDx4OnhtcG1ldGEgeG1sbnM6eD0iYWRvYmU6bnM6bWV0YS8iIHg6eG1wdGs9IkFkb2JlIFhNUCBDb3JlIDUuMy1jMDExIDY2LjE0NTY2MSwgMjAxMi8wMi8wNi0xNDo1NjoyNyAgICAgICAgIj4gPHJkZjpSREYgeG1sbnM6cmRmPSJodHRwOi8vd3d3LnczLm9yZy8xOTk5LzAyLzIyLXJkZi1zeW50YXgtbnMjIj4gPHJkZjpEZXNjcmlwdGlvbiByZGY6YWJvdXQ9IiIgeG1sbnM6eG1wTU09Imh0dHA6Ly9ucy5hZG9iZS5jb20veGFwLzEuMC9tbS8iIHhtbG5zOnN0UmVmPSJodHRwOi8vbnMuYWRvYmUuY29tL3hhcC8xLjAvc1R5cGUvUmVzb3VyY2VSZWYjIiB4bWxuczp4bXA9Imh0dHA6Ly9ucy5hZG9iZS5jb20veGFwLzEuMC8iIHhtcE1NOk9yaWdpbmFsRG9jdW1lbnRJRD0ieG1wLmRpZDpCQjU0NjU4QjIyQTNFMTExQkI5Rjk5QkQ4RkQ5RUJFQiIgeG1wTU06RG9jdW1lbnRJRD0ieG1wLmRpZDpDODdDM0Y0QUEzRDUxMUUxQjk5N0MzQjVFRDMyQUE1MiIgeG1wTU06SW5zdGFuY2VJRD0ieG1wLmlpZDpDODdDM0Y0OUEzRDUxMUUxQjk5N0MzQjVFRDMyQUE1MiIgeG1wOkNyZWF0b3JUb29sPSJBZG9iZSBQaG90b3Nob3AgQ1M2IChXaW5kb3dzKSI+IDx4bXBNTTpEZXJpdmVkRnJvbSBzdFJlZjppbnN0YW5jZUlEPSJ4bXAuaWlkOjQ4MTZDRTNCRDVBM0UxMTFBQTI2QTBCMjZENzg1Qzg5IiBzdFJlZjpkb2N1bWVudElEPSJ4bXAuZGlkOkJCNTQ2NThCMjJBM0UxMTFCQjlGOTlCRDhGRDlFQkVCIi8+IDwvcmRmOkRlc2NyaXB0aW9uPiA8L3JkZjpSREY+IDwveDp4bXBtZXRhPiA8P3hwYWNrZXQgZW5kPSJyIj8+yj6RYgAAAPZJREFUeNp0kM8KgkAQxmc1E0Wfo3vQn5eRSDx4EUHwbTpEhx4lil7DiydBQUFXp5nAMNsGhpnd/X77za4Iw3CFiFcAWFMFDkXtKZ/UHhfUnB3HWdu2/REpAL2u631ZlicGdpZlwTAMSmBM0zS5bhgQLB5FU3AOUS4XvNn3vVKgAACCIMA0TbFpGsyyDJMkefdFUWAcx1hVFeZ5jlEUoed5qPEI7KDrOhiG8e6llNC27Zcz77FW+L6Pruv+WKtGIzfgR39umv/UHOJgAMlO/BPOXCQDD5p3r2ma8lvHNU9BcWPg0HXdhRZbOhRT8aSXVO9U/ZcAAwAsmjsSQcM0lwAAAABJRU5ErkJggg==) " ";}
.successful.label th:first-child:before, .successful.label td:first-child:before {content:url(data:image/png;base64,iVBORw0KGgoAAAANSUhEUgAAAAwAAAAMCAYAAABWdVznAAAAGXRFWHRTb2Z0d2FyZQBBZG9iZSBJbWFnZVJlYWR5ccllPAAAA2ZpVFh0WE1MOmNvbS5hZG9iZS54bXAAAAAAADw/eHBhY2tldCBiZWdpbj0i77u/IiBpZD0iVzVNME1wQ2VoaUh6cmVTek5UY3prYzlkIj8+IDx4OnhtcG1ldGEgeG1sbnM6eD0iYWRvYmU6bnM6bWV0YS8iIHg6eG1wdGs9IkFkb2JlIFhNUCBDb3JlIDUuMy1jMDExIDY2LjE0NTY2MSwgMjAxMi8wMi8wNi0xNDo1NjoyNyAgICAgICAgIj4gPHJkZjpSREYgeG1sbnM6cmRmPSJodHRwOi8vd3d3LnczLm9yZy8xOTk5LzAyLzIyLXJkZi1zeW50YXgtbnMjIj4gPHJkZjpEZXNjcmlwdGlvbiByZGY6YWJvdXQ9IiIgeG1sbnM6eG1wTU09Imh0dHA6Ly9ucy5hZG9iZS5jb20veGFwLzEuMC9tbS8iIHhtbG5zOnN0UmVmPSJodHRwOi8vbnMuYWRvYmUuY29tL3hhcC8xLjAvc1R5cGUvUmVzb3VyY2VSZWYjIiB4bWxuczp4bXA9Imh0dHA6Ly9ucy5hZG9iZS5jb20veGFwLzEuMC8iIHhtcE1NOk9yaWdpbmFsRG9jdW1lbnRJRD0ieG1wLmRpZDpCQjU0NjU4QjIyQTNFMTExQkI5Rjk5QkQ4RkQ5RUJFQiIgeG1wTU06RG9jdW1lbnRJRD0ieG1wLmRpZDpEMDVBNThBQUEzRDUxMUUxQjdCQkM2QUNBMTNBMDExNiIgeG1wTU06SW5zdGFuY2VJRD0ieG1wLmlpZDpEMDVBNThBOUEzRDUxMUUxQjdCQkM2QUNBMTNBMDExNiIgeG1wOkNyZWF0b3JUb29sPSJBZG9iZSBQaG90b3Nob3AgQ1M2IChXaW5kb3dzKSI+IDx4bXBNTTpEZXJpdmVkRnJvbSBzdFJlZjppbnN0YW5jZUlEPSJ4bXAuaWlkOjQ4MTZDRTNCRDVBM0UxMTFBQTI2QTBCMjZENzg1Qzg5IiBzdFJlZjpkb2N1bWVudElEPSJ4bXAuZGlkOkJCNTQ2NThCMjJBM0UxMTFCQjlGOTlCRDhGRDlFQkVCIi8+IDwvcmRmOkRlc2NyaXB0aW9uPiA8L3JkZjpSREY+IDwveDp4bXBtZXRhPiA8P3hwYWNrZXQgZW5kPSJyIj8+xJ3YrgAAAYBJREFUeNpsUrtKA1EQPZtdY4gEQiD4QCsLEVGX4CP4AykEq1hYiGghCDZ+gBZWVtrZ+EAjaGOhfoAkNiaKhYWICilMEQNqoYjZ5O4d5+6ucQuLM3funDNzD7OrLe229YBwSKAEnyAP/pyIbL5fcz5rcNiLtuqJSEz3ickn5ruE/vFmJ9/LYjvAldGWqA7bJkgPtoAHQrS5G6NdiwhFWCoxHOCgKUL+iurkCBVawyamE8d4qmSZ51clBZUlh+RG14JzEsJNcaTNLVwWd1B6vXXqkmGoYNeVUPnW3JNr4+YarPoncvebEAKNekAlokaY6N/A1NA+SBgY6Eijtz2Fs5sVWNWawysorWNJsO+q9QWzaxLTYwfojA3isZzDfSnrWvTsNiyp7pOrZURC7ejrTDEpcVpY9ab+NSioLZEiapZA5nwBxZcC8g9HeK7ccYM7TDnwmoU2vx6/NIJaUjc0b0u8YvJNle5HdJvlhbI0Y31ThqsjTGr0/+8hOOQ5nfsRYACtHiy+FDd82wAAAABJRU5ErkJggg==) " "}
/*.successful.label a:before {content:url(data:image/png;base64,iVBORw0KGgoAAAANSUhEUgAAAAwAAAAMCAYAAABWdVznAAAAGXRFWHRTb2Z0d2FyZQBBZG9iZSBJbWFnZVJlYWR5ccllPAAAA2ZpVFh0WE1MOmNvbS5hZG9iZS54bXAAAAAAADw/eHBhY2tldCBiZWdpbj0i77u/IiBpZD0iVzVNME1wQ2VoaUh6cmVTek5UY3prYzlkIj8+IDx4OnhtcG1ldGEgeG1sbnM6eD0iYWRvYmU6bnM6bWV0YS8iIHg6eG1wdGs9IkFkb2JlIFhNUCBDb3JlIDUuMy1jMDExIDY2LjE0NTY2MSwgMjAxMi8wMi8wNi0xNDo1NjoyNyAgICAgICAgIj4gPHJkZjpSREYgeG1sbnM6cmRmPSJodHRwOi8vd3d3LnczLm9yZy8xOTk5LzAyLzIyLXJkZi1zeW50YXgtbnMjIj4gPHJkZjpEZXNjcmlwdGlvbiByZGY6YWJvdXQ9IiIgeG1sbnM6eG1wTU09Imh0dHA6Ly9ucy5hZG9iZS5jb20veGFwLzEuMC9tbS8iIHhtbG5zOnN0UmVmPSJodHRwOi8vbnMuYWRvYmUuY29tL3hhcC8xLjAvc1R5cGUvUmVzb3VyY2VSZWYjIiB4bWxuczp4bXA9Imh0dHA6Ly9ucy5hZG9iZS5jb20veGFwLzEuMC8iIHhtcE1NOk9yaWdpbmFsRG9jdW1lbnRJRD0ieG1wLmRpZDpCQjU0NjU4QjIyQTNFMTExQkI5Rjk5QkQ4RkQ5RUJFQiIgeG1wTU06RG9jdW1lbnRJRD0ieG1wLmRpZDpEMDVBNThBQUEzRDUxMUUxQjdCQkM2QUNBMTNBMDExNiIgeG1wTU06SW5zdGFuY2VJRD0ieG1wLmlpZDpEMDVBNThBOUEzRDUxMUUxQjdCQkM2QUNBMTNBMDExNiIgeG1wOkNyZWF0b3JUb29sPSJBZG9iZSBQaG90b3Nob3AgQ1M2IChXaW5kb3dzKSI+IDx4bXBNTTpEZXJpdmVkRnJvbSBzdFJlZjppbnN0YW5jZUlEPSJ4bXAuaWlkOjQ4MTZDRTNCRDVBM0UxMTFBQTI2QTBCMjZENzg1Qzg5IiBzdFJlZjpkb2N1bWVudElEPSJ4bXAuZGlkOkJCNTQ2NThCMjJBM0UxMTFCQjlGOTlCRDhGRDlFQkVCIi8+IDwvcmRmOkRlc2NyaXB0aW9uPiA8L3JkZjpSREY+IDwveDp4bXBtZXRhPiA8P3hwYWNrZXQgZW5kPSJyIj8+xJ3YrgAAAYBJREFUeNpsUrtKA1EQPZtdY4gEQiD4QCsLEVGX4CP4AykEq1hYiGghCDZ+gBZWVtrZ+EAjaGOhfoAkNiaKhYWICilMEQNqoYjZ5O4d5+6ucQuLM3funDNzD7OrLe229YBwSKAEnyAP/pyIbL5fcz5rcNiLtuqJSEz3ickn5ruE/vFmJ9/LYjvAldGWqA7bJkgPtoAHQrS5G6NdiwhFWCoxHOCgKUL+iurkCBVawyamE8d4qmSZ51clBZUlh+RG14JzEsJNcaTNLVwWd1B6vXXqkmGoYNeVUPnW3JNr4+YarPoncvebEAKNekAlokaY6N/A1NA+SBgY6Eijtz2Fs5sVWNWawysorWNJsO+q9QWzaxLTYwfojA3isZzDfSnrWvTsNiyp7pOrZURC7ejrTDEpcVpY9ab+NSioLZEiapZA5nwBxZcC8g9HeK7ccYM7TDnwmoU2vx6/NIJaUjc0b0u8YvJNle5HdJvlhbI0Y31ThqsjTGr0/+8hOOQ5nfsRYACtHiy+FDd82wAAAABJRU5ErkJggg==) " "}*/

.xspecResult { width: 90%; table-layout: fixed; }

.xspecResult td,
.xspecResult th { width: 50%; }

/*.xspecResult pre { 
  margin-left: 0; 
  padding: 0.5em; 
  overflow: auto; 
  border: 1px #999 dotted;
}*/

span.scenario-totals {float: right; width: 14.5%; text-align: left}

/* OXYGEN */
span.scenario-totals {float: right; width: 34.5%; text-align: right}

h2.failed {
    background-color: #FCC;
}

h1, h2 {
    width: 86%;
    /*margin-left: 3%;*/
    
    font-size:1.4em;
    font-weight:bold;
    text-align:left;
    margin-top:1.4em;
    margin-bottom:0.7em;
    color:#333333;
    background-color:inherit;
}

h1 {
    font-size:1.7em;
}

body &gt; h1:first-child:before {
    content:"XSLT UNIT ";
}

body &gt; h2:first-of-type {
    font-size:1.7em;
}

div &gt; table &gt; tbody &gt; tr &gt; th:first-child {
    font-weight:bold;
}

div &gt; h3 {
    font-weight:bold;
    /*margin-left: 3%;*/
}

div &gt; h4 {
    font-weight:normal;
    /*margin-left: 4%;*/
}

th.result { text-align: center; }
/* OXYGEN */


/* ------------------------------------------------------------------------ */
/*  DO NOT ALTER OR REMOVE COPYRIGHT NOTICES OR THIS COMMENT.               */
/*                                                                          */
/*  Copyright (c) 2008, 2010 Jeni Tennsion                                  */
/*                                                                          */
/*  The contents of this file are subject to the MIT License (see the URI   */
/*  http://www.opensource.org/licenses/mit-license.php for details).        */
/*                                                                          */
/*  Permission is hereby granted, free of charge, to any person obtaining   */
/*  a copy of this software and associated documentation files (the         */
/*  "Software"), to deal in the Software without restriction, including     */
/*  without limitation the rights to use, copy, modify, merge, publish,     */
/*  distribute, sublicense, and/or sell copies of the Software, and to      */
/*  permit persons to whom the Software is furnished to do so, subject to   */
/*  the following conditions:                                               */
/*                                                                          */
/*  The above copyright notice and this permission notice shall be          */
/*  included in all copies or substantial portions of the Software.         */
/*                                                                          */
/*  THE SOFTWARE IS PROVIDED "AS IS", WITHOUT WARRANTY OF ANY KIND,         */
/*  EXPRESS OR IMPLIED, INCLUDING BUT NOT LIMITED TO THE WARRANTIES OF      */
/*  MERCHANTABILITY, FITNESS FOR A PARTICULAR PURPOSE AND NONINFRINGEMENT.  */
/*  IN NO EVENT SHALL THE AUTHORS OR COPYRIGHT HOLDERS BE LIABLE FOR ANY    */
/*  CLAIM, DAMAGES OR OTHER LIABILITY, WHETHER IN AN ACTION OF CONTRACT,    */
/*  TORT OR OTHERWISE, ARISING FROM, OUT OF OR IN CONNECTION WITH THE       */
/*  SOFTWARE OR THE USE OR OTHER DEALINGS IN THE SOFTWARE.                  */
/* ------------------------------------------------------------------------ */

.nobr { white-space: nowrap; }
.scenario-label { text-indent: 0px; }
.context-label { text-indent: 10px; }
.test-label { text-indent: 20px; }
.pending-label { text-indent: 30px; }


        /**/</style>
    </head><body><h1>Test Report</h1><p>Script: <a>file:/home/jostein/xprocspec/src/test/xprocspec/tests/scenario-2.xprocspec</a></p><p>Tested: 2013-09-02T14:16:56.812+02:00</p><h2>Contents</h2><table><col/><col/><col/><col/><col/><col/><thead><tr><th/><th>passed:6</th><th>pending:0</th><th>failed:0</th><th>errors:0</th><th>total:6</th></tr></thead><tbody><tr><th><a>ex:identity</a></th><th>6</th><th>0</th><th>0</th><th>0</th><th>6</th></tr></tbody></table><div><h2>Calling: <a>ex:identity</a><span>passed:6 / pending:0 /
                                        failed:0 / errors:0 / total:6</span></h2><table><col/><col/><tbody><tr><th>parent child 1</th><th>passed:2 / pending:0 / failed:0 / errors:0 / total:2</th></tr><tr><th>errors</th><th>passed:1 / pending:0 / failed:0 / errors:0 / total:1</th></tr><tr><td>the step should execute successfully without throwing any errors</td><td>Success</td></tr><tr><th>the results</th><th>passed:1 / pending:0 / failed:0 / errors:0 / total:1</th></tr><tr><td>the option 'option' should have the value 'option-value'</td><td>Success</td></tr><tr><th>parent child 2 child 2.a</th><th>passed:2 / pending:0 / failed:0 / errors:0 / total:2</th></tr><tr><th>errors</th><th>passed:1 / pending:0 / failed:0 / errors:0 / total:1</th></tr><tr><td>the step should execute successfully without throwing any errors</td><td>Success</td></tr><tr><th>the results</th><th>passed:1 / pending:0 / failed:0 / errors:0 / total:1</th></tr><tr><td>the option 'option' should have the value 'option-value'</td><td>Success</td></tr><tr><th>parent child 2 child 2.b</th><th>passed:2 / pending:0 / failed:0 / errors:0 / total:2</th></tr><tr><th>errors</th><th>passed:1 / pending:0 / failed:0 / errors:0 / total:1</th></tr><tr><td>the step should execute successfully without throwing any errors</td><td>Success</td></tr><tr><th>the results</th><th>passed:1 / pending:0 / failed:0 / errors:0 / total:1</th></tr><tr><td>the option 'option' should have the value 'option-value'</td><td>Success</td></tr></tbody></table></div><h2>Execution log</h2><table><thead><tr><th>Time</th><th>Severity</th><th>Message</th></tr></thead><tbody><tr><td>0.000</td><td>INFO</td><td><code><pre>#### file:/home/jostein/xprocspec/src/test/xprocspec/tests/scenario-2.xprocspec ####</pre></code></td></tr><tr><td>0.005</td><td>INFO</td><td><code><pre> * temporary directory: file:/tmp/xprocspec-20130902141648008/</pre></code></td></tr><tr><td>0.010</td><td>INFO</td><td><code><pre>preprocessing...</pre></code></td></tr><tr><td>0.029</td><td>INFO</td><td><code><pre> * checking for imports</pre></code></td></tr><tr><td>0.035</td><td>INFO</td><td><code><pre> * checking file:/home/jostein/xprocspec/src/test/xprocspec/tests/scenario-2.xprocspec for imports</pre></code></td></tr><tr><td>0.041</td><td>INFO</td><td><code><pre> * extracting step declarations from file:/home/jostein/xprocspec/src/test/xprocspec/steps/identity.xpl</pre></code></td></tr><tr><td>0.047</td><td>INFO</td><td><code><pre> * tests reference 1 step</pre></code></td></tr><tr><td>0.052</td><td>INFO</td><td><code><pre>   * step: e:identity</pre></code></td></tr><tr><td>0.058</td><td>INFO</td><td><code><pre> * trying to load: file:/home/jostein/xprocspec/src/test/xprocspec/steps/identity.xpl</pre></code></td></tr><tr><td>0.064</td><td>INFO</td><td><code><pre>   * success!</pre></code></td></tr><tr><td>0.072</td><td>INFO</td><td><code><pre> * trying to extract the step declaration for {http://example.net/ns}identity from file:/home/jostein/xprocspec/src/test/xprocspec/steps/identity.xpl</pre></code></td></tr><tr><td>0.084</td><td>INFO</td><td><code><pre> * creating a new x:description document for each x:scenario element with inferred inputs, options and parameters</pre></code></td></tr><tr><td>0.104</td><td>INFO</td><td><code><pre> * validating output grammar</pre></code></td></tr><tr><td>0.117</td><td>INFO</td><td><code><pre> * validating output grammar</pre></code></td></tr><tr><td>0.130</td><td>INFO</td><td><code><pre> * validating output grammar</pre></code></td></tr><tr><td>0.144</td><td>INFO</td><td><code><pre>compiling...</pre></code></td></tr><tr><td>0.153</td><td>INFO</td><td><code><pre> * created directory using Calabash's cxf:mkdir</pre></code></td></tr><tr><td>0.160</td><td>INFO</td><td><code><pre> * converting test 'test1' to XProc</pre></code></td></tr><tr><td>0.175</td><td>INFO</td><td><code><pre>   * done</pre></code></td></tr><tr><td>0.183</td><td>INFO</td><td><code><pre> * validating output grammar for file:/home/jostein/xprocspec/src/test/xprocspec/tests/scenario-2.xprocspec</pre></code></td></tr><tr><td>0.197</td><td>INFO</td><td><code><pre>   * done!</pre></code></td></tr><tr><td>0.204</td><td>INFO</td><td><code><pre> * converting test 'test2' to XProc</pre></code></td></tr><tr><td>0.217</td><td>INFO</td><td><code><pre>   * done</pre></code></td></tr><tr><td>0.224</td><td>INFO</td><td><code><pre> * validating output grammar for file:/home/jostein/xprocspec/src/test/xprocspec/tests/scenario-2.xprocspec</pre></code></td></tr><tr><td>0.237</td><td>INFO</td><td><code><pre>   * done!</pre></code></td></tr><tr><td>0.245</td><td>INFO</td><td><code><pre> * converting test 'test3' to XProc</pre></code></td></tr><tr><td>0.257</td><td>INFO</td><td><code><pre>   * done</pre></code></td></tr><tr><td>0.265</td><td>INFO</td><td><code><pre> * validating output grammar for file:/home/jostein/xprocspec/src/test/xprocspec/tests/scenario-2.xprocspec</pre></code></td></tr><tr><td>0.278</td><td>INFO</td><td><code><pre>   * done!</pre></code></td></tr><tr><td>0.285</td><td>INFO</td><td><code><pre> * using as temporary directory: file:/tmp/xprocspec-20130902141648008/xprocspec-20130902141655777/</pre></code></td></tr><tr><td>0.292</td><td>INFO</td><td><code><pre>storing...</pre></code></td></tr><tr><td>0.306</td><td>INFO</td><td><code><pre>running...</pre></code></td></tr><tr><td>0.314</td><td>INFO</td><td><code><pre>   * loading 'file:/tmp/xprocspec-20130902141648008/test1.xpl'</pre></code></td></tr><tr><td>0.379</td><td>INFO</td><td><code><pre>   * loading 'file:/tmp/xprocspec-20130902141648008/test2.xpl'</pre></code></td></tr><tr><td>0.442</td><td>INFO</td><td><code><pre>   * loading 'file:/tmp/xprocspec-20130902141648008/test3.xpl'</pre></code></td></tr><tr><td>0.505</td><td>INFO</td><td><code><pre>evaluating...</pre></code></td></tr><tr><td>0.518</td><td>INFO</td><td><code><pre> * evaluating scenario 'parent child 1' (file:/home/jostein/xprocspec/src/test/xprocspec/tests/scenario-2.xprocspec)</pre></code></td></tr><tr><td>0.526</td><td>INFO</td><td><code><pre>   * resolving x:document elements...</pre></code></td></tr><tr><td>0.536</td><td>INFO</td><td><code><pre>    * no errors occured</pre></code></td></tr><tr><td>0.561</td><td>INFO</td><td><code><pre>   * grouping x:expect elements with their x:context...</pre></code></td></tr><tr><td>0.571</td><td>INFO</td><td><code><pre>   * evaluating each context/expect group...</pre></code></td></tr><tr><td>0.579</td><td>INFO</td><td><code><pre>     * setting context to 'errors'</pre></code></td></tr><tr><td>0.586</td><td>INFO</td><td><code><pre>       * testing assertion 'the step should execute successfully without throwing any errors'</pre></code></td></tr><tr><td>0.594</td><td>INFO</td><td><code><pre>         * is document count assertion</pre></code></td></tr><tr><td>0.602</td><td>INFO</td><td><code><pre>         * assertion passed</pre></code></td></tr><tr><td>0.611</td><td>INFO</td><td><code><pre>     * setting context to 'the results'</pre></code></td></tr><tr><td>0.619</td><td>INFO</td><td><code><pre>       * testing assertion 'the option 'option' should have the value 'option-value''</pre></code></td></tr><tr><td>0.627</td><td>INFO</td><td><code><pre>         * is xpath assertion</pre></code></td></tr><tr><td>0.634</td><td>INFO</td><td><code><pre>           * evaluating against context item #1</pre></code></td></tr><tr><td>0.643</td><td>INFO</td><td><code><pre>             * success</pre></code></td></tr><tr><td>0.651</td><td>INFO</td><td><code><pre>         * assertion passed</pre></code></td></tr><tr><td>0.678</td><td>INFO</td><td><code><pre> * evaluating scenario 'parent child 2 child 2.a' (file:/home/jostein/xprocspec/src/test/xprocspec/tests/scenario-2.xprocspec)</pre></code></td></tr><tr><td>0.687</td><td>INFO</td><td><code><pre>   * resolving x:document elements...</pre></code></td></tr><tr><td>0.698</td><td>INFO</td><td><code><pre>    * no errors occured</pre></code></td></tr><tr><td>0.724</td><td>INFO</td><td><code><pre>   * grouping x:expect elements with their x:context...</pre></code></td></tr><tr><td>0.734</td><td>INFO</td><td><code><pre>   * evaluating each context/expect group...</pre></code></td></tr><tr><td>0.742</td><td>INFO</td><td><code><pre>     * setting context to 'errors'</pre></code></td></tr><tr><td>0.751</td><td>INFO</td><td><code><pre>       * testing assertion 'the step should execute successfully without throwing any errors'</pre></code></td></tr><tr><td>0.760</td><td>INFO</td><td><code><pre>         * is document count assertion</pre></code></td></tr><tr><td>0.769</td><td>INFO</td><td><code><pre>         * assertion passed</pre></code></td></tr><tr><td>0.778</td><td>INFO</td><td><code><pre>     * setting context to 'the results'</pre></code></td></tr><tr><td>0.787</td><td>INFO</td><td><code><pre>       * testing assertion 'the option 'option' should have the value 'option-value''</pre></code></td></tr><tr><td>0.796</td><td>INFO</td><td><code><pre>         * is xpath assertion</pre></code></td></tr><tr><td>0.804</td><td>INFO</td><td><code><pre>           * evaluating against context item #1</pre></code></td></tr><tr><td>0.813</td><td>INFO</td><td><code><pre>             * success</pre></code></td></tr><tr><td>0.823</td><td>INFO</td><td><code><pre>         * assertion passed</pre></code></td></tr><tr><td>0.847</td><td>INFO</td><td><code><pre> * evaluating scenario 'parent child 2 child 2.b' (file:/home/jostein/xprocspec/src/test/xprocspec/tests/scenario-2.xprocspec)</pre></code></td></tr><tr><td>0.857</td><td>INFO</td><td><code><pre>   * resolving x:document elements...</pre></code></td></tr><tr><td>0.868</td><td>INFO</td><td><code><pre>    * no errors occured</pre></code></td></tr><tr><td>0.895</td><td>INFO</td><td><code><pre>   * grouping x:expect elements with their x:context...</pre></code></td></tr><tr><td>0.905</td><td>INFO</td><td><code><pre>   * evaluating each context/expect group...</pre></code></td></tr><tr><td>0.915</td><td>INFO</td><td><code><pre>     * setting context to 'errors'</pre></code></td></tr><tr><td>0.924</td><td>INFO</td><td><code><pre>       * testing assertion 'the step should execute successfully without throwing any errors'</pre></code></td></tr><tr><td>0.935</td><td>INFO</td><td><code><pre>         * is document count assertion</pre></code></td></tr><tr><td>0.946</td><td>INFO</td><td><code><pre>         * assertion passed</pre></code></td></tr><tr><td>0.957</td><td>INFO</td><td><code><pre>     * setting context to 'the results'</pre></code></td></tr><tr><td>0.967</td><td>INFO</td><td><code><pre>       * testing assertion 'the option 'option' should have the value 'option-value''</pre></code></td></tr><tr><td>0.978</td><td>INFO</td><td><code><pre>         * is xpath assertion</pre></code></td></tr><tr><td>0.988</td><td>INFO</td><td><code><pre>           * evaluating against context item #1</pre></code></td></tr><tr><td>1.029</td><td>INFO</td><td><code><pre>             * success</pre></code></td></tr><tr><td>1.039</td><td>INFO</td><td><code><pre>         * assertion passed</pre></code></td></tr><tr><td>1.063</td><td>INFO</td><td><code><pre>reporting...</pre></code></td></tr></tbody></table><link/><script> </script><script>hljs.initHighlightingOnLoad();</script></body></html></x:document></x:output><x:output port="junit"><x:document xml:base="file:/home/jostein/xprocspec/src/main/resources/content/xml/xproc/report/report.xpl" type="inline"><testsuites><testsuite>
<properties>

<property/>
<property/>

</properties>
<testcase><system-out>the step should execute successfully without throwing any errors: SUCCESS</system-out>
<system-err/></testcase><testcase><system-out>the option 'option' should have the value 'option-value': SUCCESS</system-out>
<system-err/></testcase></testsuite><testsuite>
<properties>

<property/>
<property/>

</properties>
<testcase><system-out>the step should execute successfully without throwing any errors: SUCCESS</system-out>
<system-err/></testcase><testcase><system-out>the option 'option' should have the value 'option-value': SUCCESS</system-out>
<system-err/></testcase></testsuite><testsuite>
<properties>

<property/>
<property/>

</properties>
<testcase><system-out>the step should execute successfully without throwing any errors: SUCCESS</system-out>
<system-err/></testcase><testcase><system-out>the option 'option' should have the value 'option-value': SUCCESS</system-out>
<system-err/></testcase></testsuite></testsuites></x:document></x:output><x:test-result contextref="errors" result="passed" max="0" label="the step should execute successfully without throwing any errors" type="count">
                                                        <x:expected>At most 0 documents.</x:expected>
                                                    <x:was>0</x:was></x:test-result><x:test-result contextref="context5" result="passed" test="not(/*/@tests='0') and /*/@failures='0' and /*/@errors='0'" label="there should be at least one test, and none of the tests should fail" type="xpath">
                                                        <x:expected>XPath: true()
Value: </x:expected>
                                                    
                                                        <x:was>XPath: not(/*/@tests='0') and /*/@failures='0' and /*/@errors='0'
Value: </x:was>
                                                    </x:test-result></x:description><x:description xmlns:cx="http://xmlcalabash.com/ns/extensions" xmlns:c="http://www.w3.org/ns/xproc-step" xml:base="file:/home/jostein/xprocspec/src/test/xprocspec/test.xprocspec" test-base-uri="file:/home/jostein/xprocspec/src/test/xprocspec/test.xprocspec" script="file:/home/jostein/xprocspec/src/main/resources/content/xml/xproc/xprocspec.xpl" test-grammar="xprocspec" temp-dir="file:/tmp/xprocspec-20130902141648008/"><x:step-declaration><p:declare-step xmlns:p="http://www.w3.org/ns/xproc" xmlns:px="http://www.daisy.org/ns/xprocspec" xmlns:pxi="http://www.daisy.org/ns/xprocspec/xproc-internal/" xmlns:pkg="http://expath.org/ns/pkg" type="px:xprocspec" name="main" version="1.0" xpath-version="2.0" pkg:import-uri="http://www.daisy.org/ns/xprocspec/xprocspec.xpl" x:type="{http://www.daisy.org/ns/xprocspec}xprocspec"><p:input port="source" kind="document" sequence="false" primary="true"/><p:output port="result" kind="document" sequence="false" primary="false"><p:pipe port="result" step="report"/></p:output><p:output port="html" kind="document" sequence="false" primary="false"><p:pipe port="html" step="report"/></p:output><p:output port="junit" kind="document" sequence="false" primary="false"><p:pipe port="junit" step="report"/></p:output><p:option name="temp-dir" select="'file:/tmp/'"/></p:declare-step></x:step-declaration><x:scenario end-time="2013-09-02T12:16:57.777Z" label="the call element - inherit from call elements in ancestor scenarios" start-time="2013-09-02T12:16:57.165Z"><x:call x:type="{http://www.daisy.org/ns/xprocspec}xprocspec" step="x:xprocspec"><x:option select="$temp-dir" name="temp-dir" value="file:/tmp/xprocspec-20130902141648008/"/><x:input port="source">
                    <x:document xml:base="file:/home/jostein/xprocspec/src/test/xprocspec/test.xprocspec" type="inline"><?xml-model href="http://www.daisy.org/ns/xprocspec/xprocspec.rng" type="application/xml" schematypens="http://relaxng.org/ns/structure/1.0"?><x:description xmlns:e="http://example.net/ns" script="../steps/identity.xpl">
    
    <x:scenario label="x:call with @step">
        <x:call step="e:identity"/>
        
        <x:scenario label="x:call with 'option' option">
            <x:call>
                <x:option name="option" select="'option-value'"/>
                <x:option name="option.required" select="'option-override-me'"/>
            </x:call>
            
            <x:scenario label="x:call with 'option.required' option">
                <x:call>
                    <x:option name="option.required" select="'option-value'"/>
                </x:call>
                
                <x:context label="the results">
                    <x:document type="port" port="options"/>
                </x:context>
                <x:expect type="xpath" label="the option 'option' should have the value 'option-value'" test="/*/*[@name='option']/@value" equals="'option-value'"/>
                <x:expect type="xpath" label="the option 'option.required' should have the value 'option-value'" test="/*/*[@name='option.required']/@value" equals="'option-value'"/>
                
            </x:scenario>
        </x:scenario>
    </x:scenario>
    
</x:description></x:document>
                </x:input></x:call>
                                                <x:context label="errors" id="errors">
                                                    
                                                </x:context>
                                            
                                                <x:expect type="count" label="the step should execute successfully without throwing any errors" max="0" contextref="errors"/>
                                            <x:context label="the junit output port" id="context6">
                <x:document xml:base="file:/home/jostein/xprocspec/src/main/resources/content/xml/xproc/report/report.xpl" type="inline"><testsuites tests="3" failures="0" time="0.504" errors="0" name="call1"><testsuite timestamp="2013-09-02T12:16:57.686Z" hostname="localhost" tests="3" errors="0" failures="0" skipped="0" id="d18245e1" name="xcallWithStepXcallWithOptionOptionXcallWithOptionRequiredOption" package="http://example.net/ns" time="0.009">
<properties>

<property name="option: option" value="option-value"/>
<property name="option: option.required" value="option-value"/>

</properties>
<testcase name="theStepShouldExecuteSuccessfullyWithoutThrowingAnyErrors" classname="identity" assertions="1" time="0" status="SUCCESS"><system-out>the step should execute successfully without throwing any errors: SUCCESS</system-out>
<system-err/></testcase><testcase name="theOptionOptionShouldHaveTheValueOptionvalue" classname="identity" assertions="1" time="0" status="SUCCESS"><system-out>the option 'option' should have the value 'option-value': SUCCESS</system-out>
<system-err/></testcase><testcase name="theOptionOptionRequiredShouldHaveTheValueOptionvalue" classname="identity" assertions="1" time="0" status="SUCCESS"><system-out>the option 'option.required' should have the value 'option-value': SUCCESS</system-out>
<system-err/></testcase></testsuite></testsuites></x:document>
            </x:context><x:expect label="there should be at least one test, and none of the tests should fail" type="xpath" test="not(/*/@tests='0') and /*/@failures='0' and /*/@errors='0'" contextref="context6"/></x:scenario><x:output port="result"><x:document xml:base="file:/home/jostein/xprocspec/src/main/resources/content/xml/xproc/report/report.xpl" type="inline"><x:test-report><x:description><x:step-declaration><p:declare-step xmlns:p="http://www.w3.org/ns/xproc" xmlns:ex="http://example.net/ns"><p:input><p:inline>
            <source.document.primary.default/>
        </p:inline></p:input><p:input><p:inline>
            <source.document.secondary.sequence/>
        </p:inline></p:input><p:input><p:inline>
            <default>
                <default/>
                <default/>
            </default>
        </p:inline></p:input><p:input/><p:output><p:pipe/></p:output><p:output><p:pipe/></p:output><p:output><p:pipe/></p:output><p:output><p:pipe/></p:output><p:output><p:pipe/></p:output><p:option/><p:option/><p:option/></p:declare-step></x:step-declaration><x:scenario xmlns:e="http://example.net/ns"><x:call><x:option/><x:option/></x:call>
                                                <x:context>
                                                    
                                                </x:context>
                                            
                                                <x:expect/>
                                            <x:context>
                    <x:document>
                <c:options xmlns:ex="http://example.net/ns">
                    <c:option/>
                    <c:option/>
                    <c:option/>
                </c:options>
            </x:document>
                </x:context><x:expect/><x:expect/></x:scenario><x:output><x:document>
            <source.document.primary.default xmlns:ex="http://example.net/ns"/>
        </x:document></x:output><x:output><x:document>
            <source.document.secondary.sequence xmlns:ex="http://example.net/ns"/>
        </x:document></x:output><x:output><x:document><default xmlns:ex="http://example.net/ns"/></x:document><x:document><default xmlns:ex="http://example.net/ns"/></x:document></x:output><x:output><x:document><c:param-set/></x:document></x:output><x:output><x:document>
                <c:options xmlns:ex="http://example.net/ns">
                    <c:option/>
                    <c:option/>
                    <c:option/>
                </c:options>
            </x:document></x:output><x:test-result>
                                                        <x:expected>At most 0 documents.</x:expected>
                                                    <x:was>0</x:was></x:test-result><x:test-result>
                                                        <x:expected>XPath: 'option-value'
Value: </x:expected>
                                                    
                                                        <x:was>XPath: /*/*[@name='option']/@value
Value: </x:was>
                                                    </x:test-result><x:test-result>
                                                        <x:expected>XPath: 'option-value'
Value: </x:expected>
                                                    
                                                        <x:was>XPath: /*/*[@name='option.required']/@value
Value: </x:was>
                                                    </x:test-result></x:description></x:test-report></x:document></x:output><x:output port="html"><x:document xml:base="file:/home/jostein/xprocspec/src/main/resources/content/xml/xproc/report/report-template.xhtml" type="inline"><html xmlns="http://www.w3.org/1999/xhtml"><head><title>Test Report for file:/home/jostein/xprocspec/src/test/xprocspec/tests/call-1.xprocspec (passed:3 / pending:0 / failed:0 / errors:0 / total:3)</title>
        <meta/>
        <style>/**/
/****************************************************************************/
/*  File:       test-report.css                                             */
/*  Author:     Jeni Tennsion                                               */
/*  URI:        http://xspec.googlecode.com/                                */
/*  Tags:                                                                   */
/*    Copyright (c) 2008, 2010 Jeni Tennsion (see end of file.)             */
/* ------------------------------------------------------------------------ */


/* test */

/* box model */

body {
	margin-right: 1em;
	/*margin-left: 10%;*/
	}

h1 {
	padding: 0.3em 0.5em 0.3em 0.5em;
	position: relative;
	}

h2 {
	padding: 0.1em 0.5em 0.2em 0.5em;
	}

h3 {
	padding-left: 0.6em;
	}

h4 {
	padding-left: 0.8em;
	}

p, table {
	/*margin-left: 5%;*/
	}

dd ul, dd ol {
	margin-left: 0%;
	}

li ul, li ol {
	/*margin-left: 5%;*/
	}

dl, ul, ol, blockquote {
	/*margin-left: 10%;*/
	}

dt {
  padding-top: 3px;
  padding-bottom: 3px;
	clear: both;
	}

dd p {
	/*margin-left: -5px;*/
	margin-top: 5px;
	clear: both;
	}

p.link {
	margin-top: 4px;
	margin-bottom: 0px;
	clear: both;
	}

tr td, td p, li, li p {
	margin-left: 0%;
	}

td:nth-child(2) {
	padding-left: 5%;
	}

.link img, dt img {
	vertical-align: middle;
	position: relative;
	top: -5px;
	}

img {
	position: relative;
	}

#xml-link {
	position: absolute;
	left: 5px;
	top: 5px;
	width: 10%;
	margin-left: 0%;
	}

#link-up {
	position: absolute;
	left: 93%;
	right: 2em;
	top: 0.3em;
	}

#link-top {
	position: absolute;
	left: 89%;
	right: 4em;
	top: 0.3em;
	}
	
.popup {
	display: block;
	visibility: hidden;
	float: right;
	position: absolute;
	top: 5px;
	left: -200px;
	z-index: 1;
	padding: 0.3em;
	width: 220px;
	}

.note {
	position: relative;
	}

.post {
	/*margin-left: 5%;*/
	padding-top: 1em;
	}
	
.example, .sidebar {
  /*margin-left: 5%;*/
  margin-top: 1em;
  margin-bottom: 1em;
  }

/*pre {
	padding-left: 5%;
	margin-left: 5%;
	}*/

/*dd pre, li pre {
	padding-left: 5%;
	}*/

/* fonts */
/* Oxygen  */
body, table {
    font-family:arial, helvetica, sans-serif;
    font-size:12px;
}
/* Oxygen  */

/*body {
	font-family: Verdana, arial, sans-serif;
	font-size: small;
	}*/	

/*h1, h2, h3, h4, h5, h6 {
	font-family: 'trebuchet MS', arial, sans-serif;
	}*/

h1 {
	font-size: 173%;
	font-weight: bold;
	}

h2 {
	font-size: 144%;
	font-weight: normal;
	}

h3 {
	font-size: 120%;
	font-weight: normal;
	}

h4 {
  font-size: 100%;
  font-weight: bold;
}

dt {
	font-weight: bold;
	}

a:link, a:visited, a:active, a:hover {
	font-weight: bold;
	}

a.offsite:link, a.offsite:visited, a.offsite:active, a.offsite:hover {
	font-weight: normal;
	}

/* suppress the normal italics */
address {
	font-style: normal;
	}

div.example, .sidebar {
  font-family: Verdana, arial, sans-serif;
  font-size: 100%;
  }


.note, .link {
	font-family: Verdana, arial, sans-serif;
	/*font-size: 83%;*/
	}

/*.example, .string, .rtf, .code, pre, code {
	font-family: "Lucida Console", "Courier New", monospace;*/
  /*font-size: 83%;*/
/*	}*/

.boolean {
	font-style: italic;
	}

#colophon, #xml-link {
	font-size: 69%;
	}

.question, .title {
	font-weight: bold;
	}

/* colours */
body {
	background-color: white;
	color: black;
	border: 0px none black;
	}

/* this is to make Navigator fill the entire line */
h1, h2 {
	border: 1px solid white;
	width: auto;
	}

h1 {
	/*background: #606;*/
	/*color: #6F6;*/
	}

h2 {
	color: #606;
	/*background: #CFC;*/
	}

hr {
	color: #606;
	background: white;
	}

img, a:link img, a:visited img, a:hover img, a:active img, #link-up img, #link-top img {
	border: 0px none white;
	background: transparent;
	}

/* OXYGEN */
a, a:visited {
    color:rgb(0, 0, 150);
    background-color:inherit;
    font-weight: bold;
}
a:link, a:visited {
    text-decoration:none; 
}
a:hover {
    text-decoration:underline;
}

/* OXYGEN */

a.img:hover, a.img:active {
	background: transparent;
	}

#colophon, #xml-link, .note {
	color: #666;
	}

#colophon a:link, #colophon a:visited, #colophon a:hover,
#xml-link a:link, #xml-link a:visited, #xml-link a:hover,
.note a:link, .note a:visited, .note a:hover {
	color: #969;
	background: transparent;
	}

#colophon a:hover, #xml-link a:hover, .note a:hover {
	background: #CFC;
	color: #969;
	}

.popup {
	background: white;
	border: 1px solid #606;
	}

.post {
	border-top: 2px solid #606;
	}
	
.example {
  border-top: 2px solid #606;
  border-bottom: 2px solid #606;
  }
  
.sidebar {
  border-top: 2px solid #090;
  border-bottom: 2px solid #090;
  }
  
.rng {
  border-left: 2px solid #666;
  }

.same {
  background-color: rgb(206, 239, 174);
}

.diff {
  background-color: #FCC;
}

.whitespace {
	font-style: italic;
	color: #999;
	background: white;
}

.ignored {
  font-style: italic;
  color: #999;
  background: white;
}

.hit {
}

.missed {
  background-color: #A33;
  color: white;
}

/* text */
ol ol li {
	list-style: lower-alpha;
	}

th {
	text-align: left;
	}

td {
	vertical-align: top;
	}

h1 {
	text-transform: uppercase;
	}

h2, h3 {
	/*text-transform: capitalize;*/
	}

.question {
	text-indent: -33px;
	}

.byline {
	text-align: right;
	}

#link-top, #link-up {
	text-align: right;
	}

a {
	text-decoration: none;
	}

table { width: 85%;
        /* border: collapse; */ }

th { text-align: left; }

.xspec tbody th { font-weight: normal; /*font-size: 0.8em;*/ border-top: 1px #666 solid; }
.xspec tbody td { /*font-size: 0.8em;*/ color: #666; }

.successful.label th, .successful.label td { background-color: #CFC; }
.pending.label th, .pending.label td { background-color: #DDD; color: #666; }
.failed.label th, .failed.label td { background-color: #FCC; }
.error.label th, .error.label td { background-color: #FAA; }
/*body &gt; table tbody .failed.label th:first-child:before {content:url(data:image/png;base64,iVBORw0KGgoAAAANSUhEUgAAAAwAAAAMCAYAAABWdVznAAAAGXRFWHRTb2Z0d2FyZQBBZG9iZSBJbWFnZVJlYWR5ccllPAAAA2ZpVFh0WE1MOmNvbS5hZG9iZS54bXAAAAAAADw/eHBhY2tldCBiZWdpbj0i77u/IiBpZD0iVzVNME1wQ2VoaUh6cmVTek5UY3prYzlkIj8+IDx4OnhtcG1ldGEgeG1sbnM6eD0iYWRvYmU6bnM6bWV0YS8iIHg6eG1wdGs9IkFkb2JlIFhNUCBDb3JlIDUuMy1jMDExIDY2LjE0NTY2MSwgMjAxMi8wMi8wNi0xNDo1NjoyNyAgICAgICAgIj4gPHJkZjpSREYgeG1sbnM6cmRmPSJodHRwOi8vd3d3LnczLm9yZy8xOTk5LzAyLzIyLXJkZi1zeW50YXgtbnMjIj4gPHJkZjpEZXNjcmlwdGlvbiByZGY6YWJvdXQ9IiIgeG1sbnM6eG1wTU09Imh0dHA6Ly9ucy5hZG9iZS5jb20veGFwLzEuMC9tbS8iIHhtbG5zOnN0UmVmPSJodHRwOi8vbnMuYWRvYmUuY29tL3hhcC8xLjAvc1R5cGUvUmVzb3VyY2VSZWYjIiB4bWxuczp4bXA9Imh0dHA6Ly9ucy5hZG9iZS5jb20veGFwLzEuMC8iIHhtcE1NOk9yaWdpbmFsRG9jdW1lbnRJRD0ieG1wLmRpZDpCQjU0NjU4QjIyQTNFMTExQkI5Rjk5QkQ4RkQ5RUJFQiIgeG1wTU06RG9jdW1lbnRJRD0ieG1wLmRpZDpEQTUyOTdBQUEzRDUxMUUxQTQwN0YzMUI0Nzg3NDU1RSIgeG1wTU06SW5zdGFuY2VJRD0ieG1wLmlpZDpEQTUyOTdBOUEzRDUxMUUxQTQwN0YzMUI0Nzg3NDU1RSIgeG1wOkNyZWF0b3JUb29sPSJBZG9iZSBQaG90b3Nob3AgQ1M2IChXaW5kb3dzKSI+IDx4bXBNTTpEZXJpdmVkRnJvbSBzdFJlZjppbnN0YW5jZUlEPSJ4bXAuaWlkOjQ4MTZDRTNCRDVBM0UxMTFBQTI2QTBCMjZENzg1Qzg5IiBzdFJlZjpkb2N1bWVudElEPSJ4bXAuZGlkOkJCNTQ2NThCMjJBM0UxMTFCQjlGOTlCRDhGRDlFQkVCIi8+IDwvcmRmOkRlc2NyaXB0aW9uPiA8L3JkZjpSREY+IDwveDp4bXBtZXRhPiA8P3hwYWNrZXQgZW5kPSJyIj8+aHNJrgAAAZ1JREFUeNpsUssrRGEU/907985YMDPNYlh4hbKZPMdgR3aysrGSSFIeKyUKpewoRTYkmcgCf4MsMI2FPDYGKeUZSoru4/uc82VC+W7fOeee+zvn/M45V1uuyCmVwDogq0hDklD6jy1dspNkdxokVrIzPFUh0/MD5OdXoJDwPFtu3d2ns6TTp9oggTlFZlmN0o4AHMmXfJGo0lmGzoE1OgmNHf5YA8rmN5HfM6wADmUuHphA9cIW/JX1yiek9DIlyijxkNjBzXYche19gNcHzfShoLUdVxtLuD/cYzCoMAzCwqYrhMDx9Chs20JRWzf4nMcXcDI3pYAqQHIAtWUJbpKursMMhpA+RiAEGzpc4X5XkDB4GjaHmiZik/PIa2rBEWVlSuW9Q+T3YndskBi46QpQFcLltchtbEZyZhxna4uKhmV9Ito/gtPNOG4P99WItdlIWARNXWOAv6AEr9cplel7/ggUleDlMqUSvNnCobHKxDsNnqs8XaWUZopp/XhxTkOR+HDVOveYUge9rNLyY9SU9v+vwXuUB2R0fQkwABfn/VKSjTLBAAAAAElFTkSuQmCC) " "}*/
/*body &gt; table tbody .error.label th:first-child:before {content:url(data:image/png;base64,iVBORw0KGgoAAAANSUhEUgAAAAwAAAAMCAYAAABWdVznAAAABmJLR0QAAAAAAAD5Q7t/AAAACXBIWXMAAAsTAAALEwEAmpwYAAAAB3RJTUUH3QcKER4AdkxvvQAAAdVJREFUKM89kM9KG0EAh7/JTHazZInEQwJ68KIWLx6Etj6EjxAobYSsD+BjCJ682EOp0FMueYmS0FMICF4i6tFNzJ/dyRh2Znoo6Xf+Pn7wEzc3Nx/W6/UvY8xJnudkWYa1Fu893nviOCaKIhuG4R/v/Ve1Xq9/bG1tnezs7JDnOVpr3t/fcc4hpaRSqVCpVORqtTp9e3v7rrTWn5vNJpPJhHK5zHg8JssyvPeEYcjR0RFpmlKr1ZjP5x9Li8VCbOR2u83BwQEvLy88PT1xfHzMxcUFQgjSNCXLskDlec5sNuPx8REpJZ1Oh+fnZ4QQnJ+fc319Tb/fZ29vD601SmvNdDplsVhwe3vLaDTi6uoKgCRJGAwGNBoNXl9fMcZQcs5hjGG1WpHnObVajQ3VahWtNcYYjDE451Cb+7z3JElCkiScnZ0hpaTX67G7u0u328V7/y+oVqsIITg8PKTT6dBqtRgOhzjnaLVa3N3dcX9/z3K5JI5jxOXlpSuKQqRpirWWh4eH//Plcpn9/X2cc2xvb1MqlQqllBpYa0/jOGYymdBsNsmyDOccURRRFAX1eh2lFGEY/lZBEHyx1v703n8KgkBEUYSUEu/9RkIIUQRB0A/D8NtflUT+nn4OS+0AAAAASUVORK5CYII=) " "}*/
.failed.label th:first-child:before, .failed.label td:first-child:before {content:url(data:image/png;base64,iVBORw0KGgoAAAANSUhEUgAAAAwAAAAMCAYAAABWdVznAAAAGXRFWHRTb2Z0d2FyZQBBZG9iZSBJbWFnZVJlYWR5ccllPAAAA2ZpVFh0WE1MOmNvbS5hZG9iZS54bXAAAAAAADw/eHBhY2tldCBiZWdpbj0i77u/IiBpZD0iVzVNME1wQ2VoaUh6cmVTek5UY3prYzlkIj8+IDx4OnhtcG1ldGEgeG1sbnM6eD0iYWRvYmU6bnM6bWV0YS8iIHg6eG1wdGs9IkFkb2JlIFhNUCBDb3JlIDUuMy1jMDExIDY2LjE0NTY2MSwgMjAxMi8wMi8wNi0xNDo1NjoyNyAgICAgICAgIj4gPHJkZjpSREYgeG1sbnM6cmRmPSJodHRwOi8vd3d3LnczLm9yZy8xOTk5LzAyLzIyLXJkZi1zeW50YXgtbnMjIj4gPHJkZjpEZXNjcmlwdGlvbiByZGY6YWJvdXQ9IiIgeG1sbnM6eG1wTU09Imh0dHA6Ly9ucy5hZG9iZS5jb20veGFwLzEuMC9tbS8iIHhtbG5zOnN0UmVmPSJodHRwOi8vbnMuYWRvYmUuY29tL3hhcC8xLjAvc1R5cGUvUmVzb3VyY2VSZWYjIiB4bWxuczp4bXA9Imh0dHA6Ly9ucy5hZG9iZS5jb20veGFwLzEuMC8iIHhtcE1NOk9yaWdpbmFsRG9jdW1lbnRJRD0ieG1wLmRpZDpCQjU0NjU4QjIyQTNFMTExQkI5Rjk5QkQ4RkQ5RUJFQiIgeG1wTU06RG9jdW1lbnRJRD0ieG1wLmRpZDpEQTUyOTdBQUEzRDUxMUUxQTQwN0YzMUI0Nzg3NDU1RSIgeG1wTU06SW5zdGFuY2VJRD0ieG1wLmlpZDpEQTUyOTdBOUEzRDUxMUUxQTQwN0YzMUI0Nzg3NDU1RSIgeG1wOkNyZWF0b3JUb29sPSJBZG9iZSBQaG90b3Nob3AgQ1M2IChXaW5kb3dzKSI+IDx4bXBNTTpEZXJpdmVkRnJvbSBzdFJlZjppbnN0YW5jZUlEPSJ4bXAuaWlkOjQ4MTZDRTNCRDVBM0UxMTFBQTI2QTBCMjZENzg1Qzg5IiBzdFJlZjpkb2N1bWVudElEPSJ4bXAuZGlkOkJCNTQ2NThCMjJBM0UxMTFCQjlGOTlCRDhGRDlFQkVCIi8+IDwvcmRmOkRlc2NyaXB0aW9uPiA8L3JkZjpSREY+IDwveDp4bXBtZXRhPiA8P3hwYWNrZXQgZW5kPSJyIj8+aHNJrgAAAZ1JREFUeNpsUssrRGEU/907985YMDPNYlh4hbKZPMdgR3aysrGSSFIeKyUKpewoRTYkmcgCf4MsMI2FPDYGKeUZSoru4/uc82VC+W7fOeee+zvn/M45V1uuyCmVwDogq0hDklD6jy1dspNkdxokVrIzPFUh0/MD5OdXoJDwPFtu3d2ns6TTp9oggTlFZlmN0o4AHMmXfJGo0lmGzoE1OgmNHf5YA8rmN5HfM6wADmUuHphA9cIW/JX1yiek9DIlyijxkNjBzXYche19gNcHzfShoLUdVxtLuD/cYzCoMAzCwqYrhMDx9Chs20JRWzf4nMcXcDI3pYAqQHIAtWUJbpKursMMhpA+RiAEGzpc4X5XkDB4GjaHmiZik/PIa2rBEWVlSuW9Q+T3YndskBi46QpQFcLltchtbEZyZhxna4uKhmV9Ito/gtPNOG4P99WItdlIWARNXWOAv6AEr9cplel7/ggUleDlMqUSvNnCobHKxDsNnqs8XaWUZopp/XhxTkOR+HDVOveYUge9rNLyY9SU9v+vwXuUB2R0fQkwABfn/VKSjTLBAAAAAElFTkSuQmCC) " "}
.error.label th:first-child:before, .error.label td:first-child:before {content:url(data:image/png;base64,iVBORw0KGgoAAAANSUhEUgAAAAwAAAAMCAYAAABWdVznAAAABmJLR0QAAAAAAAD5Q7t/AAAACXBIWXMAAAsTAAALEwEAmpwYAAAAB3RJTUUH3QcKER4AdkxvvQAAAdVJREFUKM89kM9KG0EAh7/JTHazZInEQwJ68KIWLx6Etj6EjxAobYSsD+BjCJ682EOp0FMueYmS0FMICF4i6tFNzJ/dyRh2Znoo6Xf+Pn7wEzc3Nx/W6/UvY8xJnudkWYa1Fu893nviOCaKIhuG4R/v/Ve1Xq9/bG1tnezs7JDnOVpr3t/fcc4hpaRSqVCpVORqtTp9e3v7rrTWn5vNJpPJhHK5zHg8JssyvPeEYcjR0RFpmlKr1ZjP5x9Li8VCbOR2u83BwQEvLy88PT1xfHzMxcUFQgjSNCXLskDlec5sNuPx8REpJZ1Oh+fnZ4QQnJ+fc319Tb/fZ29vD601SmvNdDplsVhwe3vLaDTi6uoKgCRJGAwGNBoNXl9fMcZQcs5hjGG1WpHnObVajQ3VahWtNcYYjDE451Cb+7z3JElCkiScnZ0hpaTX67G7u0u328V7/y+oVqsIITg8PKTT6dBqtRgOhzjnaLVa3N3dcX9/z3K5JI5jxOXlpSuKQqRpirWWh4eH//Plcpn9/X2cc2xvb1MqlQqllBpYa0/jOGYymdBsNsmyDOccURRRFAX1eh2lFGEY/lZBEHyx1v703n8KgkBEUYSUEu/9RkIIUQRB0A/D8NtflUT+nn4OS+0AAAAASUVORK5CYII=) " "}
.pending.label th:first-child:before, .pending.label td:first-child:before {content:url(data:image/png;base64,iVBORw0KGgoAAAANSUhEUgAAAAwAAAAMCAYAAABWdVznAAAAGXRFWHRTb2Z0d2FyZQBBZG9iZSBJbWFnZVJlYWR5ccllPAAAA2ZpVFh0WE1MOmNvbS5hZG9iZS54bXAAAAAAADw/eHBhY2tldCBiZWdpbj0i77u/IiBpZD0iVzVNME1wQ2VoaUh6cmVTek5UY3prYzlkIj8+IDx4OnhtcG1ldGEgeG1sbnM6eD0iYWRvYmU6bnM6bWV0YS8iIHg6eG1wdGs9IkFkb2JlIFhNUCBDb3JlIDUuMy1jMDExIDY2LjE0NTY2MSwgMjAxMi8wMi8wNi0xNDo1NjoyNyAgICAgICAgIj4gPHJkZjpSREYgeG1sbnM6cmRmPSJodHRwOi8vd3d3LnczLm9yZy8xOTk5LzAyLzIyLXJkZi1zeW50YXgtbnMjIj4gPHJkZjpEZXNjcmlwdGlvbiByZGY6YWJvdXQ9IiIgeG1sbnM6eG1wTU09Imh0dHA6Ly9ucy5hZG9iZS5jb20veGFwLzEuMC9tbS8iIHhtbG5zOnN0UmVmPSJodHRwOi8vbnMuYWRvYmUuY29tL3hhcC8xLjAvc1R5cGUvUmVzb3VyY2VSZWYjIiB4bWxuczp4bXA9Imh0dHA6Ly9ucy5hZG9iZS5jb20veGFwLzEuMC8iIHhtcE1NOk9yaWdpbmFsRG9jdW1lbnRJRD0ieG1wLmRpZDpCQjU0NjU4QjIyQTNFMTExQkI5Rjk5QkQ4RkQ5RUJFQiIgeG1wTU06RG9jdW1lbnRJRD0ieG1wLmRpZDpDODdDM0Y0QUEzRDUxMUUxQjk5N0MzQjVFRDMyQUE1MiIgeG1wTU06SW5zdGFuY2VJRD0ieG1wLmlpZDpDODdDM0Y0OUEzRDUxMUUxQjk5N0MzQjVFRDMyQUE1MiIgeG1wOkNyZWF0b3JUb29sPSJBZG9iZSBQaG90b3Nob3AgQ1M2IChXaW5kb3dzKSI+IDx4bXBNTTpEZXJpdmVkRnJvbSBzdFJlZjppbnN0YW5jZUlEPSJ4bXAuaWlkOjQ4MTZDRTNCRDVBM0UxMTFBQTI2QTBCMjZENzg1Qzg5IiBzdFJlZjpkb2N1bWVudElEPSJ4bXAuZGlkOkJCNTQ2NThCMjJBM0UxMTFCQjlGOTlCRDhGRDlFQkVCIi8+IDwvcmRmOkRlc2NyaXB0aW9uPiA8L3JkZjpSREY+IDwveDp4bXBtZXRhPiA8P3hwYWNrZXQgZW5kPSJyIj8+yj6RYgAAAPZJREFUeNp0kM8KgkAQxmc1E0Wfo3vQn5eRSDx4EUHwbTpEhx4lil7DiydBQUFXp5nAMNsGhpnd/X77za4Iw3CFiFcAWFMFDkXtKZ/UHhfUnB3HWdu2/REpAL2u631ZlicGdpZlwTAMSmBM0zS5bhgQLB5FU3AOUS4XvNn3vVKgAACCIMA0TbFpGsyyDJMkefdFUWAcx1hVFeZ5jlEUoed5qPEI7KDrOhiG8e6llNC27Zcz77FW+L6Pruv+WKtGIzfgR39umv/UHOJgAMlO/BPOXCQDD5p3r2ma8lvHNU9BcWPg0HXdhRZbOhRT8aSXVO9U/ZcAAwAsmjsSQcM0lwAAAABJRU5ErkJggg==) " ";}
.successful.label th:first-child:before, .successful.label td:first-child:before {content:url(data:image/png;base64,iVBORw0KGgoAAAANSUhEUgAAAAwAAAAMCAYAAABWdVznAAAAGXRFWHRTb2Z0d2FyZQBBZG9iZSBJbWFnZVJlYWR5ccllPAAAA2ZpVFh0WE1MOmNvbS5hZG9iZS54bXAAAAAAADw/eHBhY2tldCBiZWdpbj0i77u/IiBpZD0iVzVNME1wQ2VoaUh6cmVTek5UY3prYzlkIj8+IDx4OnhtcG1ldGEgeG1sbnM6eD0iYWRvYmU6bnM6bWV0YS8iIHg6eG1wdGs9IkFkb2JlIFhNUCBDb3JlIDUuMy1jMDExIDY2LjE0NTY2MSwgMjAxMi8wMi8wNi0xNDo1NjoyNyAgICAgICAgIj4gPHJkZjpSREYgeG1sbnM6cmRmPSJodHRwOi8vd3d3LnczLm9yZy8xOTk5LzAyLzIyLXJkZi1zeW50YXgtbnMjIj4gPHJkZjpEZXNjcmlwdGlvbiByZGY6YWJvdXQ9IiIgeG1sbnM6eG1wTU09Imh0dHA6Ly9ucy5hZG9iZS5jb20veGFwLzEuMC9tbS8iIHhtbG5zOnN0UmVmPSJodHRwOi8vbnMuYWRvYmUuY29tL3hhcC8xLjAvc1R5cGUvUmVzb3VyY2VSZWYjIiB4bWxuczp4bXA9Imh0dHA6Ly9ucy5hZG9iZS5jb20veGFwLzEuMC8iIHhtcE1NOk9yaWdpbmFsRG9jdW1lbnRJRD0ieG1wLmRpZDpCQjU0NjU4QjIyQTNFMTExQkI5Rjk5QkQ4RkQ5RUJFQiIgeG1wTU06RG9jdW1lbnRJRD0ieG1wLmRpZDpEMDVBNThBQUEzRDUxMUUxQjdCQkM2QUNBMTNBMDExNiIgeG1wTU06SW5zdGFuY2VJRD0ieG1wLmlpZDpEMDVBNThBOUEzRDUxMUUxQjdCQkM2QUNBMTNBMDExNiIgeG1wOkNyZWF0b3JUb29sPSJBZG9iZSBQaG90b3Nob3AgQ1M2IChXaW5kb3dzKSI+IDx4bXBNTTpEZXJpdmVkRnJvbSBzdFJlZjppbnN0YW5jZUlEPSJ4bXAuaWlkOjQ4MTZDRTNCRDVBM0UxMTFBQTI2QTBCMjZENzg1Qzg5IiBzdFJlZjpkb2N1bWVudElEPSJ4bXAuZGlkOkJCNTQ2NThCMjJBM0UxMTFCQjlGOTlCRDhGRDlFQkVCIi8+IDwvcmRmOkRlc2NyaXB0aW9uPiA8L3JkZjpSREY+IDwveDp4bXBtZXRhPiA8P3hwYWNrZXQgZW5kPSJyIj8+xJ3YrgAAAYBJREFUeNpsUrtKA1EQPZtdY4gEQiD4QCsLEVGX4CP4AykEq1hYiGghCDZ+gBZWVtrZ+EAjaGOhfoAkNiaKhYWICilMEQNqoYjZ5O4d5+6ucQuLM3funDNzD7OrLe229YBwSKAEnyAP/pyIbL5fcz5rcNiLtuqJSEz3ickn5ruE/vFmJ9/LYjvAldGWqA7bJkgPtoAHQrS5G6NdiwhFWCoxHOCgKUL+iurkCBVawyamE8d4qmSZ51clBZUlh+RG14JzEsJNcaTNLVwWd1B6vXXqkmGoYNeVUPnW3JNr4+YarPoncvebEAKNekAlokaY6N/A1NA+SBgY6Eijtz2Fs5sVWNWawysorWNJsO+q9QWzaxLTYwfojA3isZzDfSnrWvTsNiyp7pOrZURC7ejrTDEpcVpY9ab+NSioLZEiapZA5nwBxZcC8g9HeK7ccYM7TDnwmoU2vx6/NIJaUjc0b0u8YvJNle5HdJvlhbI0Y31ThqsjTGr0/+8hOOQ5nfsRYACtHiy+FDd82wAAAABJRU5ErkJggg==) " "}
/*.successful.label a:before {content:url(data:image/png;base64,iVBORw0KGgoAAAANSUhEUgAAAAwAAAAMCAYAAABWdVznAAAAGXRFWHRTb2Z0d2FyZQBBZG9iZSBJbWFnZVJlYWR5ccllPAAAA2ZpVFh0WE1MOmNvbS5hZG9iZS54bXAAAAAAADw/eHBhY2tldCBiZWdpbj0i77u/IiBpZD0iVzVNME1wQ2VoaUh6cmVTek5UY3prYzlkIj8+IDx4OnhtcG1ldGEgeG1sbnM6eD0iYWRvYmU6bnM6bWV0YS8iIHg6eG1wdGs9IkFkb2JlIFhNUCBDb3JlIDUuMy1jMDExIDY2LjE0NTY2MSwgMjAxMi8wMi8wNi0xNDo1NjoyNyAgICAgICAgIj4gPHJkZjpSREYgeG1sbnM6cmRmPSJodHRwOi8vd3d3LnczLm9yZy8xOTk5LzAyLzIyLXJkZi1zeW50YXgtbnMjIj4gPHJkZjpEZXNjcmlwdGlvbiByZGY6YWJvdXQ9IiIgeG1sbnM6eG1wTU09Imh0dHA6Ly9ucy5hZG9iZS5jb20veGFwLzEuMC9tbS8iIHhtbG5zOnN0UmVmPSJodHRwOi8vbnMuYWRvYmUuY29tL3hhcC8xLjAvc1R5cGUvUmVzb3VyY2VSZWYjIiB4bWxuczp4bXA9Imh0dHA6Ly9ucy5hZG9iZS5jb20veGFwLzEuMC8iIHhtcE1NOk9yaWdpbmFsRG9jdW1lbnRJRD0ieG1wLmRpZDpCQjU0NjU4QjIyQTNFMTExQkI5Rjk5QkQ4RkQ5RUJFQiIgeG1wTU06RG9jdW1lbnRJRD0ieG1wLmRpZDpEMDVBNThBQUEzRDUxMUUxQjdCQkM2QUNBMTNBMDExNiIgeG1wTU06SW5zdGFuY2VJRD0ieG1wLmlpZDpEMDVBNThBOUEzRDUxMUUxQjdCQkM2QUNBMTNBMDExNiIgeG1wOkNyZWF0b3JUb29sPSJBZG9iZSBQaG90b3Nob3AgQ1M2IChXaW5kb3dzKSI+IDx4bXBNTTpEZXJpdmVkRnJvbSBzdFJlZjppbnN0YW5jZUlEPSJ4bXAuaWlkOjQ4MTZDRTNCRDVBM0UxMTFBQTI2QTBCMjZENzg1Qzg5IiBzdFJlZjpkb2N1bWVudElEPSJ4bXAuZGlkOkJCNTQ2NThCMjJBM0UxMTFCQjlGOTlCRDhGRDlFQkVCIi8+IDwvcmRmOkRlc2NyaXB0aW9uPiA8L3JkZjpSREY+IDwveDp4bXBtZXRhPiA8P3hwYWNrZXQgZW5kPSJyIj8+xJ3YrgAAAYBJREFUeNpsUrtKA1EQPZtdY4gEQiD4QCsLEVGX4CP4AykEq1hYiGghCDZ+gBZWVtrZ+EAjaGOhfoAkNiaKhYWICilMEQNqoYjZ5O4d5+6ucQuLM3funDNzD7OrLe229YBwSKAEnyAP/pyIbL5fcz5rcNiLtuqJSEz3ickn5ruE/vFmJ9/LYjvAldGWqA7bJkgPtoAHQrS5G6NdiwhFWCoxHOCgKUL+iurkCBVawyamE8d4qmSZ51clBZUlh+RG14JzEsJNcaTNLVwWd1B6vXXqkmGoYNeVUPnW3JNr4+YarPoncvebEAKNekAlokaY6N/A1NA+SBgY6Eijtz2Fs5sVWNWawysorWNJsO+q9QWzaxLTYwfojA3isZzDfSnrWvTsNiyp7pOrZURC7ejrTDEpcVpY9ab+NSioLZEiapZA5nwBxZcC8g9HeK7ccYM7TDnwmoU2vx6/NIJaUjc0b0u8YvJNle5HdJvlhbI0Y31ThqsjTGr0/+8hOOQ5nfsRYACtHiy+FDd82wAAAABJRU5ErkJggg==) " "}*/

.xspecResult { width: 90%; table-layout: fixed; }

.xspecResult td,
.xspecResult th { width: 50%; }

/*.xspecResult pre { 
  margin-left: 0; 
  padding: 0.5em; 
  overflow: auto; 
  border: 1px #999 dotted;
}*/

span.scenario-totals {float: right; width: 14.5%; text-align: left}

/* OXYGEN */
span.scenario-totals {float: right; width: 34.5%; text-align: right}

h2.failed {
    background-color: #FCC;
}

h1, h2 {
    width: 86%;
    /*margin-left: 3%;*/
    
    font-size:1.4em;
    font-weight:bold;
    text-align:left;
    margin-top:1.4em;
    margin-bottom:0.7em;
    color:#333333;
    background-color:inherit;
}

h1 {
    font-size:1.7em;
}

body &gt; h1:first-child:before {
    content:"XSLT UNIT ";
}

body &gt; h2:first-of-type {
    font-size:1.7em;
}

div &gt; table &gt; tbody &gt; tr &gt; th:first-child {
    font-weight:bold;
}

div &gt; h3 {
    font-weight:bold;
    /*margin-left: 3%;*/
}

div &gt; h4 {
    font-weight:normal;
    /*margin-left: 4%;*/
}

th.result { text-align: center; }
/* OXYGEN */


/* ------------------------------------------------------------------------ */
/*  DO NOT ALTER OR REMOVE COPYRIGHT NOTICES OR THIS COMMENT.               */
/*                                                                          */
/*  Copyright (c) 2008, 2010 Jeni Tennsion                                  */
/*                                                                          */
/*  The contents of this file are subject to the MIT License (see the URI   */
/*  http://www.opensource.org/licenses/mit-license.php for details).        */
/*                                                                          */
/*  Permission is hereby granted, free of charge, to any person obtaining   */
/*  a copy of this software and associated documentation files (the         */
/*  "Software"), to deal in the Software without restriction, including     */
/*  without limitation the rights to use, copy, modify, merge, publish,     */
/*  distribute, sublicense, and/or sell copies of the Software, and to      */
/*  permit persons to whom the Software is furnished to do so, subject to   */
/*  the following conditions:                                               */
/*                                                                          */
/*  The above copyright notice and this permission notice shall be          */
/*  included in all copies or substantial portions of the Software.         */
/*                                                                          */
/*  THE SOFTWARE IS PROVIDED "AS IS", WITHOUT WARRANTY OF ANY KIND,         */
/*  EXPRESS OR IMPLIED, INCLUDING BUT NOT LIMITED TO THE WARRANTIES OF      */
/*  MERCHANTABILITY, FITNESS FOR A PARTICULAR PURPOSE AND NONINFRINGEMENT.  */
/*  IN NO EVENT SHALL THE AUTHORS OR COPYRIGHT HOLDERS BE LIABLE FOR ANY    */
/*  CLAIM, DAMAGES OR OTHER LIABILITY, WHETHER IN AN ACTION OF CONTRACT,    */
/*  TORT OR OTHERWISE, ARISING FROM, OUT OF OR IN CONNECTION WITH THE       */
/*  SOFTWARE OR THE USE OR OTHER DEALINGS IN THE SOFTWARE.                  */
/* ------------------------------------------------------------------------ */

.nobr { white-space: nowrap; }
.scenario-label { text-indent: 0px; }
.context-label { text-indent: 10px; }
.test-label { text-indent: 20px; }
.pending-label { text-indent: 30px; }


        /**/</style>
    </head><body><h1>Test Report</h1><p>Script: <a>file:/home/jostein/xprocspec/src/test/xprocspec/tests/call-1.xprocspec</a></p><p>Tested: 2013-09-02T14:16:57.741+02:00</p><h2>Contents</h2><table><col/><col/><col/><col/><col/><col/><thead><tr><th/><th>passed:3</th><th>pending:0</th><th>failed:0</th><th>errors:0</th><th>total:3</th></tr></thead><tbody><tr><th><a>ex:identity</a></th><th>3</th><th>0</th><th>0</th><th>0</th><th>3</th></tr></tbody></table><div><h2>Calling: <a>ex:identity</a><span>passed:3 / pending:0 /
                                        failed:0 / errors:0 / total:3</span></h2><table><col/><col/><tbody><tr><th>x:call with @step x:call with 'option' option x:call with 'option.required' option</th><th>passed:3 / pending:0 / failed:0 / errors:0 / total:3</th></tr><tr><th>errors</th><th>passed:1 / pending:0 / failed:0 / errors:0 / total:1</th></tr><tr><td>the step should execute successfully without throwing any errors</td><td>Success</td></tr><tr><th>the results</th><th>passed:2 / pending:0 / failed:0 / errors:0 / total:2</th></tr><tr><td>the option 'option' should have the value 'option-value'</td><td>Success</td></tr><tr><td>the option 'option.required' should have the value 'option-value'</td><td>Success</td></tr></tbody></table></div><h2>Execution log</h2><table><thead><tr><th>Time</th><th>Severity</th><th>Message</th></tr></thead><tbody><tr><td>0.000</td><td>INFO</td><td><code><pre>#### file:/home/jostein/xprocspec/src/test/xprocspec/tests/call-1.xprocspec ####</pre></code></td></tr><tr><td>0.005</td><td>INFO</td><td><code><pre> * temporary directory: file:/tmp/xprocspec-20130902141648008/</pre></code></td></tr><tr><td>0.009</td><td>INFO</td><td><code><pre>preprocessing...</pre></code></td></tr><tr><td>0.028</td><td>INFO</td><td><code><pre> * checking for imports</pre></code></td></tr><tr><td>0.034</td><td>INFO</td><td><code><pre> * checking file:/home/jostein/xprocspec/src/test/xprocspec/tests/call-1.xprocspec for imports</pre></code></td></tr><tr><td>0.039</td><td>INFO</td><td><code><pre> * extracting step declarations from file:/home/jostein/xprocspec/src/test/xprocspec/steps/identity.xpl</pre></code></td></tr><tr><td>0.045</td><td>INFO</td><td><code><pre> * tests reference 1 step</pre></code></td></tr><tr><td>0.050</td><td>INFO</td><td><code><pre>   * step: e:identity</pre></code></td></tr><tr><td>0.056</td><td>INFO</td><td><code><pre> * trying to load: file:/home/jostein/xprocspec/src/test/xprocspec/steps/identity.xpl</pre></code></td></tr><tr><td>0.062</td><td>INFO</td><td><code><pre>   * success!</pre></code></td></tr><tr><td>0.070</td><td>INFO</td><td><code><pre> * trying to extract the step declaration for {http://example.net/ns}identity from file:/home/jostein/xprocspec/src/test/xprocspec/steps/identity.xpl</pre></code></td></tr><tr><td>0.083</td><td>INFO</td><td><code><pre> * creating a new x:description document for each x:scenario element with inferred inputs, options and parameters</pre></code></td></tr><tr><td>0.098</td><td>INFO</td><td><code><pre> * validating output grammar</pre></code></td></tr><tr><td>0.112</td><td>INFO</td><td><code><pre>compiling...</pre></code></td></tr><tr><td>0.121</td><td>INFO</td><td><code><pre> * created directory using Calabash's cxf:mkdir</pre></code></td></tr><tr><td>0.128</td><td>INFO</td><td><code><pre> * converting test 'test1' to XProc</pre></code></td></tr><tr><td>0.142</td><td>INFO</td><td><code><pre>   * done</pre></code></td></tr><tr><td>0.149</td><td>INFO</td><td><code><pre> * validating output grammar for file:/home/jostein/xprocspec/src/test/xprocspec/tests/call-1.xprocspec</pre></code></td></tr><tr><td>0.163</td><td>INFO</td><td><code><pre>   * done!</pre></code></td></tr><tr><td>0.170</td><td>INFO</td><td><code><pre> * using as temporary directory: file:/tmp/xprocspec-20130902141648008/xprocspec-20130902141657288/</pre></code></td></tr><tr><td>0.176</td><td>INFO</td><td><code><pre>storing...</pre></code></td></tr><tr><td>0.186</td><td>INFO</td><td><code><pre>running...</pre></code></td></tr><tr><td>0.194</td><td>INFO</td><td><code><pre>   * loading 'file:/tmp/xprocspec-20130902141648008/test1.xpl'</pre></code></td></tr><tr><td>0.264</td><td>INFO</td><td><code><pre>evaluating...</pre></code></td></tr><tr><td>0.279</td><td>INFO</td><td><code><pre> * evaluating scenario 'x:call with @step x:call with 'option' option x:call with 'option.required' option' (file:/home/jostein/xprocspec/src/test/xprocspec/tests/call-1.xprocspec)</pre></code></td></tr><tr><td>0.287</td><td>INFO</td><td><code><pre>   * resolving x:document elements...</pre></code></td></tr><tr><td>0.299</td><td>INFO</td><td><code><pre>    * no errors occured</pre></code></td></tr><tr><td>0.331</td><td>INFO</td><td><code><pre>   * grouping x:expect elements with their x:context...</pre></code></td></tr><tr><td>0.342</td><td>INFO</td><td><code><pre>   * evaluating each context/expect group...</pre></code></td></tr><tr><td>0.350</td><td>INFO</td><td><code><pre>     * setting context to 'errors'</pre></code></td></tr><tr><td>0.358</td><td>INFO</td><td><code><pre>       * testing assertion 'the step should execute successfully without throwing any errors'</pre></code></td></tr><tr><td>0.366</td><td>INFO</td><td><code><pre>         * is document count assertion</pre></code></td></tr><tr><td>0.374</td><td>INFO</td><td><code><pre>         * assertion passed</pre></code></td></tr><tr><td>0.383</td><td>INFO</td><td><code><pre>     * setting context to 'the results'</pre></code></td></tr><tr><td>0.391</td><td>INFO</td><td><code><pre>       * testing assertion 'the option 'option' should have the value 'option-value''</pre></code></td></tr><tr><td>0.399</td><td>INFO</td><td><code><pre>         * is xpath assertion</pre></code></td></tr><tr><td>0.407</td><td>INFO</td><td><code><pre>           * evaluating against context item #1</pre></code></td></tr><tr><td>0.415</td><td>INFO</td><td><code><pre>             * success</pre></code></td></tr><tr><td>0.424</td><td>INFO</td><td><code><pre>         * assertion passed</pre></code></td></tr><tr><td>0.433</td><td>INFO</td><td><code><pre>       * testing assertion 'the option 'option.required' should have the value 'option-value''</pre></code></td></tr><tr><td>0.442</td><td>INFO</td><td><code><pre>         * is xpath assertion</pre></code></td></tr><tr><td>0.450</td><td>INFO</td><td><code><pre>           * evaluating against context item #1</pre></code></td></tr><tr><td>0.459</td><td>INFO</td><td><code><pre>             * success</pre></code></td></tr><tr><td>0.468</td><td>INFO</td><td><code><pre>         * assertion passed</pre></code></td></tr><tr><td>0.495</td><td>INFO</td><td><code><pre>reporting...</pre></code></td></tr></tbody></table><link/><script> </script><script>hljs.initHighlightingOnLoad();</script></body></html></x:document></x:output><x:output port="junit"><x:document xml:base="file:/home/jostein/xprocspec/src/main/resources/content/xml/xproc/report/report.xpl" type="inline"><testsuites><testsuite>
<properties>

<property/>
<property/>

</properties>
<testcase><system-out>the step should execute successfully without throwing any errors: SUCCESS</system-out>
<system-err/></testcase><testcase><system-out>the option 'option' should have the value 'option-value': SUCCESS</system-out>
<system-err/></testcase><testcase><system-out>the option 'option.required' should have the value 'option-value': SUCCESS</system-out>
<system-err/></testcase></testsuite></testsuites></x:document></x:output><x:test-result contextref="errors" result="passed" max="0" label="the step should execute successfully without throwing any errors" type="count">
                                                        <x:expected>At most 0 documents.</x:expected>
                                                    <x:was>0</x:was></x:test-result><x:test-result contextref="context6" result="passed" test="not(/*/@tests='0') and /*/@failures='0' and /*/@errors='0'" label="there should be at least one test, and none of the tests should fail" type="xpath">
                                                        <x:expected>XPath: true()
Value: </x:expected>
                                                    
                                                        <x:was>XPath: not(/*/@tests='0') and /*/@failures='0' and /*/@errors='0'
Value: </x:was>
                                                    </x:test-result></x:description><x:description xmlns:cx="http://xmlcalabash.com/ns/extensions" xmlns:c="http://www.w3.org/ns/xproc-step" xml:base="file:/home/jostein/xprocspec/src/test/xprocspec/test.xprocspec" test-base-uri="file:/home/jostein/xprocspec/src/test/xprocspec/test.xprocspec" script="file:/home/jostein/xprocspec/src/main/resources/content/xml/xproc/xprocspec.xpl" test-grammar="xprocspec" temp-dir="file:/tmp/xprocspec-20130902141648008/"><x:step-declaration><p:declare-step xmlns:p="http://www.w3.org/ns/xproc" xmlns:px="http://www.daisy.org/ns/xprocspec" xmlns:pxi="http://www.daisy.org/ns/xprocspec/xproc-internal/" xmlns:pkg="http://expath.org/ns/pkg" type="px:xprocspec" name="main" version="1.0" xpath-version="2.0" pkg:import-uri="http://www.daisy.org/ns/xprocspec/xprocspec.xpl" x:type="{http://www.daisy.org/ns/xprocspec}xprocspec"><p:input port="source" kind="document" sequence="false" primary="true"/><p:output port="result" kind="document" sequence="false" primary="false"><p:pipe port="result" step="report"/></p:output><p:output port="html" kind="document" sequence="false" primary="false"><p:pipe port="html" step="report"/></p:output><p:output port="junit" kind="document" sequence="false" primary="false"><p:pipe port="junit" step="report"/></p:output><p:option name="temp-dir" select="'file:/tmp/'"/></p:declare-step></x:step-declaration><x:scenario end-time="2013-09-02T12:16:58.514Z" label="the call element - step attribute pointing to step declared in an XProc library" start-time="2013-09-02T12:16:58.044Z"><x:call x:type="{http://www.daisy.org/ns/xprocspec}xprocspec" step="x:xprocspec"><x:option select="$temp-dir" name="temp-dir" value="file:/tmp/xprocspec-20130902141648008/"/><x:input port="source">
                    <x:document xml:base="file:/home/jostein/xprocspec/src/test/xprocspec/test.xprocspec" type="inline"><?xml-model href="http://www.daisy.org/ns/xprocspec/xprocspec.rng" type="application/xml" schematypens="http://relaxng.org/ns/structure/1.0"?><x:description xmlns:e="http://example.net/ns" script="../steps/identity-library.xpl">
    
    <x:scenario label="identity">
        <x:call step="e:identity-2"/>
        <x:context label="the results">
            <x:document type="port" port="result"/>
        </x:context>
        <x:expect type="xpath" label="the contents of the output element should be 'Hello world! #2'" test="/*/text()='Hello world! #2'"/>
    </x:scenario>
    
</x:description></x:document>
                </x:input></x:call>
                                                <x:context label="errors" id="errors">
                                                    
                                                </x:context>
                                            
                                                <x:expect type="count" label="the step should execute successfully without throwing any errors" max="0" contextref="errors"/>
                                            <x:context label="the junit output port" id="context7">
                <x:document xml:base="file:/home/jostein/xprocspec/src/main/resources/content/xml/xproc/report/report.xpl" type="inline"><testsuites tests="2" failures="0" time="0.386" errors="0" name="call2"><testsuite timestamp="2013-09-02T12:16:58.443Z" hostname="localhost" tests="2" errors="0" failures="0" skipped="0" id="d19572e1" name="identity" package="http://example.net/ns" time="0.002">
<properties>


</properties>
<testcase name="theStepShouldExecuteSuccessfullyWithoutThrowingAnyErrors" classname="identity-2" assertions="1" time="0" status="SUCCESS"><system-out>the step should execute successfully without throwing any errors: SUCCESS</system-out>
<system-err/></testcase><testcase name="theContentsOfTheOutputElementShouldBeHelloWorld2" classname="identity-2" assertions="1" time="0" status="SUCCESS"><system-out>the contents of the output element should be 'Hello world! #2': SUCCESS</system-out>
<system-err/></testcase></testsuite></testsuites></x:document>
            </x:context><x:expect label="there should be at least one test, and none of the tests should fail" type="xpath" test="not(/*/@tests='0') and /*/@failures='0' and /*/@errors='0'" contextref="context7"/></x:scenario><x:output port="result"><x:document xml:base="file:/home/jostein/xprocspec/src/main/resources/content/xml/xproc/report/report.xpl" type="inline"><x:test-report><x:description><x:step-declaration><p:declare-step xmlns:p="http://www.w3.org/ns/xproc" xmlns:ex="http://example.net/ns"><p:input><p:inline>
                <doc>Hello world! #2</doc>
            </p:inline></p:input><p:output/></p:declare-step></x:step-declaration><x:scenario xmlns:e="http://example.net/ns"><x:call/>
                                                <x:context>
                                                    
                                                </x:context>
                                            
                                                <x:expect/>
                                            <x:context>
            <x:document>
                <doc xmlns:ex="http://example.net/ns">Hello world! #2</doc>
            </x:document>
        </x:context><x:expect/></x:scenario><x:output><x:document>
                <doc xmlns:ex="http://example.net/ns">Hello world! #2</doc>
            </x:document></x:output><x:test-result>
                                                        <x:expected>At most 0 documents.</x:expected>
                                                    <x:was>0</x:was></x:test-result><x:test-result>
                                                        <x:expected>XPath: true()
Value: </x:expected>
                                                    
                                                        <x:was>XPath: /*/text()='Hello world! #2'
Value: </x:was>
                                                    </x:test-result></x:description></x:test-report></x:document></x:output><x:output port="html"><x:document xml:base="file:/home/jostein/xprocspec/src/main/resources/content/xml/xproc/report/report-template.xhtml" type="inline"><html xmlns="http://www.w3.org/1999/xhtml"><head><title>Test Report for file:/home/jostein/xprocspec/src/test/xprocspec/tests/call-2.xprocspec (passed:2 / pending:0 / failed:0 / errors:0 / total:2)</title>
        <meta/>
        <style>/**/
/****************************************************************************/
/*  File:       test-report.css                                             */
/*  Author:     Jeni Tennsion                                               */
/*  URI:        http://xspec.googlecode.com/                                */
/*  Tags:                                                                   */
/*    Copyright (c) 2008, 2010 Jeni Tennsion (see end of file.)             */
/* ------------------------------------------------------------------------ */


/* test */

/* box model */

body {
	margin-right: 1em;
	/*margin-left: 10%;*/
	}

h1 {
	padding: 0.3em 0.5em 0.3em 0.5em;
	position: relative;
	}

h2 {
	padding: 0.1em 0.5em 0.2em 0.5em;
	}

h3 {
	padding-left: 0.6em;
	}

h4 {
	padding-left: 0.8em;
	}

p, table {
	/*margin-left: 5%;*/
	}

dd ul, dd ol {
	margin-left: 0%;
	}

li ul, li ol {
	/*margin-left: 5%;*/
	}

dl, ul, ol, blockquote {
	/*margin-left: 10%;*/
	}

dt {
  padding-top: 3px;
  padding-bottom: 3px;
	clear: both;
	}

dd p {
	/*margin-left: -5px;*/
	margin-top: 5px;
	clear: both;
	}

p.link {
	margin-top: 4px;
	margin-bottom: 0px;
	clear: both;
	}

tr td, td p, li, li p {
	margin-left: 0%;
	}

td:nth-child(2) {
	padding-left: 5%;
	}

.link img, dt img {
	vertical-align: middle;
	position: relative;
	top: -5px;
	}

img {
	position: relative;
	}

#xml-link {
	position: absolute;
	left: 5px;
	top: 5px;
	width: 10%;
	margin-left: 0%;
	}

#link-up {
	position: absolute;
	left: 93%;
	right: 2em;
	top: 0.3em;
	}

#link-top {
	position: absolute;
	left: 89%;
	right: 4em;
	top: 0.3em;
	}
	
.popup {
	display: block;
	visibility: hidden;
	float: right;
	position: absolute;
	top: 5px;
	left: -200px;
	z-index: 1;
	padding: 0.3em;
	width: 220px;
	}

.note {
	position: relative;
	}

.post {
	/*margin-left: 5%;*/
	padding-top: 1em;
	}
	
.example, .sidebar {
  /*margin-left: 5%;*/
  margin-top: 1em;
  margin-bottom: 1em;
  }

/*pre {
	padding-left: 5%;
	margin-left: 5%;
	}*/

/*dd pre, li pre {
	padding-left: 5%;
	}*/

/* fonts */
/* Oxygen  */
body, table {
    font-family:arial, helvetica, sans-serif;
    font-size:12px;
}
/* Oxygen  */

/*body {
	font-family: Verdana, arial, sans-serif;
	font-size: small;
	}*/	

/*h1, h2, h3, h4, h5, h6 {
	font-family: 'trebuchet MS', arial, sans-serif;
	}*/

h1 {
	font-size: 173%;
	font-weight: bold;
	}

h2 {
	font-size: 144%;
	font-weight: normal;
	}

h3 {
	font-size: 120%;
	font-weight: normal;
	}

h4 {
  font-size: 100%;
  font-weight: bold;
}

dt {
	font-weight: bold;
	}

a:link, a:visited, a:active, a:hover {
	font-weight: bold;
	}

a.offsite:link, a.offsite:visited, a.offsite:active, a.offsite:hover {
	font-weight: normal;
	}

/* suppress the normal italics */
address {
	font-style: normal;
	}

div.example, .sidebar {
  font-family: Verdana, arial, sans-serif;
  font-size: 100%;
  }


.note, .link {
	font-family: Verdana, arial, sans-serif;
	/*font-size: 83%;*/
	}

/*.example, .string, .rtf, .code, pre, code {
	font-family: "Lucida Console", "Courier New", monospace;*/
  /*font-size: 83%;*/
/*	}*/

.boolean {
	font-style: italic;
	}

#colophon, #xml-link {
	font-size: 69%;
	}

.question, .title {
	font-weight: bold;
	}

/* colours */
body {
	background-color: white;
	color: black;
	border: 0px none black;
	}

/* this is to make Navigator fill the entire line */
h1, h2 {
	border: 1px solid white;
	width: auto;
	}

h1 {
	/*background: #606;*/
	/*color: #6F6;*/
	}

h2 {
	color: #606;
	/*background: #CFC;*/
	}

hr {
	color: #606;
	background: white;
	}

img, a:link img, a:visited img, a:hover img, a:active img, #link-up img, #link-top img {
	border: 0px none white;
	background: transparent;
	}

/* OXYGEN */
a, a:visited {
    color:rgb(0, 0, 150);
    background-color:inherit;
    font-weight: bold;
}
a:link, a:visited {
    text-decoration:none; 
}
a:hover {
    text-decoration:underline;
}

/* OXYGEN */

a.img:hover, a.img:active {
	background: transparent;
	}

#colophon, #xml-link, .note {
	color: #666;
	}

#colophon a:link, #colophon a:visited, #colophon a:hover,
#xml-link a:link, #xml-link a:visited, #xml-link a:hover,
.note a:link, .note a:visited, .note a:hover {
	color: #969;
	background: transparent;
	}

#colophon a:hover, #xml-link a:hover, .note a:hover {
	background: #CFC;
	color: #969;
	}

.popup {
	background: white;
	border: 1px solid #606;
	}

.post {
	border-top: 2px solid #606;
	}
	
.example {
  border-top: 2px solid #606;
  border-bottom: 2px solid #606;
  }
  
.sidebar {
  border-top: 2px solid #090;
  border-bottom: 2px solid #090;
  }
  
.rng {
  border-left: 2px solid #666;
  }

.same {
  background-color: rgb(206, 239, 174);
}

.diff {
  background-color: #FCC;
}

.whitespace {
	font-style: italic;
	color: #999;
	background: white;
}

.ignored {
  font-style: italic;
  color: #999;
  background: white;
}

.hit {
}

.missed {
  background-color: #A33;
  color: white;
}

/* text */
ol ol li {
	list-style: lower-alpha;
	}

th {
	text-align: left;
	}

td {
	vertical-align: top;
	}

h1 {
	text-transform: uppercase;
	}

h2, h3 {
	/*text-transform: capitalize;*/
	}

.question {
	text-indent: -33px;
	}

.byline {
	text-align: right;
	}

#link-top, #link-up {
	text-align: right;
	}

a {
	text-decoration: none;
	}

table { width: 85%;
        /* border: collapse; */ }

th { text-align: left; }

.xspec tbody th { font-weight: normal; /*font-size: 0.8em;*/ border-top: 1px #666 solid; }
.xspec tbody td { /*font-size: 0.8em;*/ color: #666; }

.successful.label th, .successful.label td { background-color: #CFC; }
.pending.label th, .pending.label td { background-color: #DDD; color: #666; }
.failed.label th, .failed.label td { background-color: #FCC; }
.error.label th, .error.label td { background-color: #FAA; }
/*body &gt; table tbody .failed.label th:first-child:before {content:url(data:image/png;base64,iVBORw0KGgoAAAANSUhEUgAAAAwAAAAMCAYAAABWdVznAAAAGXRFWHRTb2Z0d2FyZQBBZG9iZSBJbWFnZVJlYWR5ccllPAAAA2ZpVFh0WE1MOmNvbS5hZG9iZS54bXAAAAAAADw/eHBhY2tldCBiZWdpbj0i77u/IiBpZD0iVzVNME1wQ2VoaUh6cmVTek5UY3prYzlkIj8+IDx4OnhtcG1ldGEgeG1sbnM6eD0iYWRvYmU6bnM6bWV0YS8iIHg6eG1wdGs9IkFkb2JlIFhNUCBDb3JlIDUuMy1jMDExIDY2LjE0NTY2MSwgMjAxMi8wMi8wNi0xNDo1NjoyNyAgICAgICAgIj4gPHJkZjpSREYgeG1sbnM6cmRmPSJodHRwOi8vd3d3LnczLm9yZy8xOTk5LzAyLzIyLXJkZi1zeW50YXgtbnMjIj4gPHJkZjpEZXNjcmlwdGlvbiByZGY6YWJvdXQ9IiIgeG1sbnM6eG1wTU09Imh0dHA6Ly9ucy5hZG9iZS5jb20veGFwLzEuMC9tbS8iIHhtbG5zOnN0UmVmPSJodHRwOi8vbnMuYWRvYmUuY29tL3hhcC8xLjAvc1R5cGUvUmVzb3VyY2VSZWYjIiB4bWxuczp4bXA9Imh0dHA6Ly9ucy5hZG9iZS5jb20veGFwLzEuMC8iIHhtcE1NOk9yaWdpbmFsRG9jdW1lbnRJRD0ieG1wLmRpZDpCQjU0NjU4QjIyQTNFMTExQkI5Rjk5QkQ4RkQ5RUJFQiIgeG1wTU06RG9jdW1lbnRJRD0ieG1wLmRpZDpEQTUyOTdBQUEzRDUxMUUxQTQwN0YzMUI0Nzg3NDU1RSIgeG1wTU06SW5zdGFuY2VJRD0ieG1wLmlpZDpEQTUyOTdBOUEzRDUxMUUxQTQwN0YzMUI0Nzg3NDU1RSIgeG1wOkNyZWF0b3JUb29sPSJBZG9iZSBQaG90b3Nob3AgQ1M2IChXaW5kb3dzKSI+IDx4bXBNTTpEZXJpdmVkRnJvbSBzdFJlZjppbnN0YW5jZUlEPSJ4bXAuaWlkOjQ4MTZDRTNCRDVBM0UxMTFBQTI2QTBCMjZENzg1Qzg5IiBzdFJlZjpkb2N1bWVudElEPSJ4bXAuZGlkOkJCNTQ2NThCMjJBM0UxMTFCQjlGOTlCRDhGRDlFQkVCIi8+IDwvcmRmOkRlc2NyaXB0aW9uPiA8L3JkZjpSREY+IDwveDp4bXBtZXRhPiA8P3hwYWNrZXQgZW5kPSJyIj8+aHNJrgAAAZ1JREFUeNpsUssrRGEU/907985YMDPNYlh4hbKZPMdgR3aysrGSSFIeKyUKpewoRTYkmcgCf4MsMI2FPDYGKeUZSoru4/uc82VC+W7fOeee+zvn/M45V1uuyCmVwDogq0hDklD6jy1dspNkdxokVrIzPFUh0/MD5OdXoJDwPFtu3d2ns6TTp9oggTlFZlmN0o4AHMmXfJGo0lmGzoE1OgmNHf5YA8rmN5HfM6wADmUuHphA9cIW/JX1yiek9DIlyijxkNjBzXYche19gNcHzfShoLUdVxtLuD/cYzCoMAzCwqYrhMDx9Chs20JRWzf4nMcXcDI3pYAqQHIAtWUJbpKursMMhpA+RiAEGzpc4X5XkDB4GjaHmiZik/PIa2rBEWVlSuW9Q+T3YndskBi46QpQFcLltchtbEZyZhxna4uKhmV9Ito/gtPNOG4P99WItdlIWARNXWOAv6AEr9cplel7/ggUleDlMqUSvNnCobHKxDsNnqs8XaWUZopp/XhxTkOR+HDVOveYUge9rNLyY9SU9v+vwXuUB2R0fQkwABfn/VKSjTLBAAAAAElFTkSuQmCC) " "}*/
/*body &gt; table tbody .error.label th:first-child:before {content:url(data:image/png;base64,iVBORw0KGgoAAAANSUhEUgAAAAwAAAAMCAYAAABWdVznAAAABmJLR0QAAAAAAAD5Q7t/AAAACXBIWXMAAAsTAAALEwEAmpwYAAAAB3RJTUUH3QcKER4AdkxvvQAAAdVJREFUKM89kM9KG0EAh7/JTHazZInEQwJ68KIWLx6Etj6EjxAobYSsD+BjCJ682EOp0FMueYmS0FMICF4i6tFNzJ/dyRh2Znoo6Xf+Pn7wEzc3Nx/W6/UvY8xJnudkWYa1Fu893nviOCaKIhuG4R/v/Ve1Xq9/bG1tnezs7JDnOVpr3t/fcc4hpaRSqVCpVORqtTp9e3v7rrTWn5vNJpPJhHK5zHg8JssyvPeEYcjR0RFpmlKr1ZjP5x9Li8VCbOR2u83BwQEvLy88PT1xfHzMxcUFQgjSNCXLskDlec5sNuPx8REpJZ1Oh+fnZ4QQnJ+fc319Tb/fZ29vD601SmvNdDplsVhwe3vLaDTi6uoKgCRJGAwGNBoNXl9fMcZQcs5hjGG1WpHnObVajQ3VahWtNcYYjDE451Cb+7z3JElCkiScnZ0hpaTX67G7u0u328V7/y+oVqsIITg8PKTT6dBqtRgOhzjnaLVa3N3dcX9/z3K5JI5jxOXlpSuKQqRpirWWh4eH//Plcpn9/X2cc2xvb1MqlQqllBpYa0/jOGYymdBsNsmyDOccURRRFAX1eh2lFGEY/lZBEHyx1v703n8KgkBEUYSUEu/9RkIIUQRB0A/D8NtflUT+nn4OS+0AAAAASUVORK5CYII=) " "}*/
.failed.label th:first-child:before, .failed.label td:first-child:before {content:url(data:image/png;base64,iVBORw0KGgoAAAANSUhEUgAAAAwAAAAMCAYAAABWdVznAAAAGXRFWHRTb2Z0d2FyZQBBZG9iZSBJbWFnZVJlYWR5ccllPAAAA2ZpVFh0WE1MOmNvbS5hZG9iZS54bXAAAAAAADw/eHBhY2tldCBiZWdpbj0i77u/IiBpZD0iVzVNME1wQ2VoaUh6cmVTek5UY3prYzlkIj8+IDx4OnhtcG1ldGEgeG1sbnM6eD0iYWRvYmU6bnM6bWV0YS8iIHg6eG1wdGs9IkFkb2JlIFhNUCBDb3JlIDUuMy1jMDExIDY2LjE0NTY2MSwgMjAxMi8wMi8wNi0xNDo1NjoyNyAgICAgICAgIj4gPHJkZjpSREYgeG1sbnM6cmRmPSJodHRwOi8vd3d3LnczLm9yZy8xOTk5LzAyLzIyLXJkZi1zeW50YXgtbnMjIj4gPHJkZjpEZXNjcmlwdGlvbiByZGY6YWJvdXQ9IiIgeG1sbnM6eG1wTU09Imh0dHA6Ly9ucy5hZG9iZS5jb20veGFwLzEuMC9tbS8iIHhtbG5zOnN0UmVmPSJodHRwOi8vbnMuYWRvYmUuY29tL3hhcC8xLjAvc1R5cGUvUmVzb3VyY2VSZWYjIiB4bWxuczp4bXA9Imh0dHA6Ly9ucy5hZG9iZS5jb20veGFwLzEuMC8iIHhtcE1NOk9yaWdpbmFsRG9jdW1lbnRJRD0ieG1wLmRpZDpCQjU0NjU4QjIyQTNFMTExQkI5Rjk5QkQ4RkQ5RUJFQiIgeG1wTU06RG9jdW1lbnRJRD0ieG1wLmRpZDpEQTUyOTdBQUEzRDUxMUUxQTQwN0YzMUI0Nzg3NDU1RSIgeG1wTU06SW5zdGFuY2VJRD0ieG1wLmlpZDpEQTUyOTdBOUEzRDUxMUUxQTQwN0YzMUI0Nzg3NDU1RSIgeG1wOkNyZWF0b3JUb29sPSJBZG9iZSBQaG90b3Nob3AgQ1M2IChXaW5kb3dzKSI+IDx4bXBNTTpEZXJpdmVkRnJvbSBzdFJlZjppbnN0YW5jZUlEPSJ4bXAuaWlkOjQ4MTZDRTNCRDVBM0UxMTFBQTI2QTBCMjZENzg1Qzg5IiBzdFJlZjpkb2N1bWVudElEPSJ4bXAuZGlkOkJCNTQ2NThCMjJBM0UxMTFCQjlGOTlCRDhGRDlFQkVCIi8+IDwvcmRmOkRlc2NyaXB0aW9uPiA8L3JkZjpSREY+IDwveDp4bXBtZXRhPiA8P3hwYWNrZXQgZW5kPSJyIj8+aHNJrgAAAZ1JREFUeNpsUssrRGEU/907985YMDPNYlh4hbKZPMdgR3aysrGSSFIeKyUKpewoRTYkmcgCf4MsMI2FPDYGKeUZSoru4/uc82VC+W7fOeee+zvn/M45V1uuyCmVwDogq0hDklD6jy1dspNkdxokVrIzPFUh0/MD5OdXoJDwPFtu3d2ns6TTp9oggTlFZlmN0o4AHMmXfJGo0lmGzoE1OgmNHf5YA8rmN5HfM6wADmUuHphA9cIW/JX1yiek9DIlyijxkNjBzXYche19gNcHzfShoLUdVxtLuD/cYzCoMAzCwqYrhMDx9Chs20JRWzf4nMcXcDI3pYAqQHIAtWUJbpKursMMhpA+RiAEGzpc4X5XkDB4GjaHmiZik/PIa2rBEWVlSuW9Q+T3YndskBi46QpQFcLltchtbEZyZhxna4uKhmV9Ito/gtPNOG4P99WItdlIWARNXWOAv6AEr9cplel7/ggUleDlMqUSvNnCobHKxDsNnqs8XaWUZopp/XhxTkOR+HDVOveYUge9rNLyY9SU9v+vwXuUB2R0fQkwABfn/VKSjTLBAAAAAElFTkSuQmCC) " "}
.error.label th:first-child:before, .error.label td:first-child:before {content:url(data:image/png;base64,iVBORw0KGgoAAAANSUhEUgAAAAwAAAAMCAYAAABWdVznAAAABmJLR0QAAAAAAAD5Q7t/AAAACXBIWXMAAAsTAAALEwEAmpwYAAAAB3RJTUUH3QcKER4AdkxvvQAAAdVJREFUKM89kM9KG0EAh7/JTHazZInEQwJ68KIWLx6Etj6EjxAobYSsD+BjCJ682EOp0FMueYmS0FMICF4i6tFNzJ/dyRh2Znoo6Xf+Pn7wEzc3Nx/W6/UvY8xJnudkWYa1Fu893nviOCaKIhuG4R/v/Ve1Xq9/bG1tnezs7JDnOVpr3t/fcc4hpaRSqVCpVORqtTp9e3v7rrTWn5vNJpPJhHK5zHg8JssyvPeEYcjR0RFpmlKr1ZjP5x9Li8VCbOR2u83BwQEvLy88PT1xfHzMxcUFQgjSNCXLskDlec5sNuPx8REpJZ1Oh+fnZ4QQnJ+fc319Tb/fZ29vD601SmvNdDplsVhwe3vLaDTi6uoKgCRJGAwGNBoNXl9fMcZQcs5hjGG1WpHnObVajQ3VahWtNcYYjDE451Cb+7z3JElCkiScnZ0hpaTX67G7u0u328V7/y+oVqsIITg8PKTT6dBqtRgOhzjnaLVa3N3dcX9/z3K5JI5jxOXlpSuKQqRpirWWh4eH//Plcpn9/X2cc2xvb1MqlQqllBpYa0/jOGYymdBsNsmyDOccURRRFAX1eh2lFGEY/lZBEHyx1v703n8KgkBEUYSUEu/9RkIIUQRB0A/D8NtflUT+nn4OS+0AAAAASUVORK5CYII=) " "}
.pending.label th:first-child:before, .pending.label td:first-child:before {content:url(data:image/png;base64,iVBORw0KGgoAAAANSUhEUgAAAAwAAAAMCAYAAABWdVznAAAAGXRFWHRTb2Z0d2FyZQBBZG9iZSBJbWFnZVJlYWR5ccllPAAAA2ZpVFh0WE1MOmNvbS5hZG9iZS54bXAAAAAAADw/eHBhY2tldCBiZWdpbj0i77u/IiBpZD0iVzVNME1wQ2VoaUh6cmVTek5UY3prYzlkIj8+IDx4OnhtcG1ldGEgeG1sbnM6eD0iYWRvYmU6bnM6bWV0YS8iIHg6eG1wdGs9IkFkb2JlIFhNUCBDb3JlIDUuMy1jMDExIDY2LjE0NTY2MSwgMjAxMi8wMi8wNi0xNDo1NjoyNyAgICAgICAgIj4gPHJkZjpSREYgeG1sbnM6cmRmPSJodHRwOi8vd3d3LnczLm9yZy8xOTk5LzAyLzIyLXJkZi1zeW50YXgtbnMjIj4gPHJkZjpEZXNjcmlwdGlvbiByZGY6YWJvdXQ9IiIgeG1sbnM6eG1wTU09Imh0dHA6Ly9ucy5hZG9iZS5jb20veGFwLzEuMC9tbS8iIHhtbG5zOnN0UmVmPSJodHRwOi8vbnMuYWRvYmUuY29tL3hhcC8xLjAvc1R5cGUvUmVzb3VyY2VSZWYjIiB4bWxuczp4bXA9Imh0dHA6Ly9ucy5hZG9iZS5jb20veGFwLzEuMC8iIHhtcE1NOk9yaWdpbmFsRG9jdW1lbnRJRD0ieG1wLmRpZDpCQjU0NjU4QjIyQTNFMTExQkI5Rjk5QkQ4RkQ5RUJFQiIgeG1wTU06RG9jdW1lbnRJRD0ieG1wLmRpZDpDODdDM0Y0QUEzRDUxMUUxQjk5N0MzQjVFRDMyQUE1MiIgeG1wTU06SW5zdGFuY2VJRD0ieG1wLmlpZDpDODdDM0Y0OUEzRDUxMUUxQjk5N0MzQjVFRDMyQUE1MiIgeG1wOkNyZWF0b3JUb29sPSJBZG9iZSBQaG90b3Nob3AgQ1M2IChXaW5kb3dzKSI+IDx4bXBNTTpEZXJpdmVkRnJvbSBzdFJlZjppbnN0YW5jZUlEPSJ4bXAuaWlkOjQ4MTZDRTNCRDVBM0UxMTFBQTI2QTBCMjZENzg1Qzg5IiBzdFJlZjpkb2N1bWVudElEPSJ4bXAuZGlkOkJCNTQ2NThCMjJBM0UxMTFCQjlGOTlCRDhGRDlFQkVCIi8+IDwvcmRmOkRlc2NyaXB0aW9uPiA8L3JkZjpSREY+IDwveDp4bXBtZXRhPiA8P3hwYWNrZXQgZW5kPSJyIj8+yj6RYgAAAPZJREFUeNp0kM8KgkAQxmc1E0Wfo3vQn5eRSDx4EUHwbTpEhx4lil7DiydBQUFXp5nAMNsGhpnd/X77za4Iw3CFiFcAWFMFDkXtKZ/UHhfUnB3HWdu2/REpAL2u631ZlicGdpZlwTAMSmBM0zS5bhgQLB5FU3AOUS4XvNn3vVKgAACCIMA0TbFpGsyyDJMkefdFUWAcx1hVFeZ5jlEUoed5qPEI7KDrOhiG8e6llNC27Zcz77FW+L6Pruv+WKtGIzfgR39umv/UHOJgAMlO/BPOXCQDD5p3r2ma8lvHNU9BcWPg0HXdhRZbOhRT8aSXVO9U/ZcAAwAsmjsSQcM0lwAAAABJRU5ErkJggg==) " ";}
.successful.label th:first-child:before, .successful.label td:first-child:before {content:url(data:image/png;base64,iVBORw0KGgoAAAANSUhEUgAAAAwAAAAMCAYAAABWdVznAAAAGXRFWHRTb2Z0d2FyZQBBZG9iZSBJbWFnZVJlYWR5ccllPAAAA2ZpVFh0WE1MOmNvbS5hZG9iZS54bXAAAAAAADw/eHBhY2tldCBiZWdpbj0i77u/IiBpZD0iVzVNME1wQ2VoaUh6cmVTek5UY3prYzlkIj8+IDx4OnhtcG1ldGEgeG1sbnM6eD0iYWRvYmU6bnM6bWV0YS8iIHg6eG1wdGs9IkFkb2JlIFhNUCBDb3JlIDUuMy1jMDExIDY2LjE0NTY2MSwgMjAxMi8wMi8wNi0xNDo1NjoyNyAgICAgICAgIj4gPHJkZjpSREYgeG1sbnM6cmRmPSJodHRwOi8vd3d3LnczLm9yZy8xOTk5LzAyLzIyLXJkZi1zeW50YXgtbnMjIj4gPHJkZjpEZXNjcmlwdGlvbiByZGY6YWJvdXQ9IiIgeG1sbnM6eG1wTU09Imh0dHA6Ly9ucy5hZG9iZS5jb20veGFwLzEuMC9tbS8iIHhtbG5zOnN0UmVmPSJodHRwOi8vbnMuYWRvYmUuY29tL3hhcC8xLjAvc1R5cGUvUmVzb3VyY2VSZWYjIiB4bWxuczp4bXA9Imh0dHA6Ly9ucy5hZG9iZS5jb20veGFwLzEuMC8iIHhtcE1NOk9yaWdpbmFsRG9jdW1lbnRJRD0ieG1wLmRpZDpCQjU0NjU4QjIyQTNFMTExQkI5Rjk5QkQ4RkQ5RUJFQiIgeG1wTU06RG9jdW1lbnRJRD0ieG1wLmRpZDpEMDVBNThBQUEzRDUxMUUxQjdCQkM2QUNBMTNBMDExNiIgeG1wTU06SW5zdGFuY2VJRD0ieG1wLmlpZDpEMDVBNThBOUEzRDUxMUUxQjdCQkM2QUNBMTNBMDExNiIgeG1wOkNyZWF0b3JUb29sPSJBZG9iZSBQaG90b3Nob3AgQ1M2IChXaW5kb3dzKSI+IDx4bXBNTTpEZXJpdmVkRnJvbSBzdFJlZjppbnN0YW5jZUlEPSJ4bXAuaWlkOjQ4MTZDRTNCRDVBM0UxMTFBQTI2QTBCMjZENzg1Qzg5IiBzdFJlZjpkb2N1bWVudElEPSJ4bXAuZGlkOkJCNTQ2NThCMjJBM0UxMTFCQjlGOTlCRDhGRDlFQkVCIi8+IDwvcmRmOkRlc2NyaXB0aW9uPiA8L3JkZjpSREY+IDwveDp4bXBtZXRhPiA8P3hwYWNrZXQgZW5kPSJyIj8+xJ3YrgAAAYBJREFUeNpsUrtKA1EQPZtdY4gEQiD4QCsLEVGX4CP4AykEq1hYiGghCDZ+gBZWVtrZ+EAjaGOhfoAkNiaKhYWICilMEQNqoYjZ5O4d5+6ucQuLM3funDNzD7OrLe229YBwSKAEnyAP/pyIbL5fcz5rcNiLtuqJSEz3ickn5ruE/vFmJ9/LYjvAldGWqA7bJkgPtoAHQrS5G6NdiwhFWCoxHOCgKUL+iurkCBVawyamE8d4qmSZ51clBZUlh+RG14JzEsJNcaTNLVwWd1B6vXXqkmGoYNeVUPnW3JNr4+YarPoncvebEAKNekAlokaY6N/A1NA+SBgY6Eijtz2Fs5sVWNWawysorWNJsO+q9QWzaxLTYwfojA3isZzDfSnrWvTsNiyp7pOrZURC7ejrTDEpcVpY9ab+NSioLZEiapZA5nwBxZcC8g9HeK7ccYM7TDnwmoU2vx6/NIJaUjc0b0u8YvJNle5HdJvlhbI0Y31ThqsjTGr0/+8hOOQ5nfsRYACtHiy+FDd82wAAAABJRU5ErkJggg==) " "}
/*.successful.label a:before {content:url(data:image/png;base64,iVBORw0KGgoAAAANSUhEUgAAAAwAAAAMCAYAAABWdVznAAAAGXRFWHRTb2Z0d2FyZQBBZG9iZSBJbWFnZVJlYWR5ccllPAAAA2ZpVFh0WE1MOmNvbS5hZG9iZS54bXAAAAAAADw/eHBhY2tldCBiZWdpbj0i77u/IiBpZD0iVzVNME1wQ2VoaUh6cmVTek5UY3prYzlkIj8+IDx4OnhtcG1ldGEgeG1sbnM6eD0iYWRvYmU6bnM6bWV0YS8iIHg6eG1wdGs9IkFkb2JlIFhNUCBDb3JlIDUuMy1jMDExIDY2LjE0NTY2MSwgMjAxMi8wMi8wNi0xNDo1NjoyNyAgICAgICAgIj4gPHJkZjpSREYgeG1sbnM6cmRmPSJodHRwOi8vd3d3LnczLm9yZy8xOTk5LzAyLzIyLXJkZi1zeW50YXgtbnMjIj4gPHJkZjpEZXNjcmlwdGlvbiByZGY6YWJvdXQ9IiIgeG1sbnM6eG1wTU09Imh0dHA6Ly9ucy5hZG9iZS5jb20veGFwLzEuMC9tbS8iIHhtbG5zOnN0UmVmPSJodHRwOi8vbnMuYWRvYmUuY29tL3hhcC8xLjAvc1R5cGUvUmVzb3VyY2VSZWYjIiB4bWxuczp4bXA9Imh0dHA6Ly9ucy5hZG9iZS5jb20veGFwLzEuMC8iIHhtcE1NOk9yaWdpbmFsRG9jdW1lbnRJRD0ieG1wLmRpZDpCQjU0NjU4QjIyQTNFMTExQkI5Rjk5QkQ4RkQ5RUJFQiIgeG1wTU06RG9jdW1lbnRJRD0ieG1wLmRpZDpEMDVBNThBQUEzRDUxMUUxQjdCQkM2QUNBMTNBMDExNiIgeG1wTU06SW5zdGFuY2VJRD0ieG1wLmlpZDpEMDVBNThBOUEzRDUxMUUxQjdCQkM2QUNBMTNBMDExNiIgeG1wOkNyZWF0b3JUb29sPSJBZG9iZSBQaG90b3Nob3AgQ1M2IChXaW5kb3dzKSI+IDx4bXBNTTpEZXJpdmVkRnJvbSBzdFJlZjppbnN0YW5jZUlEPSJ4bXAuaWlkOjQ4MTZDRTNCRDVBM0UxMTFBQTI2QTBCMjZENzg1Qzg5IiBzdFJlZjpkb2N1bWVudElEPSJ4bXAuZGlkOkJCNTQ2NThCMjJBM0UxMTFCQjlGOTlCRDhGRDlFQkVCIi8+IDwvcmRmOkRlc2NyaXB0aW9uPiA8L3JkZjpSREY+IDwveDp4bXBtZXRhPiA8P3hwYWNrZXQgZW5kPSJyIj8+xJ3YrgAAAYBJREFUeNpsUrtKA1EQPZtdY4gEQiD4QCsLEVGX4CP4AykEq1hYiGghCDZ+gBZWVtrZ+EAjaGOhfoAkNiaKhYWICilMEQNqoYjZ5O4d5+6ucQuLM3funDNzD7OrLe229YBwSKAEnyAP/pyIbL5fcz5rcNiLtuqJSEz3ickn5ruE/vFmJ9/LYjvAldGWqA7bJkgPtoAHQrS5G6NdiwhFWCoxHOCgKUL+iurkCBVawyamE8d4qmSZ51clBZUlh+RG14JzEsJNcaTNLVwWd1B6vXXqkmGoYNeVUPnW3JNr4+YarPoncvebEAKNekAlokaY6N/A1NA+SBgY6Eijtz2Fs5sVWNWawysorWNJsO+q9QWzaxLTYwfojA3isZzDfSnrWvTsNiyp7pOrZURC7ejrTDEpcVpY9ab+NSioLZEiapZA5nwBxZcC8g9HeK7ccYM7TDnwmoU2vx6/NIJaUjc0b0u8YvJNle5HdJvlhbI0Y31ThqsjTGr0/+8hOOQ5nfsRYACtHiy+FDd82wAAAABJRU5ErkJggg==) " "}*/

.xspecResult { width: 90%; table-layout: fixed; }

.xspecResult td,
.xspecResult th { width: 50%; }

/*.xspecResult pre { 
  margin-left: 0; 
  padding: 0.5em; 
  overflow: auto; 
  border: 1px #999 dotted;
}*/

span.scenario-totals {float: right; width: 14.5%; text-align: left}

/* OXYGEN */
span.scenario-totals {float: right; width: 34.5%; text-align: right}

h2.failed {
    background-color: #FCC;
}

h1, h2 {
    width: 86%;
    /*margin-left: 3%;*/
    
    font-size:1.4em;
    font-weight:bold;
    text-align:left;
    margin-top:1.4em;
    margin-bottom:0.7em;
    color:#333333;
    background-color:inherit;
}

h1 {
    font-size:1.7em;
}

body &gt; h1:first-child:before {
    content:"XSLT UNIT ";
}

body &gt; h2:first-of-type {
    font-size:1.7em;
}

div &gt; table &gt; tbody &gt; tr &gt; th:first-child {
    font-weight:bold;
}

div &gt; h3 {
    font-weight:bold;
    /*margin-left: 3%;*/
}

div &gt; h4 {
    font-weight:normal;
    /*margin-left: 4%;*/
}

th.result { text-align: center; }
/* OXYGEN */


/* ------------------------------------------------------------------------ */
/*  DO NOT ALTER OR REMOVE COPYRIGHT NOTICES OR THIS COMMENT.               */
/*                                                                          */
/*  Copyright (c) 2008, 2010 Jeni Tennsion                                  */
/*                                                                          */
/*  The contents of this file are subject to the MIT License (see the URI   */
/*  http://www.opensource.org/licenses/mit-license.php for details).        */
/*                                                                          */
/*  Permission is hereby granted, free of charge, to any person obtaining   */
/*  a copy of this software and associated documentation files (the         */
/*  "Software"), to deal in the Software without restriction, including     */
/*  without limitation the rights to use, copy, modify, merge, publish,     */
/*  distribute, sublicense, and/or sell copies of the Software, and to      */
/*  permit persons to whom the Software is furnished to do so, subject to   */
/*  the following conditions:                                               */
/*                                                                          */
/*  The above copyright notice and this permission notice shall be          */
/*  included in all copies or substantial portions of the Software.         */
/*                                                                          */
/*  THE SOFTWARE IS PROVIDED "AS IS", WITHOUT WARRANTY OF ANY KIND,         */
/*  EXPRESS OR IMPLIED, INCLUDING BUT NOT LIMITED TO THE WARRANTIES OF      */
/*  MERCHANTABILITY, FITNESS FOR A PARTICULAR PURPOSE AND NONINFRINGEMENT.  */
/*  IN NO EVENT SHALL THE AUTHORS OR COPYRIGHT HOLDERS BE LIABLE FOR ANY    */
/*  CLAIM, DAMAGES OR OTHER LIABILITY, WHETHER IN AN ACTION OF CONTRACT,    */
/*  TORT OR OTHERWISE, ARISING FROM, OUT OF OR IN CONNECTION WITH THE       */
/*  SOFTWARE OR THE USE OR OTHER DEALINGS IN THE SOFTWARE.                  */
/* ------------------------------------------------------------------------ */

.nobr { white-space: nowrap; }
.scenario-label { text-indent: 0px; }
.context-label { text-indent: 10px; }
.test-label { text-indent: 20px; }
.pending-label { text-indent: 30px; }


        /**/</style>
    </head><body><h1>Test Report</h1><p>Script: <a>file:/home/jostein/xprocspec/src/test/xprocspec/tests/call-2.xprocspec</a></p><p>Tested: 2013-09-02T14:16:58.484+02:00</p><h2>Contents</h2><table><col/><col/><col/><col/><col/><col/><thead><tr><th/><th>passed:2</th><th>pending:0</th><th>failed:0</th><th>errors:0</th><th>total:2</th></tr></thead><tbody><tr><th><a>ex:identity-2</a></th><th>2</th><th>0</th><th>0</th><th>0</th><th>2</th></tr></tbody></table><div><h2>Calling: <a>ex:identity-2</a><span>passed:2 / pending:0 /
                                        failed:0 / errors:0 / total:2</span></h2><table><col/><col/><tbody><tr><th>identity</th><th>passed:2 / pending:0 / failed:0 / errors:0 / total:2</th></tr><tr><th>errors</th><th>passed:1 / pending:0 / failed:0 / errors:0 / total:1</th></tr><tr><td>the step should execute successfully without throwing any errors</td><td>Success</td></tr><tr><th>the results</th><th>passed:1 / pending:0 / failed:0 / errors:0 / total:1</th></tr><tr><td>the contents of the output element should be 'Hello world! #2'</td><td>Success</td></tr></tbody></table></div><h2>Execution log</h2><table><thead><tr><th>Time</th><th>Severity</th><th>Message</th></tr></thead><tbody><tr><td>0.000</td><td>INFO</td><td><code><pre>#### file:/home/jostein/xprocspec/src/test/xprocspec/tests/call-2.xprocspec ####</pre></code></td></tr><tr><td>0.005</td><td>INFO</td><td><code><pre> * temporary directory: file:/tmp/xprocspec-20130902141648008/</pre></code></td></tr><tr><td>0.009</td><td>INFO</td><td><code><pre>preprocessing...</pre></code></td></tr><tr><td>0.028</td><td>INFO</td><td><code><pre> * checking for imports</pre></code></td></tr><tr><td>0.034</td><td>INFO</td><td><code><pre> * checking file:/home/jostein/xprocspec/src/test/xprocspec/tests/call-2.xprocspec for imports</pre></code></td></tr><tr><td>0.040</td><td>INFO</td><td><code><pre> * extracting step declarations from file:/home/jostein/xprocspec/src/test/xprocspec/steps/identity-library.xpl</pre></code></td></tr><tr><td>0.046</td><td>INFO</td><td><code><pre> * tests reference 1 step</pre></code></td></tr><tr><td>0.051</td><td>INFO</td><td><code><pre>   * step: e:identity-2</pre></code></td></tr><tr><td>0.056</td><td>INFO</td><td><code><pre> * trying to load: file:/home/jostein/xprocspec/src/test/xprocspec/steps/identity-library.xpl</pre></code></td></tr><tr><td>0.062</td><td>INFO</td><td><code><pre>   * success!</pre></code></td></tr><tr><td>0.070</td><td>INFO</td><td><code><pre> * trying to extract the step declaration for {http://example.net/ns}identity-2 from file:/home/jostein/xprocspec/src/test/xprocspec/steps/identity-library.xpl</pre></code></td></tr><tr><td>0.080</td><td>INFO</td><td><code><pre> * creating a new x:description document for each x:scenario element with inferred inputs, options and parameters</pre></code></td></tr><tr><td>0.093</td><td>INFO</td><td><code><pre> * validating output grammar</pre></code></td></tr><tr><td>0.106</td><td>INFO</td><td><code><pre>compiling...</pre></code></td></tr><tr><td>0.114</td><td>INFO</td><td><code><pre> * created directory using Calabash's cxf:mkdir</pre></code></td></tr><tr><td>0.120</td><td>INFO</td><td><code><pre> * converting test 'test1' to XProc</pre></code></td></tr><tr><td>0.134</td><td>INFO</td><td><code><pre>   * done</pre></code></td></tr><tr><td>0.140</td><td>INFO</td><td><code><pre> * validating output grammar for file:/home/jostein/xprocspec/src/test/xprocspec/tests/call-2.xprocspec</pre></code></td></tr><tr><td>0.153</td><td>INFO</td><td><code><pre>   * done!</pre></code></td></tr><tr><td>0.160</td><td>INFO</td><td><code><pre> * using as temporary directory: file:/tmp/xprocspec-20130902141648008/xprocspec-2013090214165816/</pre></code></td></tr><tr><td>0.165</td><td>INFO</td><td><code><pre>storing...</pre></code></td></tr><tr><td>0.173</td><td>INFO</td><td><code><pre>running...</pre></code></td></tr><tr><td>0.181</td><td>INFO</td><td><code><pre>   * loading 'file:/tmp/xprocspec-20130902141648008/test1.xpl'</pre></code></td></tr><tr><td>0.231</td><td>INFO</td><td><code><pre>evaluating...</pre></code></td></tr><tr><td>0.245</td><td>INFO</td><td><code><pre> * evaluating scenario 'identity' (file:/home/jostein/xprocspec/src/test/xprocspec/tests/call-2.xprocspec)</pre></code></td></tr><tr><td>0.252</td><td>INFO</td><td><code><pre>   * resolving x:document elements...</pre></code></td></tr><tr><td>0.261</td><td>INFO</td><td><code><pre>    * no errors occured</pre></code></td></tr><tr><td>0.275</td><td>INFO</td><td><code><pre>   * grouping x:expect elements with their x:context...</pre></code></td></tr><tr><td>0.283</td><td>INFO</td><td><code><pre>   * evaluating each context/expect group...</pre></code></td></tr><tr><td>0.290</td><td>INFO</td><td><code><pre>     * setting context to 'errors'</pre></code></td></tr><tr><td>0.297</td><td>INFO</td><td><code><pre>       * testing assertion 'the step should execute successfully without throwing any errors'</pre></code></td></tr><tr><td>0.304</td><td>INFO</td><td><code><pre>         * is document count assertion</pre></code></td></tr><tr><td>0.311</td><td>INFO</td><td><code><pre>         * assertion passed</pre></code></td></tr><tr><td>0.319</td><td>INFO</td><td><code><pre>     * setting context to 'the results'</pre></code></td></tr><tr><td>0.326</td><td>INFO</td><td><code><pre>       * testing assertion 'the contents of the output element should be 'Hello world! #2''</pre></code></td></tr><tr><td>0.334</td><td>INFO</td><td><code><pre>         * is xpath assertion</pre></code></td></tr><tr><td>0.341</td><td>INFO</td><td><code><pre>           * evaluating against context item #1</pre></code></td></tr><tr><td>0.348</td><td>INFO</td><td><code><pre>             * success</pre></code></td></tr><tr><td>0.356</td><td>INFO</td><td><code><pre>         * assertion passed</pre></code></td></tr><tr><td>0.377</td><td>INFO</td><td><code><pre>reporting...</pre></code></td></tr></tbody></table><link/><script> </script><script>hljs.initHighlightingOnLoad();</script></body></html></x:document></x:output><x:output port="junit"><x:document xml:base="file:/home/jostein/xprocspec/src/main/resources/content/xml/xproc/report/report.xpl" type="inline"><testsuites><testsuite>
<properties>


</properties>
<testcase><system-out>the step should execute successfully without throwing any errors: SUCCESS</system-out>
<system-err/></testcase><testcase><system-out>the contents of the output element should be 'Hello world! #2': SUCCESS</system-out>
<system-err/></testcase></testsuite></testsuites></x:document></x:output><x:test-result contextref="errors" result="passed" max="0" label="the step should execute successfully without throwing any errors" type="count">
                                                        <x:expected>At most 0 documents.</x:expected>
                                                    <x:was>0</x:was></x:test-result><x:test-result contextref="context7" result="passed" test="not(/*/@tests='0') and /*/@failures='0' and /*/@errors='0'" label="there should be at least one test, and none of the tests should fail" type="xpath">
                                                        <x:expected>XPath: true()
Value: </x:expected>
                                                    
                                                        <x:was>XPath: not(/*/@tests='0') and /*/@failures='0' and /*/@errors='0'
Value: </x:was>
                                                    </x:test-result></x:description><x:description xmlns:cx="http://xmlcalabash.com/ns/extensions" xmlns:c="http://www.w3.org/ns/xproc-step" xml:base="file:/home/jostein/xprocspec/src/test/xprocspec/test.xprocspec" test-base-uri="file:/home/jostein/xprocspec/src/test/xprocspec/test.xprocspec" script="file:/home/jostein/xprocspec/src/main/resources/content/xml/xproc/xprocspec.xpl" test-grammar="xprocspec" temp-dir="file:/tmp/xprocspec-20130902141648008/"><x:step-declaration><p:declare-step xmlns:p="http://www.w3.org/ns/xproc" xmlns:px="http://www.daisy.org/ns/xprocspec" xmlns:pxi="http://www.daisy.org/ns/xprocspec/xproc-internal/" xmlns:pkg="http://expath.org/ns/pkg" type="px:xprocspec" name="main" version="1.0" xpath-version="2.0" pkg:import-uri="http://www.daisy.org/ns/xprocspec/xprocspec.xpl" x:type="{http://www.daisy.org/ns/xprocspec}xprocspec"><p:input port="source" kind="document" sequence="false" primary="true"/><p:output port="result" kind="document" sequence="false" primary="false"><p:pipe port="result" step="report"/></p:output><p:output port="html" kind="document" sequence="false" primary="false"><p:pipe port="html" step="report"/></p:output><p:output port="junit" kind="document" sequence="false" primary="false"><p:pipe port="junit" step="report"/></p:output><p:option name="temp-dir" select="'file:/tmp/'"/></p:declare-step></x:step-declaration><x:scenario end-time="2013-09-02T12:16:59.602Z" label="the call element - two different scenarios testing different steps in the same library" start-time="2013-09-02T12:16:58.817Z"><x:call x:type="{http://www.daisy.org/ns/xprocspec}xprocspec" step="x:xprocspec"><x:option select="$temp-dir" name="temp-dir" value="file:/tmp/xprocspec-20130902141648008/"/><x:input port="source">
                    <x:document xml:base="file:/home/jostein/xprocspec/src/test/xprocspec/test.xprocspec" type="inline"><?xml-model href="http://www.daisy.org/ns/xprocspec/xprocspec.rng" type="application/xml" schematypens="http://relaxng.org/ns/structure/1.0"?><x:description xmlns:e="http://example.net/ns" script="../steps/identity-library.xpl">
    
    <x:scenario label="identity">
        <x:call step="e:identity-1"/>
        <x:context label="the results">
            <x:document type="port" port="result"/>
        </x:context>
        <x:expect type="xpath" label="the contents of the output element should be 'Hello world! #1'" test="/*/text()='Hello world! #1'"/>
    </x:scenario>
    
    <x:scenario label="identity">
        <x:call step="e:identity-2"/>
        <x:context label="the results">
            <x:document type="port" port="result"/>
        </x:context>
        <x:expect type="xpath" label="the contents of the output element should be 'Hello world! #2'" test="/*/text()='Hello world! #2'"/>
    </x:scenario>
    
</x:description></x:document>
                </x:input></x:call>
                                                <x:context label="errors" id="errors">
                                                    
                                                </x:context>
                                            
                                                <x:expect type="count" label="the step should execute successfully without throwing any errors" max="0" contextref="errors"/>
                                            <x:context label="the junit output port" id="context8">
                <x:document xml:base="file:/home/jostein/xprocspec/src/main/resources/content/xml/xproc/report/report.xpl" type="inline"><testsuites tests="4" failures="0" time="0.668" errors="0" name="call3"><testsuite timestamp="2013-09-02T12:16:59.499Z" hostname="localhost" tests="2" errors="0" failures="0" skipped="0" id="d21478e1" name="identity" package="http://example.net/ns" time="0.002">
<properties>


</properties>
<testcase name="theStepShouldExecuteSuccessfullyWithoutThrowingAnyErrors" classname="identity-1" assertions="1" time="0" status="SUCCESS"><system-out>the step should execute successfully without throwing any errors: SUCCESS</system-out>
<system-err/></testcase><testcase name="theContentsOfTheOutputElementShouldBeHelloWorld1" classname="identity-1" assertions="1" time="0" status="SUCCESS"><system-out>the contents of the output element should be 'Hello world! #1': SUCCESS</system-out>
<system-err/></testcase></testsuite><testsuite timestamp="2013-09-02T12:16:59.508Z" hostname="localhost" tests="2" errors="0" failures="0" skipped="0" id="d21486e1" name="identity" package="http://example.net/ns" time="0.002">
<properties>


</properties>
<testcase name="theStepShouldExecuteSuccessfullyWithoutThrowingAnyErrors" classname="identity-2" assertions="1" time="0" status="SUCCESS"><system-out>the step should execute successfully without throwing any errors: SUCCESS</system-out>
<system-err/></testcase><testcase name="theContentsOfTheOutputElementShouldBeHelloWorld2" classname="identity-2" assertions="1" time="0" status="SUCCESS"><system-out>the contents of the output element should be 'Hello world! #2': SUCCESS</system-out>
<system-err/></testcase></testsuite></testsuites></x:document>
            </x:context><x:expect label="there should be at least one test, and none of the tests should fail" type="xpath" test="not(/*/@tests='0') and /*/@failures='0' and /*/@errors='0'" contextref="context8"/></x:scenario><x:output port="result"><x:document xml:base="file:/home/jostein/xprocspec/src/main/resources/content/xml/xproc/report/report.xpl" type="inline"><x:test-report><x:description><x:step-declaration><p:declare-step xmlns:p="http://www.w3.org/ns/xproc" xmlns:ex="http://example.net/ns"><p:input><p:inline>
                <doc>Hello world! #1</doc>
            </p:inline></p:input><p:output/></p:declare-step></x:step-declaration><x:scenario xmlns:e="http://example.net/ns"><x:call/>
                                                <x:context>
                                                    
                                                </x:context>
                                            
                                                <x:expect/>
                                            <x:context>
            <x:document>
                <doc xmlns:ex="http://example.net/ns">Hello world! #1</doc>
            </x:document>
        </x:context><x:expect/></x:scenario><x:output><x:document>
                <doc xmlns:ex="http://example.net/ns">Hello world! #1</doc>
            </x:document></x:output><x:test-result>
                                                        <x:expected>At most 0 documents.</x:expected>
                                                    <x:was>0</x:was></x:test-result><x:test-result>
                                                        <x:expected>XPath: true()
Value: </x:expected>
                                                    
                                                        <x:was>XPath: /*/text()='Hello world! #1'
Value: </x:was>
                                                    </x:test-result></x:description><x:description><x:step-declaration><p:declare-step xmlns:p="http://www.w3.org/ns/xproc" xmlns:ex="http://example.net/ns"><p:input><p:inline>
                <doc>Hello world! #2</doc>
            </p:inline></p:input><p:output/></p:declare-step></x:step-declaration><x:scenario xmlns:e="http://example.net/ns"><x:call/>
                                                <x:context>
                                                    
                                                </x:context>
                                            
                                                <x:expect/>
                                            <x:context>
            <x:document>
                <doc xmlns:ex="http://example.net/ns">Hello world! #2</doc>
            </x:document>
        </x:context><x:expect/></x:scenario><x:output><x:document>
                <doc xmlns:ex="http://example.net/ns">Hello world! #2</doc>
            </x:document></x:output><x:test-result>
                                                        <x:expected>At most 0 documents.</x:expected>
                                                    <x:was>0</x:was></x:test-result><x:test-result>
                                                        <x:expected>XPath: true()
Value: </x:expected>
                                                    
                                                        <x:was>XPath: /*/text()='Hello world! #2'
Value: </x:was>
                                                    </x:test-result></x:description></x:test-report></x:document></x:output><x:output port="html"><x:document xml:base="file:/home/jostein/xprocspec/src/main/resources/content/xml/xproc/report/report-template.xhtml" type="inline"><html xmlns="http://www.w3.org/1999/xhtml"><head><title>Test Report for file:/home/jostein/xprocspec/src/test/xprocspec/tests/call-3.xprocspec (passed:4 / pending:0 / failed:0 / errors:0 / total:4)</title>
        <meta/>
        <style>/**/
/****************************************************************************/
/*  File:       test-report.css                                             */
/*  Author:     Jeni Tennsion                                               */
/*  URI:        http://xspec.googlecode.com/                                */
/*  Tags:                                                                   */
/*    Copyright (c) 2008, 2010 Jeni Tennsion (see end of file.)             */
/* ------------------------------------------------------------------------ */


/* test */

/* box model */

body {
	margin-right: 1em;
	/*margin-left: 10%;*/
	}

h1 {
	padding: 0.3em 0.5em 0.3em 0.5em;
	position: relative;
	}

h2 {
	padding: 0.1em 0.5em 0.2em 0.5em;
	}

h3 {
	padding-left: 0.6em;
	}

h4 {
	padding-left: 0.8em;
	}

p, table {
	/*margin-left: 5%;*/
	}

dd ul, dd ol {
	margin-left: 0%;
	}

li ul, li ol {
	/*margin-left: 5%;*/
	}

dl, ul, ol, blockquote {
	/*margin-left: 10%;*/
	}

dt {
  padding-top: 3px;
  padding-bottom: 3px;
	clear: both;
	}

dd p {
	/*margin-left: -5px;*/
	margin-top: 5px;
	clear: both;
	}

p.link {
	margin-top: 4px;
	margin-bottom: 0px;
	clear: both;
	}

tr td, td p, li, li p {
	margin-left: 0%;
	}

td:nth-child(2) {
	padding-left: 5%;
	}

.link img, dt img {
	vertical-align: middle;
	position: relative;
	top: -5px;
	}

img {
	position: relative;
	}

#xml-link {
	position: absolute;
	left: 5px;
	top: 5px;
	width: 10%;
	margin-left: 0%;
	}

#link-up {
	position: absolute;
	left: 93%;
	right: 2em;
	top: 0.3em;
	}

#link-top {
	position: absolute;
	left: 89%;
	right: 4em;
	top: 0.3em;
	}
	
.popup {
	display: block;
	visibility: hidden;
	float: right;
	position: absolute;
	top: 5px;
	left: -200px;
	z-index: 1;
	padding: 0.3em;
	width: 220px;
	}

.note {
	position: relative;
	}

.post {
	/*margin-left: 5%;*/
	padding-top: 1em;
	}
	
.example, .sidebar {
  /*margin-left: 5%;*/
  margin-top: 1em;
  margin-bottom: 1em;
  }

/*pre {
	padding-left: 5%;
	margin-left: 5%;
	}*/

/*dd pre, li pre {
	padding-left: 5%;
	}*/

/* fonts */
/* Oxygen  */
body, table {
    font-family:arial, helvetica, sans-serif;
    font-size:12px;
}
/* Oxygen  */

/*body {
	font-family: Verdana, arial, sans-serif;
	font-size: small;
	}*/	

/*h1, h2, h3, h4, h5, h6 {
	font-family: 'trebuchet MS', arial, sans-serif;
	}*/

h1 {
	font-size: 173%;
	font-weight: bold;
	}

h2 {
	font-size: 144%;
	font-weight: normal;
	}

h3 {
	font-size: 120%;
	font-weight: normal;
	}

h4 {
  font-size: 100%;
  font-weight: bold;
}

dt {
	font-weight: bold;
	}

a:link, a:visited, a:active, a:hover {
	font-weight: bold;
	}

a.offsite:link, a.offsite:visited, a.offsite:active, a.offsite:hover {
	font-weight: normal;
	}

/* suppress the normal italics */
address {
	font-style: normal;
	}

div.example, .sidebar {
  font-family: Verdana, arial, sans-serif;
  font-size: 100%;
  }


.note, .link {
	font-family: Verdana, arial, sans-serif;
	/*font-size: 83%;*/
	}

/*.example, .string, .rtf, .code, pre, code {
	font-family: "Lucida Console", "Courier New", monospace;*/
  /*font-size: 83%;*/
/*	}*/

.boolean {
	font-style: italic;
	}

#colophon, #xml-link {
	font-size: 69%;
	}

.question, .title {
	font-weight: bold;
	}

/* colours */
body {
	background-color: white;
	color: black;
	border: 0px none black;
	}

/* this is to make Navigator fill the entire line */
h1, h2 {
	border: 1px solid white;
	width: auto;
	}

h1 {
	/*background: #606;*/
	/*color: #6F6;*/
	}

h2 {
	color: #606;
	/*background: #CFC;*/
	}

hr {
	color: #606;
	background: white;
	}

img, a:link img, a:visited img, a:hover img, a:active img, #link-up img, #link-top img {
	border: 0px none white;
	background: transparent;
	}

/* OXYGEN */
a, a:visited {
    color:rgb(0, 0, 150);
    background-color:inherit;
    font-weight: bold;
}
a:link, a:visited {
    text-decoration:none; 
}
a:hover {
    text-decoration:underline;
}

/* OXYGEN */

a.img:hover, a.img:active {
	background: transparent;
	}

#colophon, #xml-link, .note {
	color: #666;
	}

#colophon a:link, #colophon a:visited, #colophon a:hover,
#xml-link a:link, #xml-link a:visited, #xml-link a:hover,
.note a:link, .note a:visited, .note a:hover {
	color: #969;
	background: transparent;
	}

#colophon a:hover, #xml-link a:hover, .note a:hover {
	background: #CFC;
	color: #969;
	}

.popup {
	background: white;
	border: 1px solid #606;
	}

.post {
	border-top: 2px solid #606;
	}
	
.example {
  border-top: 2px solid #606;
  border-bottom: 2px solid #606;
  }
  
.sidebar {
  border-top: 2px solid #090;
  border-bottom: 2px solid #090;
  }
  
.rng {
  border-left: 2px solid #666;
  }

.same {
  background-color: rgb(206, 239, 174);
}

.diff {
  background-color: #FCC;
}

.whitespace {
	font-style: italic;
	color: #999;
	background: white;
}

.ignored {
  font-style: italic;
  color: #999;
  background: white;
}

.hit {
}

.missed {
  background-color: #A33;
  color: white;
}

/* text */
ol ol li {
	list-style: lower-alpha;
	}

th {
	text-align: left;
	}

td {
	vertical-align: top;
	}

h1 {
	text-transform: uppercase;
	}

h2, h3 {
	/*text-transform: capitalize;*/
	}

.question {
	text-indent: -33px;
	}

.byline {
	text-align: right;
	}

#link-top, #link-up {
	text-align: right;
	}

a {
	text-decoration: none;
	}

table { width: 85%;
        /* border: collapse; */ }

th { text-align: left; }

.xspec tbody th { font-weight: normal; /*font-size: 0.8em;*/ border-top: 1px #666 solid; }
.xspec tbody td { /*font-size: 0.8em;*/ color: #666; }

.successful.label th, .successful.label td { background-color: #CFC; }
.pending.label th, .pending.label td { background-color: #DDD; color: #666; }
.failed.label th, .failed.label td { background-color: #FCC; }
.error.label th, .error.label td { background-color: #FAA; }
/*body &gt; table tbody .failed.label th:first-child:before {content:url(data:image/png;base64,iVBORw0KGgoAAAANSUhEUgAAAAwAAAAMCAYAAABWdVznAAAAGXRFWHRTb2Z0d2FyZQBBZG9iZSBJbWFnZVJlYWR5ccllPAAAA2ZpVFh0WE1MOmNvbS5hZG9iZS54bXAAAAAAADw/eHBhY2tldCBiZWdpbj0i77u/IiBpZD0iVzVNME1wQ2VoaUh6cmVTek5UY3prYzlkIj8+IDx4OnhtcG1ldGEgeG1sbnM6eD0iYWRvYmU6bnM6bWV0YS8iIHg6eG1wdGs9IkFkb2JlIFhNUCBDb3JlIDUuMy1jMDExIDY2LjE0NTY2MSwgMjAxMi8wMi8wNi0xNDo1NjoyNyAgICAgICAgIj4gPHJkZjpSREYgeG1sbnM6cmRmPSJodHRwOi8vd3d3LnczLm9yZy8xOTk5LzAyLzIyLXJkZi1zeW50YXgtbnMjIj4gPHJkZjpEZXNjcmlwdGlvbiByZGY6YWJvdXQ9IiIgeG1sbnM6eG1wTU09Imh0dHA6Ly9ucy5hZG9iZS5jb20veGFwLzEuMC9tbS8iIHhtbG5zOnN0UmVmPSJodHRwOi8vbnMuYWRvYmUuY29tL3hhcC8xLjAvc1R5cGUvUmVzb3VyY2VSZWYjIiB4bWxuczp4bXA9Imh0dHA6Ly9ucy5hZG9iZS5jb20veGFwLzEuMC8iIHhtcE1NOk9yaWdpbmFsRG9jdW1lbnRJRD0ieG1wLmRpZDpCQjU0NjU4QjIyQTNFMTExQkI5Rjk5QkQ4RkQ5RUJFQiIgeG1wTU06RG9jdW1lbnRJRD0ieG1wLmRpZDpEQTUyOTdBQUEzRDUxMUUxQTQwN0YzMUI0Nzg3NDU1RSIgeG1wTU06SW5zdGFuY2VJRD0ieG1wLmlpZDpEQTUyOTdBOUEzRDUxMUUxQTQwN0YzMUI0Nzg3NDU1RSIgeG1wOkNyZWF0b3JUb29sPSJBZG9iZSBQaG90b3Nob3AgQ1M2IChXaW5kb3dzKSI+IDx4bXBNTTpEZXJpdmVkRnJvbSBzdFJlZjppbnN0YW5jZUlEPSJ4bXAuaWlkOjQ4MTZDRTNCRDVBM0UxMTFBQTI2QTBCMjZENzg1Qzg5IiBzdFJlZjpkb2N1bWVudElEPSJ4bXAuZGlkOkJCNTQ2NThCMjJBM0UxMTFCQjlGOTlCRDhGRDlFQkVCIi8+IDwvcmRmOkRlc2NyaXB0aW9uPiA8L3JkZjpSREY+IDwveDp4bXBtZXRhPiA8P3hwYWNrZXQgZW5kPSJyIj8+aHNJrgAAAZ1JREFUeNpsUssrRGEU/907985YMDPNYlh4hbKZPMdgR3aysrGSSFIeKyUKpewoRTYkmcgCf4MsMI2FPDYGKeUZSoru4/uc82VC+W7fOeee+zvn/M45V1uuyCmVwDogq0hDklD6jy1dspNkdxokVrIzPFUh0/MD5OdXoJDwPFtu3d2ns6TTp9oggTlFZlmN0o4AHMmXfJGo0lmGzoE1OgmNHf5YA8rmN5HfM6wADmUuHphA9cIW/JX1yiek9DIlyijxkNjBzXYche19gNcHzfShoLUdVxtLuD/cYzCoMAzCwqYrhMDx9Chs20JRWzf4nMcXcDI3pYAqQHIAtWUJbpKursMMhpA+RiAEGzpc4X5XkDB4GjaHmiZik/PIa2rBEWVlSuW9Q+T3YndskBi46QpQFcLltchtbEZyZhxna4uKhmV9Ito/gtPNOG4P99WItdlIWARNXWOAv6AEr9cplel7/ggUleDlMqUSvNnCobHKxDsNnqs8XaWUZopp/XhxTkOR+HDVOveYUge9rNLyY9SU9v+vwXuUB2R0fQkwABfn/VKSjTLBAAAAAElFTkSuQmCC) " "}*/
/*body &gt; table tbody .error.label th:first-child:before {content:url(data:image/png;base64,iVBORw0KGgoAAAANSUhEUgAAAAwAAAAMCAYAAABWdVznAAAABmJLR0QAAAAAAAD5Q7t/AAAACXBIWXMAAAsTAAALEwEAmpwYAAAAB3RJTUUH3QcKER4AdkxvvQAAAdVJREFUKM89kM9KG0EAh7/JTHazZInEQwJ68KIWLx6Etj6EjxAobYSsD+BjCJ682EOp0FMueYmS0FMICF4i6tFNzJ/dyRh2Znoo6Xf+Pn7wEzc3Nx/W6/UvY8xJnudkWYa1Fu893nviOCaKIhuG4R/v/Ve1Xq9/bG1tnezs7JDnOVpr3t/fcc4hpaRSqVCpVORqtTp9e3v7rrTWn5vNJpPJhHK5zHg8JssyvPeEYcjR0RFpmlKr1ZjP5x9Li8VCbOR2u83BwQEvLy88PT1xfHzMxcUFQgjSNCXLskDlec5sNuPx8REpJZ1Oh+fnZ4QQnJ+fc319Tb/fZ29vD601SmvNdDplsVhwe3vLaDTi6uoKgCRJGAwGNBoNXl9fMcZQcs5hjGG1WpHnObVajQ3VahWtNcYYjDE451Cb+7z3JElCkiScnZ0hpaTX67G7u0u328V7/y+oVqsIITg8PKTT6dBqtRgOhzjnaLVa3N3dcX9/z3K5JI5jxOXlpSuKQqRpirWWh4eH//Plcpn9/X2cc2xvb1MqlQqllBpYa0/jOGYymdBsNsmyDOccURRRFAX1eh2lFGEY/lZBEHyx1v703n8KgkBEUYSUEu/9RkIIUQRB0A/D8NtflUT+nn4OS+0AAAAASUVORK5CYII=) " "}*/
.failed.label th:first-child:before, .failed.label td:first-child:before {content:url(data:image/png;base64,iVBORw0KGgoAAAANSUhEUgAAAAwAAAAMCAYAAABWdVznAAAAGXRFWHRTb2Z0d2FyZQBBZG9iZSBJbWFnZVJlYWR5ccllPAAAA2ZpVFh0WE1MOmNvbS5hZG9iZS54bXAAAAAAADw/eHBhY2tldCBiZWdpbj0i77u/IiBpZD0iVzVNME1wQ2VoaUh6cmVTek5UY3prYzlkIj8+IDx4OnhtcG1ldGEgeG1sbnM6eD0iYWRvYmU6bnM6bWV0YS8iIHg6eG1wdGs9IkFkb2JlIFhNUCBDb3JlIDUuMy1jMDExIDY2LjE0NTY2MSwgMjAxMi8wMi8wNi0xNDo1NjoyNyAgICAgICAgIj4gPHJkZjpSREYgeG1sbnM6cmRmPSJodHRwOi8vd3d3LnczLm9yZy8xOTk5LzAyLzIyLXJkZi1zeW50YXgtbnMjIj4gPHJkZjpEZXNjcmlwdGlvbiByZGY6YWJvdXQ9IiIgeG1sbnM6eG1wTU09Imh0dHA6Ly9ucy5hZG9iZS5jb20veGFwLzEuMC9tbS8iIHhtbG5zOnN0UmVmPSJodHRwOi8vbnMuYWRvYmUuY29tL3hhcC8xLjAvc1R5cGUvUmVzb3VyY2VSZWYjIiB4bWxuczp4bXA9Imh0dHA6Ly9ucy5hZG9iZS5jb20veGFwLzEuMC8iIHhtcE1NOk9yaWdpbmFsRG9jdW1lbnRJRD0ieG1wLmRpZDpCQjU0NjU4QjIyQTNFMTExQkI5Rjk5QkQ4RkQ5RUJFQiIgeG1wTU06RG9jdW1lbnRJRD0ieG1wLmRpZDpEQTUyOTdBQUEzRDUxMUUxQTQwN0YzMUI0Nzg3NDU1RSIgeG1wTU06SW5zdGFuY2VJRD0ieG1wLmlpZDpEQTUyOTdBOUEzRDUxMUUxQTQwN0YzMUI0Nzg3NDU1RSIgeG1wOkNyZWF0b3JUb29sPSJBZG9iZSBQaG90b3Nob3AgQ1M2IChXaW5kb3dzKSI+IDx4bXBNTTpEZXJpdmVkRnJvbSBzdFJlZjppbnN0YW5jZUlEPSJ4bXAuaWlkOjQ4MTZDRTNCRDVBM0UxMTFBQTI2QTBCMjZENzg1Qzg5IiBzdFJlZjpkb2N1bWVudElEPSJ4bXAuZGlkOkJCNTQ2NThCMjJBM0UxMTFCQjlGOTlCRDhGRDlFQkVCIi8+IDwvcmRmOkRlc2NyaXB0aW9uPiA8L3JkZjpSREY+IDwveDp4bXBtZXRhPiA8P3hwYWNrZXQgZW5kPSJyIj8+aHNJrgAAAZ1JREFUeNpsUssrRGEU/907985YMDPNYlh4hbKZPMdgR3aysrGSSFIeKyUKpewoRTYkmcgCf4MsMI2FPDYGKeUZSoru4/uc82VC+W7fOeee+zvn/M45V1uuyCmVwDogq0hDklD6jy1dspNkdxokVrIzPFUh0/MD5OdXoJDwPFtu3d2ns6TTp9oggTlFZlmN0o4AHMmXfJGo0lmGzoE1OgmNHf5YA8rmN5HfM6wADmUuHphA9cIW/JX1yiek9DIlyijxkNjBzXYche19gNcHzfShoLUdVxtLuD/cYzCoMAzCwqYrhMDx9Chs20JRWzf4nMcXcDI3pYAqQHIAtWUJbpKursMMhpA+RiAEGzpc4X5XkDB4GjaHmiZik/PIa2rBEWVlSuW9Q+T3YndskBi46QpQFcLltchtbEZyZhxna4uKhmV9Ito/gtPNOG4P99WItdlIWARNXWOAv6AEr9cplel7/ggUleDlMqUSvNnCobHKxDsNnqs8XaWUZopp/XhxTkOR+HDVOveYUge9rNLyY9SU9v+vwXuUB2R0fQkwABfn/VKSjTLBAAAAAElFTkSuQmCC) " "}
.error.label th:first-child:before, .error.label td:first-child:before {content:url(data:image/png;base64,iVBORw0KGgoAAAANSUhEUgAAAAwAAAAMCAYAAABWdVznAAAABmJLR0QAAAAAAAD5Q7t/AAAACXBIWXMAAAsTAAALEwEAmpwYAAAAB3RJTUUH3QcKER4AdkxvvQAAAdVJREFUKM89kM9KG0EAh7/JTHazZInEQwJ68KIWLx6Etj6EjxAobYSsD+BjCJ682EOp0FMueYmS0FMICF4i6tFNzJ/dyRh2Znoo6Xf+Pn7wEzc3Nx/W6/UvY8xJnudkWYa1Fu893nviOCaKIhuG4R/v/Ve1Xq9/bG1tnezs7JDnOVpr3t/fcc4hpaRSqVCpVORqtTp9e3v7rrTWn5vNJpPJhHK5zHg8JssyvPeEYcjR0RFpmlKr1ZjP5x9Li8VCbOR2u83BwQEvLy88PT1xfHzMxcUFQgjSNCXLskDlec5sNuPx8REpJZ1Oh+fnZ4QQnJ+fc319Tb/fZ29vD601SmvNdDplsVhwe3vLaDTi6uoKgCRJGAwGNBoNXl9fMcZQcs5hjGG1WpHnObVajQ3VahWtNcYYjDE451Cb+7z3JElCkiScnZ0hpaTX67G7u0u328V7/y+oVqsIITg8PKTT6dBqtRgOhzjnaLVa3N3dcX9/z3K5JI5jxOXlpSuKQqRpirWWh4eH//Plcpn9/X2cc2xvb1MqlQqllBpYa0/jOGYymdBsNsmyDOccURRRFAX1eh2lFGEY/lZBEHyx1v703n8KgkBEUYSUEu/9RkIIUQRB0A/D8NtflUT+nn4OS+0AAAAASUVORK5CYII=) " "}
.pending.label th:first-child:before, .pending.label td:first-child:before {content:url(data:image/png;base64,iVBORw0KGgoAAAANSUhEUgAAAAwAAAAMCAYAAABWdVznAAAAGXRFWHRTb2Z0d2FyZQBBZG9iZSBJbWFnZVJlYWR5ccllPAAAA2ZpVFh0WE1MOmNvbS5hZG9iZS54bXAAAAAAADw/eHBhY2tldCBiZWdpbj0i77u/IiBpZD0iVzVNME1wQ2VoaUh6cmVTek5UY3prYzlkIj8+IDx4OnhtcG1ldGEgeG1sbnM6eD0iYWRvYmU6bnM6bWV0YS8iIHg6eG1wdGs9IkFkb2JlIFhNUCBDb3JlIDUuMy1jMDExIDY2LjE0NTY2MSwgMjAxMi8wMi8wNi0xNDo1NjoyNyAgICAgICAgIj4gPHJkZjpSREYgeG1sbnM6cmRmPSJodHRwOi8vd3d3LnczLm9yZy8xOTk5LzAyLzIyLXJkZi1zeW50YXgtbnMjIj4gPHJkZjpEZXNjcmlwdGlvbiByZGY6YWJvdXQ9IiIgeG1sbnM6eG1wTU09Imh0dHA6Ly9ucy5hZG9iZS5jb20veGFwLzEuMC9tbS8iIHhtbG5zOnN0UmVmPSJodHRwOi8vbnMuYWRvYmUuY29tL3hhcC8xLjAvc1R5cGUvUmVzb3VyY2VSZWYjIiB4bWxuczp4bXA9Imh0dHA6Ly9ucy5hZG9iZS5jb20veGFwLzEuMC8iIHhtcE1NOk9yaWdpbmFsRG9jdW1lbnRJRD0ieG1wLmRpZDpCQjU0NjU4QjIyQTNFMTExQkI5Rjk5QkQ4RkQ5RUJFQiIgeG1wTU06RG9jdW1lbnRJRD0ieG1wLmRpZDpDODdDM0Y0QUEzRDUxMUUxQjk5N0MzQjVFRDMyQUE1MiIgeG1wTU06SW5zdGFuY2VJRD0ieG1wLmlpZDpDODdDM0Y0OUEzRDUxMUUxQjk5N0MzQjVFRDMyQUE1MiIgeG1wOkNyZWF0b3JUb29sPSJBZG9iZSBQaG90b3Nob3AgQ1M2IChXaW5kb3dzKSI+IDx4bXBNTTpEZXJpdmVkRnJvbSBzdFJlZjppbnN0YW5jZUlEPSJ4bXAuaWlkOjQ4MTZDRTNCRDVBM0UxMTFBQTI2QTBCMjZENzg1Qzg5IiBzdFJlZjpkb2N1bWVudElEPSJ4bXAuZGlkOkJCNTQ2NThCMjJBM0UxMTFCQjlGOTlCRDhGRDlFQkVCIi8+IDwvcmRmOkRlc2NyaXB0aW9uPiA8L3JkZjpSREY+IDwveDp4bXBtZXRhPiA8P3hwYWNrZXQgZW5kPSJyIj8+yj6RYgAAAPZJREFUeNp0kM8KgkAQxmc1E0Wfo3vQn5eRSDx4EUHwbTpEhx4lil7DiydBQUFXp5nAMNsGhpnd/X77za4Iw3CFiFcAWFMFDkXtKZ/UHhfUnB3HWdu2/REpAL2u631ZlicGdpZlwTAMSmBM0zS5bhgQLB5FU3AOUS4XvNn3vVKgAACCIMA0TbFpGsyyDJMkefdFUWAcx1hVFeZ5jlEUoed5qPEI7KDrOhiG8e6llNC27Zcz77FW+L6Pruv+WKtGIzfgR39umv/UHOJgAMlO/BPOXCQDD5p3r2ma8lvHNU9BcWPg0HXdhRZbOhRT8aSXVO9U/ZcAAwAsmjsSQcM0lwAAAABJRU5ErkJggg==) " ";}
.successful.label th:first-child:before, .successful.label td:first-child:before {content:url(data:image/png;base64,iVBORw0KGgoAAAANSUhEUgAAAAwAAAAMCAYAAABWdVznAAAAGXRFWHRTb2Z0d2FyZQBBZG9iZSBJbWFnZVJlYWR5ccllPAAAA2ZpVFh0WE1MOmNvbS5hZG9iZS54bXAAAAAAADw/eHBhY2tldCBiZWdpbj0i77u/IiBpZD0iVzVNME1wQ2VoaUh6cmVTek5UY3prYzlkIj8+IDx4OnhtcG1ldGEgeG1sbnM6eD0iYWRvYmU6bnM6bWV0YS8iIHg6eG1wdGs9IkFkb2JlIFhNUCBDb3JlIDUuMy1jMDExIDY2LjE0NTY2MSwgMjAxMi8wMi8wNi0xNDo1NjoyNyAgICAgICAgIj4gPHJkZjpSREYgeG1sbnM6cmRmPSJodHRwOi8vd3d3LnczLm9yZy8xOTk5LzAyLzIyLXJkZi1zeW50YXgtbnMjIj4gPHJkZjpEZXNjcmlwdGlvbiByZGY6YWJvdXQ9IiIgeG1sbnM6eG1wTU09Imh0dHA6Ly9ucy5hZG9iZS5jb20veGFwLzEuMC9tbS8iIHhtbG5zOnN0UmVmPSJodHRwOi8vbnMuYWRvYmUuY29tL3hhcC8xLjAvc1R5cGUvUmVzb3VyY2VSZWYjIiB4bWxuczp4bXA9Imh0dHA6Ly9ucy5hZG9iZS5jb20veGFwLzEuMC8iIHhtcE1NOk9yaWdpbmFsRG9jdW1lbnRJRD0ieG1wLmRpZDpCQjU0NjU4QjIyQTNFMTExQkI5Rjk5QkQ4RkQ5RUJFQiIgeG1wTU06RG9jdW1lbnRJRD0ieG1wLmRpZDpEMDVBNThBQUEzRDUxMUUxQjdCQkM2QUNBMTNBMDExNiIgeG1wTU06SW5zdGFuY2VJRD0ieG1wLmlpZDpEMDVBNThBOUEzRDUxMUUxQjdCQkM2QUNBMTNBMDExNiIgeG1wOkNyZWF0b3JUb29sPSJBZG9iZSBQaG90b3Nob3AgQ1M2IChXaW5kb3dzKSI+IDx4bXBNTTpEZXJpdmVkRnJvbSBzdFJlZjppbnN0YW5jZUlEPSJ4bXAuaWlkOjQ4MTZDRTNCRDVBM0UxMTFBQTI2QTBCMjZENzg1Qzg5IiBzdFJlZjpkb2N1bWVudElEPSJ4bXAuZGlkOkJCNTQ2NThCMjJBM0UxMTFCQjlGOTlCRDhGRDlFQkVCIi8+IDwvcmRmOkRlc2NyaXB0aW9uPiA8L3JkZjpSREY+IDwveDp4bXBtZXRhPiA8P3hwYWNrZXQgZW5kPSJyIj8+xJ3YrgAAAYBJREFUeNpsUrtKA1EQPZtdY4gEQiD4QCsLEVGX4CP4AykEq1hYiGghCDZ+gBZWVtrZ+EAjaGOhfoAkNiaKhYWICilMEQNqoYjZ5O4d5+6ucQuLM3funDNzD7OrLe229YBwSKAEnyAP/pyIbL5fcz5rcNiLtuqJSEz3ickn5ruE/vFmJ9/LYjvAldGWqA7bJkgPtoAHQrS5G6NdiwhFWCoxHOCgKUL+iurkCBVawyamE8d4qmSZ51clBZUlh+RG14JzEsJNcaTNLVwWd1B6vXXqkmGoYNeVUPnW3JNr4+YarPoncvebEAKNekAlokaY6N/A1NA+SBgY6Eijtz2Fs5sVWNWawysorWNJsO+q9QWzaxLTYwfojA3isZzDfSnrWvTsNiyp7pOrZURC7ejrTDEpcVpY9ab+NSioLZEiapZA5nwBxZcC8g9HeK7ccYM7TDnwmoU2vx6/NIJaUjc0b0u8YvJNle5HdJvlhbI0Y31ThqsjTGr0/+8hOOQ5nfsRYACtHiy+FDd82wAAAABJRU5ErkJggg==) " "}
/*.successful.label a:before {content:url(data:image/png;base64,iVBORw0KGgoAAAANSUhEUgAAAAwAAAAMCAYAAABWdVznAAAAGXRFWHRTb2Z0d2FyZQBBZG9iZSBJbWFnZVJlYWR5ccllPAAAA2ZpVFh0WE1MOmNvbS5hZG9iZS54bXAAAAAAADw/eHBhY2tldCBiZWdpbj0i77u/IiBpZD0iVzVNME1wQ2VoaUh6cmVTek5UY3prYzlkIj8+IDx4OnhtcG1ldGEgeG1sbnM6eD0iYWRvYmU6bnM6bWV0YS8iIHg6eG1wdGs9IkFkb2JlIFhNUCBDb3JlIDUuMy1jMDExIDY2LjE0NTY2MSwgMjAxMi8wMi8wNi0xNDo1NjoyNyAgICAgICAgIj4gPHJkZjpSREYgeG1sbnM6cmRmPSJodHRwOi8vd3d3LnczLm9yZy8xOTk5LzAyLzIyLXJkZi1zeW50YXgtbnMjIj4gPHJkZjpEZXNjcmlwdGlvbiByZGY6YWJvdXQ9IiIgeG1sbnM6eG1wTU09Imh0dHA6Ly9ucy5hZG9iZS5jb20veGFwLzEuMC9tbS8iIHhtbG5zOnN0UmVmPSJodHRwOi8vbnMuYWRvYmUuY29tL3hhcC8xLjAvc1R5cGUvUmVzb3VyY2VSZWYjIiB4bWxuczp4bXA9Imh0dHA6Ly9ucy5hZG9iZS5jb20veGFwLzEuMC8iIHhtcE1NOk9yaWdpbmFsRG9jdW1lbnRJRD0ieG1wLmRpZDpCQjU0NjU4QjIyQTNFMTExQkI5Rjk5QkQ4RkQ5RUJFQiIgeG1wTU06RG9jdW1lbnRJRD0ieG1wLmRpZDpEMDVBNThBQUEzRDUxMUUxQjdCQkM2QUNBMTNBMDExNiIgeG1wTU06SW5zdGFuY2VJRD0ieG1wLmlpZDpEMDVBNThBOUEzRDUxMUUxQjdCQkM2QUNBMTNBMDExNiIgeG1wOkNyZWF0b3JUb29sPSJBZG9iZSBQaG90b3Nob3AgQ1M2IChXaW5kb3dzKSI+IDx4bXBNTTpEZXJpdmVkRnJvbSBzdFJlZjppbnN0YW5jZUlEPSJ4bXAuaWlkOjQ4MTZDRTNCRDVBM0UxMTFBQTI2QTBCMjZENzg1Qzg5IiBzdFJlZjpkb2N1bWVudElEPSJ4bXAuZGlkOkJCNTQ2NThCMjJBM0UxMTFCQjlGOTlCRDhGRDlFQkVCIi8+IDwvcmRmOkRlc2NyaXB0aW9uPiA8L3JkZjpSREY+IDwveDp4bXBtZXRhPiA8P3hwYWNrZXQgZW5kPSJyIj8+xJ3YrgAAAYBJREFUeNpsUrtKA1EQPZtdY4gEQiD4QCsLEVGX4CP4AykEq1hYiGghCDZ+gBZWVtrZ+EAjaGOhfoAkNiaKhYWICilMEQNqoYjZ5O4d5+6ucQuLM3funDNzD7OrLe229YBwSKAEnyAP/pyIbL5fcz5rcNiLtuqJSEz3ickn5ruE/vFmJ9/LYjvAldGWqA7bJkgPtoAHQrS5G6NdiwhFWCoxHOCgKUL+iurkCBVawyamE8d4qmSZ51clBZUlh+RG14JzEsJNcaTNLVwWd1B6vXXqkmGoYNeVUPnW3JNr4+YarPoncvebEAKNekAlokaY6N/A1NA+SBgY6Eijtz2Fs5sVWNWawysorWNJsO+q9QWzaxLTYwfojA3isZzDfSnrWvTsNiyp7pOrZURC7ejrTDEpcVpY9ab+NSioLZEiapZA5nwBxZcC8g9HeK7ccYM7TDnwmoU2vx6/NIJaUjc0b0u8YvJNle5HdJvlhbI0Y31ThqsjTGr0/+8hOOQ5nfsRYACtHiy+FDd82wAAAABJRU5ErkJggg==) " "}*/

.xspecResult { width: 90%; table-layout: fixed; }

.xspecResult td,
.xspecResult th { width: 50%; }

/*.xspecResult pre { 
  margin-left: 0; 
  padding: 0.5em; 
  overflow: auto; 
  border: 1px #999 dotted;
}*/

span.scenario-totals {float: right; width: 14.5%; text-align: left}

/* OXYGEN */
span.scenario-totals {float: right; width: 34.5%; text-align: right}

h2.failed {
    background-color: #FCC;
}

h1, h2 {
    width: 86%;
    /*margin-left: 3%;*/
    
    font-size:1.4em;
    font-weight:bold;
    text-align:left;
    margin-top:1.4em;
    margin-bottom:0.7em;
    color:#333333;
    background-color:inherit;
}

h1 {
    font-size:1.7em;
}

body &gt; h1:first-child:before {
    content:"XSLT UNIT ";
}

body &gt; h2:first-of-type {
    font-size:1.7em;
}

div &gt; table &gt; tbody &gt; tr &gt; th:first-child {
    font-weight:bold;
}

div &gt; h3 {
    font-weight:bold;
    /*margin-left: 3%;*/
}

div &gt; h4 {
    font-weight:normal;
    /*margin-left: 4%;*/
}

th.result { text-align: center; }
/* OXYGEN */


/* ------------------------------------------------------------------------ */
/*  DO NOT ALTER OR REMOVE COPYRIGHT NOTICES OR THIS COMMENT.               */
/*                                                                          */
/*  Copyright (c) 2008, 2010 Jeni Tennsion                                  */
/*                                                                          */
/*  The contents of this file are subject to the MIT License (see the URI   */
/*  http://www.opensource.org/licenses/mit-license.php for details).        */
/*                                                                          */
/*  Permission is hereby granted, free of charge, to any person obtaining   */
/*  a copy of this software and associated documentation files (the         */
/*  "Software"), to deal in the Software without restriction, including     */
/*  without limitation the rights to use, copy, modify, merge, publish,     */
/*  distribute, sublicense, and/or sell copies of the Software, and to      */
/*  permit persons to whom the Software is furnished to do so, subject to   */
/*  the following conditions:                                               */
/*                                                                          */
/*  The above copyright notice and this permission notice shall be          */
/*  included in all copies or substantial portions of the Software.         */
/*                                                                          */
/*  THE SOFTWARE IS PROVIDED "AS IS", WITHOUT WARRANTY OF ANY KIND,         */
/*  EXPRESS OR IMPLIED, INCLUDING BUT NOT LIMITED TO THE WARRANTIES OF      */
/*  MERCHANTABILITY, FITNESS FOR A PARTICULAR PURPOSE AND NONINFRINGEMENT.  */
/*  IN NO EVENT SHALL THE AUTHORS OR COPYRIGHT HOLDERS BE LIABLE FOR ANY    */
/*  CLAIM, DAMAGES OR OTHER LIABILITY, WHETHER IN AN ACTION OF CONTRACT,    */
/*  TORT OR OTHERWISE, ARISING FROM, OUT OF OR IN CONNECTION WITH THE       */
/*  SOFTWARE OR THE USE OR OTHER DEALINGS IN THE SOFTWARE.                  */
/* ------------------------------------------------------------------------ */

.nobr { white-space: nowrap; }
.scenario-label { text-indent: 0px; }
.context-label { text-indent: 10px; }
.test-label { text-indent: 20px; }
.pending-label { text-indent: 30px; }


        /**/</style>
    </head><body><h1>Test Report</h1><p>Script: <a>file:/home/jostein/xprocspec/src/test/xprocspec/tests/call-3.xprocspec</a></p><p>Tested: 2013-09-02T14:16:59.558+02:00</p><h2>Contents</h2><table><col/><col/><col/><col/><col/><col/><thead><tr><th/><th>passed:4</th><th>pending:0</th><th>failed:0</th><th>errors:0</th><th>total:4</th></tr></thead><tbody><tr><th><a>ex:identity-1</a></th><th>2</th><th>0</th><th>0</th><th>0</th><th>2</th></tr><tr><th><a>ex:identity-2</a></th><th>2</th><th>0</th><th>0</th><th>0</th><th>2</th></tr></tbody></table><div><h2>Calling: <a>ex:identity-1</a><span>passed:2 / pending:0 /
                                        failed:0 / errors:0 / total:2</span></h2><table><col/><col/><tbody><tr><th>identity</th><th>passed:2 / pending:0 / failed:0 / errors:0 / total:2</th></tr><tr><th>errors</th><th>passed:1 / pending:0 / failed:0 / errors:0 / total:1</th></tr><tr><td>the step should execute successfully without throwing any errors</td><td>Success</td></tr><tr><th>the results</th><th>passed:1 / pending:0 / failed:0 / errors:0 / total:1</th></tr><tr><td>the contents of the output element should be 'Hello world! #1'</td><td>Success</td></tr></tbody></table></div><div><h2>Calling: <a>ex:identity-2</a><span>passed:2 / pending:0 /
                                        failed:0 / errors:0 / total:2</span></h2><table><col/><col/><tbody><tr><th>identity</th><th>passed:2 / pending:0 / failed:0 / errors:0 / total:2</th></tr><tr><th>errors</th><th>passed:1 / pending:0 / failed:0 / errors:0 / total:1</th></tr><tr><td>the step should execute successfully without throwing any errors</td><td>Success</td></tr><tr><th>the results</th><th>passed:1 / pending:0 / failed:0 / errors:0 / total:1</th></tr><tr><td>the contents of the output element should be 'Hello world! #2'</td><td>Success</td></tr></tbody></table></div><h2>Execution log</h2><table><thead><tr><th>Time</th><th>Severity</th><th>Message</th></tr></thead><tbody><tr><td>0.000</td><td>INFO</td><td><code><pre>#### file:/home/jostein/xprocspec/src/test/xprocspec/tests/call-3.xprocspec ####</pre></code></td></tr><tr><td>0.004</td><td>INFO</td><td><code><pre> * temporary directory: file:/tmp/xprocspec-20130902141648008/</pre></code></td></tr><tr><td>0.009</td><td>INFO</td><td><code><pre>preprocessing...</pre></code></td></tr><tr><td>0.028</td><td>INFO</td><td><code><pre> * checking for imports</pre></code></td></tr><tr><td>0.033</td><td>INFO</td><td><code><pre> * checking file:/home/jostein/xprocspec/src/test/xprocspec/tests/call-3.xprocspec for imports</pre></code></td></tr><tr><td>0.039</td><td>INFO</td><td><code><pre> * extracting step declarations from file:/home/jostein/xprocspec/src/test/xprocspec/steps/identity-library.xpl</pre></code></td></tr><tr><td>0.045</td><td>INFO</td><td><code><pre> * tests reference 2 steps</pre></code></td></tr><tr><td>0.050</td><td>INFO</td><td><code><pre>   * step: e:identity-1</pre></code></td></tr><tr><td>0.056</td><td>INFO</td><td><code><pre>   * step: e:identity-2</pre></code></td></tr><tr><td>0.061</td><td>INFO</td><td><code><pre> * trying to load: file:/home/jostein/xprocspec/src/test/xprocspec/steps/identity-library.xpl</pre></code></td></tr><tr><td>0.068</td><td>INFO</td><td><code><pre>   * success!</pre></code></td></tr><tr><td>0.076</td><td>INFO</td><td><code><pre> * trying to extract the step declaration for {http://example.net/ns}identity-1 from file:/home/jostein/xprocspec/src/test/xprocspec/steps/identity-library.xpl</pre></code></td></tr><tr><td>0.083</td><td>INFO</td><td><code><pre> * trying to extract the step declaration for {http://example.net/ns}identity-2 from file:/home/jostein/xprocspec/src/test/xprocspec/steps/identity-library.xpl</pre></code></td></tr><tr><td>0.097</td><td>INFO</td><td><code><pre> * creating a new x:description document for each x:scenario element with inferred inputs, options and parameters</pre></code></td></tr><tr><td>0.113</td><td>INFO</td><td><code><pre> * validating output grammar</pre></code></td></tr><tr><td>0.126</td><td>INFO</td><td><code><pre> * validating output grammar</pre></code></td></tr><tr><td>0.138</td><td>INFO</td><td><code><pre>compiling...</pre></code></td></tr><tr><td>0.146</td><td>INFO</td><td><code><pre> * created directory using Calabash's cxf:mkdir</pre></code></td></tr><tr><td>0.152</td><td>INFO</td><td><code><pre> * converting test 'test1' to XProc</pre></code></td></tr><tr><td>0.166</td><td>INFO</td><td><code><pre>   * done</pre></code></td></tr><tr><td>0.173</td><td>INFO</td><td><code><pre> * validating output grammar for file:/home/jostein/xprocspec/src/test/xprocspec/tests/call-3.xprocspec</pre></code></td></tr><tr><td>0.186</td><td>INFO</td><td><code><pre>   * done!</pre></code></td></tr><tr><td>0.192</td><td>INFO</td><td><code><pre> * converting test 'test2' to XProc</pre></code></td></tr><tr><td>0.205</td><td>INFO</td><td><code><pre>   * done</pre></code></td></tr><tr><td>0.211</td><td>INFO</td><td><code><pre> * validating output grammar for file:/home/jostein/xprocspec/src/test/xprocspec/tests/call-3.xprocspec</pre></code></td></tr><tr><td>0.224</td><td>INFO</td><td><code><pre>   * done!</pre></code></td></tr><tr><td>0.231</td><td>INFO</td><td><code><pre> * using as temporary directory: file:/tmp/xprocspec-20130902141648008/xprocspec-20130902141658966/</pre></code></td></tr><tr><td>0.238</td><td>INFO</td><td><code><pre>storing...</pre></code></td></tr><tr><td>0.248</td><td>INFO</td><td><code><pre>running...</pre></code></td></tr><tr><td>0.256</td><td>INFO</td><td><code><pre>   * loading 'file:/tmp/xprocspec-20130902141648008/test1.xpl'</pre></code></td></tr><tr><td>0.308</td><td>INFO</td><td><code><pre>   * loading 'file:/tmp/xprocspec-20130902141648008/test2.xpl'</pre></code></td></tr><tr><td>0.357</td><td>INFO</td><td><code><pre>evaluating...</pre></code></td></tr><tr><td>0.370</td><td>INFO</td><td><code><pre> * evaluating scenario 'identity' (file:/home/jostein/xprocspec/src/test/xprocspec/tests/call-3.xprocspec)</pre></code></td></tr><tr><td>0.377</td><td>INFO</td><td><code><pre>   * resolving x:document elements...</pre></code></td></tr><tr><td>0.386</td><td>INFO</td><td><code><pre>    * no errors occured</pre></code></td></tr><tr><td>0.400</td><td>INFO</td><td><code><pre>   * grouping x:expect elements with their x:context...</pre></code></td></tr><tr><td>0.410</td><td>INFO</td><td><code><pre>   * evaluating each context/expect group...</pre></code></td></tr><tr><td>0.417</td><td>INFO</td><td><code><pre>     * setting context to 'errors'</pre></code></td></tr><tr><td>0.424</td><td>INFO</td><td><code><pre>       * testing assertion 'the step should execute successfully without throwing any errors'</pre></code></td></tr><tr><td>0.432</td><td>INFO</td><td><code><pre>         * is document count assertion</pre></code></td></tr><tr><td>0.439</td><td>INFO</td><td><code><pre>         * assertion passed</pre></code></td></tr><tr><td>0.448</td><td>INFO</td><td><code><pre>     * setting context to 'the results'</pre></code></td></tr><tr><td>0.455</td><td>INFO</td><td><code><pre>       * testing assertion 'the contents of the output element should be 'Hello world! #1''</pre></code></td></tr><tr><td>0.463</td><td>INFO</td><td><code><pre>         * is xpath assertion</pre></code></td></tr><tr><td>0.471</td><td>INFO</td><td><code><pre>           * evaluating against context item #1</pre></code></td></tr><tr><td>0.479</td><td>INFO</td><td><code><pre>             * success</pre></code></td></tr><tr><td>0.488</td><td>INFO</td><td><code><pre>         * assertion passed</pre></code></td></tr><tr><td>0.510</td><td>INFO</td><td><code><pre> * evaluating scenario 'identity' (file:/home/jostein/xprocspec/src/test/xprocspec/tests/call-3.xprocspec)</pre></code></td></tr><tr><td>0.518</td><td>INFO</td><td><code><pre>   * resolving x:document elements...</pre></code></td></tr><tr><td>0.527</td><td>INFO</td><td><code><pre>    * no errors occured</pre></code></td></tr><tr><td>0.542</td><td>INFO</td><td><code><pre>   * grouping x:expect elements with their x:context...</pre></code></td></tr><tr><td>0.551</td><td>INFO</td><td><code><pre>   * evaluating each context/expect group...</pre></code></td></tr><tr><td>0.559</td><td>INFO</td><td><code><pre>     * setting context to 'errors'</pre></code></td></tr><tr><td>0.568</td><td>INFO</td><td><code><pre>       * testing assertion 'the step should execute successfully without throwing any errors'</pre></code></td></tr><tr><td>0.576</td><td>INFO</td><td><code><pre>         * is document count assertion</pre></code></td></tr><tr><td>0.584</td><td>INFO</td><td><code><pre>         * assertion passed</pre></code></td></tr><tr><td>0.594</td><td>INFO</td><td><code><pre>     * setting context to 'the results'</pre></code></td></tr><tr><td>0.602</td><td>INFO</td><td><code><pre>       * testing assertion 'the contents of the output element should be 'Hello world! #2''</pre></code></td></tr><tr><td>0.611</td><td>INFO</td><td><code><pre>         * is xpath assertion</pre></code></td></tr><tr><td>0.619</td><td>INFO</td><td><code><pre>           * evaluating against context item #1</pre></code></td></tr><tr><td>0.628</td><td>INFO</td><td><code><pre>             * success</pre></code></td></tr><tr><td>0.637</td><td>INFO</td><td><code><pre>         * assertion passed</pre></code></td></tr><tr><td>0.658</td><td>INFO</td><td><code><pre>reporting...</pre></code></td></tr></tbody></table><link/><script> </script><script>hljs.initHighlightingOnLoad();</script></body></html></x:document></x:output><x:output port="junit"><x:document xml:base="file:/home/jostein/xprocspec/src/main/resources/content/xml/xproc/report/report.xpl" type="inline"><testsuites><testsuite>
<properties>


</properties>
<testcase><system-out>the step should execute successfully without throwing any errors: SUCCESS</system-out>
<system-err/></testcase><testcase><system-out>the contents of the output element should be 'Hello world! #1': SUCCESS</system-out>
<system-err/></testcase></testsuite><testsuite>
<properties>


</properties>
<testcase><system-out>the step should execute successfully without throwing any errors: SUCCESS</system-out>
<system-err/></testcase><testcase><system-out>the contents of the output element should be 'Hello world! #2': SUCCESS</system-out>
<system-err/></testcase></testsuite></testsuites></x:document></x:output><x:test-result contextref="errors" result="passed" max="0" label="the step should execute successfully without throwing any errors" type="count">
                                                        <x:expected>At most 0 documents.</x:expected>
                                                    <x:was>0</x:was></x:test-result><x:test-result contextref="context8" result="passed" test="not(/*/@tests='0') and /*/@failures='0' and /*/@errors='0'" label="there should be at least one test, and none of the tests should fail" type="xpath">
                                                        <x:expected>XPath: true()
Value: </x:expected>
                                                    
                                                        <x:was>XPath: not(/*/@tests='0') and /*/@failures='0' and /*/@errors='0'
Value: </x:was>
                                                    </x:test-result></x:description><x:description xmlns:cx="http://xmlcalabash.com/ns/extensions" xmlns:c="http://www.w3.org/ns/xproc-step" xml:base="file:/home/jostein/xprocspec/src/test/xprocspec/test.xprocspec" test-base-uri="file:/home/jostein/xprocspec/src/test/xprocspec/test.xprocspec" script="file:/home/jostein/xprocspec/src/main/resources/content/xml/xproc/xprocspec.xpl" test-grammar="xprocspec" temp-dir="file:/tmp/xprocspec-20130902141648008/"><x:step-declaration><p:declare-step xmlns:p="http://www.w3.org/ns/xproc" xmlns:px="http://www.daisy.org/ns/xprocspec" xmlns:pxi="http://www.daisy.org/ns/xprocspec/xproc-internal/" xmlns:pkg="http://expath.org/ns/pkg" type="px:xprocspec" name="main" version="1.0" xpath-version="2.0" pkg:import-uri="http://www.daisy.org/ns/xprocspec/xprocspec.xpl" x:type="{http://www.daisy.org/ns/xprocspec}xprocspec"><p:input port="source" kind="document" sequence="false" primary="true"/><p:output port="result" kind="document" sequence="false" primary="false"><p:pipe port="result" step="report"/></p:output><p:output port="html" kind="document" sequence="false" primary="false"><p:pipe port="html" step="report"/></p:output><p:output port="junit" kind="document" sequence="false" primary="false"><p:pipe port="junit" step="report"/></p:output><p:option name="temp-dir" select="'file:/tmp/'"/></p:declare-step></x:step-declaration><x:scenario end-time="2013-09-02T12:17:00.474Z" label="the input element - empty sequence" start-time="2013-09-02T12:16:59.87Z"><x:call x:type="{http://www.daisy.org/ns/xprocspec}xprocspec" step="x:xprocspec"><x:option select="$temp-dir" name="temp-dir" value="file:/tmp/xprocspec-20130902141648008/"/><x:input port="source">
                    <x:document xml:base="file:/home/jostein/xprocspec/src/test/xprocspec/test.xprocspec" type="inline"><?xml-model href="http://www.daisy.org/ns/xprocspec/xprocspec.rng" type="application/xml" schematypens="http://relaxng.org/ns/structure/1.0"?><x:description xmlns:e="http://example.net/ns" script="../steps/identity.xpl">
    
    <x:scenario label="identity">
        <x:call step="e:identity">
            <x:option name="option.required" select="''"/>
            <x:input port="source.document.secondary.sequence"/>
        </x:call>
        
        <x:context label="the input">
            <x:document type="port" port="source.document.secondary.sequence"/>
        </x:context>
        <x:expect type="count" label="there must be no documents on the input port" max="0"/>
        
        <x:context label="the output">
            <x:document type="port" port="result.document.secondary.sequence"/>
        </x:context>
        <x:expect type="count" label="there must be no documents on the output port" max="0"/>
        
    </x:scenario>
    
</x:description></x:document>
                </x:input></x:call>
                                                <x:context label="errors" id="errors">
                                                    
                                                </x:context>
                                            
                                                <x:expect type="count" label="the step should execute successfully without throwing any errors" max="0" contextref="errors"/>
                                            <x:context label="the junit output port" id="context9">
                <x:document xml:base="file:/home/jostein/xprocspec/src/main/resources/content/xml/xproc/report/report.xpl" type="inline"><testsuites tests="3" failures="0" time="0.506" errors="0" name="input1"><testsuite timestamp="2013-09-02T12:17:00.39Z" hostname="localhost" tests="3" errors="0" failures="0" skipped="0" id="d22967e1" name="identity" package="http://example.net/ns" time="0.007">
<properties><property name="input: source.document.secondary.sequence" value=""/>

<property name="option: option.required" value=""/>

</properties>
<testcase name="theStepShouldExecuteSuccessfullyWithoutThrowingAnyErrors" classname="identity" assertions="1" time="0" status="SUCCESS"><system-out>the step should execute successfully without throwing any errors: SUCCESS</system-out>
<system-err/></testcase><testcase name="thereMustBeNoDocumentsOnTheInputPort" classname="identity" assertions="1" time="0" status="SUCCESS"><system-out>there must be no documents on the input port: SUCCESS</system-out>
<system-err/></testcase><testcase name="thereMustBeNoDocumentsOnTheOutputPort" classname="identity" assertions="1" time="0" status="SUCCESS"><system-out>there must be no documents on the output port: SUCCESS</system-out>
<system-err/></testcase></testsuite></testsuites></x:document>
            </x:context><x:expect label="there should be at least one test, and none of the tests should fail" type="xpath" test="not(/*/@tests='0') and /*/@failures='0' and /*/@errors='0'" contextref="context9"/></x:scenario><x:output port="result"><x:document xml:base="file:/home/jostein/xprocspec/src/main/resources/content/xml/xproc/report/report.xpl" type="inline"><x:test-report><x:description><x:step-declaration><p:declare-step xmlns:p="http://www.w3.org/ns/xproc" xmlns:ex="http://example.net/ns"><p:input><p:inline>
            <source.document.primary.default/>
        </p:inline></p:input><p:input><p:inline>
            <source.document.secondary.sequence/>
        </p:inline></p:input><p:input><p:inline>
            <default>
                <default/>
                <default/>
            </default>
        </p:inline></p:input><p:input/><p:output><p:pipe/></p:output><p:output><p:pipe/></p:output><p:output><p:pipe/></p:output><p:output><p:pipe/></p:output><p:output><p:pipe/></p:output><p:option/><p:option/><p:option/></p:declare-step></x:step-declaration><x:scenario xmlns:e="http://example.net/ns"><x:call><x:option/><x:input/></x:call>
                                                <x:context>
                                                    
                                                </x:context>
                                            
                                                <x:expect/>
                                            <x:context>
            
        </x:context><x:expect/><x:context>
            
        </x:context><x:expect/></x:scenario><x:output><x:document>
            <source.document.primary.default xmlns:ex="http://example.net/ns"/>
        </x:document></x:output><x:output/><x:output><x:document><default xmlns:ex="http://example.net/ns"/></x:document><x:document><default xmlns:ex="http://example.net/ns"/></x:document></x:output><x:output><x:document><c:param-set/></x:document></x:output><x:output><x:document>
                <c:options xmlns:ex="http://example.net/ns">
                    
                    <c:option/>
                    <c:option/>
                </c:options>
            </x:document></x:output><x:test-result>
                                                        <x:expected>At most 0 documents.</x:expected>
                                                    <x:was>0</x:was></x:test-result><x:test-result>
                                                        <x:expected>At most 0 documents.</x:expected>
                                                    <x:was>0</x:was></x:test-result><x:test-result>
                                                        <x:expected>At most 0 documents.</x:expected>
                                                    <x:was>0</x:was></x:test-result></x:description></x:test-report></x:document></x:output><x:output port="html"><x:document xml:base="file:/home/jostein/xprocspec/src/main/resources/content/xml/xproc/report/report-template.xhtml" type="inline"><html xmlns="http://www.w3.org/1999/xhtml"><head><title>Test Report for file:/home/jostein/xprocspec/src/test/xprocspec/tests/input-1.xprocspec (passed:3 / pending:0 / failed:0 / errors:0 / total:3)</title>
        <meta/>
        <style>/**/
/****************************************************************************/
/*  File:       test-report.css                                             */
/*  Author:     Jeni Tennsion                                               */
/*  URI:        http://xspec.googlecode.com/                                */
/*  Tags:                                                                   */
/*    Copyright (c) 2008, 2010 Jeni Tennsion (see end of file.)             */
/* ------------------------------------------------------------------------ */


/* test */

/* box model */

body {
	margin-right: 1em;
	/*margin-left: 10%;*/
	}

h1 {
	padding: 0.3em 0.5em 0.3em 0.5em;
	position: relative;
	}

h2 {
	padding: 0.1em 0.5em 0.2em 0.5em;
	}

h3 {
	padding-left: 0.6em;
	}

h4 {
	padding-left: 0.8em;
	}

p, table {
	/*margin-left: 5%;*/
	}

dd ul, dd ol {
	margin-left: 0%;
	}

li ul, li ol {
	/*margin-left: 5%;*/
	}

dl, ul, ol, blockquote {
	/*margin-left: 10%;*/
	}

dt {
  padding-top: 3px;
  padding-bottom: 3px;
	clear: both;
	}

dd p {
	/*margin-left: -5px;*/
	margin-top: 5px;
	clear: both;
	}

p.link {
	margin-top: 4px;
	margin-bottom: 0px;
	clear: both;
	}

tr td, td p, li, li p {
	margin-left: 0%;
	}

td:nth-child(2) {
	padding-left: 5%;
	}

.link img, dt img {
	vertical-align: middle;
	position: relative;
	top: -5px;
	}

img {
	position: relative;
	}

#xml-link {
	position: absolute;
	left: 5px;
	top: 5px;
	width: 10%;
	margin-left: 0%;
	}

#link-up {
	position: absolute;
	left: 93%;
	right: 2em;
	top: 0.3em;
	}

#link-top {
	position: absolute;
	left: 89%;
	right: 4em;
	top: 0.3em;
	}
	
.popup {
	display: block;
	visibility: hidden;
	float: right;
	position: absolute;
	top: 5px;
	left: -200px;
	z-index: 1;
	padding: 0.3em;
	width: 220px;
	}

.note {
	position: relative;
	}

.post {
	/*margin-left: 5%;*/
	padding-top: 1em;
	}
	
.example, .sidebar {
  /*margin-left: 5%;*/
  margin-top: 1em;
  margin-bottom: 1em;
  }

/*pre {
	padding-left: 5%;
	margin-left: 5%;
	}*/

/*dd pre, li pre {
	padding-left: 5%;
	}*/

/* fonts */
/* Oxygen  */
body, table {
    font-family:arial, helvetica, sans-serif;
    font-size:12px;
}
/* Oxygen  */

/*body {
	font-family: Verdana, arial, sans-serif;
	font-size: small;
	}*/	

/*h1, h2, h3, h4, h5, h6 {
	font-family: 'trebuchet MS', arial, sans-serif;
	}*/

h1 {
	font-size: 173%;
	font-weight: bold;
	}

h2 {
	font-size: 144%;
	font-weight: normal;
	}

h3 {
	font-size: 120%;
	font-weight: normal;
	}

h4 {
  font-size: 100%;
  font-weight: bold;
}

dt {
	font-weight: bold;
	}

a:link, a:visited, a:active, a:hover {
	font-weight: bold;
	}

a.offsite:link, a.offsite:visited, a.offsite:active, a.offsite:hover {
	font-weight: normal;
	}

/* suppress the normal italics */
address {
	font-style: normal;
	}

div.example, .sidebar {
  font-family: Verdana, arial, sans-serif;
  font-size: 100%;
  }


.note, .link {
	font-family: Verdana, arial, sans-serif;
	/*font-size: 83%;*/
	}

/*.example, .string, .rtf, .code, pre, code {
	font-family: "Lucida Console", "Courier New", monospace;*/
  /*font-size: 83%;*/
/*	}*/

.boolean {
	font-style: italic;
	}

#colophon, #xml-link {
	font-size: 69%;
	}

.question, .title {
	font-weight: bold;
	}

/* colours */
body {
	background-color: white;
	color: black;
	border: 0px none black;
	}

/* this is to make Navigator fill the entire line */
h1, h2 {
	border: 1px solid white;
	width: auto;
	}

h1 {
	/*background: #606;*/
	/*color: #6F6;*/
	}

h2 {
	color: #606;
	/*background: #CFC;*/
	}

hr {
	color: #606;
	background: white;
	}

img, a:link img, a:visited img, a:hover img, a:active img, #link-up img, #link-top img {
	border: 0px none white;
	background: transparent;
	}

/* OXYGEN */
a, a:visited {
    color:rgb(0, 0, 150);
    background-color:inherit;
    font-weight: bold;
}
a:link, a:visited {
    text-decoration:none; 
}
a:hover {
    text-decoration:underline;
}

/* OXYGEN */

a.img:hover, a.img:active {
	background: transparent;
	}

#colophon, #xml-link, .note {
	color: #666;
	}

#colophon a:link, #colophon a:visited, #colophon a:hover,
#xml-link a:link, #xml-link a:visited, #xml-link a:hover,
.note a:link, .note a:visited, .note a:hover {
	color: #969;
	background: transparent;
	}

#colophon a:hover, #xml-link a:hover, .note a:hover {
	background: #CFC;
	color: #969;
	}

.popup {
	background: white;
	border: 1px solid #606;
	}

.post {
	border-top: 2px solid #606;
	}
	
.example {
  border-top: 2px solid #606;
  border-bottom: 2px solid #606;
  }
  
.sidebar {
  border-top: 2px solid #090;
  border-bottom: 2px solid #090;
  }
  
.rng {
  border-left: 2px solid #666;
  }

.same {
  background-color: rgb(206, 239, 174);
}

.diff {
  background-color: #FCC;
}

.whitespace {
	font-style: italic;
	color: #999;
	background: white;
}

.ignored {
  font-style: italic;
  color: #999;
  background: white;
}

.hit {
}

.missed {
  background-color: #A33;
  color: white;
}

/* text */
ol ol li {
	list-style: lower-alpha;
	}

th {
	text-align: left;
	}

td {
	vertical-align: top;
	}

h1 {
	text-transform: uppercase;
	}

h2, h3 {
	/*text-transform: capitalize;*/
	}

.question {
	text-indent: -33px;
	}

.byline {
	text-align: right;
	}

#link-top, #link-up {
	text-align: right;
	}

a {
	text-decoration: none;
	}

table { width: 85%;
        /* border: collapse; */ }

th { text-align: left; }

.xspec tbody th { font-weight: normal; /*font-size: 0.8em;*/ border-top: 1px #666 solid; }
.xspec tbody td { /*font-size: 0.8em;*/ color: #666; }

.successful.label th, .successful.label td { background-color: #CFC; }
.pending.label th, .pending.label td { background-color: #DDD; color: #666; }
.failed.label th, .failed.label td { background-color: #FCC; }
.error.label th, .error.label td { background-color: #FAA; }
/*body &gt; table tbody .failed.label th:first-child:before {content:url(data:image/png;base64,iVBORw0KGgoAAAANSUhEUgAAAAwAAAAMCAYAAABWdVznAAAAGXRFWHRTb2Z0d2FyZQBBZG9iZSBJbWFnZVJlYWR5ccllPAAAA2ZpVFh0WE1MOmNvbS5hZG9iZS54bXAAAAAAADw/eHBhY2tldCBiZWdpbj0i77u/IiBpZD0iVzVNME1wQ2VoaUh6cmVTek5UY3prYzlkIj8+IDx4OnhtcG1ldGEgeG1sbnM6eD0iYWRvYmU6bnM6bWV0YS8iIHg6eG1wdGs9IkFkb2JlIFhNUCBDb3JlIDUuMy1jMDExIDY2LjE0NTY2MSwgMjAxMi8wMi8wNi0xNDo1NjoyNyAgICAgICAgIj4gPHJkZjpSREYgeG1sbnM6cmRmPSJodHRwOi8vd3d3LnczLm9yZy8xOTk5LzAyLzIyLXJkZi1zeW50YXgtbnMjIj4gPHJkZjpEZXNjcmlwdGlvbiByZGY6YWJvdXQ9IiIgeG1sbnM6eG1wTU09Imh0dHA6Ly9ucy5hZG9iZS5jb20veGFwLzEuMC9tbS8iIHhtbG5zOnN0UmVmPSJodHRwOi8vbnMuYWRvYmUuY29tL3hhcC8xLjAvc1R5cGUvUmVzb3VyY2VSZWYjIiB4bWxuczp4bXA9Imh0dHA6Ly9ucy5hZG9iZS5jb20veGFwLzEuMC8iIHhtcE1NOk9yaWdpbmFsRG9jdW1lbnRJRD0ieG1wLmRpZDpCQjU0NjU4QjIyQTNFMTExQkI5Rjk5QkQ4RkQ5RUJFQiIgeG1wTU06RG9jdW1lbnRJRD0ieG1wLmRpZDpEQTUyOTdBQUEzRDUxMUUxQTQwN0YzMUI0Nzg3NDU1RSIgeG1wTU06SW5zdGFuY2VJRD0ieG1wLmlpZDpEQTUyOTdBOUEzRDUxMUUxQTQwN0YzMUI0Nzg3NDU1RSIgeG1wOkNyZWF0b3JUb29sPSJBZG9iZSBQaG90b3Nob3AgQ1M2IChXaW5kb3dzKSI+IDx4bXBNTTpEZXJpdmVkRnJvbSBzdFJlZjppbnN0YW5jZUlEPSJ4bXAuaWlkOjQ4MTZDRTNCRDVBM0UxMTFBQTI2QTBCMjZENzg1Qzg5IiBzdFJlZjpkb2N1bWVudElEPSJ4bXAuZGlkOkJCNTQ2NThCMjJBM0UxMTFCQjlGOTlCRDhGRDlFQkVCIi8+IDwvcmRmOkRlc2NyaXB0aW9uPiA8L3JkZjpSREY+IDwveDp4bXBtZXRhPiA8P3hwYWNrZXQgZW5kPSJyIj8+aHNJrgAAAZ1JREFUeNpsUssrRGEU/907985YMDPNYlh4hbKZPMdgR3aysrGSSFIeKyUKpewoRTYkmcgCf4MsMI2FPDYGKeUZSoru4/uc82VC+W7fOeee+zvn/M45V1uuyCmVwDogq0hDklD6jy1dspNkdxokVrIzPFUh0/MD5OdXoJDwPFtu3d2ns6TTp9oggTlFZlmN0o4AHMmXfJGo0lmGzoE1OgmNHf5YA8rmN5HfM6wADmUuHphA9cIW/JX1yiek9DIlyijxkNjBzXYche19gNcHzfShoLUdVxtLuD/cYzCoMAzCwqYrhMDx9Chs20JRWzf4nMcXcDI3pYAqQHIAtWUJbpKursMMhpA+RiAEGzpc4X5XkDB4GjaHmiZik/PIa2rBEWVlSuW9Q+T3YndskBi46QpQFcLltchtbEZyZhxna4uKhmV9Ito/gtPNOG4P99WItdlIWARNXWOAv6AEr9cplel7/ggUleDlMqUSvNnCobHKxDsNnqs8XaWUZopp/XhxTkOR+HDVOveYUge9rNLyY9SU9v+vwXuUB2R0fQkwABfn/VKSjTLBAAAAAElFTkSuQmCC) " "}*/
/*body &gt; table tbody .error.label th:first-child:before {content:url(data:image/png;base64,iVBORw0KGgoAAAANSUhEUgAAAAwAAAAMCAYAAABWdVznAAAABmJLR0QAAAAAAAD5Q7t/AAAACXBIWXMAAAsTAAALEwEAmpwYAAAAB3RJTUUH3QcKER4AdkxvvQAAAdVJREFUKM89kM9KG0EAh7/JTHazZInEQwJ68KIWLx6Etj6EjxAobYSsD+BjCJ682EOp0FMueYmS0FMICF4i6tFNzJ/dyRh2Znoo6Xf+Pn7wEzc3Nx/W6/UvY8xJnudkWYa1Fu893nviOCaKIhuG4R/v/Ve1Xq9/bG1tnezs7JDnOVpr3t/fcc4hpaRSqVCpVORqtTp9e3v7rrTWn5vNJpPJhHK5zHg8JssyvPeEYcjR0RFpmlKr1ZjP5x9Li8VCbOR2u83BwQEvLy88PT1xfHzMxcUFQgjSNCXLskDlec5sNuPx8REpJZ1Oh+fnZ4QQnJ+fc319Tb/fZ29vD601SmvNdDplsVhwe3vLaDTi6uoKgCRJGAwGNBoNXl9fMcZQcs5hjGG1WpHnObVajQ3VahWtNcYYjDE451Cb+7z3JElCkiScnZ0hpaTX67G7u0u328V7/y+oVqsIITg8PKTT6dBqtRgOhzjnaLVa3N3dcX9/z3K5JI5jxOXlpSuKQqRpirWWh4eH//Plcpn9/X2cc2xvb1MqlQqllBpYa0/jOGYymdBsNsmyDOccURRRFAX1eh2lFGEY/lZBEHyx1v703n8KgkBEUYSUEu/9RkIIUQRB0A/D8NtflUT+nn4OS+0AAAAASUVORK5CYII=) " "}*/
.failed.label th:first-child:before, .failed.label td:first-child:before {content:url(data:image/png;base64,iVBORw0KGgoAAAANSUhEUgAAAAwAAAAMCAYAAABWdVznAAAAGXRFWHRTb2Z0d2FyZQBBZG9iZSBJbWFnZVJlYWR5ccllPAAAA2ZpVFh0WE1MOmNvbS5hZG9iZS54bXAAAAAAADw/eHBhY2tldCBiZWdpbj0i77u/IiBpZD0iVzVNME1wQ2VoaUh6cmVTek5UY3prYzlkIj8+IDx4OnhtcG1ldGEgeG1sbnM6eD0iYWRvYmU6bnM6bWV0YS8iIHg6eG1wdGs9IkFkb2JlIFhNUCBDb3JlIDUuMy1jMDExIDY2LjE0NTY2MSwgMjAxMi8wMi8wNi0xNDo1NjoyNyAgICAgICAgIj4gPHJkZjpSREYgeG1sbnM6cmRmPSJodHRwOi8vd3d3LnczLm9yZy8xOTk5LzAyLzIyLXJkZi1zeW50YXgtbnMjIj4gPHJkZjpEZXNjcmlwdGlvbiByZGY6YWJvdXQ9IiIgeG1sbnM6eG1wTU09Imh0dHA6Ly9ucy5hZG9iZS5jb20veGFwLzEuMC9tbS8iIHhtbG5zOnN0UmVmPSJodHRwOi8vbnMuYWRvYmUuY29tL3hhcC8xLjAvc1R5cGUvUmVzb3VyY2VSZWYjIiB4bWxuczp4bXA9Imh0dHA6Ly9ucy5hZG9iZS5jb20veGFwLzEuMC8iIHhtcE1NOk9yaWdpbmFsRG9jdW1lbnRJRD0ieG1wLmRpZDpCQjU0NjU4QjIyQTNFMTExQkI5Rjk5QkQ4RkQ5RUJFQiIgeG1wTU06RG9jdW1lbnRJRD0ieG1wLmRpZDpEQTUyOTdBQUEzRDUxMUUxQTQwN0YzMUI0Nzg3NDU1RSIgeG1wTU06SW5zdGFuY2VJRD0ieG1wLmlpZDpEQTUyOTdBOUEzRDUxMUUxQTQwN0YzMUI0Nzg3NDU1RSIgeG1wOkNyZWF0b3JUb29sPSJBZG9iZSBQaG90b3Nob3AgQ1M2IChXaW5kb3dzKSI+IDx4bXBNTTpEZXJpdmVkRnJvbSBzdFJlZjppbnN0YW5jZUlEPSJ4bXAuaWlkOjQ4MTZDRTNCRDVBM0UxMTFBQTI2QTBCMjZENzg1Qzg5IiBzdFJlZjpkb2N1bWVudElEPSJ4bXAuZGlkOkJCNTQ2NThCMjJBM0UxMTFCQjlGOTlCRDhGRDlFQkVCIi8+IDwvcmRmOkRlc2NyaXB0aW9uPiA8L3JkZjpSREY+IDwveDp4bXBtZXRhPiA8P3hwYWNrZXQgZW5kPSJyIj8+aHNJrgAAAZ1JREFUeNpsUssrRGEU/907985YMDPNYlh4hbKZPMdgR3aysrGSSFIeKyUKpewoRTYkmcgCf4MsMI2FPDYGKeUZSoru4/uc82VC+W7fOeee+zvn/M45V1uuyCmVwDogq0hDklD6jy1dspNkdxokVrIzPFUh0/MD5OdXoJDwPFtu3d2ns6TTp9oggTlFZlmN0o4AHMmXfJGo0lmGzoE1OgmNHf5YA8rmN5HfM6wADmUuHphA9cIW/JX1yiek9DIlyijxkNjBzXYche19gNcHzfShoLUdVxtLuD/cYzCoMAzCwqYrhMDx9Chs20JRWzf4nMcXcDI3pYAqQHIAtWUJbpKursMMhpA+RiAEGzpc4X5XkDB4GjaHmiZik/PIa2rBEWVlSuW9Q+T3YndskBi46QpQFcLltchtbEZyZhxna4uKhmV9Ito/gtPNOG4P99WItdlIWARNXWOAv6AEr9cplel7/ggUleDlMqUSvNnCobHKxDsNnqs8XaWUZopp/XhxTkOR+HDVOveYUge9rNLyY9SU9v+vwXuUB2R0fQkwABfn/VKSjTLBAAAAAElFTkSuQmCC) " "}
.error.label th:first-child:before, .error.label td:first-child:before {content:url(data:image/png;base64,iVBORw0KGgoAAAANSUhEUgAAAAwAAAAMCAYAAABWdVznAAAABmJLR0QAAAAAAAD5Q7t/AAAACXBIWXMAAAsTAAALEwEAmpwYAAAAB3RJTUUH3QcKER4AdkxvvQAAAdVJREFUKM89kM9KG0EAh7/JTHazZInEQwJ68KIWLx6Etj6EjxAobYSsD+BjCJ682EOp0FMueYmS0FMICF4i6tFNzJ/dyRh2Znoo6Xf+Pn7wEzc3Nx/W6/UvY8xJnudkWYa1Fu893nviOCaKIhuG4R/v/Ve1Xq9/bG1tnezs7JDnOVpr3t/fcc4hpaRSqVCpVORqtTp9e3v7rrTWn5vNJpPJhHK5zHg8JssyvPeEYcjR0RFpmlKr1ZjP5x9Li8VCbOR2u83BwQEvLy88PT1xfHzMxcUFQgjSNCXLskDlec5sNuPx8REpJZ1Oh+fnZ4QQnJ+fc319Tb/fZ29vD601SmvNdDplsVhwe3vLaDTi6uoKgCRJGAwGNBoNXl9fMcZQcs5hjGG1WpHnObVajQ3VahWtNcYYjDE451Cb+7z3JElCkiScnZ0hpaTX67G7u0u328V7/y+oVqsIITg8PKTT6dBqtRgOhzjnaLVa3N3dcX9/z3K5JI5jxOXlpSuKQqRpirWWh4eH//Plcpn9/X2cc2xvb1MqlQqllBpYa0/jOGYymdBsNsmyDOccURRRFAX1eh2lFGEY/lZBEHyx1v703n8KgkBEUYSUEu/9RkIIUQRB0A/D8NtflUT+nn4OS+0AAAAASUVORK5CYII=) " "}
.pending.label th:first-child:before, .pending.label td:first-child:before {content:url(data:image/png;base64,iVBORw0KGgoAAAANSUhEUgAAAAwAAAAMCAYAAABWdVznAAAAGXRFWHRTb2Z0d2FyZQBBZG9iZSBJbWFnZVJlYWR5ccllPAAAA2ZpVFh0WE1MOmNvbS5hZG9iZS54bXAAAAAAADw/eHBhY2tldCBiZWdpbj0i77u/IiBpZD0iVzVNME1wQ2VoaUh6cmVTek5UY3prYzlkIj8+IDx4OnhtcG1ldGEgeG1sbnM6eD0iYWRvYmU6bnM6bWV0YS8iIHg6eG1wdGs9IkFkb2JlIFhNUCBDb3JlIDUuMy1jMDExIDY2LjE0NTY2MSwgMjAxMi8wMi8wNi0xNDo1NjoyNyAgICAgICAgIj4gPHJkZjpSREYgeG1sbnM6cmRmPSJodHRwOi8vd3d3LnczLm9yZy8xOTk5LzAyLzIyLXJkZi1zeW50YXgtbnMjIj4gPHJkZjpEZXNjcmlwdGlvbiByZGY6YWJvdXQ9IiIgeG1sbnM6eG1wTU09Imh0dHA6Ly9ucy5hZG9iZS5jb20veGFwLzEuMC9tbS8iIHhtbG5zOnN0UmVmPSJodHRwOi8vbnMuYWRvYmUuY29tL3hhcC8xLjAvc1R5cGUvUmVzb3VyY2VSZWYjIiB4bWxuczp4bXA9Imh0dHA6Ly9ucy5hZG9iZS5jb20veGFwLzEuMC8iIHhtcE1NOk9yaWdpbmFsRG9jdW1lbnRJRD0ieG1wLmRpZDpCQjU0NjU4QjIyQTNFMTExQkI5Rjk5QkQ4RkQ5RUJFQiIgeG1wTU06RG9jdW1lbnRJRD0ieG1wLmRpZDpDODdDM0Y0QUEzRDUxMUUxQjk5N0MzQjVFRDMyQUE1MiIgeG1wTU06SW5zdGFuY2VJRD0ieG1wLmlpZDpDODdDM0Y0OUEzRDUxMUUxQjk5N0MzQjVFRDMyQUE1MiIgeG1wOkNyZWF0b3JUb29sPSJBZG9iZSBQaG90b3Nob3AgQ1M2IChXaW5kb3dzKSI+IDx4bXBNTTpEZXJpdmVkRnJvbSBzdFJlZjppbnN0YW5jZUlEPSJ4bXAuaWlkOjQ4MTZDRTNCRDVBM0UxMTFBQTI2QTBCMjZENzg1Qzg5IiBzdFJlZjpkb2N1bWVudElEPSJ4bXAuZGlkOkJCNTQ2NThCMjJBM0UxMTFCQjlGOTlCRDhGRDlFQkVCIi8+IDwvcmRmOkRlc2NyaXB0aW9uPiA8L3JkZjpSREY+IDwveDp4bXBtZXRhPiA8P3hwYWNrZXQgZW5kPSJyIj8+yj6RYgAAAPZJREFUeNp0kM8KgkAQxmc1E0Wfo3vQn5eRSDx4EUHwbTpEhx4lil7DiydBQUFXp5nAMNsGhpnd/X77za4Iw3CFiFcAWFMFDkXtKZ/UHhfUnB3HWdu2/REpAL2u631ZlicGdpZlwTAMSmBM0zS5bhgQLB5FU3AOUS4XvNn3vVKgAACCIMA0TbFpGsyyDJMkefdFUWAcx1hVFeZ5jlEUoed5qPEI7KDrOhiG8e6llNC27Zcz77FW+L6Pruv+WKtGIzfgR39umv/UHOJgAMlO/BPOXCQDD5p3r2ma8lvHNU9BcWPg0HXdhRZbOhRT8aSXVO9U/ZcAAwAsmjsSQcM0lwAAAABJRU5ErkJggg==) " ";}
.successful.label th:first-child:before, .successful.label td:first-child:before {content:url(data:image/png;base64,iVBORw0KGgoAAAANSUhEUgAAAAwAAAAMCAYAAABWdVznAAAAGXRFWHRTb2Z0d2FyZQBBZG9iZSBJbWFnZVJlYWR5ccllPAAAA2ZpVFh0WE1MOmNvbS5hZG9iZS54bXAAAAAAADw/eHBhY2tldCBiZWdpbj0i77u/IiBpZD0iVzVNME1wQ2VoaUh6cmVTek5UY3prYzlkIj8+IDx4OnhtcG1ldGEgeG1sbnM6eD0iYWRvYmU6bnM6bWV0YS8iIHg6eG1wdGs9IkFkb2JlIFhNUCBDb3JlIDUuMy1jMDExIDY2LjE0NTY2MSwgMjAxMi8wMi8wNi0xNDo1NjoyNyAgICAgICAgIj4gPHJkZjpSREYgeG1sbnM6cmRmPSJodHRwOi8vd3d3LnczLm9yZy8xOTk5LzAyLzIyLXJkZi1zeW50YXgtbnMjIj4gPHJkZjpEZXNjcmlwdGlvbiByZGY6YWJvdXQ9IiIgeG1sbnM6eG1wTU09Imh0dHA6Ly9ucy5hZG9iZS5jb20veGFwLzEuMC9tbS8iIHhtbG5zOnN0UmVmPSJodHRwOi8vbnMuYWRvYmUuY29tL3hhcC8xLjAvc1R5cGUvUmVzb3VyY2VSZWYjIiB4bWxuczp4bXA9Imh0dHA6Ly9ucy5hZG9iZS5jb20veGFwLzEuMC8iIHhtcE1NOk9yaWdpbmFsRG9jdW1lbnRJRD0ieG1wLmRpZDpCQjU0NjU4QjIyQTNFMTExQkI5Rjk5QkQ4RkQ5RUJFQiIgeG1wTU06RG9jdW1lbnRJRD0ieG1wLmRpZDpEMDVBNThBQUEzRDUxMUUxQjdCQkM2QUNBMTNBMDExNiIgeG1wTU06SW5zdGFuY2VJRD0ieG1wLmlpZDpEMDVBNThBOUEzRDUxMUUxQjdCQkM2QUNBMTNBMDExNiIgeG1wOkNyZWF0b3JUb29sPSJBZG9iZSBQaG90b3Nob3AgQ1M2IChXaW5kb3dzKSI+IDx4bXBNTTpEZXJpdmVkRnJvbSBzdFJlZjppbnN0YW5jZUlEPSJ4bXAuaWlkOjQ4MTZDRTNCRDVBM0UxMTFBQTI2QTBCMjZENzg1Qzg5IiBzdFJlZjpkb2N1bWVudElEPSJ4bXAuZGlkOkJCNTQ2NThCMjJBM0UxMTFCQjlGOTlCRDhGRDlFQkVCIi8+IDwvcmRmOkRlc2NyaXB0aW9uPiA8L3JkZjpSREY+IDwveDp4bXBtZXRhPiA8P3hwYWNrZXQgZW5kPSJyIj8+xJ3YrgAAAYBJREFUeNpsUrtKA1EQPZtdY4gEQiD4QCsLEVGX4CP4AykEq1hYiGghCDZ+gBZWVtrZ+EAjaGOhfoAkNiaKhYWICilMEQNqoYjZ5O4d5+6ucQuLM3funDNzD7OrLe229YBwSKAEnyAP/pyIbL5fcz5rcNiLtuqJSEz3ickn5ruE/vFmJ9/LYjvAldGWqA7bJkgPtoAHQrS5G6NdiwhFWCoxHOCgKUL+iurkCBVawyamE8d4qmSZ51clBZUlh+RG14JzEsJNcaTNLVwWd1B6vXXqkmGoYNeVUPnW3JNr4+YarPoncvebEAKNekAlokaY6N/A1NA+SBgY6Eijtz2Fs5sVWNWawysorWNJsO+q9QWzaxLTYwfojA3isZzDfSnrWvTsNiyp7pOrZURC7ejrTDEpcVpY9ab+NSioLZEiapZA5nwBxZcC8g9HeK7ccYM7TDnwmoU2vx6/NIJaUjc0b0u8YvJNle5HdJvlhbI0Y31ThqsjTGr0/+8hOOQ5nfsRYACtHiy+FDd82wAAAABJRU5ErkJggg==) " "}
/*.successful.label a:before {content:url(data:image/png;base64,iVBORw0KGgoAAAANSUhEUgAAAAwAAAAMCAYAAABWdVznAAAAGXRFWHRTb2Z0d2FyZQBBZG9iZSBJbWFnZVJlYWR5ccllPAAAA2ZpVFh0WE1MOmNvbS5hZG9iZS54bXAAAAAAADw/eHBhY2tldCBiZWdpbj0i77u/IiBpZD0iVzVNME1wQ2VoaUh6cmVTek5UY3prYzlkIj8+IDx4OnhtcG1ldGEgeG1sbnM6eD0iYWRvYmU6bnM6bWV0YS8iIHg6eG1wdGs9IkFkb2JlIFhNUCBDb3JlIDUuMy1jMDExIDY2LjE0NTY2MSwgMjAxMi8wMi8wNi0xNDo1NjoyNyAgICAgICAgIj4gPHJkZjpSREYgeG1sbnM6cmRmPSJodHRwOi8vd3d3LnczLm9yZy8xOTk5LzAyLzIyLXJkZi1zeW50YXgtbnMjIj4gPHJkZjpEZXNjcmlwdGlvbiByZGY6YWJvdXQ9IiIgeG1sbnM6eG1wTU09Imh0dHA6Ly9ucy5hZG9iZS5jb20veGFwLzEuMC9tbS8iIHhtbG5zOnN0UmVmPSJodHRwOi8vbnMuYWRvYmUuY29tL3hhcC8xLjAvc1R5cGUvUmVzb3VyY2VSZWYjIiB4bWxuczp4bXA9Imh0dHA6Ly9ucy5hZG9iZS5jb20veGFwLzEuMC8iIHhtcE1NOk9yaWdpbmFsRG9jdW1lbnRJRD0ieG1wLmRpZDpCQjU0NjU4QjIyQTNFMTExQkI5Rjk5QkQ4RkQ5RUJFQiIgeG1wTU06RG9jdW1lbnRJRD0ieG1wLmRpZDpEMDVBNThBQUEzRDUxMUUxQjdCQkM2QUNBMTNBMDExNiIgeG1wTU06SW5zdGFuY2VJRD0ieG1wLmlpZDpEMDVBNThBOUEzRDUxMUUxQjdCQkM2QUNBMTNBMDExNiIgeG1wOkNyZWF0b3JUb29sPSJBZG9iZSBQaG90b3Nob3AgQ1M2IChXaW5kb3dzKSI+IDx4bXBNTTpEZXJpdmVkRnJvbSBzdFJlZjppbnN0YW5jZUlEPSJ4bXAuaWlkOjQ4MTZDRTNCRDVBM0UxMTFBQTI2QTBCMjZENzg1Qzg5IiBzdFJlZjpkb2N1bWVudElEPSJ4bXAuZGlkOkJCNTQ2NThCMjJBM0UxMTFCQjlGOTlCRDhGRDlFQkVCIi8+IDwvcmRmOkRlc2NyaXB0aW9uPiA8L3JkZjpSREY+IDwveDp4bXBtZXRhPiA8P3hwYWNrZXQgZW5kPSJyIj8+xJ3YrgAAAYBJREFUeNpsUrtKA1EQPZtdY4gEQiD4QCsLEVGX4CP4AykEq1hYiGghCDZ+gBZWVtrZ+EAjaGOhfoAkNiaKhYWICilMEQNqoYjZ5O4d5+6ucQuLM3funDNzD7OrLe229YBwSKAEnyAP/pyIbL5fcz5rcNiLtuqJSEz3ickn5ruE/vFmJ9/LYjvAldGWqA7bJkgPtoAHQrS5G6NdiwhFWCoxHOCgKUL+iurkCBVawyamE8d4qmSZ51clBZUlh+RG14JzEsJNcaTNLVwWd1B6vXXqkmGoYNeVUPnW3JNr4+YarPoncvebEAKNekAlokaY6N/A1NA+SBgY6Eijtz2Fs5sVWNWawysorWNJsO+q9QWzaxLTYwfojA3isZzDfSnrWvTsNiyp7pOrZURC7ejrTDEpcVpY9ab+NSioLZEiapZA5nwBxZcC8g9HeK7ccYM7TDnwmoU2vx6/NIJaUjc0b0u8YvJNle5HdJvlhbI0Y31ThqsjTGr0/+8hOOQ5nfsRYACtHiy+FDd82wAAAABJRU5ErkJggg==) " "}*/

.xspecResult { width: 90%; table-layout: fixed; }

.xspecResult td,
.xspecResult th { width: 50%; }

/*.xspecResult pre { 
  margin-left: 0; 
  padding: 0.5em; 
  overflow: auto; 
  border: 1px #999 dotted;
}*/

span.scenario-totals {float: right; width: 14.5%; text-align: left}

/* OXYGEN */
span.scenario-totals {float: right; width: 34.5%; text-align: right}

h2.failed {
    background-color: #FCC;
}

h1, h2 {
    width: 86%;
    /*margin-left: 3%;*/
    
    font-size:1.4em;
    font-weight:bold;
    text-align:left;
    margin-top:1.4em;
    margin-bottom:0.7em;
    color:#333333;
    background-color:inherit;
}

h1 {
    font-size:1.7em;
}

body &gt; h1:first-child:before {
    content:"XSLT UNIT ";
}

body &gt; h2:first-of-type {
    font-size:1.7em;
}

div &gt; table &gt; tbody &gt; tr &gt; th:first-child {
    font-weight:bold;
}

div &gt; h3 {
    font-weight:bold;
    /*margin-left: 3%;*/
}

div &gt; h4 {
    font-weight:normal;
    /*margin-left: 4%;*/
}

th.result { text-align: center; }
/* OXYGEN */


/* ------------------------------------------------------------------------ */
/*  DO NOT ALTER OR REMOVE COPYRIGHT NOTICES OR THIS COMMENT.               */
/*                                                                          */
/*  Copyright (c) 2008, 2010 Jeni Tennsion                                  */
/*                                                                          */
/*  The contents of this file are subject to the MIT License (see the URI   */
/*  http://www.opensource.org/licenses/mit-license.php for details).        */
/*                                                                          */
/*  Permission is hereby granted, free of charge, to any person obtaining   */
/*  a copy of this software and associated documentation files (the         */
/*  "Software"), to deal in the Software without restriction, including     */
/*  without limitation the rights to use, copy, modify, merge, publish,     */
/*  distribute, sublicense, and/or sell copies of the Software, and to      */
/*  permit persons to whom the Software is furnished to do so, subject to   */
/*  the following conditions:                                               */
/*                                                                          */
/*  The above copyright notice and this permission notice shall be          */
/*  included in all copies or substantial portions of the Software.         */
/*                                                                          */
/*  THE SOFTWARE IS PROVIDED "AS IS", WITHOUT WARRANTY OF ANY KIND,         */
/*  EXPRESS OR IMPLIED, INCLUDING BUT NOT LIMITED TO THE WARRANTIES OF      */
/*  MERCHANTABILITY, FITNESS FOR A PARTICULAR PURPOSE AND NONINFRINGEMENT.  */
/*  IN NO EVENT SHALL THE AUTHORS OR COPYRIGHT HOLDERS BE LIABLE FOR ANY    */
/*  CLAIM, DAMAGES OR OTHER LIABILITY, WHETHER IN AN ACTION OF CONTRACT,    */
/*  TORT OR OTHERWISE, ARISING FROM, OUT OF OR IN CONNECTION WITH THE       */
/*  SOFTWARE OR THE USE OR OTHER DEALINGS IN THE SOFTWARE.                  */
/* ------------------------------------------------------------------------ */

.nobr { white-space: nowrap; }
.scenario-label { text-indent: 0px; }
.context-label { text-indent: 10px; }
.test-label { text-indent: 20px; }
.pending-label { text-indent: 30px; }


        /**/</style>
    </head><body><h1>Test Report</h1><p>Script: <a>file:/home/jostein/xprocspec/src/test/xprocspec/tests/input-1.xprocspec</a></p><p>Tested: 2013-09-02T14:17:00.439+02:00</p><h2>Contents</h2><table><col/><col/><col/><col/><col/><col/><thead><tr><th/><th>passed:3</th><th>pending:0</th><th>failed:0</th><th>errors:0</th><th>total:3</th></tr></thead><tbody><tr><th><a>ex:identity</a></th><th>3</th><th>0</th><th>0</th><th>0</th><th>3</th></tr></tbody></table><div><h2>Calling: <a>ex:identity</a><span>passed:3 / pending:0 /
                                        failed:0 / errors:0 / total:3</span></h2><table><col/><col/><tbody><tr><th>identity</th><th>passed:3 / pending:0 / failed:0 / errors:0 / total:3</th></tr><tr><th>errors</th><th>passed:1 / pending:0 / failed:0 / errors:0 / total:1</th></tr><tr><td>the step should execute successfully without throwing any errors</td><td>Success</td></tr><tr><th>the input</th><th>passed:1 / pending:0 / failed:0 / errors:0 / total:1</th></tr><tr><td>there must be no documents on the input port</td><td>Success</td></tr><tr><th>the output</th><th>passed:1 / pending:0 / failed:0 / errors:0 / total:1</th></tr><tr><td>there must be no documents on the output port</td><td>Success</td></tr></tbody></table></div><h2>Execution log</h2><table><thead><tr><th>Time</th><th>Severity</th><th>Message</th></tr></thead><tbody><tr><td>0.000</td><td>INFO</td><td><code><pre>#### file:/home/jostein/xprocspec/src/test/xprocspec/tests/input-1.xprocspec ####</pre></code></td></tr><tr><td>0.005</td><td>INFO</td><td><code><pre> * temporary directory: file:/tmp/xprocspec-20130902141648008/</pre></code></td></tr><tr><td>0.009</td><td>INFO</td><td><code><pre>preprocessing...</pre></code></td></tr><tr><td>0.027</td><td>INFO</td><td><code><pre> * checking for imports</pre></code></td></tr><tr><td>0.033</td><td>INFO</td><td><code><pre> * checking file:/home/jostein/xprocspec/src/test/xprocspec/tests/input-1.xprocspec for imports</pre></code></td></tr><tr><td>0.039</td><td>INFO</td><td><code><pre> * extracting step declarations from file:/home/jostein/xprocspec/src/test/xprocspec/steps/identity.xpl</pre></code></td></tr><tr><td>0.044</td><td>INFO</td><td><code><pre> * tests reference 1 step</pre></code></td></tr><tr><td>0.050</td><td>INFO</td><td><code><pre>   * step: e:identity</pre></code></td></tr><tr><td>0.055</td><td>INFO</td><td><code><pre> * trying to load: file:/home/jostein/xprocspec/src/test/xprocspec/steps/identity.xpl</pre></code></td></tr><tr><td>0.061</td><td>INFO</td><td><code><pre>   * success!</pre></code></td></tr><tr><td>0.069</td><td>INFO</td><td><code><pre> * trying to extract the step declaration for {http://example.net/ns}identity from file:/home/jostein/xprocspec/src/test/xprocspec/steps/identity.xpl</pre></code></td></tr><tr><td>0.081</td><td>INFO</td><td><code><pre> * creating a new x:description document for each x:scenario element with inferred inputs, options and parameters</pre></code></td></tr><tr><td>0.096</td><td>INFO</td><td><code><pre> * validating output grammar</pre></code></td></tr><tr><td>0.109</td><td>INFO</td><td><code><pre>compiling...</pre></code></td></tr><tr><td>0.116</td><td>INFO</td><td><code><pre> * created directory using Calabash's cxf:mkdir</pre></code></td></tr><tr><td>0.122</td><td>INFO</td><td><code><pre> * converting test 'test1' to XProc</pre></code></td></tr><tr><td>0.137</td><td>INFO</td><td><code><pre>   * done</pre></code></td></tr><tr><td>0.143</td><td>INFO</td><td><code><pre> * validating output grammar for file:/home/jostein/xprocspec/src/test/xprocspec/tests/input-1.xprocspec</pre></code></td></tr><tr><td>0.156</td><td>INFO</td><td><code><pre>   * done!</pre></code></td></tr><tr><td>0.164</td><td>INFO</td><td><code><pre> * using as temporary directory: file:/tmp/xprocspec-20130902141648008/xprocspec-20130902141659988/</pre></code></td></tr><tr><td>0.170</td><td>INFO</td><td><code><pre>storing...</pre></code></td></tr><tr><td>0.178</td><td>INFO</td><td><code><pre>running...</pre></code></td></tr><tr><td>0.186</td><td>INFO</td><td><code><pre>   * loading 'file:/tmp/xprocspec-20130902141648008/test1.xpl'</pre></code></td></tr><tr><td>0.251</td><td>INFO</td><td><code><pre>evaluating...</pre></code></td></tr><tr><td>0.265</td><td>INFO</td><td><code><pre> * evaluating scenario 'identity' (file:/home/jostein/xprocspec/src/test/xprocspec/tests/input-1.xprocspec)</pre></code></td></tr><tr><td>0.272</td><td>INFO</td><td><code><pre>   * resolving x:document elements...</pre></code></td></tr><tr><td>0.281</td><td>INFO</td><td><code><pre>    * no errors occured</pre></code></td></tr><tr><td>0.292</td><td>WARN</td><td><code><pre>   * port not found: "source.document.secondary.sequence"</pre></code></td></tr><tr><td>0.302</td><td>WARN</td><td><code><pre>   * port not found: "result.document.secondary.sequence"</pre></code></td></tr><tr><td>0.320</td><td>INFO</td><td><code><pre>   * grouping x:expect elements with their x:context...</pre></code></td></tr><tr><td>0.330</td><td>INFO</td><td><code><pre>   * evaluating each context/expect group...</pre></code></td></tr><tr><td>0.337</td><td>INFO</td><td><code><pre>     * setting context to 'errors'</pre></code></td></tr><tr><td>0.344</td><td>INFO</td><td><code><pre>       * testing assertion 'the step should execute successfully without throwing any errors'</pre></code></td></tr><tr><td>0.351</td><td>INFO</td><td><code><pre>         * is document count assertion</pre></code></td></tr><tr><td>0.358</td><td>INFO</td><td><code><pre>         * assertion passed</pre></code></td></tr><tr><td>0.367</td><td>INFO</td><td><code><pre>     * setting context to 'the input'</pre></code></td></tr><tr><td>0.375</td><td>INFO</td><td><code><pre>       * testing assertion 'there must be no documents on the input port'</pre></code></td></tr><tr><td>0.382</td><td>INFO</td><td><code><pre>         * is document count assertion</pre></code></td></tr><tr><td>0.390</td><td>INFO</td><td><code><pre>         * assertion passed</pre></code></td></tr><tr><td>0.399</td><td>INFO</td><td><code><pre>     * setting context to 'the output'</pre></code></td></tr><tr><td>0.406</td><td>INFO</td><td><code><pre>       * testing assertion 'there must be no documents on the output port'</pre></code></td></tr><tr><td>0.415</td><td>INFO</td><td><code><pre>         * is document count assertion</pre></code></td></tr><tr><td>0.422</td><td>INFO</td><td><code><pre>         * assertion passed</pre></code></td></tr><tr><td>0.445</td><td>INFO</td><td><code><pre>reporting...</pre></code></td></tr></tbody></table><link/><script> </script><script>hljs.initHighlightingOnLoad();</script></body></html></x:document></x:output><x:output port="junit"><x:document xml:base="file:/home/jostein/xprocspec/src/main/resources/content/xml/xproc/report/report.xpl" type="inline"><testsuites><testsuite>
<properties><property/>

<property/>

</properties>
<testcase><system-out>the step should execute successfully without throwing any errors: SUCCESS</system-out>
<system-err/></testcase><testcase><system-out>there must be no documents on the input port: SUCCESS</system-out>
<system-err/></testcase><testcase><system-out>there must be no documents on the output port: SUCCESS</system-out>
<system-err/></testcase></testsuite></testsuites></x:document></x:output><x:test-result contextref="errors" result="passed" max="0" label="the step should execute successfully without throwing any errors" type="count">
                                                        <x:expected>At most 0 documents.</x:expected>
                                                    <x:was>0</x:was></x:test-result><x:test-result contextref="context9" result="passed" test="not(/*/@tests='0') and /*/@failures='0' and /*/@errors='0'" label="there should be at least one test, and none of the tests should fail" type="xpath">
                                                        <x:expected>XPath: true()
Value: </x:expected>
                                                    
                                                        <x:was>XPath: not(/*/@tests='0') and /*/@failures='0' and /*/@errors='0'
Value: </x:was>
                                                    </x:test-result></x:description><x:description xmlns:cx="http://xmlcalabash.com/ns/extensions" xmlns:c="http://www.w3.org/ns/xproc-step" xml:base="file:/home/jostein/xprocspec/src/test/xprocspec/test.xprocspec" test-base-uri="file:/home/jostein/xprocspec/src/test/xprocspec/test.xprocspec" script="file:/home/jostein/xprocspec/src/main/resources/content/xml/xproc/xprocspec.xpl" test-grammar="xprocspec" temp-dir="file:/tmp/xprocspec-20130902141648008/"><x:step-declaration><p:declare-step xmlns:p="http://www.w3.org/ns/xproc" xmlns:px="http://www.daisy.org/ns/xprocspec" xmlns:pxi="http://www.daisy.org/ns/xprocspec/xproc-internal/" xmlns:pkg="http://expath.org/ns/pkg" type="px:xprocspec" name="main" version="1.0" xpath-version="2.0" pkg:import-uri="http://www.daisy.org/ns/xprocspec/xprocspec.xpl" x:type="{http://www.daisy.org/ns/xprocspec}xprocspec"><p:input port="source" kind="document" sequence="false" primary="true"/><p:output port="result" kind="document" sequence="false" primary="false"><p:pipe port="result" step="report"/></p:output><p:output port="html" kind="document" sequence="false" primary="false"><p:pipe port="html" step="report"/></p:output><p:output port="junit" kind="document" sequence="false" primary="false"><p:pipe port="junit" step="report"/></p:output><p:option name="temp-dir" select="'file:/tmp/'"/></p:declare-step></x:step-declaration><x:scenario end-time="2013-09-02T12:17:01.292Z" label="the input element - sequence of two documents" start-time="2013-09-02T12:17:00.739Z"><x:call x:type="{http://www.daisy.org/ns/xprocspec}xprocspec" step="x:xprocspec"><x:option select="$temp-dir" name="temp-dir" value="file:/tmp/xprocspec-20130902141648008/"/><x:input port="source">
                    <x:document xml:base="file:/home/jostein/xprocspec/src/test/xprocspec/test.xprocspec" type="inline"><?xml-model href="http://www.daisy.org/ns/xprocspec/xprocspec.rng" type="application/xml" schematypens="http://relaxng.org/ns/structure/1.0"?><x:description xmlns:e="http://example.net/ns" script="../steps/identity.xpl">
    
    <x:scenario label="identity">
        <x:call step="e:identity">
            <x:option name="option.required" select="''"/>
            <x:input port="source.document.secondary.sequence">
                <x:document type="inline">
                    <doc1/>
                </x:document>
                <x:document type="inline">
                    <doc2/>
                </x:document>
            </x:input>
        </x:call>
        
        <x:context label="the input">
            <x:document type="port" port="source.document.secondary.sequence"/>
        </x:context>
        <x:expect type="count" label="there must be two documents on the input port" min="2" max="2"/>
        
        <x:context label="the output">
            <x:document type="port" port="result.document.secondary.sequence"/>
        </x:context>
        <x:expect type="count" label="there must be two documents on the output port" min="2" max="2"/>
        
    </x:scenario>
    
</x:description></x:document>
                </x:input></x:call>
                                                <x:context label="errors" id="errors">
                                                    
                                                </x:context>
                                            
                                                <x:expect type="count" label="the step should execute successfully without throwing any errors" max="0" contextref="errors"/>
                                            <x:context label="the junit output port" id="context10">
                <x:document xml:base="file:/home/jostein/xprocspec/src/main/resources/content/xml/xproc/report/report.xpl" type="inline"><testsuites tests="3" failures="0" time="0.445" errors="0" name="input2"><testsuite timestamp="2013-09-02T12:17:01.199Z" hostname="localhost" tests="3" errors="0" failures="0" skipped="0" id="d24460e1" name="identity" package="http://example.net/ns" time="0.008">
<properties><property name="input: source.document.secondary.sequence" value="&lt;doc1 xmlns=&#34;&#34; .../&gt; (Base URI: file:/home/jostein/xprocspec/src/test/xprocspec/tests/input-2.xprocspec)&#xA;&lt;doc2 xmlns=&#34;&#34; .../&gt; (Base URI: file:/home/jostein/xprocspec/src/test/xprocspec/tests/input-2.xprocspec)"/>

<property name="option: option.required" value=""/>

</properties>
<testcase name="theStepShouldExecuteSuccessfullyWithoutThrowingAnyErrors" classname="identity" assertions="1" time="0" status="SUCCESS"><system-out>the step should execute successfully without throwing any errors: SUCCESS</system-out>
<system-err/></testcase><testcase name="thereMustBeTwoDocumentsOnTheInputPort" classname="identity" assertions="1" time="0" status="SUCCESS"><system-out>there must be two documents on the input port: SUCCESS</system-out>
<system-err/></testcase><testcase name="thereMustBeTwoDocumentsOnTheOutputPort" classname="identity" assertions="1" time="0" status="SUCCESS"><system-out>there must be two documents on the output port: SUCCESS</system-out>
<system-err/></testcase></testsuite></testsuites></x:document>
            </x:context><x:expect label="there should be at least one test, and none of the tests should fail" type="xpath" test="not(/*/@tests='0') and /*/@failures='0' and /*/@errors='0'" contextref="context10"/></x:scenario><x:output port="result"><x:document xml:base="file:/home/jostein/xprocspec/src/main/resources/content/xml/xproc/report/report.xpl" type="inline"><x:test-report><x:description><x:step-declaration><p:declare-step xmlns:p="http://www.w3.org/ns/xproc" xmlns:ex="http://example.net/ns"><p:input><p:inline>
            <source.document.primary.default/>
        </p:inline></p:input><p:input><p:inline>
            <source.document.secondary.sequence/>
        </p:inline></p:input><p:input><p:inline>
            <default>
                <default/>
                <default/>
            </default>
        </p:inline></p:input><p:input/><p:output><p:pipe/></p:output><p:output><p:pipe/></p:output><p:output><p:pipe/></p:output><p:output><p:pipe/></p:output><p:output><p:pipe/></p:output><p:option/><p:option/><p:option/></p:declare-step></x:step-declaration><x:scenario xmlns:e="http://example.net/ns"><x:call><x:option/><x:input>
                <x:document>
                    <doc1/>
                </x:document>
                <x:document>
                    <doc2/>
                </x:document>
            </x:input></x:call>
                                                <x:context>
                                                    
                                                </x:context>
                                            
                                                <x:expect/>
                                            <x:context>
            <x:document>
                    <doc1/>
                </x:document><x:document>
                    <doc2/>
                </x:document>
        </x:context><x:expect/><x:context>
            <x:document><doc1 xmlns:ex="http://example.net/ns"/></x:document><x:document><doc2 xmlns:ex="http://example.net/ns"/></x:document>
        </x:context><x:expect/></x:scenario><x:output><x:document>
            <source.document.primary.default xmlns:ex="http://example.net/ns"/>
        </x:document></x:output><x:output><x:document><doc1 xmlns:e="http://example.net/ns" xmlns:ex="http://example.net/ns"/></x:document><x:document><doc2 xmlns:e="http://example.net/ns" xmlns:ex="http://example.net/ns"/></x:document></x:output><x:output><x:document><default xmlns:ex="http://example.net/ns"/></x:document><x:document><default xmlns:ex="http://example.net/ns"/></x:document></x:output><x:output><x:document><c:param-set/></x:document></x:output><x:output><x:document>
                <c:options xmlns:ex="http://example.net/ns">
                    
                    <c:option/>
                    <c:option/>
                </c:options>
            </x:document></x:output><x:test-result>
                                                        <x:expected>At most 0 documents.</x:expected>
                                                    <x:was>0</x:was></x:test-result><x:test-result>
                                                        <x:expected>At least 2 and at most 2 documents.</x:expected>
                                                    <x:was>2</x:was></x:test-result><x:test-result>
                                                        <x:expected>At least 2 and at most 2 documents.</x:expected>
                                                    <x:was>2</x:was></x:test-result></x:description></x:test-report></x:document></x:output><x:output port="html"><x:document xml:base="file:/home/jostein/xprocspec/src/main/resources/content/xml/xproc/report/report-template.xhtml" type="inline"><html xmlns="http://www.w3.org/1999/xhtml"><head><title>Test Report for file:/home/jostein/xprocspec/src/test/xprocspec/tests/input-2.xprocspec (passed:3 / pending:0 / failed:0 / errors:0 / total:3)</title>
        <meta/>
        <style>/**/
/****************************************************************************/
/*  File:       test-report.css                                             */
/*  Author:     Jeni Tennsion                                               */
/*  URI:        http://xspec.googlecode.com/                                */
/*  Tags:                                                                   */
/*    Copyright (c) 2008, 2010 Jeni Tennsion (see end of file.)             */
/* ------------------------------------------------------------------------ */


/* test */

/* box model */

body {
	margin-right: 1em;
	/*margin-left: 10%;*/
	}

h1 {
	padding: 0.3em 0.5em 0.3em 0.5em;
	position: relative;
	}

h2 {
	padding: 0.1em 0.5em 0.2em 0.5em;
	}

h3 {
	padding-left: 0.6em;
	}

h4 {
	padding-left: 0.8em;
	}

p, table {
	/*margin-left: 5%;*/
	}

dd ul, dd ol {
	margin-left: 0%;
	}

li ul, li ol {
	/*margin-left: 5%;*/
	}

dl, ul, ol, blockquote {
	/*margin-left: 10%;*/
	}

dt {
  padding-top: 3px;
  padding-bottom: 3px;
	clear: both;
	}

dd p {
	/*margin-left: -5px;*/
	margin-top: 5px;
	clear: both;
	}

p.link {
	margin-top: 4px;
	margin-bottom: 0px;
	clear: both;
	}

tr td, td p, li, li p {
	margin-left: 0%;
	}

td:nth-child(2) {
	padding-left: 5%;
	}

.link img, dt img {
	vertical-align: middle;
	position: relative;
	top: -5px;
	}

img {
	position: relative;
	}

#xml-link {
	position: absolute;
	left: 5px;
	top: 5px;
	width: 10%;
	margin-left: 0%;
	}

#link-up {
	position: absolute;
	left: 93%;
	right: 2em;
	top: 0.3em;
	}

#link-top {
	position: absolute;
	left: 89%;
	right: 4em;
	top: 0.3em;
	}
	
.popup {
	display: block;
	visibility: hidden;
	float: right;
	position: absolute;
	top: 5px;
	left: -200px;
	z-index: 1;
	padding: 0.3em;
	width: 220px;
	}

.note {
	position: relative;
	}

.post {
	/*margin-left: 5%;*/
	padding-top: 1em;
	}
	
.example, .sidebar {
  /*margin-left: 5%;*/
  margin-top: 1em;
  margin-bottom: 1em;
  }

/*pre {
	padding-left: 5%;
	margin-left: 5%;
	}*/

/*dd pre, li pre {
	padding-left: 5%;
	}*/

/* fonts */
/* Oxygen  */
body, table {
    font-family:arial, helvetica, sans-serif;
    font-size:12px;
}
/* Oxygen  */

/*body {
	font-family: Verdana, arial, sans-serif;
	font-size: small;
	}*/	

/*h1, h2, h3, h4, h5, h6 {
	font-family: 'trebuchet MS', arial, sans-serif;
	}*/

h1 {
	font-size: 173%;
	font-weight: bold;
	}

h2 {
	font-size: 144%;
	font-weight: normal;
	}

h3 {
	font-size: 120%;
	font-weight: normal;
	}

h4 {
  font-size: 100%;
  font-weight: bold;
}

dt {
	font-weight: bold;
	}

a:link, a:visited, a:active, a:hover {
	font-weight: bold;
	}

a.offsite:link, a.offsite:visited, a.offsite:active, a.offsite:hover {
	font-weight: normal;
	}

/* suppress the normal italics */
address {
	font-style: normal;
	}

div.example, .sidebar {
  font-family: Verdana, arial, sans-serif;
  font-size: 100%;
  }


.note, .link {
	font-family: Verdana, arial, sans-serif;
	/*font-size: 83%;*/
	}

/*.example, .string, .rtf, .code, pre, code {
	font-family: "Lucida Console", "Courier New", monospace;*/
  /*font-size: 83%;*/
/*	}*/

.boolean {
	font-style: italic;
	}

#colophon, #xml-link {
	font-size: 69%;
	}

.question, .title {
	font-weight: bold;
	}

/* colours */
body {
	background-color: white;
	color: black;
	border: 0px none black;
	}

/* this is to make Navigator fill the entire line */
h1, h2 {
	border: 1px solid white;
	width: auto;
	}

h1 {
	/*background: #606;*/
	/*color: #6F6;*/
	}

h2 {
	color: #606;
	/*background: #CFC;*/
	}

hr {
	color: #606;
	background: white;
	}

img, a:link img, a:visited img, a:hover img, a:active img, #link-up img, #link-top img {
	border: 0px none white;
	background: transparent;
	}

/* OXYGEN */
a, a:visited {
    color:rgb(0, 0, 150);
    background-color:inherit;
    font-weight: bold;
}
a:link, a:visited {
    text-decoration:none; 
}
a:hover {
    text-decoration:underline;
}

/* OXYGEN */

a.img:hover, a.img:active {
	background: transparent;
	}

#colophon, #xml-link, .note {
	color: #666;
	}

#colophon a:link, #colophon a:visited, #colophon a:hover,
#xml-link a:link, #xml-link a:visited, #xml-link a:hover,
.note a:link, .note a:visited, .note a:hover {
	color: #969;
	background: transparent;
	}

#colophon a:hover, #xml-link a:hover, .note a:hover {
	background: #CFC;
	color: #969;
	}

.popup {
	background: white;
	border: 1px solid #606;
	}

.post {
	border-top: 2px solid #606;
	}
	
.example {
  border-top: 2px solid #606;
  border-bottom: 2px solid #606;
  }
  
.sidebar {
  border-top: 2px solid #090;
  border-bottom: 2px solid #090;
  }
  
.rng {
  border-left: 2px solid #666;
  }

.same {
  background-color: rgb(206, 239, 174);
}

.diff {
  background-color: #FCC;
}

.whitespace {
	font-style: italic;
	color: #999;
	background: white;
}

.ignored {
  font-style: italic;
  color: #999;
  background: white;
}

.hit {
}

.missed {
  background-color: #A33;
  color: white;
}

/* text */
ol ol li {
	list-style: lower-alpha;
	}

th {
	text-align: left;
	}

td {
	vertical-align: top;
	}

h1 {
	text-transform: uppercase;
	}

h2, h3 {
	/*text-transform: capitalize;*/
	}

.question {
	text-indent: -33px;
	}

.byline {
	text-align: right;
	}

#link-top, #link-up {
	text-align: right;
	}

a {
	text-decoration: none;
	}

table { width: 85%;
        /* border: collapse; */ }

th { text-align: left; }

.xspec tbody th { font-weight: normal; /*font-size: 0.8em;*/ border-top: 1px #666 solid; }
.xspec tbody td { /*font-size: 0.8em;*/ color: #666; }

.successful.label th, .successful.label td { background-color: #CFC; }
.pending.label th, .pending.label td { background-color: #DDD; color: #666; }
.failed.label th, .failed.label td { background-color: #FCC; }
.error.label th, .error.label td { background-color: #FAA; }
/*body &gt; table tbody .failed.label th:first-child:before {content:url(data:image/png;base64,iVBORw0KGgoAAAANSUhEUgAAAAwAAAAMCAYAAABWdVznAAAAGXRFWHRTb2Z0d2FyZQBBZG9iZSBJbWFnZVJlYWR5ccllPAAAA2ZpVFh0WE1MOmNvbS5hZG9iZS54bXAAAAAAADw/eHBhY2tldCBiZWdpbj0i77u/IiBpZD0iVzVNME1wQ2VoaUh6cmVTek5UY3prYzlkIj8+IDx4OnhtcG1ldGEgeG1sbnM6eD0iYWRvYmU6bnM6bWV0YS8iIHg6eG1wdGs9IkFkb2JlIFhNUCBDb3JlIDUuMy1jMDExIDY2LjE0NTY2MSwgMjAxMi8wMi8wNi0xNDo1NjoyNyAgICAgICAgIj4gPHJkZjpSREYgeG1sbnM6cmRmPSJodHRwOi8vd3d3LnczLm9yZy8xOTk5LzAyLzIyLXJkZi1zeW50YXgtbnMjIj4gPHJkZjpEZXNjcmlwdGlvbiByZGY6YWJvdXQ9IiIgeG1sbnM6eG1wTU09Imh0dHA6Ly9ucy5hZG9iZS5jb20veGFwLzEuMC9tbS8iIHhtbG5zOnN0UmVmPSJodHRwOi8vbnMuYWRvYmUuY29tL3hhcC8xLjAvc1R5cGUvUmVzb3VyY2VSZWYjIiB4bWxuczp4bXA9Imh0dHA6Ly9ucy5hZG9iZS5jb20veGFwLzEuMC8iIHhtcE1NOk9yaWdpbmFsRG9jdW1lbnRJRD0ieG1wLmRpZDpCQjU0NjU4QjIyQTNFMTExQkI5Rjk5QkQ4RkQ5RUJFQiIgeG1wTU06RG9jdW1lbnRJRD0ieG1wLmRpZDpEQTUyOTdBQUEzRDUxMUUxQTQwN0YzMUI0Nzg3NDU1RSIgeG1wTU06SW5zdGFuY2VJRD0ieG1wLmlpZDpEQTUyOTdBOUEzRDUxMUUxQTQwN0YzMUI0Nzg3NDU1RSIgeG1wOkNyZWF0b3JUb29sPSJBZG9iZSBQaG90b3Nob3AgQ1M2IChXaW5kb3dzKSI+IDx4bXBNTTpEZXJpdmVkRnJvbSBzdFJlZjppbnN0YW5jZUlEPSJ4bXAuaWlkOjQ4MTZDRTNCRDVBM0UxMTFBQTI2QTBCMjZENzg1Qzg5IiBzdFJlZjpkb2N1bWVudElEPSJ4bXAuZGlkOkJCNTQ2NThCMjJBM0UxMTFCQjlGOTlCRDhGRDlFQkVCIi8+IDwvcmRmOkRlc2NyaXB0aW9uPiA8L3JkZjpSREY+IDwveDp4bXBtZXRhPiA8P3hwYWNrZXQgZW5kPSJyIj8+aHNJrgAAAZ1JREFUeNpsUssrRGEU/907985YMDPNYlh4hbKZPMdgR3aysrGSSFIeKyUKpewoRTYkmcgCf4MsMI2FPDYGKeUZSoru4/uc82VC+W7fOeee+zvn/M45V1uuyCmVwDogq0hDklD6jy1dspNkdxokVrIzPFUh0/MD5OdXoJDwPFtu3d2ns6TTp9oggTlFZlmN0o4AHMmXfJGo0lmGzoE1OgmNHf5YA8rmN5HfM6wADmUuHphA9cIW/JX1yiek9DIlyijxkNjBzXYche19gNcHzfShoLUdVxtLuD/cYzCoMAzCwqYrhMDx9Chs20JRWzf4nMcXcDI3pYAqQHIAtWUJbpKursMMhpA+RiAEGzpc4X5XkDB4GjaHmiZik/PIa2rBEWVlSuW9Q+T3YndskBi46QpQFcLltchtbEZyZhxna4uKhmV9Ito/gtPNOG4P99WItdlIWARNXWOAv6AEr9cplel7/ggUleDlMqUSvNnCobHKxDsNnqs8XaWUZopp/XhxTkOR+HDVOveYUge9rNLyY9SU9v+vwXuUB2R0fQkwABfn/VKSjTLBAAAAAElFTkSuQmCC) " "}*/
/*body &gt; table tbody .error.label th:first-child:before {content:url(data:image/png;base64,iVBORw0KGgoAAAANSUhEUgAAAAwAAAAMCAYAAABWdVznAAAABmJLR0QAAAAAAAD5Q7t/AAAACXBIWXMAAAsTAAALEwEAmpwYAAAAB3RJTUUH3QcKER4AdkxvvQAAAdVJREFUKM89kM9KG0EAh7/JTHazZInEQwJ68KIWLx6Etj6EjxAobYSsD+BjCJ682EOp0FMueYmS0FMICF4i6tFNzJ/dyRh2Znoo6Xf+Pn7wEzc3Nx/W6/UvY8xJnudkWYa1Fu893nviOCaKIhuG4R/v/Ve1Xq9/bG1tnezs7JDnOVpr3t/fcc4hpaRSqVCpVORqtTp9e3v7rrTWn5vNJpPJhHK5zHg8JssyvPeEYcjR0RFpmlKr1ZjP5x9Li8VCbOR2u83BwQEvLy88PT1xfHzMxcUFQgjSNCXLskDlec5sNuPx8REpJZ1Oh+fnZ4QQnJ+fc319Tb/fZ29vD601SmvNdDplsVhwe3vLaDTi6uoKgCRJGAwGNBoNXl9fMcZQcs5hjGG1WpHnObVajQ3VahWtNcYYjDE451Cb+7z3JElCkiScnZ0hpaTX67G7u0u328V7/y+oVqsIITg8PKTT6dBqtRgOhzjnaLVa3N3dcX9/z3K5JI5jxOXlpSuKQqRpirWWh4eH//Plcpn9/X2cc2xvb1MqlQqllBpYa0/jOGYymdBsNsmyDOccURRRFAX1eh2lFGEY/lZBEHyx1v703n8KgkBEUYSUEu/9RkIIUQRB0A/D8NtflUT+nn4OS+0AAAAASUVORK5CYII=) " "}*/
.failed.label th:first-child:before, .failed.label td:first-child:before {content:url(data:image/png;base64,iVBORw0KGgoAAAANSUhEUgAAAAwAAAAMCAYAAABWdVznAAAAGXRFWHRTb2Z0d2FyZQBBZG9iZSBJbWFnZVJlYWR5ccllPAAAA2ZpVFh0WE1MOmNvbS5hZG9iZS54bXAAAAAAADw/eHBhY2tldCBiZWdpbj0i77u/IiBpZD0iVzVNME1wQ2VoaUh6cmVTek5UY3prYzlkIj8+IDx4OnhtcG1ldGEgeG1sbnM6eD0iYWRvYmU6bnM6bWV0YS8iIHg6eG1wdGs9IkFkb2JlIFhNUCBDb3JlIDUuMy1jMDExIDY2LjE0NTY2MSwgMjAxMi8wMi8wNi0xNDo1NjoyNyAgICAgICAgIj4gPHJkZjpSREYgeG1sbnM6cmRmPSJodHRwOi8vd3d3LnczLm9yZy8xOTk5LzAyLzIyLXJkZi1zeW50YXgtbnMjIj4gPHJkZjpEZXNjcmlwdGlvbiByZGY6YWJvdXQ9IiIgeG1sbnM6eG1wTU09Imh0dHA6Ly9ucy5hZG9iZS5jb20veGFwLzEuMC9tbS8iIHhtbG5zOnN0UmVmPSJodHRwOi8vbnMuYWRvYmUuY29tL3hhcC8xLjAvc1R5cGUvUmVzb3VyY2VSZWYjIiB4bWxuczp4bXA9Imh0dHA6Ly9ucy5hZG9iZS5jb20veGFwLzEuMC8iIHhtcE1NOk9yaWdpbmFsRG9jdW1lbnRJRD0ieG1wLmRpZDpCQjU0NjU4QjIyQTNFMTExQkI5Rjk5QkQ4RkQ5RUJFQiIgeG1wTU06RG9jdW1lbnRJRD0ieG1wLmRpZDpEQTUyOTdBQUEzRDUxMUUxQTQwN0YzMUI0Nzg3NDU1RSIgeG1wTU06SW5zdGFuY2VJRD0ieG1wLmlpZDpEQTUyOTdBOUEzRDUxMUUxQTQwN0YzMUI0Nzg3NDU1RSIgeG1wOkNyZWF0b3JUb29sPSJBZG9iZSBQaG90b3Nob3AgQ1M2IChXaW5kb3dzKSI+IDx4bXBNTTpEZXJpdmVkRnJvbSBzdFJlZjppbnN0YW5jZUlEPSJ4bXAuaWlkOjQ4MTZDRTNCRDVBM0UxMTFBQTI2QTBCMjZENzg1Qzg5IiBzdFJlZjpkb2N1bWVudElEPSJ4bXAuZGlkOkJCNTQ2NThCMjJBM0UxMTFCQjlGOTlCRDhGRDlFQkVCIi8+IDwvcmRmOkRlc2NyaXB0aW9uPiA8L3JkZjpSREY+IDwveDp4bXBtZXRhPiA8P3hwYWNrZXQgZW5kPSJyIj8+aHNJrgAAAZ1JREFUeNpsUssrRGEU/907985YMDPNYlh4hbKZPMdgR3aysrGSSFIeKyUKpewoRTYkmcgCf4MsMI2FPDYGKeUZSoru4/uc82VC+W7fOeee+zvn/M45V1uuyCmVwDogq0hDklD6jy1dspNkdxokVrIzPFUh0/MD5OdXoJDwPFtu3d2ns6TTp9oggTlFZlmN0o4AHMmXfJGo0lmGzoE1OgmNHf5YA8rmN5HfM6wADmUuHphA9cIW/JX1yiek9DIlyijxkNjBzXYche19gNcHzfShoLUdVxtLuD/cYzCoMAzCwqYrhMDx9Chs20JRWzf4nMcXcDI3pYAqQHIAtWUJbpKursMMhpA+RiAEGzpc4X5XkDB4GjaHmiZik/PIa2rBEWVlSuW9Q+T3YndskBi46QpQFcLltchtbEZyZhxna4uKhmV9Ito/gtPNOG4P99WItdlIWARNXWOAv6AEr9cplel7/ggUleDlMqUSvNnCobHKxDsNnqs8XaWUZopp/XhxTkOR+HDVOveYUge9rNLyY9SU9v+vwXuUB2R0fQkwABfn/VKSjTLBAAAAAElFTkSuQmCC) " "}
.error.label th:first-child:before, .error.label td:first-child:before {content:url(data:image/png;base64,iVBORw0KGgoAAAANSUhEUgAAAAwAAAAMCAYAAABWdVznAAAABmJLR0QAAAAAAAD5Q7t/AAAACXBIWXMAAAsTAAALEwEAmpwYAAAAB3RJTUUH3QcKER4AdkxvvQAAAdVJREFUKM89kM9KG0EAh7/JTHazZInEQwJ68KIWLx6Etj6EjxAobYSsD+BjCJ682EOp0FMueYmS0FMICF4i6tFNzJ/dyRh2Znoo6Xf+Pn7wEzc3Nx/W6/UvY8xJnudkWYa1Fu893nviOCaKIhuG4R/v/Ve1Xq9/bG1tnezs7JDnOVpr3t/fcc4hpaRSqVCpVORqtTp9e3v7rrTWn5vNJpPJhHK5zHg8JssyvPeEYcjR0RFpmlKr1ZjP5x9Li8VCbOR2u83BwQEvLy88PT1xfHzMxcUFQgjSNCXLskDlec5sNuPx8REpJZ1Oh+fnZ4QQnJ+fc319Tb/fZ29vD601SmvNdDplsVhwe3vLaDTi6uoKgCRJGAwGNBoNXl9fMcZQcs5hjGG1WpHnObVajQ3VahWtNcYYjDE451Cb+7z3JElCkiScnZ0hpaTX67G7u0u328V7/y+oVqsIITg8PKTT6dBqtRgOhzjnaLVa3N3dcX9/z3K5JI5jxOXlpSuKQqRpirWWh4eH//Plcpn9/X2cc2xvb1MqlQqllBpYa0/jOGYymdBsNsmyDOccURRRFAX1eh2lFGEY/lZBEHyx1v703n8KgkBEUYSUEu/9RkIIUQRB0A/D8NtflUT+nn4OS+0AAAAASUVORK5CYII=) " "}
.pending.label th:first-child:before, .pending.label td:first-child:before {content:url(data:image/png;base64,iVBORw0KGgoAAAANSUhEUgAAAAwAAAAMCAYAAABWdVznAAAAGXRFWHRTb2Z0d2FyZQBBZG9iZSBJbWFnZVJlYWR5ccllPAAAA2ZpVFh0WE1MOmNvbS5hZG9iZS54bXAAAAAAADw/eHBhY2tldCBiZWdpbj0i77u/IiBpZD0iVzVNME1wQ2VoaUh6cmVTek5UY3prYzlkIj8+IDx4OnhtcG1ldGEgeG1sbnM6eD0iYWRvYmU6bnM6bWV0YS8iIHg6eG1wdGs9IkFkb2JlIFhNUCBDb3JlIDUuMy1jMDExIDY2LjE0NTY2MSwgMjAxMi8wMi8wNi0xNDo1NjoyNyAgICAgICAgIj4gPHJkZjpSREYgeG1sbnM6cmRmPSJodHRwOi8vd3d3LnczLm9yZy8xOTk5LzAyLzIyLXJkZi1zeW50YXgtbnMjIj4gPHJkZjpEZXNjcmlwdGlvbiByZGY6YWJvdXQ9IiIgeG1sbnM6eG1wTU09Imh0dHA6Ly9ucy5hZG9iZS5jb20veGFwLzEuMC9tbS8iIHhtbG5zOnN0UmVmPSJodHRwOi8vbnMuYWRvYmUuY29tL3hhcC8xLjAvc1R5cGUvUmVzb3VyY2VSZWYjIiB4bWxuczp4bXA9Imh0dHA6Ly9ucy5hZG9iZS5jb20veGFwLzEuMC8iIHhtcE1NOk9yaWdpbmFsRG9jdW1lbnRJRD0ieG1wLmRpZDpCQjU0NjU4QjIyQTNFMTExQkI5Rjk5QkQ4RkQ5RUJFQiIgeG1wTU06RG9jdW1lbnRJRD0ieG1wLmRpZDpDODdDM0Y0QUEzRDUxMUUxQjk5N0MzQjVFRDMyQUE1MiIgeG1wTU06SW5zdGFuY2VJRD0ieG1wLmlpZDpDODdDM0Y0OUEzRDUxMUUxQjk5N0MzQjVFRDMyQUE1MiIgeG1wOkNyZWF0b3JUb29sPSJBZG9iZSBQaG90b3Nob3AgQ1M2IChXaW5kb3dzKSI+IDx4bXBNTTpEZXJpdmVkRnJvbSBzdFJlZjppbnN0YW5jZUlEPSJ4bXAuaWlkOjQ4MTZDRTNCRDVBM0UxMTFBQTI2QTBCMjZENzg1Qzg5IiBzdFJlZjpkb2N1bWVudElEPSJ4bXAuZGlkOkJCNTQ2NThCMjJBM0UxMTFCQjlGOTlCRDhGRDlFQkVCIi8+IDwvcmRmOkRlc2NyaXB0aW9uPiA8L3JkZjpSREY+IDwveDp4bXBtZXRhPiA8P3hwYWNrZXQgZW5kPSJyIj8+yj6RYgAAAPZJREFUeNp0kM8KgkAQxmc1E0Wfo3vQn5eRSDx4EUHwbTpEhx4lil7DiydBQUFXp5nAMNsGhpnd/X77za4Iw3CFiFcAWFMFDkXtKZ/UHhfUnB3HWdu2/REpAL2u631ZlicGdpZlwTAMSmBM0zS5bhgQLB5FU3AOUS4XvNn3vVKgAACCIMA0TbFpGsyyDJMkefdFUWAcx1hVFeZ5jlEUoed5qPEI7KDrOhiG8e6llNC27Zcz77FW+L6Pruv+WKtGIzfgR39umv/UHOJgAMlO/BPOXCQDD5p3r2ma8lvHNU9BcWPg0HXdhRZbOhRT8aSXVO9U/ZcAAwAsmjsSQcM0lwAAAABJRU5ErkJggg==) " ";}
.successful.label th:first-child:before, .successful.label td:first-child:before {content:url(data:image/png;base64,iVBORw0KGgoAAAANSUhEUgAAAAwAAAAMCAYAAABWdVznAAAAGXRFWHRTb2Z0d2FyZQBBZG9iZSBJbWFnZVJlYWR5ccllPAAAA2ZpVFh0WE1MOmNvbS5hZG9iZS54bXAAAAAAADw/eHBhY2tldCBiZWdpbj0i77u/IiBpZD0iVzVNME1wQ2VoaUh6cmVTek5UY3prYzlkIj8+IDx4OnhtcG1ldGEgeG1sbnM6eD0iYWRvYmU6bnM6bWV0YS8iIHg6eG1wdGs9IkFkb2JlIFhNUCBDb3JlIDUuMy1jMDExIDY2LjE0NTY2MSwgMjAxMi8wMi8wNi0xNDo1NjoyNyAgICAgICAgIj4gPHJkZjpSREYgeG1sbnM6cmRmPSJodHRwOi8vd3d3LnczLm9yZy8xOTk5LzAyLzIyLXJkZi1zeW50YXgtbnMjIj4gPHJkZjpEZXNjcmlwdGlvbiByZGY6YWJvdXQ9IiIgeG1sbnM6eG1wTU09Imh0dHA6Ly9ucy5hZG9iZS5jb20veGFwLzEuMC9tbS8iIHhtbG5zOnN0UmVmPSJodHRwOi8vbnMuYWRvYmUuY29tL3hhcC8xLjAvc1R5cGUvUmVzb3VyY2VSZWYjIiB4bWxuczp4bXA9Imh0dHA6Ly9ucy5hZG9iZS5jb20veGFwLzEuMC8iIHhtcE1NOk9yaWdpbmFsRG9jdW1lbnRJRD0ieG1wLmRpZDpCQjU0NjU4QjIyQTNFMTExQkI5Rjk5QkQ4RkQ5RUJFQiIgeG1wTU06RG9jdW1lbnRJRD0ieG1wLmRpZDpEMDVBNThBQUEzRDUxMUUxQjdCQkM2QUNBMTNBMDExNiIgeG1wTU06SW5zdGFuY2VJRD0ieG1wLmlpZDpEMDVBNThBOUEzRDUxMUUxQjdCQkM2QUNBMTNBMDExNiIgeG1wOkNyZWF0b3JUb29sPSJBZG9iZSBQaG90b3Nob3AgQ1M2IChXaW5kb3dzKSI+IDx4bXBNTTpEZXJpdmVkRnJvbSBzdFJlZjppbnN0YW5jZUlEPSJ4bXAuaWlkOjQ4MTZDRTNCRDVBM0UxMTFBQTI2QTBCMjZENzg1Qzg5IiBzdFJlZjpkb2N1bWVudElEPSJ4bXAuZGlkOkJCNTQ2NThCMjJBM0UxMTFCQjlGOTlCRDhGRDlFQkVCIi8+IDwvcmRmOkRlc2NyaXB0aW9uPiA8L3JkZjpSREY+IDwveDp4bXBtZXRhPiA8P3hwYWNrZXQgZW5kPSJyIj8+xJ3YrgAAAYBJREFUeNpsUrtKA1EQPZtdY4gEQiD4QCsLEVGX4CP4AykEq1hYiGghCDZ+gBZWVtrZ+EAjaGOhfoAkNiaKhYWICilMEQNqoYjZ5O4d5+6ucQuLM3funDNzD7OrLe229YBwSKAEnyAP/pyIbL5fcz5rcNiLtuqJSEz3ickn5ruE/vFmJ9/LYjvAldGWqA7bJkgPtoAHQrS5G6NdiwhFWCoxHOCgKUL+iurkCBVawyamE8d4qmSZ51clBZUlh+RG14JzEsJNcaTNLVwWd1B6vXXqkmGoYNeVUPnW3JNr4+YarPoncvebEAKNekAlokaY6N/A1NA+SBgY6Eijtz2Fs5sVWNWawysorWNJsO+q9QWzaxLTYwfojA3isZzDfSnrWvTsNiyp7pOrZURC7ejrTDEpcVpY9ab+NSioLZEiapZA5nwBxZcC8g9HeK7ccYM7TDnwmoU2vx6/NIJaUjc0b0u8YvJNle5HdJvlhbI0Y31ThqsjTGr0/+8hOOQ5nfsRYACtHiy+FDd82wAAAABJRU5ErkJggg==) " "}
/*.successful.label a:before {content:url(data:image/png;base64,iVBORw0KGgoAAAANSUhEUgAAAAwAAAAMCAYAAABWdVznAAAAGXRFWHRTb2Z0d2FyZQBBZG9iZSBJbWFnZVJlYWR5ccllPAAAA2ZpVFh0WE1MOmNvbS5hZG9iZS54bXAAAAAAADw/eHBhY2tldCBiZWdpbj0i77u/IiBpZD0iVzVNME1wQ2VoaUh6cmVTek5UY3prYzlkIj8+IDx4OnhtcG1ldGEgeG1sbnM6eD0iYWRvYmU6bnM6bWV0YS8iIHg6eG1wdGs9IkFkb2JlIFhNUCBDb3JlIDUuMy1jMDExIDY2LjE0NTY2MSwgMjAxMi8wMi8wNi0xNDo1NjoyNyAgICAgICAgIj4gPHJkZjpSREYgeG1sbnM6cmRmPSJodHRwOi8vd3d3LnczLm9yZy8xOTk5LzAyLzIyLXJkZi1zeW50YXgtbnMjIj4gPHJkZjpEZXNjcmlwdGlvbiByZGY6YWJvdXQ9IiIgeG1sbnM6eG1wTU09Imh0dHA6Ly9ucy5hZG9iZS5jb20veGFwLzEuMC9tbS8iIHhtbG5zOnN0UmVmPSJodHRwOi8vbnMuYWRvYmUuY29tL3hhcC8xLjAvc1R5cGUvUmVzb3VyY2VSZWYjIiB4bWxuczp4bXA9Imh0dHA6Ly9ucy5hZG9iZS5jb20veGFwLzEuMC8iIHhtcE1NOk9yaWdpbmFsRG9jdW1lbnRJRD0ieG1wLmRpZDpCQjU0NjU4QjIyQTNFMTExQkI5Rjk5QkQ4RkQ5RUJFQiIgeG1wTU06RG9jdW1lbnRJRD0ieG1wLmRpZDpEMDVBNThBQUEzRDUxMUUxQjdCQkM2QUNBMTNBMDExNiIgeG1wTU06SW5zdGFuY2VJRD0ieG1wLmlpZDpEMDVBNThBOUEzRDUxMUUxQjdCQkM2QUNBMTNBMDExNiIgeG1wOkNyZWF0b3JUb29sPSJBZG9iZSBQaG90b3Nob3AgQ1M2IChXaW5kb3dzKSI+IDx4bXBNTTpEZXJpdmVkRnJvbSBzdFJlZjppbnN0YW5jZUlEPSJ4bXAuaWlkOjQ4MTZDRTNCRDVBM0UxMTFBQTI2QTBCMjZENzg1Qzg5IiBzdFJlZjpkb2N1bWVudElEPSJ4bXAuZGlkOkJCNTQ2NThCMjJBM0UxMTFCQjlGOTlCRDhGRDlFQkVCIi8+IDwvcmRmOkRlc2NyaXB0aW9uPiA8L3JkZjpSREY+IDwveDp4bXBtZXRhPiA8P3hwYWNrZXQgZW5kPSJyIj8+xJ3YrgAAAYBJREFUeNpsUrtKA1EQPZtdY4gEQiD4QCsLEVGX4CP4AykEq1hYiGghCDZ+gBZWVtrZ+EAjaGOhfoAkNiaKhYWICilMEQNqoYjZ5O4d5+6ucQuLM3funDNzD7OrLe229YBwSKAEnyAP/pyIbL5fcz5rcNiLtuqJSEz3ickn5ruE/vFmJ9/LYjvAldGWqA7bJkgPtoAHQrS5G6NdiwhFWCoxHOCgKUL+iurkCBVawyamE8d4qmSZ51clBZUlh+RG14JzEsJNcaTNLVwWd1B6vXXqkmGoYNeVUPnW3JNr4+YarPoncvebEAKNekAlokaY6N/A1NA+SBgY6Eijtz2Fs5sVWNWawysorWNJsO+q9QWzaxLTYwfojA3isZzDfSnrWvTsNiyp7pOrZURC7ejrTDEpcVpY9ab+NSioLZEiapZA5nwBxZcC8g9HeK7ccYM7TDnwmoU2vx6/NIJaUjc0b0u8YvJNle5HdJvlhbI0Y31ThqsjTGr0/+8hOOQ5nfsRYACtHiy+FDd82wAAAABJRU5ErkJggg==) " "}*/

.xspecResult { width: 90%; table-layout: fixed; }

.xspecResult td,
.xspecResult th { width: 50%; }

/*.xspecResult pre { 
  margin-left: 0; 
  padding: 0.5em; 
  overflow: auto; 
  border: 1px #999 dotted;
}*/

span.scenario-totals {float: right; width: 14.5%; text-align: left}

/* OXYGEN */
span.scenario-totals {float: right; width: 34.5%; text-align: right}

h2.failed {
    background-color: #FCC;
}

h1, h2 {
    width: 86%;
    /*margin-left: 3%;*/
    
    font-size:1.4em;
    font-weight:bold;
    text-align:left;
    margin-top:1.4em;
    margin-bottom:0.7em;
    color:#333333;
    background-color:inherit;
}

h1 {
    font-size:1.7em;
}

body &gt; h1:first-child:before {
    content:"XSLT UNIT ";
}

body &gt; h2:first-of-type {
    font-size:1.7em;
}

div &gt; table &gt; tbody &gt; tr &gt; th:first-child {
    font-weight:bold;
}

div &gt; h3 {
    font-weight:bold;
    /*margin-left: 3%;*/
}

div &gt; h4 {
    font-weight:normal;
    /*margin-left: 4%;*/
}

th.result { text-align: center; }
/* OXYGEN */


/* ------------------------------------------------------------------------ */
/*  DO NOT ALTER OR REMOVE COPYRIGHT NOTICES OR THIS COMMENT.               */
/*                                                                          */
/*  Copyright (c) 2008, 2010 Jeni Tennsion                                  */
/*                                                                          */
/*  The contents of this file are subject to the MIT License (see the URI   */
/*  http://www.opensource.org/licenses/mit-license.php for details).        */
/*                                                                          */
/*  Permission is hereby granted, free of charge, to any person obtaining   */
/*  a copy of this software and associated documentation files (the         */
/*  "Software"), to deal in the Software without restriction, including     */
/*  without limitation the rights to use, copy, modify, merge, publish,     */
/*  distribute, sublicense, and/or sell copies of the Software, and to      */
/*  permit persons to whom the Software is furnished to do so, subject to   */
/*  the following conditions:                                               */
/*                                                                          */
/*  The above copyright notice and this permission notice shall be          */
/*  included in all copies or substantial portions of the Software.         */
/*                                                                          */
/*  THE SOFTWARE IS PROVIDED "AS IS", WITHOUT WARRANTY OF ANY KIND,         */
/*  EXPRESS OR IMPLIED, INCLUDING BUT NOT LIMITED TO THE WARRANTIES OF      */
/*  MERCHANTABILITY, FITNESS FOR A PARTICULAR PURPOSE AND NONINFRINGEMENT.  */
/*  IN NO EVENT SHALL THE AUTHORS OR COPYRIGHT HOLDERS BE LIABLE FOR ANY    */
/*  CLAIM, DAMAGES OR OTHER LIABILITY, WHETHER IN AN ACTION OF CONTRACT,    */
/*  TORT OR OTHERWISE, ARISING FROM, OUT OF OR IN CONNECTION WITH THE       */
/*  SOFTWARE OR THE USE OR OTHER DEALINGS IN THE SOFTWARE.                  */
/* ------------------------------------------------------------------------ */

.nobr { white-space: nowrap; }
.scenario-label { text-indent: 0px; }
.context-label { text-indent: 10px; }
.test-label { text-indent: 20px; }
.pending-label { text-indent: 30px; }


        /**/</style>
    </head><body><h1>Test Report</h1><p>Script: <a>file:/home/jostein/xprocspec/src/test/xprocspec/tests/input-2.xprocspec</a></p><p>Tested: 2013-09-02T14:17:01.256+02:00</p><h2>Contents</h2><table><col/><col/><col/><col/><col/><col/><thead><tr><th/><th>passed:3</th><th>pending:0</th><th>failed:0</th><th>errors:0</th><th>total:3</th></tr></thead><tbody><tr><th><a>ex:identity</a></th><th>3</th><th>0</th><th>0</th><th>0</th><th>3</th></tr></tbody></table><div><h2>Calling: <a>ex:identity</a><span>passed:3 / pending:0 /
                                        failed:0 / errors:0 / total:3</span></h2><table><col/><col/><tbody><tr><th>identity</th><th>passed:3 / pending:0 / failed:0 / errors:0 / total:3</th></tr><tr><th>errors</th><th>passed:1 / pending:0 / failed:0 / errors:0 / total:1</th></tr><tr><td>the step should execute successfully without throwing any errors</td><td>Success</td></tr><tr><th>the input</th><th>passed:1 / pending:0 / failed:0 / errors:0 / total:1</th></tr><tr><td>there must be two documents on the input port</td><td>Success</td></tr><tr><th>the output</th><th>passed:1 / pending:0 / failed:0 / errors:0 / total:1</th></tr><tr><td>there must be two documents on the output port</td><td>Success</td></tr></tbody></table></div><h2>Execution log</h2><table><thead><tr><th>Time</th><th>Severity</th><th>Message</th></tr></thead><tbody><tr><td>0.000</td><td>INFO</td><td><code><pre>#### file:/home/jostein/xprocspec/src/test/xprocspec/tests/input-2.xprocspec ####</pre></code></td></tr><tr><td>0.005</td><td>INFO</td><td><code><pre> * temporary directory: file:/tmp/xprocspec-20130902141648008/</pre></code></td></tr><tr><td>0.010</td><td>INFO</td><td><code><pre>preprocessing...</pre></code></td></tr><tr><td>0.028</td><td>INFO</td><td><code><pre> * checking for imports</pre></code></td></tr><tr><td>0.034</td><td>INFO</td><td><code><pre> * checking file:/home/jostein/xprocspec/src/test/xprocspec/tests/input-2.xprocspec for imports</pre></code></td></tr><tr><td>0.039</td><td>INFO</td><td><code><pre> * extracting step declarations from file:/home/jostein/xprocspec/src/test/xprocspec/steps/identity.xpl</pre></code></td></tr><tr><td>0.045</td><td>INFO</td><td><code><pre> * tests reference 1 step</pre></code></td></tr><tr><td>0.051</td><td>INFO</td><td><code><pre>   * step: e:identity</pre></code></td></tr><tr><td>0.056</td><td>INFO</td><td><code><pre> * trying to load: file:/home/jostein/xprocspec/src/test/xprocspec/steps/identity.xpl</pre></code></td></tr><tr><td>0.063</td><td>INFO</td><td><code><pre>   * success!</pre></code></td></tr><tr><td>0.070</td><td>INFO</td><td><code><pre> * trying to extract the step declaration for {http://example.net/ns}identity from file:/home/jostein/xprocspec/src/test/xprocspec/steps/identity.xpl</pre></code></td></tr><tr><td>0.083</td><td>INFO</td><td><code><pre> * creating a new x:description document for each x:scenario element with inferred inputs, options and parameters</pre></code></td></tr><tr><td>0.097</td><td>INFO</td><td><code><pre> * validating output grammar</pre></code></td></tr><tr><td>0.110</td><td>INFO</td><td><code><pre>compiling...</pre></code></td></tr><tr><td>0.118</td><td>INFO</td><td><code><pre> * created directory using Calabash's cxf:mkdir</pre></code></td></tr><tr><td>0.123</td><td>INFO</td><td><code><pre> * converting test 'test1' to XProc</pre></code></td></tr><tr><td>0.137</td><td>INFO</td><td><code><pre>   * done</pre></code></td></tr><tr><td>0.144</td><td>INFO</td><td><code><pre> * validating output grammar for file:/home/jostein/xprocspec/src/test/xprocspec/tests/input-2.xprocspec</pre></code></td></tr><tr><td>0.157</td><td>INFO</td><td><code><pre>   * done!</pre></code></td></tr><tr><td>0.164</td><td>INFO</td><td><code><pre> * using as temporary directory: file:/tmp/xprocspec-20130902141648008/xprocspec-20130902141700859/</pre></code></td></tr><tr><td>0.170</td><td>INFO</td><td><code><pre>storing...</pre></code></td></tr><tr><td>0.178</td><td>INFO</td><td><code><pre>running...</pre></code></td></tr><tr><td>0.186</td><td>INFO</td><td><code><pre>   * loading 'file:/tmp/xprocspec-20130902141648008/test1.xpl'</pre></code></td></tr><tr><td>0.249</td><td>INFO</td><td><code><pre>evaluating...</pre></code></td></tr><tr><td>0.262</td><td>INFO</td><td><code><pre> * evaluating scenario 'identity' (file:/home/jostein/xprocspec/src/test/xprocspec/tests/input-2.xprocspec)</pre></code></td></tr><tr><td>0.269</td><td>INFO</td><td><code><pre>   * resolving x:document elements...</pre></code></td></tr><tr><td>0.282</td><td>INFO</td><td><code><pre>    * no errors occured</pre></code></td></tr><tr><td>0.314</td><td>INFO</td><td><code><pre>   * grouping x:expect elements with their x:context...</pre></code></td></tr><tr><td>0.323</td><td>INFO</td><td><code><pre>   * evaluating each context/expect group...</pre></code></td></tr><tr><td>0.330</td><td>INFO</td><td><code><pre>     * setting context to 'errors'</pre></code></td></tr><tr><td>0.338</td><td>INFO</td><td><code><pre>       * testing assertion 'the step should execute successfully without throwing any errors'</pre></code></td></tr><tr><td>0.345</td><td>INFO</td><td><code><pre>         * is document count assertion</pre></code></td></tr><tr><td>0.352</td><td>INFO</td><td><code><pre>         * assertion passed</pre></code></td></tr><tr><td>0.360</td><td>INFO</td><td><code><pre>     * setting context to 'the input'</pre></code></td></tr><tr><td>0.368</td><td>INFO</td><td><code><pre>       * testing assertion 'there must be two documents on the input port'</pre></code></td></tr><tr><td>0.376</td><td>INFO</td><td><code><pre>         * is document count assertion</pre></code></td></tr><tr><td>0.383</td><td>INFO</td><td><code><pre>         * assertion passed</pre></code></td></tr><tr><td>0.391</td><td>INFO</td><td><code><pre>     * setting context to 'the output'</pre></code></td></tr><tr><td>0.399</td><td>INFO</td><td><code><pre>       * testing assertion 'there must be two documents on the output port'</pre></code></td></tr><tr><td>0.406</td><td>INFO</td><td><code><pre>         * is document count assertion</pre></code></td></tr><tr><td>0.414</td><td>INFO</td><td><code><pre>         * assertion passed</pre></code></td></tr><tr><td>0.437</td><td>INFO</td><td><code><pre>reporting...</pre></code></td></tr></tbody></table><link/><script> </script><script>hljs.initHighlightingOnLoad();</script></body></html></x:document></x:output><x:output port="junit"><x:document xml:base="file:/home/jostein/xprocspec/src/main/resources/content/xml/xproc/report/report.xpl" type="inline"><testsuites><testsuite>
<properties><property/>

<property/>

</properties>
<testcase><system-out>the step should execute successfully without throwing any errors: SUCCESS</system-out>
<system-err/></testcase><testcase><system-out>there must be two documents on the input port: SUCCESS</system-out>
<system-err/></testcase><testcase><system-out>there must be two documents on the output port: SUCCESS</system-out>
<system-err/></testcase></testsuite></testsuites></x:document></x:output><x:test-result contextref="errors" result="passed" max="0" label="the step should execute successfully without throwing any errors" type="count">
                                                        <x:expected>At most 0 documents.</x:expected>
                                                    <x:was>0</x:was></x:test-result><x:test-result contextref="context10" result="passed" test="not(/*/@tests='0') and /*/@failures='0' and /*/@errors='0'" label="there should be at least one test, and none of the tests should fail" type="xpath">
                                                        <x:expected>XPath: true()
Value: </x:expected>
                                                    
                                                        <x:was>XPath: not(/*/@tests='0') and /*/@failures='0' and /*/@errors='0'
Value: </x:was>
                                                    </x:test-result></x:description><x:description xmlns:cx="http://xmlcalabash.com/ns/extensions" xmlns:c="http://www.w3.org/ns/xproc-step" xml:base="file:/home/jostein/xprocspec/src/test/xprocspec/test.xprocspec" test-base-uri="file:/home/jostein/xprocspec/src/test/xprocspec/test.xprocspec" script="file:/home/jostein/xprocspec/src/main/resources/content/xml/xproc/xprocspec.xpl" test-grammar="xprocspec" temp-dir="file:/tmp/xprocspec-20130902141648008/"><x:step-declaration><p:declare-step xmlns:p="http://www.w3.org/ns/xproc" xmlns:px="http://www.daisy.org/ns/xprocspec" xmlns:pxi="http://www.daisy.org/ns/xprocspec/xproc-internal/" xmlns:pkg="http://expath.org/ns/pkg" type="px:xprocspec" name="main" version="1.0" xpath-version="2.0" pkg:import-uri="http://www.daisy.org/ns/xprocspec/xprocspec.xpl" x:type="{http://www.daisy.org/ns/xprocspec}xprocspec"><p:input port="source" kind="document" sequence="false" primary="true"/><p:output port="result" kind="document" sequence="false" primary="false"><p:pipe port="result" step="report"/></p:output><p:output port="html" kind="document" sequence="false" primary="false"><p:pipe port="html" step="report"/></p:output><p:output port="junit" kind="document" sequence="false" primary="false"><p:pipe port="junit" step="report"/></p:output><p:option name="temp-dir" select="'file:/tmp/'"/></p:declare-step></x:step-declaration><x:scenario end-time="2013-09-02T12:17:02.935Z" label="the option element" start-time="2013-09-02T12:17:01.566Z"><x:call x:type="{http://www.daisy.org/ns/xprocspec}xprocspec" step="x:xprocspec"><x:option select="$temp-dir" name="temp-dir" value="file:/tmp/xprocspec-20130902141648008/"/><x:input port="source">
                <x:document xml:base="file:/home/jostein/xprocspec/src/test/xprocspec/test.xprocspec" type="inline"><?xml-model href="http://www.daisy.org/ns/xprocspec/xprocspec.rng" type="application/xml" schematypens="http://relaxng.org/ns/structure/1.0"?><x:description xmlns:e="http://example.net/ns" script="../steps/identity.xpl">

    <x:scenario label="identity - base-uri">
        <x:call step="e:identity">
            <x:option name="option" select="base-uri(.)"/>
            <x:option name="option.required" select="base-uri(/*)"/>
            <x:option name="option.default" select="base-uri()"/>
        </x:call>

        <x:context label="the options">
            <x:document type="port" port="options"/>
        </x:context>
        <x:expect type="xpath" label="Options should be wrapped in a c:options element" test="count(/c:options)" equals="1"/>
        <x:expect type="xpath" label="Options should not be wrapped in something other than a c:options element" test="count(/foo)" equals="0"/>
        <x:expect type="xpath" label="Options should be stored in c:option elements inside the root c:options element" test="count(/c:options/c:option) &gt; 0"/>
        <x:expect type="xpath" label="base-uri(.) should refer to the base URI of the xprocspec test document" test="/c:options/c:option[@name='option']/@value" equals="$test-base-uri"/>
        <x:expect type="xpath" label="base-uri(/*) should refer to the base URI of the xprocspec test document" test="/c:options/c:option[@name='option.required']/@value" equals="$test-base-uri"/>
        <x:expect type="xpath" label="base-uri() should refer to the base URI of the xprocspec test document" test="/c:options/c:option[@name='option.default']/@value" equals="$test-base-uri"/>
    </x:scenario>

    <x:scenario label="identity - variables">
        <x:call step="e:identity">
            <x:option name="option" select="$temp-dir"/>
            <x:option name="option.required" select="$test-base-uri"/>
        </x:call>

        <x:context label="the options">
            <x:document type="port" port="options"/>
        </x:context>
        <!--
            TODO: a current limitation is that the strings '$temp-dir' and '$test-base-uri' can't be used.
            The implementation replaces any occurrences of those strings with the variable values, even though they are part of a string and not actual variable references.
        -->
        <x:expect type="xpath" label="The $temp-dir variable should be available from both the x:option @select attribute and the x:expect @test attributes" test="/c:options/c:option[@name='option']/@value" equals="$temp-dir"/>
        <x:expect type="xpath" label="The $temp-dir variable should be available from both the @test and @equals attributes" test="$temp-dir" equals="$temp-dir"/>
        <x:expect type="xpath" label="The $test-base-uri variable should be available from both the x:option @select attribute and the x:expect @test attributes" test="/c:options/c:option[@name='option.required']/@value" equals="$test-base-uri"/>
        <x:expect type="xpath" label="The $test-base-uri variable should be available from both the @test and @equals attributes" test="$test-base-uri" equals="$test-base-uri"/>

    </x:scenario>

</x:description></x:document>
            </x:input></x:call>
                                                <x:context label="errors" id="errors">
                                                    
                                                </x:context>
                                            
                                                <x:expect type="count" label="the step should execute successfully without throwing any errors" max="0" contextref="errors"/>
                                            <x:context label="the junit output port" id="context11">
            <x:document xml:base="file:/home/jostein/xprocspec/src/main/resources/content/xml/xproc/report/report.xpl" type="inline"><testsuites tests="12" failures="0" time="1.184" errors="0" name="option1"><testsuite timestamp="2013-09-02T12:17:02.767Z" hostname="localhost" tests="7" errors="0" failures="0" skipped="0" id="d27529e1" name="identityBaseuri" package="http://example.net/ns" time="0.008">
<properties>

<property name="option: option" value="file:/home/jostein/xprocspec/src/test/xprocspec/tests/option-1.xprocspec"/>
<property name="option: option.required" value="file:/home/jostein/xprocspec/src/test/xprocspec/tests/option-1.xprocspec"/>
<property name="option: option.default" value="file:/home/jostein/xprocspec/src/test/xprocspec/tests/option-1.xprocspec"/>

</properties>
<testcase name="theStepShouldExecuteSuccessfullyWithoutThrowingAnyErrors" classname="identity" assertions="1" time="0" status="SUCCESS"><system-out>the step should execute successfully without throwing any errors: SUCCESS</system-out>
<system-err/></testcase><testcase name="OptionsShouldBeWrappedInACoptionsElement" classname="identity" assertions="1" time="0" status="SUCCESS"><system-out>Options should be wrapped in a c:options element: SUCCESS</system-out>
<system-err/></testcase><testcase name="OptionsShouldNotBeWrappedInSomethingOtherThanACoptionsElement" classname="identity" assertions="1" time="0" status="SUCCESS"><system-out>Options should not be wrapped in something other than a c:options element: SUCCESS</system-out>
<system-err/></testcase><testcase name="OptionsShouldBeStoredInCoptionElementsInsideTheRootCoptionsElement" classname="identity" assertions="1" time="0" status="SUCCESS"><system-out>Options should be stored in c:option elements inside the root c:options element: SUCCESS</system-out>
<system-err/></testcase><testcase name="baseuriShouldReferToTheBaseURIOfTheXprocspecTestDocument" classname="identity" assertions="1" time="0" status="SUCCESS"><system-out>base-uri(.) should refer to the base URI of the xprocspec test document: SUCCESS</system-out>
<system-err/></testcase><testcase name="baseuriShouldReferToTheBaseURIOfTheXprocspecTestDocument" classname="identity" assertions="1" time="0" status="SUCCESS"><system-out>base-uri(/*) should refer to the base URI of the xprocspec test document: SUCCESS</system-out>
<system-err/></testcase><testcase name="baseuriShouldReferToTheBaseURIOfTheXprocspecTestDocument" classname="identity" assertions="1" time="0" status="SUCCESS"><system-out>base-uri() should refer to the base URI of the xprocspec test document: SUCCESS</system-out>
<system-err/></testcase></testsuite><testsuite timestamp="2013-09-02T12:17:02.783Z" hostname="localhost" tests="5" errors="0" failures="0" skipped="0" id="d27547e1" name="identityVariables" package="http://example.net/ns" time="0.007">
<properties>

<property name="option: option" value="file:/tmp/xprocspec-20130902141648008/xprocspec-20130902141701704/"/>
<property name="option: option.required" value="file:/home/jostein/xprocspec/src/test/xprocspec/tests/option-1.xprocspec"/>

</properties>
<testcase name="theStepShouldExecuteSuccessfullyWithoutThrowingAnyErrors" classname="identity" assertions="1" time="0" status="SUCCESS"><system-out>the step should execute successfully without throwing any errors: SUCCESS</system-out>
<system-err/></testcase><testcase name="The$tempdirVariableShouldBeAvailableFromBothTheXoptionSelectAttributeAndTheXexpectTestAttributes" classname="identity" assertions="1" time="0" status="SUCCESS"><system-out>The $temp-dir variable should be available from both the x:option @select attribute and the x:expect @test attributes: SUCCESS</system-out>
<system-err/></testcase><testcase name="The$tempdirVariableShouldBeAvailableFromBothTheTestAndEqualsAttributes" classname="identity" assertions="1" time="0" status="SUCCESS"><system-out>The $temp-dir variable should be available from both the @test and @equals attributes: SUCCESS</system-out>
<system-err/></testcase><testcase name="The$testbaseuriVariableShouldBeAvailableFromBothTheXoptionSelectAttributeAndTheXexpectTestAttributes" classname="identity" assertions="1" time="0" status="SUCCESS"><system-out>The $test-base-uri variable should be available from both the x:option @select attribute and the x:expect @test attributes: SUCCESS</system-out>
<system-err/></testcase><testcase name="The$testbaseuriVariableShouldBeAvailableFromBothTheTestAndEqualsAttributes" classname="identity" assertions="1" time="0" status="SUCCESS"><system-out>The $test-base-uri variable should be available from both the @test and @equals attributes: SUCCESS</system-out>
<system-err/></testcase></testsuite></testsuites></x:document>
        </x:context><x:expect label="there should be at least one test, and none of the tests should fail" type="xpath" test="not(/*/@tests='0') and /*/@failures='0' and /*/@errors='0'" contextref="context11"/></x:scenario><x:output port="result"><x:document xml:base="file:/home/jostein/xprocspec/src/main/resources/content/xml/xproc/report/report.xpl" type="inline"><x:test-report><x:description><x:step-declaration><p:declare-step xmlns:p="http://www.w3.org/ns/xproc" xmlns:ex="http://example.net/ns"><p:input><p:inline>
            <source.document.primary.default/>
        </p:inline></p:input><p:input><p:inline>
            <source.document.secondary.sequence/>
        </p:inline></p:input><p:input><p:inline>
            <default>
                <default/>
                <default/>
            </default>
        </p:inline></p:input><p:input/><p:output><p:pipe/></p:output><p:output><p:pipe/></p:output><p:output><p:pipe/></p:output><p:output><p:pipe/></p:output><p:output><p:pipe/></p:output><p:option/><p:option/><p:option/></p:declare-step></x:step-declaration><x:scenario xmlns:e="http://example.net/ns"><x:call><x:option/><x:option/><x:option/></x:call>
                                                <x:context>
                                                    
                                                </x:context>
                                            
                                                <x:expect/>
                                            <x:context>
            <x:document>
                <c:options xmlns:ex="http://example.net/ns">
                    <c:option/>
                    <c:option/>
                    <c:option/>
                </c:options>
            </x:document>
        </x:context><x:expect/><x:expect/><x:expect/><x:expect/><x:expect/><x:expect/></x:scenario><x:output><x:document>
            <source.document.primary.default xmlns:ex="http://example.net/ns"/>
        </x:document></x:output><x:output><x:document>
            <source.document.secondary.sequence xmlns:ex="http://example.net/ns"/>
        </x:document></x:output><x:output><x:document><default xmlns:ex="http://example.net/ns"/></x:document><x:document><default xmlns:ex="http://example.net/ns"/></x:document></x:output><x:output><x:document><c:param-set/></x:document></x:output><x:output><x:document>
                <c:options xmlns:ex="http://example.net/ns">
                    <c:option/>
                    <c:option/>
                    <c:option/>
                </c:options>
            </x:document></x:output><x:test-result>
                                                        <x:expected>At most 0 documents.</x:expected>
                                                    <x:was>0</x:was></x:test-result><x:test-result>
                                                        <x:expected>XPath: 1
Value: </x:expected>
                                                    
                                                        <x:was>XPath: count(/c:options)
Value: </x:was>
                                                    </x:test-result><x:test-result>
                                                        <x:expected>XPath: 0
Value: </x:expected>
                                                    
                                                        <x:was>XPath: count(/foo)
Value: </x:was>
                                                    </x:test-result><x:test-result>
                                                        <x:expected>XPath: true()
Value: </x:expected>
                                                    
                                                        <x:was>XPath: count(/c:options/c:option) &gt; 0
Value: </x:was>
                                                    </x:test-result><x:test-result>
                                                        <x:expected>XPath: $test-base-uri
Value: </x:expected>
                                                    
                                                        <x:was>XPath: /c:options/c:option[@name='option']/@value
Value: </x:was>
                                                    </x:test-result><x:test-result>
                                                        <x:expected>XPath: $test-base-uri
Value: </x:expected>
                                                    
                                                        <x:was>XPath: /c:options/c:option[@name='option.required']/@value
Value: </x:was>
                                                    </x:test-result><x:test-result>
                                                        <x:expected>XPath: $test-base-uri
Value: </x:expected>
                                                    
                                                        <x:was>XPath: /c:options/c:option[@name='option.default']/@value
Value: </x:was>
                                                    </x:test-result></x:description><x:description><x:step-declaration><p:declare-step xmlns:p="http://www.w3.org/ns/xproc" xmlns:ex="http://example.net/ns"><p:input><p:inline>
            <source.document.primary.default/>
        </p:inline></p:input><p:input><p:inline>
            <source.document.secondary.sequence/>
        </p:inline></p:input><p:input><p:inline>
            <default>
                <default/>
                <default/>
            </default>
        </p:inline></p:input><p:input/><p:output><p:pipe/></p:output><p:output><p:pipe/></p:output><p:output><p:pipe/></p:output><p:output><p:pipe/></p:output><p:output><p:pipe/></p:output><p:option/><p:option/><p:option/></p:declare-step></x:step-declaration><x:scenario xmlns:e="http://example.net/ns"><x:call><x:option/><x:option/></x:call>
                                                <x:context>
                                                    
                                                </x:context>
                                            
                                                <x:expect/>
                                            <x:context>
            <x:document>
                <c:options xmlns:ex="http://example.net/ns">
                    <c:option/>
                    <c:option/>
                    <c:option/>
                </c:options>
            </x:document>
        </x:context><x:expect/><x:expect/><x:expect/><x:expect/></x:scenario><x:output><x:document>
            <source.document.primary.default xmlns:ex="http://example.net/ns"/>
        </x:document></x:output><x:output><x:document>
            <source.document.secondary.sequence xmlns:ex="http://example.net/ns"/>
        </x:document></x:output><x:output><x:document><default xmlns:ex="http://example.net/ns"/></x:document><x:document><default xmlns:ex="http://example.net/ns"/></x:document></x:output><x:output><x:document><c:param-set/></x:document></x:output><x:output><x:document>
                <c:options xmlns:ex="http://example.net/ns">
                    <c:option/>
                    <c:option/>
                    <c:option/>
                </c:options>
            </x:document></x:output><x:test-result>
                                                        <x:expected>At most 0 documents.</x:expected>
                                                    <x:was>0</x:was></x:test-result><x:test-result>
                                                        <x:expected>XPath: $temp-dir
Value: </x:expected>
                                                    
                                                        <x:was>XPath: /c:options/c:option[@name='option']/@value
Value: </x:was>
                                                    </x:test-result><x:test-result>
                                                        <x:expected>XPath: $temp-dir
Value: </x:expected>
                                                    
                                                        <x:was>XPath: $temp-dir
Value: </x:was>
                                                    </x:test-result><x:test-result>
                                                        <x:expected>XPath: $test-base-uri
Value: </x:expected>
                                                    
                                                        <x:was>XPath: /c:options/c:option[@name='option.required']/@value
Value: </x:was>
                                                    </x:test-result><x:test-result>
                                                        <x:expected>XPath: $test-base-uri
Value: </x:expected>
                                                    
                                                        <x:was>XPath: $test-base-uri
Value: </x:was>
                                                    </x:test-result></x:description></x:test-report></x:document></x:output><x:output port="html"><x:document xml:base="file:/home/jostein/xprocspec/src/main/resources/content/xml/xproc/report/report-template.xhtml" type="inline"><html xmlns="http://www.w3.org/1999/xhtml"><head><title>Test Report for file:/home/jostein/xprocspec/src/test/xprocspec/tests/option-1.xprocspec (passed:12 / pending:0 / failed:0 / errors:0 / total:12)</title>
        <meta/>
        <style>/**/
/****************************************************************************/
/*  File:       test-report.css                                             */
/*  Author:     Jeni Tennsion                                               */
/*  URI:        http://xspec.googlecode.com/                                */
/*  Tags:                                                                   */
/*    Copyright (c) 2008, 2010 Jeni Tennsion (see end of file.)             */
/* ------------------------------------------------------------------------ */


/* test */

/* box model */

body {
	margin-right: 1em;
	/*margin-left: 10%;*/
	}

h1 {
	padding: 0.3em 0.5em 0.3em 0.5em;
	position: relative;
	}

h2 {
	padding: 0.1em 0.5em 0.2em 0.5em;
	}

h3 {
	padding-left: 0.6em;
	}

h4 {
	padding-left: 0.8em;
	}

p, table {
	/*margin-left: 5%;*/
	}

dd ul, dd ol {
	margin-left: 0%;
	}

li ul, li ol {
	/*margin-left: 5%;*/
	}

dl, ul, ol, blockquote {
	/*margin-left: 10%;*/
	}

dt {
  padding-top: 3px;
  padding-bottom: 3px;
	clear: both;
	}

dd p {
	/*margin-left: -5px;*/
	margin-top: 5px;
	clear: both;
	}

p.link {
	margin-top: 4px;
	margin-bottom: 0px;
	clear: both;
	}

tr td, td p, li, li p {
	margin-left: 0%;
	}

td:nth-child(2) {
	padding-left: 5%;
	}

.link img, dt img {
	vertical-align: middle;
	position: relative;
	top: -5px;
	}

img {
	position: relative;
	}

#xml-link {
	position: absolute;
	left: 5px;
	top: 5px;
	width: 10%;
	margin-left: 0%;
	}

#link-up {
	position: absolute;
	left: 93%;
	right: 2em;
	top: 0.3em;
	}

#link-top {
	position: absolute;
	left: 89%;
	right: 4em;
	top: 0.3em;
	}
	
.popup {
	display: block;
	visibility: hidden;
	float: right;
	position: absolute;
	top: 5px;
	left: -200px;
	z-index: 1;
	padding: 0.3em;
	width: 220px;
	}

.note {
	position: relative;
	}

.post {
	/*margin-left: 5%;*/
	padding-top: 1em;
	}
	
.example, .sidebar {
  /*margin-left: 5%;*/
  margin-top: 1em;
  margin-bottom: 1em;
  }

/*pre {
	padding-left: 5%;
	margin-left: 5%;
	}*/

/*dd pre, li pre {
	padding-left: 5%;
	}*/

/* fonts */
/* Oxygen  */
body, table {
    font-family:arial, helvetica, sans-serif;
    font-size:12px;
}
/* Oxygen  */

/*body {
	font-family: Verdana, arial, sans-serif;
	font-size: small;
	}*/	

/*h1, h2, h3, h4, h5, h6 {
	font-family: 'trebuchet MS', arial, sans-serif;
	}*/

h1 {
	font-size: 173%;
	font-weight: bold;
	}

h2 {
	font-size: 144%;
	font-weight: normal;
	}

h3 {
	font-size: 120%;
	font-weight: normal;
	}

h4 {
  font-size: 100%;
  font-weight: bold;
}

dt {
	font-weight: bold;
	}

a:link, a:visited, a:active, a:hover {
	font-weight: bold;
	}

a.offsite:link, a.offsite:visited, a.offsite:active, a.offsite:hover {
	font-weight: normal;
	}

/* suppress the normal italics */
address {
	font-style: normal;
	}

div.example, .sidebar {
  font-family: Verdana, arial, sans-serif;
  font-size: 100%;
  }


.note, .link {
	font-family: Verdana, arial, sans-serif;
	/*font-size: 83%;*/
	}

/*.example, .string, .rtf, .code, pre, code {
	font-family: "Lucida Console", "Courier New", monospace;*/
  /*font-size: 83%;*/
/*	}*/

.boolean {
	font-style: italic;
	}

#colophon, #xml-link {
	font-size: 69%;
	}

.question, .title {
	font-weight: bold;
	}

/* colours */
body {
	background-color: white;
	color: black;
	border: 0px none black;
	}

/* this is to make Navigator fill the entire line */
h1, h2 {
	border: 1px solid white;
	width: auto;
	}

h1 {
	/*background: #606;*/
	/*color: #6F6;*/
	}

h2 {
	color: #606;
	/*background: #CFC;*/
	}

hr {
	color: #606;
	background: white;
	}

img, a:link img, a:visited img, a:hover img, a:active img, #link-up img, #link-top img {
	border: 0px none white;
	background: transparent;
	}

/* OXYGEN */
a, a:visited {
    color:rgb(0, 0, 150);
    background-color:inherit;
    font-weight: bold;
}
a:link, a:visited {
    text-decoration:none; 
}
a:hover {
    text-decoration:underline;
}

/* OXYGEN */

a.img:hover, a.img:active {
	background: transparent;
	}

#colophon, #xml-link, .note {
	color: #666;
	}

#colophon a:link, #colophon a:visited, #colophon a:hover,
#xml-link a:link, #xml-link a:visited, #xml-link a:hover,
.note a:link, .note a:visited, .note a:hover {
	color: #969;
	background: transparent;
	}

#colophon a:hover, #xml-link a:hover, .note a:hover {
	background: #CFC;
	color: #969;
	}

.popup {
	background: white;
	border: 1px solid #606;
	}

.post {
	border-top: 2px solid #606;
	}
	
.example {
  border-top: 2px solid #606;
  border-bottom: 2px solid #606;
  }
  
.sidebar {
  border-top: 2px solid #090;
  border-bottom: 2px solid #090;
  }
  
.rng {
  border-left: 2px solid #666;
  }

.same {
  background-color: rgb(206, 239, 174);
}

.diff {
  background-color: #FCC;
}

.whitespace {
	font-style: italic;
	color: #999;
	background: white;
}

.ignored {
  font-style: italic;
  color: #999;
  background: white;
}

.hit {
}

.missed {
  background-color: #A33;
  color: white;
}

/* text */
ol ol li {
	list-style: lower-alpha;
	}

th {
	text-align: left;
	}

td {
	vertical-align: top;
	}

h1 {
	text-transform: uppercase;
	}

h2, h3 {
	/*text-transform: capitalize;*/
	}

.question {
	text-indent: -33px;
	}

.byline {
	text-align: right;
	}

#link-top, #link-up {
	text-align: right;
	}

a {
	text-decoration: none;
	}

table { width: 85%;
        /* border: collapse; */ }

th { text-align: left; }

.xspec tbody th { font-weight: normal; /*font-size: 0.8em;*/ border-top: 1px #666 solid; }
.xspec tbody td { /*font-size: 0.8em;*/ color: #666; }

.successful.label th, .successful.label td { background-color: #CFC; }
.pending.label th, .pending.label td { background-color: #DDD; color: #666; }
.failed.label th, .failed.label td { background-color: #FCC; }
.error.label th, .error.label td { background-color: #FAA; }
/*body &gt; table tbody .failed.label th:first-child:before {content:url(data:image/png;base64,iVBORw0KGgoAAAANSUhEUgAAAAwAAAAMCAYAAABWdVznAAAAGXRFWHRTb2Z0d2FyZQBBZG9iZSBJbWFnZVJlYWR5ccllPAAAA2ZpVFh0WE1MOmNvbS5hZG9iZS54bXAAAAAAADw/eHBhY2tldCBiZWdpbj0i77u/IiBpZD0iVzVNME1wQ2VoaUh6cmVTek5UY3prYzlkIj8+IDx4OnhtcG1ldGEgeG1sbnM6eD0iYWRvYmU6bnM6bWV0YS8iIHg6eG1wdGs9IkFkb2JlIFhNUCBDb3JlIDUuMy1jMDExIDY2LjE0NTY2MSwgMjAxMi8wMi8wNi0xNDo1NjoyNyAgICAgICAgIj4gPHJkZjpSREYgeG1sbnM6cmRmPSJodHRwOi8vd3d3LnczLm9yZy8xOTk5LzAyLzIyLXJkZi1zeW50YXgtbnMjIj4gPHJkZjpEZXNjcmlwdGlvbiByZGY6YWJvdXQ9IiIgeG1sbnM6eG1wTU09Imh0dHA6Ly9ucy5hZG9iZS5jb20veGFwLzEuMC9tbS8iIHhtbG5zOnN0UmVmPSJodHRwOi8vbnMuYWRvYmUuY29tL3hhcC8xLjAvc1R5cGUvUmVzb3VyY2VSZWYjIiB4bWxuczp4bXA9Imh0dHA6Ly9ucy5hZG9iZS5jb20veGFwLzEuMC8iIHhtcE1NOk9yaWdpbmFsRG9jdW1lbnRJRD0ieG1wLmRpZDpCQjU0NjU4QjIyQTNFMTExQkI5Rjk5QkQ4RkQ5RUJFQiIgeG1wTU06RG9jdW1lbnRJRD0ieG1wLmRpZDpEQTUyOTdBQUEzRDUxMUUxQTQwN0YzMUI0Nzg3NDU1RSIgeG1wTU06SW5zdGFuY2VJRD0ieG1wLmlpZDpEQTUyOTdBOUEzRDUxMUUxQTQwN0YzMUI0Nzg3NDU1RSIgeG1wOkNyZWF0b3JUb29sPSJBZG9iZSBQaG90b3Nob3AgQ1M2IChXaW5kb3dzKSI+IDx4bXBNTTpEZXJpdmVkRnJvbSBzdFJlZjppbnN0YW5jZUlEPSJ4bXAuaWlkOjQ4MTZDRTNCRDVBM0UxMTFBQTI2QTBCMjZENzg1Qzg5IiBzdFJlZjpkb2N1bWVudElEPSJ4bXAuZGlkOkJCNTQ2NThCMjJBM0UxMTFCQjlGOTlCRDhGRDlFQkVCIi8+IDwvcmRmOkRlc2NyaXB0aW9uPiA8L3JkZjpSREY+IDwveDp4bXBtZXRhPiA8P3hwYWNrZXQgZW5kPSJyIj8+aHNJrgAAAZ1JREFUeNpsUssrRGEU/907985YMDPNYlh4hbKZPMdgR3aysrGSSFIeKyUKpewoRTYkmcgCf4MsMI2FPDYGKeUZSoru4/uc82VC+W7fOeee+zvn/M45V1uuyCmVwDogq0hDklD6jy1dspNkdxokVrIzPFUh0/MD5OdXoJDwPFtu3d2ns6TTp9oggTlFZlmN0o4AHMmXfJGo0lmGzoE1OgmNHf5YA8rmN5HfM6wADmUuHphA9cIW/JX1yiek9DIlyijxkNjBzXYche19gNcHzfShoLUdVxtLuD/cYzCoMAzCwqYrhMDx9Chs20JRWzf4nMcXcDI3pYAqQHIAtWUJbpKursMMhpA+RiAEGzpc4X5XkDB4GjaHmiZik/PIa2rBEWVlSuW9Q+T3YndskBi46QpQFcLltchtbEZyZhxna4uKhmV9Ito/gtPNOG4P99WItdlIWARNXWOAv6AEr9cplel7/ggUleDlMqUSvNnCobHKxDsNnqs8XaWUZopp/XhxTkOR+HDVOveYUge9rNLyY9SU9v+vwXuUB2R0fQkwABfn/VKSjTLBAAAAAElFTkSuQmCC) " "}*/
/*body &gt; table tbody .error.label th:first-child:before {content:url(data:image/png;base64,iVBORw0KGgoAAAANSUhEUgAAAAwAAAAMCAYAAABWdVznAAAABmJLR0QAAAAAAAD5Q7t/AAAACXBIWXMAAAsTAAALEwEAmpwYAAAAB3RJTUUH3QcKER4AdkxvvQAAAdVJREFUKM89kM9KG0EAh7/JTHazZInEQwJ68KIWLx6Etj6EjxAobYSsD+BjCJ682EOp0FMueYmS0FMICF4i6tFNzJ/dyRh2Znoo6Xf+Pn7wEzc3Nx/W6/UvY8xJnudkWYa1Fu893nviOCaKIhuG4R/v/Ve1Xq9/bG1tnezs7JDnOVpr3t/fcc4hpaRSqVCpVORqtTp9e3v7rrTWn5vNJpPJhHK5zHg8JssyvPeEYcjR0RFpmlKr1ZjP5x9Li8VCbOR2u83BwQEvLy88PT1xfHzMxcUFQgjSNCXLskDlec5sNuPx8REpJZ1Oh+fnZ4QQnJ+fc319Tb/fZ29vD601SmvNdDplsVhwe3vLaDTi6uoKgCRJGAwGNBoNXl9fMcZQcs5hjGG1WpHnObVajQ3VahWtNcYYjDE451Cb+7z3JElCkiScnZ0hpaTX67G7u0u328V7/y+oVqsIITg8PKTT6dBqtRgOhzjnaLVa3N3dcX9/z3K5JI5jxOXlpSuKQqRpirWWh4eH//Plcpn9/X2cc2xvb1MqlQqllBpYa0/jOGYymdBsNsmyDOccURRRFAX1eh2lFGEY/lZBEHyx1v703n8KgkBEUYSUEu/9RkIIUQRB0A/D8NtflUT+nn4OS+0AAAAASUVORK5CYII=) " "}*/
.failed.label th:first-child:before, .failed.label td:first-child:before {content:url(data:image/png;base64,iVBORw0KGgoAAAANSUhEUgAAAAwAAAAMCAYAAABWdVznAAAAGXRFWHRTb2Z0d2FyZQBBZG9iZSBJbWFnZVJlYWR5ccllPAAAA2ZpVFh0WE1MOmNvbS5hZG9iZS54bXAAAAAAADw/eHBhY2tldCBiZWdpbj0i77u/IiBpZD0iVzVNME1wQ2VoaUh6cmVTek5UY3prYzlkIj8+IDx4OnhtcG1ldGEgeG1sbnM6eD0iYWRvYmU6bnM6bWV0YS8iIHg6eG1wdGs9IkFkb2JlIFhNUCBDb3JlIDUuMy1jMDExIDY2LjE0NTY2MSwgMjAxMi8wMi8wNi0xNDo1NjoyNyAgICAgICAgIj4gPHJkZjpSREYgeG1sbnM6cmRmPSJodHRwOi8vd3d3LnczLm9yZy8xOTk5LzAyLzIyLXJkZi1zeW50YXgtbnMjIj4gPHJkZjpEZXNjcmlwdGlvbiByZGY6YWJvdXQ9IiIgeG1sbnM6eG1wTU09Imh0dHA6Ly9ucy5hZG9iZS5jb20veGFwLzEuMC9tbS8iIHhtbG5zOnN0UmVmPSJodHRwOi8vbnMuYWRvYmUuY29tL3hhcC8xLjAvc1R5cGUvUmVzb3VyY2VSZWYjIiB4bWxuczp4bXA9Imh0dHA6Ly9ucy5hZG9iZS5jb20veGFwLzEuMC8iIHhtcE1NOk9yaWdpbmFsRG9jdW1lbnRJRD0ieG1wLmRpZDpCQjU0NjU4QjIyQTNFMTExQkI5Rjk5QkQ4RkQ5RUJFQiIgeG1wTU06RG9jdW1lbnRJRD0ieG1wLmRpZDpEQTUyOTdBQUEzRDUxMUUxQTQwN0YzMUI0Nzg3NDU1RSIgeG1wTU06SW5zdGFuY2VJRD0ieG1wLmlpZDpEQTUyOTdBOUEzRDUxMUUxQTQwN0YzMUI0Nzg3NDU1RSIgeG1wOkNyZWF0b3JUb29sPSJBZG9iZSBQaG90b3Nob3AgQ1M2IChXaW5kb3dzKSI+IDx4bXBNTTpEZXJpdmVkRnJvbSBzdFJlZjppbnN0YW5jZUlEPSJ4bXAuaWlkOjQ4MTZDRTNCRDVBM0UxMTFBQTI2QTBCMjZENzg1Qzg5IiBzdFJlZjpkb2N1bWVudElEPSJ4bXAuZGlkOkJCNTQ2NThCMjJBM0UxMTFCQjlGOTlCRDhGRDlFQkVCIi8+IDwvcmRmOkRlc2NyaXB0aW9uPiA8L3JkZjpSREY+IDwveDp4bXBtZXRhPiA8P3hwYWNrZXQgZW5kPSJyIj8+aHNJrgAAAZ1JREFUeNpsUssrRGEU/907985YMDPNYlh4hbKZPMdgR3aysrGSSFIeKyUKpewoRTYkmcgCf4MsMI2FPDYGKeUZSoru4/uc82VC+W7fOeee+zvn/M45V1uuyCmVwDogq0hDklD6jy1dspNkdxokVrIzPFUh0/MD5OdXoJDwPFtu3d2ns6TTp9oggTlFZlmN0o4AHMmXfJGo0lmGzoE1OgmNHf5YA8rmN5HfM6wADmUuHphA9cIW/JX1yiek9DIlyijxkNjBzXYche19gNcHzfShoLUdVxtLuD/cYzCoMAzCwqYrhMDx9Chs20JRWzf4nMcXcDI3pYAqQHIAtWUJbpKursMMhpA+RiAEGzpc4X5XkDB4GjaHmiZik/PIa2rBEWVlSuW9Q+T3YndskBi46QpQFcLltchtbEZyZhxna4uKhmV9Ito/gtPNOG4P99WItdlIWARNXWOAv6AEr9cplel7/ggUleDlMqUSvNnCobHKxDsNnqs8XaWUZopp/XhxTkOR+HDVOveYUge9rNLyY9SU9v+vwXuUB2R0fQkwABfn/VKSjTLBAAAAAElFTkSuQmCC) " "}
.error.label th:first-child:before, .error.label td:first-child:before {content:url(data:image/png;base64,iVBORw0KGgoAAAANSUhEUgAAAAwAAAAMCAYAAABWdVznAAAABmJLR0QAAAAAAAD5Q7t/AAAACXBIWXMAAAsTAAALEwEAmpwYAAAAB3RJTUUH3QcKER4AdkxvvQAAAdVJREFUKM89kM9KG0EAh7/JTHazZInEQwJ68KIWLx6Etj6EjxAobYSsD+BjCJ682EOp0FMueYmS0FMICF4i6tFNzJ/dyRh2Znoo6Xf+Pn7wEzc3Nx/W6/UvY8xJnudkWYa1Fu893nviOCaKIhuG4R/v/Ve1Xq9/bG1tnezs7JDnOVpr3t/fcc4hpaRSqVCpVORqtTp9e3v7rrTWn5vNJpPJhHK5zHg8JssyvPeEYcjR0RFpmlKr1ZjP5x9Li8VCbOR2u83BwQEvLy88PT1xfHzMxcUFQgjSNCXLskDlec5sNuPx8REpJZ1Oh+fnZ4QQnJ+fc319Tb/fZ29vD601SmvNdDplsVhwe3vLaDTi6uoKgCRJGAwGNBoNXl9fMcZQcs5hjGG1WpHnObVajQ3VahWtNcYYjDE451Cb+7z3JElCkiScnZ0hpaTX67G7u0u328V7/y+oVqsIITg8PKTT6dBqtRgOhzjnaLVa3N3dcX9/z3K5JI5jxOXlpSuKQqRpirWWh4eH//Plcpn9/X2cc2xvb1MqlQqllBpYa0/jOGYymdBsNsmyDOccURRRFAX1eh2lFGEY/lZBEHyx1v703n8KgkBEUYSUEu/9RkIIUQRB0A/D8NtflUT+nn4OS+0AAAAASUVORK5CYII=) " "}
.pending.label th:first-child:before, .pending.label td:first-child:before {content:url(data:image/png;base64,iVBORw0KGgoAAAANSUhEUgAAAAwAAAAMCAYAAABWdVznAAAAGXRFWHRTb2Z0d2FyZQBBZG9iZSBJbWFnZVJlYWR5ccllPAAAA2ZpVFh0WE1MOmNvbS5hZG9iZS54bXAAAAAAADw/eHBhY2tldCBiZWdpbj0i77u/IiBpZD0iVzVNME1wQ2VoaUh6cmVTek5UY3prYzlkIj8+IDx4OnhtcG1ldGEgeG1sbnM6eD0iYWRvYmU6bnM6bWV0YS8iIHg6eG1wdGs9IkFkb2JlIFhNUCBDb3JlIDUuMy1jMDExIDY2LjE0NTY2MSwgMjAxMi8wMi8wNi0xNDo1NjoyNyAgICAgICAgIj4gPHJkZjpSREYgeG1sbnM6cmRmPSJodHRwOi8vd3d3LnczLm9yZy8xOTk5LzAyLzIyLXJkZi1zeW50YXgtbnMjIj4gPHJkZjpEZXNjcmlwdGlvbiByZGY6YWJvdXQ9IiIgeG1sbnM6eG1wTU09Imh0dHA6Ly9ucy5hZG9iZS5jb20veGFwLzEuMC9tbS8iIHhtbG5zOnN0UmVmPSJodHRwOi8vbnMuYWRvYmUuY29tL3hhcC8xLjAvc1R5cGUvUmVzb3VyY2VSZWYjIiB4bWxuczp4bXA9Imh0dHA6Ly9ucy5hZG9iZS5jb20veGFwLzEuMC8iIHhtcE1NOk9yaWdpbmFsRG9jdW1lbnRJRD0ieG1wLmRpZDpCQjU0NjU4QjIyQTNFMTExQkI5Rjk5QkQ4RkQ5RUJFQiIgeG1wTU06RG9jdW1lbnRJRD0ieG1wLmRpZDpDODdDM0Y0QUEzRDUxMUUxQjk5N0MzQjVFRDMyQUE1MiIgeG1wTU06SW5zdGFuY2VJRD0ieG1wLmlpZDpDODdDM0Y0OUEzRDUxMUUxQjk5N0MzQjVFRDMyQUE1MiIgeG1wOkNyZWF0b3JUb29sPSJBZG9iZSBQaG90b3Nob3AgQ1M2IChXaW5kb3dzKSI+IDx4bXBNTTpEZXJpdmVkRnJvbSBzdFJlZjppbnN0YW5jZUlEPSJ4bXAuaWlkOjQ4MTZDRTNCRDVBM0UxMTFBQTI2QTBCMjZENzg1Qzg5IiBzdFJlZjpkb2N1bWVudElEPSJ4bXAuZGlkOkJCNTQ2NThCMjJBM0UxMTFCQjlGOTlCRDhGRDlFQkVCIi8+IDwvcmRmOkRlc2NyaXB0aW9uPiA8L3JkZjpSREY+IDwveDp4bXBtZXRhPiA8P3hwYWNrZXQgZW5kPSJyIj8+yj6RYgAAAPZJREFUeNp0kM8KgkAQxmc1E0Wfo3vQn5eRSDx4EUHwbTpEhx4lil7DiydBQUFXp5nAMNsGhpnd/X77za4Iw3CFiFcAWFMFDkXtKZ/UHhfUnB3HWdu2/REpAL2u631ZlicGdpZlwTAMSmBM0zS5bhgQLB5FU3AOUS4XvNn3vVKgAACCIMA0TbFpGsyyDJMkefdFUWAcx1hVFeZ5jlEUoed5qPEI7KDrOhiG8e6llNC27Zcz77FW+L6Pruv+WKtGIzfgR39umv/UHOJgAMlO/BPOXCQDD5p3r2ma8lvHNU9BcWPg0HXdhRZbOhRT8aSXVO9U/ZcAAwAsmjsSQcM0lwAAAABJRU5ErkJggg==) " ";}
.successful.label th:first-child:before, .successful.label td:first-child:before {content:url(data:image/png;base64,iVBORw0KGgoAAAANSUhEUgAAAAwAAAAMCAYAAABWdVznAAAAGXRFWHRTb2Z0d2FyZQBBZG9iZSBJbWFnZVJlYWR5ccllPAAAA2ZpVFh0WE1MOmNvbS5hZG9iZS54bXAAAAAAADw/eHBhY2tldCBiZWdpbj0i77u/IiBpZD0iVzVNME1wQ2VoaUh6cmVTek5UY3prYzlkIj8+IDx4OnhtcG1ldGEgeG1sbnM6eD0iYWRvYmU6bnM6bWV0YS8iIHg6eG1wdGs9IkFkb2JlIFhNUCBDb3JlIDUuMy1jMDExIDY2LjE0NTY2MSwgMjAxMi8wMi8wNi0xNDo1NjoyNyAgICAgICAgIj4gPHJkZjpSREYgeG1sbnM6cmRmPSJodHRwOi8vd3d3LnczLm9yZy8xOTk5LzAyLzIyLXJkZi1zeW50YXgtbnMjIj4gPHJkZjpEZXNjcmlwdGlvbiByZGY6YWJvdXQ9IiIgeG1sbnM6eG1wTU09Imh0dHA6Ly9ucy5hZG9iZS5jb20veGFwLzEuMC9tbS8iIHhtbG5zOnN0UmVmPSJodHRwOi8vbnMuYWRvYmUuY29tL3hhcC8xLjAvc1R5cGUvUmVzb3VyY2VSZWYjIiB4bWxuczp4bXA9Imh0dHA6Ly9ucy5hZG9iZS5jb20veGFwLzEuMC8iIHhtcE1NOk9yaWdpbmFsRG9jdW1lbnRJRD0ieG1wLmRpZDpCQjU0NjU4QjIyQTNFMTExQkI5Rjk5QkQ4RkQ5RUJFQiIgeG1wTU06RG9jdW1lbnRJRD0ieG1wLmRpZDpEMDVBNThBQUEzRDUxMUUxQjdCQkM2QUNBMTNBMDExNiIgeG1wTU06SW5zdGFuY2VJRD0ieG1wLmlpZDpEMDVBNThBOUEzRDUxMUUxQjdCQkM2QUNBMTNBMDExNiIgeG1wOkNyZWF0b3JUb29sPSJBZG9iZSBQaG90b3Nob3AgQ1M2IChXaW5kb3dzKSI+IDx4bXBNTTpEZXJpdmVkRnJvbSBzdFJlZjppbnN0YW5jZUlEPSJ4bXAuaWlkOjQ4MTZDRTNCRDVBM0UxMTFBQTI2QTBCMjZENzg1Qzg5IiBzdFJlZjpkb2N1bWVudElEPSJ4bXAuZGlkOkJCNTQ2NThCMjJBM0UxMTFCQjlGOTlCRDhGRDlFQkVCIi8+IDwvcmRmOkRlc2NyaXB0aW9uPiA8L3JkZjpSREY+IDwveDp4bXBtZXRhPiA8P3hwYWNrZXQgZW5kPSJyIj8+xJ3YrgAAAYBJREFUeNpsUrtKA1EQPZtdY4gEQiD4QCsLEVGX4CP4AykEq1hYiGghCDZ+gBZWVtrZ+EAjaGOhfoAkNiaKhYWICilMEQNqoYjZ5O4d5+6ucQuLM3funDNzD7OrLe229YBwSKAEnyAP/pyIbL5fcz5rcNiLtuqJSEz3ickn5ruE/vFmJ9/LYjvAldGWqA7bJkgPtoAHQrS5G6NdiwhFWCoxHOCgKUL+iurkCBVawyamE8d4qmSZ51clBZUlh+RG14JzEsJNcaTNLVwWd1B6vXXqkmGoYNeVUPnW3JNr4+YarPoncvebEAKNekAlokaY6N/A1NA+SBgY6Eijtz2Fs5sVWNWawysorWNJsO+q9QWzaxLTYwfojA3isZzDfSnrWvTsNiyp7pOrZURC7ejrTDEpcVpY9ab+NSioLZEiapZA5nwBxZcC8g9HeK7ccYM7TDnwmoU2vx6/NIJaUjc0b0u8YvJNle5HdJvlhbI0Y31ThqsjTGr0/+8hOOQ5nfsRYACtHiy+FDd82wAAAABJRU5ErkJggg==) " "}
/*.successful.label a:before {content:url(data:image/png;base64,iVBORw0KGgoAAAANSUhEUgAAAAwAAAAMCAYAAABWdVznAAAAGXRFWHRTb2Z0d2FyZQBBZG9iZSBJbWFnZVJlYWR5ccllPAAAA2ZpVFh0WE1MOmNvbS5hZG9iZS54bXAAAAAAADw/eHBhY2tldCBiZWdpbj0i77u/IiBpZD0iVzVNME1wQ2VoaUh6cmVTek5UY3prYzlkIj8+IDx4OnhtcG1ldGEgeG1sbnM6eD0iYWRvYmU6bnM6bWV0YS8iIHg6eG1wdGs9IkFkb2JlIFhNUCBDb3JlIDUuMy1jMDExIDY2LjE0NTY2MSwgMjAxMi8wMi8wNi0xNDo1NjoyNyAgICAgICAgIj4gPHJkZjpSREYgeG1sbnM6cmRmPSJodHRwOi8vd3d3LnczLm9yZy8xOTk5LzAyLzIyLXJkZi1zeW50YXgtbnMjIj4gPHJkZjpEZXNjcmlwdGlvbiByZGY6YWJvdXQ9IiIgeG1sbnM6eG1wTU09Imh0dHA6Ly9ucy5hZG9iZS5jb20veGFwLzEuMC9tbS8iIHhtbG5zOnN0UmVmPSJodHRwOi8vbnMuYWRvYmUuY29tL3hhcC8xLjAvc1R5cGUvUmVzb3VyY2VSZWYjIiB4bWxuczp4bXA9Imh0dHA6Ly9ucy5hZG9iZS5jb20veGFwLzEuMC8iIHhtcE1NOk9yaWdpbmFsRG9jdW1lbnRJRD0ieG1wLmRpZDpCQjU0NjU4QjIyQTNFMTExQkI5Rjk5QkQ4RkQ5RUJFQiIgeG1wTU06RG9jdW1lbnRJRD0ieG1wLmRpZDpEMDVBNThBQUEzRDUxMUUxQjdCQkM2QUNBMTNBMDExNiIgeG1wTU06SW5zdGFuY2VJRD0ieG1wLmlpZDpEMDVBNThBOUEzRDUxMUUxQjdCQkM2QUNBMTNBMDExNiIgeG1wOkNyZWF0b3JUb29sPSJBZG9iZSBQaG90b3Nob3AgQ1M2IChXaW5kb3dzKSI+IDx4bXBNTTpEZXJpdmVkRnJvbSBzdFJlZjppbnN0YW5jZUlEPSJ4bXAuaWlkOjQ4MTZDRTNCRDVBM0UxMTFBQTI2QTBCMjZENzg1Qzg5IiBzdFJlZjpkb2N1bWVudElEPSJ4bXAuZGlkOkJCNTQ2NThCMjJBM0UxMTFCQjlGOTlCRDhGRDlFQkVCIi8+IDwvcmRmOkRlc2NyaXB0aW9uPiA8L3JkZjpSREY+IDwveDp4bXBtZXRhPiA8P3hwYWNrZXQgZW5kPSJyIj8+xJ3YrgAAAYBJREFUeNpsUrtKA1EQPZtdY4gEQiD4QCsLEVGX4CP4AykEq1hYiGghCDZ+gBZWVtrZ+EAjaGOhfoAkNiaKhYWICilMEQNqoYjZ5O4d5+6ucQuLM3funDNzD7OrLe229YBwSKAEnyAP/pyIbL5fcz5rcNiLtuqJSEz3ickn5ruE/vFmJ9/LYjvAldGWqA7bJkgPtoAHQrS5G6NdiwhFWCoxHOCgKUL+iurkCBVawyamE8d4qmSZ51clBZUlh+RG14JzEsJNcaTNLVwWd1B6vXXqkmGoYNeVUPnW3JNr4+YarPoncvebEAKNekAlokaY6N/A1NA+SBgY6Eijtz2Fs5sVWNWawysorWNJsO+q9QWzaxLTYwfojA3isZzDfSnrWvTsNiyp7pOrZURC7ejrTDEpcVpY9ab+NSioLZEiapZA5nwBxZcC8g9HeK7ccYM7TDnwmoU2vx6/NIJaUjc0b0u8YvJNle5HdJvlhbI0Y31ThqsjTGr0/+8hOOQ5nfsRYACtHiy+FDd82wAAAABJRU5ErkJggg==) " "}*/

.xspecResult { width: 90%; table-layout: fixed; }

.xspecResult td,
.xspecResult th { width: 50%; }

/*.xspecResult pre { 
  margin-left: 0; 
  padding: 0.5em; 
  overflow: auto; 
  border: 1px #999 dotted;
}*/

span.scenario-totals {float: right; width: 14.5%; text-align: left}

/* OXYGEN */
span.scenario-totals {float: right; width: 34.5%; text-align: right}

h2.failed {
    background-color: #FCC;
}

h1, h2 {
    width: 86%;
    /*margin-left: 3%;*/
    
    font-size:1.4em;
    font-weight:bold;
    text-align:left;
    margin-top:1.4em;
    margin-bottom:0.7em;
    color:#333333;
    background-color:inherit;
}

h1 {
    font-size:1.7em;
}

body &gt; h1:first-child:before {
    content:"XSLT UNIT ";
}

body &gt; h2:first-of-type {
    font-size:1.7em;
}

div &gt; table &gt; tbody &gt; tr &gt; th:first-child {
    font-weight:bold;
}

div &gt; h3 {
    font-weight:bold;
    /*margin-left: 3%;*/
}

div &gt; h4 {
    font-weight:normal;
    /*margin-left: 4%;*/
}

th.result { text-align: center; }
/* OXYGEN */


/* ------------------------------------------------------------------------ */
/*  DO NOT ALTER OR REMOVE COPYRIGHT NOTICES OR THIS COMMENT.               */
/*                                                                          */
/*  Copyright (c) 2008, 2010 Jeni Tennsion                                  */
/*                                                                          */
/*  The contents of this file are subject to the MIT License (see the URI   */
/*  http://www.opensource.org/licenses/mit-license.php for details).        */
/*                                                                          */
/*  Permission is hereby granted, free of charge, to any person obtaining   */
/*  a copy of this software and associated documentation files (the         */
/*  "Software"), to deal in the Software without restriction, including     */
/*  without limitation the rights to use, copy, modify, merge, publish,     */
/*  distribute, sublicense, and/or sell copies of the Software, and to      */
/*  permit persons to whom the Software is furnished to do so, subject to   */
/*  the following conditions:                                               */
/*                                                                          */
/*  The above copyright notice and this permission notice shall be          */
/*  included in all copies or substantial portions of the Software.         */
/*                                                                          */
/*  THE SOFTWARE IS PROVIDED "AS IS", WITHOUT WARRANTY OF ANY KIND,         */
/*  EXPRESS OR IMPLIED, INCLUDING BUT NOT LIMITED TO THE WARRANTIES OF      */
/*  MERCHANTABILITY, FITNESS FOR A PARTICULAR PURPOSE AND NONINFRINGEMENT.  */
/*  IN NO EVENT SHALL THE AUTHORS OR COPYRIGHT HOLDERS BE LIABLE FOR ANY    */
/*  CLAIM, DAMAGES OR OTHER LIABILITY, WHETHER IN AN ACTION OF CONTRACT,    */
/*  TORT OR OTHERWISE, ARISING FROM, OUT OF OR IN CONNECTION WITH THE       */
/*  SOFTWARE OR THE USE OR OTHER DEALINGS IN THE SOFTWARE.                  */
/* ------------------------------------------------------------------------ */

.nobr { white-space: nowrap; }
.scenario-label { text-indent: 0px; }
.context-label { text-indent: 10px; }
.test-label { text-indent: 20px; }
.pending-label { text-indent: 30px; }


        /**/</style>
    </head><body><h1>Test Report</h1><p>Script: <a>file:/home/jostein/xprocspec/src/test/xprocspec/tests/option-1.xprocspec</a></p><p>Tested: 2013-09-02T14:17:02.87+02:00</p><h2>Contents</h2><table><col/><col/><col/><col/><col/><col/><thead><tr><th/><th>passed:12</th><th>pending:0</th><th>failed:0</th><th>errors:0</th><th>total:12</th></tr></thead><tbody><tr><th><a>ex:identity</a></th><th>12</th><th>0</th><th>0</th><th>0</th><th>12</th></tr></tbody></table><div><h2>Calling: <a>ex:identity</a><span>passed:12 / pending:0 /
                                        failed:0 / errors:0 / total:12</span></h2><table><col/><col/><tbody><tr><th>identity - base-uri</th><th>passed:7 / pending:0 / failed:0 / errors:0 / total:7</th></tr><tr><th>errors</th><th>passed:1 / pending:0 / failed:0 / errors:0 / total:1</th></tr><tr><td>the step should execute successfully without throwing any errors</td><td>Success</td></tr><tr><th>the options</th><th>passed:6 / pending:0 / failed:0 / errors:0 / total:6</th></tr><tr><td>Options should be wrapped in a c:options element</td><td>Success</td></tr><tr><td>Options should not be wrapped in something other than a c:options element</td><td>Success</td></tr><tr><td>Options should be stored in c:option elements inside the root c:options element</td><td>Success</td></tr><tr><td>base-uri(.) should refer to the base URI of the xprocspec test document</td><td>Success</td></tr><tr><td>base-uri(/*) should refer to the base URI of the xprocspec test document</td><td>Success</td></tr><tr><td>base-uri() should refer to the base URI of the xprocspec test document</td><td>Success</td></tr><tr><th>identity - variables</th><th>passed:5 / pending:0 / failed:0 / errors:0 / total:5</th></tr><tr><th>errors</th><th>passed:1 / pending:0 / failed:0 / errors:0 / total:1</th></tr><tr><td>the step should execute successfully without throwing any errors</td><td>Success</td></tr><tr><th>the options</th><th>passed:4 / pending:0 / failed:0 / errors:0 / total:4</th></tr><tr><td>The $temp-dir variable should be available from both the x:option @select attribute and the x:expect @test attributes</td><td>Success</td></tr><tr><td>The $temp-dir variable should be available from both the @test and @equals attributes</td><td>Success</td></tr><tr><td>The $test-base-uri variable should be available from both the x:option @select attribute and the x:expect @test attributes</td><td>Success</td></tr><tr><td>The $test-base-uri variable should be available from both the @test and @equals attributes</td><td>Success</td></tr></tbody></table></div><h2>Execution log</h2><table><thead><tr><th>Time</th><th>Severity</th><th>Message</th></tr></thead><tbody><tr><td>0.000</td><td>INFO</td><td><code><pre>#### file:/home/jostein/xprocspec/src/test/xprocspec/tests/option-1.xprocspec ####</pre></code></td></tr><tr><td>0.004</td><td>INFO</td><td><code><pre> * temporary directory: file:/tmp/xprocspec-20130902141648008/</pre></code></td></tr><tr><td>0.010</td><td>INFO</td><td><code><pre>preprocessing...</pre></code></td></tr><tr><td>0.028</td><td>INFO</td><td><code><pre> * checking for imports</pre></code></td></tr><tr><td>0.034</td><td>INFO</td><td><code><pre> * checking file:/home/jostein/xprocspec/src/test/xprocspec/tests/option-1.xprocspec for imports</pre></code></td></tr><tr><td>0.040</td><td>INFO</td><td><code><pre> * extracting step declarations from file:/home/jostein/xprocspec/src/test/xprocspec/steps/identity.xpl</pre></code></td></tr><tr><td>0.046</td><td>INFO</td><td><code><pre> * tests reference 1 step</pre></code></td></tr><tr><td>0.051</td><td>INFO</td><td><code><pre>   * step: e:identity</pre></code></td></tr><tr><td>0.057</td><td>INFO</td><td><code><pre> * trying to load: file:/home/jostein/xprocspec/src/test/xprocspec/steps/identity.xpl</pre></code></td></tr><tr><td>0.063</td><td>INFO</td><td><code><pre>   * success!</pre></code></td></tr><tr><td>0.070</td><td>INFO</td><td><code><pre> * trying to extract the step declaration for {http://example.net/ns}identity from file:/home/jostein/xprocspec/src/test/xprocspec/steps/identity.xpl</pre></code></td></tr><tr><td>0.083</td><td>INFO</td><td><code><pre> * creating a new x:description document for each x:scenario element with inferred inputs, options and parameters</pre></code></td></tr><tr><td>0.103</td><td>INFO</td><td><code><pre> * validating output grammar</pre></code></td></tr><tr><td>0.116</td><td>INFO</td><td><code><pre> * validating output grammar</pre></code></td></tr><tr><td>0.128</td><td>INFO</td><td><code><pre>compiling...</pre></code></td></tr><tr><td>0.136</td><td>INFO</td><td><code><pre> * created directory using Calabash's cxf:mkdir</pre></code></td></tr><tr><td>0.142</td><td>INFO</td><td><code><pre> * converting test 'test1' to XProc</pre></code></td></tr><tr><td>0.156</td><td>INFO</td><td><code><pre>   * done</pre></code></td></tr><tr><td>0.163</td><td>INFO</td><td><code><pre> * validating output grammar for file:/home/jostein/xprocspec/src/test/xprocspec/tests/option-1.xprocspec</pre></code></td></tr><tr><td>0.176</td><td>INFO</td><td><code><pre>   * done!</pre></code></td></tr><tr><td>0.184</td><td>INFO</td><td><code><pre> * converting test 'test2' to XProc</pre></code></td></tr><tr><td>0.196</td><td>INFO</td><td><code><pre>   * done</pre></code></td></tr><tr><td>0.203</td><td>INFO</td><td><code><pre> * validating output grammar for file:/home/jostein/xprocspec/src/test/xprocspec/tests/option-1.xprocspec</pre></code></td></tr><tr><td>0.216</td><td>INFO</td><td><code><pre>   * done!</pre></code></td></tr><tr><td>0.223</td><td>INFO</td><td><code><pre> * using as temporary directory: file:/tmp/xprocspec-20130902141648008/xprocspec-20130902141701704/</pre></code></td></tr><tr><td>0.229</td><td>INFO</td><td><code><pre>storing...</pre></code></td></tr><tr><td>0.241</td><td>INFO</td><td><code><pre>running...</pre></code></td></tr><tr><td>0.249</td><td>INFO</td><td><code><pre>   * loading 'file:/tmp/xprocspec-20130902141648008/test1.xpl'</pre></code></td></tr><tr><td>0.313</td><td>INFO</td><td><code><pre>   * loading 'file:/tmp/xprocspec-20130902141648008/test2.xpl'</pre></code></td></tr><tr><td>0.374</td><td>INFO</td><td><code><pre>evaluating...</pre></code></td></tr><tr><td>0.387</td><td>INFO</td><td><code><pre> * evaluating scenario 'identity - base-uri' (file:/home/jostein/xprocspec/src/test/xprocspec/tests/option-1.xprocspec)</pre></code></td></tr><tr><td>0.394</td><td>INFO</td><td><code><pre>   * resolving x:document elements...</pre></code></td></tr><tr><td>0.404</td><td>INFO</td><td><code><pre>    * no errors occured</pre></code></td></tr><tr><td>0.428</td><td>INFO</td><td><code><pre>   * grouping x:expect elements with their x:context...</pre></code></td></tr><tr><td>0.438</td><td>INFO</td><td><code><pre>   * evaluating each context/expect group...</pre></code></td></tr><tr><td>0.445</td><td>INFO</td><td><code><pre>     * setting context to 'errors'</pre></code></td></tr><tr><td>0.452</td><td>INFO</td><td><code><pre>       * testing assertion 'the step should execute successfully without throwing any errors'</pre></code></td></tr><tr><td>0.460</td><td>INFO</td><td><code><pre>         * is document count assertion</pre></code></td></tr><tr><td>0.468</td><td>INFO</td><td><code><pre>         * assertion passed</pre></code></td></tr><tr><td>0.476</td><td>INFO</td><td><code><pre>     * setting context to 'the options'</pre></code></td></tr><tr><td>0.484</td><td>INFO</td><td><code><pre>       * testing assertion 'Options should be wrapped in a c:options element'</pre></code></td></tr><tr><td>0.491</td><td>INFO</td><td><code><pre>         * is xpath assertion</pre></code></td></tr><tr><td>0.498</td><td>INFO</td><td><code><pre>           * evaluating against context item #1</pre></code></td></tr><tr><td>0.506</td><td>INFO</td><td><code><pre>             * success</pre></code></td></tr><tr><td>0.515</td><td>INFO</td><td><code><pre>         * assertion passed</pre></code></td></tr><tr><td>0.524</td><td>INFO</td><td><code><pre>       * testing assertion 'Options should not be wrapped in something other than a c:options element'</pre></code></td></tr><tr><td>0.532</td><td>INFO</td><td><code><pre>         * is xpath assertion</pre></code></td></tr><tr><td>0.539</td><td>INFO</td><td><code><pre>           * evaluating against context item #1</pre></code></td></tr><tr><td>0.548</td><td>INFO</td><td><code><pre>             * success</pre></code></td></tr><tr><td>0.556</td><td>INFO</td><td><code><pre>         * assertion passed</pre></code></td></tr><tr><td>0.565</td><td>INFO</td><td><code><pre>       * testing assertion 'Options should be stored in c:option elements inside the root c:options element'</pre></code></td></tr><tr><td>0.573</td><td>INFO</td><td><code><pre>         * is xpath assertion</pre></code></td></tr><tr><td>0.581</td><td>INFO</td><td><code><pre>           * evaluating against context item #1</pre></code></td></tr><tr><td>0.590</td><td>INFO</td><td><code><pre>             * success</pre></code></td></tr><tr><td>0.599</td><td>INFO</td><td><code><pre>         * assertion passed</pre></code></td></tr><tr><td>0.608</td><td>INFO</td><td><code><pre>       * testing assertion 'base-uri(.) should refer to the base URI of the xprocspec test document'</pre></code></td></tr><tr><td>0.682</td><td>INFO</td><td><code><pre>         * is xpath assertion</pre></code></td></tr><tr><td>0.690</td><td>INFO</td><td><code><pre>           * evaluating against context item #1</pre></code></td></tr><tr><td>0.699</td><td>INFO</td><td><code><pre>             * success</pre></code></td></tr><tr><td>0.708</td><td>INFO</td><td><code><pre>         * assertion passed</pre></code></td></tr><tr><td>0.718</td><td>INFO</td><td><code><pre>       * testing assertion 'base-uri(/*) should refer to the base URI of the xprocspec test document'</pre></code></td></tr><tr><td>0.727</td><td>INFO</td><td><code><pre>         * is xpath assertion</pre></code></td></tr><tr><td>0.736</td><td>INFO</td><td><code><pre>           * evaluating against context item #1</pre></code></td></tr><tr><td>0.745</td><td>INFO</td><td><code><pre>             * success</pre></code></td></tr><tr><td>0.754</td><td>INFO</td><td><code><pre>         * assertion passed</pre></code></td></tr><tr><td>0.764</td><td>INFO</td><td><code><pre>       * testing assertion 'base-uri() should refer to the base URI of the xprocspec test document'</pre></code></td></tr><tr><td>0.773</td><td>INFO</td><td><code><pre>         * is xpath assertion</pre></code></td></tr><tr><td>0.782</td><td>INFO</td><td><code><pre>           * evaluating against context item #1</pre></code></td></tr><tr><td>0.791</td><td>INFO</td><td><code><pre>             * success</pre></code></td></tr><tr><td>0.801</td><td>INFO</td><td><code><pre>         * assertion passed</pre></code></td></tr><tr><td>0.827</td><td>INFO</td><td><code><pre> * evaluating scenario 'identity - variables' (file:/home/jostein/xprocspec/src/test/xprocspec/tests/option-1.xprocspec)</pre></code></td></tr><tr><td>0.836</td><td>INFO</td><td><code><pre>   * resolving x:document elements...</pre></code></td></tr><tr><td>0.847</td><td>INFO</td><td><code><pre>    * no errors occured</pre></code></td></tr><tr><td>0.874</td><td>INFO</td><td><code><pre>   * grouping x:expect elements with their x:context...</pre></code></td></tr><tr><td>0.884</td><td>INFO</td><td><code><pre>   * evaluating each context/expect group...</pre></code></td></tr><tr><td>0.894</td><td>INFO</td><td><code><pre>     * setting context to 'errors'</pre></code></td></tr><tr><td>0.903</td><td>INFO</td><td><code><pre>       * testing assertion 'the step should execute successfully without throwing any errors'</pre></code></td></tr><tr><td>0.913</td><td>INFO</td><td><code><pre>         * is document count assertion</pre></code></td></tr><tr><td>0.923</td><td>INFO</td><td><code><pre>         * assertion passed</pre></code></td></tr><tr><td>0.933</td><td>INFO</td><td><code><pre>     * setting context to 'the options'</pre></code></td></tr><tr><td>0.943</td><td>INFO</td><td><code><pre>       * testing assertion 'The $temp-dir variable should be available from both the x:option @select attribute and the x:expect @test attributes'</pre></code></td></tr><tr><td>0.953</td><td>INFO</td><td><code><pre>         * is xpath assertion</pre></code></td></tr><tr><td>0.964</td><td>INFO</td><td><code><pre>           * evaluating against context item #1</pre></code></td></tr><tr><td>0.976</td><td>INFO</td><td><code><pre>             * success</pre></code></td></tr><tr><td>0.987</td><td>INFO</td><td><code><pre>         * assertion passed</pre></code></td></tr><tr><td>0.998</td><td>INFO</td><td><code><pre>       * testing assertion 'The $temp-dir variable should be available from both the @test and @equals attributes'</pre></code></td></tr><tr><td>1.009</td><td>INFO</td><td><code><pre>         * is xpath assertion</pre></code></td></tr><tr><td>1.019</td><td>INFO</td><td><code><pre>           * evaluating against context item #1</pre></code></td></tr><tr><td>1.029</td><td>INFO</td><td><code><pre>             * success</pre></code></td></tr><tr><td>1.040</td><td>INFO</td><td><code><pre>         * assertion passed</pre></code></td></tr><tr><td>1.051</td><td>INFO</td><td><code><pre>       * testing assertion 'The $test-base-uri variable should be available from both the x:option @select attribute and the x:expect @test attributes'</pre></code></td></tr><tr><td>1.062</td><td>INFO</td><td><code><pre>         * is xpath assertion</pre></code></td></tr><tr><td>1.072</td><td>INFO</td><td><code><pre>           * evaluating against context item #1</pre></code></td></tr><tr><td>1.082</td><td>INFO</td><td><code><pre>             * success</pre></code></td></tr><tr><td>1.093</td><td>INFO</td><td><code><pre>         * assertion passed</pre></code></td></tr><tr><td>1.105</td><td>INFO</td><td><code><pre>       * testing assertion 'The $test-base-uri variable should be available from both the @test and @equals attributes'</pre></code></td></tr><tr><td>1.115</td><td>INFO</td><td><code><pre>         * is xpath assertion</pre></code></td></tr><tr><td>1.126</td><td>INFO</td><td><code><pre>           * evaluating against context item #1</pre></code></td></tr><tr><td>1.137</td><td>INFO</td><td><code><pre>             * success</pre></code></td></tr><tr><td>1.148</td><td>INFO</td><td><code><pre>         * assertion passed</pre></code></td></tr><tr><td>1.173</td><td>INFO</td><td><code><pre>reporting...</pre></code></td></tr></tbody></table><link/><script> </script><script>hljs.initHighlightingOnLoad();</script></body></html></x:document></x:output><x:output port="junit"><x:document xml:base="file:/home/jostein/xprocspec/src/main/resources/content/xml/xproc/report/report.xpl" type="inline"><testsuites><testsuite>
<properties>

<property/>
<property/>
<property/>

</properties>
<testcase><system-out>the step should execute successfully without throwing any errors: SUCCESS</system-out>
<system-err/></testcase><testcase><system-out>Options should be wrapped in a c:options element: SUCCESS</system-out>
<system-err/></testcase><testcase><system-out>Options should not be wrapped in something other than a c:options element: SUCCESS</system-out>
<system-err/></testcase><testcase><system-out>Options should be stored in c:option elements inside the root c:options element: SUCCESS</system-out>
<system-err/></testcase><testcase><system-out>base-uri(.) should refer to the base URI of the xprocspec test document: SUCCESS</system-out>
<system-err/></testcase><testcase><system-out>base-uri(/*) should refer to the base URI of the xprocspec test document: SUCCESS</system-out>
<system-err/></testcase><testcase><system-out>base-uri() should refer to the base URI of the xprocspec test document: SUCCESS</system-out>
<system-err/></testcase></testsuite><testsuite>
<properties>

<property/>
<property/>

</properties>
<testcase><system-out>the step should execute successfully without throwing any errors: SUCCESS</system-out>
<system-err/></testcase><testcase><system-out>The $temp-dir variable should be available from both the x:option @select attribute and the x:expect @test attributes: SUCCESS</system-out>
<system-err/></testcase><testcase><system-out>The $temp-dir variable should be available from both the @test and @equals attributes: SUCCESS</system-out>
<system-err/></testcase><testcase><system-out>The $test-base-uri variable should be available from both the x:option @select attribute and the x:expect @test attributes: SUCCESS</system-out>
<system-err/></testcase><testcase><system-out>The $test-base-uri variable should be available from both the @test and @equals attributes: SUCCESS</system-out>
<system-err/></testcase></testsuite></testsuites></x:document></x:output><x:test-result contextref="errors" result="passed" max="0" label="the step should execute successfully without throwing any errors" type="count">
                                                        <x:expected>At most 0 documents.</x:expected>
                                                    <x:was>0</x:was></x:test-result><x:test-result contextref="context11" result="passed" test="not(/*/@tests='0') and /*/@failures='0' and /*/@errors='0'" label="there should be at least one test, and none of the tests should fail" type="xpath">
                                                        <x:expected>XPath: true()
Value: </x:expected>
                                                    
                                                        <x:was>XPath: not(/*/@tests='0') and /*/@failures='0' and /*/@errors='0'
Value: </x:was>
                                                    </x:test-result></x:description><x:description xmlns:cx="http://xmlcalabash.com/ns/extensions" xmlns:c="http://www.w3.org/ns/xproc-step" xml:base="file:/home/jostein/xprocspec/src/test/xprocspec/test.xprocspec" test-base-uri="file:/home/jostein/xprocspec/src/test/xprocspec/test.xprocspec" script="file:/home/jostein/xprocspec/src/main/resources/content/xml/xproc/xprocspec.xpl" test-grammar="xprocspec" temp-dir="file:/tmp/xprocspec-20130902141648008/"><x:step-declaration><p:declare-step xmlns:p="http://www.w3.org/ns/xproc" xmlns:px="http://www.daisy.org/ns/xprocspec" xmlns:pxi="http://www.daisy.org/ns/xprocspec/xproc-internal/" xmlns:pkg="http://expath.org/ns/pkg" type="px:xprocspec" name="main" version="1.0" xpath-version="2.0" pkg:import-uri="http://www.daisy.org/ns/xprocspec/xprocspec.xpl" x:type="{http://www.daisy.org/ns/xprocspec}xprocspec"><p:input port="source" kind="document" sequence="false" primary="true"/><p:output port="result" kind="document" sequence="false" primary="false"><p:pipe port="result" step="report"/></p:output><p:output port="html" kind="document" sequence="false" primary="false"><p:pipe port="html" step="report"/></p:output><p:output port="junit" kind="document" sequence="false" primary="false"><p:pipe port="junit" step="report"/></p:output><p:option name="temp-dir" select="'file:/tmp/'"/></p:declare-step></x:step-declaration><x:scenario end-time="2013-09-02T12:17:04.619Z" label="the param element" start-time="2013-09-02T12:17:03.22Z"><x:call x:type="{http://www.daisy.org/ns/xprocspec}xprocspec" step="x:xprocspec"><x:option select="$temp-dir" name="temp-dir" value="file:/tmp/xprocspec-20130902141648008/"/><x:input port="source">
                <x:document xml:base="file:/home/jostein/xprocspec/src/test/xprocspec/test.xprocspec" type="inline"><?xml-model href="http://www.daisy.org/ns/xprocspec/xprocspec.rng" type="application/xml" schematypens="http://relaxng.org/ns/structure/1.0"?><x:description xmlns:e="http://example.net/ns" script="../steps/identity.xpl">
    
    <x:scenario label="identity - base-uri">
        <x:call step="e:identity">
            <x:option name="option" select="'option'"/>
            <x:option name="option.required" select="'option'"/>
            <x:param name="param1" select="base-uri(.)"/>
            <x:param name="param2" select="base-uri(/*)"/>
            <x:param name="param3" select="base-uri()"/>
        </x:call>
        
        <x:context label="the parameters">
            <x:document type="port" port="result.parameter.primary"/>
        </x:context>
        <x:expect type="xpath" label="Parameters should be wrapped in a c:param-set element" test="count(/c:param-set)" equals="1"/>
        <x:expect type="xpath" label="Parameters should not be wrapped in something other than a c:param-set element" test="count(/asdffoo)" equals="0"/>
        <x:expect type="xpath" label="Parameters should be stored in c:param elements inside the root c:param-set element" test="count(/c:param-set/c:param) &gt; 0"/>
        <x:expect type="xpath" label="base-uri(.) should refer to the base URI of the xprocspec test document" test="/c:param-set/c:param[@name='param1']/@value" equals="$test-base-uri"/>
        <x:expect type="xpath" label="base-uri(/*) should refer to the base URI of the xprocspec test document" test="/c:param-set/c:param[@name='param2']/@value" equals="$test-base-uri"/>
        <x:expect type="xpath" label="base-uri() should refer to the base URI of the xprocspec test document" test="/c:param-set/c:param[@name='param3']/@value" equals="$test-base-uri"/>
    </x:scenario>
    
    <x:scenario label="identity - variables">
        <x:call step="e:identity">
            <x:option name="option" select="'option'"/>
            <x:option name="option.required" select="'option'"/>
            <x:param name="param1" select="$temp-dir"/>
            <x:param name="param2" select="$test-base-uri"/>
        </x:call>
        
        <x:context label="the parameters">
            <x:document type="port" port="result.parameter.primary"/>
        </x:context>
        <!--
            TODO: a current limitation is that the strings '$temp-dir' and '$test-base-uri' can't be used.
            The implementation replaces any occurrences of those strings with the variable values, even though they are part of a string and not actual variable references.
        -->
        <x:expect type="xpath" label="The $temp-dir variable should be available from both the x:param @select attribute and the x:expect @test attributes" test="/c:param-set/c:param[@name='param1']/@value" equals="$temp-dir"/>
        <x:expect type="xpath" label="The $temp-dir variable should be available from both the @test and @equals attributes" test="$temp-dir" equals="$temp-dir"/>
        <x:expect type="xpath" label="The $test-base-uri variable should be available from both the x:param @select attribute and the x:expect @test attributes" test="/c:param-set/c:param[@name='param2']/@value" equals="$test-base-uri"/>
        <x:expect type="xpath" label="The $test-base-uri variable should be available from both the @test and @equals attributes" test="$test-base-uri" equals="$test-base-uri"/>
        
    </x:scenario>
    
</x:description></x:document>
            </x:input></x:call>
                                                <x:context label="errors" id="errors">
                                                    
                                                </x:context>
                                            
                                                <x:expect type="count" label="the step should execute successfully without throwing any errors" max="0" contextref="errors"/>
                                            <x:context label="the junit output port" id="context12">
            <x:document xml:base="file:/home/jostein/xprocspec/src/main/resources/content/xml/xproc/report/report.xpl" type="inline"><testsuites tests="12" failures="0" time="1.205" errors="0" name="param1"><testsuite timestamp="2013-09-02T12:17:04.443Z" hostname="localhost" tests="7" errors="0" failures="0" skipped="0" id="d30746e1" name="identityBaseuri" package="http://example.net/ns" time="0.009">
<properties>

<property name="option: option" value="option"/>
<property name="option: option.required" value="option"/>

<property name="parameter: param1" value="file:/home/jostein/xprocspec/src/test/xprocspec/tests/param-1.xprocspec"/>
<property name="parameter: param2" value="file:/home/jostein/xprocspec/src/test/xprocspec/tests/param-1.xprocspec"/>
<property name="parameter: param3" value="file:/home/jostein/xprocspec/src/test/xprocspec/tests/param-1.xprocspec"/>
</properties>
<testcase name="theStepShouldExecuteSuccessfullyWithoutThrowingAnyErrors" classname="identity" assertions="1" time="0" status="SUCCESS"><system-out>the step should execute successfully without throwing any errors: SUCCESS</system-out>
<system-err/></testcase><testcase name="ParametersShouldBeWrappedInACparamsetElement" classname="identity" assertions="1" time="0" status="SUCCESS"><system-out>Parameters should be wrapped in a c:param-set element: SUCCESS</system-out>
<system-err/></testcase><testcase name="ParametersShouldNotBeWrappedInSomethingOtherThanACparamsetElement" classname="identity" assertions="1" time="0" status="SUCCESS"><system-out>Parameters should not be wrapped in something other than a c:param-set element: SUCCESS</system-out>
<system-err/></testcase><testcase name="ParametersShouldBeStoredInCparamElementsInsideTheRootCparamsetElement" classname="identity" assertions="1" time="0" status="SUCCESS"><system-out>Parameters should be stored in c:param elements inside the root c:param-set element: SUCCESS</system-out>
<system-err/></testcase><testcase name="baseuriShouldReferToTheBaseURIOfTheXprocspecTestDocument" classname="identity" assertions="1" time="0" status="SUCCESS"><system-out>base-uri(.) should refer to the base URI of the xprocspec test document: SUCCESS</system-out>
<system-err/></testcase><testcase name="baseuriShouldReferToTheBaseURIOfTheXprocspecTestDocument" classname="identity" assertions="1" time="0" status="SUCCESS"><system-out>base-uri(/*) should refer to the base URI of the xprocspec test document: SUCCESS</system-out>
<system-err/></testcase><testcase name="baseuriShouldReferToTheBaseURIOfTheXprocspecTestDocument" classname="identity" assertions="1" time="0" status="SUCCESS"><system-out>base-uri() should refer to the base URI of the xprocspec test document: SUCCESS</system-out>
<system-err/></testcase></testsuite><testsuite timestamp="2013-09-02T12:17:04.459Z" hostname="localhost" tests="5" errors="0" failures="0" skipped="0" id="d30764e1" name="identityVariables" package="http://example.net/ns" time="0.008">
<properties>

<property name="option: option" value="option"/>
<property name="option: option.required" value="option"/>

<property name="parameter: param1" value="file:/tmp/xprocspec-20130902141648008/xprocspec-20130902141703361/"/>
<property name="parameter: param2" value="file:/home/jostein/xprocspec/src/test/xprocspec/tests/param-1.xprocspec"/>
</properties>
<testcase name="theStepShouldExecuteSuccessfullyWithoutThrowingAnyErrors" classname="identity" assertions="1" time="0" status="SUCCESS"><system-out>the step should execute successfully without throwing any errors: SUCCESS</system-out>
<system-err/></testcase><testcase name="The$tempdirVariableShouldBeAvailableFromBothTheXparamSelectAttributeAndTheXexpectTestAttributes" classname="identity" assertions="1" time="0" status="SUCCESS"><system-out>The $temp-dir variable should be available from both the x:param @select attribute and the x:expect @test attributes: SUCCESS</system-out>
<system-err/></testcase><testcase name="The$tempdirVariableShouldBeAvailableFromBothTheTestAndEqualsAttributes" classname="identity" assertions="1" time="0" status="SUCCESS"><system-out>The $temp-dir variable should be available from both the @test and @equals attributes: SUCCESS</system-out>
<system-err/></testcase><testcase name="The$testbaseuriVariableShouldBeAvailableFromBothTheXparamSelectAttributeAndTheXexpectTestAttributes" classname="identity" assertions="1" time="0" status="SUCCESS"><system-out>The $test-base-uri variable should be available from both the x:param @select attribute and the x:expect @test attributes: SUCCESS</system-out>
<system-err/></testcase><testcase name="The$testbaseuriVariableShouldBeAvailableFromBothTheTestAndEqualsAttributes" classname="identity" assertions="1" time="0" status="SUCCESS"><system-out>The $test-base-uri variable should be available from both the @test and @equals attributes: SUCCESS</system-out>
<system-err/></testcase></testsuite></testsuites></x:document>
        </x:context><x:expect label="there should be at least one test, and none of the tests should fail" type="xpath" test="not(/*/@tests='0') and /*/@failures='0' and /*/@errors='0'" contextref="context12"/></x:scenario><x:output port="result"><x:document xml:base="file:/home/jostein/xprocspec/src/main/resources/content/xml/xproc/report/report.xpl" type="inline"><x:test-report><x:description><x:step-declaration><p:declare-step xmlns:p="http://www.w3.org/ns/xproc" xmlns:ex="http://example.net/ns"><p:input><p:inline>
            <source.document.primary.default/>
        </p:inline></p:input><p:input><p:inline>
            <source.document.secondary.sequence/>
        </p:inline></p:input><p:input><p:inline>
            <default>
                <default/>
                <default/>
            </default>
        </p:inline></p:input><p:input/><p:output><p:pipe/></p:output><p:output><p:pipe/></p:output><p:output><p:pipe/></p:output><p:output><p:pipe/></p:output><p:output><p:pipe/></p:output><p:option/><p:option/><p:option/></p:declare-step></x:step-declaration><x:scenario xmlns:e="http://example.net/ns"><x:call><x:option/><x:option/><x:param/><x:param/><x:param/></x:call>
                                                <x:context>
                                                    
                                                </x:context>
                                            
                                                <x:expect/>
                                            <x:context>
            <x:document><c:param-set><c:param/><c:param/><c:param/></c:param-set></x:document>
        </x:context><x:expect/><x:expect/><x:expect/><x:expect/><x:expect/><x:expect/></x:scenario><x:output><x:document>
            <source.document.primary.default xmlns:ex="http://example.net/ns"/>
        </x:document></x:output><x:output><x:document>
            <source.document.secondary.sequence xmlns:ex="http://example.net/ns"/>
        </x:document></x:output><x:output><x:document><default xmlns:ex="http://example.net/ns"/></x:document><x:document><default xmlns:ex="http://example.net/ns"/></x:document></x:output><x:output><x:document><c:param-set><c:param/><c:param/><c:param/></c:param-set></x:document></x:output><x:output><x:document>
                <c:options xmlns:ex="http://example.net/ns">
                    <c:option/>
                    <c:option/>
                    <c:option/>
                </c:options>
            </x:document></x:output><x:test-result>
                                                        <x:expected>At most 0 documents.</x:expected>
                                                    <x:was>0</x:was></x:test-result><x:test-result>
                                                        <x:expected>XPath: 1
Value: </x:expected>
                                                    
                                                        <x:was>XPath: count(/c:param-set)
Value: </x:was>
                                                    </x:test-result><x:test-result>
                                                        <x:expected>XPath: 0
Value: </x:expected>
                                                    
                                                        <x:was>XPath: count(/asdffoo)
Value: </x:was>
                                                    </x:test-result><x:test-result>
                                                        <x:expected>XPath: true()
Value: </x:expected>
                                                    
                                                        <x:was>XPath: count(/c:param-set/c:param) &gt; 0
Value: </x:was>
                                                    </x:test-result><x:test-result>
                                                        <x:expected>XPath: $test-base-uri
Value: </x:expected>
                                                    
                                                        <x:was>XPath: /c:param-set/c:param[@name='param1']/@value
Value: </x:was>
                                                    </x:test-result><x:test-result>
                                                        <x:expected>XPath: $test-base-uri
Value: </x:expected>
                                                    
                                                        <x:was>XPath: /c:param-set/c:param[@name='param2']/@value
Value: </x:was>
                                                    </x:test-result><x:test-result>
                                                        <x:expected>XPath: $test-base-uri
Value: </x:expected>
                                                    
                                                        <x:was>XPath: /c:param-set/c:param[@name='param3']/@value
Value: </x:was>
                                                    </x:test-result></x:description><x:description><x:step-declaration><p:declare-step xmlns:p="http://www.w3.org/ns/xproc" xmlns:ex="http://example.net/ns"><p:input><p:inline>
            <source.document.primary.default/>
        </p:inline></p:input><p:input><p:inline>
            <source.document.secondary.sequence/>
        </p:inline></p:input><p:input><p:inline>
            <default>
                <default/>
                <default/>
            </default>
        </p:inline></p:input><p:input/><p:output><p:pipe/></p:output><p:output><p:pipe/></p:output><p:output><p:pipe/></p:output><p:output><p:pipe/></p:output><p:output><p:pipe/></p:output><p:option/><p:option/><p:option/></p:declare-step></x:step-declaration><x:scenario xmlns:e="http://example.net/ns"><x:call><x:option/><x:option/><x:param/><x:param/></x:call>
                                                <x:context>
                                                    
                                                </x:context>
                                            
                                                <x:expect/>
                                            <x:context>
            <x:document><c:param-set><c:param/><c:param/></c:param-set></x:document>
        </x:context><x:expect/><x:expect/><x:expect/><x:expect/></x:scenario><x:output><x:document>
            <source.document.primary.default xmlns:ex="http://example.net/ns"/>
        </x:document></x:output><x:output><x:document>
            <source.document.secondary.sequence xmlns:ex="http://example.net/ns"/>
        </x:document></x:output><x:output><x:document><default xmlns:ex="http://example.net/ns"/></x:document><x:document><default xmlns:ex="http://example.net/ns"/></x:document></x:output><x:output><x:document><c:param-set><c:param/><c:param/></c:param-set></x:document></x:output><x:output><x:document>
                <c:options xmlns:ex="http://example.net/ns">
                    <c:option/>
                    <c:option/>
                    <c:option/>
                </c:options>
            </x:document></x:output><x:test-result>
                                                        <x:expected>At most 0 documents.</x:expected>
                                                    <x:was>0</x:was></x:test-result><x:test-result>
                                                        <x:expected>XPath: $temp-dir
Value: </x:expected>
                                                    
                                                        <x:was>XPath: /c:param-set/c:param[@name='param1']/@value
Value: </x:was>
                                                    </x:test-result><x:test-result>
                                                        <x:expected>XPath: $temp-dir
Value: </x:expected>
                                                    
                                                        <x:was>XPath: $temp-dir
Value: </x:was>
                                                    </x:test-result><x:test-result>
                                                        <x:expected>XPath: $test-base-uri
Value: </x:expected>
                                                    
                                                        <x:was>XPath: /c:param-set/c:param[@name='param2']/@value
Value: </x:was>
                                                    </x:test-result><x:test-result>
                                                        <x:expected>XPath: $test-base-uri
Value: </x:expected>
                                                    
                                                        <x:was>XPath: $test-base-uri
Value: </x:was>
                                                    </x:test-result></x:description></x:test-report></x:document></x:output><x:output port="html"><x:document xml:base="file:/home/jostein/xprocspec/src/main/resources/content/xml/xproc/report/report-template.xhtml" type="inline"><html xmlns="http://www.w3.org/1999/xhtml"><head><title>Test Report for file:/home/jostein/xprocspec/src/test/xprocspec/tests/param-1.xprocspec (passed:12 / pending:0 / failed:0 / errors:0 / total:12)</title>
        <meta/>
        <style>/**/
/****************************************************************************/
/*  File:       test-report.css                                             */
/*  Author:     Jeni Tennsion                                               */
/*  URI:        http://xspec.googlecode.com/                                */
/*  Tags:                                                                   */
/*    Copyright (c) 2008, 2010 Jeni Tennsion (see end of file.)             */
/* ------------------------------------------------------------------------ */


/* test */

/* box model */

body {
	margin-right: 1em;
	/*margin-left: 10%;*/
	}

h1 {
	padding: 0.3em 0.5em 0.3em 0.5em;
	position: relative;
	}

h2 {
	padding: 0.1em 0.5em 0.2em 0.5em;
	}

h3 {
	padding-left: 0.6em;
	}

h4 {
	padding-left: 0.8em;
	}

p, table {
	/*margin-left: 5%;*/
	}

dd ul, dd ol {
	margin-left: 0%;
	}

li ul, li ol {
	/*margin-left: 5%;*/
	}

dl, ul, ol, blockquote {
	/*margin-left: 10%;*/
	}

dt {
  padding-top: 3px;
  padding-bottom: 3px;
	clear: both;
	}

dd p {
	/*margin-left: -5px;*/
	margin-top: 5px;
	clear: both;
	}

p.link {
	margin-top: 4px;
	margin-bottom: 0px;
	clear: both;
	}

tr td, td p, li, li p {
	margin-left: 0%;
	}

td:nth-child(2) {
	padding-left: 5%;
	}

.link img, dt img {
	vertical-align: middle;
	position: relative;
	top: -5px;
	}

img {
	position: relative;
	}

#xml-link {
	position: absolute;
	left: 5px;
	top: 5px;
	width: 10%;
	margin-left: 0%;
	}

#link-up {
	position: absolute;
	left: 93%;
	right: 2em;
	top: 0.3em;
	}

#link-top {
	position: absolute;
	left: 89%;
	right: 4em;
	top: 0.3em;
	}
	
.popup {
	display: block;
	visibility: hidden;
	float: right;
	position: absolute;
	top: 5px;
	left: -200px;
	z-index: 1;
	padding: 0.3em;
	width: 220px;
	}

.note {
	position: relative;
	}

.post {
	/*margin-left: 5%;*/
	padding-top: 1em;
	}
	
.example, .sidebar {
  /*margin-left: 5%;*/
  margin-top: 1em;
  margin-bottom: 1em;
  }

/*pre {
	padding-left: 5%;
	margin-left: 5%;
	}*/

/*dd pre, li pre {
	padding-left: 5%;
	}*/

/* fonts */
/* Oxygen  */
body, table {
    font-family:arial, helvetica, sans-serif;
    font-size:12px;
}
/* Oxygen  */

/*body {
	font-family: Verdana, arial, sans-serif;
	font-size: small;
	}*/	

/*h1, h2, h3, h4, h5, h6 {
	font-family: 'trebuchet MS', arial, sans-serif;
	}*/

h1 {
	font-size: 173%;
	font-weight: bold;
	}

h2 {
	font-size: 144%;
	font-weight: normal;
	}

h3 {
	font-size: 120%;
	font-weight: normal;
	}

h4 {
  font-size: 100%;
  font-weight: bold;
}

dt {
	font-weight: bold;
	}

a:link, a:visited, a:active, a:hover {
	font-weight: bold;
	}

a.offsite:link, a.offsite:visited, a.offsite:active, a.offsite:hover {
	font-weight: normal;
	}

/* suppress the normal italics */
address {
	font-style: normal;
	}

div.example, .sidebar {
  font-family: Verdana, arial, sans-serif;
  font-size: 100%;
  }


.note, .link {
	font-family: Verdana, arial, sans-serif;
	/*font-size: 83%;*/
	}

/*.example, .string, .rtf, .code, pre, code {
	font-family: "Lucida Console", "Courier New", monospace;*/
  /*font-size: 83%;*/
/*	}*/

.boolean {
	font-style: italic;
	}

#colophon, #xml-link {
	font-size: 69%;
	}

.question, .title {
	font-weight: bold;
	}

/* colours */
body {
	background-color: white;
	color: black;
	border: 0px none black;
	}

/* this is to make Navigator fill the entire line */
h1, h2 {
	border: 1px solid white;
	width: auto;
	}

h1 {
	/*background: #606;*/
	/*color: #6F6;*/
	}

h2 {
	color: #606;
	/*background: #CFC;*/
	}

hr {
	color: #606;
	background: white;
	}

img, a:link img, a:visited img, a:hover img, a:active img, #link-up img, #link-top img {
	border: 0px none white;
	background: transparent;
	}

/* OXYGEN */
a, a:visited {
    color:rgb(0, 0, 150);
    background-color:inherit;
    font-weight: bold;
}
a:link, a:visited {
    text-decoration:none; 
}
a:hover {
    text-decoration:underline;
}

/* OXYGEN */

a.img:hover, a.img:active {
	background: transparent;
	}

#colophon, #xml-link, .note {
	color: #666;
	}

#colophon a:link, #colophon a:visited, #colophon a:hover,
#xml-link a:link, #xml-link a:visited, #xml-link a:hover,
.note a:link, .note a:visited, .note a:hover {
	color: #969;
	background: transparent;
	}

#colophon a:hover, #xml-link a:hover, .note a:hover {
	background: #CFC;
	color: #969;
	}

.popup {
	background: white;
	border: 1px solid #606;
	}

.post {
	border-top: 2px solid #606;
	}
	
.example {
  border-top: 2px solid #606;
  border-bottom: 2px solid #606;
  }
  
.sidebar {
  border-top: 2px solid #090;
  border-bottom: 2px solid #090;
  }
  
.rng {
  border-left: 2px solid #666;
  }

.same {
  background-color: rgb(206, 239, 174);
}

.diff {
  background-color: #FCC;
}

.whitespace {
	font-style: italic;
	color: #999;
	background: white;
}

.ignored {
  font-style: italic;
  color: #999;
  background: white;
}

.hit {
}

.missed {
  background-color: #A33;
  color: white;
}

/* text */
ol ol li {
	list-style: lower-alpha;
	}

th {
	text-align: left;
	}

td {
	vertical-align: top;
	}

h1 {
	text-transform: uppercase;
	}

h2, h3 {
	/*text-transform: capitalize;*/
	}

.question {
	text-indent: -33px;
	}

.byline {
	text-align: right;
	}

#link-top, #link-up {
	text-align: right;
	}

a {
	text-decoration: none;
	}

table { width: 85%;
        /* border: collapse; */ }

th { text-align: left; }

.xspec tbody th { font-weight: normal; /*font-size: 0.8em;*/ border-top: 1px #666 solid; }
.xspec tbody td { /*font-size: 0.8em;*/ color: #666; }

.successful.label th, .successful.label td { background-color: #CFC; }
.pending.label th, .pending.label td { background-color: #DDD; color: #666; }
.failed.label th, .failed.label td { background-color: #FCC; }
.error.label th, .error.label td { background-color: #FAA; }
/*body &gt; table tbody .failed.label th:first-child:before {content:url(data:image/png;base64,iVBORw0KGgoAAAANSUhEUgAAAAwAAAAMCAYAAABWdVznAAAAGXRFWHRTb2Z0d2FyZQBBZG9iZSBJbWFnZVJlYWR5ccllPAAAA2ZpVFh0WE1MOmNvbS5hZG9iZS54bXAAAAAAADw/eHBhY2tldCBiZWdpbj0i77u/IiBpZD0iVzVNME1wQ2VoaUh6cmVTek5UY3prYzlkIj8+IDx4OnhtcG1ldGEgeG1sbnM6eD0iYWRvYmU6bnM6bWV0YS8iIHg6eG1wdGs9IkFkb2JlIFhNUCBDb3JlIDUuMy1jMDExIDY2LjE0NTY2MSwgMjAxMi8wMi8wNi0xNDo1NjoyNyAgICAgICAgIj4gPHJkZjpSREYgeG1sbnM6cmRmPSJodHRwOi8vd3d3LnczLm9yZy8xOTk5LzAyLzIyLXJkZi1zeW50YXgtbnMjIj4gPHJkZjpEZXNjcmlwdGlvbiByZGY6YWJvdXQ9IiIgeG1sbnM6eG1wTU09Imh0dHA6Ly9ucy5hZG9iZS5jb20veGFwLzEuMC9tbS8iIHhtbG5zOnN0UmVmPSJodHRwOi8vbnMuYWRvYmUuY29tL3hhcC8xLjAvc1R5cGUvUmVzb3VyY2VSZWYjIiB4bWxuczp4bXA9Imh0dHA6Ly9ucy5hZG9iZS5jb20veGFwLzEuMC8iIHhtcE1NOk9yaWdpbmFsRG9jdW1lbnRJRD0ieG1wLmRpZDpCQjU0NjU4QjIyQTNFMTExQkI5Rjk5QkQ4RkQ5RUJFQiIgeG1wTU06RG9jdW1lbnRJRD0ieG1wLmRpZDpEQTUyOTdBQUEzRDUxMUUxQTQwN0YzMUI0Nzg3NDU1RSIgeG1wTU06SW5zdGFuY2VJRD0ieG1wLmlpZDpEQTUyOTdBOUEzRDUxMUUxQTQwN0YzMUI0Nzg3NDU1RSIgeG1wOkNyZWF0b3JUb29sPSJBZG9iZSBQaG90b3Nob3AgQ1M2IChXaW5kb3dzKSI+IDx4bXBNTTpEZXJpdmVkRnJvbSBzdFJlZjppbnN0YW5jZUlEPSJ4bXAuaWlkOjQ4MTZDRTNCRDVBM0UxMTFBQTI2QTBCMjZENzg1Qzg5IiBzdFJlZjpkb2N1bWVudElEPSJ4bXAuZGlkOkJCNTQ2NThCMjJBM0UxMTFCQjlGOTlCRDhGRDlFQkVCIi8+IDwvcmRmOkRlc2NyaXB0aW9uPiA8L3JkZjpSREY+IDwveDp4bXBtZXRhPiA8P3hwYWNrZXQgZW5kPSJyIj8+aHNJrgAAAZ1JREFUeNpsUssrRGEU/907985YMDPNYlh4hbKZPMdgR3aysrGSSFIeKyUKpewoRTYkmcgCf4MsMI2FPDYGKeUZSoru4/uc82VC+W7fOeee+zvn/M45V1uuyCmVwDogq0hDklD6jy1dspNkdxokVrIzPFUh0/MD5OdXoJDwPFtu3d2ns6TTp9oggTlFZlmN0o4AHMmXfJGo0lmGzoE1OgmNHf5YA8rmN5HfM6wADmUuHphA9cIW/JX1yiek9DIlyijxkNjBzXYche19gNcHzfShoLUdVxtLuD/cYzCoMAzCwqYrhMDx9Chs20JRWzf4nMcXcDI3pYAqQHIAtWUJbpKursMMhpA+RiAEGzpc4X5XkDB4GjaHmiZik/PIa2rBEWVlSuW9Q+T3YndskBi46QpQFcLltchtbEZyZhxna4uKhmV9Ito/gtPNOG4P99WItdlIWARNXWOAv6AEr9cplel7/ggUleDlMqUSvNnCobHKxDsNnqs8XaWUZopp/XhxTkOR+HDVOveYUge9rNLyY9SU9v+vwXuUB2R0fQkwABfn/VKSjTLBAAAAAElFTkSuQmCC) " "}*/
/*body &gt; table tbody .error.label th:first-child:before {content:url(data:image/png;base64,iVBORw0KGgoAAAANSUhEUgAAAAwAAAAMCAYAAABWdVznAAAABmJLR0QAAAAAAAD5Q7t/AAAACXBIWXMAAAsTAAALEwEAmpwYAAAAB3RJTUUH3QcKER4AdkxvvQAAAdVJREFUKM89kM9KG0EAh7/JTHazZInEQwJ68KIWLx6Etj6EjxAobYSsD+BjCJ682EOp0FMueYmS0FMICF4i6tFNzJ/dyRh2Znoo6Xf+Pn7wEzc3Nx/W6/UvY8xJnudkWYa1Fu893nviOCaKIhuG4R/v/Ve1Xq9/bG1tnezs7JDnOVpr3t/fcc4hpaRSqVCpVORqtTp9e3v7rrTWn5vNJpPJhHK5zHg8JssyvPeEYcjR0RFpmlKr1ZjP5x9Li8VCbOR2u83BwQEvLy88PT1xfHzMxcUFQgjSNCXLskDlec5sNuPx8REpJZ1Oh+fnZ4QQnJ+fc319Tb/fZ29vD601SmvNdDplsVhwe3vLaDTi6uoKgCRJGAwGNBoNXl9fMcZQcs5hjGG1WpHnObVajQ3VahWtNcYYjDE451Cb+7z3JElCkiScnZ0hpaTX67G7u0u328V7/y+oVqsIITg8PKTT6dBqtRgOhzjnaLVa3N3dcX9/z3K5JI5jxOXlpSuKQqRpirWWh4eH//Plcpn9/X2cc2xvb1MqlQqllBpYa0/jOGYymdBsNsmyDOccURRRFAX1eh2lFGEY/lZBEHyx1v703n8KgkBEUYSUEu/9RkIIUQRB0A/D8NtflUT+nn4OS+0AAAAASUVORK5CYII=) " "}*/
.failed.label th:first-child:before, .failed.label td:first-child:before {content:url(data:image/png;base64,iVBORw0KGgoAAAANSUhEUgAAAAwAAAAMCAYAAABWdVznAAAAGXRFWHRTb2Z0d2FyZQBBZG9iZSBJbWFnZVJlYWR5ccllPAAAA2ZpVFh0WE1MOmNvbS5hZG9iZS54bXAAAAAAADw/eHBhY2tldCBiZWdpbj0i77u/IiBpZD0iVzVNME1wQ2VoaUh6cmVTek5UY3prYzlkIj8+IDx4OnhtcG1ldGEgeG1sbnM6eD0iYWRvYmU6bnM6bWV0YS8iIHg6eG1wdGs9IkFkb2JlIFhNUCBDb3JlIDUuMy1jMDExIDY2LjE0NTY2MSwgMjAxMi8wMi8wNi0xNDo1NjoyNyAgICAgICAgIj4gPHJkZjpSREYgeG1sbnM6cmRmPSJodHRwOi8vd3d3LnczLm9yZy8xOTk5LzAyLzIyLXJkZi1zeW50YXgtbnMjIj4gPHJkZjpEZXNjcmlwdGlvbiByZGY6YWJvdXQ9IiIgeG1sbnM6eG1wTU09Imh0dHA6Ly9ucy5hZG9iZS5jb20veGFwLzEuMC9tbS8iIHhtbG5zOnN0UmVmPSJodHRwOi8vbnMuYWRvYmUuY29tL3hhcC8xLjAvc1R5cGUvUmVzb3VyY2VSZWYjIiB4bWxuczp4bXA9Imh0dHA6Ly9ucy5hZG9iZS5jb20veGFwLzEuMC8iIHhtcE1NOk9yaWdpbmFsRG9jdW1lbnRJRD0ieG1wLmRpZDpCQjU0NjU4QjIyQTNFMTExQkI5Rjk5QkQ4RkQ5RUJFQiIgeG1wTU06RG9jdW1lbnRJRD0ieG1wLmRpZDpEQTUyOTdBQUEzRDUxMUUxQTQwN0YzMUI0Nzg3NDU1RSIgeG1wTU06SW5zdGFuY2VJRD0ieG1wLmlpZDpEQTUyOTdBOUEzRDUxMUUxQTQwN0YzMUI0Nzg3NDU1RSIgeG1wOkNyZWF0b3JUb29sPSJBZG9iZSBQaG90b3Nob3AgQ1M2IChXaW5kb3dzKSI+IDx4bXBNTTpEZXJpdmVkRnJvbSBzdFJlZjppbnN0YW5jZUlEPSJ4bXAuaWlkOjQ4MTZDRTNCRDVBM0UxMTFBQTI2QTBCMjZENzg1Qzg5IiBzdFJlZjpkb2N1bWVudElEPSJ4bXAuZGlkOkJCNTQ2NThCMjJBM0UxMTFCQjlGOTlCRDhGRDlFQkVCIi8+IDwvcmRmOkRlc2NyaXB0aW9uPiA8L3JkZjpSREY+IDwveDp4bXBtZXRhPiA8P3hwYWNrZXQgZW5kPSJyIj8+aHNJrgAAAZ1JREFUeNpsUssrRGEU/907985YMDPNYlh4hbKZPMdgR3aysrGSSFIeKyUKpewoRTYkmcgCf4MsMI2FPDYGKeUZSoru4/uc82VC+W7fOeee+zvn/M45V1uuyCmVwDogq0hDklD6jy1dspNkdxokVrIzPFUh0/MD5OdXoJDwPFtu3d2ns6TTp9oggTlFZlmN0o4AHMmXfJGo0lmGzoE1OgmNHf5YA8rmN5HfM6wADmUuHphA9cIW/JX1yiek9DIlyijxkNjBzXYche19gNcHzfShoLUdVxtLuD/cYzCoMAzCwqYrhMDx9Chs20JRWzf4nMcXcDI3pYAqQHIAtWUJbpKursMMhpA+RiAEGzpc4X5XkDB4GjaHmiZik/PIa2rBEWVlSuW9Q+T3YndskBi46QpQFcLltchtbEZyZhxna4uKhmV9Ito/gtPNOG4P99WItdlIWARNXWOAv6AEr9cplel7/ggUleDlMqUSvNnCobHKxDsNnqs8XaWUZopp/XhxTkOR+HDVOveYUge9rNLyY9SU9v+vwXuUB2R0fQkwABfn/VKSjTLBAAAAAElFTkSuQmCC) " "}
.error.label th:first-child:before, .error.label td:first-child:before {content:url(data:image/png;base64,iVBORw0KGgoAAAANSUhEUgAAAAwAAAAMCAYAAABWdVznAAAABmJLR0QAAAAAAAD5Q7t/AAAACXBIWXMAAAsTAAALEwEAmpwYAAAAB3RJTUUH3QcKER4AdkxvvQAAAdVJREFUKM89kM9KG0EAh7/JTHazZInEQwJ68KIWLx6Etj6EjxAobYSsD+BjCJ682EOp0FMueYmS0FMICF4i6tFNzJ/dyRh2Znoo6Xf+Pn7wEzc3Nx/W6/UvY8xJnudkWYa1Fu893nviOCaKIhuG4R/v/Ve1Xq9/bG1tnezs7JDnOVpr3t/fcc4hpaRSqVCpVORqtTp9e3v7rrTWn5vNJpPJhHK5zHg8JssyvPeEYcjR0RFpmlKr1ZjP5x9Li8VCbOR2u83BwQEvLy88PT1xfHzMxcUFQgjSNCXLskDlec5sNuPx8REpJZ1Oh+fnZ4QQnJ+fc319Tb/fZ29vD601SmvNdDplsVhwe3vLaDTi6uoKgCRJGAwGNBoNXl9fMcZQcs5hjGG1WpHnObVajQ3VahWtNcYYjDE451Cb+7z3JElCkiScnZ0hpaTX67G7u0u328V7/y+oVqsIITg8PKTT6dBqtRgOhzjnaLVa3N3dcX9/z3K5JI5jxOXlpSuKQqRpirWWh4eH//Plcpn9/X2cc2xvb1MqlQqllBpYa0/jOGYymdBsNsmyDOccURRRFAX1eh2lFGEY/lZBEHyx1v703n8KgkBEUYSUEu/9RkIIUQRB0A/D8NtflUT+nn4OS+0AAAAASUVORK5CYII=) " "}
.pending.label th:first-child:before, .pending.label td:first-child:before {content:url(data:image/png;base64,iVBORw0KGgoAAAANSUhEUgAAAAwAAAAMCAYAAABWdVznAAAAGXRFWHRTb2Z0d2FyZQBBZG9iZSBJbWFnZVJlYWR5ccllPAAAA2ZpVFh0WE1MOmNvbS5hZG9iZS54bXAAAAAAADw/eHBhY2tldCBiZWdpbj0i77u/IiBpZD0iVzVNME1wQ2VoaUh6cmVTek5UY3prYzlkIj8+IDx4OnhtcG1ldGEgeG1sbnM6eD0iYWRvYmU6bnM6bWV0YS8iIHg6eG1wdGs9IkFkb2JlIFhNUCBDb3JlIDUuMy1jMDExIDY2LjE0NTY2MSwgMjAxMi8wMi8wNi0xNDo1NjoyNyAgICAgICAgIj4gPHJkZjpSREYgeG1sbnM6cmRmPSJodHRwOi8vd3d3LnczLm9yZy8xOTk5LzAyLzIyLXJkZi1zeW50YXgtbnMjIj4gPHJkZjpEZXNjcmlwdGlvbiByZGY6YWJvdXQ9IiIgeG1sbnM6eG1wTU09Imh0dHA6Ly9ucy5hZG9iZS5jb20veGFwLzEuMC9tbS8iIHhtbG5zOnN0UmVmPSJodHRwOi8vbnMuYWRvYmUuY29tL3hhcC8xLjAvc1R5cGUvUmVzb3VyY2VSZWYjIiB4bWxuczp4bXA9Imh0dHA6Ly9ucy5hZG9iZS5jb20veGFwLzEuMC8iIHhtcE1NOk9yaWdpbmFsRG9jdW1lbnRJRD0ieG1wLmRpZDpCQjU0NjU4QjIyQTNFMTExQkI5Rjk5QkQ4RkQ5RUJFQiIgeG1wTU06RG9jdW1lbnRJRD0ieG1wLmRpZDpDODdDM0Y0QUEzRDUxMUUxQjk5N0MzQjVFRDMyQUE1MiIgeG1wTU06SW5zdGFuY2VJRD0ieG1wLmlpZDpDODdDM0Y0OUEzRDUxMUUxQjk5N0MzQjVFRDMyQUE1MiIgeG1wOkNyZWF0b3JUb29sPSJBZG9iZSBQaG90b3Nob3AgQ1M2IChXaW5kb3dzKSI+IDx4bXBNTTpEZXJpdmVkRnJvbSBzdFJlZjppbnN0YW5jZUlEPSJ4bXAuaWlkOjQ4MTZDRTNCRDVBM0UxMTFBQTI2QTBCMjZENzg1Qzg5IiBzdFJlZjpkb2N1bWVudElEPSJ4bXAuZGlkOkJCNTQ2NThCMjJBM0UxMTFCQjlGOTlCRDhGRDlFQkVCIi8+IDwvcmRmOkRlc2NyaXB0aW9uPiA8L3JkZjpSREY+IDwveDp4bXBtZXRhPiA8P3hwYWNrZXQgZW5kPSJyIj8+yj6RYgAAAPZJREFUeNp0kM8KgkAQxmc1E0Wfo3vQn5eRSDx4EUHwbTpEhx4lil7DiydBQUFXp5nAMNsGhpnd/X77za4Iw3CFiFcAWFMFDkXtKZ/UHhfUnB3HWdu2/REpAL2u631ZlicGdpZlwTAMSmBM0zS5bhgQLB5FU3AOUS4XvNn3vVKgAACCIMA0TbFpGsyyDJMkefdFUWAcx1hVFeZ5jlEUoed5qPEI7KDrOhiG8e6llNC27Zcz77FW+L6Pruv+WKtGIzfgR39umv/UHOJgAMlO/BPOXCQDD5p3r2ma8lvHNU9BcWPg0HXdhRZbOhRT8aSXVO9U/ZcAAwAsmjsSQcM0lwAAAABJRU5ErkJggg==) " ";}
.successful.label th:first-child:before, .successful.label td:first-child:before {content:url(data:image/png;base64,iVBORw0KGgoAAAANSUhEUgAAAAwAAAAMCAYAAABWdVznAAAAGXRFWHRTb2Z0d2FyZQBBZG9iZSBJbWFnZVJlYWR5ccllPAAAA2ZpVFh0WE1MOmNvbS5hZG9iZS54bXAAAAAAADw/eHBhY2tldCBiZWdpbj0i77u/IiBpZD0iVzVNME1wQ2VoaUh6cmVTek5UY3prYzlkIj8+IDx4OnhtcG1ldGEgeG1sbnM6eD0iYWRvYmU6bnM6bWV0YS8iIHg6eG1wdGs9IkFkb2JlIFhNUCBDb3JlIDUuMy1jMDExIDY2LjE0NTY2MSwgMjAxMi8wMi8wNi0xNDo1NjoyNyAgICAgICAgIj4gPHJkZjpSREYgeG1sbnM6cmRmPSJodHRwOi8vd3d3LnczLm9yZy8xOTk5LzAyLzIyLXJkZi1zeW50YXgtbnMjIj4gPHJkZjpEZXNjcmlwdGlvbiByZGY6YWJvdXQ9IiIgeG1sbnM6eG1wTU09Imh0dHA6Ly9ucy5hZG9iZS5jb20veGFwLzEuMC9tbS8iIHhtbG5zOnN0UmVmPSJodHRwOi8vbnMuYWRvYmUuY29tL3hhcC8xLjAvc1R5cGUvUmVzb3VyY2VSZWYjIiB4bWxuczp4bXA9Imh0dHA6Ly9ucy5hZG9iZS5jb20veGFwLzEuMC8iIHhtcE1NOk9yaWdpbmFsRG9jdW1lbnRJRD0ieG1wLmRpZDpCQjU0NjU4QjIyQTNFMTExQkI5Rjk5QkQ4RkQ5RUJFQiIgeG1wTU06RG9jdW1lbnRJRD0ieG1wLmRpZDpEMDVBNThBQUEzRDUxMUUxQjdCQkM2QUNBMTNBMDExNiIgeG1wTU06SW5zdGFuY2VJRD0ieG1wLmlpZDpEMDVBNThBOUEzRDUxMUUxQjdCQkM2QUNBMTNBMDExNiIgeG1wOkNyZWF0b3JUb29sPSJBZG9iZSBQaG90b3Nob3AgQ1M2IChXaW5kb3dzKSI+IDx4bXBNTTpEZXJpdmVkRnJvbSBzdFJlZjppbnN0YW5jZUlEPSJ4bXAuaWlkOjQ4MTZDRTNCRDVBM0UxMTFBQTI2QTBCMjZENzg1Qzg5IiBzdFJlZjpkb2N1bWVudElEPSJ4bXAuZGlkOkJCNTQ2NThCMjJBM0UxMTFCQjlGOTlCRDhGRDlFQkVCIi8+IDwvcmRmOkRlc2NyaXB0aW9uPiA8L3JkZjpSREY+IDwveDp4bXBtZXRhPiA8P3hwYWNrZXQgZW5kPSJyIj8+xJ3YrgAAAYBJREFUeNpsUrtKA1EQPZtdY4gEQiD4QCsLEVGX4CP4AykEq1hYiGghCDZ+gBZWVtrZ+EAjaGOhfoAkNiaKhYWICilMEQNqoYjZ5O4d5+6ucQuLM3funDNzD7OrLe229YBwSKAEnyAP/pyIbL5fcz5rcNiLtuqJSEz3ickn5ruE/vFmJ9/LYjvAldGWqA7bJkgPtoAHQrS5G6NdiwhFWCoxHOCgKUL+iurkCBVawyamE8d4qmSZ51clBZUlh+RG14JzEsJNcaTNLVwWd1B6vXXqkmGoYNeVUPnW3JNr4+YarPoncvebEAKNekAlokaY6N/A1NA+SBgY6Eijtz2Fs5sVWNWawysorWNJsO+q9QWzaxLTYwfojA3isZzDfSnrWvTsNiyp7pOrZURC7ejrTDEpcVpY9ab+NSioLZEiapZA5nwBxZcC8g9HeK7ccYM7TDnwmoU2vx6/NIJaUjc0b0u8YvJNle5HdJvlhbI0Y31ThqsjTGr0/+8hOOQ5nfsRYACtHiy+FDd82wAAAABJRU5ErkJggg==) " "}
/*.successful.label a:before {content:url(data:image/png;base64,iVBORw0KGgoAAAANSUhEUgAAAAwAAAAMCAYAAABWdVznAAAAGXRFWHRTb2Z0d2FyZQBBZG9iZSBJbWFnZVJlYWR5ccllPAAAA2ZpVFh0WE1MOmNvbS5hZG9iZS54bXAAAAAAADw/eHBhY2tldCBiZWdpbj0i77u/IiBpZD0iVzVNME1wQ2VoaUh6cmVTek5UY3prYzlkIj8+IDx4OnhtcG1ldGEgeG1sbnM6eD0iYWRvYmU6bnM6bWV0YS8iIHg6eG1wdGs9IkFkb2JlIFhNUCBDb3JlIDUuMy1jMDExIDY2LjE0NTY2MSwgMjAxMi8wMi8wNi0xNDo1NjoyNyAgICAgICAgIj4gPHJkZjpSREYgeG1sbnM6cmRmPSJodHRwOi8vd3d3LnczLm9yZy8xOTk5LzAyLzIyLXJkZi1zeW50YXgtbnMjIj4gPHJkZjpEZXNjcmlwdGlvbiByZGY6YWJvdXQ9IiIgeG1sbnM6eG1wTU09Imh0dHA6Ly9ucy5hZG9iZS5jb20veGFwLzEuMC9tbS8iIHhtbG5zOnN0UmVmPSJodHRwOi8vbnMuYWRvYmUuY29tL3hhcC8xLjAvc1R5cGUvUmVzb3VyY2VSZWYjIiB4bWxuczp4bXA9Imh0dHA6Ly9ucy5hZG9iZS5jb20veGFwLzEuMC8iIHhtcE1NOk9yaWdpbmFsRG9jdW1lbnRJRD0ieG1wLmRpZDpCQjU0NjU4QjIyQTNFMTExQkI5Rjk5QkQ4RkQ5RUJFQiIgeG1wTU06RG9jdW1lbnRJRD0ieG1wLmRpZDpEMDVBNThBQUEzRDUxMUUxQjdCQkM2QUNBMTNBMDExNiIgeG1wTU06SW5zdGFuY2VJRD0ieG1wLmlpZDpEMDVBNThBOUEzRDUxMUUxQjdCQkM2QUNBMTNBMDExNiIgeG1wOkNyZWF0b3JUb29sPSJBZG9iZSBQaG90b3Nob3AgQ1M2IChXaW5kb3dzKSI+IDx4bXBNTTpEZXJpdmVkRnJvbSBzdFJlZjppbnN0YW5jZUlEPSJ4bXAuaWlkOjQ4MTZDRTNCRDVBM0UxMTFBQTI2QTBCMjZENzg1Qzg5IiBzdFJlZjpkb2N1bWVudElEPSJ4bXAuZGlkOkJCNTQ2NThCMjJBM0UxMTFCQjlGOTlCRDhGRDlFQkVCIi8+IDwvcmRmOkRlc2NyaXB0aW9uPiA8L3JkZjpSREY+IDwveDp4bXBtZXRhPiA8P3hwYWNrZXQgZW5kPSJyIj8+xJ3YrgAAAYBJREFUeNpsUrtKA1EQPZtdY4gEQiD4QCsLEVGX4CP4AykEq1hYiGghCDZ+gBZWVtrZ+EAjaGOhfoAkNiaKhYWICilMEQNqoYjZ5O4d5+6ucQuLM3funDNzD7OrLe229YBwSKAEnyAP/pyIbL5fcz5rcNiLtuqJSEz3ickn5ruE/vFmJ9/LYjvAldGWqA7bJkgPtoAHQrS5G6NdiwhFWCoxHOCgKUL+iurkCBVawyamE8d4qmSZ51clBZUlh+RG14JzEsJNcaTNLVwWd1B6vXXqkmGoYNeVUPnW3JNr4+YarPoncvebEAKNekAlokaY6N/A1NA+SBgY6Eijtz2Fs5sVWNWawysorWNJsO+q9QWzaxLTYwfojA3isZzDfSnrWvTsNiyp7pOrZURC7ejrTDEpcVpY9ab+NSioLZEiapZA5nwBxZcC8g9HeK7ccYM7TDnwmoU2vx6/NIJaUjc0b0u8YvJNle5HdJvlhbI0Y31ThqsjTGr0/+8hOOQ5nfsRYACtHiy+FDd82wAAAABJRU5ErkJggg==) " "}*/

.xspecResult { width: 90%; table-layout: fixed; }

.xspecResult td,
.xspecResult th { width: 50%; }

/*.xspecResult pre { 
  margin-left: 0; 
  padding: 0.5em; 
  overflow: auto; 
  border: 1px #999 dotted;
}*/

span.scenario-totals {float: right; width: 14.5%; text-align: left}

/* OXYGEN */
span.scenario-totals {float: right; width: 34.5%; text-align: right}

h2.failed {
    background-color: #FCC;
}

h1, h2 {
    width: 86%;
    /*margin-left: 3%;*/
    
    font-size:1.4em;
    font-weight:bold;
    text-align:left;
    margin-top:1.4em;
    margin-bottom:0.7em;
    color:#333333;
    background-color:inherit;
}

h1 {
    font-size:1.7em;
}

body &gt; h1:first-child:before {
    content:"XSLT UNIT ";
}

body &gt; h2:first-of-type {
    font-size:1.7em;
}

div &gt; table &gt; tbody &gt; tr &gt; th:first-child {
    font-weight:bold;
}

div &gt; h3 {
    font-weight:bold;
    /*margin-left: 3%;*/
}

div &gt; h4 {
    font-weight:normal;
    /*margin-left: 4%;*/
}

th.result { text-align: center; }
/* OXYGEN */


/* ------------------------------------------------------------------------ */
/*  DO NOT ALTER OR REMOVE COPYRIGHT NOTICES OR THIS COMMENT.               */
/*                                                                          */
/*  Copyright (c) 2008, 2010 Jeni Tennsion                                  */
/*                                                                          */
/*  The contents of this file are subject to the MIT License (see the URI   */
/*  http://www.opensource.org/licenses/mit-license.php for details).        */
/*                                                                          */
/*  Permission is hereby granted, free of charge, to any person obtaining   */
/*  a copy of this software and associated documentation files (the         */
/*  "Software"), to deal in the Software without restriction, including     */
/*  without limitation the rights to use, copy, modify, merge, publish,     */
/*  distribute, sublicense, and/or sell copies of the Software, and to      */
/*  permit persons to whom the Software is furnished to do so, subject to   */
/*  the following conditions:                                               */
/*                                                                          */
/*  The above copyright notice and this permission notice shall be          */
/*  included in all copies or substantial portions of the Software.         */
/*                                                                          */
/*  THE SOFTWARE IS PROVIDED "AS IS", WITHOUT WARRANTY OF ANY KIND,         */
/*  EXPRESS OR IMPLIED, INCLUDING BUT NOT LIMITED TO THE WARRANTIES OF      */
/*  MERCHANTABILITY, FITNESS FOR A PARTICULAR PURPOSE AND NONINFRINGEMENT.  */
/*  IN NO EVENT SHALL THE AUTHORS OR COPYRIGHT HOLDERS BE LIABLE FOR ANY    */
/*  CLAIM, DAMAGES OR OTHER LIABILITY, WHETHER IN AN ACTION OF CONTRACT,    */
/*  TORT OR OTHERWISE, ARISING FROM, OUT OF OR IN CONNECTION WITH THE       */
/*  SOFTWARE OR THE USE OR OTHER DEALINGS IN THE SOFTWARE.                  */
/* ------------------------------------------------------------------------ */

.nobr { white-space: nowrap; }
.scenario-label { text-indent: 0px; }
.context-label { text-indent: 10px; }
.test-label { text-indent: 20px; }
.pending-label { text-indent: 30px; }


        /**/</style>
    </head><body><h1>Test Report</h1><p>Script: <a>file:/home/jostein/xprocspec/src/test/xprocspec/tests/param-1.xprocspec</a></p><p>Tested: 2013-09-02T14:17:04.55+02:00</p><h2>Contents</h2><table><col/><col/><col/><col/><col/><col/><thead><tr><th/><th>passed:12</th><th>pending:0</th><th>failed:0</th><th>errors:0</th><th>total:12</th></tr></thead><tbody><tr><th><a>ex:identity</a></th><th>12</th><th>0</th><th>0</th><th>0</th><th>12</th></tr></tbody></table><div><h2>Calling: <a>ex:identity</a><span>passed:12 / pending:0 /
                                        failed:0 / errors:0 / total:12</span></h2><table><col/><col/><tbody><tr><th>identity - base-uri</th><th>passed:7 / pending:0 / failed:0 / errors:0 / total:7</th></tr><tr><th>errors</th><th>passed:1 / pending:0 / failed:0 / errors:0 / total:1</th></tr><tr><td>the step should execute successfully without throwing any errors</td><td>Success</td></tr><tr><th>the parameters</th><th>passed:6 / pending:0 / failed:0 / errors:0 / total:6</th></tr><tr><td>Parameters should be wrapped in a c:param-set element</td><td>Success</td></tr><tr><td>Parameters should not be wrapped in something other than a c:param-set element</td><td>Success</td></tr><tr><td>Parameters should be stored in c:param elements inside the root c:param-set element</td><td>Success</td></tr><tr><td>base-uri(.) should refer to the base URI of the xprocspec test document</td><td>Success</td></tr><tr><td>base-uri(/*) should refer to the base URI of the xprocspec test document</td><td>Success</td></tr><tr><td>base-uri() should refer to the base URI of the xprocspec test document</td><td>Success</td></tr><tr><th>identity - variables</th><th>passed:5 / pending:0 / failed:0 / errors:0 / total:5</th></tr><tr><th>errors</th><th>passed:1 / pending:0 / failed:0 / errors:0 / total:1</th></tr><tr><td>the step should execute successfully without throwing any errors</td><td>Success</td></tr><tr><th>the parameters</th><th>passed:4 / pending:0 / failed:0 / errors:0 / total:4</th></tr><tr><td>The $temp-dir variable should be available from both the x:param @select attribute and the x:expect @test attributes</td><td>Success</td></tr><tr><td>The $temp-dir variable should be available from both the @test and @equals attributes</td><td>Success</td></tr><tr><td>The $test-base-uri variable should be available from both the x:param @select attribute and the x:expect @test attributes</td><td>Success</td></tr><tr><td>The $test-base-uri variable should be available from both the @test and @equals attributes</td><td>Success</td></tr></tbody></table></div><h2>Execution log</h2><table><thead><tr><th>Time</th><th>Severity</th><th>Message</th></tr></thead><tbody><tr><td>0.000</td><td>INFO</td><td><code><pre>#### file:/home/jostein/xprocspec/src/test/xprocspec/tests/param-1.xprocspec ####</pre></code></td></tr><tr><td>0.005</td><td>INFO</td><td><code><pre> * temporary directory: file:/tmp/xprocspec-20130902141648008/</pre></code></td></tr><tr><td>0.009</td><td>INFO</td><td><code><pre>preprocessing...</pre></code></td></tr><tr><td>0.030</td><td>INFO</td><td><code><pre> * checking for imports</pre></code></td></tr><tr><td>0.035</td><td>INFO</td><td><code><pre> * checking file:/home/jostein/xprocspec/src/test/xprocspec/tests/param-1.xprocspec for imports</pre></code></td></tr><tr><td>0.041</td><td>INFO</td><td><code><pre> * extracting step declarations from file:/home/jostein/xprocspec/src/test/xprocspec/steps/identity.xpl</pre></code></td></tr><tr><td>0.047</td><td>INFO</td><td><code><pre> * tests reference 1 step</pre></code></td></tr><tr><td>0.052</td><td>INFO</td><td><code><pre>   * step: e:identity</pre></code></td></tr><tr><td>0.057</td><td>INFO</td><td><code><pre> * trying to load: file:/home/jostein/xprocspec/src/test/xprocspec/steps/identity.xpl</pre></code></td></tr><tr><td>0.064</td><td>INFO</td><td><code><pre>   * success!</pre></code></td></tr><tr><td>0.072</td><td>INFO</td><td><code><pre> * trying to extract the step declaration for {http://example.net/ns}identity from file:/home/jostein/xprocspec/src/test/xprocspec/steps/identity.xpl</pre></code></td></tr><tr><td>0.085</td><td>INFO</td><td><code><pre> * creating a new x:description document for each x:scenario element with inferred inputs, options and parameters</pre></code></td></tr><tr><td>0.103</td><td>INFO</td><td><code><pre> * validating output grammar</pre></code></td></tr><tr><td>0.118</td><td>INFO</td><td><code><pre> * validating output grammar</pre></code></td></tr><tr><td>0.130</td><td>INFO</td><td><code><pre>compiling...</pre></code></td></tr><tr><td>0.140</td><td>INFO</td><td><code><pre> * created directory using Calabash's cxf:mkdir</pre></code></td></tr><tr><td>0.147</td><td>INFO</td><td><code><pre> * converting test 'test1' to XProc</pre></code></td></tr><tr><td>0.164</td><td>INFO</td><td><code><pre>   * done</pre></code></td></tr><tr><td>0.172</td><td>INFO</td><td><code><pre> * validating output grammar for file:/home/jostein/xprocspec/src/test/xprocspec/tests/param-1.xprocspec</pre></code></td></tr><tr><td>0.186</td><td>INFO</td><td><code><pre>   * done!</pre></code></td></tr><tr><td>0.194</td><td>INFO</td><td><code><pre> * converting test 'test2' to XProc</pre></code></td></tr><tr><td>0.208</td><td>INFO</td><td><code><pre>   * done</pre></code></td></tr><tr><td>0.216</td><td>INFO</td><td><code><pre> * validating output grammar for file:/home/jostein/xprocspec/src/test/xprocspec/tests/param-1.xprocspec</pre></code></td></tr><tr><td>0.228</td><td>INFO</td><td><code><pre>   * done!</pre></code></td></tr><tr><td>0.236</td><td>INFO</td><td><code><pre> * using as temporary directory: file:/tmp/xprocspec-20130902141648008/xprocspec-20130902141703361/</pre></code></td></tr><tr><td>0.242</td><td>INFO</td><td><code><pre>storing...</pre></code></td></tr><tr><td>0.254</td><td>INFO</td><td><code><pre>running...</pre></code></td></tr><tr><td>0.264</td><td>INFO</td><td><code><pre>   * loading 'file:/tmp/xprocspec-20130902141648008/test1.xpl'</pre></code></td></tr><tr><td>0.332</td><td>INFO</td><td><code><pre>   * loading 'file:/tmp/xprocspec-20130902141648008/test2.xpl'</pre></code></td></tr><tr><td>0.396</td><td>INFO</td><td><code><pre>evaluating...</pre></code></td></tr><tr><td>0.409</td><td>INFO</td><td><code><pre> * evaluating scenario 'identity - base-uri' (file:/home/jostein/xprocspec/src/test/xprocspec/tests/param-1.xprocspec)</pre></code></td></tr><tr><td>0.416</td><td>INFO</td><td><code><pre>   * resolving x:document elements...</pre></code></td></tr><tr><td>0.425</td><td>INFO</td><td><code><pre>    * no errors occured</pre></code></td></tr><tr><td>0.450</td><td>INFO</td><td><code><pre>   * grouping x:expect elements with their x:context...</pre></code></td></tr><tr><td>0.459</td><td>INFO</td><td><code><pre>   * evaluating each context/expect group...</pre></code></td></tr><tr><td>0.467</td><td>INFO</td><td><code><pre>     * setting context to 'errors'</pre></code></td></tr><tr><td>0.474</td><td>INFO</td><td><code><pre>       * testing assertion 'the step should execute successfully without throwing any errors'</pre></code></td></tr><tr><td>0.481</td><td>INFO</td><td><code><pre>         * is document count assertion</pre></code></td></tr><tr><td>0.488</td><td>INFO</td><td><code><pre>         * assertion passed</pre></code></td></tr><tr><td>0.497</td><td>INFO</td><td><code><pre>     * setting context to 'the parameters'</pre></code></td></tr><tr><td>0.504</td><td>INFO</td><td><code><pre>       * testing assertion 'Parameters should be wrapped in a c:param-set element'</pre></code></td></tr><tr><td>0.511</td><td>INFO</td><td><code><pre>         * is xpath assertion</pre></code></td></tr><tr><td>0.519</td><td>INFO</td><td><code><pre>           * evaluating against context item #1</pre></code></td></tr><tr><td>0.527</td><td>INFO</td><td><code><pre>             * success</pre></code></td></tr><tr><td>0.535</td><td>INFO</td><td><code><pre>         * assertion passed</pre></code></td></tr><tr><td>0.544</td><td>INFO</td><td><code><pre>       * testing assertion 'Parameters should not be wrapped in something other than a c:param-set element'</pre></code></td></tr><tr><td>0.551</td><td>INFO</td><td><code><pre>         * is xpath assertion</pre></code></td></tr><tr><td>0.559</td><td>INFO</td><td><code><pre>           * evaluating against context item #1</pre></code></td></tr><tr><td>0.567</td><td>INFO</td><td><code><pre>             * success</pre></code></td></tr><tr><td>0.575</td><td>INFO</td><td><code><pre>         * assertion passed</pre></code></td></tr><tr><td>0.584</td><td>INFO</td><td><code><pre>       * testing assertion 'Parameters should be stored in c:param elements inside the root c:param-set element'</pre></code></td></tr><tr><td>0.592</td><td>INFO</td><td><code><pre>         * is xpath assertion</pre></code></td></tr><tr><td>0.600</td><td>INFO</td><td><code><pre>           * evaluating against context item #1</pre></code></td></tr><tr><td>0.609</td><td>INFO</td><td><code><pre>             * success</pre></code></td></tr><tr><td>0.688</td><td>INFO</td><td><code><pre>         * assertion passed</pre></code></td></tr><tr><td>0.698</td><td>INFO</td><td><code><pre>       * testing assertion 'base-uri(.) should refer to the base URI of the xprocspec test document'</pre></code></td></tr><tr><td>0.706</td><td>INFO</td><td><code><pre>         * is xpath assertion</pre></code></td></tr><tr><td>0.714</td><td>INFO</td><td><code><pre>           * evaluating against context item #1</pre></code></td></tr><tr><td>0.723</td><td>INFO</td><td><code><pre>             * success</pre></code></td></tr><tr><td>0.732</td><td>INFO</td><td><code><pre>         * assertion passed</pre></code></td></tr><tr><td>0.742</td><td>INFO</td><td><code><pre>       * testing assertion 'base-uri(/*) should refer to the base URI of the xprocspec test document'</pre></code></td></tr><tr><td>0.750</td><td>INFO</td><td><code><pre>         * is xpath assertion</pre></code></td></tr><tr><td>0.759</td><td>INFO</td><td><code><pre>           * evaluating against context item #1</pre></code></td></tr><tr><td>0.768</td><td>INFO</td><td><code><pre>             * success</pre></code></td></tr><tr><td>0.777</td><td>INFO</td><td><code><pre>         * assertion passed</pre></code></td></tr><tr><td>0.787</td><td>INFO</td><td><code><pre>       * testing assertion 'base-uri() should refer to the base URI of the xprocspec test document'</pre></code></td></tr><tr><td>0.796</td><td>INFO</td><td><code><pre>         * is xpath assertion</pre></code></td></tr><tr><td>0.805</td><td>INFO</td><td><code><pre>           * evaluating against context item #1</pre></code></td></tr><tr><td>0.815</td><td>INFO</td><td><code><pre>             * success</pre></code></td></tr><tr><td>0.824</td><td>INFO</td><td><code><pre>         * assertion passed</pre></code></td></tr><tr><td>0.850</td><td>INFO</td><td><code><pre> * evaluating scenario 'identity - variables' (file:/home/jostein/xprocspec/src/test/xprocspec/tests/param-1.xprocspec)</pre></code></td></tr><tr><td>0.861</td><td>INFO</td><td><code><pre>   * resolving x:document elements...</pre></code></td></tr><tr><td>0.872</td><td>INFO</td><td><code><pre>    * no errors occured</pre></code></td></tr><tr><td>0.898</td><td>INFO</td><td><code><pre>   * grouping x:expect elements with their x:context...</pre></code></td></tr><tr><td>0.909</td><td>INFO</td><td><code><pre>   * evaluating each context/expect group...</pre></code></td></tr><tr><td>0.918</td><td>INFO</td><td><code><pre>     * setting context to 'errors'</pre></code></td></tr><tr><td>0.928</td><td>INFO</td><td><code><pre>       * testing assertion 'the step should execute successfully without throwing any errors'</pre></code></td></tr><tr><td>0.937</td><td>INFO</td><td><code><pre>         * is document count assertion</pre></code></td></tr><tr><td>0.947</td><td>INFO</td><td><code><pre>         * assertion passed</pre></code></td></tr><tr><td>0.958</td><td>INFO</td><td><code><pre>     * setting context to 'the parameters'</pre></code></td></tr><tr><td>0.968</td><td>INFO</td><td><code><pre>       * testing assertion 'The $temp-dir variable should be available from both the x:param @select attribute and the x:expect @test attributes'</pre></code></td></tr><tr><td>0.977</td><td>INFO</td><td><code><pre>         * is xpath assertion</pre></code></td></tr><tr><td>0.987</td><td>INFO</td><td><code><pre>           * evaluating against context item #1</pre></code></td></tr><tr><td>0.997</td><td>INFO</td><td><code><pre>             * success</pre></code></td></tr><tr><td>1.007</td><td>INFO</td><td><code><pre>         * assertion passed</pre></code></td></tr><tr><td>1.019</td><td>INFO</td><td><code><pre>       * testing assertion 'The $temp-dir variable should be available from both the @test and @equals attributes'</pre></code></td></tr><tr><td>1.029</td><td>INFO</td><td><code><pre>         * is xpath assertion</pre></code></td></tr><tr><td>1.039</td><td>INFO</td><td><code><pre>           * evaluating against context item #1</pre></code></td></tr><tr><td>1.050</td><td>INFO</td><td><code><pre>             * success</pre></code></td></tr><tr><td>1.060</td><td>INFO</td><td><code><pre>         * assertion passed</pre></code></td></tr><tr><td>1.072</td><td>INFO</td><td><code><pre>       * testing assertion 'The $test-base-uri variable should be available from both the x:param @select attribute and the x:expect @test attributes'</pre></code></td></tr><tr><td>1.083</td><td>INFO</td><td><code><pre>         * is xpath assertion</pre></code></td></tr><tr><td>1.093</td><td>INFO</td><td><code><pre>           * evaluating against context item #1</pre></code></td></tr><tr><td>1.104</td><td>INFO</td><td><code><pre>             * success</pre></code></td></tr><tr><td>1.116</td><td>INFO</td><td><code><pre>         * assertion passed</pre></code></td></tr><tr><td>1.127</td><td>INFO</td><td><code><pre>       * testing assertion 'The $test-base-uri variable should be available from both the @test and @equals attributes'</pre></code></td></tr><tr><td>1.138</td><td>INFO</td><td><code><pre>         * is xpath assertion</pre></code></td></tr><tr><td>1.148</td><td>INFO</td><td><code><pre>           * evaluating against context item #1</pre></code></td></tr><tr><td>1.159</td><td>INFO</td><td><code><pre>             * success</pre></code></td></tr><tr><td>1.170</td><td>INFO</td><td><code><pre>         * assertion passed</pre></code></td></tr><tr><td>1.195</td><td>INFO</td><td><code><pre>reporting...</pre></code></td></tr></tbody></table><link/><script> </script><script>hljs.initHighlightingOnLoad();</script></body></html></x:document></x:output><x:output port="junit"><x:document xml:base="file:/home/jostein/xprocspec/src/main/resources/content/xml/xproc/report/report.xpl" type="inline"><testsuites><testsuite>
<properties>

<property/>
<property/>

<property/>
<property/>
<property/>
</properties>
<testcase><system-out>the step should execute successfully without throwing any errors: SUCCESS</system-out>
<system-err/></testcase><testcase><system-out>Parameters should be wrapped in a c:param-set element: SUCCESS</system-out>
<system-err/></testcase><testcase><system-out>Parameters should not be wrapped in something other than a c:param-set element: SUCCESS</system-out>
<system-err/></testcase><testcase><system-out>Parameters should be stored in c:param elements inside the root c:param-set element: SUCCESS</system-out>
<system-err/></testcase><testcase><system-out>base-uri(.) should refer to the base URI of the xprocspec test document: SUCCESS</system-out>
<system-err/></testcase><testcase><system-out>base-uri(/*) should refer to the base URI of the xprocspec test document: SUCCESS</system-out>
<system-err/></testcase><testcase><system-out>base-uri() should refer to the base URI of the xprocspec test document: SUCCESS</system-out>
<system-err/></testcase></testsuite><testsuite>
<properties>

<property/>
<property/>

<property/>
<property/>
</properties>
<testcase><system-out>the step should execute successfully without throwing any errors: SUCCESS</system-out>
<system-err/></testcase><testcase><system-out>The $temp-dir variable should be available from both the x:param @select attribute and the x:expect @test attributes: SUCCESS</system-out>
<system-err/></testcase><testcase><system-out>The $temp-dir variable should be available from both the @test and @equals attributes: SUCCESS</system-out>
<system-err/></testcase><testcase><system-out>The $test-base-uri variable should be available from both the x:param @select attribute and the x:expect @test attributes: SUCCESS</system-out>
<system-err/></testcase><testcase><system-out>The $test-base-uri variable should be available from both the @test and @equals attributes: SUCCESS</system-out>
<system-err/></testcase></testsuite></testsuites></x:document></x:output><x:test-result contextref="errors" result="passed" max="0" label="the step should execute successfully without throwing any errors" type="count">
                                                        <x:expected>At most 0 documents.</x:expected>
                                                    <x:was>0</x:was></x:test-result><x:test-result contextref="context12" result="passed" test="not(/*/@tests='0') and /*/@failures='0' and /*/@errors='0'" label="there should be at least one test, and none of the tests should fail" type="xpath">
                                                        <x:expected>XPath: true()
Value: </x:expected>
                                                    
                                                        <x:was>XPath: not(/*/@tests='0') and /*/@failures='0' and /*/@errors='0'
Value: </x:was>
                                                    </x:test-result></x:description><x:description xmlns:cx="http://xmlcalabash.com/ns/extensions" xmlns:c="http://www.w3.org/ns/xproc-step" xml:base="file:/home/jostein/xprocspec/src/test/xprocspec/test.xprocspec" test-base-uri="file:/home/jostein/xprocspec/src/test/xprocspec/test.xprocspec" script="file:/home/jostein/xprocspec/src/main/resources/content/xml/xproc/xprocspec.xpl" test-grammar="xprocspec" temp-dir="file:/tmp/xprocspec-20130902141648008/"><x:step-declaration><p:declare-step xmlns:p="http://www.w3.org/ns/xproc" xmlns:px="http://www.daisy.org/ns/xprocspec" xmlns:pxi="http://www.daisy.org/ns/xprocspec/xproc-internal/" xmlns:pkg="http://expath.org/ns/pkg" type="px:xprocspec" name="main" version="1.0" xpath-version="2.0" pkg:import-uri="http://www.daisy.org/ns/xprocspec/xprocspec.xpl" x:type="{http://www.daisy.org/ns/xprocspec}xprocspec"><p:input port="source" kind="document" sequence="false" primary="true"/><p:output port="result" kind="document" sequence="false" primary="false"><p:pipe port="result" step="report"/></p:output><p:output port="html" kind="document" sequence="false" primary="false"><p:pipe port="html" step="report"/></p:output><p:output port="junit" kind="document" sequence="false" primary="false"><p:pipe port="junit" step="report"/></p:output><p:option name="temp-dir" select="'file:/tmp/'"/></p:declare-step></x:step-declaration><x:scenario end-time="2013-09-02T12:17:04.908Z" pending="Not implemented" label="the context element" start-time="2013-09-02T12:17:04.907Z"><x:call x:type="{http://www.daisy.org/ns/xprocspec}xprocspec" step="x:xprocspec"><x:option select="$temp-dir" name="temp-dir" value=""/></x:call></x:scenario></x:description><x:description xmlns:cx="http://xmlcalabash.com/ns/extensions" xmlns:c="http://www.w3.org/ns/xproc-step" xml:base="file:/home/jostein/xprocspec/src/test/xprocspec/test.xprocspec" test-base-uri="file:/home/jostein/xprocspec/src/test/xprocspec/test.xprocspec" script="file:/home/jostein/xprocspec/src/main/resources/content/xml/xproc/xprocspec.xpl" test-grammar="xprocspec" temp-dir="file:/tmp/xprocspec-20130902141648008/"><x:step-declaration><p:declare-step xmlns:p="http://www.w3.org/ns/xproc" xmlns:px="http://www.daisy.org/ns/xprocspec" xmlns:pxi="http://www.daisy.org/ns/xprocspec/xproc-internal/" xmlns:pkg="http://expath.org/ns/pkg" type="px:xprocspec" name="main" version="1.0" xpath-version="2.0" pkg:import-uri="http://www.daisy.org/ns/xprocspec/xprocspec.xpl" x:type="{http://www.daisy.org/ns/xprocspec}xprocspec"><p:input port="source" kind="document" sequence="false" primary="true"/><p:output port="result" kind="document" sequence="false" primary="false"><p:pipe port="result" step="report"/></p:output><p:output port="html" kind="document" sequence="false" primary="false"><p:pipe port="html" step="report"/></p:output><p:output port="junit" kind="document" sequence="false" primary="false"><p:pipe port="junit" step="report"/></p:output><p:option name="temp-dir" select="'file:/tmp/'"/></p:declare-step></x:step-declaration><x:scenario end-time="2013-09-02T12:17:05.153Z" pending="Not implemented" label="the expect element" start-time="2013-09-02T12:17:05.152Z"><x:call x:type="{http://www.daisy.org/ns/xprocspec}xprocspec" step="x:xprocspec"><x:option select="$temp-dir" name="temp-dir" value=""/></x:call></x:scenario></x:description><x:description xmlns:cx="http://xmlcalabash.com/ns/extensions" xmlns:c="http://www.w3.org/ns/xproc-step" xml:base="file:/home/jostein/xprocspec/src/test/xprocspec/test.xprocspec" test-base-uri="file:/home/jostein/xprocspec/src/test/xprocspec/test.xprocspec" script="file:/home/jostein/xprocspec/src/main/resources/content/xml/xproc/xprocspec.xpl" test-grammar="xprocspec" temp-dir="file:/tmp/xprocspec-20130902141648008/"><x:step-declaration><p:declare-step xmlns:p="http://www.w3.org/ns/xproc" xmlns:px="http://www.daisy.org/ns/xprocspec" xmlns:pxi="http://www.daisy.org/ns/xprocspec/xproc-internal/" xmlns:pkg="http://expath.org/ns/pkg" type="px:xprocspec" name="main" version="1.0" xpath-version="2.0" pkg:import-uri="http://www.daisy.org/ns/xprocspec/xprocspec.xpl" x:type="{http://www.daisy.org/ns/xprocspec}xprocspec"><p:input port="source" kind="document" sequence="false" primary="true"/><p:output port="result" kind="document" sequence="false" primary="false"><p:pipe port="result" step="report"/></p:output><p:output port="html" kind="document" sequence="false" primary="false"><p:pipe port="html" step="report"/></p:output><p:output port="junit" kind="document" sequence="false" primary="false"><p:pipe port="junit" step="report"/></p:output><p:option name="temp-dir" select="'file:/tmp/'"/></p:declare-step></x:step-declaration><x:scenario end-time="2013-09-02T12:17:05.39Z" pending="Not implemented" label="the document element" start-time="2013-09-02T12:17:05.389Z"><x:call x:type="{http://www.daisy.org/ns/xprocspec}xprocspec" step="x:xprocspec"><x:option select="$temp-dir" name="temp-dir" value=""/></x:call></x:scenario></x:description><x:description xmlns:cx="http://xmlcalabash.com/ns/extensions" xmlns:c="http://www.w3.org/ns/xproc-step" xml:base="file:/home/jostein/xprocspec/src/test/xprocspec/test.xprocspec" test-base-uri="file:/home/jostein/xprocspec/src/test/xprocspec/test.xprocspec" script="file:/home/jostein/xprocspec/src/main/resources/content/xml/xproc/xprocspec.xpl" test-grammar="xprocspec" temp-dir="file:/tmp/xprocspec-20130902141648008/"><x:step-declaration><p:declare-step xmlns:p="http://www.w3.org/ns/xproc" xmlns:px="http://www.daisy.org/ns/xprocspec" xmlns:pxi="http://www.daisy.org/ns/xprocspec/xproc-internal/" xmlns:pkg="http://expath.org/ns/pkg" type="px:xprocspec" name="main" version="1.0" xpath-version="2.0" pkg:import-uri="http://www.daisy.org/ns/xprocspec/xprocspec.xpl" x:type="{http://www.daisy.org/ns/xprocspec}xprocspec"><p:input port="source" kind="document" sequence="false" primary="true"/><p:output port="result" kind="document" sequence="false" primary="false"><p:pipe port="result" step="report"/></p:output><p:output port="html" kind="document" sequence="false" primary="false"><p:pipe port="html" step="report"/></p:output><p:output port="junit" kind="document" sequence="false" primary="false"><p:pipe port="junit" step="report"/></p:output><p:option name="temp-dir" select="'file:/tmp/'"/></p:declare-step></x:step-declaration><x:scenario end-time="2013-09-02T12:17:05.717Z" pending="Not implemented" label="the pending element" start-time="2013-09-02T12:17:05.716Z"><x:call x:type="{http://www.daisy.org/ns/xprocspec}xprocspec" step="x:xprocspec"><x:option select="$temp-dir" name="temp-dir" value=""/></x:call></x:scenario></x:description></x:test-report>