<testsuites tests="21" failures="0" time="18.096" errors="0" name="test"><testsuite timestamp="2013-08-21T15:24:12.398Z" hostname="localhost" tests="2" errors="0" failures="0" skipped="0" id="d11650e1" name="theDescriptionElement" package="http://www.daisy.org/ns/xprocspec" time="1.334">
<properties><property name="input: source" value="&lt;declare-step xmlns=&#34;http://www.w3.org/ns/xproc&#34; ...&gt;...&lt;/declare-step&gt; (Base URI: file:/home/jostein/xprocspec/src/test/xprocspec/test.xprocspec)"/>

<property name="option: temp-dir" value="file:/tmp/xprocspec-20130821172355976/"/>

</properties>
<testcase name="thereShouldBe3Tests" classname="xprocspec" assertions="1" time="0" status="SUCCESS"><system-out>there should be 3 tests: SUCCESS</system-out>
<system-err/></testcase><testcase name="oneOfTheTestsShouldBePending" classname="xprocspec" assertions="1" time="0" status="SUCCESS"><system-out>one of the tests should be pending: SUCCESS</system-out>
<system-err/></testcase></testsuite><testsuite timestamp="2013-08-21T15:24:12.42Z" hostname="localhost" tests="1" errors="0" failures="0" skipped="0" id="d11662e1" name="theImportElementTwoImports" package="http://www.daisy.org/ns/xprocspec" time="1.558">
<properties><property name="input: source" value="&lt;declare-step xmlns=&#34;http://www.w3.org/ns/xproc&#34; ...&gt;...&lt;/declare-step&gt; (Base URI: file:/home/jostein/xprocspec/src/test/xprocspec/test.xprocspec)"/>

<property name="option: temp-dir" value="file:/tmp/xprocspec-20130821172355976/"/>

</properties>
<testcase name="thereShouldBe3Tests" classname="xprocspec" assertions="1" time="0" status="SUCCESS"><system-out>there should be 3 tests: SUCCESS</system-out>
<system-err/></testcase></testsuite><testsuite timestamp="2013-08-21T15:24:12.438Z" hostname="localhost" tests="1" errors="0" failures="0" skipped="0" id="d11673e1" name="theImportElementOneImportWithOneImport" package="http://www.daisy.org/ns/xprocspec" time="1.154">
<properties><property name="input: source" value="&lt;declare-step xmlns=&#34;http://www.w3.org/ns/xproc&#34; ...&gt;...&lt;/declare-step&gt; (Base URI: file:/home/jostein/xprocspec/src/test/xprocspec/test.xprocspec)"/>

<property name="option: temp-dir" value="file:/tmp/xprocspec-20130821172355976/"/>

</properties>
<testcase name="thereShouldBe3Tests" classname="xprocspec" assertions="1" time="0" status="SUCCESS"><system-out>there should be 3 tests: SUCCESS</system-out>
<system-err/></testcase></testsuite><testsuite timestamp="2013-08-21T15:24:12.457Z" hostname="localhost" tests="1" errors="0" failures="0" skipped="0" id="d11684e1" name="theImportElementCircularImports" package="http://www.daisy.org/ns/xprocspec" time="0.734">
<properties><property name="input: source" value="&lt;declare-step xmlns=&#34;http://www.w3.org/ns/xproc&#34; ...&gt;...&lt;/declare-step&gt; (Base URI: file:/home/jostein/xprocspec/src/test/xprocspec/test.xprocspec)"/>

<property name="option: temp-dir" value="file:/tmp/xprocspec-20130821172355976/"/>

</properties>
<testcase name="thereShouldBe2Tests" classname="xprocspec" assertions="1" time="0" status="SUCCESS"><system-out>there should be 2 tests: SUCCESS</system-out>
<system-err/></testcase></testsuite><testsuite timestamp="2013-08-21T15:24:12.473Z" hostname="localhost" tests="2" errors="0" failures="0" skipped="0" id="d11693e1" name="theScenarioElementWithPendingAttribute" package="http://www.daisy.org/ns/xprocspec" time="0.633">
<properties><property name="input: source" value="&lt;declare-step xmlns=&#34;http://www.w3.org/ns/xproc&#34; ...&gt;...&lt;/declare-step&gt; (Base URI: file:/home/jostein/xprocspec/src/test/xprocspec/test.xprocspec)"/>

<property name="option: temp-dir" value="file:/tmp/xprocspec-20130821172355976/"/>

</properties>
<testcase name="thereShouldBe2Tests" classname="xprocspec" assertions="1" time="0" status="SUCCESS"><system-out>there should be 2 tests: SUCCESS</system-out>
<system-err/></testcase><testcase name="thereShouldBeASkippedTest" classname="xprocspec" assertions="1" time="0" status="SUCCESS"><system-out>there should be a skipped test: SUCCESS</system-out>
<system-err/></testcase></testsuite><testsuite timestamp="2013-08-21T15:24:12.494Z" hostname="localhost" tests="1" errors="0" failures="0" skipped="0" id="d11702e1" name="theScenarioElementWithTwoChildScenariosOneOfWhichHasAnotherChildScenario" package="http://www.daisy.org/ns/xprocspec" time="1.036">
<properties><property name="input: source" value="&lt;declare-step xmlns=&#34;http://www.w3.org/ns/xproc&#34; ...&gt;...&lt;/declare-step&gt; (Base URI: file:/home/jostein/xprocspec/src/test/xprocspec/test.xprocspec)"/>

<property name="option: temp-dir" value="file:/tmp/xprocspec-20130821172355976/"/>

</properties>
<testcase name="thereShouldBe3Tests" classname="xprocspec" assertions="1" time="0" status="SUCCESS"><system-out>there should be 3 tests: SUCCESS</system-out>
<system-err/></testcase></testsuite><testsuite timestamp="2013-08-21T15:24:12.512Z" hostname="localhost" tests="1" errors="0" failures="0" skipped="0" id="d11713e1" name="theCallElementInheritFromCallElementsInAncestorScenarios" package="http://www.daisy.org/ns/xprocspec" time="0.977">
<properties><property name="input: source" value="&lt;declare-step xmlns=&#34;http://www.w3.org/ns/xproc&#34; ...&gt;...&lt;/declare-step&gt; (Base URI: file:/home/jostein/xprocspec/src/test/xprocspec/test.xprocspec)"/>

<property name="option: temp-dir" value="file:/tmp/xprocspec-20130821172355976/"/>

</properties>
<testcase name="thereShouldBe2Tests" classname="xprocspec" assertions="1" time="0" status="SUCCESS"><system-out>there should be 2 tests: SUCCESS</system-out>
<system-err/></testcase></testsuite><testsuite timestamp="2013-08-21T15:24:12.529Z" hostname="localhost" tests="2" errors="0" failures="0" skipped="0" id="d11722e1" name="theCallElementStepAttributePointingToStepDeclaredInAnXProcLibrary" package="http://www.daisy.org/ns/xprocspec" time="0.301">
<properties><property name="input: source" value="&lt;declare-step xmlns=&#34;http://www.w3.org/ns/xproc&#34; ...&gt;...&lt;/declare-step&gt; (Base URI: file:/home/jostein/xprocspec/src/test/xprocspec/test.xprocspec)"/>

<property name="option: temp-dir" value="file:/tmp/xprocspec-20130821172355976/"/>

</properties>
<testcase name="thereShouldBe1Test" classname="xprocspec" assertions="1" time="0" status="SUCCESS"><system-out>there should be 1 test: SUCCESS</system-out>
<system-err/></testcase><testcase name="theTestShouldSucceed" classname="xprocspec" assertions="1" time="0" status="SUCCESS"><system-out>the test should succeed: SUCCESS</system-out>
<system-err/></testcase></testsuite><testsuite timestamp="2013-08-21T15:24:12.547Z" hostname="localhost" tests="2" errors="0" failures="0" skipped="0" id="d11731e1" name="theCallElementTwoDifferentScenariosTestingDifferentStepsInTheSameLibrary" package="http://www.daisy.org/ns/xprocspec" time="0.469">
<properties><property name="input: source" value="&lt;declare-step xmlns=&#34;http://www.w3.org/ns/xproc&#34; ...&gt;...&lt;/declare-step&gt; (Base URI: file:/home/jostein/xprocspec/src/test/xprocspec/test.xprocspec)"/>

<property name="option: temp-dir" value="file:/tmp/xprocspec-20130821172355976/"/>

</properties>
<testcase name="thereShouldBe2Tests" classname="xprocspec" assertions="1" time="0" status="SUCCESS"><system-out>there should be 2 tests: SUCCESS</system-out>
<system-err/></testcase><testcase name="theTestsShouldSucceed" classname="xprocspec" assertions="1" time="0" status="SUCCESS"><system-out>the tests should succeed: SUCCESS</system-out>
<system-err/></testcase></testsuite><testsuite timestamp="2013-08-21T15:24:12.561Z" hostname="localhost" tests="1" errors="0" failures="0" skipped="1" id="d11742e1" name="theInputElementEmptySequence" time="0.001">
<properties>


</properties>
<testcase name="pendingScenario-theInputElementEmptySequence" classname="pendingScenario" assertions="1" time="0"><skipped type="xprocspec.skip" message="Not implemented">Not implemented</skipped><system-out>the input element - empty sequence: SKIPPED</system-out></testcase></testsuite><testsuite timestamp="2013-08-21T15:24:12.574Z" hostname="localhost" tests="1" errors="0" failures="0" skipped="1" id="d11745e1" name="theInputElementSequenceOfTwoDocuments" time="0.001">
<properties>


</properties>
<testcase name="pendingScenario-theInputElementSequenceOfTwoDocuments" classname="pendingScenario" assertions="1" time="0"><skipped type="xprocspec.skip" message="Not implemented">Not implemented</skipped><system-out>the input element - sequence of two documents: SKIPPED</system-out></testcase></testsuite><testsuite timestamp="2013-08-21T15:24:12.587Z" hostname="localhost" tests="1" errors="0" failures="0" skipped="1" id="d11748e1" name="theOptionElement" time="0.001">
<properties>


</properties>
<testcase name="pendingScenario-theOptionElement" classname="pendingScenario" assertions="1" time="0"><skipped type="xprocspec.skip" message="Not implemented">Not implemented</skipped><system-out>the option element: SKIPPED</system-out></testcase></testsuite><testsuite timestamp="2013-08-21T15:24:12.599Z" hostname="localhost" tests="1" errors="0" failures="0" skipped="1" id="d11751e1" name="theParamElement" time="0.001">
<properties>


</properties>
<testcase name="pendingScenario-theParamElement" classname="pendingScenario" assertions="1" time="0"><skipped type="xprocspec.skip" message="Not implemented">Not implemented</skipped><system-out>the param element: SKIPPED</system-out></testcase></testsuite><testsuite timestamp="2013-08-21T15:24:12.611Z" hostname="localhost" tests="1" errors="0" failures="0" skipped="1" id="d11754e1" name="theContextElement" time="0.001">
<properties>


</properties>
<testcase name="pendingScenario-theContextElement" classname="pendingScenario" assertions="1" time="0"><skipped type="xprocspec.skip" message="Not implemented">Not implemented</skipped><system-out>the context element: SKIPPED</system-out></testcase></testsuite><testsuite timestamp="2013-08-21T15:24:12.622Z" hostname="localhost" tests="1" errors="0" failures="0" skipped="1" id="d11757e1" name="theExpectElement" time="0.001">
<properties>


</properties>
<testcase name="pendingScenario-theExpectElement" classname="pendingScenario" assertions="1" time="0"><skipped type="xprocspec.skip" message="Not implemented">Not implemented</skipped><system-out>the expect element: SKIPPED</system-out></testcase></testsuite><testsuite timestamp="2013-08-21T15:24:12.632Z" hostname="localhost" tests="1" errors="0" failures="0" skipped="1" id="d11760e1" name="theDocumentElement" time="0.001">
<properties>


</properties>
<testcase name="pendingScenario-theDocumentElement" classname="pendingScenario" assertions="1" time="0"><skipped type="xprocspec.skip" message="Not implemented">Not implemented</skipped><system-out>the document element: SKIPPED</system-out></testcase></testsuite><testsuite timestamp="2013-08-21T15:24:12.643Z" hostname="localhost" tests="1" errors="0" failures="0" skipped="1" id="d11763e1" name="thePendingElement" time="0.001">
<properties>


</properties>
<testcase name="pendingScenario-thePendingElement" classname="pendingScenario" assertions="1" time="0"><skipped type="xprocspec.skip" message="Not implemented">Not implemented</skipped><system-out>the pending element: SKIPPED</system-out></testcase></testsuite></testsuites>